/tmp/linux.click:2: While initializing 'from :: FromDevice':
  warning: ens7: no IPv4 address assigned
Rx rate: 0
While executing 'Script@4 :: Script':
  no 'from.reset' write handler
Rx rate: 874338.926174
While executing 'Script@4 :: Script':
  no 'from.reset' write handler
Rx rate: 892280.439122
While executing 'Script@4 :: Script':
  no 'from.reset' write handler
Rx rate: 957337.662338
While executing 'Script@4 :: Script':
  no 'from.reset' write handler
Rx rate: 946895
While executing 'Script@4 :: Script':
  no 'from.reset' write handler
Rx rate: 939934.197408
While executing 'Script@4 :: Script':
  no 'from.reset' write handler
Rx rate: 917492.507493
While executing 'Script@4 :: Script':
  no 'from.reset' write handler
Rx rate: 950658
While executing 'Script@4 :: Script':
  no 'from.reset' write handler
Rx rate: 927131.736527
While executing 'Script@4 :: Script':
  no 'from.reset' write handler
Rx rate: 947372
While executing 'Script@4 :: Script':
  no 'from.reset' write handler
Rx rate: 954801
While executing 'Script@4 :: Script':
  no 'from.reset' write handler
Rx rate: 925811.188811
While executing 'Script@4 :: Script':
  no 'from.reset' write handler
Rx rate: 937839
While executing 'Script@4 :: Script':
  no 'from.reset' write handler
Rx rate: 945220
While executing 'Script@4 :: Script':
  no 'from.reset' write handler
Rx rate: 925015
While executing 'Script@4 :: Script':
  no 'from.reset' write handler
Rx rate: 953975.024975
While executing 'Script@4 :: Script':
  no 'from.reset' write handler
Rx rate: 952470
While executing 'Script@4 :: Script':
  no 'from.reset' write handler
Rx rate: 911025.974026
While executing 'Script@4 :: Script':
  no 'from.reset' write handler
Rx rate: 946350
While executing 'Script@4 :: Script':
  no 'from.reset' write handler
Rx rate: 947487
While executing 'Script@4 :: Script':
  no 'from.reset' write handler
Rx rate: 954025
While executing 'Script@4 :: Script':
  no 'from.reset' write handler
Rx rate: 905477.522478
While executing 'Script@4 :: Script':
  no 'from.reset' write handler
Rx rate: 949490
While executing 'Script@4 :: Script':
  no 'from.reset' write handler
Rx rate: 948327
While executing 'Script@4 :: Script':
  no 'from.reset' write handler
Rx rate: 896664.335664
While executing 'Script@4 :: Script':
  no 'from.reset' write handler
Rx rate: 945607
While executing 'Script@4 :: Script':
  no 'from.reset' write handler
Rx rate: 957003
While executing 'Script@4 :: Script':
  no 'from.reset' write handler
Rx rate: 859103
While executing 'Script@4 :: Script':
  no 'from.reset' write handler
Rx rate: 948666
While executing 'Script@4 :: Script':
  no 'from.reset' write handler
Rx rate: 951771
While executing 'Script@4 :: Script':
  no 'from.reset' write handler
Rx rate: 947767.232767
While executing 'Script@4 :: Script':
  no 'from.reset' write handler
Rx rate: 945214
While executing 'Script@4 :: Script':
  no 'from.reset' write handler
Rx rate: 952211
While executing 'Script@4 :: Script':
  no 'from.reset' write handler
Rx rate: 944313
While executing 'Script@4 :: Script':
  no 'from.reset' write handler
Rx rate: 949794.794795
While executing 'Script@4 :: Script':
  no 'from.reset' write handler
Rx rate: 948455
While executing 'Script@4 :: Script':
  no 'from.reset' write handler
Rx rate: 947161
While executing 'Script@4 :: Script':
  no 'from.reset' write handler
Rx rate: 954543
While executing 'Script@4 :: Script':
  no 'from.reset' write handler
Rx rate: 945558
While executing 'Script@4 :: Script':
  no 'from.reset' write handler
Rx rate: 951341.658342
While executing 'Script@4 :: Script':
  no 'from.reset' write handler
Rx rate: 949363
While executing 'Script@4 :: Script':
  no 'from.reset' write handler
Rx rate: 952082
While executing 'Script@4 :: Script':
  no 'from.reset' write handler
Rx rate: 944413.586414
While executing 'Script@4 :: Script':
  no 'from.reset' write handler
Rx rate: 949229
While executing 'Script@4 :: Script':
  no 'from.reset' write handler
Rx rate: 943276
While executing 'Script@4 :: Script':
  no 'from.reset' write handler
Rx rate: 948327
While executing 'Script@4 :: Script':
  no 'from.reset' write handler
Rx rate: 957129
While executing 'Script@4 :: Script':
  no 'from.reset' write handler
Rx rate: 947288
While executing 'Script@4 :: Script':
  no 'from.reset' write handler
Rx rate: 942573
While executing 'Script@4 :: Script':
  no 'from.reset' write handler
Rx rate: 945767
While executing 'Script@4 :: Script':
  no 'from.reset' write handler
Rx rate: 950003
While executing 'Script@4 :: Script':
  no 'from.reset' write handler
Rx rate: 947507.492507
While executing 'Script@4 :: Script':
  no 'from.reset' write handler
Rx rate: 950813
While executing 'Script@4 :: Script':
  no 'from.reset' write handler
Rx rate: 945606
While executing 'Script@4 :: Script':
  no 'from.reset' write handler
Rx rate: 949490
While executing 'Script@4 :: Script':
  no 'from.reset' write handler
Rx rate: 946385
While executing 'Script@4 :: Script':
  no 'from.reset' write handler
Rx rate: 946303.393214
While executing 'Script@4 :: Script':
  no 'from.reset' write handler
Rx rate: 952857
While executing 'Script@4 :: Script':
  no 'from.reset' write handler
Rx rate: 903503.496503
While executing 'Script@4 :: Script':
  no 'from.reset' write handler
Rx rate: 946313.686314
While executing 'Script@4 :: Script':
  no 'from.reset' write handler
Rx rate: 935246
While executing 'Script@4 :: Script':
  no 'from.reset' write handler
Rx rate: 942494
While executing 'Script@4 :: Script':
  no 'from.reset' write handler
Rx rate: 945554
While executing 'Script@4 :: Script':
  no 'from.reset' write handler
Rx rate: 946510
While executing 'Script@4 :: Script':
  no 'from.reset' write handler
Rx rate: 950138
While executing 'Script@4 :: Script':
  no 'from.reset' write handler
Rx rate: 950786
While executing 'Script@4 :: Script':
  no 'from.reset' write handler
Rx rate: 944823
While executing 'Script@4 :: Script':
  no 'from.reset' write handler
Rx rate: 948973
While executing 'Script@4 :: Script':
  no 'from.reset' write handler
Rx rate: 942209
While executing 'Script@4 :: Script':
  no 'from.reset' write handler
Rx rate: 944518
While executing 'Script@4 :: Script':
  no 'from.reset' write handler
Rx rate: 939133
While executing 'Script@4 :: Script':
  no 'from.reset' write handler
Rx rate: 946124
While executing 'Script@4 :: Script':
  no 'from.reset' write handler
Rx rate: 941139
While executing 'Script@4 :: Script':
  no 'from.reset' write handler
AUTOTEST_DONE
