                                                                mpps                                                                      
                                                               count      mean       std       min       25%       50%       75%       max
repetitions num_vms direction interface size vnf    system                                                                                
3           1       rx        vpp       64   empty  linux      207.0  0.894625  0.012448  0.818079  0.890821  0.896225  0.901359  0.931104
                                                    uk         116.0  3.191625  0.071909  3.080585  3.131700  3.176834  3.243626  3.347433
                                                    ukebpfjit  117.0  3.157737  0.065203  3.049824  3.103620  3.150878  3.202390  3.320586
                                             filter linux      207.0  0.846211  0.012223  0.800803  0.842010  0.847302  0.853196  0.869980
                                                    uk         116.0  2.627343  0.032728  2.568805  2.597376  2.619414  2.654016  2.703855
                                                    ukebpfjit  109.0  2.554658  0.036401  2.494618  2.528771  2.548033  2.576790  2.657670
                                             ids    linux      207.0  0.688123  0.009850  0.643965  0.685460  0.689717  0.693537  0.710696
                                                    uk         112.0  1.775118  0.014082  1.735805  1.766067  1.772784  1.784159  1.807833
                                                    ukebpfjit  117.0  1.775290  0.017856  1.742868  1.761096  1.774714  1.786884  1.816358
                                             nat    linux      204.0  0.416687  0.005955  0.388310  0.413517  0.417040  0.420685  0.430950
                                                    uk         107.0  2.913150  1.043058  0.204678  2.494230  3.398129  3.569734  6.131962
                                        256  empty  linux      207.0  0.937697  0.012538  0.859103  0.932220  0.939743  0.946212  0.957129
                                                    uk         110.0  2.750603  0.051442  2.667569  2.712133  2.742164  2.786921  2.879130
                                                    ukebpfjit  106.0  2.738301  0.078981  2.464040  2.700773  2.736573  2.791810  2.896317
                                             filter linux      207.0  0.875790  0.011874  0.798237  0.872311  0.876501  0.882154  0.899652
                                                    uk         107.0  2.318715  0.082644  2.107342  2.280595  2.346024  2.368322  2.428374
                                                    ukebpfjit  109.0  2.261900  0.070268  2.037807  2.224977  2.277546  2.311383  2.375131
                                             ids    linux      207.0  0.411788  0.007306  0.374140  0.408961  0.412717  0.416343  0.422429
                                                    uk          34.0  0.856888  0.005461  0.846556  0.852067  0.859247  0.860712  0.862401
                                                    ukebpfjit   37.0  0.859637  0.003761  0.855167  0.856874  0.857617  0.864027  0.866472
                                             nat    linux      204.0  0.431502  0.005349  0.404170  0.429861  0.432250  0.434609  0.440700
                                                    uk          92.0  2.909611  0.786221  0.295762  2.700577  3.116268  3.187403  4.945272
                                        1024 empty  linux      207.0  0.961666  0.010933  0.902748  0.959840  0.962703  0.964980  0.993889
                                                    uk         201.0  1.195232  0.000970  1.192129  1.194744  1.195883  1.195941  1.196040
                                                    ukebpfjit  201.0  1.195265  0.001019  1.191178  1.194736  1.195900  1.195935  1.196308
                                             filter linux      207.0  0.926744  0.010381  0.865578  0.924506  0.928804  0.931882  0.951133
                                                    uk         201.0  1.195154  0.000923  1.192102  1.194634  1.195774  1.195823  1.195905
                                                    ukebpfjit  201.0  1.190310  0.001022  1.184065  1.189896  1.190436  1.191066  1.192428
                                             ids    linux      207.0  0.105678  0.002029  0.098679  0.103807  0.106343  0.107226  0.112944
                                                    uk          23.0  0.321603  0.001815  0.318365  0.320157  0.321293  0.323413  0.323511
                                                    ukebpfjit   21.0  0.322076  0.001114  0.320234  0.320559  0.322698  0.322829  0.322925
                                             nat    linux      204.0  0.646725  0.011820  0.596180  0.641070  0.642720  0.658936  0.665436
                                                    uk         201.0  1.180029  0.102372  0.253900  1.196831  1.197589  1.197834  1.201337
                                        1518 empty  linux      207.0  0.812755  0.000808  0.807287  0.812596  0.813065  0.813240  0.814111
                                                    uk         201.0  0.814509  0.000775  0.808572  0.814179  0.814871  0.814906  0.815584
                                                    ukebpfjit  201.0  0.814536  0.000720  0.811182  0.814326  0.814895  0.814933  0.814987
                                             filter linux      207.0  0.812624  0.001310  0.803788  0.812556  0.813115  0.813254  0.813478
                                                    uk         201.0  0.814423  0.000664  0.812137  0.814036  0.814817  0.814858  0.814924
                                                    ukebpfjit  201.0  0.811207  0.000879  0.807284  0.810931  0.811458  0.811658  0.813118
                                             ids    linux      207.0  0.121606  0.000916  0.116550  0.121350  0.121867  0.122118  0.122967
                                                    uk          17.0  0.232021  0.000601  0.231128  0.231454  0.232039  0.232602  0.232852
                                                    ukebpfjit   15.0  0.232315  0.000585  0.231137  0.232294  0.232510  0.232711  0.232888
                                             nat    linux      204.0  0.773268  0.005572  0.743275  0.770770  0.772590  0.777806  0.786240
                                                    uk         201.0  0.799563  0.099713  0.025033  0.815310  0.815506  0.815670  0.816341
                    tx        vpp       64   empty  linux      204.0  0.713092  0.002869  0.702465  0.711592  0.714109  0.715038  0.717961
                                                    uk         204.0  0.713939  0.005406  0.670566  0.714204  0.714961  0.715790  0.717736
                                                    ukebpfjit  204.0  0.712925  0.005381  0.672903  0.711986  0.714507  0.715269  0.718430
                                             filter linux      204.0  0.713721  0.003021  0.700796  0.713020  0.714705  0.715671  0.718957
                                                    uk         204.0  0.712169  0.005354  0.674197  0.711129  0.713427  0.714768  0.717551
                                                    ukebpfjit  204.0  0.713284  0.003635  0.690311  0.712178  0.714288  0.715364  0.717388
                                             ids    linux      204.0  0.616648  0.004120  0.604677  0.613663  0.616974  0.620230  0.625823
                                                    uk         204.0  0.712759  0.005576  0.674326  0.711390  0.714399  0.715710  0.718491
                                                    ukebpfjit  204.0  0.712999  0.005634  0.672577  0.711926  0.714726  0.715831  0.717934
                                        256  empty  linux      204.0  0.714162  0.002070  0.706210  0.713788  0.714647  0.715311  0.717858
                                                    uk         204.0  0.712591  0.005494  0.670777  0.712686  0.713737  0.714732  0.717726
                                                    ukebpfjit  204.0  0.711821  0.005538  0.671290  0.710811  0.712951  0.714155  0.717195
                                             filter linux      204.0  0.711746  0.003233  0.701786  0.710329  0.712940  0.714034  0.716541
                                                    uk         204.0  0.711047  0.005403  0.672364  0.709520  0.712569  0.713941  0.715925
                                                    ukebpfjit  204.0  0.711468  0.003143  0.688023  0.711278  0.712233  0.712973  0.715396
                                             ids    linux      204.0  0.471435  0.004384  0.461464  0.467473  0.471965  0.474960  0.483256
                                                    uk         204.0  0.683933  0.005371  0.641626  0.682471  0.684286  0.686748  0.689779
                                                    ukebpfjit  204.0  0.680828  0.006221  0.655659  0.675123  0.680489  0.687441  0.691626
                                        1024 empty  linux      204.0  0.711253  0.002889  0.699462  0.710259  0.711959  0.712968  0.716333
                                                    uk         204.0  0.711299  0.005449  0.668866  0.711470  0.712278  0.713326  0.715507
                                                    ukebpfjit  204.0  0.711533  0.005229  0.673310  0.711749  0.712744  0.713556  0.715409
                                             filter linux      204.0  0.702844  0.010715  0.677514  0.691295  0.708638  0.710992  0.715866
                                                    uk         204.0  0.710836  0.005293  0.672436  0.710926  0.711986  0.712647  0.715583
                                                    ukebpfjit  204.0  0.710664  0.003684  0.689651  0.709142  0.711526  0.713089  0.716285
                                             ids    linux      204.0  0.237961  0.001484  0.232814  0.237070  0.237932  0.238915  0.242080
                                                    uk         204.0  0.294136  0.002099  0.278259  0.293928  0.294332  0.294872  0.296275
                                                    ukebpfjit  204.0  0.293925  0.002148  0.276874  0.293903  0.294230  0.294549  0.295693
                                        1518 empty  linux      204.0  0.700099  0.006006  0.686159  0.695553  0.699902  0.705050  0.712450
                                                    uk         204.0  0.709676  0.005141  0.669615  0.708657  0.710706  0.712102  0.715115
                                                    ukebpfjit  204.0  0.709666  0.005506  0.671502  0.708597  0.711210  0.712317  0.715171
                                             filter linux      204.0  0.701996  0.003174  0.689448  0.700027  0.702245  0.704303  0.708584
                                                    uk         204.0  0.710438  0.005050  0.671011  0.710478  0.711155  0.712275  0.715447
                                                    ukebpfjit  204.0  0.710572  0.002919  0.691644  0.710417  0.711244  0.711994  0.714706
                                             ids    linux      204.0  0.184798  0.000939  0.181255  0.184177  0.184831  0.185431  0.187289
                                                    uk         204.0  0.221388  0.001538  0.208766  0.221176  0.221661  0.222002  0.222719
                                                    ukebpfjit  204.0  0.221523  0.001621  0.208667  0.221000  0.221884  0.222333  0.222869