Rx rate: 0
While executing 'Script@4 :: Script':
  no 'from.reset' write handler
Rx rate: 901035.294118
While executing 'Script@4 :: Script':
  no 'from.reset' write handler
Rx rate: 895900.0999
While executing 'Script@4 :: Script':
  no 'from.reset' write handler
Rx rate: 899122.877123
While executing 'Script@4 :: Script':
  no 'from.reset' write handler
Rx rate: 898727
While executing 'Script@4 :: Script':
  no 'from.reset' write handler
Rx rate: 902750.747757
While executing 'Script@4 :: Script':
  no 'from.reset' write handler
Rx rate: 896791.208791
While executing 'Script@4 :: Script':
  no 'from.reset' write handler
Rx rate: 904007
While executing 'Script@4 :: Script':
  no 'from.reset' write handler
Rx rate: 902355.644356
While executing 'Script@4 :: Script':
  no 'from.reset' write handler
Rx rate: 899015.936255
While executing 'Script@4 :: Script':
  no 'from.reset' write handler
Rx rate: 898987
While executing 'Script@4 :: Script':
  no 'from.reset' write handler
Rx rate: 897381
While executing 'Script@4 :: Script':
  no 'from.reset' write handler
Rx rate: 867545
While executing 'Script@4 :: Script':
  no 'from.reset' write handler
Rx rate: 900023
While executing 'Script@4 :: Script':
  no 'from.reset' write handler
Rx rate: 907792
While executing 'Script@4 :: Script':
  no 'from.reset' write handler
Rx rate: 907142
While executing 'Script@4 :: Script':
  no 'from.reset' write handler
Rx rate: 913623
While executing 'Script@4 :: Script':
  no 'from.reset' write handler
Rx rate: 931104
While executing 'Script@4 :: Script':
  no 'from.reset' write handler
Rx rate: 899024
While executing 'Script@4 :: Script':
  no 'from.reset' write handler
Rx rate: 904946.053946
While executing 'Script@4 :: Script':
  no 'from.reset' write handler
Rx rate: 902612
While executing 'Script@4 :: Script':
  no 'from.reset' write handler
Rx rate: 905354.645355
While executing 'Script@4 :: Script':
  no 'from.reset' write handler
Rx rate: 903138.861139
While executing 'Script@4 :: Script':
  no 'from.reset' write handler
Rx rate: 908181
While executing 'Script@4 :: Script':
  no 'from.reset' write handler
Rx rate: 901970.02997
While executing 'Script@4 :: Script':
  no 'from.reset' write handler
Rx rate: 898733.266733
While executing 'Script@4 :: Script':
  no 'from.reset' write handler
Rx rate: 896655
While executing 'Script@4 :: Script':
  no 'from.reset' write handler
Rx rate: 899251.748252
While executing 'Script@4 :: Script':
  no 'from.reset' write handler
Rx rate: 894064
While executing 'Script@4 :: Script':
  no 'from.reset' write handler
Rx rate: 899501
While executing 'Script@4 :: Script':
  no 'from.reset' write handler
Rx rate: 895501.498501
While executing 'Script@4 :: Script':
  no 'from.reset' write handler
Rx rate: 901588.411588
While executing 'Script@4 :: Script':
  no 'from.reset' write handler
Rx rate: 904956
While executing 'Script@4 :: Script':
  no 'from.reset' write handler
Rx rate: 896804.586241
While executing 'Script@4 :: Script':
  no 'from.reset' write handler
Rx rate: 901963
While executing 'Script@4 :: Script':
  no 'from.reset' write handler
Rx rate: 895630.36963
While executing 'Script@4 :: Script':
  no 'from.reset' write handler
Rx rate: 907275
While executing 'Script@4 :: Script':
  no 'from.reset' write handler
Rx rate: 914528
While executing 'Script@4 :: Script':
  no 'from.reset' write handler
Rx rate: 893728.271728
While executing 'Script@4 :: Script':
  no 'from.reset' write handler
Rx rate: 895361
While executing 'Script@4 :: Script':
  no 'from.reset' write handler
Rx rate: 900798
While executing 'Script@4 :: Script':
  no 'from.reset' write handler
Rx rate: 898927
While executing 'Script@4 :: Script':
  no 'from.reset' write handler
Rx rate: 859024
While executing 'Script@4 :: Script':
  no 'from.reset' write handler
Rx rate: 894081
While executing 'Script@4 :: Script':
  no 'from.reset' write handler
Rx rate: 900281
While executing 'Script@4 :: Script':
  no 'from.reset' write handler
Rx rate: 900280
While executing 'Script@4 :: Script':
  no 'from.reset' write handler
Rx rate: 898729
While executing 'Script@4 :: Script':
  no 'from.reset' write handler
Rx rate: 897691
While executing 'Script@4 :: Script':
  no 'from.reset' write handler
Rx rate: 906319
While executing 'Script@4 :: Script':
  no 'from.reset' write handler
Rx rate: 903259
While executing 'Script@4 :: Script':
  no 'from.reset' write handler
Rx rate: 888758
While executing 'Script@4 :: Script':
  no 'from.reset' write handler
Rx rate: 897262.737263
While executing 'Script@4 :: Script':
  no 'from.reset' write handler
Rx rate: 897428.571429
While executing 'Script@4 :: Script':
  no 'from.reset' write handler
Rx rate: 893349
While executing 'Script@4 :: Script':
  no 'from.reset' write handler
Rx rate: 903909
While executing 'Script@4 :: Script':
  no 'from.reset' write handler
Rx rate: 905074.775673
While executing 'Script@4 :: Script':
  no 'from.reset' write handler
Rx rate: 889141
While executing 'Script@4 :: Script':
  no 'from.reset' write handler
Rx rate: 903524.475524
While executing 'Script@4 :: Script':
  no 'from.reset' write handler
Rx rate: 897432
While executing 'Script@4 :: Script':
  no 'from.reset' write handler
Rx rate: 901514.485514
While executing 'Script@4 :: Script':
  no 'from.reset' write handler
Rx rate: 896139
While executing 'Script@4 :: Script':
  no 'from.reset' write handler
Rx rate: 900877.122877
While executing 'Script@4 :: Script':
  no 'from.reset' write handler
Rx rate: 902038.961039
While executing 'Script@4 :: Script':
  no 'from.reset' write handler
Rx rate: 896745.254745
While executing 'Script@4 :: Script':
  no 'from.reset' write handler
Rx rate: 894586
While executing 'Script@4 :: Script':
  no 'from.reset' write handler
Rx rate: 898607.392607
While executing 'Script@4 :: Script':
  no 'from.reset' write handler
Rx rate: 897431
While executing 'Script@4 :: Script':
  no 'from.reset' write handler
Rx rate: 904297.702298
While executing 'Script@4 :: Script':
  no 'from.reset' write handler
Rx rate: 903132
While executing 'Script@4 :: Script':
  no 'from.reset' write handler
Rx rate: 904105.894106
While executing 'Script@4 :: Script':
  no 'from.reset' write handler
Rx rate: 893290
While executing 'Script@4 :: Script':
  no 'from.reset' write handler
Rx rate: 901095
While executing 'Script@4 :: Script':
  no 'from.reset' write handler
Rx rate: 857991.008991
While executing 'Script@4 :: Script':
  no 'from.reset' write handler
AUTOTEST_DONE
