Rx rate: 0
While executing 'Script@8 :: Script':
  no 'from.reset' write handler
Rx rate: 931030.837004
While executing 'Script@8 :: Script':
  no 'from.reset' write handler
Rx rate: 931339.66034
While executing 'Script@8 :: Script':
  no 'from.reset' write handler
Rx rate: 931184.630739
While executing 'Script@8 :: Script':
  no 'from.reset' write handler
Rx rate: 934157.684631
While executing 'Script@8 :: Script':
  no 'from.reset' write handler
Rx rate: 929292
While executing 'Script@8 :: Script':
  no 'from.reset' write handler
Rx rate: 932647.352647
While executing 'Script@8 :: Script':
  no 'from.reset' write handler
Rx rate: 930538.922156
While executing 'Script@8 :: Script':
  no 'from.reset' write handler
Rx rate: 932244.755245
While executing 'Script@8 :: Script':
  no 'from.reset' write handler
Rx rate: 932090.909091
While executing 'Script@8 :: Script':
  no 'from.reset' write handler
Rx rate: 934703.296703
While executing 'Script@8 :: Script':
  no 'from.reset' write handler
Rx rate: 934601
While executing 'Script@8 :: Script':
  no 'from.reset' write handler
Rx rate: 934990
While executing 'Script@8 :: Script':
  no 'from.reset' write handler
Rx rate: 934055.944056
While executing 'Script@8 :: Script':
  no 'from.reset' write handler
Rx rate: 934990
While executing 'Script@8 :: Script':
  no 'from.reset' write handler
Rx rate: 931468.531469
While executing 'Script@8 :: Script':
  no 'from.reset' write handler
Rx rate: 931375
While executing 'Script@8 :: Script':
  no 'from.reset' write handler
Rx rate: 933436
While executing 'Script@8 :: Script':
  no 'from.reset' write handler
Rx rate: 931281.718282
While executing 'Script@8 :: Script':
  no 'from.reset' write handler
Rx rate: 930008
While executing 'Script@8 :: Script':
  no 'from.reset' write handler
Rx rate: 930328
While executing 'Script@8 :: Script':
  no 'from.reset' write handler
Rx rate: 930951.048951
While executing 'Script@8 :: Script':
  no 'from.reset' write handler
Rx rate: 930846
While executing 'Script@8 :: Script':
  no 'from.reset' write handler
Rx rate: 930458
While executing 'Script@8 :: Script':
  no 'from.reset' write handler
Rx rate: 930069
While executing 'Script@8 :: Script':
  no 'from.reset' write handler
Rx rate: 930846
While executing 'Script@8 :: Script':
  no 'from.reset' write handler
Rx rate: 926462
While executing 'Script@8 :: Script':
  no 'from.reset' write handler
Rx rate: 935349.65035
While executing 'Script@8 :: Script':
  no 'from.reset' write handler
Rx rate: 933177
While executing 'Script@8 :: Script':
  no 'from.reset' write handler
Rx rate: 936674
While executing 'Script@8 :: Script':
  no 'from.reset' write handler
Rx rate: 932031
While executing 'Script@8 :: Script':
  no 'from.reset' write handler
Rx rate: 934731
While executing 'Script@8 :: Script':
  no 'from.reset' write handler
Rx rate: 933954
While executing 'Script@8 :: Script':
  no 'from.reset' write handler
Rx rate: 932244.755245
While executing 'Script@8 :: Script':
  no 'from.reset' write handler
Rx rate: 932529
While executing 'Script@8 :: Script':
  no 'from.reset' write handler
Rx rate: 932400
While executing 'Script@8 :: Script':
  no 'from.reset' write handler
Rx rate: 932575
While executing 'Script@8 :: Script':
  no 'from.reset' write handler
Rx rate: 935608.391608
While executing 'Script@8 :: Script':
  no 'from.reset' write handler
Rx rate: 933436
While executing 'Script@8 :: Script':
  no 'from.reset' write handler
Rx rate: 931882
While executing 'Script@8 :: Script':
  no 'from.reset' write handler
Rx rate: 929781.218781
While executing 'Script@8 :: Script':
  no 'from.reset' write handler
Rx rate: 930433.566434
While executing 'Script@8 :: Script':
  no 'from.reset' write handler
Rx rate: 932400
While executing 'Script@8 :: Script':
  no 'from.reset' write handler
Rx rate: 930433.566434
While executing 'Script@8 :: Script':
  no 'from.reset' write handler
Rx rate: 929810
While executing 'Script@8 :: Script':
  no 'from.reset' write handler
Rx rate: 932918
While executing 'Script@8 :: Script':
  no 'from.reset' write handler
Rx rate: 930834
While executing 'Script@8 :: Script':
  no 'from.reset' write handler
Rx rate: 932762.237762
While executing 'Script@8 :: Script':
  no 'from.reset' write handler
Rx rate: 929163
While executing 'Script@8 :: Script':
  no 'from.reset' write handler
Rx rate: 928233.766234
While executing 'Script@8 :: Script':
  no 'from.reset' write handler
Rx rate: 927985.014985
While executing 'Script@8 :: Script':
  no 'from.reset' write handler
Rx rate: 932114.885115
While executing 'Script@8 :: Script':
  no 'from.reset' write handler
Rx rate: 931105
While executing 'Script@8 :: Script':
  no 'from.reset' write handler
Rx rate: 929163
While executing 'Script@8 :: Script':
  no 'from.reset' write handler
Rx rate: 930439
While executing 'Script@8 :: Script':
  no 'from.reset' write handler
Rx rate: 930822.177822
While executing 'Script@8 :: Script':
  no 'from.reset' write handler
Rx rate: 929407
While executing 'Script@8 :: Script':
  no 'from.reset' write handler
Rx rate: 923205
While executing 'Script@8 :: Script':
  no 'from.reset' write handler
Rx rate: 930328
While executing 'Script@8 :: Script':
  no 'from.reset' write handler
Rx rate: 928363.636364
While executing 'Script@8 :: Script':
  no 'from.reset' write handler
Rx rate: 924383
While executing 'Script@8 :: Script':
  no 'from.reset' write handler
Rx rate: 928256
While executing 'Script@8 :: Script':
  no 'from.reset' write handler
Rx rate: 927220
While executing 'Script@8 :: Script':
  no 'from.reset' write handler
Rx rate: 923706.293706
While executing 'Script@8 :: Script':
  no 'from.reset' write handler
Rx rate: 924630
While executing 'Script@8 :: Script':
  no 'from.reset' write handler
Rx rate: 924112
While executing 'Script@8 :: Script':
  no 'from.reset' write handler
Rx rate: 923409
While executing 'Script@8 :: Script':
  no 'from.reset' write handler
Rx rate: 923594
While executing 'Script@8 :: Script':
  no 'from.reset' write handler
Rx rate: 924223.776224
While executing 'Script@8 :: Script':
  no 'from.reset' write handler
Rx rate: 927220
While executing 'Script@8 :: Script':
  no 'from.reset' write handler
Rx rate: 923963.036963
While executing 'Script@8 :: Script':
  no 'from.reset' write handler
Rx rate: 924870.12987
While executing 'Script@8 :: Script':
  no 'from.reset' write handler
Rx rate: 927350
While executing 'Script@8 :: Script':
  no 'from.reset' write handler
AUTOTEST_DONE
