/tmp/linux.click:2: While initializing 'from :: FromDevice':
  warning: ens7: no IPv4 address assigned
Rx rate: 0
While executing 'Script@4 :: Script':
  no 'from.reset' write handler
Rx rate: 791727.659574
While executing 'Script@4 :: Script':
  no 'from.reset' write handler
Rx rate: 791312.687313
While executing 'Script@4 :: Script':
  no 'from.reset' write handler
Rx rate: 813793
While executing 'Script@4 :: Script':
  no 'from.reset' write handler
Rx rate: 813074
While executing 'Script@4 :: Script':
  no 'from.reset' write handler
Rx rate: 812240
While executing 'Script@4 :: Script':
  no 'from.reset' write handler
Rx rate: 810044
While executing 'Script@4 :: Script':
  no 'from.reset' write handler
Rx rate: 813182
While executing 'Script@4 :: Script':
  no 'from.reset' write handler
Rx rate: 810265
While executing 'Script@4 :: Script':
  no 'from.reset' write handler
Rx rate: 812734
While executing 'Script@4 :: Script':
  no 'from.reset' write handler
Rx rate: 813286
While executing 'Script@4 :: Script':
  no 'from.reset' write handler
Rx rate: 812176
While executing 'Script@4 :: Script':
  no 'from.reset' write handler
Rx rate: 812907
While executing 'Script@4 :: Script':
  no 'from.reset' write handler
Rx rate: 812074.925075
While executing 'Script@4 :: Script':
  no 'from.reset' write handler
Rx rate: 811971
While executing 'Script@4 :: Script':
  no 'from.reset' write handler
Rx rate: 813160
While executing 'Script@4 :: Script':
  no 'from.reset' write handler
Rx rate: 813236
While executing 'Script@4 :: Script':
  no 'from.reset' write handler
Rx rate: 813057
While executing 'Script@4 :: Script':
  no 'from.reset' write handler
Rx rate: 811532
While executing 'Script@4 :: Script':
  no 'from.reset' write handler
Rx rate: 810706
While executing 'Script@4 :: Script':
  no 'from.reset' write handler
Rx rate: 813343
While executing 'Script@4 :: Script':
  no 'from.reset' write handler
Rx rate: 810958
While executing 'Script@4 :: Script':
  no 'from.reset' write handler
Rx rate: 812897
While executing 'Script@4 :: Script':
  no 'from.reset' write handler
Rx rate: 813159
While executing 'Script@4 :: Script':
  no 'from.reset' write handler
Rx rate: 807287
While executing 'Script@4 :: Script':
  no 'from.reset' write handler
Rx rate: 812910
While executing 'Script@4 :: Script':
  no 'from.reset' write handler
Rx rate: 813155
While executing 'Script@4 :: Script':
  no 'from.reset' write handler
Rx rate: 811989
While executing 'Script@4 :: Script':
  no 'from.reset' write handler
Rx rate: 812172
While executing 'Script@4 :: Script':
  no 'from.reset' write handler
Rx rate: 810864
While executing 'Script@4 :: Script':
  no 'from.reset' write handler
Rx rate: 813339
While executing 'Script@4 :: Script':
  no 'from.reset' write handler
Rx rate: 813033
While executing 'Script@4 :: Script':
  no 'from.reset' write handler
Rx rate: 813094
While executing 'Script@4 :: Script':
  no 'from.reset' write handler
Rx rate: 813326
While executing 'Script@4 :: Script':
  no 'from.reset' write handler
Rx rate: 813166
While executing 'Script@4 :: Script':
  no 'from.reset' write handler
Rx rate: 812978
While executing 'Script@4 :: Script':
  no 'from.reset' write handler
Rx rate: 813095
While executing 'Script@4 :: Script':
  no 'from.reset' write handler
Rx rate: 813369
While executing 'Script@4 :: Script':
  no 'from.reset' write handler
Rx rate: 812439
While executing 'Script@4 :: Script':
  no 'from.reset' write handler
Rx rate: 811067
While executing 'Script@4 :: Script':
  no 'from.reset' write handler
Rx rate: 813403
While executing 'Script@4 :: Script':
  no 'from.reset' write handler
Rx rate: 812299.7003
While executing 'Script@4 :: Script':
  no 'from.reset' write handler
Rx rate: 813016
While executing 'Script@4 :: Script':
  no 'from.reset' write handler
Rx rate: 813214
While executing 'Script@4 :: Script':
  no 'from.reset' write handler
Rx rate: 813201
While executing 'Script@4 :: Script':
  no 'from.reset' write handler
Rx rate: 813106
While executing 'Script@4 :: Script':
  no 'from.reset' write handler
Rx rate: 813096
While executing 'Script@4 :: Script':
  no 'from.reset' write handler
Rx rate: 813120
While executing 'Script@4 :: Script':
  no 'from.reset' write handler
Rx rate: 812321
While executing 'Script@4 :: Script':
  no 'from.reset' write handler
Rx rate: 811100
While executing 'Script@4 :: Script':
  no 'from.reset' write handler
Rx rate: 813028
While executing 'Script@4 :: Script':
  no 'from.reset' write handler
Rx rate: 813243
While executing 'Script@4 :: Script':
  no 'from.reset' write handler
Rx rate: 813525
While executing 'Script@4 :: Script':
  no 'from.reset' write handler
Rx rate: 813369
While executing 'Script@4 :: Script':
  no 'from.reset' write handler
Rx rate: 813252
While executing 'Script@4 :: Script':
  no 'from.reset' write handler
Rx rate: 813312
While executing 'Script@4 :: Script':
  no 'from.reset' write handler
Rx rate: 813080
While executing 'Script@4 :: Script':
  no 'from.reset' write handler
Rx rate: 813252
While executing 'Script@4 :: Script':
  no 'from.reset' write handler
Rx rate: 812106
While executing 'Script@4 :: Script':
  no 'from.reset' write handler
Rx rate: 812662
While executing 'Script@4 :: Script':
  no 'from.reset' write handler
Rx rate: 811352
While executing 'Script@4 :: Script':
  no 'from.reset' write handler
Rx rate: 813117
While executing 'Script@4 :: Script':
  no 'from.reset' write handler
Rx rate: 812827
While executing 'Script@4 :: Script':
  no 'from.reset' write handler
Rx rate: 812839
While executing 'Script@4 :: Script':
  no 'from.reset' write handler
Rx rate: 812879
While executing 'Script@4 :: Script':
  no 'from.reset' write handler
Rx rate: 813252
While executing 'Script@4 :: Script':
  no 'from.reset' write handler
Rx rate: 813065
While executing 'Script@4 :: Script':
  no 'from.reset' write handler
Rx rate: 812868
While executing 'Script@4 :: Script':
  no 'from.reset' write handler
Rx rate: 812842.842843
While executing 'Script@4 :: Script':
  no 'from.reset' write handler
Rx rate: 812887
While executing 'Script@4 :: Script':
  no 'from.reset' write handler
Rx rate: 811489
While executing 'Script@4 :: Script':
  no 'from.reset' write handler
Rx rate: 814111.111111
While executing 'Script@4 :: Script':
  no 'from.reset' write handler
Rx rate: 813188
While executing 'Script@4 :: Script':
  no 'from.reset' write handler
AUTOTEST_DONE
