Rx rate: 0
While executing 'Script@4 :: Script':
  no 'from.reset' write handler
Rx rate: 936758.62069
While executing 'Script@4 :: Script':
  no 'from.reset' write handler
Rx rate: 945153.539382
While executing 'Script@4 :: Script':
  no 'from.reset' write handler
Rx rate: 947336.327345
While executing 'Script@4 :: Script':
  no 'from.reset' write handler
Rx rate: 942330.669331
While executing 'Script@4 :: Script':
  no 'from.reset' write handler
Rx rate: 939743.256743
While executing 'Script@4 :: Script':
  no 'from.reset' write handler
Rx rate: 943718.562874
While executing 'Script@4 :: Script':
  no 'from.reset' write handler
Rx rate: 942780.439122
While executing 'Script@4 :: Script':
  no 'from.reset' write handler
Rx rate: 946947.105788
While executing 'Script@4 :: Script':
  no 'from.reset' write handler
Rx rate: 943494.505495
While executing 'Script@4 :: Script':
  no 'from.reset' write handler
Rx rate: 945992
While executing 'Script@4 :: Script':
  no 'from.reset' write handler
Rx rate: 949707.292707
While executing 'Script@4 :: Script':
  no 'from.reset' write handler
Rx rate: 902953
While executing 'Script@4 :: Script':
  no 'from.reset' write handler
Rx rate: 941945.054945
While executing 'Script@4 :: Script':
  no 'from.reset' write handler
Rx rate: 940558
While executing 'Script@4 :: Script':
  no 'from.reset' write handler
Rx rate: 949443.556444
While executing 'Script@4 :: Script':
  no 'from.reset' write handler
Rx rate: 947936
While executing 'Script@4 :: Script':
  no 'from.reset' write handler
Rx rate: 933201.201201
While executing 'Script@4 :: Script':
  no 'from.reset' write handler
Rx rate: 938741
While executing 'Script@4 :: Script':
  no 'from.reset' write handler
Rx rate: 938353
While executing 'Script@4 :: Script':
  no 'from.reset' write handler
Rx rate: 944308
While executing 'Script@4 :: Script':
  no 'from.reset' write handler
Rx rate: 949231
While executing 'Script@4 :: Script':
  no 'from.reset' write handler
Rx rate: 945210
While executing 'Script@4 :: Script':
  no 'from.reset' write handler
Rx rate: 950269
While executing 'Script@4 :: Script':
  no 'from.reset' write handler
Rx rate: 938354
While executing 'Script@4 :: Script':
  no 'from.reset' write handler
Rx rate: 944700
While executing 'Script@4 :: Script':
  no 'from.reset' write handler
Rx rate: 941594
While executing 'Script@4 :: Script':
  no 'from.reset' write handler
Rx rate: 938259
While executing 'Script@4 :: Script':
  no 'from.reset' write handler
Rx rate: 946902
While executing 'Script@4 :: Script':
  no 'from.reset' write handler
Rx rate: 948066
While executing 'Script@4 :: Script':
  no 'from.reset' write handler
Rx rate: 937513.972056
While executing 'Script@4 :: Script':
  no 'from.reset' write handler
Rx rate: 943144
While executing 'Script@4 :: Script':
  no 'from.reset' write handler
Rx rate: 942323.353293
While executing 'Script@4 :: Script':
  no 'from.reset' write handler
Rx rate: 948458
While executing 'Script@4 :: Script':
  no 'from.reset' write handler
Rx rate: 945603
While executing 'Script@4 :: Script':
  no 'from.reset' write handler
Rx rate: 943532
While executing 'Script@4 :: Script':
  no 'from.reset' write handler
Rx rate: 953375
While executing 'Script@4 :: Script':
  no 'from.reset' write handler
Rx rate: 939462.537463
While executing 'Script@4 :: Script':
  no 'from.reset' write handler
Rx rate: 942851.148851
While executing 'Script@4 :: Script':
  no 'from.reset' write handler
Rx rate: 939649
While executing 'Script@4 :: Script':
  no 'from.reset' write handler
Rx rate: 945348
While executing 'Script@4 :: Script':
  no 'from.reset' write handler
Rx rate: 938094
While executing 'Script@4 :: Script':
  no 'from.reset' write handler
Rx rate: 903796
While executing 'Script@4 :: Script':
  no 'from.reset' write handler
Rx rate: 941980
While executing 'Script@4 :: Script':
  no 'from.reset' write handler
Rx rate: 938712.287712
While executing 'Script@4 :: Script':
  no 'from.reset' write handler
Rx rate: 943622.377622
While executing 'Script@4 :: Script':
  no 'from.reset' write handler
Rx rate: 946384
While executing 'Script@4 :: Script':
  no 'from.reset' write handler
Rx rate: 946863
While executing 'Script@4 :: Script':
  no 'from.reset' write handler
Rx rate: 941035.964036
While executing 'Script@4 :: Script':
  no 'from.reset' write handler
Rx rate: 944053
While executing 'Script@4 :: Script':
  no 'from.reset' write handler
Rx rate: 942850.14985
While executing 'Script@4 :: Script':
  no 'from.reset' write handler
Rx rate: 938612
While executing 'Script@4 :: Script':
  no 'from.reset' write handler
Rx rate: 943911.088911
While executing 'Script@4 :: Script':
  no 'from.reset' write handler
Rx rate: 943017
While executing 'Script@4 :: Script':
  no 'from.reset' write handler
Rx rate: 942590.40959
While executing 'Script@4 :: Script':
  no 'from.reset' write handler
Rx rate: 941295.704296
While executing 'Script@4 :: Script':
  no 'from.reset' write handler
Rx rate: 940002.997003
While executing 'Script@4 :: Script':
  no 'from.reset' write handler
Rx rate: 938713.286713
While executing 'Script@4 :: Script':
  no 'from.reset' write handler
Rx rate: 946300
While executing 'Script@4 :: Script':
  no 'from.reset' write handler
Rx rate: 938486
While executing 'Script@4 :: Script':
  no 'from.reset' write handler
Rx rate: 941652.694611
While executing 'Script@4 :: Script':
  no 'from.reset' write handler
Rx rate: 939391
While executing 'Script@4 :: Script':
  no 'from.reset' write handler
Rx rate: 938151
While executing 'Script@4 :: Script':
  no 'from.reset' write handler
Rx rate: 941462
While executing 'Script@4 :: Script':
  no 'from.reset' write handler
Rx rate: 936781
While executing 'Script@4 :: Script':
  no 'from.reset' write handler
Rx rate: 939390
While executing 'Script@4 :: Script':
  no 'from.reset' write handler
Rx rate: 942500
While executing 'Script@4 :: Script':
  no 'from.reset' write handler
Rx rate: 933121.756487
While executing 'Script@4 :: Script':
  no 'from.reset' write handler
Rx rate: 936917
While executing 'Script@4 :: Script':
  no 'from.reset' write handler
Rx rate: 930069
While executing 'Script@4 :: Script':
  no 'from.reset' write handler
Rx rate: 941076
While executing 'Script@4 :: Script':
  no 'from.reset' write handler
Rx rate: 938745
While executing 'Script@4 :: Script':
  no 'from.reset' write handler
Rx rate: 902221
While executing 'Script@4 :: Script':
  no 'from.reset' write handler
AUTOTEST_DONE
