Rx rate: 0
While executing 'Script@5 :: Script':
  no 'from.reset' write handler
Rx rate: 685228.346457
While executing 'Script@5 :: Script':
  no 'from.reset' write handler
Rx rate: 683627.744511
While executing 'Script@5 :: Script':
  no 'from.reset' write handler
Rx rate: 694550
While executing 'Script@5 :: Script':
  no 'from.reset' write handler
Rx rate: 697904.191617
While executing 'Script@5 :: Script':
  no 'from.reset' write handler
Rx rate: 691697.512438
While executing 'Script@5 :: Script':
  no 'from.reset' write handler
Rx rate: 699118.881119
While executing 'Script@5 :: Script':
  no 'from.reset' write handler
Rx rate: 694332.667333
While executing 'Script@5 :: Script':
  no 'from.reset' write handler
Rx rate: 696013.986014
While executing 'Script@5 :: Script':
  no 'from.reset' write handler
Rx rate: 688912.087912
While executing 'Script@5 :: Script':
  no 'from.reset' write handler
Rx rate: 690796.796797
While executing 'Script@5 :: Script':
  no 'from.reset' write handler
Rx rate: 690623
While executing 'Script@5 :: Script':
  no 'from.reset' write handler
Rx rate: 665494
While executing 'Script@5 :: Script':
  no 'from.reset' write handler
Rx rate: 710696
While executing 'Script@5 :: Script':
  no 'from.reset' write handler
Rx rate: 698188
While executing 'Script@5 :: Script':
  no 'from.reset' write handler
Rx rate: 699636.363636
While executing 'Script@5 :: Script':
  no 'from.reset' write handler
Rx rate: 696402.597403
While executing 'Script@5 :: Script':
  no 'from.reset' write handler
Rx rate: 698911
While executing 'Script@5 :: Script':
  no 'from.reset' write handler
Rx rate: 696353.293413
While executing 'Script@5 :: Script':
  no 'from.reset' write handler
Rx rate: 698135
While executing 'Script@5 :: Script':
  no 'from.reset' write handler
Rx rate: 686739.520958
While executing 'Script@5 :: Script':
  no 'from.reset' write handler
Rx rate: 686958.041958
While executing 'Script@5 :: Script':
  no 'from.reset' write handler
Rx rate: 687180
While executing 'Script@5 :: Script':
  no 'from.reset' write handler
Rx rate: 698264
While executing 'Script@5 :: Script':
  no 'from.reset' write handler
Rx rate: 682767
While executing 'Script@5 :: Script':
  no 'from.reset' write handler
Rx rate: 691660
While executing 'Script@5 :: Script':
  no 'from.reset' write handler
Rx rate: 684111.888112
While executing 'Script@5 :: Script':
  no 'from.reset' write handler
Rx rate: 691271
While executing 'Script@5 :: Script':
  no 'from.reset' write handler
Rx rate: 686350
While executing 'Script@5 :: Script':
  no 'from.reset' write handler
Rx rate: 681688
While executing 'Script@5 :: Script':
  no 'from.reset' write handler
Rx rate: 686672
While executing 'Script@5 :: Script':
  no 'from.reset' write handler
Rx rate: 691530
While executing 'Script@5 :: Script':
  no 'from.reset' write handler
Rx rate: 687599.400599
While executing 'Script@5 :: Script':
  no 'from.reset' write handler
Rx rate: 689199
While executing 'Script@5 :: Script':
  no 'from.reset' write handler
Rx rate: 691555
While executing 'Script@5 :: Script':
  no 'from.reset' write handler
Rx rate: 695755.244755
While executing 'Script@5 :: Script':
  no 'from.reset' write handler
Rx rate: 690494
While executing 'Script@5 :: Script':
  no 'from.reset' write handler
Rx rate: 692048
While executing 'Script@5 :: Script':
  no 'from.reset' write handler
Rx rate: 690753
While executing 'Script@5 :: Script':
  no 'from.reset' write handler
Rx rate: 697098
While executing 'Script@5 :: Script':
  no 'from.reset' write handler
Rx rate: 689149
While executing 'Script@5 :: Script':
  no 'from.reset' write handler
Rx rate: 687386
While executing 'Script@5 :: Script':
  no 'from.reset' write handler
Rx rate: 661904
While executing 'Script@5 :: Script':
  no 'from.reset' write handler
Rx rate: 689976
While executing 'Script@5 :: Script':
  no 'from.reset' write handler
Rx rate: 690863
While executing 'Script@5 :: Script':
  no 'from.reset' write handler
Rx rate: 687475.524476
While executing 'Script@5 :: Script':
  no 'from.reset' write handler
Rx rate: 694768
While executing 'Script@5 :: Script':
  no 'from.reset' write handler
Rx rate: 690149.700599
While executing 'Script@5 :: Script':
  no 'from.reset' write handler
Rx rate: 692307
While executing 'Script@5 :: Script':
  no 'from.reset' write handler
Rx rate: 692048
While executing 'Script@5 :: Script':
  no 'from.reset' write handler
Rx rate: 687422.577423
While executing 'Script@5 :: Script':
  no 'from.reset' write handler
Rx rate: 686440.559441
While executing 'Script@5 :: Script':
  no 'from.reset' write handler
Rx rate: 689530
While executing 'Script@5 :: Script':
  no 'from.reset' write handler
Rx rate: 689717
While executing 'Script@5 :: Script':
  no 'from.reset' write handler
Rx rate: 689070
While executing 'Script@5 :: Script':
  no 'from.reset' write handler
Rx rate: 690544
While executing 'Script@5 :: Script':
  no 'from.reset' write handler
Rx rate: 692436
While executing 'Script@5 :: Script':
  no 'from.reset' write handler
Rx rate: 695286
While executing 'Script@5 :: Script':
  no 'from.reset' write handler
Rx rate: 695933
While executing 'Script@5 :: Script':
  no 'from.reset' write handler
Rx rate: 689286.713287
While executing 'Script@5 :: Script':
  no 'from.reset' write handler
Rx rate: 691785.643071
While executing 'Script@5 :: Script':
  no 'from.reset' write handler
Rx rate: 694747.252747
While executing 'Script@5 :: Script':
  no 'from.reset' write handler
Rx rate: 692110
While executing 'Script@5 :: Script':
  no 'from.reset' write handler
Rx rate: 689804.195804
While executing 'Script@5 :: Script':
  no 'from.reset' write handler
Rx rate: 701890
While executing 'Script@5 :: Script':
  no 'from.reset' write handler
Rx rate: 689342
While executing 'Script@5 :: Script':
  no 'from.reset' write handler
Rx rate: 699300
While executing 'Script@5 :: Script':
  no 'from.reset' write handler
Rx rate: 693602
While executing 'Script@5 :: Script':
  no 'from.reset' write handler
Rx rate: 690882
While executing 'Script@5 :: Script':
  no 'from.reset' write handler
Rx rate: 691660
While executing 'Script@5 :: Script':
  no 'from.reset' write handler
Rx rate: 683076.923077
While executing 'Script@5 :: Script':
  no 'from.reset' write handler
Rx rate: 689073
While executing 'Script@5 :: Script':
  no 'from.reset' write handler
Rx rate: 660836.327345
While executing 'Script@5 :: Script':
  no 'from.reset' write handler
AUTOTEST_DONE
