Rx rate: 0
While executing 'Script@8 :: Script':
  no 'from.reset' write handler
Rx rate: 879030.30303
While executing 'Script@8 :: Script':
  no 'from.reset' write handler
Rx rate: 875698.207171
While executing 'Script@8 :: Script':
  no 'from.reset' write handler
Rx rate: 876067
While executing 'Script@8 :: Script':
  no 'from.reset' write handler
Rx rate: 867650
While executing 'Script@8 :: Script':
  no 'from.reset' write handler
Rx rate: 878842.315369
While executing 'Script@8 :: Script':
  no 'from.reset' write handler
Rx rate: 876227
While executing 'Script@8 :: Script':
  no 'from.reset' write handler
Rx rate: 878786
While executing 'Script@8 :: Script':
  no 'from.reset' write handler
Rx rate: 875161
While executing 'Script@8 :: Script':
  no 'from.reset' write handler
Rx rate: 870885.885886
While executing 'Script@8 :: Script':
  no 'from.reset' write handler
Rx rate: 874836.327345
While executing 'Script@8 :: Script':
  no 'from.reset' write handler
Rx rate: 875290
While executing 'Script@8 :: Script':
  no 'from.reset' write handler
Rx rate: 838786
While executing 'Script@8 :: Script':
  no 'from.reset' write handler
Rx rate: 877589.58959
While executing 'Script@8 :: Script':
  no 'from.reset' write handler
Rx rate: 871534
While executing 'Script@8 :: Script':
  no 'from.reset' write handler
Rx rate: 875418
While executing 'Script@8 :: Script':
  no 'from.reset' write handler
Rx rate: 875918
While executing 'Script@8 :: Script':
  no 'from.reset' write handler
Rx rate: 872830
While executing 'Script@8 :: Script':
  no 'from.reset' write handler
Rx rate: 881894
While executing 'Script@8 :: Script':
  no 'from.reset' write handler
Rx rate: 881660.33966
While executing 'Script@8 :: Script':
  no 'from.reset' write handler
Rx rate: 876453
While executing 'Script@8 :: Script':
  no 'from.reset' write handler
Rx rate: 881661.338661
While executing 'Script@8 :: Script':
  no 'from.reset' write handler
Rx rate: 873377
While executing 'Script@8 :: Script':
  no 'from.reset' write handler
Rx rate: 884440.881764
While executing 'Script@8 :: Script':
  no 'from.reset' write handler
Rx rate: 874902
While executing 'Script@8 :: Script':
  no 'from.reset' write handler
Rx rate: 874027.972028
While executing 'Script@8 :: Script':
  no 'from.reset' write handler
Rx rate: 878549.9002
While executing 'Script@8 :: Script':
  no 'from.reset' write handler
Rx rate: 872182
While executing 'Script@8 :: Script':
  no 'from.reset' write handler
Rx rate: 869072
While executing 'Script@8 :: Script':
  no 'from.reset' write handler
Rx rate: 869075
While executing 'Script@8 :: Script':
  no 'from.reset' write handler
Rx rate: 864410.589411
While executing 'Script@8 :: Script':
  no 'from.reset' write handler
Rx rate: 870145.854146
While executing 'Script@8 :: Script':
  no 'from.reset' write handler
Rx rate: 868974
While executing 'Script@8 :: Script':
  no 'from.reset' write handler
Rx rate: 876353.646354
While executing 'Script@8 :: Script':
  no 'from.reset' write handler
Rx rate: 868075.924076
While executing 'Script@8 :: Script':
  no 'from.reset' write handler
Rx rate: 874254
While executing 'Script@8 :: Script':
  no 'from.reset' write handler
Rx rate: 868997
While executing 'Script@8 :: Script':
  no 'from.reset' write handler
Rx rate: 872053
While executing 'Script@8 :: Script':
  no 'from.reset' write handler
Rx rate: 879302
While executing 'Script@8 :: Script':
  no 'from.reset' write handler
Rx rate: 877232
While executing 'Script@8 :: Script':
  no 'from.reset' write handler
Rx rate: 871903.096903
While executing 'Script@8 :: Script':
  no 'from.reset' write handler
Rx rate: 878941.058941
While executing 'Script@8 :: Script':
  no 'from.reset' write handler
Rx rate: 839337.662338
While executing 'Script@8 :: Script':
  no 'from.reset' write handler
Rx rate: 874381
While executing 'Script@8 :: Script':
  no 'from.reset' write handler
Rx rate: 865837
While executing 'Script@8 :: Script':
  no 'from.reset' write handler
Rx rate: 869463
While executing 'Script@8 :: Script':
  no 'from.reset' write handler
Rx rate: 876613.386613
While executing 'Script@8 :: Script':
  no 'from.reset' write handler
Rx rate: 876148
While executing 'Script@8 :: Script':
  no 'from.reset' write handler
Rx rate: 870405.594406
While executing 'Script@8 :: Script':
  no 'from.reset' write handler
Rx rate: 867726.546906
While executing 'Script@8 :: Script':
  no 'from.reset' write handler
Rx rate: 862882
While executing 'Script@8 :: Script':
  no 'from.reset' write handler
Rx rate: 875161
While executing 'Script@8 :: Script':
  no 'from.reset' write handler
Rx rate: 866585
While executing 'Script@8 :: Script':
  no 'from.reset' write handler
Rx rate: 873769.230769
While executing 'Script@8 :: Script':
  no 'from.reset' write handler
Rx rate: 868686
While executing 'Script@8 :: Script':
  no 'from.reset' write handler
Rx rate: 873347
While executing 'Script@8 :: Script':
  no 'from.reset' write handler
Rx rate: 879303
While executing 'Script@8 :: Script':
  no 'from.reset' write handler
Rx rate: 884819.180819
While executing 'Script@8 :: Script':
  no 'from.reset' write handler
Rx rate: 870757
While executing 'Script@8 :: Script':
  no 'from.reset' write handler
Rx rate: 877492
While executing 'Script@8 :: Script':
  no 'from.reset' write handler
Rx rate: 873865
While executing 'Script@8 :: Script':
  no 'from.reset' write handler
Rx rate: 870812
While executing 'Script@8 :: Script':
  no 'from.reset' write handler
Rx rate: 874944
While executing 'Script@8 :: Script':
  no 'from.reset' write handler
Rx rate: 873154.690619
While executing 'Script@8 :: Script':
  no 'from.reset' write handler
Rx rate: 873250.749251
While executing 'Script@8 :: Script':
  no 'from.reset' write handler
Rx rate: 868685
While executing 'Script@8 :: Script':
  no 'from.reset' write handler
Rx rate: 877650.34965
While executing 'Script@8 :: Script':
  no 'from.reset' write handler
Rx rate: 866204
While executing 'Script@8 :: Script':
  no 'from.reset' write handler
Rx rate: 871015
While executing 'Script@8 :: Script':
  no 'from.reset' write handler
Rx rate: 867649
While executing 'Script@8 :: Script':
  no 'from.reset' write handler
Rx rate: 867041.958042
While executing 'Script@8 :: Script':
  no 'from.reset' write handler
Rx rate: 873944.055944
While executing 'Script@8 :: Script':
  no 'from.reset' write handler
Rx rate: 834060
While executing 'Script@8 :: Script':
  no 'from.reset' write handler
AUTOTEST_DONE
