Rx rate: 0
While executing 'Script@8 :: Script':
  no 'from.reset' write handler
Rx rate: 814338.797814
While executing 'Script@8 :: Script':
  no 'from.reset' write handler
Rx rate: 812870
While executing 'Script@8 :: Script':
  no 'from.reset' write handler
Rx rate: 812117
While executing 'Script@8 :: Script':
  no 'from.reset' write handler
Rx rate: 811078
While executing 'Script@8 :: Script':
  no 'from.reset' write handler
Rx rate: 813128
While executing 'Script@8 :: Script':
  no 'from.reset' write handler
Rx rate: 813264
While executing 'Script@8 :: Script':
  no 'from.reset' write handler
Rx rate: 813276
While executing 'Script@8 :: Script':
  no 'from.reset' write handler
Rx rate: 813042
While executing 'Script@8 :: Script':
  no 'from.reset' write handler
Rx rate: 813190
While executing 'Script@8 :: Script':
  no 'from.reset' write handler
Rx rate: 813342
While executing 'Script@8 :: Script':
  no 'from.reset' write handler
Rx rate: 813132
While executing 'Script@8 :: Script':
  no 'from.reset' write handler
Rx rate: 812317
While executing 'Script@8 :: Script':
  no 'from.reset' write handler
Rx rate: 811584.415584
While executing 'Script@8 :: Script':
  no 'from.reset' write handler
Rx rate: 810984
While executing 'Script@8 :: Script':
  no 'from.reset' write handler
Rx rate: 813475
While executing 'Script@8 :: Script':
  no 'from.reset' write handler
Rx rate: 812938
While executing 'Script@8 :: Script':
  no 'from.reset' write handler
Rx rate: 812964
While executing 'Script@8 :: Script':
  no 'from.reset' write handler
Rx rate: 813285
While executing 'Script@8 :: Script':
  no 'from.reset' write handler
Rx rate: 813316
While executing 'Script@8 :: Script':
  no 'from.reset' write handler
Rx rate: 812877
While executing 'Script@8 :: Script':
  no 'from.reset' write handler
Rx rate: 813144
While executing 'Script@8 :: Script':
  no 'from.reset' write handler
Rx rate: 813310
While executing 'Script@8 :: Script':
  no 'from.reset' write handler
Rx rate: 812156
While executing 'Script@8 :: Script':
  no 'from.reset' write handler
Rx rate: 811182
While executing 'Script@8 :: Script':
  no 'from.reset' write handler
Rx rate: 813346
While executing 'Script@8 :: Script':
  no 'from.reset' write handler
Rx rate: 813272
While executing 'Script@8 :: Script':
  no 'from.reset' write handler
Rx rate: 813343
While executing 'Script@8 :: Script':
  no 'from.reset' write handler
Rx rate: 813126
While executing 'Script@8 :: Script':
  no 'from.reset' write handler
Rx rate: 813364
While executing 'Script@8 :: Script':
  no 'from.reset' write handler
Rx rate: 812938
While executing 'Script@8 :: Script':
  no 'from.reset' write handler
Rx rate: 812947
While executing 'Script@8 :: Script':
  no 'from.reset' write handler
Rx rate: 813134
While executing 'Script@8 :: Script':
  no 'from.reset' write handler
Rx rate: 812315
While executing 'Script@8 :: Script':
  no 'from.reset' write handler
Rx rate: 812713
While executing 'Script@8 :: Script':
  no 'from.reset' write handler
Rx rate: 811446
While executing 'Script@8 :: Script':
  no 'from.reset' write handler
Rx rate: 813033
While executing 'Script@8 :: Script':
  no 'from.reset' write handler
Rx rate: 813254
While executing 'Script@8 :: Script':
  no 'from.reset' write handler
Rx rate: 813176
While executing 'Script@8 :: Script':
  no 'from.reset' write handler
Rx rate: 813256
While executing 'Script@8 :: Script':
  no 'from.reset' write handler
Rx rate: 813187
While executing 'Script@8 :: Script':
  no 'from.reset' write handler
Rx rate: 813136
While executing 'Script@8 :: Script':
  no 'from.reset' write handler
Rx rate: 812597
While executing 'Script@8 :: Script':
  no 'from.reset' write handler
Rx rate: 812440
While executing 'Script@8 :: Script':
  no 'from.reset' write handler
Rx rate: 812606
While executing 'Script@8 :: Script':
  no 'from.reset' write handler
Rx rate: 811420
While executing 'Script@8 :: Script':
  no 'from.reset' write handler
Rx rate: 813033
While executing 'Script@8 :: Script':
  no 'from.reset' write handler
Rx rate: 813115
While executing 'Script@8 :: Script':
  no 'from.reset' write handler
Rx rate: 813151
While executing 'Script@8 :: Script':
  no 'from.reset' write handler
Rx rate: 813406
While executing 'Script@8 :: Script':
  no 'from.reset' write handler
Rx rate: 812950
While executing 'Script@8 :: Script':
  no 'from.reset' write handler
Rx rate: 813203
While executing 'Script@8 :: Script':
  no 'from.reset' write handler
Rx rate: 813260
While executing 'Script@8 :: Script':
  no 'from.reset' write handler
Rx rate: 812225
While executing 'Script@8 :: Script':
  no 'from.reset' write handler
Rx rate: 812559
While executing 'Script@8 :: Script':
  no 'from.reset' write handler
Rx rate: 811763
While executing 'Script@8 :: Script':
  no 'from.reset' write handler
Rx rate: 813121
While executing 'Script@8 :: Script':
  no 'from.reset' write handler
Rx rate: 813219
While executing 'Script@8 :: Script':
  no 'from.reset' write handler
Rx rate: 813152
While executing 'Script@8 :: Script':
  no 'from.reset' write handler
Rx rate: 812059.94006
While executing 'Script@8 :: Script':
  no 'from.reset' write handler
Rx rate: 813239
While executing 'Script@8 :: Script':
  no 'from.reset' write handler
Rx rate: 813393
While executing 'Script@8 :: Script':
  no 'from.reset' write handler
Rx rate: 812916
While executing 'Script@8 :: Script':
  no 'from.reset' write handler
Rx rate: 812546
While executing 'Script@8 :: Script':
  no 'from.reset' write handler
Rx rate: 812553
While executing 'Script@8 :: Script':
  no 'from.reset' write handler
Rx rate: 811380
While executing 'Script@8 :: Script':
  no 'from.reset' write handler
Rx rate: 813272
While executing 'Script@8 :: Script':
  no 'from.reset' write handler
Rx rate: 812988
While executing 'Script@8 :: Script':
  no 'from.reset' write handler
Rx rate: 813267
While executing 'Script@8 :: Script':
  no 'from.reset' write handler
Rx rate: 813308
While executing 'Script@8 :: Script':
  no 'from.reset' write handler
Rx rate: 813163
While executing 'Script@8 :: Script':
  no 'from.reset' write handler
Rx rate: 813325
While executing 'Script@8 :: Script':
  no 'from.reset' write handler
Rx rate: 812536
While executing 'Script@8 :: Script':
  no 'from.reset' write handler
AUTOTEST_DONE
