Rx rate: 0
While executing 'Script@4 :: Script':
  no 'from.reset' write handler
Rx rate: 813701.492537
While executing 'Script@4 :: Script':
  no 'from.reset' write handler
Rx rate: 812042
While executing 'Script@4 :: Script':
  no 'from.reset' write handler
Rx rate: 812417
While executing 'Script@4 :: Script':
  no 'from.reset' write handler
Rx rate: 811178
While executing 'Script@4 :: Script':
  no 'from.reset' write handler
Rx rate: 812887
While executing 'Script@4 :: Script':
  no 'from.reset' write handler
Rx rate: 813279
While executing 'Script@4 :: Script':
  no 'from.reset' write handler
Rx rate: 813173
While executing 'Script@4 :: Script':
  no 'from.reset' write handler
Rx rate: 813316
While executing 'Script@4 :: Script':
  no 'from.reset' write handler
Rx rate: 813006
While executing 'Script@4 :: Script':
  no 'from.reset' write handler
Rx rate: 813362
While executing 'Script@4 :: Script':
  no 'from.reset' write handler
Rx rate: 813035
While executing 'Script@4 :: Script':
  no 'from.reset' write handler
Rx rate: 812120
While executing 'Script@4 :: Script':
  no 'from.reset' write handler
Rx rate: 812645
While executing 'Script@4 :: Script':
  no 'from.reset' write handler
Rx rate: 811180
While executing 'Script@4 :: Script':
  no 'from.reset' write handler
Rx rate: 813114
While executing 'Script@4 :: Script':
  no 'from.reset' write handler
Rx rate: 813112
While executing 'Script@4 :: Script':
  no 'from.reset' write handler
Rx rate: 813304
While executing 'Script@4 :: Script':
  no 'from.reset' write handler
Rx rate: 813061
While executing 'Script@4 :: Script':
  no 'from.reset' write handler
Rx rate: 813403
While executing 'Script@4 :: Script':
  no 'from.reset' write handler
Rx rate: 813306
While executing 'Script@4 :: Script':
  no 'from.reset' write handler
Rx rate: 813184
While executing 'Script@4 :: Script':
  no 'from.reset' write handler
Rx rate: 812584
While executing 'Script@4 :: Script':
  no 'from.reset' write handler
Rx rate: 812431
While executing 'Script@4 :: Script':
  no 'from.reset' write handler
Rx rate: 811692
While executing 'Script@4 :: Script':
  no 'from.reset' write handler
Rx rate: 812399.6004
While executing 'Script@4 :: Script':
  no 'from.reset' write handler
Rx rate: 813221
While executing 'Script@4 :: Script':
  no 'from.reset' write handler
Rx rate: 813247
While executing 'Script@4 :: Script':
  no 'from.reset' write handler
Rx rate: 813364
While executing 'Script@4 :: Script':
  no 'from.reset' write handler
Rx rate: 813274
While executing 'Script@4 :: Script':
  no 'from.reset' write handler
Rx rate: 813363
While executing 'Script@4 :: Script':
  no 'from.reset' write handler
Rx rate: 813169
While executing 'Script@4 :: Script':
  no 'from.reset' write handler
Rx rate: 812372
While executing 'Script@4 :: Script':
  no 'from.reset' write handler
Rx rate: 812782
While executing 'Script@4 :: Script':
  no 'from.reset' write handler
Rx rate: 813298
While executing 'Script@4 :: Script':
  no 'from.reset' write handler
Rx rate: 811142
While executing 'Script@4 :: Script':
  no 'from.reset' write handler
Rx rate: 813514
While executing 'Script@4 :: Script':
  no 'from.reset' write handler
Rx rate: 812948
While executing 'Script@4 :: Script':
  no 'from.reset' write handler
Rx rate: 813227
While executing 'Script@4 :: Script':
  no 'from.reset' write handler
Rx rate: 813311
While executing 'Script@4 :: Script':
  no 'from.reset' write handler
Rx rate: 814034.034034
While executing 'Script@4 :: Script':
  no 'from.reset' write handler
Rx rate: 813002
While executing 'Script@4 :: Script':
  no 'from.reset' write handler
Rx rate: 812239
While executing 'Script@4 :: Script':
  no 'from.reset' write handler
Rx rate: 812629
While executing 'Script@4 :: Script':
  no 'from.reset' write handler
Rx rate: 813334
While executing 'Script@4 :: Script':
  no 'from.reset' write handler
Rx rate: 811537
While executing 'Script@4 :: Script':
  no 'from.reset' write handler
Rx rate: 813363
While executing 'Script@4 :: Script':
  no 'from.reset' write handler
Rx rate: 813276
While executing 'Script@4 :: Script':
  no 'from.reset' write handler
Rx rate: 813432
While executing 'Script@4 :: Script':
  no 'from.reset' write handler
Rx rate: 813114
While executing 'Script@4 :: Script':
  no 'from.reset' write handler
Rx rate: 813185
While executing 'Script@4 :: Script':
  no 'from.reset' write handler
Rx rate: 813271
While executing 'Script@4 :: Script':
  no 'from.reset' write handler
Rx rate: 812078
While executing 'Script@4 :: Script':
  no 'from.reset' write handler
Rx rate: 812607
While executing 'Script@4 :: Script':
  no 'from.reset' write handler
Rx rate: 813056
While executing 'Script@4 :: Script':
  no 'from.reset' write handler
Rx rate: 811463
While executing 'Script@4 :: Script':
  no 'from.reset' write handler
Rx rate: 813382
While executing 'Script@4 :: Script':
  no 'from.reset' write handler
Rx rate: 813137
While executing 'Script@4 :: Script':
  no 'from.reset' write handler
Rx rate: 813009
While executing 'Script@4 :: Script':
  no 'from.reset' write handler
Rx rate: 812869
While executing 'Script@4 :: Script':
  no 'from.reset' write handler
Rx rate: 813243
While executing 'Script@4 :: Script':
  no 'from.reset' write handler
Rx rate: 813246
While executing 'Script@4 :: Script':
  no 'from.reset' write handler
Rx rate: 812349
While executing 'Script@4 :: Script':
  no 'from.reset' write handler
Rx rate: 812761
While executing 'Script@4 :: Script':
  no 'from.reset' write handler
Rx rate: 812960
While executing 'Script@4 :: Script':
  no 'from.reset' write handler
Rx rate: 811454
While executing 'Script@4 :: Script':
  no 'from.reset' write handler
Rx rate: 813078
While executing 'Script@4 :: Script':
  no 'from.reset' write handler
Rx rate: 813152
While executing 'Script@4 :: Script':
  no 'from.reset' write handler
Rx rate: 812972
While executing 'Script@4 :: Script':
  no 'from.reset' write handler
Rx rate: 813335
While executing 'Script@4 :: Script':
  no 'from.reset' write handler
Rx rate: 812480.519481
While executing 'Script@4 :: Script':
  no 'from.reset' write handler
Rx rate: 813277
While executing 'Script@4 :: Script':
  no 'from.reset' write handler
Rx rate: 812355
While executing 'Script@4 :: Script':
  no 'from.reset' write handler
AUTOTEST_DONE
