Rx rate: 0
While executing 'Script@8 :: Script':
  no 'from.reset' write handler
Rx rate: 931235.955056
While executing 'Script@8 :: Script':
  no 'from.reset' write handler
Rx rate: 931816.183816
While executing 'Script@8 :: Script':
  no 'from.reset' write handler
Rx rate: 930586.413586
While executing 'Script@8 :: Script':
  no 'from.reset' write handler
Rx rate: 930538.922156
While executing 'Script@8 :: Script':
  no 'from.reset' write handler
Rx rate: 932400
While executing 'Script@8 :: Script':
  no 'from.reset' write handler
Rx rate: 931857.142857
While executing 'Script@8 :: Script':
  no 'from.reset' write handler
Rx rate: 931597.402597
While executing 'Script@8 :: Script':
  no 'from.reset' write handler
Rx rate: 932762.237762
While executing 'Script@8 :: Script':
  no 'from.reset' write handler
Rx rate: 932892.107892
While executing 'Script@8 :: Script':
  no 'from.reset' write handler
Rx rate: 929268.731269
While executing 'Script@8 :: Script':
  no 'from.reset' write handler
Rx rate: 932400
While executing 'Script@8 :: Script':
  no 'from.reset' write handler
Rx rate: 921797
While executing 'Script@8 :: Script':
  no 'from.reset' write handler
Rx rate: 931194
While executing 'Script@8 :: Script':
  no 'from.reset' write handler
Rx rate: 927780.21978
While executing 'Script@8 :: Script':
  no 'from.reset' write handler
Rx rate: 932918
While executing 'Script@8 :: Script':
  no 'from.reset' write handler
Rx rate: 927846.153846
While executing 'Script@8 :: Script':
  no 'from.reset' write handler
Rx rate: 929810
While executing 'Script@8 :: Script':
  no 'from.reset' write handler
Rx rate: 929292
While executing 'Script@8 :: Script':
  no 'from.reset' write handler
Rx rate: 931882
While executing 'Script@8 :: Script':
  no 'from.reset' write handler
Rx rate: 931364
While executing 'Script@8 :: Script':
  no 'from.reset' write handler
Rx rate: 932400
While executing 'Script@8 :: Script':
  no 'from.reset' write handler
Rx rate: 931385
While executing 'Script@8 :: Script':
  no 'from.reset' write handler
Rx rate: 930024.975025
While executing 'Script@8 :: Script':
  no 'from.reset' write handler
Rx rate: 928801
While executing 'Script@8 :: Script':
  no 'from.reset' write handler
Rx rate: 932400
While executing 'Script@8 :: Script':
  no 'from.reset' write handler
Rx rate: 931752
While executing 'Script@8 :: Script':
  no 'from.reset' write handler
Rx rate: 934055.944056
While executing 'Script@8 :: Script':
  no 'from.reset' write handler
Rx rate: 931105
While executing 'Script@8 :: Script':
  no 'from.reset' write handler
Rx rate: 933436
While executing 'Script@8 :: Script':
  no 'from.reset' write handler
Rx rate: 931882
While executing 'Script@8 :: Script':
  no 'from.reset' write handler
Rx rate: 930328
While executing 'Script@8 :: Script':
  no 'from.reset' write handler
Rx rate: 931740
While executing 'Script@8 :: Script':
  no 'from.reset' write handler
Rx rate: 932819
While executing 'Script@8 :: Script':
  no 'from.reset' write handler
Rx rate: 929339
While executing 'Script@8 :: Script':
  no 'from.reset' write handler
Rx rate: 931364
While executing 'Script@8 :: Script':
  no 'from.reset' write handler
Rx rate: 930846
While executing 'Script@8 :: Script':
  no 'from.reset' write handler
Rx rate: 931882
While executing 'Script@8 :: Script':
  no 'from.reset' write handler
Rx rate: 930328
While executing 'Script@8 :: Script':
  no 'from.reset' write handler
Rx rate: 934990
While executing 'Script@8 :: Script':
  no 'from.reset' write handler
Rx rate: 934602
While executing 'Script@8 :: Script':
  no 'from.reset' write handler
Rx rate: 936285
While executing 'Script@8 :: Script':
  no 'from.reset' write handler
Rx rate: 925719
While executing 'Script@8 :: Script':
  no 'from.reset' write handler
Rx rate: 933937
While executing 'Script@8 :: Script':
  no 'from.reset' write handler
Rx rate: 930880.11988
While executing 'Script@8 :: Script':
  no 'from.reset' write handler
Rx rate: 929810
While executing 'Script@8 :: Script':
  no 'from.reset' write handler
Rx rate: 930328
While executing 'Script@8 :: Script':
  no 'from.reset' write handler
Rx rate: 926293.706294
While executing 'Script@8 :: Script':
  no 'from.reset' write handler
Rx rate: 926702
While executing 'Script@8 :: Script':
  no 'from.reset' write handler
Rx rate: 923706.293706
While executing 'Script@8 :: Script':
  no 'from.reset' write handler
Rx rate: 926184
While executing 'Script@8 :: Script':
  no 'from.reset' write handler
Rx rate: 925666
While executing 'Script@8 :: Script':
  no 'from.reset' write handler
Rx rate: 922533.466533
While executing 'Script@8 :: Script':
  no 'from.reset' write handler
Rx rate: 926040
While executing 'Script@8 :: Script':
  no 'from.reset' write handler
Rx rate: 924630
While executing 'Script@8 :: Script':
  no 'from.reset' write handler
Rx rate: 925104
While executing 'Script@8 :: Script':
  no 'from.reset' write handler
Rx rate: 927350
While executing 'Script@8 :: Script':
  no 'from.reset' write handler
Rx rate: 924241
While executing 'Script@8 :: Script':
  no 'from.reset' write handler
Rx rate: 925796
While executing 'Script@8 :: Script':
  no 'from.reset' write handler
Rx rate: 925407
While executing 'Script@8 :: Script':
  no 'from.reset' write handler
Rx rate: 927198.801199
While executing 'Script@8 :: Script':
  no 'from.reset' write handler
Rx rate: 925647.352647
While executing 'Script@8 :: Script':
  no 'from.reset' write handler
Rx rate: 927289
While executing 'Script@8 :: Script':
  no 'from.reset' write handler
Rx rate: 932280
While executing 'Script@8 :: Script':
  no 'from.reset' write handler
Rx rate: 932789
While executing 'Script@8 :: Script':
  no 'from.reset' write handler
Rx rate: 930859
While executing 'Script@8 :: Script':
  no 'from.reset' write handler
Rx rate: 939134
While executing 'Script@8 :: Script':
  no 'from.reset' write handler
Rx rate: 938098
While executing 'Script@8 :: Script':
  no 'from.reset' write handler
Rx rate: 935508
While executing 'Script@8 :: Script':
  no 'from.reset' write handler
Rx rate: 934055.944056
While executing 'Script@8 :: Script':
  no 'from.reset' write handler
Rx rate: 933390
While executing 'Script@8 :: Script':
  no 'from.reset' write handler
Rx rate: 930328
While executing 'Script@8 :: Script':
  no 'from.reset' write handler
Rx rate: 922782
While executing 'Script@8 :: Script':
  no 'from.reset' write handler
AUTOTEST_DONE
