Rx rate: 119990   TxExt rate: 119990   TxInt rate: 0
While executing 'Script@35 :: Script':
  no 'from_device.reset' write handler
to_device :: Queue: overflow
Rx rate: 412360   TxExt rate: 412360   TxInt rate: 0
While executing 'Script@35 :: Script':
  no 'from_device.reset' write handler
Rx rate: 416000   TxExt rate: 416000   TxInt rate: 0
While executing 'Script@35 :: Script':
  no 'from_device.reset' write handler
Rx rate: 411320   TxExt rate: 411320   TxInt rate: 0
While executing 'Script@35 :: Script':
  no 'from_device.reset' write handler
Rx rate: 419640   TxExt rate: 419640   TxInt rate: 0
While executing 'Script@35 :: Script':
  no 'from_device.reset' write handler
Rx rate: 417193   TxExt rate: 417193   TxInt rate: 0
While executing 'Script@35 :: Script':
  no 'from_device.reset' write handler
Rx rate: 417699   TxExt rate: 417699   TxInt rate: 0
While executing 'Script@35 :: Script':
  no 'from_device.reset' write handler
Rx rate: 415025   TxExt rate: 415025   TxInt rate: 0
While executing 'Script@35 :: Script':
  no 'from_device.reset' write handler
Rx rate: 411840   TxExt rate: 411840   TxInt rate: 0
While executing 'Script@35 :: Script':
  no 'from_device.reset' write handler
Rx rate: 421135   TxExt rate: 421135   TxInt rate: 0
While executing 'Script@35 :: Script':
  no 'from_device.reset' write handler
Rx rate: 417105   TxExt rate: 417105   TxInt rate: 0
While executing 'Script@35 :: Script':
  no 'from_device.reset' write handler
Rx rate: 412945   TxExt rate: 412945   TxInt rate: 0
While executing 'Script@35 :: Script':
  no 'from_device.reset' write handler
Rx rate: 414050   TxExt rate: 414050   TxInt rate: 0
While executing 'Script@35 :: Script':
  no 'from_device.reset' write handler
Rx rate: 413010   TxExt rate: 413010   TxInt rate: 0
While executing 'Script@35 :: Script':
  no 'from_device.reset' write handler
Rx rate: 413920   TxExt rate: 413920   TxInt rate: 0
While executing 'Script@35 :: Script':
  no 'from_device.reset' write handler
Rx rate: 412068   TxExt rate: 412068   TxInt rate: 0
While executing 'Script@35 :: Script':
  no 'from_device.reset' write handler
Rx rate: 415036   TxExt rate: 415036   TxInt rate: 0
While executing 'Script@35 :: Script':
  no 'from_device.reset' write handler
Rx rate: 416650   TxExt rate: 416650   TxInt rate: 0
While executing 'Script@35 :: Script':
  no 'from_device.reset' write handler
Rx rate: 414570   TxExt rate: 414570   TxInt rate: 0
While executing 'Script@35 :: Script':
  no 'from_device.reset' write handler
Rx rate: 412620   TxExt rate: 412620   TxInt rate: 0
While executing 'Script@35 :: Script':
  no 'from_device.reset' write handler
Rx rate: 414375   TxExt rate: 414375   TxInt rate: 0
While executing 'Script@35 :: Script':
  no 'from_device.reset' write handler
Rx rate: 419510   TxExt rate: 419510   TxInt rate: 0
While executing 'Script@35 :: Script':
  no 'from_device.reset' write handler
Rx rate: 410670   TxExt rate: 410670   TxInt rate: 0
While executing 'Script@35 :: Script':
  no 'from_device.reset' write handler
Rx rate: 413400   TxExt rate: 413400   TxInt rate: 0
While executing 'Script@35 :: Script':
  no 'from_device.reset' write handler
Rx rate: 407810   TxExt rate: 407810   TxInt rate: 0
While executing 'Script@35 :: Script':
  no 'from_device.reset' write handler
Rx rate: 401388   TxExt rate: 401388   TxInt rate: 0
While executing 'Script@35 :: Script':
  no 'from_device.reset' write handler
Rx rate: 417148   TxExt rate: 417148   TxInt rate: 0
While executing 'Script@35 :: Script':
  no 'from_device.reset' write handler
Rx rate: 413140   TxExt rate: 413140   TxInt rate: 0
While executing 'Script@35 :: Script':
  no 'from_device.reset' write handler
Rx rate: 410150   TxExt rate: 410150   TxInt rate: 0
While executing 'Script@35 :: Script':
  no 'from_device.reset' write handler
Rx rate: 416000   TxExt rate: 416000   TxInt rate: 0
While executing 'Script@35 :: Script':
  no 'from_device.reset' write handler
Rx rate: 409630   TxExt rate: 409630   TxInt rate: 0
While executing 'Script@35 :: Script':
  no 'from_device.reset' write handler
Rx rate: 413790   TxExt rate: 413790   TxInt rate: 0
While executing 'Script@35 :: Script':
  no 'from_device.reset' write handler
Rx rate: 416780   TxExt rate: 416780   TxInt rate: 0
While executing 'Script@35 :: Script':
  no 'from_device.reset' write handler
Rx rate: 413530   TxExt rate: 413530   TxInt rate: 0
While executing 'Script@35 :: Script':
  no 'from_device.reset' write handler
Rx rate: 413270   TxExt rate: 413270   TxInt rate: 0
While executing 'Script@35 :: Script':
  no 'from_device.reset' write handler
Rx rate: 416162   TxExt rate: 416162   TxInt rate: 0
While executing 'Script@35 :: Script':
  no 'from_device.reset' write handler
Rx rate: 421536   TxExt rate: 421536   TxInt rate: 0
While executing 'Script@35 :: Script':
  no 'from_device.reset' write handler
Rx rate: 420160   TxExt rate: 420160   TxInt rate: 0
While executing 'Script@35 :: Script':
  no 'from_device.reset' write handler
Rx rate: 419380   TxExt rate: 419380   TxInt rate: 0
While executing 'Script@35 :: Script':
  no 'from_device.reset' write handler
Rx rate: 426010   TxExt rate: 426010   TxInt rate: 0
While executing 'Script@35 :: Script':
  no 'from_device.reset' write handler
Rx rate: 429910   TxExt rate: 429910   TxInt rate: 0
While executing 'Script@35 :: Script':
  no 'from_device.reset' write handler
Rx rate: 421720   TxExt rate: 421720   TxInt rate: 0
While executing 'Script@35 :: Script':
  no 'from_device.reset' write handler
Rx rate: 422760   TxExt rate: 422760   TxInt rate: 0
While executing 'Script@35 :: Script':
  no 'from_device.reset' write handler
Rx rate: 424450   TxExt rate: 424450   TxInt rate: 0
While executing 'Script@35 :: Script':
  no 'from_device.reset' write handler
Rx rate: 422240   TxExt rate: 422240   TxInt rate: 0
While executing 'Script@35 :: Script':
  no 'from_device.reset' write handler
Rx rate: 420756   TxExt rate: 420756   TxInt rate: 0
While executing 'Script@35 :: Script':
  no 'from_device.reset' write handler
Rx rate: 418916   TxExt rate: 418916   TxInt rate: 0
While executing 'Script@35 :: Script':
  no 'from_device.reset' write handler
Rx rate: 413270   TxExt rate: 413270   TxInt rate: 0
While executing 'Script@35 :: Script':
  no 'from_device.reset' write handler
Rx rate: 412555   TxExt rate: 412555   TxInt rate: 0
While executing 'Script@35 :: Script':
  no 'from_device.reset' write handler
Rx rate: 408915   TxExt rate: 408915   TxInt rate: 0
While executing 'Script@35 :: Script':
  no 'from_device.reset' write handler
Rx rate: 413790   TxExt rate: 413790   TxInt rate: 0
While executing 'Script@35 :: Script':
  no 'from_device.reset' write handler
Rx rate: 418535   TxExt rate: 418535   TxInt rate: 0
While executing 'Script@35 :: Script':
  no 'from_device.reset' write handler
Rx rate: 413465   TxExt rate: 413465   TxInt rate: 0
While executing 'Script@35 :: Script':
  no 'from_device.reset' write handler
Rx rate: 412750   TxExt rate: 412750   TxInt rate: 0
While executing 'Script@35 :: Script':
  no 'from_device.reset' write handler
Rx rate: 413335   TxExt rate: 413335   TxInt rate: 0
While executing 'Script@35 :: Script':
  no 'from_device.reset' write handler
Rx rate: 417831   TxExt rate: 417831   TxInt rate: 0
While executing 'Script@35 :: Script':
  no 'from_device.reset' write handler
Rx rate: 412848   TxExt rate: 412848   TxInt rate: 0
While executing 'Script@35 :: Script':
  no 'from_device.reset' write handler
Rx rate: 422370   TxExt rate: 422370   TxInt rate: 0
While executing 'Script@35 :: Script':
  no 'from_device.reset' write handler
Rx rate: 423215   TxExt rate: 423215   TxInt rate: 0
While executing 'Script@35 :: Script':
  no 'from_device.reset' write handler
Rx rate: 425295   TxExt rate: 425295   TxInt rate: 0
While executing 'Script@35 :: Script':
  no 'from_device.reset' write handler
Rx rate: 419770   TxExt rate: 419770   TxInt rate: 0
While executing 'Script@35 :: Script':
  no 'from_device.reset' write handler
Rx rate: 422760   TxExt rate: 422760   TxInt rate: 0
While executing 'Script@35 :: Script':
  no 'from_device.reset' write handler
Rx rate: 415740   TxExt rate: 415740   TxInt rate: 0
While executing 'Script@35 :: Script':
  no 'from_device.reset' write handler
Rx rate: 413790   TxExt rate: 413790   TxInt rate: 0
While executing 'Script@35 :: Script':
  no 'from_device.reset' write handler
Rx rate: 418860   TxExt rate: 418860   TxInt rate: 0
While executing 'Script@35 :: Script':
  no 'from_device.reset' write handler
Rx rate: 413476   TxExt rate: 413476   TxInt rate: 0
While executing 'Script@35 :: Script':
  no 'from_device.reset' write handler
Rx rate: 416619   TxExt rate: 416619   TxInt rate: 0
While executing 'Script@35 :: Script':
  no 'from_device.reset' write handler
Rx rate: 413270   TxExt rate: 413270   TxInt rate: 0
While executing 'Script@35 :: Script':
  no 'from_device.reset' write handler
Rx rate: 413400   TxExt rate: 413400   TxInt rate: 0
While executing 'Script@35 :: Script':
  no 'from_device.reset' write handler
Rx rate: 413140   TxExt rate: 413140   TxInt rate: 0
While executing 'Script@35 :: Script':
  no 'from_device.reset' write handler
Rx rate: 414050   TxExt rate: 414050   TxInt rate: 0
While executing 'Script@35 :: Script':
  no 'from_device.reset' write handler
Rx rate: 417170   TxExt rate: 417170   TxInt rate: 0
While executing 'Script@35 :: Script':
  no 'from_device.reset' write handler
AUTOTEST_DONE
