Rx rate: 0
While executing 'Script@8 :: Script':
  no 'from.reset' write handler
Rx rate: 851502.283105
While executing 'Script@8 :: Script':
  no 'from.reset' write handler
Rx rate: 851530
While executing 'Script@8 :: Script':
  no 'from.reset' write handler
Rx rate: 846914.171657
While executing 'Script@8 :: Script':
  no 'from.reset' write handler
Rx rate: 848712.151394
While executing 'Script@8 :: Script':
  no 'from.reset' write handler
Rx rate: 852625
While executing 'Script@8 :: Script':
  no 'from.reset' write handler
Rx rate: 850499.5005
While executing 'Script@8 :: Script':
  no 'from.reset' write handler
Rx rate: 844919.080919
While executing 'Script@8 :: Script':
  no 'from.reset' write handler
Rx rate: 851977
While executing 'Script@8 :: Script':
  no 'from.reset' write handler
Rx rate: 849963.036963
While executing 'Script@8 :: Script':
  no 'from.reset' write handler
Rx rate: 846024
While executing 'Script@8 :: Script':
  no 'from.reset' write handler
Rx rate: 837742.51497
While executing 'Script@8 :: Script':
  no 'from.reset' write handler
Rx rate: 808961.038961
While executing 'Script@8 :: Script':
  no 'from.reset' write handler
Rx rate: 841888.111888
While executing 'Script@8 :: Script':
  no 'from.reset' write handler
Rx rate: 839160
While executing 'Script@8 :: Script':
  no 'from.reset' write handler
Rx rate: 841232
While executing 'Script@8 :: Script':
  no 'from.reset' write handler
Rx rate: 845689
While executing 'Script@8 :: Script':
  no 'from.reset' write handler
Rx rate: 847118.881119
While executing 'Script@8 :: Script':
  no 'from.reset' write handler
Rx rate: 843107.892108
While executing 'Script@8 :: Script':
  no 'from.reset' write handler
Rx rate: 850682
While executing 'Script@8 :: Script':
  no 'from.reset' write handler
Rx rate: 847189
While executing 'Script@8 :: Script':
  no 'from.reset' write handler
Rx rate: 844208
While executing 'Script@8 :: Script':
  no 'from.reset' write handler
Rx rate: 840893.106893
While executing 'Script@8 :: Script':
  no 'from.reset' write handler
Rx rate: 842390
While executing 'Script@8 :: Script':
  no 'from.reset' write handler
Rx rate: 852034.965035
While executing 'Script@8 :: Script':
  no 'from.reset' write handler
Rx rate: 843045
While executing 'Script@8 :: Script':
  no 'from.reset' write handler
Rx rate: 843496.503497
While executing 'Script@8 :: Script':
  no 'from.reset' write handler
Rx rate: 837506
While executing 'Script@8 :: Script':
  no 'from.reset' write handler
Rx rate: 833980
While executing 'Script@8 :: Script':
  no 'from.reset' write handler
Rx rate: 836569
While executing 'Script@8 :: Script':
  no 'from.reset' write handler
Rx rate: 838901
While executing 'Script@8 :: Script':
  no 'from.reset' write handler
Rx rate: 843563
While executing 'Script@8 :: Script':
  no 'from.reset' write handler
Rx rate: 843563
While executing 'Script@8 :: Script':
  no 'from.reset' write handler
Rx rate: 844428.571429
While executing 'Script@8 :: Script':
  no 'from.reset' write handler
Rx rate: 852628
While executing 'Script@8 :: Script':
  no 'from.reset' write handler
Rx rate: 851850
While executing 'Script@8 :: Script':
  no 'from.reset' write handler
Rx rate: 849001
While executing 'Script@8 :: Script':
  no 'from.reset' write handler
Rx rate: 838586.413586
While executing 'Script@8 :: Script':
  no 'from.reset' write handler
Rx rate: 846667
While executing 'Script@8 :: Script':
  no 'from.reset' write handler
Rx rate: 848153.846154
While executing 'Script@8 :: Script':
  no 'from.reset' write handler
Rx rate: 847965
While executing 'Script@8 :: Script':
  no 'from.reset' write handler
Rx rate: 842202.797203
While executing 'Script@8 :: Script':
  no 'from.reset' write handler
Rx rate: 803677
While executing 'Script@8 :: Script':
  no 'from.reset' write handler
Rx rate: 842076
While executing 'Script@8 :: Script':
  no 'from.reset' write handler
Rx rate: 847706
While executing 'Script@8 :: Script':
  no 'from.reset' write handler
Rx rate: 858326
While executing 'Script@8 :: Script':
  no 'from.reset' write handler
Rx rate: 857160
While executing 'Script@8 :: Script':
  no 'from.reset' write handler
Rx rate: 852916
While executing 'Script@8 :: Script':
  no 'from.reset' write handler
Rx rate: 850556
While executing 'Script@8 :: Script':
  no 'from.reset' write handler
Rx rate: 842786
While executing 'Script@8 :: Script':
  no 'from.reset' write handler
Rx rate: 838640
While executing 'Script@8 :: Script':
  no 'from.reset' write handler
Rx rate: 836828
While executing 'Script@8 :: Script':
  no 'from.reset' write handler
Rx rate: 838578.421578
While executing 'Script@8 :: Script':
  no 'from.reset' write handler
Rx rate: 839076
While executing 'Script@8 :: Script':
  no 'from.reset' write handler
Rx rate: 843691
While executing 'Script@8 :: Script':
  no 'from.reset' write handler
Rx rate: 844857
While executing 'Script@8 :: Script':
  no 'from.reset' write handler
Rx rate: 850741.258741
While executing 'Script@8 :: Script':
  no 'from.reset' write handler
Rx rate: 845953
While executing 'Script@8 :: Script':
  no 'from.reset' write handler
Rx rate: 862988
While executing 'Script@8 :: Script':
  no 'from.reset' write handler
Rx rate: 861175
While executing 'Script@8 :: Script':
  no 'from.reset' write handler
Rx rate: 869980
While executing 'Script@8 :: Script':
  no 'from.reset' write handler
Rx rate: 863377
While executing 'Script@8 :: Script':
  no 'from.reset' write handler
Rx rate: 859973.053892
While executing 'Script@8 :: Script':
  no 'from.reset' write handler
Rx rate: 847395
While executing 'Script@8 :: Script':
  no 'from.reset' write handler
Rx rate: 851776.223776
While executing 'Script@8 :: Script':
  no 'from.reset' write handler
Rx rate: 866614
While executing 'Script@8 :: Script':
  no 'from.reset' write handler
Rx rate: 859361
While executing 'Script@8 :: Script':
  no 'from.reset' write handler
Rx rate: 862599
While executing 'Script@8 :: Script':
  no 'from.reset' write handler
Rx rate: 842156
While executing 'Script@8 :: Script':
  no 'from.reset' write handler
Rx rate: 838124
While executing 'Script@8 :: Script':
  no 'from.reset' write handler
Rx rate: 835016
While executing 'Script@8 :: Script':
  no 'from.reset' write handler
Rx rate: 848484
While executing 'Script@8 :: Script':
  no 'from.reset' write handler
Rx rate: 809374
While executing 'Script@8 :: Script':
  no 'from.reset' write handler
AUTOTEST_DONE
