/tmp/linux.click:2: While initializing 'from :: FromDevice':
  warning: ens7: no IPv4 address assigned
Rx rate: 0
While executing 'Script@8 :: Script':
  no 'from.reset' write handler
Rx rate: 766500
While executing 'Script@8 :: Script':
  no 'from.reset' write handler
Rx rate: 781490.509491
While executing 'Script@8 :: Script':
  no 'from.reset' write handler
Rx rate: 812428
While executing 'Script@8 :: Script':
  no 'from.reset' write handler
Rx rate: 813092
While executing 'Script@8 :: Script':
  no 'from.reset' write handler
Rx rate: 813312
While executing 'Script@8 :: Script':
  no 'from.reset' write handler
Rx rate: 810770
While executing 'Script@8 :: Script':
  no 'from.reset' write handler
Rx rate: 809339
While executing 'Script@8 :: Script':
  no 'from.reset' write handler
Rx rate: 811575
While executing 'Script@8 :: Script':
  no 'from.reset' write handler
Rx rate: 809995
While executing 'Script@8 :: Script':
  no 'from.reset' write handler
Rx rate: 812694
While executing 'Script@8 :: Script':
  no 'from.reset' write handler
Rx rate: 813317
While executing 'Script@8 :: Script':
  no 'from.reset' write handler
Rx rate: 810661
While executing 'Script@8 :: Script':
  no 'from.reset' write handler
Rx rate: 813213
While executing 'Script@8 :: Script':
  no 'from.reset' write handler
Rx rate: 813087
While executing 'Script@8 :: Script':
  no 'from.reset' write handler
Rx rate: 809955
While executing 'Script@8 :: Script':
  no 'from.reset' write handler
Rx rate: 813323
While executing 'Script@8 :: Script':
  no 'from.reset' write handler
Rx rate: 813115
While executing 'Script@8 :: Script':
  no 'from.reset' write handler
Rx rate: 812695
While executing 'Script@8 :: Script':
  no 'from.reset' write handler
Rx rate: 807749
While executing 'Script@8 :: Script':
  no 'from.reset' write handler
Rx rate: 812486
While executing 'Script@8 :: Script':
  no 'from.reset' write handler
Rx rate: 813366
While executing 'Script@8 :: Script':
  no 'from.reset' write handler
Rx rate: 805188
While executing 'Script@8 :: Script':
  no 'from.reset' write handler
Rx rate: 813197
While executing 'Script@8 :: Script':
  no 'from.reset' write handler
Rx rate: 813203
While executing 'Script@8 :: Script':
  no 'from.reset' write handler
Rx rate: 803788
While executing 'Script@8 :: Script':
  no 'from.reset' write handler
Rx rate: 813162
While executing 'Script@8 :: Script':
  no 'from.reset' write handler
Rx rate: 813207
While executing 'Script@8 :: Script':
  no 'from.reset' write handler
Rx rate: 804248
While executing 'Script@8 :: Script':
  no 'from.reset' write handler
Rx rate: 810856
While executing 'Script@8 :: Script':
  no 'from.reset' write handler
Rx rate: 812645
While executing 'Script@8 :: Script':
  no 'from.reset' write handler
Rx rate: 813350
While executing 'Script@8 :: Script':
  no 'from.reset' write handler
Rx rate: 812840
While executing 'Script@8 :: Script':
  no 'from.reset' write handler
Rx rate: 813267
While executing 'Script@8 :: Script':
  no 'from.reset' write handler
Rx rate: 813093
While executing 'Script@8 :: Script':
  no 'from.reset' write handler
Rx rate: 813116
While executing 'Script@8 :: Script':
  no 'from.reset' write handler
Rx rate: 813137
While executing 'Script@8 :: Script':
  no 'from.reset' write handler
Rx rate: 813294
While executing 'Script@8 :: Script':
  no 'from.reset' write handler
Rx rate: 813135
While executing 'Script@8 :: Script':
  no 'from.reset' write handler
Rx rate: 810656
While executing 'Script@8 :: Script':
  no 'from.reset' write handler
Rx rate: 812770
While executing 'Script@8 :: Script':
  no 'from.reset' write handler
Rx rate: 813270
While executing 'Script@8 :: Script':
  no 'from.reset' write handler
Rx rate: 813272
While executing 'Script@8 :: Script':
  no 'from.reset' write handler
Rx rate: 813034
While executing 'Script@8 :: Script':
  no 'from.reset' write handler
Rx rate: 812178.821179
While executing 'Script@8 :: Script':
  no 'from.reset' write handler
Rx rate: 813110
While executing 'Script@8 :: Script':
  no 'from.reset' write handler
Rx rate: 813109
While executing 'Script@8 :: Script':
  no 'from.reset' write handler
Rx rate: 813238
While executing 'Script@8 :: Script':
  no 'from.reset' write handler
Rx rate: 813418
While executing 'Script@8 :: Script':
  no 'from.reset' write handler
Rx rate: 810419
While executing 'Script@8 :: Script':
  no 'from.reset' write handler
Rx rate: 812687
While executing 'Script@8 :: Script':
  no 'from.reset' write handler
Rx rate: 813179
While executing 'Script@8 :: Script':
  no 'from.reset' write handler
Rx rate: 813142
While executing 'Script@8 :: Script':
  no 'from.reset' write handler
Rx rate: 813154
While executing 'Script@8 :: Script':
  no 'from.reset' write handler
Rx rate: 812927
While executing 'Script@8 :: Script':
  no 'from.reset' write handler
Rx rate: 813199
While executing 'Script@8 :: Script':
  no 'from.reset' write handler
Rx rate: 812863
While executing 'Script@8 :: Script':
  no 'from.reset' write handler
Rx rate: 812898
While executing 'Script@8 :: Script':
  no 'from.reset' write handler
Rx rate: 812572
While executing 'Script@8 :: Script':
  no 'from.reset' write handler
Rx rate: 812226
While executing 'Script@8 :: Script':
  no 'from.reset' write handler
Rx rate: 810771
While executing 'Script@8 :: Script':
  no 'from.reset' write handler
Rx rate: 812947
While executing 'Script@8 :: Script':
  no 'from.reset' write handler
Rx rate: 813111
While executing 'Script@8 :: Script':
  no 'from.reset' write handler
Rx rate: 813199
While executing 'Script@8 :: Script':
  no 'from.reset' write handler
Rx rate: 813069
While executing 'Script@8 :: Script':
  no 'from.reset' write handler
Rx rate: 813228
While executing 'Script@8 :: Script':
  no 'from.reset' write handler
Rx rate: 813146
While executing 'Script@8 :: Script':
  no 'from.reset' write handler
Rx rate: 813291
While executing 'Script@8 :: Script':
  no 'from.reset' write handler
Rx rate: 813125
While executing 'Script@8 :: Script':
  no 'from.reset' write handler
Rx rate: 812135
While executing 'Script@8 :: Script':
  no 'from.reset' write handler
Rx rate: 810774
While executing 'Script@8 :: Script':
  no 'from.reset' write handler
Rx rate: 813285
While executing 'Script@8 :: Script':
  no 'from.reset' write handler
Rx rate: 812951
While executing 'Script@8 :: Script':
  no 'from.reset' write handler
AUTOTEST_DONE
