Time,Device,Direction,PacketRate,Mbit,MbitWithFraming,TotalPackets,TotalBytes
1748480503,Device: id=0,RX,0.53917469965109,1052.4758367522,1138.7437886964,542427,132353290
1748480503,Device: id=0,TX,0,0,0,0,0
1748480504,Device: id=0,RX,0.53988142613119,1053.8427104398,1140.2237386207,1084403,264594702
1748480504,Device: id=0,TX,0,0,0,0,0
1748480505,Device: id=0,RX,0.53848581039637,1051.1243018937,1137.2820315571,1625745,396682150
1748480505,Device: id=0,TX,0,0,0,0,0
1748480506,Device: id=0,RX,0.53895873775068,1052.0474560893,1138.2808541294,2167563,528885742
1748480506,Device: id=0,TX,0,0,0,0,0
1748480507,Device: id=0,RX,0.53870513269086,1051.5504773457,1137.7432985762,2709135,661029066
1748480507,Device: id=0,TX,0,0,0,0,0
1748480508,Device: id=0,RX,0.5368744751545,1047.9789755016,1133.8788915263,3248849,792719282
1748480508,Device: id=0,TX,0,0,0,0,0
1748480509,Device: id=0,RX,0.53706385891714,1048.3505935901,1134.2808110168,3788961,924506854
1748480509,Device: id=0,TX,0,0,0,0,0
1748480510,Device: id=0,RX,0.53606517245103,1046.3972749251,1132.1677025173,4327870,1056000406
1748480510,Device: id=0,TX,0,0,0,0,0
1748480511,Device: id=0,RX,0.53669432662419,1047.6292672715,1133.5003595313,4867411,1187648654
1748480511,Device: id=0,TX,0,0,0,0,0
1748480512,Device: id=0,RX,0.53163490197103,1037.7513286475,1122.8129129628,5401951,1318076414
1748480512,Device: id=0,TX,0,0,0,0,0
1748480513,Device: id=0,RX,0.53020513961761,1034.9643140961,1119.7971364349,5935221,1448194782
1748480513,Device: id=0,TX,0,0,0,0,0
1748480514,Device: id=0,RX,0.53680835417014,1047.8460249478,1133.7353616151,6475017,1579904518
1748480514,Device: id=0,TX,0,0,0,0,0
1748480515,Device: id=0,RX,0.53767150948572,1049.5347865161,1135.5622280338,7015711,1711833854
1748480515,Device: id=0,TX,0,0,0,0,0
1748480516,Device: id=0,RX,0.53765609203269,1049.5046916478,1135.529666373,7556191,1843710974
1748480516,Device: id=0,TX,0,0,0,0,0
1748480517,Device: id=0,RX,0.54073201906317,1055.5089012113,1142.0260242614,8099763,1976342542
1748480517,Device: id=0,TX,0,0,0,0,0
1748480518,Device: id=0,RX,0.53897687241511,1052.0828549543,1138.3191545407,8641685,2108571510
1748480518,Device: id=0,TX,0,0,0,0,0
1748480519,Device: id=0,RX,0.54023759669788,1054.5437887543,1140.9818042259,9185187,2241185998
1748480519,Device: id=0,TX,0,0,0,0,0
1748480520,Device: id=0,RX,0.5364502832369,1047.1490111966,1132.9810565145,9724488,2372775198
1748480520,Device: id=0,TX,0,0,0,0,0
1748480521,Device: id=0,RX,0.53768096891714,1049.5532513263,1135.582206353,10264988,2504657198
1748480521,Device: id=0,TX,0,0,0,0,0
1748480522,Device: id=0,RX,0.53792230106675,1050.0243316823,1136.091899853,10805736,2636599710
1748480522,Device: id=0,TX,0,0,0,0,0
1748480523,Device: id=0,RX,0.53835344539778,1050.8659254165,1137.0024766801,11346917,2768647874
1748480523,Device: id=0,TX,0,0,0,0,0
1748480524,Device: id=0,RX,0.54192967032736,1057.846716479,1144.5554637314,11891693,2901573218
1748480524,Device: id=0,TX,0,0,0,0,0
1748480525,Device: id=0,RX,0.54214675689067,1058.2704694506,1145.0139505531,12437173,3034670338
1748480525,Device: id=0,TX,0,0,0,0,0
1748480526,Device: id=0,RX,0.54339052393085,1060.7002445126,1147.6427283415,12983418,3167954362
1748480526,Device: id=0,TX,0,0,0,0,0
1748480527,Device: id=0,RX,0.54199477515292,1057.9718592992,1144.6910233237,13528260,3300895566
1748480527,Device: id=0,TX,0,0,0,0,0
1748480528,Device: id=0,RX,0.54119041394849,1056.4036880275,1142.9941542592,14072293,3433639618
1748480528,Device: id=0,TX,0,0,0,0,0
1748480529,Device: id=0,RX,0.54236658583487,1058.7015172484,1145.480170982,14617537,3566679398
1748480529,Device: id=0,TX,0,0,0,0,0
1748480530,Device: id=0,RX,0.54195879998575,1057.9016357699,1144.6150437677,15162342,3699611574
1748480530,Device: id=0,TX,0,0,0,0,0
1748480531,Device: id=0,RX,0.53898308989887,1052.0949914826,1138.3322858664,15704128,3831807358
1748480531,Device: id=0,TX,0,0,0,0,0
1748480532,Device: id=0,RX,0.53794672391061,1050.0720050735,1136.1434808992,16245128,3963811358
1748480532,Device: id=0,TX,0,0,0,0,0
1748480533,Device: id=0,RX,0.5389164679939,1051.9649455241,1138.1915804031,16786874,4095997382
1748480533,Device: id=0,TX,0,0,0,0,0
1748480534,Device: id=0,RX,0.54082609659584,1055.694482455,1142.2266579104,17330513,4228645542
1748480534,Device: id=0,TX,0,0,0,0,0
1748480535,Device: id=0,RX,0.53914166906899,1052.4045380227,1138.6672050737,17872514,4360893786
1748480535,Device: id=0,TX,0,0,0,0,0
1748480536,Device: id=0,RX,0.54380261925369,1061.500772101,1148.5091911816,18419488,4494355198
1748480536,Device: id=0,TX,0,0,0,0,0
1748480537,Device: id=0,RX,0.54462150051521,1063.1031109097,1150.2425509921,18966941,4627933974
1748480537,Device: id=0,TX,0,0,0,0,0
1748480538,Device: id=0,RX,0.5397962226894,1053.6802848944,1140.0476805247,19509574,4760336182
1748480538,Device: id=0,TX,0,0,0,0,0
1748480539,Device: id=0,RX,0.5409899449316,1056.0143143054,1142.5727054944,20053406,4893031434
1748480539,Device: id=0,TX,0,0,0,0,0
1748480540,Device: id=0,RX,0.54024652379733,1054.5592729514,1140.998716759,20596574,5025564182
1748480540,Device: id=0,TX,0,0,0,0,0
1748480541,Device: id=0,RX,0.53802832557457,1050.2312915216,1136.3158236135,21137797,5157622594
1748480541,Device: id=0,TX,0,0,0,0,0
1748480542,Device: id=0,RX,0.54022344642141,1054.5161674146,1140.951918842,21680859,5290129722
1748480542,Device: id=0,TX,0,0,0,0,0
1748480543,Device: id=0,RX,0.54052194232158,1055.1007733126,1141.5842840841,22224192,5422703218
1748480543,Device: id=0,TX,0,0,0,0,0
1748480544,Device: id=0,RX,0.53945007938048,1053.0065549507,1139.3185676516,22766447,5555013438
1748480544,Device: id=0,TX,0,0,0,0,0
1748480545,Device: id=0,RX,0.54071082014498,1055.465579019,1141.9793102422,23309969,5687632562
1748480545,Device: id=0,TX,0,0,0,0,0
1748480546,Device: id=0,RX,0.53900097433362,1052.1299018992,1138.3700577926,23851971,5819881050
1748480546,Device: id=0,TX,0,0,0,0,0
1748480547,Device: id=0,RX,0.53968665827014,1053.4683569433,1139.8182222665,24394464,5952249342
1748480547,Device: id=0,TX,0,0,0,0,0
1748480548,Device: id=0,RX,0.5396035996864,1053.3081684883,1139.6447444381,24936874,6084597626
1748480548,Device: id=0,TX,0,0,0,0,0
1748480549,Device: id=0,RX,0.53838860765356,1050.9326209506,1137.0747981752,25478261,6216695810
1748480549,Device: id=0,TX,0,0,0,0,0
1748480550,Device: id=0,RX,0.54111321806176,1056.2530016565,1142.8311165464,26022188,6349413998
1748480550,Device: id=0,TX,0,0,0,0,0
1748480551,Device: id=0,RX,0.53712417115464,1048.4683239967,1134.4081913815,26562105,6481153990
1748480551,Device: id=0,TX,0,0,0,0,0
1748480552,Device: id=0,RX,0.53967665446108,1053.4468878136,1139.7951525274,27104646,6613533750
1748480552,Device: id=0,TX,0,0,0,0,0
1748480553,Device: id=0,RX,0.54083902826194,1055.7197187902,1142.2539633122,27650061,6746615254
1748480553,Device: id=0,TX,0,0,0,0,0
1748480554,Device: id=0,RX,0.54128667902791,1056.5915974625,1143.197466107,28194162,6879375898
1748480554,Device: id=0,TX,0,0,0,0,0
1748480555,Device: id=0,RX,0.53754045483612,1049.2770258386,1135.2834986124,28734470,7011210806
1748480555,Device: id=0,TX,0,0,0,0,0
1748480556,Device: id=0,RX,0.53828307052604,1050.7304955659,1136.85578685,29275553,7143235302
1748480556,Device: id=0,TX,0,0,0,0,0
1748480557,Device: id=0,RX,0.53905764043054,1052.238572316,1138.4877947849,29817441,7275455730
1748480557,Device: id=0,TX,0,0,0,0,0
1748480558,Device: id=0,RX,0.53815100644058,1050.470764572,1136.5749256025,30358390,7407447286
1748480558,Device: id=0,TX,0,0,0,0,0
1748480559,Device: id=0,RX,0.53829714551953,1050.7579698532,1136.8855131363,30899515,7539482030
1748480559,Device: id=0,TX,0,0,0,0,0
1748480560,Device: id=0,RX,0.5388141355195,1051.7651925341,1137.9754542172,31441132,7671636578
1748480560,Device: id=0,TX,0,0,0,0,0
1748480561,Device: id=0,RX,0.54106844160678,1056.1655980164,1142.7365486735,31985042,7804350618
1748480561,Device: id=0,TX,0,0,0,0,0
1748480562,Device: id=0,RX,0.5395209860688,1053.1449648063,1139.4683225773,32527425,7936692070
1748480562,Device: id=0,TX,0,0,0,0,0
1748480563,Device: id=0,RX,0.53774786774781,1049.6818958405,1135.7215546801,33067941,8068577730
1748480563,Device: id=0,TX,0,0,0,0,0
1748480564,Device: id=0,RX,0.53792261876582,1050.0249518309,1136.0925708334,33608661,8200513410
1748480564,Device: id=0,TX,0,0,0,0,0
1748480565,Device: id=0,RX,0.53767788542988,1049.5472323591,1135.5756940279,34149163,8332395898
1748480565,Device: id=0,TX,0,0,0,0,0
1748480566,Device: id=0,RX,0.5405154865412,1055.0881715311,1141.5706493776,34692517,8464974518
1748480566,Device: id=0,TX,0,0,0,0,0
1748480567,Device: id=0,RX,0.54048209050027,1055.0201015424,1141.4972360224,35235811,8597538136
1748480567,Device: id=0,TX,0,0,0,0,0
1748480568,Device: id=0,RX,0.53906100249965,1052.2490185812,1138.4987789811,35777731,8729766860
1748480568,Device: id=0,TX,0,0,0,0,0
1748480569,Device: id=0,RX,0.5402939651858,1054.6518782461,1141.0989126758,36320864,8862291068
1748480569,Device: id=0,TX,0,0,0,0,0
1748480570,Device: id=0,RX,0.53830518217487,1050.7736574083,1136.9024865563,36861996,8994327520
1748480570,Device: id=0,TX,0,0,0,0,0
1748480571,Device: id=0,RX,0.53956614436866,1053.2311720062,1139.5617551051,37404396,9126672876
1748480571,Device: id=0,TX,0,0,0,0,0
1748480572,Device: id=0,RX,0.53751954568448,1049.2400949727,1135.2432222822,37944740,9258517056
1748480572,Device: id=0,TX,0,0,0,0,0
1748480573,Device: id=0,RX,0.53917080700746,1052.4613451884,1138.7286743096,38365836,9361264480
1748480573,Device: id=0,TX,0,0,0,0,0
