EAL: Detected CPU lcores: 12
EAL: Detected NUMA nodes: 2
EAL: Static memory layout is selected, amount of reserved memory can be adjusted with -m or --socket-mem
EAL: Detected shared linkage of DPDK
EAL: Multi-process socket /var/run/dpdk/rte/mp_socket
EAL: Selected IOVA mode 'VA'
EAL: VFIO support initialized
EAL: Using IOMMU type 1 (Type 1)
EAL: Ignore mapping IO port bar(1)
EAL: Ignore mapping IO port bar(5)
EAL: Probe PCI driver: net_ixgbe (8086:1563) device: 0000:01:00.1 (socket 0)
TELEMETRY: No legacy callbacks, legacy socket not created
[1;37m[INFO]  malloc() allocates small objects < 1 MiB from LuaJIT memory space, install libjemalloc if you encounter out of memory errors.[0m
[1;37m[INFO]  Initializing DPDK. This will take a few seconds...[0m
[1;37m[INFO]  Found 1 usable devices:[0m
   Device 0: 3C:EC:EF:62:AD:7D ([0;32mIntel Corporation Ethernet Controller 10G X550T[0m)
[1;37m[INFO]  Waiting for devices to come up...[0m
[1;37m[INFO]  Device 0 (3C:EC:EF:62:AD:7D) is up: full-duplex 10000 MBit/s[0m
[1;37m[INFO]  [0;32m1 device is up.[0m[0m
Measuring receive rate...
TEST_DONE
