Startup trace (nsec): main: 85922689961
Startup trace (nsec): init done: 85924197786
Rx rate: 0
While executing 'Script@5 :: Script':
  no 'from.reset' write handler
Rx rate: 127507.692308
While executing 'Script@5 :: Script':
  no 'from.reset' write handler
Rx rate: 128855.721393
While executing 'Script@5 :: Script':
  no 'from.reset' write handler
Rx rate: 128855.721393
While executing 'Script@5 :: Script':
  no 'from.reset' write handler
Rx rate: 128860.809477
While executing 'Script@5 :: Script':
  no 'from.reset' write handler
Rx rate: 128603.363007
While executing 'Script@5 :: Script':
  no 'from.reset' write handler
Rx rate: 128855.577689
While executing 'Script@5 :: Script':
  no 'from.reset' write handler
Rx rate: 128723.276723
While executing 'Script@5 :: Script':
  no 'from.reset' write handler
Rx rate: 128466.067864
While executing 'Script@5 :: Script':
  no 'from.reset' write handler
Rx rate: 128724.550898
While executing 'Script@5 :: Script':
  no 'from.reset' write handler
Rx rate: 128596.211366
While executing 'Script@5 :: Script':
  no 'from.reset' write handler
Rx rate: 127949.101796
While executing 'Script@5 :: Script':
  no 'from.reset' write handler
Rx rate: 127818.181818
While executing 'Script@5 :: Script':
  no 'from.reset' write handler
Rx rate: 127818.181818
While executing 'Script@5 :: Script':
  no 'from.reset' write handler
Rx rate: 127946
While executing 'Script@5 :: Script':
  no 'from.reset' write handler
Rx rate: 127687
While executing 'Script@5 :: Script':
  no 'from.reset' write handler
Rx rate: 127948.051948
While executing 'Script@5 :: Script':
  no 'from.reset' write handler
Rx rate: 127946
While executing 'Script@5 :: Script':
  no 'from.reset' write handler
Rx rate: 127687
While executing 'Script@5 :: Script':
  no 'from.reset' write handler
Rx rate: 127946
While executing 'Script@5 :: Script':
  no 'from.reset' write handler
Rx rate: 127687
While executing 'Script@5 :: Script':
  no 'from.reset' write handler
Rx rate: 127816
While executing 'Script@5 :: Script':
  no 'from.reset' write handler
Rx rate: 127817
While executing 'Script@5 :: Script':
  no 'from.reset' write handler
Rx rate: 127946
While executing 'Script@5 :: Script':
  no 'from.reset' write handler
Rx rate: 127818.181818
While executing 'Script@5 :: Script':
  no 'from.reset' write handler
Rx rate: 128075
While executing 'Script@5 :: Script':
  no 'from.reset' write handler
Rx rate: 128076
While executing 'Script@5 :: Script':
  no 'from.reset' write handler
Rx rate: 127816
While executing 'Script@5 :: Script':
  no 'from.reset' write handler
Rx rate: 127559.440559
While executing 'Script@5 :: Script':
  no 'from.reset' write handler
Rx rate: 127946
While executing 'Script@5 :: Script':
  no 'from.reset' write handler
Rx rate: 127689.310689
While executing 'Script@5 :: Script':
  no 'from.reset' write handler
Rx rate: 128334
While executing 'Script@5 :: Script':
  no 'from.reset' write handler
Rx rate: 127948.051948
While executing 'Script@5 :: Script':
  no 'from.reset' write handler
Rx rate: 127946
While executing 'Script@5 :: Script':
  no 'from.reset' write handler
Rx rate: 127946
While executing 'Script@5 :: Script':
  no 'from.reset' write handler
Rx rate: 127818.181818
While executing 'Script@5 :: Script':
  no 'from.reset' write handler
Rx rate: 127818.181818
While executing 'Script@5 :: Script':
  no 'from.reset' write handler
Rx rate: 127816
While executing 'Script@5 :: Script':
  no 'from.reset' write handler
Rx rate: 127818.181818
While executing 'Script@5 :: Script':
  no 'from.reset' write handler
Rx rate: 128076
While executing 'Script@5 :: Script':
  no 'from.reset' write handler
Rx rate: 128205.794206
While executing 'Script@5 :: Script':
  no 'from.reset' write handler
Rx rate: 127817
While executing 'Script@5 :: Script':
  no 'from.reset' write handler
Rx rate: 128593
While executing 'Script@5 :: Script':
  no 'from.reset' write handler
Rx rate: 128982
While executing 'Script@5 :: Script':
  no 'from.reset' write handler
Rx rate: 128465.534466
While executing 'Script@5 :: Script':
  no 'from.reset' write handler
Rx rate: 128723.276723
While executing 'Script@5 :: Script':
  no 'from.reset' write handler
Rx rate: 128594.405594
While executing 'Script@5 :: Script':
  no 'from.reset' write handler
Rx rate: 128982
While executing 'Script@5 :: Script':
  no 'from.reset' write handler
Rx rate: 128594.405594
While executing 'Script@5 :: Script':
  no 'from.reset' write handler
Rx rate: 128723
While executing 'Script@5 :: Script':
  no 'from.reset' write handler
Rx rate: 128724.275724
While executing 'Script@5 :: Script':
  no 'from.reset' write handler
Rx rate: 128982
While executing 'Script@5 :: Script':
  no 'from.reset' write handler
Rx rate: 128982.017982
While executing 'Script@5 :: Script':
  no 'from.reset' write handler
Rx rate: 128724.275724
While executing 'Script@5 :: Script':
  no 'from.reset' write handler
Rx rate: 128594.405594
While executing 'Script@5 :: Script':
  no 'from.reset' write handler
Rx rate: 128594.405594
While executing 'Script@5 :: Script':
  no 'from.reset' write handler
Rx rate: 128464.535465
While executing 'Script@5 :: Script':
  no 'from.reset' write handler
Rx rate: 128853
While executing 'Script@5 :: Script':
  no 'from.reset' write handler
Rx rate: 128852
While executing 'Script@5 :: Script':
  no 'from.reset' write handler
Rx rate: 128723
While executing 'Script@5 :: Script':
  no 'from.reset' write handler
Rx rate: 128594
While executing 'Script@5 :: Script':
  no 'from.reset' write handler
Rx rate: 128593
While executing 'Script@5 :: Script':
  no 'from.reset' write handler
Rx rate: 128465.534466
While executing 'Script@5 :: Script':
  no 'from.reset' write handler
Rx rate: 128334
While executing 'Script@5 :: Script':
  no 'from.reset' write handler
Rx rate: 128724.275724
While executing 'Script@5 :: Script':
  no 'from.reset' write handler
Rx rate: 128464.535465
While executing 'Script@5 :: Script':
  no 'from.reset' write handler
Rx rate: 128594
While executing 'Script@5 :: Script':
  no 'from.reset' write handler
Rx rate: 128334
While executing 'Script@5 :: Script':
  no 'from.reset' write handler
Rx rate: 128853
While executing 'Script@5 :: Script':
  no 'from.reset' write handler
Rx rate: 128594.405594
While executing 'Script@5 :: Script':
  no 'from.reset' write handler
Rx rate: 128853.146853
While executing 'Script@5 :: Script':
  no 'from.reset' write handler
Rx rate: 128594.405594
While executing 'Script@5 :: Script':
  no 'from.reset' write handler
Rx rate: 128076.923077
While executing 'Script@5 :: Script':
  no 'from.reset' write handler
AUTOTEST_DONE
