Startup trace (nsec): main: 161318137794
Startup trace (nsec): init done: 161321174501
Rx rate: 0
While executing 'Script@8 :: Script':
  no 'from.reset' write handler
Rx rate: 846302.816901
While executing 'Script@8 :: Script':
  no 'from.reset' write handler
Rx rate: 870307.38523
While executing 'Script@8 :: Script':
  no 'from.reset' write handler
Rx rate: 877778.221778
While executing 'Script@8 :: Script':
  no 'from.reset' write handler
Rx rate: 880213
While executing 'Script@8 :: Script':
  no 'from.reset' write handler
Rx rate: 875409
While executing 'Script@8 :: Script':
  no 'from.reset' write handler
Rx rate: 876192.61477
While executing 'Script@8 :: Script':
  no 'from.reset' write handler
Rx rate: 867649
While executing 'Script@8 :: Script':
  no 'from.reset' write handler
Rx rate: 872962.151394
While executing 'Script@8 :: Script':
  no 'from.reset' write handler
Rx rate: 875578.421578
While executing 'Script@8 :: Script':
  no 'from.reset' write handler
Rx rate: 871803.784861
While executing 'Script@8 :: Script':
  no 'from.reset' write handler
Rx rate: 883837
While executing 'Script@8 :: Script':
  no 'from.reset' write handler
Rx rate: 877432.432432
While executing 'Script@8 :: Script':
  no 'from.reset' write handler
Rx rate: 875190.809191
While executing 'Script@8 :: Script':
  no 'from.reset' write handler
Rx rate: 876866
While executing 'Script@8 :: Script':
  no 'from.reset' write handler
Rx rate: 880545
While executing 'Script@8 :: Script':
  no 'from.reset' write handler
Rx rate: 879833
While executing 'Script@8 :: Script':
  no 'from.reset' write handler
Rx rate: 875678
While executing 'Script@8 :: Script':
  no 'from.reset' write handler
Rx rate: 885003
While executing 'Script@8 :: Script':
  no 'from.reset' write handler
Rx rate: 872182
While executing 'Script@8 :: Script':
  no 'from.reset' write handler
Rx rate: 874899
While executing 'Script@8 :: Script':
  no 'from.reset' write handler
Rx rate: 877232
While executing 'Script@8 :: Script':
  no 'from.reset' write handler
Rx rate: 878787
While executing 'Script@8 :: Script':
  no 'from.reset' write handler
Rx rate: 876164.164164
While executing 'Script@8 :: Script':
  no 'from.reset' write handler
Rx rate: 871383
While executing 'Script@8 :: Script':
  no 'from.reset' write handler
Rx rate: 845646
While executing 'Script@8 :: Script':
  no 'from.reset' write handler
Rx rate: 875114.885115
While executing 'Script@8 :: Script':
  no 'from.reset' write handler
Rx rate: 882795
While executing 'Script@8 :: Script':
  no 'from.reset' write handler
Rx rate: 863504
While executing 'Script@8 :: Script':
  no 'from.reset' write handler
Rx rate: 874383
While executing 'Script@8 :: Script':
  no 'from.reset' write handler
Rx rate: 883706
While executing 'Script@8 :: Script':
  no 'from.reset' write handler
Rx rate: 881246
While executing 'Script@8 :: Script':
  no 'from.reset' write handler
Rx rate: 884226
While executing 'Script@8 :: Script':
  no 'from.reset' write handler
Rx rate: 877749
While executing 'Script@8 :: Script':
  no 'from.reset' write handler
Rx rate: 882842
While executing 'Script@8 :: Script':
  no 'from.reset' write handler
Rx rate: 876940
While executing 'Script@8 :: Script':
  no 'from.reset' write handler
Rx rate: 884724
While executing 'Script@8 :: Script':
  no 'from.reset' write handler
Rx rate: 882670
While executing 'Script@8 :: Script':
  no 'from.reset' write handler
Rx rate: 877230
While executing 'Script@8 :: Script':
  no 'from.reset' write handler
Rx rate: 878787
While executing 'Script@8 :: Script':
  no 'from.reset' write handler
Rx rate: 875938
While executing 'Script@8 :: Script':
  no 'from.reset' write handler
Rx rate: 880236.763237
While executing 'Script@8 :: Script':
  no 'from.reset' write handler
Rx rate: 884636.363636
While executing 'Script@8 :: Script':
  no 'from.reset' write handler
Rx rate: 873736
While executing 'Script@8 :: Script':
  no 'from.reset' write handler
Rx rate: 881506
While executing 'Script@8 :: Script':
  no 'from.reset' write handler
Rx rate: 879846.153846
While executing 'Script@8 :: Script':
  no 'from.reset' write handler
Rx rate: 881492.015968
While executing 'Script@8 :: Script':
  no 'from.reset' write handler
Rx rate: 876453
While executing 'Script@8 :: Script':
  no 'from.reset' write handler
Rx rate: 874286.713287
While executing 'Script@8 :: Script':
  no 'from.reset' write handler
Rx rate: 881789.210789
While executing 'Script@8 :: Script':
  no 'from.reset' write handler
Rx rate: 883189
While executing 'Script@8 :: Script':
  no 'from.reset' write handler
Rx rate: 879719.280719
While executing 'Script@8 :: Script':
  no 'from.reset' write handler
Rx rate: 880857
While executing 'Script@8 :: Script':
  no 'from.reset' write handler
Rx rate: 882928
While executing 'Script@8 :: Script':
  no 'from.reset' write handler
Rx rate: 881894
While executing 'Script@8 :: Script':
  no 'from.reset' write handler
Rx rate: 874402
While executing 'Script@8 :: Script':
  no 'from.reset' write handler
Rx rate: 853612
While executing 'Script@8 :: Script':
  no 'from.reset' write handler
Rx rate: 876713
While executing 'Script@8 :: Script':
  no 'from.reset' write handler
Rx rate: 876871.128871
While executing 'Script@8 :: Script':
  no 'from.reset' write handler
Rx rate: 876772.45509
While executing 'Script@8 :: Script':
  no 'from.reset' write handler
Rx rate: 880339
While executing 'Script@8 :: Script':
  no 'from.reset' write handler
Rx rate: 869368.631369
While executing 'Script@8 :: Script':
  no 'from.reset' write handler
Rx rate: 879303
While executing 'Script@8 :: Script':
  no 'from.reset' write handler
Rx rate: 878942.057942
While executing 'Script@8 :: Script':
  no 'from.reset' write handler
Rx rate: 881068
While executing 'Script@8 :: Script':
  no 'from.reset' write handler
Rx rate: 871545.454545
While executing 'Script@8 :: Script':
  no 'from.reset' write handler
Rx rate: 876813
While executing 'Script@8 :: Script':
  no 'from.reset' write handler
Rx rate: 880600
While executing 'Script@8 :: Script':
  no 'from.reset' write handler
Rx rate: 881892
While executing 'Script@8 :: Script':
  no 'from.reset' write handler
Rx rate: 869721
While executing 'Script@8 :: Script':
  no 'from.reset' write handler
Rx rate: 874901
While executing 'Script@8 :: Script':
  no 'from.reset' write handler
Rx rate: 880082
While executing 'Script@8 :: Script':
  no 'from.reset' write handler
Rx rate: 874124
While executing 'Script@8 :: Script':
  no 'from.reset' write handler
AUTOTEST_DONE
