/tmp/linux.click:2: While initializing 'from :: FromDevice':
  warning: ens7: no IPv4 address assigned
Startup trace (nsec): main: 9368540624
Startup trace (nsec): init done: 9376228903
Rx rate: 0
While executing 'Script@5 :: Script':
  no 'from.reset' write handler
Rx rate: 120024.390244
While executing 'Script@5 :: Script':
  no 'from.reset' write handler
Rx rate: 119869.863014
While executing 'Script@5 :: Script':
  no 'from.reset' write handler
Rx rate: 130014.910537
While executing 'Script@5 :: Script':
  no 'from.reset' write handler
Rx rate: 130009.84252
While executing 'Script@5 :: Script':
  no 'from.reset' write handler
Rx rate: 122305.555556
While executing 'Script@5 :: Script':
  no 'from.reset' write handler
Rx rate: 128984.047856
While executing 'Script@5 :: Script':
  no 'from.reset' write handler
Rx rate: 129499.503476
While executing 'Script@5 :: Script':
  no 'from.reset' write handler
Rx rate: 125622.754491
While executing 'Script@5 :: Script':
  no 'from.reset' write handler
Rx rate: 128854.43669
While executing 'Script@5 :: Script':
  no 'from.reset' write handler
Rx rate: 129111.888112
While executing 'Script@5 :: Script':
  no 'from.reset' write handler
Rx rate: 125230.769231
While executing 'Script@5 :: Script':
  no 'from.reset' write handler
Rx rate: 128982
While executing 'Script@5 :: Script':
  no 'from.reset' write handler
Rx rate: 128983.016983
While executing 'Script@5 :: Script':
  no 'from.reset' write handler
Rx rate: 125359.64036
While executing 'Script@5 :: Script':
  no 'from.reset' write handler
Rx rate: 129111.888112
While executing 'Script@5 :: Script':
  no 'from.reset' write handler
Rx rate: 129241.758242
While executing 'Script@5 :: Script':
  no 'from.reset' write handler
Rx rate: 125100.899101
While executing 'Script@5 :: Script':
  no 'from.reset' write handler
Rx rate: 129241.758242
While executing 'Script@5 :: Script':
  no 'from.reset' write handler
Rx rate: 129111.888112
While executing 'Script@5 :: Script':
  no 'from.reset' write handler
Rx rate: 128594.405594
While executing 'Script@5 :: Script':
  no 'from.reset' write handler
Rx rate: 123289.71029
While executing 'Script@5 :: Script':
  no 'from.reset' write handler
Rx rate: 128982
While executing 'Script@5 :: Script':
  no 'from.reset' write handler
Rx rate: 129111.888112
While executing 'Script@5 :: Script':
  no 'from.reset' write handler
Rx rate: 123284
While executing 'Script@5 :: Script':
  no 'from.reset' write handler
Rx rate: 129241
While executing 'Script@5 :: Script':
  no 'from.reset' write handler
Rx rate: 129371
While executing 'Script@5 :: Script':
  no 'from.reset' write handler
Rx rate: 123030.969031
While executing 'Script@5 :: Script':
  no 'from.reset' write handler
Rx rate: 128594
While executing 'Script@5 :: Script':
  no 'from.reset' write handler
Rx rate: 128464
While executing 'Script@5 :: Script':
  no 'from.reset' write handler
Rx rate: 127946
While executing 'Script@5 :: Script':
  no 'from.reset' write handler
Rx rate: 127947.052947
While executing 'Script@5 :: Script':
  no 'from.reset' write handler
Rx rate: 128335
While executing 'Script@5 :: Script':
  no 'from.reset' write handler
Rx rate: 128464
While executing 'Script@5 :: Script':
  no 'from.reset' write handler
Rx rate: 128205.794206
While executing 'Script@5 :: Script':
  no 'from.reset' write handler
Rx rate: 128205
While executing 'Script@5 :: Script':
  no 'from.reset' write handler
Rx rate: 128723
While executing 'Script@5 :: Script':
  no 'from.reset' write handler
Rx rate: 128594
While executing 'Script@5 :: Script':
  no 'from.reset' write handler
Rx rate: 128852
While executing 'Script@5 :: Script':
  no 'from.reset' write handler
Rx rate: 128335.664336
While executing 'Script@5 :: Script':
  no 'from.reset' write handler
Rx rate: 128335.664336
While executing 'Script@5 :: Script':
  no 'from.reset' write handler
Rx rate: 128335.664336
While executing 'Script@5 :: Script':
  no 'from.reset' write handler
Rx rate: 128465.534466
While executing 'Script@5 :: Script':
  no 'from.reset' write handler
Rx rate: 128464
While executing 'Script@5 :: Script':
  no 'from.reset' write handler
Rx rate: 128464.535465
While executing 'Script@5 :: Script':
  no 'from.reset' write handler
Rx rate: 128465.534466
While executing 'Script@5 :: Script':
  no 'from.reset' write handler
Rx rate: 128723.276723
While executing 'Script@5 :: Script':
  no 'from.reset' write handler
Rx rate: 128335.664336
While executing 'Script@5 :: Script':
  no 'from.reset' write handler
Rx rate: 128464
While executing 'Script@5 :: Script':
  no 'from.reset' write handler
Rx rate: 128465.534466
While executing 'Script@5 :: Script':
  no 'from.reset' write handler
Rx rate: 128335.664336
While executing 'Script@5 :: Script':
  no 'from.reset' write handler
Rx rate: 128464
While executing 'Script@5 :: Script':
  no 'from.reset' write handler
Rx rate: 128464
While executing 'Script@5 :: Script':
  no 'from.reset' write handler
Rx rate: 128205
While executing 'Script@5 :: Script':
  no 'from.reset' write handler
Rx rate: 128335.664336
While executing 'Script@5 :: Script':
  no 'from.reset' write handler
Rx rate: 128594.405594
While executing 'Script@5 :: Script':
  no 'from.reset' write handler
Rx rate: 128464.535465
While executing 'Script@5 :: Script':
  no 'from.reset' write handler
Rx rate: 127948.051948
While executing 'Script@5 :: Script':
  no 'from.reset' write handler
Rx rate: 127818.181818
While executing 'Script@5 :: Script':
  no 'from.reset' write handler
Rx rate: 127688.311688
While executing 'Script@5 :: Script':
  no 'from.reset' write handler
Rx rate: 127689.310689
While executing 'Script@5 :: Script':
  no 'from.reset' write handler
Rx rate: 127300.699301
While executing 'Script@5 :: Script':
  no 'from.reset' write handler
Rx rate: 127559.440559
While executing 'Script@5 :: Script':
  no 'from.reset' write handler
Rx rate: 127687
While executing 'Script@5 :: Script':
  no 'from.reset' write handler
Rx rate: 127818.181818
While executing 'Script@5 :: Script':
  no 'from.reset' write handler
Rx rate: 127687
While executing 'Script@5 :: Script':
  no 'from.reset' write handler
Rx rate: 127816
While executing 'Script@5 :: Script':
  no 'from.reset' write handler
Rx rate: 127818.181818
While executing 'Script@5 :: Script':
  no 'from.reset' write handler
Rx rate: 127817
While executing 'Script@5 :: Script':
  no 'from.reset' write handler
Rx rate: 127818.181818
While executing 'Script@5 :: Script':
  no 'from.reset' write handler
Rx rate: 127688.311688
While executing 'Script@5 :: Script':
  no 'from.reset' write handler
Rx rate: 127689.310689
While executing 'Script@5 :: Script':
  no 'from.reset' write handler
Rx rate: 127688.311688
While executing 'Script@5 :: Script':
  no 'from.reset' write handler
AUTOTEST_DONE
