/tmp/linux.click:2: While initializing 'from :: FromDevice':
  warning: ens7: no IPv4 address assigned
Startup trace (nsec): main: 8150103570
Startup trace (nsec): init done: 8159044516
Rx rate: 0
While executing 'Script@4 :: Script':
  no 'from.reset' write handler
Rx rate: 753454.545455
While executing 'Script@4 :: Script':
  no 'from.reset' write handler
Rx rate: 768977.022977
While executing 'Script@4 :: Script':
  no 'from.reset' write handler
Rx rate: 909087
While executing 'Script@4 :: Script':
  no 'from.reset' write handler
Rx rate: 933017.982018
While executing 'Script@4 :: Script':
  no 'from.reset' write handler
Rx rate: 927216
While executing 'Script@4 :: Script':
  no 'from.reset' write handler
Rx rate: 901971.028971
While executing 'Script@4 :: Script':
  no 'from.reset' write handler
Rx rate: 917885.114885
While executing 'Script@4 :: Script':
  no 'from.reset' write handler
Rx rate: 896279.72028
While executing 'Script@4 :: Script':
  no 'from.reset' write handler
Rx rate: 903551
While executing 'Script@4 :: Script':
  no 'from.reset' write handler
Rx rate: 924999.000999
While executing 'Script@4 :: Script':
  no 'from.reset' write handler
Rx rate: 925323
While executing 'Script@4 :: Script':
  no 'from.reset' write handler
Rx rate: 898485.02994
While executing 'Script@4 :: Script':
  no 'from.reset' write handler
Rx rate: 923465
While executing 'Script@4 :: Script':
  no 'from.reset' write handler
Rx rate: 921133
While executing 'Script@4 :: Script':
  no 'from.reset' write handler
Rx rate: 916860
While executing 'Script@4 :: Script':
  no 'from.reset' write handler
Rx rate: 908311
While executing 'Script@4 :: Script':
  no 'from.reset' write handler
Rx rate: 919190
While executing 'Script@4 :: Script':
  no 'from.reset' write handler
Rx rate: 932010
While executing 'Script@4 :: Script':
  no 'from.reset' write handler
Rx rate: 898691
While executing 'Script@4 :: Script':
  no 'from.reset' write handler
Rx rate: 919577
While executing 'Script@4 :: Script':
  no 'from.reset' write handler
Rx rate: 924189.620758
While executing 'Script@4 :: Script':
  no 'from.reset' write handler
Rx rate: 876584
While executing 'Script@4 :: Script':
  no 'from.reset' write handler
Rx rate: 925925
While executing 'Script@4 :: Script':
  no 'from.reset' write handler
Rx rate: 921002
While executing 'Script@4 :: Script':
  no 'from.reset' write handler
Rx rate: 865575
While executing 'Script@4 :: Script':
  no 'from.reset' write handler
Rx rate: 927069.93007
While executing 'Script@4 :: Script':
  no 'from.reset' write handler
Rx rate: 887464
While executing 'Script@4 :: Script':
  no 'from.reset' write handler
Rx rate: 882566.433566
While executing 'Script@4 :: Script':
  no 'from.reset' write handler
Rx rate: 924528
While executing 'Script@4 :: Script':
  no 'from.reset' write handler
Rx rate: 923687.62475
While executing 'Script@4 :: Script':
  no 'from.reset' write handler
Rx rate: 927845.154845
While executing 'Script@4 :: Script':
  no 'from.reset' write handler
Rx rate: 915980
While executing 'Script@4 :: Script':
  no 'from.reset' write handler
Rx rate: 920082.917083
While executing 'Script@4 :: Script':
  no 'from.reset' write handler
Rx rate: 917636
While executing 'Script@4 :: Script':
  no 'from.reset' write handler
Rx rate: 927997
While executing 'Script@4 :: Script':
  no 'from.reset' write handler
Rx rate: 919448
While executing 'Script@4 :: Script':
  no 'from.reset' write handler
Rx rate: 925925
While executing 'Script@4 :: Script':
  no 'from.reset' write handler
Rx rate: 923333
While executing 'Script@4 :: Script':
  no 'from.reset' write handler
Rx rate: 919780
While executing 'Script@4 :: Script':
  no 'from.reset' write handler
Rx rate: 921258
While executing 'Script@4 :: Script':
  no 'from.reset' write handler
Rx rate: 921117.882118
While executing 'Script@4 :: Script':
  no 'from.reset' write handler
Rx rate: 919406
While executing 'Script@4 :: Script':
  no 'from.reset' write handler
Rx rate: 926181
While executing 'Script@4 :: Script':
  no 'from.reset' write handler
Rx rate: 917376
While executing 'Script@4 :: Script':
  no 'from.reset' write handler
Rx rate: 919306.693307
While executing 'Script@4 :: Script':
  no 'from.reset' write handler
Rx rate: 924628
While executing 'Script@4 :: Script':
  no 'from.reset' write handler
Rx rate: 924627
While executing 'Script@4 :: Script':
  no 'from.reset' write handler
Rx rate: 923592
While executing 'Script@4 :: Script':
  no 'from.reset' write handler
Rx rate: 911869
While executing 'Script@4 :: Script':
  no 'from.reset' write handler
Rx rate: 916858
While executing 'Script@4 :: Script':
  no 'from.reset' write handler
Rx rate: 922295
While executing 'Script@4 :: Script':
  no 'from.reset' write handler
Rx rate: 913357
While executing 'Script@4 :: Script':
  no 'from.reset' write handler
Rx rate: 918931
While executing 'Script@4 :: Script':
  no 'from.reset' write handler
Rx rate: 916599
While executing 'Script@4 :: Script':
  no 'from.reset' write handler
Rx rate: 923723
While executing 'Script@4 :: Script':
  no 'from.reset' write handler
Rx rate: 921779
While executing 'Script@4 :: Script':
  no 'from.reset' write handler
Rx rate: 875419
While executing 'Script@4 :: Script':
  no 'from.reset' write handler
Rx rate: 923074
While executing 'Script@4 :: Script':
  no 'from.reset' write handler
Rx rate: 920383
While executing 'Script@4 :: Script':
  no 'from.reset' write handler
Rx rate: 923593
While executing 'Script@4 :: Script':
  no 'from.reset' write handler
Rx rate: 926034.965035
While executing 'Script@4 :: Script':
  no 'from.reset' write handler
Rx rate: 917640
While executing 'Script@4 :: Script':
  no 'from.reset' write handler
Rx rate: 912715
While executing 'Script@4 :: Script':
  no 'from.reset' write handler
Rx rate: 918919.080919
While executing 'Script@4 :: Script':
  no 'from.reset' write handler
Rx rate: 917119
While executing 'Script@4 :: Script':
  no 'from.reset' write handler
Rx rate: 921778
While executing 'Script@4 :: Script':
  no 'from.reset' write handler
Rx rate: 913094.905095
While executing 'Script@4 :: Script':
  no 'from.reset' write handler
Rx rate: 924886
While executing 'Script@4 :: Script':
  no 'from.reset' write handler
Rx rate: 915462
While executing 'Script@4 :: Script':
  no 'from.reset' write handler
Rx rate: 923073
While executing 'Script@4 :: Script':
  no 'from.reset' write handler
Rx rate: 922295
While executing 'Script@4 :: Script':
  no 'from.reset' write handler
Rx rate: 920743
While executing 'Script@4 :: Script':
  no 'from.reset' write handler
AUTOTEST_DONE
