Startup trace (nsec): main: 162416943863
Startup trace (nsec): init done: 162420161859
Rx rate: 0
While executing 'Script@4 :: Script':
  no 'from.reset' write handler
Rx rate: 979490.909091
While executing 'Script@4 :: Script':
  no 'from.reset' write handler
Rx rate: 986346.653347
While executing 'Script@4 :: Script':
  no 'from.reset' write handler
Rx rate: 991585.244267
While executing 'Script@4 :: Script':
  no 'from.reset' write handler
Rx rate: 988790.419162
While executing 'Script@4 :: Script':
  no 'from.reset' write handler
Rx rate: 988589.410589
While executing 'Script@4 :: Script':
  no 'from.reset' write handler
Rx rate: 990437.562438
While executing 'Script@4 :: Script':
  no 'from.reset' write handler
Rx rate: 990073.926074
While executing 'Script@4 :: Script':
  no 'from.reset' write handler
Rx rate: 986672
While executing 'Script@4 :: Script':
  no 'from.reset' write handler
Rx rate: 988038
While executing 'Script@4 :: Script':
  no 'from.reset' write handler
Rx rate: 988168.831169
While executing 'Script@4 :: Script':
  no 'from.reset' write handler
Rx rate: 986731
While executing 'Script@4 :: Script':
  no 'from.reset' write handler
Rx rate: 987767
While executing 'Script@4 :: Script':
  no 'from.reset' write handler
Rx rate: 993467
While executing 'Script@4 :: Script':
  no 'from.reset' write handler
Rx rate: 991533
While executing 'Script@4 :: Script':
  no 'from.reset' write handler
Rx rate: 992165
While executing 'Script@4 :: Script':
  no 'from.reset' write handler
Rx rate: 994464.535465
While executing 'Script@4 :: Script':
  no 'from.reset' write handler
Rx rate: 990781
While executing 'Script@4 :: Script':
  no 'from.reset' write handler
Rx rate: 993011.988012
While executing 'Script@4 :: Script':
  no 'from.reset' write handler
Rx rate: 993053
While executing 'Script@4 :: Script':
  no 'from.reset' write handler
Rx rate: 996828
While executing 'Script@4 :: Script':
  no 'from.reset' write handler
Rx rate: 996732
While executing 'Script@4 :: Script':
  no 'from.reset' write handler
Rx rate: 992222
While executing 'Script@4 :: Script':
  no 'from.reset' write handler
Rx rate: 994160
While executing 'Script@4 :: Script':
  no 'from.reset' write handler
Rx rate: 993437.562438
While executing 'Script@4 :: Script':
  no 'from.reset' write handler
Rx rate: 984466
While executing 'Script@4 :: Script':
  no 'from.reset' write handler
Rx rate: 987758
While executing 'Script@4 :: Script':
  no 'from.reset' write handler
Rx rate: 988900
While executing 'Script@4 :: Script':
  no 'from.reset' write handler
Rx rate: 988329
While executing 'Script@4 :: Script':
  no 'from.reset' write handler
Rx rate: 989283
While executing 'Script@4 :: Script':
  no 'from.reset' write handler
Rx rate: 990923
While executing 'Script@4 :: Script':
  no 'from.reset' write handler
Rx rate: 989768
While executing 'Script@4 :: Script':
  no 'from.reset' write handler
Rx rate: 987576
While executing 'Script@4 :: Script':
  no 'from.reset' write handler
Rx rate: 989783
While executing 'Script@4 :: Script':
  no 'from.reset' write handler
Rx rate: 986587
While executing 'Script@4 :: Script':
  no 'from.reset' write handler
Rx rate: 988685.314685
While executing 'Script@4 :: Script':
  no 'from.reset' write handler
Rx rate: 993181
While executing 'Script@4 :: Script':
  no 'from.reset' write handler
Rx rate: 987567
While executing 'Script@4 :: Script':
  no 'from.reset' write handler
Rx rate: 991276
While executing 'Script@4 :: Script':
  no 'from.reset' write handler
Rx rate: 988240
While executing 'Script@4 :: Script':
  no 'from.reset' write handler
Rx rate: 990584
While executing 'Script@4 :: Script':
  no 'from.reset' write handler
Rx rate: 990172
While executing 'Script@4 :: Script':
  no 'from.reset' write handler
Rx rate: 991732
While executing 'Script@4 :: Script':
  no 'from.reset' write handler
Rx rate: 984104
While executing 'Script@4 :: Script':
  no 'from.reset' write handler
Rx rate: 987131
While executing 'Script@4 :: Script':
  no 'from.reset' write handler
Rx rate: 987998
While executing 'Script@4 :: Script':
  no 'from.reset' write handler
Rx rate: 990237
While executing 'Script@4 :: Script':
  no 'from.reset' write handler
Rx rate: 987361
While executing 'Script@4 :: Script':
  no 'from.reset' write handler
Rx rate: 989623
While executing 'Script@4 :: Script':
  no 'from.reset' write handler
Rx rate: 987680
While executing 'Script@4 :: Script':
  no 'from.reset' write handler
Rx rate: 986687
While executing 'Script@4 :: Script':
  no 'from.reset' write handler
Rx rate: 989657
While executing 'Script@4 :: Script':
  no 'from.reset' write handler
Rx rate: 988643
While executing 'Script@4 :: Script':
  no 'from.reset' write handler
Rx rate: 987785
While executing 'Script@4 :: Script':
  no 'from.reset' write handler
Rx rate: 987663
While executing 'Script@4 :: Script':
  no 'from.reset' write handler
Rx rate: 979704
While executing 'Script@4 :: Script':
  no 'from.reset' write handler
Rx rate: 987325.674326
While executing 'Script@4 :: Script':
  no 'from.reset' write handler
Rx rate: 987637.362637
While executing 'Script@4 :: Script':
  no 'from.reset' write handler
Rx rate: 991452
While executing 'Script@4 :: Script':
  no 'from.reset' write handler
Rx rate: 989898
While executing 'Script@4 :: Script':
  no 'from.reset' write handler
Rx rate: 990860
While executing 'Script@4 :: Script':
  no 'from.reset' write handler
Rx rate: 992157
While executing 'Script@4 :: Script':
  no 'from.reset' write handler
Rx rate: 988022.977023
While executing 'Script@4 :: Script':
  no 'from.reset' write handler
Rx rate: 987607
While executing 'Script@4 :: Script':
  no 'from.reset' write handler
Rx rate: 985963
While executing 'Script@4 :: Script':
  no 'from.reset' write handler
Rx rate: 987248
While executing 'Script@4 :: Script':
  no 'from.reset' write handler
Rx rate: 988866
While executing 'Script@4 :: Script':
  no 'from.reset' write handler
Rx rate: 987838
While executing 'Script@4 :: Script':
  no 'from.reset' write handler
Rx rate: 989107
While executing 'Script@4 :: Script':
  no 'from.reset' write handler
Rx rate: 988499
While executing 'Script@4 :: Script':
  no 'from.reset' write handler
Rx rate: 987956
While executing 'Script@4 :: Script':
  no 'from.reset' write handler
Rx rate: 989121
While executing 'Script@4 :: Script':
  no 'from.reset' write handler
Rx rate: 990072.927073
While executing 'Script@4 :: Script':
  no 'from.reset' write handler
AUTOTEST_DONE
