/tmp/linux.click:2: While initializing 'from :: FromDevice':
  warning: ens7: no IPv4 address assigned
Startup trace (nsec): main: 8148451925
Startup trace (nsec): init done: 8158038825
Rx rate: 0
While executing 'Script@8 :: Script':
  no 'from.reset' write handler
Rx rate: 707748.663102
While executing 'Script@8 :: Script':
  no 'from.reset' write handler
Rx rate: 702244.267198
While executing 'Script@8 :: Script':
  no 'from.reset' write handler
Rx rate: 856015.968064
While executing 'Script@8 :: Script':
  no 'from.reset' write handler
Rx rate: 885628.628629
While executing 'Script@8 :: Script':
  no 'from.reset' write handler
Rx rate: 894068
While executing 'Script@8 :: Script':
  no 'from.reset' write handler
Rx rate: 863850.299401
While executing 'Script@8 :: Script':
  no 'from.reset' write handler
Rx rate: 848729.540918
While executing 'Script@8 :: Script':
  no 'from.reset' write handler
Rx rate: 883967
While executing 'Script@8 :: Script':
  no 'from.reset' write handler
Rx rate: 859012
While executing 'Script@8 :: Script':
  no 'from.reset' write handler
Rx rate: 877909.090909
While executing 'Script@8 :: Script':
  no 'from.reset' write handler
Rx rate: 883988.011988
While executing 'Script@8 :: Script':
  no 'from.reset' write handler
Rx rate: 863635
While executing 'Script@8 :: Script':
  no 'from.reset' write handler
Rx rate: 879461.538462
While executing 'Script@8 :: Script':
  no 'from.reset' write handler
Rx rate: 881500
While executing 'Script@8 :: Script':
  no 'from.reset' write handler
Rx rate: 877132.867133
While executing 'Script@8 :: Script':
  no 'from.reset' write handler
Rx rate: 875808
While executing 'Script@8 :: Script':
  no 'from.reset' write handler
Rx rate: 889535
While executing 'Script@8 :: Script':
  no 'from.reset' write handler
Rx rate: 885521
While executing 'Script@8 :: Script':
  no 'from.reset' write handler
Rx rate: 853282
While executing 'Script@8 :: Script':
  no 'from.reset' write handler
Rx rate: 884485
While executing 'Script@8 :: Script':
  no 'from.reset' write handler
Rx rate: 886079.840319
While executing 'Script@8 :: Script':
  no 'from.reset' write handler
Rx rate: 840584
While executing 'Script@8 :: Script':
  no 'from.reset' write handler
Rx rate: 881766
While executing 'Script@8 :: Script':
  no 'from.reset' write handler
Rx rate: 884200
While executing 'Script@8 :: Script':
  no 'from.reset' write handler
Rx rate: 826728
While executing 'Script@8 :: Script':
  no 'from.reset' write handler
Rx rate: 882824.175824
While executing 'Script@8 :: Script':
  no 'from.reset' write handler
Rx rate: 846412
While executing 'Script@8 :: Script':
  no 'from.reset' write handler
Rx rate: 839160
While executing 'Script@8 :: Script':
  no 'from.reset' write handler
Rx rate: 887710
While executing 'Script@8 :: Script':
  no 'from.reset' write handler
Rx rate: 879305
While executing 'Script@8 :: Script':
  no 'from.reset' write handler
Rx rate: 886706.293706
While executing 'Script@8 :: Script':
  no 'from.reset' write handler
Rx rate: 882672
While executing 'Script@8 :: Script':
  no 'from.reset' write handler
Rx rate: 880859
While executing 'Script@8 :: Script':
  no 'from.reset' write handler
Rx rate: 874018
While executing 'Script@8 :: Script':
  no 'from.reset' write handler
Rx rate: 879332.667333
While executing 'Script@8 :: Script':
  no 'from.reset' write handler
Rx rate: 871794
While executing 'Script@8 :: Script':
  no 'from.reset' write handler
Rx rate: 874125
While executing 'Script@8 :: Script':
  no 'from.reset' write handler
Rx rate: 884377.622378
While executing 'Script@8 :: Script':
  no 'from.reset' write handler
Rx rate: 884644
While executing 'Script@8 :: Script':
  no 'from.reset' write handler
Rx rate: 882930
While executing 'Script@8 :: Script':
  no 'from.reset' write handler
Rx rate: 878786
While executing 'Script@8 :: Script':
  no 'from.reset' write handler
Rx rate: 883449
While executing 'Script@8 :: Script':
  no 'from.reset' write handler
Rx rate: 873767.232767
While executing 'Script@8 :: Script':
  no 'from.reset' write handler
Rx rate: 880655
While executing 'Script@8 :: Script':
  no 'from.reset' write handler
Rx rate: 889147
While executing 'Script@8 :: Script':
  no 'from.reset' write handler
Rx rate: 879564
While executing 'Script@8 :: Script':
  no 'from.reset' write handler
Rx rate: 869204
While executing 'Script@8 :: Script':
  no 'from.reset' write handler
Rx rate: 873607
While executing 'Script@8 :: Script':
  no 'from.reset' write handler
Rx rate: 869604
While executing 'Script@8 :: Script':
  no 'from.reset' write handler
Rx rate: 876612.387612
While executing 'Script@8 :: Script':
  no 'from.reset' write handler
Rx rate: 878167.832168
While executing 'Script@8 :: Script':
  no 'from.reset' write handler
Rx rate: 883858.141858
While executing 'Script@8 :: Script':
  no 'from.reset' write handler
Rx rate: 880339
While executing 'Script@8 :: Script':
  no 'from.reset' write handler
Rx rate: 876706
While executing 'Script@8 :: Script':
  no 'from.reset' write handler
Rx rate: 877549.9002
While executing 'Script@8 :: Script':
  no 'from.reset' write handler
Rx rate: 881894
While executing 'Script@8 :: Script':
  no 'from.reset' write handler
Rx rate: 852110
While executing 'Script@8 :: Script':
  no 'from.reset' write handler
Rx rate: 874125
While executing 'Script@8 :: Script':
  no 'from.reset' write handler
Rx rate: 882686
While executing 'Script@8 :: Script':
  no 'from.reset' write handler
Rx rate: 891881.118881
While executing 'Script@8 :: Script':
  no 'from.reset' write handler
Rx rate: 879564
While executing 'Script@8 :: Script':
  no 'from.reset' write handler
Rx rate: 878269
While executing 'Script@8 :: Script':
  no 'from.reset' write handler
Rx rate: 883190
While executing 'Script@8 :: Script':
  no 'from.reset' write handler
Rx rate: 884744
While executing 'Script@8 :: Script':
  no 'from.reset' write handler
Rx rate: 882399.201597
While executing 'Script@8 :: Script':
  no 'from.reset' write handler
Rx rate: 887593
While executing 'Script@8 :: Script':
  no 'from.reset' write handler
Rx rate: 885391
While executing 'Script@8 :: Script':
  no 'from.reset' write handler
Rx rate: 883578
While executing 'Script@8 :: Script':
  no 'from.reset' write handler
Rx rate: 877853
While executing 'Script@8 :: Script':
  no 'from.reset' write handler
Rx rate: 876845
While executing 'Script@8 :: Script':
  no 'from.reset' write handler
Rx rate: 883448
While executing 'Script@8 :: Script':
  no 'from.reset' write handler
Rx rate: 889405
While executing 'Script@8 :: Script':
  no 'from.reset' write handler
AUTOTEST_DONE
