/tmp/linux.click:2: While initializing 'from :: FromDevice':
  warning: ens7: no IPv4 address assigned
Startup trace (nsec): main: 9384409417
Startup trace (nsec): init done: 9395045647
Rx rate: 0
While executing 'Script@8 :: Script':
  no 'from.reset' write handler
Rx rate: 809815.533981
While executing 'Script@8 :: Script':
  no 'from.reset' write handler
Rx rate: 812920
While executing 'Script@8 :: Script':
  no 'from.reset' write handler
Rx rate: 813242
While executing 'Script@8 :: Script':
  no 'from.reset' write handler
Rx rate: 813406
While executing 'Script@8 :: Script':
  no 'from.reset' write handler
Rx rate: 811150
While executing 'Script@8 :: Script':
  no 'from.reset' write handler
Rx rate: 813298
While executing 'Script@8 :: Script':
  no 'from.reset' write handler
Rx rate: 804547.713718
While executing 'Script@8 :: Script':
  no 'from.reset' write handler
Rx rate: 810932
While executing 'Script@8 :: Script':
  no 'from.reset' write handler
Rx rate: 813234
While executing 'Script@8 :: Script':
  no 'from.reset' write handler
Rx rate: 813342
While executing 'Script@8 :: Script':
  no 'from.reset' write handler
Rx rate: 810444
While executing 'Script@8 :: Script':
  no 'from.reset' write handler
Rx rate: 813358
While executing 'Script@8 :: Script':
  no 'from.reset' write handler
Rx rate: 813005
While executing 'Script@8 :: Script':
  no 'from.reset' write handler
Rx rate: 810818
While executing 'Script@8 :: Script':
  no 'from.reset' write handler
Rx rate: 813334
While executing 'Script@8 :: Script':
  no 'from.reset' write handler
Rx rate: 813134
While executing 'Script@8 :: Script':
  no 'from.reset' write handler
Rx rate: 808683.266932
While executing 'Script@8 :: Script':
  no 'from.reset' write handler
Rx rate: 810688
While executing 'Script@8 :: Script':
  no 'from.reset' write handler
Rx rate: 813493
While executing 'Script@8 :: Script':
  no 'from.reset' write handler
Rx rate: 813087
While executing 'Script@8 :: Script':
  no 'from.reset' write handler
Rx rate: 802246
While executing 'Script@8 :: Script':
  no 'from.reset' write handler
Rx rate: 813284
While executing 'Script@8 :: Script':
  no 'from.reset' write handler
Rx rate: 813353
While executing 'Script@8 :: Script':
  no 'from.reset' write handler
Rx rate: 797644
While executing 'Script@8 :: Script':
  no 'from.reset' write handler
Rx rate: 813480
While executing 'Script@8 :: Script':
  no 'from.reset' write handler
Rx rate: 813222
While executing 'Script@8 :: Script':
  no 'from.reset' write handler
Rx rate: 801965
While executing 'Script@8 :: Script':
  no 'from.reset' write handler
Rx rate: 812400
While executing 'Script@8 :: Script':
  no 'from.reset' write handler
Rx rate: 813222
While executing 'Script@8 :: Script':
  no 'from.reset' write handler
Rx rate: 813296
While executing 'Script@8 :: Script':
  no 'from.reset' write handler
Rx rate: 813001
While executing 'Script@8 :: Script':
  no 'from.reset' write handler
Rx rate: 813239
While executing 'Script@8 :: Script':
  no 'from.reset' write handler
Rx rate: 813231
While executing 'Script@8 :: Script':
  no 'from.reset' write handler
Rx rate: 813121
While executing 'Script@8 :: Script':
  no 'from.reset' write handler
Rx rate: 813146
While executing 'Script@8 :: Script':
  no 'from.reset' write handler
Rx rate: 813269
While executing 'Script@8 :: Script':
  no 'from.reset' write handler
Rx rate: 810520
While executing 'Script@8 :: Script':
  no 'from.reset' write handler
Rx rate: 812773
While executing 'Script@8 :: Script':
  no 'from.reset' write handler
Rx rate: 813372
While executing 'Script@8 :: Script':
  no 'from.reset' write handler
Rx rate: 813205
While executing 'Script@8 :: Script':
  no 'from.reset' write handler
Rx rate: 813128
While executing 'Script@8 :: Script':
  no 'from.reset' write handler
Rx rate: 813140
While executing 'Script@8 :: Script':
  no 'from.reset' write handler
Rx rate: 813203
While executing 'Script@8 :: Script':
  no 'from.reset' write handler
Rx rate: 813148
While executing 'Script@8 :: Script':
  no 'from.reset' write handler
Rx rate: 813167
While executing 'Script@8 :: Script':
  no 'from.reset' write handler
Rx rate: 812887
While executing 'Script@8 :: Script':
  no 'from.reset' write handler
Rx rate: 810360
While executing 'Script@8 :: Script':
  no 'from.reset' write handler
Rx rate: 812813
While executing 'Script@8 :: Script':
  no 'from.reset' write handler
Rx rate: 813499
While executing 'Script@8 :: Script':
  no 'from.reset' write handler
Rx rate: 813056
While executing 'Script@8 :: Script':
  no 'from.reset' write handler
Rx rate: 813413
While executing 'Script@8 :: Script':
  no 'from.reset' write handler
Rx rate: 813098
While executing 'Script@8 :: Script':
  no 'from.reset' write handler
Rx rate: 813352
While executing 'Script@8 :: Script':
  no 'from.reset' write handler
Rx rate: 813354
While executing 'Script@8 :: Script':
  no 'from.reset' write handler
Rx rate: 813250
While executing 'Script@8 :: Script':
  no 'from.reset' write handler
Rx rate: 813292
While executing 'Script@8 :: Script':
  no 'from.reset' write handler
Rx rate: 812008
While executing 'Script@8 :: Script':
  no 'from.reset' write handler
Rx rate: 811026
While executing 'Script@8 :: Script':
  no 'from.reset' write handler
Rx rate: 813302
While executing 'Script@8 :: Script':
  no 'from.reset' write handler
Rx rate: 813397
While executing 'Script@8 :: Script':
  no 'from.reset' write handler
Rx rate: 813260
While executing 'Script@8 :: Script':
  no 'from.reset' write handler
Rx rate: 813148
While executing 'Script@8 :: Script':
  no 'from.reset' write handler
Rx rate: 812954
While executing 'Script@8 :: Script':
  no 'from.reset' write handler
Rx rate: 812973
While executing 'Script@8 :: Script':
  no 'from.reset' write handler
Rx rate: 813008
While executing 'Script@8 :: Script':
  no 'from.reset' write handler
Rx rate: 813029
While executing 'Script@8 :: Script':
  no 'from.reset' write handler
Rx rate: 812256
While executing 'Script@8 :: Script':
  no 'from.reset' write handler
Rx rate: 811021
While executing 'Script@8 :: Script':
  no 'from.reset' write handler
Rx rate: 813306
While executing 'Script@8 :: Script':
  no 'from.reset' write handler
Rx rate: 812989
While executing 'Script@8 :: Script':
  no 'from.reset' write handler
Rx rate: 813370
While executing 'Script@8 :: Script':
  no 'from.reset' write handler
Rx rate: 813196
While executing 'Script@8 :: Script':
  no 'from.reset' write handler
AUTOTEST_DONE
