Time,Device,Direction,PacketRate,Mbit,MbitWithFraming,TotalPackets,TotalBytes
1748542408,Device: id=0,RX,1.1747645445932,9510.8937530267,9698.8560801616,1181112,1195285344
1748542408,Device: id=0,TX,0,0,0,0,0
1748542409,Device: id=0,RX,1.1729462168394,9496.1967668346,9683.8681615289,2358552,2386857660
1748542409,Device: id=0,TX,0,0,0,0,0
1748542410,Device: id=0,RX,1.1758628732663,9519.761660868,9707.8997205906,3540591,3583078092
1748542410,Device: id=0,TX,0,0,0,0,0
1748542411,Device: id=0,RX,1.1732015848716,9498.2480848169,9685.9603383964,4719955,4776595472
1748542411,Device: id=0,TX,0,0,0,0,0
1748542412,Device: id=0,RX,1.1688859805905,9463.2928455701,9650.3146024646,5895040,5965780480
1748542412,Device: id=0,TX,0,0,0,0,0
1748542413,Device: id=0,RX,1.1782530752013,9539.1449505062,9727.6654425384,7079485,7164439832
1748542413,Device: id=0,TX,0,0,0,0,0
1748542414,Device: id=0,RX,1.1734421945663,9500.1799598233,9687.9307109539,8260016,8359136192
1748542414,Device: id=0,TX,0,0,0,0,0
1748542415,Device: id=0,RX,1.1726440440137,9493.7261803349,9681.3492273771,9441041,9554333492
1748542415,Device: id=0,TX,0,0,0,0,0
1748542416,Device: id=0,RX,1.1727655528489,9494.709915865,9682.3524043208,10619965,10747404580
1748542416,Device: id=0,TX,0,0,0,0,0
1748542417,Device: id=0,RX,1.1730620019018,9497.1099673967,9684.799887701,11799251,11940842012
1748542417,Device: id=0,TX,0,0,0,0,0
1748542418,Device: id=0,RX,1.1752476532034,9514.8855077152,9702.9251322278,12981106,13136889392
1748542418,Device: id=0,TX,0,0,0,0,0
1748542419,Device: id=0,RX,1.174406706289,9507.9243131438,9695.8293861501,14163350,14333311212
1748542419,Device: id=0,TX,0,0,0,0,0
1748542420,Device: id=0,RX,1.177699541895,9534.6474374883,9723.0793641915,15347236,15531402832
1748542420,Device: id=0,TX,0,0,0,0,0
1748542421,Device: id=0,RX,1.1766503426429,9526.1611740368,9714.4252288597,16530067,16728427804
1748542421,Device: id=0,TX,0,0,0,0,0
1748542422,Device: id=0,RX,1.175922345775,9520.2592576704,9708.4068329944,17712162,17924706932
1748542422,Device: id=0,TX,0,0,0,0,0
1748542423,Device: id=0,RX,1.1753290021542,9515.5199772026,9703.5726175472,18893667,19120397076
1748542423,Device: id=0,TX,0,0,0,0,0
1748542424,Device: id=0,RX,1.1739218684511,9504.0231373642,9691.8506363164,20074062,20314950744
1748542424,Device: id=0,TX,0,0,0,0,0
1748542425,Device: id=0,RX,1.1696396864464,9469.4029014703,9656.5452513017,21249847,21504845164
1748542425,Device: id=0,TX,0,0,0,0,0
1748542426,Device: id=0,RX,1.1732438815096,9498.5824647016,9686.3014857431,22429808,22698965696
1748542426,Device: id=0,TX,0,0,0,0,0
1748542427,Device: id=0,RX,1.1780741521382,9537.6802820263,9726.1721463684,23614072,23897439852
1748542427,Device: id=0,TX,0,0,0,0,0
1748542428,Device: id=0,RX,1.1722760273782,9490.7950398994,9678.3592042799,24792504,25090019108
1748542428,Device: id=0,TX,0,0,0,0,0
1748542429,Device: id=0,RX,1.1736487311081,9501.8118605292,9689.5956575065,25973678,26285361124
1748542429,Device: id=0,TX,0,0,0,0,0
1748542430,Device: id=0,RX,1.1770393121103,9529.3102708453,9717.636560783,27156898,27482779764
1748542430,Device: id=0,TX,0,0,0,0,0
1748542431,Device: id=0,RX,1.169753732183,9470.3584305145,9657.5190276637,28332797,28672793600
1748542431,Device: id=0,TX,0,0,0,0,0
1748542432,Device: id=0,RX,1.1725123713103,9492.627943309,9680.2299227186,29511467,29865603592
1748542432,Device: id=0,TX,0,0,0,0,0
1748542433,Device: id=0,RX,1.1740199364733,9504.8734593825,9692.7166492182,30691654,31059953848
1748542433,Device: id=0,TX,0,0,0,0,0
1748542434,Device: id=0,RX,1.1738341093923,9503.3609496397,9691.1744071425,31871654,32254113848
1748542434,Device: id=0,TX,0,0,0,0,0
1748542435,Device: id=0,RX,1.1759529663636,9520.5152156793,9708.6676902975,33053784,33450429408
1748542435,Device: id=0,TX,0,0,0,0,0
1748542436,Device: id=0,RX,1.1660347644488,9440.209398892,9626.7749612038,34225887,34636596632
1748542436,Device: id=0,TX,0,0,0,0,0
1748542437,Device: id=0,RX,1.1753450515709,9515.5935375183,9703.6487457697,35408328,35833226924
1748542437,Device: id=0,TX,0,0,0,0,0
1748542438,Device: id=0,RX,1.1772866101021,9531.3123953869,9719.6782530033,36591798,37030898564
1748542438,Device: id=0,TX,0,0,0,0,0
1748542439,Device: id=0,RX,1.171726838728,9486.3004863416,9673.776780538,37769618,38222852404
1748542439,Device: id=0,TX,0,0,0,0,0
1748542440,Device: id=0,RX,1.1724317723666,9492.0076290803,9679.596712659,38948209,39415586496
1748542440,Device: id=0,TX,0,0,0,0,0
1748542441,Device: id=0,RX,1.176928534289,9528.4134136035,9716.7219790898,40131318,40612892804
1748542441,Device: id=0,TX,0,0,0,0,0
1748542442,Device: id=0,RX,1.1732322350653,9498.488175089,9686.2053326994,41310714,41806441556
1748542442,Device: id=0,TX,0,0,0,0,0
1748542443,Device: id=0,RX,1.1724753327541,9492.3602939769,9679.9563472175,42489965,42999843568
1748542443,Device: id=0,TX,0,0,0,0,0
1748542444,Device: id=0,RX,1.1767624284879,9527.0686210378,9715.3506095959,43672907,44196980872
1748542444,Device: id=0,TX,0,0,0,0,0
1748542445,Device: id=0,RX,1.176014984578,9521.0253688276,9709.1877663601,44855101,45393362212
1748542445,Device: id=0,TX,0,0,0,0,0
1748542446,Device: id=0,RX,1.1693211696004,9466.81613538,9653.9075225161,46030563,46582928744
1748542446,Device: id=0,TX,0,0,0,0,0
1748542447,Device: id=0,RX,1.1722070316173,9490.1881279733,9677.741253032,47208927,47775433112
1748542447,Device: id=0,TX,0,0,0,0,0
1748542448,Device: id=0,RX,1.1726763222401,9493.9875048558,9681.6157164142,48389924,48970602076
1748542448,Device: id=0,TX,0,0,0,0,0
1748542449,Device: id=0,RX,1.1669127870805,9447.3339779087,9634.0400238416,49562965,50157720580
1748542449,Device: id=0,TX,0,0,0,0,0
1748542450,Device: id=0,RX,1.174048902406,9505.1079675743,9692.9557919592,50743181,51352100184
1748542450,Device: id=0,TX,0,0,0,0,0
1748542451,Device: id=0,RX,1.1751329130769,9513.8680105703,9701.8892766626,51924486,52547579832
1748542451,Device: id=0,TX,0,0,0,0,0
1748542452,Device: id=0,RX,1.1765885774812,9525.6530695722,9713.9072419692,53107252,53744538012
1748542452,Device: id=0,TX,0,0,0,0,0
1748542453,Device: id=0,RX,1.175993562661,9520.8519369845,9709.0109070102,54289425,54940898100
1748542453,Device: id=0,TX,0,0,0,0,0
1748542454,Device: id=0,RX,1.1760130918117,9520.9939372072,9709.1560318971,55471556,56137213660
1748542454,Device: id=0,TX,0,0,0,0,0
1748542455,Device: id=0,RX,1.1751552143504,9514.0566153812,9702.0814496773,56652882,57332715572
1748542455,Device: id=0,TX,0,0,0,0,0
1748542456,Device: id=0,RX,1.1743210659272,9507.3033497465,9695.1947202948,57833372,58527371452
1748542456,Device: id=0,TX,0,0,0,0,0
1748542457,Device: id=0,RX,1.1746520950439,9509.9833614754,9697.9276966825,59014195,59722364328
1748542457,Device: id=0,TX,0,0,0,0,0
1748542458,Device: id=0,RX,1.1752412398418,9514.7611314718,9702.7997298465,60195607,60917954284
1748542458,Device: id=0,TX,0,0,0,0,0
1748542459,Device: id=0,RX,1.177486930236,9532.9261335219,9721.3240423597,61379283,62115833384
1748542459,Device: id=0,TX,0,0,0,0,0
1748542460,Device: id=0,RX,1.1797951280191,9551.6213564424,9740.3885769254,62565209,63315990496
1748542460,Device: id=0,TX,0,0,0,0,0
1748542461,Device: id=0,RX,1.1759571395606,9520.5490018823,9708.702144212,63747345,64512312128
1748542461,Device: id=0,TX,0,0,0,0,0
1748542462,Device: id=0,RX,1.1783017717726,9539.5311442712,9728.0594277548,64931773,65710953264
1748542462,Device: id=0,TX,0,0,0,0,0
1748542463,Device: id=0,RX,1.1723096482577,9491.0189122945,9678.5884560157,66110858,66904187284
1748542463,Device: id=0,TX,0,0,0,0,0
1748542464,Device: id=0,RX,1.1714430648368,9484.0030529189,9671.4339432928,67288452,68095912412
1748542464,Device: id=0,TX,0,0,0,0,0
1748542465,Device: id=0,RX,1.1778026472459,9535.4902321025,9723.9386556618,68472379,69294046536
1748542465,Device: id=0,TX,0,0,0,0,0
1748542466,Device: id=0,RX,1.1722431606381,9490.4806285264,9678.0395342285,69650779,70486587336
1748542466,Device: id=0,TX,0,0,0,0,0
1748542467,Device: id=0,RX,1.1702533251787,9474.37897477,9661.6195067986,70827117,71677042404
1748542467,Device: id=0,TX,0,0,0,0,0
1748542468,Device: id=0,RX,1.1710591735562,9480.887023019,9668.256490788,72005440,72869504268
1748542468,Device: id=0,TX,0,0,0,0,0
1748542469,Device: id=0,RX,1.1755099095415,9516.9282276484,9705.009813175,73187123,74065367464
1748542469,Device: id=0,TX,0,0,0,0,0
1748542470,Device: id=0,RX,1.1732346924431,9498.5161237318,9686.2336745227,74366518,75258916216
1748542470,Device: id=0,TX,0,0,0,0,0
1748542471,Device: id=0,RX,1.1760370123016,9521.187597902,9709.3535198702,75548733,76455316784
1748542471,Device: id=0,TX,0,0,0,0,0
1748542472,Device: id=0,RX,1.1777060121423,9534.7159279945,9723.1488899372,76732626,77653417512
1748542472,Device: id=0,TX,0,0,0,0,0
1748542473,Device: id=0,RX,1.1768625687066,9527.8713029653,9716.1693139584,77915731,78850718760
1748542473,Device: id=0,TX,0,0,0,0,0
1748542474,Device: id=0,RX,1.1776811867154,9534.5068876477,9722.9358775221,79099598,80048792164
1748542474,Device: id=0,TX,0,0,0,0,0
1748542475,Device: id=0,RX,1.1752824978364,9515.0871024831,9703.132302137,80281057,81244428672
1748542475,Device: id=0,TX,0,0,0,0,0
1748542476,Device: id=0,RX,1.172099078799,9489.3141419571,9676.849994565,81460115,82437635368
1748542476,Device: id=0,TX,0,0,0,0,0
1748542477,Device: id=0,RX,1.169445007183,9467.8267781534,9654.9379793027,82635701,83627328400
1748542477,Device: id=0,TX,0,0,0,0,0
1748542478,Device: id=0,RX,1.1741630198757,9506.023694938,9693.8897781181,83543957,84546483472
1748542478,Device: id=0,TX,0,0,0,0,0
