/tmp/linux.click:2: While initializing 'from :: FromDevice':
  warning: ens7: no IPv4 address assigned
Startup trace (nsec): main: 8102158874
Startup trace (nsec): init done: 8110097649
Rx rate: 0
While executing 'Script@5 :: Script':
  no 'from.reset' write handler
Rx rate: 392331.360947
While executing 'Script@5 :: Script':
  no 'from.reset' write handler
Rx rate: 345676.266137
While executing 'Script@5 :: Script':
  no 'from.reset' write handler
Rx rate: 427743.512974
While executing 'Script@5 :: Script':
  no 'from.reset' write handler
Rx rate: 427581.673307
While executing 'Script@5 :: Script':
  no 'from.reset' write handler
Rx rate: 435367.896311
While executing 'Script@5 :: Script':
  no 'from.reset' write handler
Rx rate: 411504.99002
While executing 'Script@5 :: Script':
  no 'from.reset' write handler
Rx rate: 431192.807193
While executing 'Script@5 :: Script':
  no 'from.reset' write handler
Rx rate: 432700.598802
While executing 'Script@5 :: Script':
  no 'from.reset' write handler
Rx rate: 402666.666667
While executing 'Script@5 :: Script':
  no 'from.reset' write handler
Rx rate: 434934.262948
While executing 'Script@5 :: Script':
  no 'from.reset' write handler
Rx rate: 429810
While executing 'Script@5 :: Script':
  no 'from.reset' write handler
Rx rate: 414918
While executing 'Script@5 :: Script':
  no 'from.reset' write handler
Rx rate: 435120
While executing 'Script@5 :: Script':
  no 'from.reset' write handler
Rx rate: 431828
While executing 'Script@5 :: Script':
  no 'from.reset' write handler
Rx rate: 431192.807193
While executing 'Script@5 :: Script':
  no 'from.reset' write handler
Rx rate: 418673
While executing 'Script@5 :: Script':
  no 'from.reset' write handler
Rx rate: 428475.524476
While executing 'Script@5 :: Script':
  no 'from.reset' write handler
Rx rate: 433048
While executing 'Script@5 :: Script':
  no 'from.reset' write handler
Rx rate: 414865
While executing 'Script@5 :: Script':
  no 'from.reset' write handler
Rx rate: 431235
While executing 'Script@5 :: Script':
  no 'from.reset' write handler
Rx rate: 430717
While executing 'Script@5 :: Script':
  no 'from.reset' write handler
Rx rate: 408702
While executing 'Script@5 :: Script':
  no 'from.reset' write handler
Rx rate: 431321.678322
While executing 'Script@5 :: Script':
  no 'from.reset' write handler
Rx rate: 431959
While executing 'Script@5 :: Script':
  no 'from.reset' write handler
Rx rate: 401709
While executing 'Script@5 :: Script':
  no 'from.reset' write handler
Rx rate: 427091
While executing 'Script@5 :: Script':
  no 'from.reset' write handler
Rx rate: 414918
While executing 'Script@5 :: Script':
  no 'from.reset' write handler
Rx rate: 396011
While executing 'Script@5 :: Script':
  no 'from.reset' write handler
Rx rate: 426909
While executing 'Script@5 :: Script':
  no 'from.reset' write handler
Rx rate: 429810
While executing 'Script@5 :: Script':
  no 'from.reset' write handler
Rx rate: 424760
While executing 'Script@5 :: Script':
  no 'from.reset' write handler
Rx rate: 424076.923077
While executing 'Script@5 :: Script':
  no 'from.reset' write handler
Rx rate: 428775
While executing 'Script@5 :: Script':
  no 'from.reset' write handler
Rx rate: 425354
While executing 'Script@5 :: Script':
  no 'from.reset' write handler
Rx rate: 426703
While executing 'Script@5 :: Script':
  no 'from.reset' write handler
Rx rate: 429940
While executing 'Script@5 :: Script':
  no 'from.reset' write handler
Rx rate: 428127
While executing 'Script@5 :: Script':
  no 'from.reset' write handler
Rx rate: 428127
While executing 'Script@5 :: Script':
  no 'from.reset' write handler
Rx rate: 426005
While executing 'Script@5 :: Script':
  no 'from.reset' write handler
Rx rate: 427789.421158
While executing 'Script@5 :: Script':
  no 'from.reset' write handler
Rx rate: 430587
While executing 'Script@5 :: Script':
  no 'from.reset' write handler
Rx rate: 430157.842158
While executing 'Script@5 :: Script':
  no 'from.reset' write handler
Rx rate: 424501
While executing 'Script@5 :: Script':
  no 'from.reset' write handler
Rx rate: 431005
While executing 'Script@5 :: Script':
  no 'from.reset' write handler
Rx rate: 430416.583417
While executing 'Script@5 :: Script':
  no 'from.reset' write handler
Rx rate: 429940
While executing 'Script@5 :: Script':
  no 'from.reset' write handler
Rx rate: 429422
While executing 'Script@5 :: Script':
  no 'from.reset' write handler
Rx rate: 427350
While executing 'Script@5 :: Script':
  no 'from.reset' write handler
Rx rate: 426261
While executing 'Script@5 :: Script':
  no 'from.reset' write handler
Rx rate: 427350
While executing 'Script@5 :: Script':
  no 'from.reset' write handler
Rx rate: 428216.783217
While executing 'Script@5 :: Script':
  no 'from.reset' write handler
Rx rate: 428645
While executing 'Script@5 :: Script':
  no 'from.reset' write handler
Rx rate: 426573
While executing 'Script@5 :: Script':
  no 'from.reset' write handler
Rx rate: 431494
While executing 'Script@5 :: Script':
  no 'from.reset' write handler
Rx rate: 430149
While executing 'Script@5 :: Script':
  no 'from.reset' write handler
Rx rate: 423041.958042
While executing 'Script@5 :: Script':
  no 'from.reset' write handler
Rx rate: 413105
While executing 'Script@5 :: Script':
  no 'from.reset' write handler
Rx rate: 428127
While executing 'Script@5 :: Script':
  no 'from.reset' write handler
Rx rate: 428758
While executing 'Script@5 :: Script':
  no 'from.reset' write handler
Rx rate: 429681
While executing 'Script@5 :: Script':
  no 'from.reset' write handler
Rx rate: 427997
While executing 'Script@5 :: Script':
  no 'from.reset' write handler
Rx rate: 431624
While executing 'Script@5 :: Script':
  no 'from.reset' write handler
Rx rate: 426367.265469
While executing 'Script@5 :: Script':
  no 'from.reset' write handler
Rx rate: 432142
While executing 'Script@5 :: Script':
  no 'from.reset' write handler
Rx rate: 424710
While executing 'Script@5 :: Script':
  no 'from.reset' write handler
Rx rate: 429163
While executing 'Script@5 :: Script':
  no 'from.reset' write handler
Rx rate: 429681
While executing 'Script@5 :: Script':
  no 'from.reset' write handler
Rx rate: 428475.524476
While executing 'Script@5 :: Script':
  no 'from.reset' write handler
Rx rate: 425708.291708
While executing 'Script@5 :: Script':
  no 'from.reset' write handler
Rx rate: 428386
While executing 'Script@5 :: Script':
  no 'from.reset' write handler
Rx rate: 424890
While executing 'Script@5 :: Script':
  no 'from.reset' write handler
Rx rate: 432789
While executing 'Script@5 :: Script':
  no 'from.reset' write handler
AUTOTEST_DONE
