Startup trace (nsec): main: 161262796273
Startup trace (nsec): init done: 161266169602
Rx rate: 0
While executing 'Script@5 :: Script':
  no 'from.reset' write handler
Rx rate: 129500
While executing 'Script@5 :: Script':
  no 'from.reset' write handler
Rx rate: 128738.235294
While executing 'Script@5 :: Script':
  no 'from.reset' write handler
Rx rate: 129116.485686
While executing 'Script@5 :: Script':
  no 'from.reset' write handler
Rx rate: 129112.662014
While executing 'Script@5 :: Script':
  no 'from.reset' write handler
Rx rate: 129500
While executing 'Script@5 :: Script':
  no 'from.reset' write handler
Rx rate: 128857.000993
While executing 'Script@5 :: Script':
  no 'from.reset' write handler
Rx rate: 129241
While executing 'Script@5 :: Script':
  no 'from.reset' write handler
Rx rate: 128724.550898
While executing 'Script@5 :: Script':
  no 'from.reset' write handler
Rx rate: 128984.063745
While executing 'Script@5 :: Script':
  no 'from.reset' write handler
Rx rate: 128853.146853
While executing 'Script@5 :: Script':
  no 'from.reset' write handler
Rx rate: 128723
While executing 'Script@5 :: Script':
  no 'from.reset' write handler
Rx rate: 128723
While executing 'Script@5 :: Script':
  no 'from.reset' write handler
Rx rate: 128853.146853
While executing 'Script@5 :: Script':
  no 'from.reset' write handler
Rx rate: 128853
While executing 'Script@5 :: Script':
  no 'from.reset' write handler
Rx rate: 128982
While executing 'Script@5 :: Script':
  no 'from.reset' write handler
Rx rate: 129370
While executing 'Script@5 :: Script':
  no 'from.reset' write handler
Rx rate: 128983.016983
While executing 'Script@5 :: Script':
  no 'from.reset' write handler
Rx rate: 129481
While executing 'Script@5 :: Script':
  no 'from.reset' write handler
Rx rate: 129241
While executing 'Script@5 :: Script':
  no 'from.reset' write handler
Rx rate: 128853.146853
While executing 'Script@5 :: Script':
  no 'from.reset' write handler
Rx rate: 128723.276723
While executing 'Script@5 :: Script':
  no 'from.reset' write handler
Rx rate: 128983.016983
While executing 'Script@5 :: Script':
  no 'from.reset' write handler
Rx rate: 128852
While executing 'Script@5 :: Script':
  no 'from.reset' write handler
Rx rate: 128724.275724
While executing 'Script@5 :: Script':
  no 'from.reset' write handler
Rx rate: 127946
While executing 'Script@5 :: Script':
  no 'from.reset' write handler
Rx rate: 129240.759241
While executing 'Script@5 :: Script':
  no 'from.reset' write handler
Rx rate: 129371
While executing 'Script@5 :: Script':
  no 'from.reset' write handler
Rx rate: 129111
While executing 'Script@5 :: Script':
  no 'from.reset' write handler
Rx rate: 128853
While executing 'Script@5 :: Script':
  no 'from.reset' write handler
Rx rate: 128982
While executing 'Script@5 :: Script':
  no 'from.reset' write handler
Rx rate: 128852
While executing 'Script@5 :: Script':
  no 'from.reset' write handler
Rx rate: 128853.146853
While executing 'Script@5 :: Script':
  no 'from.reset' write handler
Rx rate: 128853
While executing 'Script@5 :: Script':
  no 'from.reset' write handler
Rx rate: 128982
While executing 'Script@5 :: Script':
  no 'from.reset' write handler
Rx rate: 129111
While executing 'Script@5 :: Script':
  no 'from.reset' write handler
Rx rate: 128853
While executing 'Script@5 :: Script':
  no 'from.reset' write handler
Rx rate: 128853.146853
While executing 'Script@5 :: Script':
  no 'from.reset' write handler
Rx rate: 129442.557443
While executing 'Script@5 :: Script':
  no 'from.reset' write handler
Rx rate: 129111.888112
While executing 'Script@5 :: Script':
  no 'from.reset' write handler
Rx rate: 128982.017982
While executing 'Script@5 :: Script':
  no 'from.reset' write handler
Rx rate: 128982
While executing 'Script@5 :: Script':
  no 'from.reset' write handler
Rx rate: 128335
While executing 'Script@5 :: Script':
  no 'from.reset' write handler
Rx rate: 128076.923077
While executing 'Script@5 :: Script':
  no 'from.reset' write handler
Rx rate: 128982
While executing 'Script@5 :: Script':
  no 'from.reset' write handler
Rx rate: 128852
While executing 'Script@5 :: Script':
  no 'from.reset' write handler
Rx rate: 128983.016983
While executing 'Script@5 :: Script':
  no 'from.reset' write handler
Rx rate: 128593
While executing 'Script@5 :: Script':
  no 'from.reset' write handler
Rx rate: 129500.4995
While executing 'Script@5 :: Script':
  no 'from.reset' write handler
Rx rate: 128852
While executing 'Script@5 :: Script':
  no 'from.reset' write handler
Rx rate: 128983.016983
While executing 'Script@5 :: Script':
  no 'from.reset' write handler
Rx rate: 128723.276723
While executing 'Script@5 :: Script':
  no 'from.reset' write handler
Rx rate: 128335.664336
While executing 'Script@5 :: Script':
  no 'from.reset' write handler
Rx rate: 128465.534466
While executing 'Script@5 :: Script':
  no 'from.reset' write handler
Rx rate: 128464.535465
While executing 'Script@5 :: Script':
  no 'from.reset' write handler
Rx rate: 127817
While executing 'Script@5 :: Script':
  no 'from.reset' write handler
Rx rate: 128852
While executing 'Script@5 :: Script':
  no 'from.reset' write handler
Rx rate: 128205
While executing 'Script@5 :: Script':
  no 'from.reset' write handler
Rx rate: 129178
While executing 'Script@5 :: Script':
  no 'from.reset' write handler
Rx rate: 128852
While executing 'Script@5 :: Script':
  no 'from.reset' write handler
Rx rate: 128724.275724
While executing 'Script@5 :: Script':
  no 'from.reset' write handler
Rx rate: 128853.146853
While executing 'Script@5 :: Script':
  no 'from.reset' write handler
Rx rate: 128853.146853
While executing 'Script@5 :: Script':
  no 'from.reset' write handler
Rx rate: 128723.276723
While executing 'Script@5 :: Script':
  no 'from.reset' write handler
Rx rate: 128723
While executing 'Script@5 :: Script':
  no 'from.reset' write handler
Rx rate: 129112
While executing 'Script@5 :: Script':
  no 'from.reset' write handler
Rx rate: 129370
While executing 'Script@5 :: Script':
  no 'from.reset' write handler
Rx rate: 128853
While executing 'Script@5 :: Script':
  no 'from.reset' write handler
Rx rate: 128464.535465
While executing 'Script@5 :: Script':
  no 'from.reset' write handler
Rx rate: 129371
While executing 'Script@5 :: Script':
  no 'from.reset' write handler
Rx rate: 128723
While executing 'Script@5 :: Script':
  no 'from.reset' write handler
Rx rate: 128334
While executing 'Script@5 :: Script':
  no 'from.reset' write handler
Rx rate: 128853
While executing 'Script@5 :: Script':
  no 'from.reset' write handler
AUTOTEST_DONE
