Startup trace (nsec): main: 161265165490
Startup trace (nsec): init done: 161268175772
Rx rate: 0
While executing 'Script@8 :: Script':
  no 'from.reset' write handler
Rx rate: 914117.647059
While executing 'Script@8 :: Script':
  no 'from.reset' write handler
Rx rate: 923601
While executing 'Script@8 :: Script':
  no 'from.reset' write handler
Rx rate: 925925
While executing 'Script@8 :: Script':
  no 'from.reset' write handler
Rx rate: 927308.383234
While executing 'Script@8 :: Script':
  no 'from.reset' write handler
Rx rate: 928233.766234
While executing 'Script@8 :: Script':
  no 'from.reset' write handler
Rx rate: 922408
While executing 'Script@8 :: Script':
  no 'from.reset' write handler
Rx rate: 926403.193613
While executing 'Script@8 :: Script':
  no 'from.reset' write handler
Rx rate: 926811.188811
While executing 'Script@8 :: Script':
  no 'from.reset' write handler
Rx rate: 927976.023976
While executing 'Script@8 :: Script':
  no 'from.reset' write handler
Rx rate: 929033
While executing 'Script@8 :: Script':
  no 'from.reset' write handler
Rx rate: 925536
While executing 'Script@8 :: Script':
  no 'from.reset' write handler
Rx rate: 924979
While executing 'Script@8 :: Script':
  no 'from.reset' write handler
Rx rate: 929810
While executing 'Script@8 :: Script':
  no 'from.reset' write handler
Rx rate: 927867
While executing 'Script@8 :: Script':
  no 'from.reset' write handler
Rx rate: 924971
While executing 'Script@8 :: Script':
  no 'from.reset' write handler
Rx rate: 926002
While executing 'Script@8 :: Script':
  no 'from.reset' write handler
Rx rate: 925666
While executing 'Script@8 :: Script':
  no 'from.reset' write handler
Rx rate: 928256
While executing 'Script@8 :: Script':
  no 'from.reset' write handler
Rx rate: 927846.153846
While executing 'Script@8 :: Script':
  no 'from.reset' write handler
Rx rate: 927846.153846
While executing 'Script@8 :: Script':
  no 'from.reset' write handler
Rx rate: 929398.601399
While executing 'Script@8 :: Script':
  no 'from.reset' write handler
Rx rate: 926184
While executing 'Script@8 :: Script':
  no 'from.reset' write handler
Rx rate: 930026
While executing 'Script@8 :: Script':
  no 'from.reset' write handler
Rx rate: 926184
While executing 'Script@8 :: Script':
  no 'from.reset' write handler
Rx rate: 916373.626374
While executing 'Script@8 :: Script':
  no 'from.reset' write handler
Rx rate: 924394
While executing 'Script@8 :: Script':
  no 'from.reset' write handler
Rx rate: 925258.741259
While executing 'Script@8 :: Script':
  no 'from.reset' write handler
Rx rate: 921133
While executing 'Script@8 :: Script':
  no 'from.reset' write handler
Rx rate: 922558
While executing 'Script@8 :: Script':
  no 'from.reset' write handler
Rx rate: 923335
While executing 'Script@8 :: Script':
  no 'from.reset' write handler
Rx rate: 923706.293706
While executing 'Script@8 :: Script':
  no 'from.reset' write handler
Rx rate: 921004
While executing 'Script@8 :: Script':
  no 'from.reset' write handler
Rx rate: 918315
While executing 'Script@8 :: Script':
  no 'from.reset' write handler
Rx rate: 921781
While executing 'Script@8 :: Script':
  no 'from.reset' write handler
Rx rate: 920981
While executing 'Script@8 :: Script':
  no 'from.reset' write handler
Rx rate: 917453.546454
While executing 'Script@8 :: Script':
  no 'from.reset' write handler
Rx rate: 921004
While executing 'Script@8 :: Script':
  no 'from.reset' write handler
Rx rate: 920227
While executing 'Script@8 :: Script':
  no 'from.reset' write handler
Rx rate: 918272.727273
While executing 'Script@8 :: Script':
  no 'from.reset' write handler
Rx rate: 923076
While executing 'Script@8 :: Script':
  no 'from.reset' write handler
Rx rate: 924242
While executing 'Script@8 :: Script':
  no 'from.reset' write handler
Rx rate: 925258.741259
While executing 'Script@8 :: Script':
  no 'from.reset' write handler
Rx rate: 925957
While executing 'Script@8 :: Script':
  no 'from.reset' write handler
Rx rate: 933177
While executing 'Script@8 :: Script':
  no 'from.reset' write handler
Rx rate: 928803
While executing 'Script@8 :: Script':
  no 'from.reset' write handler
Rx rate: 923739
While executing 'Script@8 :: Script':
  no 'from.reset' write handler
Rx rate: 922040
While executing 'Script@8 :: Script':
  no 'from.reset' write handler
Rx rate: 923076
While executing 'Script@8 :: Script':
  no 'from.reset' write handler
Rx rate: 923594
While executing 'Script@8 :: Script':
  no 'from.reset' write handler
Rx rate: 924889
While executing 'Script@8 :: Script':
  no 'from.reset' write handler
Rx rate: 924112
While executing 'Script@8 :: Script':
  no 'from.reset' write handler
Rx rate: 925407
While executing 'Script@8 :: Script':
  no 'from.reset' write handler
Rx rate: 923685
While executing 'Script@8 :: Script':
  no 'from.reset' write handler
Rx rate: 925666
While executing 'Script@8 :: Script':
  no 'from.reset' write handler
Rx rate: 923177
While executing 'Script@8 :: Script':
  no 'from.reset' write handler
Rx rate: 913414
While executing 'Script@8 :: Script':
  no 'from.reset' write handler
Rx rate: 918155
While executing 'Script@8 :: Script':
  no 'from.reset' write handler
Rx rate: 923076
While executing 'Script@8 :: Script':
  no 'from.reset' write handler
Rx rate: 920860.13986
While executing 'Script@8 :: Script':
  no 'from.reset' write handler
Rx rate: 921522
While executing 'Script@8 :: Script':
  no 'from.reset' write handler
Rx rate: 921911
While executing 'Script@8 :: Script':
  no 'from.reset' write handler
Rx rate: 922930.06993
While executing 'Script@8 :: Script':
  no 'from.reset' write handler
Rx rate: 919265
While executing 'Script@8 :: Script':
  no 'from.reset' write handler
Rx rate: 924241
While executing 'Script@8 :: Script':
  no 'from.reset' write handler
Rx rate: 922160
While executing 'Script@8 :: Script':
  no 'from.reset' write handler
Rx rate: 922163
While executing 'Script@8 :: Script':
  no 'from.reset' write handler
Rx rate: 923076
While executing 'Script@8 :: Script':
  no 'from.reset' write handler
Rx rate: 922688
While executing 'Script@8 :: Script':
  no 'from.reset' write handler
Rx rate: 921133
While executing 'Script@8 :: Script':
  no 'from.reset' write handler
Rx rate: 923465
While executing 'Script@8 :: Script':
  no 'from.reset' write handler
Rx rate: 920097
While executing 'Script@8 :: Script':
  no 'from.reset' write handler
Rx rate: 923076
While executing 'Script@8 :: Script':
  no 'from.reset' write handler
AUTOTEST_DONE
