SimpleQueue@7 :: SimpleQueue: overflow
Startup trace (nsec): main: 85866190267
Startup trace (nsec): init done: 85868187633
Rx rate: 291984.126984   TxExt rate: 289738.095238   TxInt rate: 289738.095238
While executing 'Script@11 :: Script':
  no 'from_device.reset' write handler
Rx rate: 298658.706468   TxExt rate: 295644.776119   TxInt rate: 295644.776119
While executing 'Script@11 :: Script':
  no 'from_device.reset' write handler
Rx rate: 298853.439681   TxExt rate: 296354.935194   TxInt rate: 296354.935194
While executing 'Script@11 :: Script':
  no 'from_device.reset' write handler
Rx rate: 297765.234765   TxExt rate: 295268.731269   TxInt rate: 295268.731269
While executing 'Script@11 :: Script':
  no 'from_device.reset' write handler
Rx rate: 298162.512463   TxExt rate: 294270.189432   TxInt rate: 294270.189432
While executing 'Script@11 :: Script':
  no 'from_device.reset' write handler
Rx rate: 297639   TxExt rate: 294952   TxInt rate: 294952
While executing 'Script@11 :: Script':
  no 'from_device.reset' write handler
Rx rate: 297752.247752   TxExt rate: 295281.718282   TxInt rate: 295281.718282
While executing 'Script@11 :: Script':
  no 'from_device.reset' write handler
Rx rate: 297998   TxExt rate: 295629   TxInt rate: 295629
While executing 'Script@11 :: Script':
  no 'from_device.reset' write handler
Rx rate: 298952.095808   TxExt rate: 296463.073852   TxInt rate: 296463.073852
While executing 'Script@11 :: Script':
  no 'from_device.reset' write handler
Rx rate: 298323   TxExt rate: 295822   TxInt rate: 295822
While executing 'Script@11 :: Script':
  no 'from_device.reset' write handler
Rx rate: 295537   TxExt rate: 292347   TxInt rate: 292347
While executing 'Script@11 :: Script':
  no 'from_device.reset' write handler
Rx rate: 297965   TxExt rate: 294674   TxInt rate: 294674
While executing 'Script@11 :: Script':
  no 'from_device.reset' write handler
Rx rate: 298886   TxExt rate: 296295   TxInt rate: 296295
While executing 'Script@11 :: Script':
  no 'from_device.reset' write handler
Rx rate: 297388   TxExt rate: 294685   TxInt rate: 294685
While executing 'Script@11 :: Script':
  no 'from_device.reset' write handler
Rx rate: 295274.725275   TxExt rate: 291389.61039   TxInt rate: 291389.61039
While executing 'Script@11 :: Script':
  no 'from_device.reset' write handler
Rx rate: 297563   TxExt rate: 294898   TxInt rate: 294898
While executing 'Script@11 :: Script':
  no 'from_device.reset' write handler
Rx rate: 297078   TxExt rate: 294607   TxInt rate: 294607
While executing 'Script@11 :: Script':
  no 'from_device.reset' write handler
Rx rate: 297476.523477   TxExt rate: 294781.218781   TxInt rate: 294781.218781
While executing 'Script@11 :: Script':
  no 'from_device.reset' write handler
Rx rate: 297773   TxExt rate: 295077   TxInt rate: 295077
While executing 'Script@11 :: Script':
  no 'from_device.reset' write handler
Rx rate: 295867.132867   TxExt rate: 293285.714286   TxInt rate: 293285.714286
While executing 'Script@11 :: Script':
  no 'from_device.reset' write handler
Rx rate: 297658   TxExt rate: 294171   TxInt rate: 294171
While executing 'Script@11 :: Script':
  no 'from_device.reset' write handler
Rx rate: 295411   TxExt rate: 292193   TxInt rate: 292193
While executing 'Script@11 :: Script':
  no 'from_device.reset' write handler
Rx rate: 295507   TxExt rate: 293070   TxInt rate: 293070
While executing 'Script@11 :: Script':
  no 'from_device.reset' write handler
Rx rate: 294737   TxExt rate: 292285   TxInt rate: 292285
While executing 'Script@11 :: Script':
  no 'from_device.reset' write handler
Rx rate: 297924.075924   TxExt rate: 293379.62038   TxInt rate: 293379.62038
While executing 'Script@11 :: Script':
  no 'from_device.reset' write handler
Rx rate: 296283   TxExt rate: 293589   TxInt rate: 293589
While executing 'Script@11 :: Script':
  no 'from_device.reset' write handler
Rx rate: 295921   TxExt rate: 293432   TxInt rate: 293432
While executing 'Script@11 :: Script':
  no 'from_device.reset' write handler
Rx rate: 295290.709291   TxExt rate: 292698.301698   TxInt rate: 292698.301698
While executing 'Script@11 :: Script':
  no 'from_device.reset' write handler
Rx rate: 294577   TxExt rate: 292057   TxInt rate: 292057
While executing 'Script@11 :: Script':
  no 'from_device.reset' write handler
Rx rate: 296425   TxExt rate: 294094   TxInt rate: 294094
While executing 'Script@11 :: Script':
  no 'from_device.reset' write handler
Rx rate: 298252   TxExt rate: 294961   TxInt rate: 294961
While executing 'Script@11 :: Script':
  no 'from_device.reset' write handler
Rx rate: 299724   TxExt rate: 296327   TxInt rate: 296327
While executing 'Script@11 :: Script':
  no 'from_device.reset' write handler
Rx rate: 299064   TxExt rate: 296376   TxInt rate: 296376
While executing 'Script@11 :: Script':
  no 'from_device.reset' write handler
Rx rate: 297469.53047   TxExt rate: 294788.211788   TxInt rate: 294788.211788
While executing 'Script@11 :: Script':
  no 'from_device.reset' write handler
Rx rate: 298628   TxExt rate: 295263   TxInt rate: 295263
While executing 'Script@11 :: Script':
  no 'from_device.reset' write handler
Rx rate: 294868   TxExt rate: 292284   TxInt rate: 292284
While executing 'Script@11 :: Script':
  no 'from_device.reset' write handler
Rx rate: 296182   TxExt rate: 293560   TxInt rate: 293560
While executing 'Script@11 :: Script':
  no 'from_device.reset' write handler
Rx rate: 295430   TxExt rate: 293017   TxInt rate: 293017
While executing 'Script@11 :: Script':
  no 'from_device.reset' write handler
Rx rate: 295484   TxExt rate: 292963   TxInt rate: 292963
While executing 'Script@11 :: Script':
  no 'from_device.reset' write handler
Rx rate: 295784   TxExt rate: 293181   TxInt rate: 293181
While executing 'Script@11 :: Script':
  no 'from_device.reset' write handler
Rx rate: 294068   TxExt rate: 290584   TxInt rate: 290584
While executing 'Script@11 :: Script':
  no 'from_device.reset' write handler
Rx rate: 297437   TxExt rate: 294123   TxInt rate: 294123
While executing 'Script@11 :: Script':
  no 'from_device.reset' write handler
Rx rate: 296309.69031   TxExt rate: 293619.380619   TxInt rate: 293619.380619
While executing 'Script@11 :: Script':
  no 'from_device.reset' write handler
Rx rate: 296317.682318   TxExt rate: 293870.12987   TxInt rate: 293870.12987
While executing 'Script@11 :: Script':
  no 'from_device.reset' write handler
Rx rate: 297489   TxExt rate: 295102   TxInt rate: 295102
While executing 'Script@11 :: Script':
  no 'from_device.reset' write handler
Rx rate: 296082   TxExt rate: 292013   TxInt rate: 292013
While executing 'Script@11 :: Script':
  no 'from_device.reset' write handler
Rx rate: 298289   TxExt rate: 295856   TxInt rate: 295856
While executing 'Script@11 :: Script':
  no 'from_device.reset' write handler
Rx rate: 297827   TxExt rate: 295282   TxInt rate: 295282
While executing 'Script@11 :: Script':
  no 'from_device.reset' write handler
Rx rate: 297670.32967   TxExt rate: 295104.895105   TxInt rate: 295104.895105
While executing 'Script@11 :: Script':
  no 'from_device.reset' write handler
Rx rate: 296738   TxExt rate: 294040   TxInt rate: 294040
While executing 'Script@11 :: Script':
  no 'from_device.reset' write handler
Rx rate: 296376   TxExt rate: 292963   TxInt rate: 292963
While executing 'Script@11 :: Script':
  no 'from_device.reset' write handler
Rx rate: 298750   TxExt rate: 295480   TxInt rate: 295480
While executing 'Script@11 :: Script':
  no 'from_device.reset' write handler
Rx rate: 298615   TxExt rate: 296048   TxInt rate: 296048
While executing 'Script@11 :: Script':
  no 'from_device.reset' write handler
Rx rate: 298283.716284   TxExt rate: 295785.214785   TxInt rate: 295785.214785
While executing 'Script@11 :: Script':
  no 'from_device.reset' write handler
Rx rate: 300208   TxExt rate: 297563   TxInt rate: 297563
While executing 'Script@11 :: Script':
  no 'from_device.reset' write handler
Rx rate: 300160   TxExt rate: 295932   TxInt rate: 295932
While executing 'Script@11 :: Script':
  no 'from_device.reset' write handler
Rx rate: 298111.888112   TxExt rate: 295698.301698   TxInt rate: 295698.301698
While executing 'Script@11 :: Script':
  no 'from_device.reset' write handler
Rx rate: 299189   TxExt rate: 296639   TxInt rate: 296639
While executing 'Script@11 :: Script':
  no 'from_device.reset' write handler
Rx rate: 298415   TxExt rate: 295989   TxInt rate: 295989
While executing 'Script@11 :: Script':
  no 'from_device.reset' write handler
Rx rate: 299585   TxExt rate: 296891   TxInt rate: 296891
While executing 'Script@11 :: Script':
  no 'from_device.reset' write handler
Rx rate: 299665   TxExt rate: 296398   TxInt rate: 296398
While executing 'Script@11 :: Script':
  no 'from_device.reset' write handler
Rx rate: 299065   TxExt rate: 295971   TxInt rate: 295971
While executing 'Script@11 :: Script':
  no 'from_device.reset' write handler
Rx rate: 296753.246753   TxExt rate: 294470.529471   TxInt rate: 294470.529471
While executing 'Script@11 :: Script':
  no 'from_device.reset' write handler
Rx rate: 296270   TxExt rate: 293731   TxInt rate: 293731
While executing 'Script@11 :: Script':
  no 'from_device.reset' write handler
Rx rate: 296826   TxExt rate: 294211   TxInt rate: 294211
While executing 'Script@11 :: Script':
  no 'from_device.reset' write handler
Rx rate: 297598.401598   TxExt rate: 293506.493506   TxInt rate: 293506.493506
While executing 'Script@11 :: Script':
  no 'from_device.reset' write handler
Rx rate: 295120   TxExt rate: 292550   TxInt rate: 292550
While executing 'Script@11 :: Script':
  no 'from_device.reset' write handler
Rx rate: 298601   TxExt rate: 296062   TxInt rate: 296062
While executing 'Script@11 :: Script':
  no 'from_device.reset' write handler
Rx rate: 297597.402597   TxExt rate: 295177.822178   TxInt rate: 295177.822178
While executing 'Script@11 :: Script':
  no 'from_device.reset' write handler
Rx rate: 298566.433566   TxExt rate: 296019.98002   TxInt rate: 296019.98002
While executing 'Script@11 :: Script':
  no 'from_device.reset' write handler
Rx rate: 295589   TxExt rate: 292420   TxInt rate: 292420
While executing 'Script@11 :: Script':
  no 'from_device.reset' write handler
Rx rate: 297767   TxExt rate: 294552   TxInt rate: 294552
While executing 'Script@11 :: Script':
  no 'from_device.reset' write handler
AUTOTEST_DONE
