Startup trace (nsec): main: 162485243463
Startup trace (nsec): init done: 162489172090
Rx rate: 0
While executing 'Script@5 :: Script':
  no 'from.reset' write handler
Rx rate: 126857.142857
While executing 'Script@5 :: Script':
  no 'from.reset' write handler
Rx rate: 128356.2316
While executing 'Script@5 :: Script':
  no 'from.reset' write handler
Rx rate: 128482.318271
While executing 'Script@5 :: Script':
  no 'from.reset' write handler
Rx rate: 128858.27552
While executing 'Script@5 :: Script':
  no 'from.reset' write handler
Rx rate: 128476.284585
While executing 'Script@5 :: Script':
  no 'from.reset' write handler
Rx rate: 128599.403579
While executing 'Script@5 :: Script':
  no 'from.reset' write handler
Rx rate: 128598.409543
While executing 'Script@5 :: Script':
  no 'from.reset' write handler
Rx rate: 128337.986042
While executing 'Script@5 :: Script':
  no 'from.reset' write handler
Rx rate: 128596.211366
While executing 'Script@5 :: Script':
  no 'from.reset' write handler
Rx rate: 128467.597208
While executing 'Script@5 :: Script':
  no 'from.reset' write handler
Rx rate: 128336.327345
While executing 'Script@5 :: Script':
  no 'from.reset' write handler
Rx rate: 128594.405594
While executing 'Script@5 :: Script':
  no 'from.reset' write handler
Rx rate: 128594.405594
While executing 'Script@5 :: Script':
  no 'from.reset' write handler
Rx rate: 128594
While executing 'Script@5 :: Script':
  no 'from.reset' write handler
Rx rate: 128464
While executing 'Script@5 :: Script':
  no 'from.reset' write handler
Rx rate: 128594.405594
While executing 'Script@5 :: Script':
  no 'from.reset' write handler
Rx rate: 128464.535465
While executing 'Script@5 :: Script':
  no 'from.reset' write handler
Rx rate: 128464
While executing 'Script@5 :: Script':
  no 'from.reset' write handler
Rx rate: 128464
While executing 'Script@5 :: Script':
  no 'from.reset' write handler
Rx rate: 127948.051948
While executing 'Script@5 :: Script':
  no 'from.reset' write handler
Rx rate: 128205
While executing 'Script@5 :: Script':
  no 'from.reset' write handler
Rx rate: 128335.664336
While executing 'Script@5 :: Script':
  no 'from.reset' write handler
Rx rate: 128593
While executing 'Script@5 :: Script':
  no 'from.reset' write handler
Rx rate: 128724.275724
While executing 'Script@5 :: Script':
  no 'from.reset' write handler
Rx rate: 127687
While executing 'Script@5 :: Script':
  no 'from.reset' write handler
Rx rate: 128723.276723
While executing 'Script@5 :: Script':
  no 'from.reset' write handler
Rx rate: 128076
While executing 'Script@5 :: Script':
  no 'from.reset' write handler
Rx rate: 128593
While executing 'Script@5 :: Script':
  no 'from.reset' write handler
Rx rate: 128594
While executing 'Script@5 :: Script':
  no 'from.reset' write handler
Rx rate: 128464.535465
While executing 'Script@5 :: Script':
  no 'from.reset' write handler
Rx rate: 128464
While executing 'Script@5 :: Script':
  no 'from.reset' write handler
Rx rate: 128594
While executing 'Script@5 :: Script':
  no 'from.reset' write handler
Rx rate: 128335.664336
While executing 'Script@5 :: Script':
  no 'from.reset' write handler
Rx rate: 128723
While executing 'Script@5 :: Script':
  no 'from.reset' write handler
Rx rate: 128594.405594
While executing 'Script@5 :: Script':
  no 'from.reset' write handler
Rx rate: 128723
While executing 'Script@5 :: Script':
  no 'from.reset' write handler
Rx rate: 128593
While executing 'Script@5 :: Script':
  no 'from.reset' write handler
Rx rate: 128465.534466
While executing 'Script@5 :: Script':
  no 'from.reset' write handler
Rx rate: 128723
While executing 'Script@5 :: Script':
  no 'from.reset' write handler
Rx rate: 128593
While executing 'Script@5 :: Script':
  no 'from.reset' write handler
Rx rate: 128723
While executing 'Script@5 :: Script':
  no 'from.reset' write handler
Rx rate: 128723
While executing 'Script@5 :: Script':
  no 'from.reset' write handler
Rx rate: 128464
While executing 'Script@5 :: Script':
  no 'from.reset' write handler
Rx rate: 128853
While executing 'Script@5 :: Script':
  no 'from.reset' write handler
Rx rate: 128593
While executing 'Script@5 :: Script':
  no 'from.reset' write handler
Rx rate: 128723
While executing 'Script@5 :: Script':
  no 'from.reset' write handler
Rx rate: 128853
While executing 'Script@5 :: Script':
  no 'from.reset' write handler
Rx rate: 128464.535465
While executing 'Script@5 :: Script':
  no 'from.reset' write handler
Rx rate: 128465.534466
While executing 'Script@5 :: Script':
  no 'from.reset' write handler
Rx rate: 128464
While executing 'Script@5 :: Script':
  no 'from.reset' write handler
Rx rate: 128464.535465
While executing 'Script@5 :: Script':
  no 'from.reset' write handler
Rx rate: 128594
While executing 'Script@5 :: Script':
  no 'from.reset' write handler
Rx rate: 128723
While executing 'Script@5 :: Script':
  no 'from.reset' write handler
Rx rate: 128723
While executing 'Script@5 :: Script':
  no 'from.reset' write handler
Rx rate: 128593
While executing 'Script@5 :: Script':
  no 'from.reset' write handler
Rx rate: 127687
While executing 'Script@5 :: Script':
  no 'from.reset' write handler
Rx rate: 128723
While executing 'Script@5 :: Script':
  no 'from.reset' write handler
Rx rate: 128076
While executing 'Script@5 :: Script':
  no 'from.reset' write handler
Rx rate: 128593
While executing 'Script@5 :: Script':
  no 'from.reset' write handler
Rx rate: 128335.664336
While executing 'Script@5 :: Script':
  no 'from.reset' write handler
Rx rate: 128335.664336
While executing 'Script@5 :: Script':
  no 'from.reset' write handler
Rx rate: 127818.181818
While executing 'Script@5 :: Script':
  no 'from.reset' write handler
Rx rate: 128205
While executing 'Script@5 :: Script':
  no 'from.reset' write handler
Rx rate: 128723
While executing 'Script@5 :: Script':
  no 'from.reset' write handler
Rx rate: 128335.664336
While executing 'Script@5 :: Script':
  no 'from.reset' write handler
Rx rate: 128594
While executing 'Script@5 :: Script':
  no 'from.reset' write handler
Rx rate: 128723
While executing 'Script@5 :: Script':
  no 'from.reset' write handler
Rx rate: 128464.535465
While executing 'Script@5 :: Script':
  no 'from.reset' write handler
Rx rate: 128464
While executing 'Script@5 :: Script':
  no 'from.reset' write handler
Rx rate: 128335.664336
While executing 'Script@5 :: Script':
  no 'from.reset' write handler
Rx rate: 128465.534466
While executing 'Script@5 :: Script':
  no 'from.reset' write handler
Rx rate: 128594.405594
While executing 'Script@5 :: Script':
  no 'from.reset' write handler
AUTOTEST_DONE
