Startup trace (nsec): main: 162520185341
Startup trace (nsec): init done: 162523172598
Rx rate: 0
While executing 'Script@4 :: Script':
  no 'from.reset' write handler
Rx rate: 820436.363636
While executing 'Script@4 :: Script':
  no 'from.reset' write handler
Rx rate: 812879
While executing 'Script@4 :: Script':
  no 'from.reset' write handler
Rx rate: 812887
While executing 'Script@4 :: Script':
  no 'from.reset' write handler
Rx rate: 812002
While executing 'Script@4 :: Script':
  no 'from.reset' write handler
Rx rate: 812453
While executing 'Script@4 :: Script':
  no 'from.reset' write handler
Rx rate: 813076
While executing 'Script@4 :: Script':
  no 'from.reset' write handler
Rx rate: 812969
While executing 'Script@4 :: Script':
  no 'from.reset' write handler
Rx rate: 813162
While executing 'Script@4 :: Script':
  no 'from.reset' write handler
Rx rate: 812914
While executing 'Script@4 :: Script':
  no 'from.reset' write handler
Rx rate: 811218
While executing 'Script@4 :: Script':
  no 'from.reset' write handler
Rx rate: 813111
While executing 'Script@4 :: Script':
  no 'from.reset' write handler
Rx rate: 813157
While executing 'Script@4 :: Script':
  no 'from.reset' write handler
Rx rate: 813126
While executing 'Script@4 :: Script':
  no 'from.reset' write handler
Rx rate: 812352
While executing 'Script@4 :: Script':
  no 'from.reset' write handler
Rx rate: 812680
While executing 'Script@4 :: Script':
  no 'from.reset' write handler
Rx rate: 813061
While executing 'Script@4 :: Script':
  no 'from.reset' write handler
Rx rate: 813122
While executing 'Script@4 :: Script':
  no 'from.reset' write handler
Rx rate: 813257
While executing 'Script@4 :: Script':
  no 'from.reset' write handler
Rx rate: 812960
While executing 'Script@4 :: Script':
  no 'from.reset' write handler
Rx rate: 812959
While executing 'Script@4 :: Script':
  no 'from.reset' write handler
Rx rate: 811532
While executing 'Script@4 :: Script':
  no 'from.reset' write handler
Rx rate: 813157
While executing 'Script@4 :: Script':
  no 'from.reset' write handler
Rx rate: 813342
While executing 'Script@4 :: Script':
  no 'from.reset' write handler
Rx rate: 812292
While executing 'Script@4 :: Script':
  no 'from.reset' write handler
Rx rate: 812867
While executing 'Script@4 :: Script':
  no 'from.reset' write handler
Rx rate: 813343
While executing 'Script@4 :: Script':
  no 'from.reset' write handler
Rx rate: 813184
While executing 'Script@4 :: Script':
  no 'from.reset' write handler
Rx rate: 813147
While executing 'Script@4 :: Script':
  no 'from.reset' write handler
Rx rate: 813444
While executing 'Script@4 :: Script':
  no 'from.reset' write handler
Rx rate: 812969
While executing 'Script@4 :: Script':
  no 'from.reset' write handler
Rx rate: 811706
While executing 'Script@4 :: Script':
  no 'from.reset' write handler
Rx rate: 812984
While executing 'Script@4 :: Script':
  no 'from.reset' write handler
Rx rate: 813320
While executing 'Script@4 :: Script':
  no 'from.reset' write handler
Rx rate: 812232
While executing 'Script@4 :: Script':
  no 'from.reset' write handler
Rx rate: 812816
While executing 'Script@4 :: Script':
  no 'from.reset' write handler
Rx rate: 813030
While executing 'Script@4 :: Script':
  no 'from.reset' write handler
Rx rate: 813346
While executing 'Script@4 :: Script':
  no 'from.reset' write handler
Rx rate: 813009
While executing 'Script@4 :: Script':
  no 'from.reset' write handler
Rx rate: 813359
While executing 'Script@4 :: Script':
  no 'from.reset' write handler
Rx rate: 813095
While executing 'Script@4 :: Script':
  no 'from.reset' write handler
Rx rate: 811175
While executing 'Script@4 :: Script':
  no 'from.reset' write handler
Rx rate: 813342
While executing 'Script@4 :: Script':
  no 'from.reset' write handler
Rx rate: 813351
While executing 'Script@4 :: Script':
  no 'from.reset' write handler
Rx rate: 812284
While executing 'Script@4 :: Script':
  no 'from.reset' write handler
Rx rate: 812550
While executing 'Script@4 :: Script':
  no 'from.reset' write handler
Rx rate: 813233
While executing 'Script@4 :: Script':
  no 'from.reset' write handler
Rx rate: 813165
While executing 'Script@4 :: Script':
  no 'from.reset' write handler
Rx rate: 813087
While executing 'Script@4 :: Script':
  no 'from.reset' write handler
Rx rate: 813307
While executing 'Script@4 :: Script':
  no 'from.reset' write handler
Rx rate: 814038.038038
While executing 'Script@4 :: Script':
  no 'from.reset' write handler
Rx rate: 811563
While executing 'Script@4 :: Script':
  no 'from.reset' write handler
Rx rate: 813316
While executing 'Script@4 :: Script':
  no 'from.reset' write handler
Rx rate: 813240
While executing 'Script@4 :: Script':
  no 'from.reset' write handler
Rx rate: 812518
While executing 'Script@4 :: Script':
  no 'from.reset' write handler
Rx rate: 812886
While executing 'Script@4 :: Script':
  no 'from.reset' write handler
Rx rate: 813215
While executing 'Script@4 :: Script':
  no 'from.reset' write handler
Rx rate: 813089
While executing 'Script@4 :: Script':
  no 'from.reset' write handler
Rx rate: 812988
While executing 'Script@4 :: Script':
  no 'from.reset' write handler
Rx rate: 813394
While executing 'Script@4 :: Script':
  no 'from.reset' write handler
Rx rate: 812973
While executing 'Script@4 :: Script':
  no 'from.reset' write handler
Rx rate: 812935
While executing 'Script@4 :: Script':
  no 'from.reset' write handler
Rx rate: 811411
While executing 'Script@4 :: Script':
  no 'from.reset' write handler
Rx rate: 812937
While executing 'Script@4 :: Script':
  no 'from.reset' write handler
Rx rate: 812462
While executing 'Script@4 :: Script':
  no 'from.reset' write handler
Rx rate: 812805
While executing 'Script@4 :: Script':
  no 'from.reset' write handler
Rx rate: 813305
While executing 'Script@4 :: Script':
  no 'from.reset' write handler
Rx rate: 812951
While executing 'Script@4 :: Script':
  no 'from.reset' write handler
Rx rate: 813237
While executing 'Script@4 :: Script':
  no 'from.reset' write handler
Rx rate: 812945
While executing 'Script@4 :: Script':
  no 'from.reset' write handler
Rx rate: 813271
While executing 'Script@4 :: Script':
  no 'from.reset' write handler
Rx rate: 813462
While executing 'Script@4 :: Script':
  no 'from.reset' write handler
Rx rate: 811647
While executing 'Script@4 :: Script':
  no 'from.reset' write handler
AUTOTEST_DONE
