                                                                     mpps                                                                      
                                                                    count      mean       std       min       25%       50%       75%       max
repetitions num_vms direction interface size vnf    system                                                                                     
1           1       rx        vpp       64   mirror linux            68.0  0.217182  0.007414  0.193512  0.215267  0.218595  0.222413  0.227500
                                                    uk               26.0  1.098819  0.005904  1.090226  1.094713  1.097219  1.102215  1.112736
                                                    ukebpfjit_nompk  27.0  1.054265  0.006382  1.041430  1.050857  1.053300  1.056774  1.072430
                                             nat    uk               20.0  1.024921  0.002072  1.021589  1.023453  1.024172  1.026424  1.028898
                                                    ukebpfjit_nompk  10.0  0.915795  0.009378  0.908321  0.910046  0.913088  0.915319  0.938755
                                        256  mirror linux            68.0  0.263608  0.004900  0.247066  0.263088  0.265265  0.266580  0.269230
                                                    uk               28.0  1.121276  0.003713  1.114812  1.118087  1.121337  1.124608  1.128169
                                                    ukebpfjit_nompk  25.0  1.040313  0.003757  1.033769  1.037611  1.040607  1.042226  1.048128
                                             nat    uk               26.0  0.994366  0.001061  0.992215  0.993587  0.994495  0.994964  0.996501
                                                    ukebpfjit_nompk  18.0  0.902089  0.012374  0.885747  0.890257  0.900975  0.914120  0.919334
                                        1024 mirror linux            68.0  0.208292  0.004349  0.192150  0.207419  0.209290  0.211079  0.213715
                                                    uk               24.0  1.002317  0.009235  0.973967  1.003215  1.004536  1.007439  1.010398
                                                    ukebpfjit_nompk  24.0  0.970761  0.007002  0.950192  0.969363  0.971979  0.973942  0.980756
                                             nat    uk               18.0  0.825924  0.001258  0.822965  0.825070  0.826198  0.826612  0.827870
                                                    ukebpfjit_nompk  22.0  0.782434  0.007068  0.771751  0.777384  0.780105  0.788133  0.793806
                                        1508 mirror linux            68.0  0.284862  0.003810  0.271227  0.284849  0.285885  0.286821  0.288800
                                                    uk               67.0  0.819343  0.001019  0.814882  0.819163  0.819845  0.819945  0.820303
                                                    ukebpfjit_nompk  67.0  0.819077  0.000721  0.817446  0.818760  0.819345  0.819490  0.820268
                                             nat    uk               53.0  0.831544  0.000771  0.828903  0.831115  0.831804  0.831971  0.832657
                                                    ukebpfjit_nompk  16.0  0.779607  0.005431  0.770227  0.775201  0.779751  0.784777  0.786852