Startup trace (nsec): main: 84708207434
Startup trace (nsec): init done: 84712176526
Rx rate: 0
While executing 'Script@8 :: Script':
  no 'from.reset' write handler
Rx rate: 880141.59292
While executing 'Script@8 :: Script':
  no 'from.reset' write handler
Rx rate: 880065.802592
While executing 'Script@8 :: Script':
  no 'from.reset' write handler
Rx rate: 882290
While executing 'Script@8 :: Script':
  no 'from.reset' write handler
Rx rate: 879718.281718
While executing 'Script@8 :: Script':
  no 'from.reset' write handler
Rx rate: 887997.002997
While executing 'Script@8 :: Script':
  no 'from.reset' write handler
Rx rate: 893313.373253
While executing 'Script@8 :: Script':
  no 'from.reset' write handler
Rx rate: 887609.390609
While executing 'Script@8 :: Script':
  no 'from.reset' write handler
Rx rate: 888497
While executing 'Script@8 :: Script':
  no 'from.reset' write handler
Rx rate: 884601
While executing 'Script@8 :: Script':
  no 'from.reset' write handler
Rx rate: 890214.570858
While executing 'Script@8 :: Script':
  no 'from.reset' write handler
Rx rate: 856045.954046
While executing 'Script@8 :: Script':
  no 'from.reset' write handler
Rx rate: 886661.676647
While executing 'Script@8 :: Script':
  no 'from.reset' write handler
Rx rate: 885648.351648
While executing 'Script@8 :: Script':
  no 'from.reset' write handler
Rx rate: 886815
While executing 'Script@8 :: Script':
  no 'from.reset' write handler
Rx rate: 886923.923924
While executing 'Script@8 :: Script':
  no 'from.reset' write handler
Rx rate: 879952
While executing 'Script@8 :: Script':
  no 'from.reset' write handler
Rx rate: 885519
While executing 'Script@8 :: Script':
  no 'from.reset' write handler
Rx rate: 882153
While executing 'Script@8 :: Script':
  no 'from.reset' write handler
Rx rate: 886374.251497
While executing 'Script@8 :: Script':
  no 'from.reset' write handler
Rx rate: 891993
While executing 'Script@8 :: Script':
  no 'from.reset' write handler
Rx rate: 883340.659341
While executing 'Script@8 :: Script':
  no 'from.reset' write handler
Rx rate: 886242
While executing 'Script@8 :: Script':
  no 'from.reset' write handler
Rx rate: 884184.630739
While executing 'Script@8 :: Script':
  no 'from.reset' write handler
Rx rate: 887850
While executing 'Script@8 :: Script':
  no 'from.reset' write handler
Rx rate: 882412
While executing 'Script@8 :: Script':
  no 'from.reset' write handler
Rx rate: 889548.451548
While executing 'Script@8 :: Script':
  no 'from.reset' write handler
Rx rate: 879560
While executing 'Script@8 :: Script':
  no 'from.reset' write handler
Rx rate: 884215
While executing 'Script@8 :: Script':
  no 'from.reset' write handler
Rx rate: 881483
While executing 'Script@8 :: Script':
  no 'from.reset' write handler
Rx rate: 886078.842315
While executing 'Script@8 :: Script':
  no 'from.reset' write handler
Rx rate: 889924
While executing 'Script@8 :: Script':
  no 'from.reset' write handler
Rx rate: 884493
While executing 'Script@8 :: Script':
  no 'from.reset' write handler
Rx rate: 886783.216783
While executing 'Script@8 :: Script':
  no 'from.reset' write handler
Rx rate: 877230
While executing 'Script@8 :: Script':
  no 'from.reset' write handler
Rx rate: 883600.3996
While executing 'Script@8 :: Script':
  no 'from.reset' write handler
Rx rate: 894062
While executing 'Script@8 :: Script':
  no 'from.reset' write handler
Rx rate: 884481
While executing 'Script@8 :: Script':
  no 'from.reset' write handler
Rx rate: 881634
While executing 'Script@8 :: Script':
  no 'from.reset' write handler
Rx rate: 881797
While executing 'Script@8 :: Script':
  no 'from.reset' write handler
Rx rate: 883187
While executing 'Script@8 :: Script':
  no 'from.reset' write handler
Rx rate: 847966
While executing 'Script@8 :: Script':
  no 'from.reset' write handler
Rx rate: 882360
While executing 'Script@8 :: Script':
  no 'from.reset' write handler
Rx rate: 877005.988024
While executing 'Script@8 :: Script':
  no 'from.reset' write handler
Rx rate: 882542
While executing 'Script@8 :: Script':
  no 'from.reset' write handler
Rx rate: 892773
While executing 'Script@8 :: Script':
  no 'from.reset' write handler
Rx rate: 879045
While executing 'Script@8 :: Script':
  no 'from.reset' write handler
Rx rate: 888369
While executing 'Script@8 :: Script':
  no 'from.reset' write handler
Rx rate: 885517
While executing 'Script@8 :: Script':
  no 'from.reset' write handler
Rx rate: 886554
While executing 'Script@8 :: Script':
  no 'from.reset' write handler
Rx rate: 887555
While executing 'Script@8 :: Script':
  no 'from.reset' write handler
Rx rate: 888106
While executing 'Script@8 :: Script':
  no 'from.reset' write handler
Rx rate: 883136
While executing 'Script@8 :: Script':
  no 'from.reset' write handler
Rx rate: 889612
While executing 'Script@8 :: Script':
  no 'from.reset' write handler
Rx rate: 880751.248751
While executing 'Script@8 :: Script':
  no 'from.reset' write handler
Rx rate: 888628
While executing 'Script@8 :: Script':
  no 'from.reset' write handler
Rx rate: 879564
While executing 'Script@8 :: Script':
  no 'from.reset' write handler
Rx rate: 888238
While executing 'Script@8 :: Script':
  no 'from.reset' write handler
Rx rate: 877948
While executing 'Script@8 :: Script':
  no 'from.reset' write handler
Rx rate: 889405
While executing 'Script@8 :: Script':
  no 'from.reset' write handler
Rx rate: 882147
While executing 'Script@8 :: Script':
  no 'from.reset' write handler
Rx rate: 882930
While executing 'Script@8 :: Script':
  no 'from.reset' write handler
Rx rate: 880141
While executing 'Script@8 :: Script':
  no 'from.reset' write handler
Rx rate: 883290
While executing 'Script@8 :: Script':
  no 'from.reset' write handler
Rx rate: 881376
While executing 'Script@8 :: Script':
  no 'from.reset' write handler
Rx rate: 881634
While executing 'Script@8 :: Script':
  no 'from.reset' write handler
Rx rate: 877751
While executing 'Script@8 :: Script':
  no 'from.reset' write handler
Rx rate: 883574
While executing 'Script@8 :: Script':
  no 'from.reset' write handler
Rx rate: 882671
While executing 'Script@8 :: Script':
  no 'from.reset' write handler
Rx rate: 879029.029029
While executing 'Script@8 :: Script':
  no 'from.reset' write handler
Rx rate: 884870
While executing 'Script@8 :: Script':
  no 'from.reset' write handler
Rx rate: 877749
While executing 'Script@8 :: Script':
  no 'from.reset' write handler
Rx rate: 852865.269461
While executing 'Script@8 :: Script':
  no 'from.reset' write handler
AUTOTEST_DONE
