Startup trace (nsec): main: 84743267766
Startup trace (nsec): init done: 84747174923
Rx rate: 0
While executing 'Script@8 :: Script':
  no 'from.reset' write handler
Rx rate: 858400
While executing 'Script@8 :: Script':
  no 'from.reset' write handler
Rx rate: 851792.45283
While executing 'Script@8 :: Script':
  no 'from.reset' write handler
Rx rate: 847456.543457
While executing 'Script@8 :: Script':
  no 'from.reset' write handler
Rx rate: 845885.229541
While executing 'Script@8 :: Script':
  no 'from.reset' write handler
Rx rate: 847635.364635
While executing 'Script@8 :: Script':
  no 'from.reset' write handler
Rx rate: 850555
While executing 'Script@8 :: Script':
  no 'from.reset' write handler
Rx rate: 844462.075848
While executing 'Script@8 :: Script':
  no 'from.reset' write handler
Rx rate: 843885.114885
While executing 'Script@8 :: Script':
  no 'from.reset' write handler
Rx rate: 849040.959041
While executing 'Script@8 :: Script':
  no 'from.reset' write handler
Rx rate: 852160.839161
While executing 'Script@8 :: Script':
  no 'from.reset' write handler
Rx rate: 815555
While executing 'Script@8 :: Script':
  no 'from.reset' write handler
Rx rate: 846749
While executing 'Script@8 :: Script':
  no 'from.reset' write handler
Rx rate: 848216.783217
While executing 'Script@8 :: Script':
  no 'from.reset' write handler
Rx rate: 845762
While executing 'Script@8 :: Script':
  no 'from.reset' write handler
Rx rate: 851978
While executing 'Script@8 :: Script':
  no 'from.reset' write handler
Rx rate: 858582
While executing 'Script@8 :: Script':
  no 'from.reset' write handler
Rx rate: 859490
While executing 'Script@8 :: Script':
  no 'from.reset' write handler
Rx rate: 856767
While executing 'Script@8 :: Script':
  no 'from.reset' write handler
Rx rate: 858753
While executing 'Script@8 :: Script':
  no 'from.reset' write handler
Rx rate: 854101.898102
While executing 'Script@8 :: Script':
  no 'from.reset' write handler
Rx rate: 857237
While executing 'Script@8 :: Script':
  no 'from.reset' write handler
Rx rate: 853998
While executing 'Script@8 :: Script':
  no 'from.reset' write handler
Rx rate: 852929
While executing 'Script@8 :: Script':
  no 'from.reset' write handler
Rx rate: 850998.001998
While executing 'Script@8 :: Script':
  no 'from.reset' write handler
Rx rate: 851591
While executing 'Script@8 :: Script':
  no 'from.reset' write handler
Rx rate: 857288
While executing 'Script@8 :: Script':
  no 'from.reset' write handler
Rx rate: 855914.085914
While executing 'Script@8 :: Script':
  no 'from.reset' write handler
Rx rate: 848737
While executing 'Script@8 :: Script':
  no 'from.reset' write handler
Rx rate: 857911
While executing 'Script@8 :: Script':
  no 'from.reset' write handler
Rx rate: 848225
While executing 'Script@8 :: Script':
  no 'from.reset' write handler
Rx rate: 845270
While executing 'Script@8 :: Script':
  no 'from.reset' write handler
Rx rate: 844481.518482
While executing 'Script@8 :: Script':
  no 'from.reset' write handler
Rx rate: 853403
While executing 'Script@8 :: Script':
  no 'from.reset' write handler
Rx rate: 851332
While executing 'Script@8 :: Script':
  no 'from.reset' write handler
Rx rate: 850556
While executing 'Script@8 :: Script':
  no 'from.reset' write handler
Rx rate: 849390
While executing 'Script@8 :: Script':
  no 'from.reset' write handler
Rx rate: 843952
While executing 'Script@8 :: Script':
  no 'from.reset' write handler
Rx rate: 851202
While executing 'Script@8 :: Script':
  no 'from.reset' write handler
Rx rate: 842916
While executing 'Script@8 :: Script':
  no 'from.reset' write handler
Rx rate: 845395.209581
While executing 'Script@8 :: Script':
  no 'from.reset' write handler
Rx rate: 818969
While executing 'Script@8 :: Script':
  no 'from.reset' write handler
Rx rate: 849258.741259
While executing 'Script@8 :: Script':
  no 'from.reset' write handler
Rx rate: 848475
While executing 'Script@8 :: Script':
  no 'from.reset' write handler
Rx rate: 851329
While executing 'Script@8 :: Script':
  no 'from.reset' write handler
Rx rate: 855342
While executing 'Script@8 :: Script':
  no 'from.reset' write handler
Rx rate: 855604
While executing 'Script@8 :: Script':
  no 'from.reset' write handler
Rx rate: 849960.03996
While executing 'Script@8 :: Script':
  no 'from.reset' write handler
Rx rate: 852626
While executing 'Script@8 :: Script':
  no 'from.reset' write handler
Rx rate: 857803
While executing 'Script@8 :: Script':
  no 'from.reset' write handler
Rx rate: 849874
While executing 'Script@8 :: Script':
  no 'from.reset' write handler
Rx rate: 853481.518482
While executing 'Script@8 :: Script':
  no 'from.reset' write handler
Rx rate: 861382
While executing 'Script@8 :: Script':
  no 'from.reset' write handler
Rx rate: 866511
While executing 'Script@8 :: Script':
  no 'from.reset' write handler
Rx rate: 869721
While executing 'Script@8 :: Script':
  no 'from.reset' write handler
Rx rate: 872441
While executing 'Script@8 :: Script':
  no 'from.reset' write handler
Rx rate: 874900
While executing 'Script@8 :: Script':
  no 'from.reset' write handler
Rx rate: 864453.546454
While executing 'Script@8 :: Script':
  no 'from.reset' write handler
Rx rate: 873995
While executing 'Script@8 :: Script':
  no 'from.reset' write handler
Rx rate: 876097.902098
While executing 'Script@8 :: Script':
  no 'from.reset' write handler
Rx rate: 864067.932068
While executing 'Script@8 :: Script':
  no 'from.reset' write handler
Rx rate: 852883
While executing 'Script@8 :: Script':
  no 'from.reset' write handler
Rx rate: 842283
While executing 'Script@8 :: Script':
  no 'from.reset' write handler
Rx rate: 842388
While executing 'Script@8 :: Script':
  no 'from.reset' write handler
Rx rate: 847893.106893
While executing 'Script@8 :: Script':
  no 'from.reset' write handler
Rx rate: 859356
While executing 'Script@8 :: Script':
  no 'from.reset' write handler
Rx rate: 857462.537463
While executing 'Script@8 :: Script':
  no 'from.reset' write handler
Rx rate: 860229.540918
While executing 'Script@8 :: Script':
  no 'from.reset' write handler
Rx rate: 857802
While executing 'Script@8 :: Script':
  no 'from.reset' write handler
Rx rate: 857286
While executing 'Script@8 :: Script':
  no 'from.reset' write handler
Rx rate: 852103
While executing 'Script@8 :: Script':
  no 'from.reset' write handler
Rx rate: 830819
While executing 'Script@8 :: Script':
  no 'from.reset' write handler
Rx rate: 841837.162837
While executing 'Script@8 :: Script':
  no 'from.reset' write handler
AUTOTEST_DONE
