SimpleQueue@7 :: SimpleQueue: overflow
Startup trace (nsec): main: 162480560099
Startup trace (nsec): init done: 162484176996
Rx rate: 292500   TxExt rate: 290250   TxInt rate: 290250
While executing 'Script@11 :: Script':
  no 'from_device.reset' write handler
Rx rate: 293735.264735   TxExt rate: 291148.851149   TxInt rate: 291148.851149
While executing 'Script@11 :: Script':
  no 'from_device.reset' write handler
Rx rate: 293022.954092   TxExt rate: 290500.998004   TxInt rate: 290500.998004
While executing 'Script@11 :: Script':
  no 'from_device.reset' write handler
Rx rate: 291095.712861   TxExt rate: 287758.723829   TxInt rate: 287758.723829
While executing 'Script@11 :: Script':
  no 'from_device.reset' write handler
Rx rate: 291807.192807   TxExt rate: 288766.233766   TxInt rate: 288766.233766
While executing 'Script@11 :: Script':
  no 'from_device.reset' write handler
Rx rate: 293980   TxExt rate: 291489   TxInt rate: 291489
While executing 'Script@11 :: Script':
  no 'from_device.reset' write handler
Rx rate: 293223.552894   TxExt rate: 290688.622754   TxInt rate: 290688.622754
While executing 'Script@11 :: Script':
  no 'from_device.reset' write handler
Rx rate: 292548.451548   TxExt rate: 289877.122877   TxInt rate: 289877.122877
While executing 'Script@11 :: Script':
  no 'from_device.reset' write handler
Rx rate: 293784.215784   TxExt rate: 291228.771229   TxInt rate: 291228.771229
While executing 'Script@11 :: Script':
  no 'from_device.reset' write handler
Rx rate: 293258.741259   TxExt rate: 289305.694306   TxInt rate: 289305.694306
While executing 'Script@11 :: Script':
  no 'from_device.reset' write handler
Rx rate: 292467.532468   TxExt rate: 290217.782218   TxInt rate: 290217.782218
While executing 'Script@11 :: Script':
  no 'from_device.reset' write handler
Rx rate: 293855.144855   TxExt rate: 291416.583417   TxInt rate: 291416.583417
While executing 'Script@11 :: Script':
  no 'from_device.reset' write handler
Rx rate: 293486   TxExt rate: 290817   TxInt rate: 290817
While executing 'Script@11 :: Script':
  no 'from_device.reset' write handler
Rx rate: 293269   TxExt rate: 290233   TxInt rate: 290233
While executing 'Script@11 :: Script':
  no 'from_device.reset' write handler
Rx rate: 294283.716284   TxExt rate: 291120.879121   TxInt rate: 291120.879121
While executing 'Script@11 :: Script':
  no 'from_device.reset' write handler
Rx rate: 295672.327672   TxExt rate: 293091.908092   TxInt rate: 293091.908092
While executing 'Script@11 :: Script':
  no 'from_device.reset' write handler
Rx rate: 293686   TxExt rate: 291135   TxInt rate: 291135
While executing 'Script@11 :: Script':
  no 'from_device.reset' write handler
Rx rate: 293262   TxExt rate: 290782   TxInt rate: 290782
While executing 'Script@11 :: Script':
  no 'from_device.reset' write handler
Rx rate: 293483   TxExt rate: 291079   TxInt rate: 291079
While executing 'Script@11 :: Script':
  no 'from_device.reset' write handler
Rx rate: 295480   TxExt rate: 290907   TxInt rate: 290907
While executing 'Script@11 :: Script':
  no 'from_device.reset' write handler
Rx rate: 294211.788212   TxExt rate: 291577.422577   TxInt rate: 291577.422577
While executing 'Script@11 :: Script':
  no 'from_device.reset' write handler
Rx rate: 291733   TxExt rate: 289203   TxInt rate: 289203
While executing 'Script@11 :: Script':
  no 'from_device.reset' write handler
Rx rate: 292720   TxExt rate: 290288   TxInt rate: 290288
While executing 'Script@11 :: Script':
  no 'from_device.reset' write handler
Rx rate: 294800.1998   TxExt rate: 291742.257742   TxInt rate: 291742.257742
While executing 'Script@11 :: Script':
  no 'from_device.reset' write handler
Rx rate: 292278   TxExt rate: 289135   TxInt rate: 289135
While executing 'Script@11 :: Script':
  no 'from_device.reset' write handler
Rx rate: 294149   TxExt rate: 291449   TxInt rate: 291449
While executing 'Script@11 :: Script':
  no 'from_device.reset' write handler
Rx rate: 291718.281718   TxExt rate: 289154.845155   TxInt rate: 289154.845155
While executing 'Script@11 :: Script':
  no 'from_device.reset' write handler
Rx rate: 292272.727273   TxExt rate: 289894.105894   TxInt rate: 289894.105894
While executing 'Script@11 :: Script':
  no 'from_device.reset' write handler
Rx rate: 292136   TxExt rate: 289707   TxInt rate: 289707
While executing 'Script@11 :: Script':
  no 'from_device.reset' write handler
Rx rate: 292262   TxExt rate: 289710   TxInt rate: 289710
While executing 'Script@11 :: Script':
  no 'from_device.reset' write handler
Rx rate: 296658   TxExt rate: 292662   TxInt rate: 292662
While executing 'Script@11 :: Script':
  no 'from_device.reset' write handler
Rx rate: 293105.894106   TxExt rate: 290613.386613   TxInt rate: 290613.386613
While executing 'Script@11 :: Script':
  no 'from_device.reset' write handler
Rx rate: 294786.213786   TxExt rate: 292166.833167   TxInt rate: 292166.833167
While executing 'Script@11 :: Script':
  no 'from_device.reset' write handler
Rx rate: 292462   TxExt rate: 289375   TxInt rate: 289375
While executing 'Script@11 :: Script':
  no 'from_device.reset' write handler
Rx rate: 290467   TxExt rate: 287265   TxInt rate: 287265
While executing 'Script@11 :: Script':
  no 'from_device.reset' write handler
Rx rate: 294049   TxExt rate: 291549   TxInt rate: 291549
While executing 'Script@11 :: Script':
  no 'from_device.reset' write handler
Rx rate: 293109   TxExt rate: 290676   TxInt rate: 290676
While executing 'Script@11 :: Script':
  no 'from_device.reset' write handler
Rx rate: 292475   TxExt rate: 290015   TxInt rate: 290015
While executing 'Script@11 :: Script':
  no 'from_device.reset' write handler
Rx rate: 293018   TxExt rate: 290508   TxInt rate: 290508
While executing 'Script@11 :: Script':
  no 'from_device.reset' write handler
Rx rate: 291989   TxExt rate: 289465   TxInt rate: 289465
While executing 'Script@11 :: Script':
  no 'from_device.reset' write handler
Rx rate: 293495   TxExt rate: 289049   TxInt rate: 289049
While executing 'Script@11 :: Script':
  no 'from_device.reset' write handler
Rx rate: 293608.391608   TxExt rate: 290887.112887   TxInt rate: 290887.112887
While executing 'Script@11 :: Script':
  no 'from_device.reset' write handler
Rx rate: 293432   TxExt rate: 290871   TxInt rate: 290871
While executing 'Script@11 :: Script':
  no 'from_device.reset' write handler
Rx rate: 292730.26973   TxExt rate: 289576.423576   TxInt rate: 289576.423576
While executing 'Script@11 :: Script':
  no 'from_device.reset' write handler
Rx rate: 293807   TxExt rate: 290389   TxInt rate: 290389
While executing 'Script@11 :: Script':
  no 'from_device.reset' write handler
Rx rate: 294449   TxExt rate: 291797   TxInt rate: 291797
While executing 'Script@11 :: Script':
  no 'from_device.reset' write handler
Rx rate: 292910   TxExt rate: 290486   TxInt rate: 290486
While executing 'Script@11 :: Script':
  no 'from_device.reset' write handler
Rx rate: 293849.150849   TxExt rate: 291422.577423   TxInt rate: 291422.577423
While executing 'Script@11 :: Script':
  no 'from_device.reset' write handler
Rx rate: 292359.64036   TxExt rate: 289807.192807   TxInt rate: 289807.192807
While executing 'Script@11 :: Script':
  no 'from_device.reset' write handler
Rx rate: 292849   TxExt rate: 290159   TxInt rate: 290159
While executing 'Script@11 :: Script':
  no 'from_device.reset' write handler
Rx rate: 292337   TxExt rate: 288912   TxInt rate: 288912
While executing 'Script@11 :: Script':
  no 'from_device.reset' write handler
Rx rate: 293170   TxExt rate: 290615   TxInt rate: 290615
While executing 'Script@11 :: Script':
  no 'from_device.reset' write handler
Rx rate: 294623   TxExt rate: 292011   TxInt rate: 292011
While executing 'Script@11 :: Script':
  no 'from_device.reset' write handler
Rx rate: 294012   TxExt rate: 290757   TxInt rate: 290757
While executing 'Script@11 :: Script':
  no 'from_device.reset' write handler
Rx rate: 290240   TxExt rate: 287087   TxInt rate: 287087
While executing 'Script@11 :: Script':
  no 'from_device.reset' write handler
Rx rate: 292467   TxExt rate: 290023   TxInt rate: 290023
While executing 'Script@11 :: Script':
  no 'from_device.reset' write handler
Rx rate: 294735   TxExt rate: 292158   TxInt rate: 292158
While executing 'Script@11 :: Script':
  no 'from_device.reset' write handler
Rx rate: 294006   TxExt rate: 291333   TxInt rate: 291333
While executing 'Script@11 :: Script':
  no 'from_device.reset' write handler
Rx rate: 292511.488511   TxExt rate: 289914.085914   TxInt rate: 289914.085914
While executing 'Script@11 :: Script':
  no 'from_device.reset' write handler
Rx rate: 291813   TxExt rate: 289382   TxInt rate: 289382
While executing 'Script@11 :: Script':
  no 'from_device.reset' write handler
Rx rate: 292926   TxExt rate: 288943   TxInt rate: 288943
While executing 'Script@11 :: Script':
  no 'from_device.reset' write handler
Rx rate: 292676.323676   TxExt rate: 290266.733267   TxInt rate: 290266.733267
While executing 'Script@11 :: Script':
  no 'from_device.reset' write handler
Rx rate: 290815   TxExt rate: 288308   TxInt rate: 288308
While executing 'Script@11 :: Script':
  no 'from_device.reset' write handler
Rx rate: 290497   TxExt rate: 287144   TxInt rate: 287144
While executing 'Script@11 :: Script':
  no 'from_device.reset' write handler
Rx rate: 290243   TxExt rate: 286951   TxInt rate: 286951
While executing 'Script@11 :: Script':
  no 'from_device.reset' write handler
Rx rate: 291868   TxExt rate: 289327   TxInt rate: 289327
While executing 'Script@11 :: Script':
  no 'from_device.reset' write handler
Rx rate: 291248   TxExt rate: 288652   TxInt rate: 288652
While executing 'Script@11 :: Script':
  no 'from_device.reset' write handler
Rx rate: 290093   TxExt rate: 287735   TxInt rate: 287735
While executing 'Script@11 :: Script':
  no 'from_device.reset' write handler
Rx rate: 292748   TxExt rate: 290260   TxInt rate: 290260
While executing 'Script@11 :: Script':
  no 'from_device.reset' write handler
Rx rate: 291440   TxExt rate: 288978   TxInt rate: 288978
While executing 'Script@11 :: Script':
  no 'from_device.reset' write handler
Rx rate: 292668.331668   TxExt rate: 288509.490509   TxInt rate: 288509.490509
While executing 'Script@11 :: Script':
  no 'from_device.reset' write handler
Rx rate: 293669.330669   TxExt rate: 291214.785215   TxInt rate: 291214.785215
While executing 'Script@11 :: Script':
  no 'from_device.reset' write handler
AUTOTEST_DONE
