Startup trace (nsec): main: 84666936669
Startup trace (nsec): init done: 84670190721
Rx rate: 0
While executing 'Script@5 :: Script':
  no 'from.reset' write handler
Rx rate: 421423.728814
While executing 'Script@5 :: Script':
  no 'from.reset' write handler
Rx rate: 426440.11976
While executing 'Script@5 :: Script':
  no 'from.reset' write handler
Rx rate: 428435.129741
While executing 'Script@5 :: Script':
  no 'from.reset' write handler
Rx rate: 424099.601594
While executing 'Script@5 :: Script':
  no 'from.reset' write handler
Rx rate: 430545.454545
While executing 'Script@5 :: Script':
  no 'from.reset' write handler
Rx rate: 430416.583417
While executing 'Script@5 :: Script':
  no 'from.reset' write handler
Rx rate: 430545.454545
While executing 'Script@5 :: Script':
  no 'from.reset' write handler
Rx rate: 429163
While executing 'Script@5 :: Script':
  no 'from.reset' write handler
Rx rate: 430487
While executing 'Script@5 :: Script':
  no 'from.reset' write handler
Rx rate: 430804.195804
While executing 'Script@5 :: Script':
  no 'from.reset' write handler
Rx rate: 412692.307692
While executing 'Script@5 :: Script':
  no 'from.reset' write handler
Rx rate: 429113
While executing 'Script@5 :: Script':
  no 'from.reset' write handler
Rx rate: 428993.006993
While executing 'Script@5 :: Script':
  no 'from.reset' write handler
Rx rate: 424724.275724
While executing 'Script@5 :: Script':
  no 'from.reset' write handler
Rx rate: 425407
While executing 'Script@5 :: Script':
  no 'from.reset' write handler
Rx rate: 431494
While executing 'Script@5 :: Script':
  no 'from.reset' write handler
Rx rate: 430458
While executing 'Script@5 :: Script':
  no 'from.reset' write handler
Rx rate: 427609
While executing 'Script@5 :: Script':
  no 'from.reset' write handler
Rx rate: 427038
While executing 'Script@5 :: Script':
  no 'from.reset' write handler
Rx rate: 423465
While executing 'Script@5 :: Script':
  no 'from.reset' write handler
Rx rate: 434343
While executing 'Script@5 :: Script':
  no 'from.reset' write handler
Rx rate: 430146
While executing 'Script@5 :: Script':
  no 'from.reset' write handler
Rx rate: 426055
While executing 'Script@5 :: Script':
  no 'from.reset' write handler
Rx rate: 430027.972028
While executing 'Script@5 :: Script':
  no 'from.reset' write handler
Rx rate: 429940
While executing 'Script@5 :: Script':
  no 'from.reset' write handler
Rx rate: 430545.454545
While executing 'Script@5 :: Script':
  no 'from.reset' write handler
Rx rate: 427998
While executing 'Script@5 :: Script':
  no 'from.reset' write handler
Rx rate: 424853.146853
While executing 'Script@5 :: Script':
  no 'from.reset' write handler
Rx rate: 430149
While executing 'Script@5 :: Script':
  no 'from.reset' write handler
Rx rate: 429681
While executing 'Script@5 :: Script':
  no 'from.reset' write handler
Rx rate: 428515
While executing 'Script@5 :: Script':
  no 'from.reset' write handler
Rx rate: 428555.444555
While executing 'Script@5 :: Script':
  no 'from.reset' write handler
Rx rate: 430286.713287
While executing 'Script@5 :: Script':
  no 'from.reset' write handler
Rx rate: 430717
While executing 'Script@5 :: Script':
  no 'from.reset' write handler
Rx rate: 428734.265734
While executing 'Script@5 :: Script':
  no 'from.reset' write handler
Rx rate: 429163
While executing 'Script@5 :: Script':
  no 'from.reset' write handler
Rx rate: 425629.370629
While executing 'Script@5 :: Script':
  no 'from.reset' write handler
Rx rate: 427440.559441
While executing 'Script@5 :: Script':
  no 'from.reset' write handler
Rx rate: 426832
While executing 'Script@5 :: Script':
  no 'from.reset' write handler
Rx rate: 425030
While executing 'Script@5 :: Script':
  no 'from.reset' write handler
Rx rate: 412975
While executing 'Script@5 :: Script':
  no 'from.reset' write handler
Rx rate: 427948
While executing 'Script@5 :: Script':
  no 'from.reset' write handler
Rx rate: 426702
While executing 'Script@5 :: Script':
  no 'from.reset' write handler
Rx rate: 427739
While executing 'Script@5 :: Script':
  no 'from.reset' write handler
Rx rate: 421263
While executing 'Script@5 :: Script':
  no 'from.reset' write handler
Rx rate: 427221
While executing 'Script@5 :: Script':
  no 'from.reset' write handler
Rx rate: 425019
While executing 'Script@5 :: Script':
  no 'from.reset' write handler
Rx rate: 424371
While executing 'Script@5 :: Script':
  no 'from.reset' write handler
Rx rate: 428605.394605
While executing 'Script@5 :: Script':
  no 'from.reset' write handler
Rx rate: 425506
While executing 'Script@5 :: Script':
  no 'from.reset' write handler
Rx rate: 428515
While executing 'Script@5 :: Script':
  no 'from.reset' write handler
Rx rate: 426909
While executing 'Script@5 :: Script':
  no 'from.reset' write handler
Rx rate: 428515
While executing 'Script@5 :: Script':
  no 'from.reset' write handler
Rx rate: 431753
While executing 'Script@5 :: Script':
  no 'from.reset' write handler
Rx rate: 425537
While executing 'Script@5 :: Script':
  no 'from.reset' write handler
Rx rate: 428037.037037
While executing 'Script@5 :: Script':
  no 'from.reset' write handler
Rx rate: 428127
While executing 'Script@5 :: Script':
  no 'from.reset' write handler
Rx rate: 433048
While executing 'Script@5 :: Script':
  no 'from.reset' write handler
Rx rate: 427868
While executing 'Script@5 :: Script':
  no 'from.reset' write handler
Rx rate: 424262.737263
While executing 'Script@5 :: Script':
  no 'from.reset' write handler
Rx rate: 431235
While executing 'Script@5 :: Script':
  no 'from.reset' write handler
Rx rate: 428333
While executing 'Script@5 :: Script':
  no 'from.reset' write handler
Rx rate: 424946.107784
While executing 'Script@5 :: Script':
  no 'from.reset' write handler
Rx rate: 429811
While executing 'Script@5 :: Script':
  no 'from.reset' write handler
Rx rate: 424760
While executing 'Script@5 :: Script':
  no 'from.reset' write handler
Rx rate: 430674.325674
While executing 'Script@5 :: Script':
  no 'from.reset' write handler
Rx rate: 430675.324675
While executing 'Script@5 :: Script':
  no 'from.reset' write handler
Rx rate: 432141
While executing 'Script@5 :: Script':
  no 'from.reset' write handler
Rx rate: 427829.170829
While executing 'Script@5 :: Script':
  no 'from.reset' write handler
Rx rate: 427559
While executing 'Script@5 :: Script':
  no 'from.reset' write handler
Rx rate: 429551
While executing 'Script@5 :: Script':
  no 'from.reset' write handler
Rx rate: 417973
While executing 'Script@5 :: Script':
  no 'from.reset' write handler
AUTOTEST_DONE
