/tmp/linux.click:2: While initializing 'from_device :: FromDevice':
  warning: ens7: no IPv4 address assigned
Startup trace (nsec): main: 9285662265
Startup trace (nsec): init done: 9295185159
Rx rate: 139285.714286   TxExt rate: 138214.285714   TxInt rate: 138214.285714
While executing 'Script@11 :: Script':
  no 'from_device.reset' write handler
SimpleQueue@7 :: SimpleQueue: overflow
Rx rate: 280538.308458   TxExt rate: 278308.457711   TxInt rate: 278308.457711
While executing 'Script@11 :: Script':
  no 'from_device.reset' write handler
Rx rate: 292924.151697   TxExt rate: 290599.800399   TxInt rate: 290599.800399
While executing 'Script@11 :: Script':
  no 'from_device.reset' write handler
Rx rate: 297043.956044   TxExt rate: 294437.562438   TxInt rate: 294437.562438
While executing 'Script@11 :: Script':
  no 'from_device.reset' write handler
Rx rate: 285802.39521   TxExt rate: 283376.247505   TxInt rate: 283376.247505
While executing 'Script@11 :: Script':
  no 'from_device.reset' write handler
Rx rate: 290364.635365   TxExt rate: 287921.078921   TxInt rate: 287921.078921
While executing 'Script@11 :: Script':
  no 'from_device.reset' write handler
Rx rate: 288319   TxExt rate: 285094   TxInt rate: 285094
While executing 'Script@11 :: Script':
  no 'from_device.reset' write handler
Rx rate: 283897.102897   TxExt rate: 280762.237762   TxInt rate: 280762.237762
While executing 'Script@11 :: Script':
  no 'from_device.reset' write handler
Rx rate: 294014.985015   TxExt rate: 291386.613387   TxInt rate: 291386.613387
While executing 'Script@11 :: Script':
  no 'from_device.reset' write handler
Rx rate: 293530.46953   TxExt rate: 289513.486513   TxInt rate: 289513.486513
While executing 'Script@11 :: Script':
  no 'from_device.reset' write handler
Rx rate: 284194   TxExt rate: 281720   TxInt rate: 281720
While executing 'Script@11 :: Script':
  no 'from_device.reset' write handler
Rx rate: 294181   TxExt rate: 291676   TxInt rate: 291676
While executing 'Script@11 :: Script':
  no 'from_device.reset' write handler
Rx rate: 292805.194805   TxExt rate: 290137.862138   TxInt rate: 290137.862138
While executing 'Script@11 :: Script':
  no 'from_device.reset' write handler
Rx rate: 282228   TxExt rate: 279801   TxInt rate: 279801
While executing 'Script@11 :: Script':
  no 'from_device.reset' write handler
Rx rate: 293274.725275   TxExt rate: 290703.296703   TxInt rate: 290703.296703
While executing 'Script@11 :: Script':
  no 'from_device.reset' write handler
Rx rate: 295044   TxExt rate: 292367   TxInt rate: 292367
While executing 'Script@11 :: Script':
  no 'from_device.reset' write handler
Rx rate: 292753   TxExt rate: 289712   TxInt rate: 289712
While executing 'Script@11 :: Script':
  no 'from_device.reset' write handler
Rx rate: 284915   TxExt rate: 281712   TxInt rate: 281712
While executing 'Script@11 :: Script':
  no 'from_device.reset' write handler
Rx rate: 291853   TxExt rate: 289342   TxInt rate: 289342
While executing 'Script@11 :: Script':
  no 'from_device.reset' write handler
Rx rate: 294556   TxExt rate: 290550   TxInt rate: 290550
While executing 'Script@11 :: Script':
  no 'from_device.reset' write handler
Rx rate: 280499.5005   TxExt rate: 278121.878122   TxInt rate: 278121.878122
While executing 'Script@11 :: Script':
  no 'from_device.reset' write handler
Rx rate: 290893   TxExt rate: 288489   TxInt rate: 288489
While executing 'Script@11 :: Script':
  no 'from_device.reset' write handler
Rx rate: 293096   TxExt rate: 290430   TxInt rate: 290430
While executing 'Script@11 :: Script':
  no 'from_device.reset' write handler
Rx rate: 278274   TxExt rate: 275726   TxInt rate: 275726
While executing 'Script@11 :: Script':
  no 'from_device.reset' write handler
Rx rate: 294852.147852   TxExt rate: 292230.769231   TxInt rate: 292230.769231
While executing 'Script@11 :: Script':
  no 'from_device.reset' write handler
Rx rate: 295992   TxExt rate: 293621   TxInt rate: 293621
While executing 'Script@11 :: Script':
  no 'from_device.reset' write handler
Rx rate: 278162   TxExt rate: 275380   TxInt rate: 275380
While executing 'Script@11 :: Script':
  no 'from_device.reset' write handler
Rx rate: 294582.417582   TxExt rate: 291260.739261   TxInt rate: 291260.739261
While executing 'Script@11 :: Script':
  no 'from_device.reset' write handler
Rx rate: 291463   TxExt rate: 288955   TxInt rate: 288955
While executing 'Script@11 :: Script':
  no 'from_device.reset' write handler
Rx rate: 292334   TxExt rate: 288315   TxInt rate: 288315
While executing 'Script@11 :: Script':
  no 'from_device.reset' write handler
Rx rate: 292225   TxExt rate: 289747   TxInt rate: 289747
While executing 'Script@11 :: Script':
  no 'from_device.reset' write handler
Rx rate: 293626   TxExt rate: 291066   TxInt rate: 291066
While executing 'Script@11 :: Script':
  no 'from_device.reset' write handler
Rx rate: 292594   TxExt rate: 290155   TxInt rate: 290155
While executing 'Script@11 :: Script':
  no 'from_device.reset' write handler
Rx rate: 292429   TxExt rate: 289931   TxInt rate: 289931
While executing 'Script@11 :: Script':
  no 'from_device.reset' write handler
Rx rate: 292235   TxExt rate: 289737   TxInt rate: 289737
While executing 'Script@11 :: Script':
  no 'from_device.reset' write handler
Rx rate: 292186   TxExt rate: 289527   TxInt rate: 289527
While executing 'Script@11 :: Script':
  no 'from_device.reset' write handler
Rx rate: 294499   TxExt rate: 291111   TxInt rate: 291111
While executing 'Script@11 :: Script':
  no 'from_device.reset' write handler
Rx rate: 293294   TxExt rate: 289917   TxInt rate: 289917
While executing 'Script@11 :: Script':
  no 'from_device.reset' write handler
Rx rate: 287330   TxExt rate: 284800   TxInt rate: 284800
While executing 'Script@11 :: Script':
  no 'from_device.reset' write handler
Rx rate: 291381   TxExt rate: 287447   TxInt rate: 287447
While executing 'Script@11 :: Script':
  no 'from_device.reset' write handler
Rx rate: 291046   TxExt rate: 288595   TxInt rate: 288595
While executing 'Script@11 :: Script':
  no 'from_device.reset' write handler
Rx rate: 290537.462537   TxExt rate: 288006.993007   TxInt rate: 288006.993007
While executing 'Script@11 :: Script':
  no 'from_device.reset' write handler
Rx rate: 293379.62038   TxExt rate: 290857.142857   TxInt rate: 290857.142857
While executing 'Script@11 :: Script':
  no 'from_device.reset' write handler
Rx rate: 290825   TxExt rate: 288298   TxInt rate: 288298
While executing 'Script@11 :: Script':
  no 'from_device.reset' write handler
Rx rate: 290508   TxExt rate: 288097   TxInt rate: 288097
While executing 'Script@11 :: Script':
  no 'from_device.reset' write handler
Rx rate: 291107   TxExt rate: 288534   TxInt rate: 288534
While executing 'Script@11 :: Script':
  no 'from_device.reset' write handler
Rx rate: 290332   TxExt rate: 286847   TxInt rate: 286847
While executing 'Script@11 :: Script':
  no 'from_device.reset' write handler
Rx rate: 293870   TxExt rate: 290430   TxInt rate: 290430
While executing 'Script@11 :: Script':
  no 'from_device.reset' write handler
Rx rate: 293653   TxExt rate: 291039   TxInt rate: 291039
While executing 'Script@11 :: Script':
  no 'from_device.reset' write handler
Rx rate: 290038.961039   TxExt rate: 287470.529471   TxInt rate: 287470.529471
While executing 'Script@11 :: Script':
  no 'from_device.reset' write handler
Rx rate: 295711.288711   TxExt rate: 291647.352647   TxInt rate: 291647.352647
While executing 'Script@11 :: Script':
  no 'from_device.reset' write handler
Rx rate: 293049   TxExt rate: 290477   TxInt rate: 290477
While executing 'Script@11 :: Script':
  no 'from_device.reset' write handler
Rx rate: 291524   TxExt rate: 289283   TxInt rate: 289283
While executing 'Script@11 :: Script':
  no 'from_device.reset' write handler
Rx rate: 291906   TxExt rate: 289548   TxInt rate: 289548
While executing 'Script@11 :: Script':
  no 'from_device.reset' write handler
Rx rate: 290964   TxExt rate: 288418   TxInt rate: 288418
While executing 'Script@11 :: Script':
  no 'from_device.reset' write handler
Rx rate: 290871   TxExt rate: 288252   TxInt rate: 288252
While executing 'Script@11 :: Script':
  no 'from_device.reset' write handler
Rx rate: 291810.18981   TxExt rate: 288476.523477   TxInt rate: 288476.523477
While executing 'Script@11 :: Script':
  no 'from_device.reset' write handler
Rx rate: 292708   TxExt rate: 289741   TxInt rate: 289741
While executing 'Script@11 :: Script':
  no 'from_device.reset' write handler
Rx rate: 292320.679321   TxExt rate: 289846.153846   TxInt rate: 289846.153846
While executing 'Script@11 :: Script':
  no 'from_device.reset' write handler
Rx rate: 290409   TxExt rate: 287937   TxInt rate: 287937
While executing 'Script@11 :: Script':
  no 'from_device.reset' write handler
Rx rate: 292957.042957   TxExt rate: 289102.897103   TxInt rate: 289102.897103
While executing 'Script@11 :: Script':
  no 'from_device.reset' write handler
Rx rate: 293823   TxExt rate: 291257   TxInt rate: 291257
While executing 'Script@11 :: Script':
  no 'from_device.reset' write handler
Rx rate: 291691   TxExt rate: 289245   TxInt rate: 289245
While executing 'Script@11 :: Script':
  no 'from_device.reset' write handler
Rx rate: 294378   TxExt rate: 291738   TxInt rate: 291738
While executing 'Script@11 :: Script':
  no 'from_device.reset' write handler
Rx rate: 293027   TxExt rate: 290499   TxInt rate: 290499
While executing 'Script@11 :: Script':
  no 'from_device.reset' write handler
Rx rate: 291430.569431   TxExt rate: 288925.074925   TxInt rate: 288925.074925
While executing 'Script@11 :: Script':
  no 'from_device.reset' write handler
Rx rate: 291486.513487   TxExt rate: 288274.725275   TxInt rate: 288274.725275
While executing 'Script@11 :: Script':
  no 'from_device.reset' write handler
Rx rate: 293832   TxExt rate: 290568   TxInt rate: 290568
While executing 'Script@11 :: Script':
  no 'from_device.reset' write handler
Rx rate: 292656.343656   TxExt rate: 290286.713287   TxInt rate: 290286.713287
While executing 'Script@11 :: Script':
  no 'from_device.reset' write handler
Rx rate: 291743   TxExt rate: 289193   TxInt rate: 289193
While executing 'Script@11 :: Script':
  no 'from_device.reset' write handler
Rx rate: 293467   TxExt rate: 289196   TxInt rate: 289196
While executing 'Script@11 :: Script':
  no 'from_device.reset' write handler
Rx rate: 291519.480519   TxExt rate: 289094.905095   TxInt rate: 289094.905095
While executing 'Script@11 :: Script':
  no 'from_device.reset' write handler
AUTOTEST_DONE
