Startup trace (nsec): main: 85832035311
Startup trace (nsec): init done: 85835168155
Rx rate: 0
While executing 'Script@4 :: Script':
  no 'from.reset' write handler
Rx rate: 972939.130435
While executing 'Script@4 :: Script':
  no 'from.reset' write handler
Rx rate: 979272.727273
While executing 'Script@4 :: Script':
  no 'from.reset' write handler
Rx rate: 985270.459082
While executing 'Script@4 :: Script':
  no 'from.reset' write handler
Rx rate: 983550.44955
While executing 'Script@4 :: Script':
  no 'from.reset' write handler
Rx rate: 982144.855145
While executing 'Script@4 :: Script':
  no 'from.reset' write handler
Rx rate: 986902.097902
While executing 'Script@4 :: Script':
  no 'from.reset' write handler
Rx rate: 983984.015984
While executing 'Script@4 :: Script':
  no 'from.reset' write handler
Rx rate: 987749.250749
While executing 'Script@4 :: Script':
  no 'from.reset' write handler
Rx rate: 984936.063936
While executing 'Script@4 :: Script':
  no 'from.reset' write handler
Rx rate: 989180
While executing 'Script@4 :: Script':
  no 'from.reset' write handler
Rx rate: 978084
While executing 'Script@4 :: Script':
  no 'from.reset' write handler
Rx rate: 985238
While executing 'Script@4 :: Script':
  no 'from.reset' write handler
Rx rate: 989255
While executing 'Script@4 :: Script':
  no 'from.reset' write handler
Rx rate: 986660
While executing 'Script@4 :: Script':
  no 'from.reset' write handler
Rx rate: 986143
While executing 'Script@4 :: Script':
  no 'from.reset' write handler
Rx rate: 984847
While executing 'Script@4 :: Script':
  no 'from.reset' write handler
Rx rate: 984137
While executing 'Script@4 :: Script':
  no 'from.reset' write handler
Rx rate: 984054
While executing 'Script@4 :: Script':
  no 'from.reset' write handler
Rx rate: 987120
While executing 'Script@4 :: Script':
  no 'from.reset' write handler
Rx rate: 985624
While executing 'Script@4 :: Script':
  no 'from.reset' write handler
Rx rate: 984924
While executing 'Script@4 :: Script':
  no 'from.reset' write handler
Rx rate: 985638
While executing 'Script@4 :: Script':
  no 'from.reset' write handler
Rx rate: 986227
While executing 'Script@4 :: Script':
  no 'from.reset' write handler
Rx rate: 986531
While executing 'Script@4 :: Script':
  no 'from.reset' write handler
Rx rate: 986123
While executing 'Script@4 :: Script':
  no 'from.reset' write handler
Rx rate: 986790
While executing 'Script@4 :: Script':
  no 'from.reset' write handler
Rx rate: 982724.275724
While executing 'Script@4 :: Script':
  no 'from.reset' write handler
Rx rate: 984200
While executing 'Script@4 :: Script':
  no 'from.reset' write handler
Rx rate: 984848
While executing 'Script@4 :: Script':
  no 'from.reset' write handler
Rx rate: 984371.628372
While executing 'Script@4 :: Script':
  no 'from.reset' write handler
Rx rate: 982467.532468
While executing 'Script@4 :: Script':
  no 'from.reset' write handler
Rx rate: 984348.651349
While executing 'Script@4 :: Script':
  no 'from.reset' write handler
Rx rate: 987238
While executing 'Script@4 :: Script':
  no 'from.reset' write handler
Rx rate: 985281
While executing 'Script@4 :: Script':
  no 'from.reset' write handler
Rx rate: 984058
While executing 'Script@4 :: Script':
  no 'from.reset' write handler
Rx rate: 983991
While executing 'Script@4 :: Script':
  no 'from.reset' write handler
Rx rate: 980906
While executing 'Script@4 :: Script':
  no 'from.reset' write handler
Rx rate: 980963
While executing 'Script@4 :: Script':
  no 'from.reset' write handler
Rx rate: 984823
While executing 'Script@4 :: Script':
  no 'from.reset' write handler
Rx rate: 982245
While executing 'Script@4 :: Script':
  no 'from.reset' write handler
Rx rate: 974149
While executing 'Script@4 :: Script':
  no 'from.reset' write handler
Rx rate: 987289
While executing 'Script@4 :: Script':
  no 'from.reset' write handler
Rx rate: 985066
While executing 'Script@4 :: Script':
  no 'from.reset' write handler
Rx rate: 984751
While executing 'Script@4 :: Script':
  no 'from.reset' write handler
Rx rate: 985050
While executing 'Script@4 :: Script':
  no 'from.reset' write handler
Rx rate: 983139
While executing 'Script@4 :: Script':
  no 'from.reset' write handler
Rx rate: 984260
While executing 'Script@4 :: Script':
  no 'from.reset' write handler
Rx rate: 980417
While executing 'Script@4 :: Script':
  no 'from.reset' write handler
Rx rate: 985863
While executing 'Script@4 :: Script':
  no 'from.reset' write handler
Rx rate: 983229
While executing 'Script@4 :: Script':
  no 'from.reset' write handler
Rx rate: 982544
While executing 'Script@4 :: Script':
  no 'from.reset' write handler
Rx rate: 983246.753247
While executing 'Script@4 :: Script':
  no 'from.reset' write handler
Rx rate: 983675
While executing 'Script@4 :: Script':
  no 'from.reset' write handler
Rx rate: 983517.482517
While executing 'Script@4 :: Script':
  no 'from.reset' write handler
Rx rate: 983167
While executing 'Script@4 :: Script':
  no 'from.reset' write handler
Rx rate: 984388
While executing 'Script@4 :: Script':
  no 'from.reset' write handler
Rx rate: 985754
While executing 'Script@4 :: Script':
  no 'from.reset' write handler
Rx rate: 984422
While executing 'Script@4 :: Script':
  no 'from.reset' write handler
Rx rate: 986929
While executing 'Script@4 :: Script':
  no 'from.reset' write handler
Rx rate: 985901
While executing 'Script@4 :: Script':
  no 'from.reset' write handler
Rx rate: 985004
While executing 'Script@4 :: Script':
  no 'from.reset' write handler
Rx rate: 985057
While executing 'Script@4 :: Script':
  no 'from.reset' write handler
Rx rate: 985399
While executing 'Script@4 :: Script':
  no 'from.reset' write handler
Rx rate: 985012
While executing 'Script@4 :: Script':
  no 'from.reset' write handler
Rx rate: 985786
While executing 'Script@4 :: Script':
  no 'from.reset' write handler
Rx rate: 984631
While executing 'Script@4 :: Script':
  no 'from.reset' write handler
Rx rate: 985587
While executing 'Script@4 :: Script':
  no 'from.reset' write handler
Rx rate: 980007.992008
While executing 'Script@4 :: Script':
  no 'from.reset' write handler
Rx rate: 984379
While executing 'Script@4 :: Script':
  no 'from.reset' write handler
Rx rate: 985170
While executing 'Script@4 :: Script':
  no 'from.reset' write handler
Rx rate: 975691
While executing 'Script@4 :: Script':
  no 'from.reset' write handler
Rx rate: 983206
While executing 'Script@4 :: Script':
  no 'from.reset' write handler
AUTOTEST_DONE
