Time,Device,Direction,PacketRate,Mbit,MbitWithFraming,TotalPackets,TotalBytes
1748541678,Device: id=0,RX,0.55933432151622,1091.8205955997,1181.3140870423,562354,137214620
1748541678,Device: id=0,TX,0,0,0,0,0
1748541679,Device: id=0,RX,0.5587094321242,1090.6027595297,1179.9962686696,1122204,273818264
1748541679,Device: id=0,TX,0,0,0,0,0
1748541680,Device: id=0,RX,0.55898135790935,1091.1296689372,1180.5666862027,1684150,410932844
1748541680,Device: id=0,TX,0,0,0,0,0
1748541681,Device: id=0,RX,0.55956499567689,1092.2708715613,1181.8012708696,2246683,548190896
1748541681,Device: id=0,TX,0,0,0,0,0
1748541682,Device: id=0,RX,0.55856194285052,1090.3129124442,1179.6828233003,2808180,685196164
1748541682,Device: id=0,TX,0,0,0,0,0
1748541683,Device: id=0,RX,0.56027112214998,1093.6511722373,1183.2945517813,3371394,822620624
1748541683,Device: id=0,TX,0,0,0,0,0
1748541684,Device: id=0,RX,0.5583460858377,1089.8896190724,1179.2249928064,3933054,959665420
1748541684,Device: id=0,TX,0,0,0,0,0
1748541685,Device: id=0,RX,0.56096992373589,1095.0132911324,1184.7684789302,4496941,1097253848
1748541685,Device: id=0,TX,0,0,0,0,0
1748541686,Device: id=0,RX,0.55924418065079,1091.6426989312,1181.1217678353,5059152,1234433088
1748541686,Device: id=0,TX,0,0,0,0,0
1748541687,Device: id=0,RX,0.56085835987833,1094.7974598744,1184.5347974549,5623075,1372030544
1748541687,Device: id=0,TX,0,0,0,0,0
1748541688,Device: id=0,RX,0.55795058122258,1089.1292435537,1178.4013365493,6183956,1508886728
1748541688,Device: id=0,TX,0,0,0,0,0
1748541689,Device: id=0,RX,0.55995938195877,1093.0329508411,1182.6264519545,6747180,1646312408
1748541689,Device: id=0,TX,0,0,0,0,0
1748541690,Device: id=0,RX,0.56014783715421,1093.4066374444,1183.0302913891,7310595,1783785424
1748541690,Device: id=0,TX,0,0,0,0,0
1748541691,Device: id=0,RX,0.55922639641917,1091.6099258102,1181.0861492373,7872729,1920946120
1748541691,Device: id=0,TX,0,0,0,0,0
1748541692,Device: id=0,RX,0.56002751230612,1093.1737040215,1182.7781059905,8435698,2058310556
1748541692,Device: id=0,TX,0,0,0,0,0
1748541693,Device: id=0,RX,0.55988370261425,1092.892987503,1182.4743799213,8998492,2195632292
1748541693,Device: id=0,TX,0,0,0,0,0
1748541694,Device: id=0,RX,0.55946265335802,1092.0710993549,1181.5851238921,9561336,2332966228
1748541694,Device: id=0,TX,0,0,0,0,0
1748541695,Device: id=0,RX,0.56001470732968,1093.1467668062,1182.7491199789,10124263,2470320172
1748541695,Device: id=0,TX,0,0,0,0,0
1748541696,Device: id=0,RX,0.56125895796529,1095.5794277523,1185.3808610267,10688469,2607986680
1748541696,Device: id=0,TX,0,0,0,0,0
1748541697,Device: id=0,RX,0.56043443896413,1093.968024858,1183.6375350922,11251818,2745443836
1748541697,Device: id=0,TX,0,0,0,0,0
1748541698,Device: id=0,RX,0.56012469670176,1093.371175175,1182.9911266473,11814884,2882832916
1748541698,Device: id=0,TX,0,0,0,0,0
1748541699,Device: id=0,RX,0.5586468921495,1090.4690341412,1179.8525368851,12377025,3019994100
1748541699,Device: id=0,TX,0,0,0,0,0
1748541700,Device: id=0,RX,0.55979122053089,1092.7124624763,1182.2790577612,12939756,3157300464
1748541700,Device: id=0,TX,0,0,0,0,0
1748541701,Device: id=0,RX,0.55972675319539,1092.5885641407,1182.1448446519,13502393,3294584136
1748541701,Device: id=0,TX,0,0,0,0,0
1748541702,Device: id=0,RX,0.56034493276018,1093.7933087479,1183.4484979895,14065681,3432026408
1748541702,Device: id=0,TX,0,0,0,0,0
1748541703,Device: id=0,RX,0.55922037571345,1091.5962314964,1181.0714916105,14627811,3569185884
1748541703,Device: id=0,TX,0,0,0,0,0
1748541704,Device: id=0,RX,0.56092059490251,1094.9170012497,1184.6642964341,15191647,3706761868
1748541704,Device: id=0,TX,0,0,0,0,0
1748541705,Device: id=0,RX,0.55877932745378,1090.7391890918,1180.1438814844,15753332,3843813252
1748541705,Device: id=0,TX,0,0,0,0,0
1748541706,Device: id=0,RX,0.55753031023605,1088.2991655808,1177.5040152185,16314055,3980629664
1748541706,Device: id=0,TX,0,0,0,0,0
1748541707,Device: id=0,RX,0.55962102979196,1092.3802501539,1181.9196149206,16876586,4117887228
1748541707,Device: id=0,TX,0,0,0,0,0
1748541708,Device: id=0,RX,0.56079088468006,1094.6638068955,1184.3903484443,17440292,4255431492
1748541708,Device: id=0,TX,0,0,0,0,0
1748541709,Device: id=0,RX,0.55928167978437,1091.7178389391,1181.2029077046,18002482,4392605852
1748541709,Device: id=0,TX,0,0,0,0,0
1748541710,Device: id=0,RX,0.55958132644381,1092.3027492183,1181.8357614493,18565386,4529954428
1748541710,Device: id=0,TX,0,0,0,0,0
1748541711,Device: id=0,RX,0.56043397995202,1093.9671288663,1183.6365656587,19128735,4667411584
1748541711,Device: id=0,TX,0,0,0,0,0
1748541712,Device: id=0,RX,0.5604273422888,1093.9541721477,1183.6225469139,19692076,4804866788
1748541712,Device: id=0,TX,0,0,0,0,0
1748541713,Device: id=0,RX,0.55967116446507,1092.4781130358,1182.0254993502,20254658,4942136796
1748541713,Device: id=0,TX,0,0,0,0,0
1748541714,Device: id=0,RX,0.56068532506172,1094.4577545205,1184.1674065304,20818287,5079662272
1748541714,Device: id=0,TX,0,0,0,0,0
1748541715,Device: id=0,RX,0.56069706481318,1094.4787286143,1184.1902589844,21381900,5217183600
1748541715,Device: id=0,TX,0,0,0,0,0
1748541716,Device: id=0,RX,0.56083854135872,1094.7568327322,1184.4909993496,21945773,5354768612
1748541716,Device: id=0,TX,0,0,0,0,0
1748541717,Device: id=0,RX,0.56048374289742,1094.0642661358,1183.7416649993,22509289,5492266516
1748541717,Device: id=0,TX,0,0,0,0,0
1748541718,Device: id=0,RX,0.558740957325,1090.6642903945,1180.0628435665,23070995,5629323024
1748541718,Device: id=0,TX,0,0,0,0,0
1748541719,Device: id=0,RX,0.5573719705676,1087.9881458641,1177.1676611549,23631617,5766114548
1748541719,Device: id=0,TX,0,0,0,0,0
1748541720,Device: id=0,RX,0.55891057935513,1090.9953926993,1180.4210853962,24193464,5903205460
1748541720,Device: id=0,TX,0,0,0,0,0
1748541721,Device: id=0,RX,0.5587993958547,1090.7764207084,1180.1843240451,24755198,6040268556
1748541721,Device: id=0,TX,0,0,0,0,0
1748541722,Device: id=0,RX,0.55910197113796,1091.3651058549,1180.821421237,25317235,6177405340
1748541722,Device: id=0,TX,0,0,0,0,0
1748541723,Device: id=0,RX,0.56042237643163,1093.9464206952,1183.6140009242,25880572,6314859812
1748541723,Device: id=0,TX,0,0,0,0,0
1748541724,Device: id=0,RX,0.55848639118211,1090.1634957188,1179.521318308,26442551,6451982444
1748541724,Device: id=0,TX,0,0,0,0,0
1748541725,Device: id=0,RX,0.55990005245705,1092.9268441966,1182.5108525897,27005392,6589315892
1748541725,Device: id=0,TX,0,0,0,0,0
1748541726,Device: id=0,RX,0.55859224236038,1090.3720570875,1179.7468158651,27566918,6726328236
1748541726,Device: id=0,TX,0,0,0,0,0
1748541727,Device: id=0,RX,0.56035138421608,1093.8059019898,1183.4621234644,28130243,6863779536
1748541727,Device: id=0,TX,0,0,0,0,0
1748541728,Device: id=0,RX,0.55925105777597,1091.6580647787,1181.1382340229,28692402,7000946332
1748541728,Device: id=0,TX,0,0,0,0,0
1748541729,Device: id=0,RX,0.56011689832035,1093.3481855213,1182.9668892526,29255460,7138332484
1748541729,Device: id=0,TX,0,0,0,0,0
1748541730,Device: id=0,RX,0.55690520573052,1087.078961586,1176.1837945029,29815261,7274923928
1748541730,Device: id=0,TX,0,0,0,0,0
1748541731,Device: id=0,RX,0.55871434897548,1090.6084672992,1180.0027631353,30376881,7411958964
1748541731,Device: id=0,TX,0,0,0,0,0
1748541732,Device: id=0,RX,0.56036731936574,1093.8370074019,1183.4957785004,30940723,7549536412
1748541732,Device: id=0,TX,0,0,0,0,0
1748541733,Device: id=0,RX,0.56027446893867,1093.6577052735,1183.3016203037,31503910,7686954284
1748541733,Device: id=0,TX,0,0,0,0,0
1748541734,Device: id=0,RX,0.55936622528628,1091.8809299571,1181.3795260029,32066214,7824156216
1748541734,Device: id=0,TX,0,0,0,0,0
1748541735,Device: id=0,RX,0.56023598115294,1093.5825770099,1183.2203339944,32629393,7961572136
1748541735,Device: id=0,TX,0,0,0,0,0
1748541736,Device: id=0,RX,0.56012059668509,1093.3554047293,1182.9747001989,33192515,8098973904
1748541736,Device: id=0,TX,0,0,0,0,0
1748541737,Device: id=0,RX,0.55953555206061,1092.21145592,1181.7371442497,33755018,8236224392
1748541737,Device: id=0,TX,0,0,0,0,0
1748541738,Device: id=0,RX,0.55930996457097,1091.7749926458,1181.2645869771,34317265,8373412904
1748541738,Device: id=0,TX,0,0,0,0,0
1748541739,Device: id=0,RX,0.5601089460822,1093.3326627525,1182.9500941256,34880553,8510855176
1748541739,Device: id=0,TX,0,0,0,0,0
1748541740,Device: id=0,RX,0.55698186521446,1087.2286008986,1176.3456993329,35440431,8647465408
1748541740,Device: id=0,TX,0,0,0,0,0
1748541741,Device: id=0,RX,0.5601029017734,1093.3189223581,1182.9353866418,36003446,8784840824
1748541741,Device: id=0,TX,0,0,0,0,0
1748541742,Device: id=0,RX,0.55988542846425,1092.8982981602,1182.4799667145,36566273,8922170856
1748541742,Device: id=0,TX,0,0,0,0,0
1748541743,Device: id=0,RX,0.56006817035754,1093.2511277509,1182.8620350081,37129577,9059616788
1748541743,Device: id=0,TX,0,0,0,0,0
1748541744,Device: id=0,RX,0.56093537606593,1094.9477958803,1184.6974560509,37693459,9197204240
1748541744,Device: id=0,TX,0,0,0,0,0
1748541745,Device: id=0,RX,0.56102967906655,1095.1279917355,1184.8927403862,38257435,9334814140
1748541745,Device: id=0,TX,0,0,0,0,0
1748541746,Device: id=0,RX,0.55981655501454,1092.763857089,1182.3345058913,38820221,9472134168
1748541746,Device: id=0,TX,0,0,0,0,0
1748541747,Device: id=0,RX,0.56007564743071,1093.2657235092,1182.8778270981,39383681,9609618164
1748541747,Device: id=0,TX,0,0,0,0,0
1748541748,Device: id=0,RX,0.55964275745661,1092.4226348187,1181.9654760118,39823587,9716955716
1748541748,Device: id=0,TX,0,0,0,0,0
