Startup trace (nsec): main: 162547612419
Startup trace (nsec): init done: 162551173713
Rx rate: 0
While executing 'Script@8 :: Script':
  no 'from.reset' write handler
Rx rate: 813954.887218
While executing 'Script@8 :: Script':
  no 'from.reset' write handler
Rx rate: 812892
While executing 'Script@8 :: Script':
  no 'from.reset' write handler
Rx rate: 812950
While executing 'Script@8 :: Script':
  no 'from.reset' write handler
Rx rate: 812426
While executing 'Script@8 :: Script':
  no 'from.reset' write handler
Rx rate: 812800
While executing 'Script@8 :: Script':
  no 'from.reset' write handler
Rx rate: 813452
While executing 'Script@8 :: Script':
  no 'from.reset' write handler
Rx rate: 811854
While executing 'Script@8 :: Script':
  no 'from.reset' write handler
Rx rate: 813200
While executing 'Script@8 :: Script':
  no 'from.reset' write handler
Rx rate: 812926
While executing 'Script@8 :: Script':
  no 'from.reset' write handler
Rx rate: 812334.665335
While executing 'Script@8 :: Script':
  no 'from.reset' write handler
Rx rate: 813184
While executing 'Script@8 :: Script':
  no 'from.reset' write handler
Rx rate: 813053
While executing 'Script@8 :: Script':
  no 'from.reset' write handler
Rx rate: 813201
While executing 'Script@8 :: Script':
  no 'from.reset' write handler
Rx rate: 812564
While executing 'Script@8 :: Script':
  no 'from.reset' write handler
Rx rate: 812647
While executing 'Script@8 :: Script':
  no 'from.reset' write handler
Rx rate: 813100
While executing 'Script@8 :: Script':
  no 'from.reset' write handler
Rx rate: 811403
While executing 'Script@8 :: Script':
  no 'from.reset' write handler
Rx rate: 813299
While executing 'Script@8 :: Script':
  no 'from.reset' write handler
Rx rate: 814107.107107
While executing 'Script@8 :: Script':
  no 'from.reset' write handler
Rx rate: 813018
While executing 'Script@8 :: Script':
  no 'from.reset' write handler
Rx rate: 812984
While executing 'Script@8 :: Script':
  no 'from.reset' write handler
Rx rate: 812926
While executing 'Script@8 :: Script':
  no 'from.reset' write handler
Rx rate: 812938
While executing 'Script@8 :: Script':
  no 'from.reset' write handler
Rx rate: 812488
While executing 'Script@8 :: Script':
  no 'from.reset' write handler
Rx rate: 812272
While executing 'Script@8 :: Script':
  no 'from.reset' write handler
Rx rate: 812985
While executing 'Script@8 :: Script':
  no 'from.reset' write handler
Rx rate: 811420
While executing 'Script@8 :: Script':
  no 'from.reset' write handler
Rx rate: 813385
While executing 'Script@8 :: Script':
  no 'from.reset' write handler
Rx rate: 813102
While executing 'Script@8 :: Script':
  no 'from.reset' write handler
Rx rate: 813401
While executing 'Script@8 :: Script':
  no 'from.reset' write handler
Rx rate: 813193
While executing 'Script@8 :: Script':
  no 'from.reset' write handler
Rx rate: 813339
While executing 'Script@8 :: Script':
  no 'from.reset' write handler
Rx rate: 812957
While executing 'Script@8 :: Script':
  no 'from.reset' write handler
Rx rate: 812252
While executing 'Script@8 :: Script':
  no 'from.reset' write handler
Rx rate: 812808
While executing 'Script@8 :: Script':
  no 'from.reset' write handler
Rx rate: 813264
While executing 'Script@8 :: Script':
  no 'from.reset' write handler
Rx rate: 813412
While executing 'Script@8 :: Script':
  no 'from.reset' write handler
Rx rate: 811424
While executing 'Script@8 :: Script':
  no 'from.reset' write handler
Rx rate: 812866
While executing 'Script@8 :: Script':
  no 'from.reset' write handler
Rx rate: 813183
While executing 'Script@8 :: Script':
  no 'from.reset' write handler
Rx rate: 813172
While executing 'Script@8 :: Script':
  no 'from.reset' write handler
Rx rate: 812962
While executing 'Script@8 :: Script':
  no 'from.reset' write handler
Rx rate: 813379
While executing 'Script@8 :: Script':
  no 'from.reset' write handler
Rx rate: 812417
While executing 'Script@8 :: Script':
  no 'from.reset' write handler
Rx rate: 812525
While executing 'Script@8 :: Script':
  no 'from.reset' write handler
Rx rate: 812962
While executing 'Script@8 :: Script':
  no 'from.reset' write handler
Rx rate: 813030
While executing 'Script@8 :: Script':
  no 'from.reset' write handler
Rx rate: 811597
While executing 'Script@8 :: Script':
  no 'from.reset' write handler
Rx rate: 813308
While executing 'Script@8 :: Script':
  no 'from.reset' write handler
Rx rate: 813054
While executing 'Script@8 :: Script':
  no 'from.reset' write handler
Rx rate: 813411
While executing 'Script@8 :: Script':
  no 'from.reset' write handler
Rx rate: 813375
While executing 'Script@8 :: Script':
  no 'from.reset' write handler
Rx rate: 812945
While executing 'Script@8 :: Script':
  no 'from.reset' write handler
Rx rate: 812318
While executing 'Script@8 :: Script':
  no 'from.reset' write handler
Rx rate: 812467
While executing 'Script@8 :: Script':
  no 'from.reset' write handler
Rx rate: 813315
While executing 'Script@8 :: Script':
  no 'from.reset' write handler
Rx rate: 813321
While executing 'Script@8 :: Script':
  no 'from.reset' write handler
Rx rate: 811556
While executing 'Script@8 :: Script':
  no 'from.reset' write handler
Rx rate: 813390
While executing 'Script@8 :: Script':
  no 'from.reset' write handler
Rx rate: 813113
While executing 'Script@8 :: Script':
  no 'from.reset' write handler
Rx rate: 813253
While executing 'Script@8 :: Script':
  no 'from.reset' write handler
Rx rate: 813056
While executing 'Script@8 :: Script':
  no 'from.reset' write handler
Rx rate: 813207
While executing 'Script@8 :: Script':
  no 'from.reset' write handler
Rx rate: 812462
While executing 'Script@8 :: Script':
  no 'from.reset' write handler
Rx rate: 813059
While executing 'Script@8 :: Script':
  no 'from.reset' write handler
Rx rate: 812977
While executing 'Script@8 :: Script':
  no 'from.reset' write handler
Rx rate: 813201
While executing 'Script@8 :: Script':
  no 'from.reset' write handler
Rx rate: 811623
While executing 'Script@8 :: Script':
  no 'from.reset' write handler
Rx rate: 813282
While executing 'Script@8 :: Script':
  no 'from.reset' write handler
Rx rate: 813202
While executing 'Script@8 :: Script':
  no 'from.reset' write handler
Rx rate: 813149
While executing 'Script@8 :: Script':
  no 'from.reset' write handler
Rx rate: 813227
While executing 'Script@8 :: Script':
  no 'from.reset' write handler
AUTOTEST_DONE
