to_device :: Queue: overflow
Startup trace (nsec): main: 162448180345
Startup trace (nsec): init done: 162567170970
Rx rate: 659778.761062    TxExt rate: 659778.761062    TxInt rate: 0
While executing 'Script@35 :: Script':
  no 'from_device.reset' write handler
Rx rate: 658043.912176    TxExt rate: 658043.912176    TxInt rate: 0
While executing 'Script@35 :: Script':
  no 'from_device.reset' write handler
Rx rate: 659220.779221    TxExt rate: 659220.779221    TxInt rate: 0
While executing 'Script@35 :: Script':
  no 'from_device.reset' write handler
Rx rate: 661791.208791    TxExt rate: 661791.208791    TxInt rate: 0
While executing 'Script@35 :: Script':
  no 'from_device.reset' write handler
Rx rate: 662469.53047    TxExt rate: 662469.53047    TxInt rate: 0
While executing 'Script@35 :: Script':
  no 'from_device.reset' write handler
Rx rate: 659480.519481    TxExt rate: 659480.519481    TxInt rate: 0
While executing 'Script@35 :: Script':
  no 'from_device.reset' write handler
Rx rate: 658831.168831    TxExt rate: 658831.168831    TxInt rate: 0
While executing 'Script@35 :: Script':
  no 'from_device.reset' write handler
Rx rate: 659360    TxExt rate: 659360    TxInt rate: 0
While executing 'Script@35 :: Script':
  no 'from_device.reset' write handler
Rx rate: 659624.375624    TxExt rate: 659624.375624    TxInt rate: 0
While executing 'Script@35 :: Script':
  no 'from_device.reset' write handler
Rx rate: 659620    TxExt rate: 659620    TxInt rate: 0
While executing 'Script@35 :: Script':
  no 'from_device.reset' write handler
Rx rate: 658775    TxExt rate: 658775    TxInt rate: 0
While executing 'Script@35 :: Script':
  no 'from_device.reset' write handler
Rx rate: 658441.558442    TxExt rate: 658441.558442    TxInt rate: 0
While executing 'Script@35 :: Script':
  no 'from_device.reset' write handler
Rx rate: 657467.532468    TxExt rate: 657467.532468    TxInt rate: 0
While executing 'Script@35 :: Script':
  no 'from_device.reset' write handler
Rx rate: 663845    TxExt rate: 663845    TxInt rate: 0
While executing 'Script@35 :: Script':
  no 'from_device.reset' write handler
Rx rate: 664056    TxExt rate: 664056    TxInt rate: 0
While executing 'Script@35 :: Script':
  no 'from_device.reset' write handler
Rx rate: 659425    TxExt rate: 659425    TxInt rate: 0
While executing 'Script@35 :: Script':
  no 'from_device.reset' write handler
Rx rate: 656825    TxExt rate: 656825    TxInt rate: 0
While executing 'Script@35 :: Script':
  no 'from_device.reset' write handler
Rx rate: 660205    TxExt rate: 660205    TxInt rate: 0
While executing 'Script@35 :: Script':
  no 'from_device.reset' write handler
Rx rate: 659880    TxExt rate: 659880    TxInt rate: 0
While executing 'Script@35 :: Script':
  no 'from_device.reset' write handler
Rx rate: 662664.335664    TxExt rate: 662664.335664    TxInt rate: 0
While executing 'Script@35 :: Script':
  no 'from_device.reset' write handler
Rx rate: 659620    TxExt rate: 659620    TxInt rate: 0
While executing 'Script@35 :: Script':
  no 'from_device.reset' write handler
Rx rate: 659740.25974    TxExt rate: 660400    TxInt rate: 0
While executing 'Script@35 :: Script':
  no 'from_device.reset' write handler
Rx rate: 660920    TxExt rate: 660920    TxInt rate: 0
While executing 'Script@35 :: Script':
  no 'from_device.reset' write handler
Rx rate: 663766    TxExt rate: 663766    TxInt rate: 0
While executing 'Script@35 :: Script':
  no 'from_device.reset' write handler
Rx rate: 657287.712288    TxExt rate: 657287.712288    TxInt rate: 0
While executing 'Script@35 :: Script':
  no 'from_device.reset' write handler
Rx rate: 661440    TxExt rate: 661440    TxInt rate: 0
While executing 'Script@35 :: Script':
  no 'from_device.reset' write handler
Rx rate: 661700    TxExt rate: 661700    TxInt rate: 0
While executing 'Script@35 :: Script':
  no 'from_device.reset' write handler
Rx rate: 662597.402597    TxExt rate: 662597.402597    TxInt rate: 0
While executing 'Script@35 :: Script':
  no 'from_device.reset' write handler
Rx rate: 662480    TxExt rate: 662480    TxInt rate: 0
While executing 'Script@35 :: Script':
  no 'from_device.reset' write handler
Rx rate: 666078    TxExt rate: 666078    TxInt rate: 0
While executing 'Script@35 :: Script':
  no 'from_device.reset' write handler
Rx rate: 663975    TxExt rate: 663975    TxInt rate: 0
While executing 'Script@35 :: Script':
  no 'from_device.reset' write handler
Rx rate: 664950    TxExt rate: 664950    TxInt rate: 0
While executing 'Script@35 :: Script':
  no 'from_device.reset' write handler
Rx rate: 663975    TxExt rate: 663975    TxInt rate: 0
While executing 'Script@35 :: Script':
  no 'from_device.reset' write handler
Rx rate: 666024.975025    TxExt rate: 666024.975025    TxInt rate: 0
While executing 'Script@35 :: Script':
  no 'from_device.reset' write handler
Rx rate: 665714.285714    TxExt rate: 665714.285714    TxInt rate: 0
While executing 'Script@35 :: Script':
  no 'from_device.reset' write handler
Rx rate: 663195    TxExt rate: 663195    TxInt rate: 0
While executing 'Script@35 :: Script':
  no 'from_device.reset' write handler
Rx rate: 662740    TxExt rate: 662740    TxInt rate: 0
While executing 'Script@35 :: Script':
  no 'from_device.reset' write handler
Rx rate: 662740    TxExt rate: 662740    TxInt rate: 0
While executing 'Script@35 :: Script':
  no 'from_device.reset' write handler
Rx rate: 662220    TxExt rate: 662220    TxInt rate: 0
While executing 'Script@35 :: Script':
  no 'from_device.reset' write handler
Rx rate: 664572.427572    TxExt rate: 664572.427572    TxInt rate: 0
While executing 'Script@35 :: Script':
  no 'from_device.reset' write handler
Rx rate: 661180    TxExt rate: 661180    TxInt rate: 0
While executing 'Script@35 :: Script':
  no 'from_device.reset' write handler
Rx rate: 662220    TxExt rate: 662220    TxInt rate: 0
While executing 'Script@35 :: Script':
  no 'from_device.reset' write handler
Rx rate: 662077.922078    TxExt rate: 662077.922078    TxInt rate: 0
While executing 'Script@35 :: Script':
  no 'from_device.reset' write handler
Rx rate: 665060    TxExt rate: 665060    TxInt rate: 0
While executing 'Script@35 :: Script':
  no 'from_device.reset' write handler
Rx rate: 664728    TxExt rate: 664728    TxInt rate: 0
While executing 'Script@35 :: Script':
  no 'from_device.reset' write handler
Rx rate: 662480    TxExt rate: 662480    TxInt rate: 0
While executing 'Script@35 :: Script':
  no 'from_device.reset' write handler
Rx rate: 663000    TxExt rate: 663000    TxInt rate: 0
While executing 'Script@35 :: Script':
  no 'from_device.reset' write handler
Rx rate: 662545    TxExt rate: 662545    TxInt rate: 0
While executing 'Script@35 :: Script':
  no 'from_device.reset' write handler
Rx rate: 660714.285714    TxExt rate: 660714.285714    TxInt rate: 0
While executing 'Script@35 :: Script':
  no 'from_device.reset' write handler
Rx rate: 663509    TxExt rate: 663509    TxInt rate: 0
While executing 'Script@35 :: Script':
  no 'from_device.reset' write handler
Rx rate: 662025    TxExt rate: 662025    TxInt rate: 0
While executing 'Script@35 :: Script':
  no 'from_device.reset' write handler
Rx rate: 661375    TxExt rate: 661375    TxInt rate: 0
While executing 'Script@35 :: Script':
  no 'from_device.reset' write handler
Rx rate: 661700    TxExt rate: 661700    TxInt rate: 0
While executing 'Script@35 :: Script':
  no 'from_device.reset' write handler
Rx rate: 663484    TxExt rate: 663484    TxInt rate: 0
While executing 'Script@35 :: Script':
  no 'from_device.reset' write handler
Rx rate: 658627    TxExt rate: 658627    TxInt rate: 0
While executing 'Script@35 :: Script':
  no 'from_device.reset' write handler
Rx rate: 661363.636364    TxExt rate: 661363.636364    TxInt rate: 0
While executing 'Script@35 :: Script':
  no 'from_device.reset' write handler
Rx rate: 661050    TxExt rate: 661050    TxInt rate: 0
While executing 'Script@35 :: Script':
  no 'from_device.reset' write handler
Rx rate: 659740.25974    TxExt rate: 659740.25974    TxInt rate: 0
While executing 'Script@35 :: Script':
  no 'from_device.reset' write handler
Rx rate: 661050    TxExt rate: 661050    TxInt rate: 0
While executing 'Script@35 :: Script':
  no 'from_device.reset' write handler
Rx rate: 660465    TxExt rate: 660465    TxInt rate: 0
While executing 'Script@35 :: Script':
  no 'from_device.reset' write handler
Rx rate: 664992    TxExt rate: 664992    TxInt rate: 0
While executing 'Script@35 :: Script':
  no 'from_device.reset' write handler
Rx rate: 661830    TxExt rate: 661830    TxInt rate: 0
While executing 'Script@35 :: Script':
  no 'from_device.reset' write handler
Rx rate: 662090    TxExt rate: 662090    TxInt rate: 0
While executing 'Script@35 :: Script':
  no 'from_device.reset' write handler
Rx rate: 663855    TxExt rate: 663855    TxInt rate: 0
While executing 'Script@35 :: Script':
  no 'from_device.reset' write handler
Rx rate: 665203    TxExt rate: 665203    TxInt rate: 0
While executing 'Script@35 :: Script':
  no 'from_device.reset' write handler
Rx rate: 661180    TxExt rate: 661180    TxInt rate: 0
While executing 'Script@35 :: Script':
  no 'from_device.reset' write handler
Rx rate: 661298.701299    TxExt rate: 661298.701299    TxInt rate: 0
While executing 'Script@35 :: Script':
  no 'from_device.reset' write handler
Rx rate: 660140    TxExt rate: 660140    TxInt rate: 0
While executing 'Script@35 :: Script':
  no 'from_device.reset' write handler
Rx rate: 660920    TxExt rate: 660920    TxInt rate: 0
While executing 'Script@35 :: Script':
  no 'from_device.reset' write handler
Rx rate: 660920    TxExt rate: 660920    TxInt rate: 0
While executing 'Script@35 :: Script':
  no 'from_device.reset' write handler
Rx rate: 663916.083916    TxExt rate: 663916.083916    TxInt rate: 0
While executing 'Script@35 :: Script':
  no 'from_device.reset' write handler
Rx rate: 660519.480519    TxExt rate: 660519.480519    TxInt rate: 0
While executing 'Script@35 :: Script':
  no 'from_device.reset' write handler
AUTOTEST_DONE
