Startup trace (nsec): main: 85829193287
Startup trace (nsec): init done: 85831182400
Rx rate: 0
While executing 'Script@4 :: Script':
  no 'from.reset' write handler
Rx rate: 859910.891089
While executing 'Script@4 :: Script':
  no 'from.reset' write handler
Rx rate: 898106.67996
While executing 'Script@4 :: Script':
  no 'from.reset' write handler
Rx rate: 892657.342657
While executing 'Script@4 :: Script':
  no 'from.reset' write handler
Rx rate: 894209.79021
While executing 'Script@4 :: Script':
  no 'from.reset' write handler
Rx rate: 891315.684316
While executing 'Script@4 :: Script':
  no 'from.reset' write handler
Rx rate: 890438
While executing 'Script@4 :: Script':
  no 'from.reset' write handler
Rx rate: 905074.925075
While executing 'Script@4 :: Script':
  no 'from.reset' write handler
Rx rate: 896953.187251
While executing 'Script@4 :: Script':
  no 'from.reset' write handler
Rx rate: 902613.386613
While executing 'Script@4 :: Script':
  no 'from.reset' write handler
Rx rate: 901059
While executing 'Script@4 :: Script':
  no 'from.reset' write handler
Rx rate: 857439.121756
While executing 'Script@4 :: Script':
  no 'from.reset' write handler
Rx rate: 896655
While executing 'Script@4 :: Script':
  no 'from.reset' write handler
Rx rate: 898341.658342
While executing 'Script@4 :: Script':
  no 'from.reset' write handler
Rx rate: 895205.410822
While executing 'Script@4 :: Script':
  no 'from.reset' write handler
Rx rate: 899326
While executing 'Script@4 :: Script':
  no 'from.reset' write handler
Rx rate: 898986
While executing 'Script@4 :: Script':
  no 'from.reset' write handler
Rx rate: 898596
While executing 'Script@4 :: Script':
  no 'from.reset' write handler
Rx rate: 904035
While executing 'Script@4 :: Script':
  no 'from.reset' write handler
Rx rate: 901706
While executing 'Script@4 :: Script':
  no 'from.reset' write handler
Rx rate: 898865.134865
While executing 'Script@4 :: Script':
  no 'from.reset' write handler
Rx rate: 890654
While executing 'Script@4 :: Script':
  no 'from.reset' write handler
Rx rate: 896275.724276
While executing 'Script@4 :: Script':
  no 'from.reset' write handler
Rx rate: 900151
While executing 'Script@4 :: Script':
  no 'from.reset' write handler
Rx rate: 889615
While executing 'Script@4 :: Script':
  no 'from.reset' write handler
Rx rate: 892913.086913
While executing 'Script@4 :: Script':
  no 'from.reset' write handler
Rx rate: 894382
While executing 'Script@4 :: Script':
  no 'from.reset' write handler
Rx rate: 896526
While executing 'Script@4 :: Script':
  no 'from.reset' write handler
Rx rate: 887205
While executing 'Script@4 :: Script':
  no 'from.reset' write handler
Rx rate: 900930
While executing 'Script@4 :: Script':
  no 'from.reset' write handler
Rx rate: 901065.934066
While executing 'Script@4 :: Script':
  no 'from.reset' write handler
Rx rate: 899140
While executing 'Script@4 :: Script':
  no 'from.reset' write handler
Rx rate: 895232
While executing 'Script@4 :: Script':
  no 'from.reset' write handler
Rx rate: 895879
While executing 'Script@4 :: Script':
  no 'from.reset' write handler
Rx rate: 905454.454454
While executing 'Script@4 :: Script':
  no 'from.reset' write handler
Rx rate: 899762
While executing 'Script@4 :: Script':
  no 'from.reset' write handler
Rx rate: 894078.921079
While executing 'Script@4 :: Script':
  no 'from.reset' write handler
Rx rate: 896398
While executing 'Script@4 :: Script':
  no 'from.reset' write handler
Rx rate: 884225
While executing 'Script@4 :: Script':
  no 'from.reset' write handler
Rx rate: 889552.447552
While executing 'Script@4 :: Script':
  no 'from.reset' write handler
Rx rate: 886037
While executing 'Script@4 :: Script':
  no 'from.reset' write handler
Rx rate: 854163.836164
While executing 'Script@4 :: Script':
  no 'from.reset' write handler
Rx rate: 902354
While executing 'Script@4 :: Script':
  no 'from.reset' write handler
Rx rate: 896135
While executing 'Script@4 :: Script':
  no 'from.reset' write handler
Rx rate: 899394.815553
While executing 'Script@4 :: Script':
  no 'from.reset' write handler
Rx rate: 896795.204795
While executing 'Script@4 :: Script':
  no 'from.reset' write handler
Rx rate: 894876.123876
While executing 'Script@4 :: Script':
  no 'from.reset' write handler
Rx rate: 891361.638362
While executing 'Script@4 :: Script':
  no 'from.reset' write handler
Rx rate: 896917
While executing 'Script@4 :: Script':
  no 'from.reset' write handler
Rx rate: 891219
While executing 'Script@4 :: Script':
  no 'from.reset' write handler
Rx rate: 891865
While executing 'Script@4 :: Script':
  no 'from.reset' write handler
Rx rate: 887275
While executing 'Script@4 :: Script':
  no 'from.reset' write handler
Rx rate: 898211
While executing 'Script@4 :: Script':
  no 'from.reset' write handler
Rx rate: 899117
While executing 'Script@4 :: Script':
  no 'from.reset' write handler
Rx rate: 899118
While executing 'Script@4 :: Script':
  no 'from.reset' write handler
Rx rate: 890328.671329
While executing 'Script@4 :: Script':
  no 'from.reset' write handler
Rx rate: 892039
While executing 'Script@4 :: Script':
  no 'from.reset' write handler
Rx rate: 888000
While executing 'Script@4 :: Script':
  no 'from.reset' write handler
Rx rate: 889180.638723
While executing 'Script@4 :: Script':
  no 'from.reset' write handler
Rx rate: 892901
While executing 'Script@4 :: Script':
  no 'from.reset' write handler
Rx rate: 895104
While executing 'Script@4 :: Script':
  no 'from.reset' write handler
Rx rate: 881695.304695
While executing 'Script@4 :: Script':
  no 'from.reset' write handler
Rx rate: 895104
While executing 'Script@4 :: Script':
  no 'from.reset' write handler
Rx rate: 887113.772455
While executing 'Script@4 :: Script':
  no 'from.reset' write handler
Rx rate: 894842
While executing 'Script@4 :: Script':
  no 'from.reset' write handler
Rx rate: 894845
While executing 'Script@4 :: Script':
  no 'from.reset' write handler
Rx rate: 894534
While executing 'Script@4 :: Script':
  no 'from.reset' write handler
Rx rate: 885930.06993
While executing 'Script@4 :: Script':
  no 'from.reset' write handler
Rx rate: 892511
While executing 'Script@4 :: Script':
  no 'from.reset' write handler
Rx rate: 895880
While executing 'Script@4 :: Script':
  no 'from.reset' write handler
Rx rate: 886188.811189
While executing 'Script@4 :: Script':
  no 'from.reset' write handler
Rx rate: 893448
While executing 'Script@4 :: Script':
  no 'from.reset' write handler
Rx rate: 865743.256743
While executing 'Script@4 :: Script':
  no 'from.reset' write handler
AUTOTEST_DONE
