Startup trace (nsec): main: 190634833393
Startup trace (nsec): init done: 190638175558
Rx rate: 0   TxExt rate: 0   TxInt rate: 0
While executing 'Script@11 :: Script':
  no 'from_device.reset' write handler
Rx rate: 0   TxExt rate: 0   TxInt rate: 0
While executing 'Script@11 :: Script':
  no 'from_device.reset' write handler
Rx rate: 0   TxExt rate: 0   TxInt rate: 0
While executing 'Script@11 :: Script':
  no 'from_device.reset' write handler
Rx rate: 0   TxExt rate: 0   TxInt rate: 0
While executing 'Script@11 :: Script':
  no 'from_device.reset' write handler
Rx rate: 0   TxExt rate: 0   TxInt rate: 0
While executing 'Script@11 :: Script':
  no 'from_device.reset' write handler
Rx rate: 0   TxExt rate: 0   TxInt rate: 0
While executing 'Script@11 :: Script':
  no 'from_device.reset' write handler
Rx rate: 0   TxExt rate: 0   TxInt rate: 0
While executing 'Script@11 :: Script':
  no 'from_device.reset' write handler
Rx rate: 100615.696888   TxExt rate: 100615.696888   TxInt rate: 100615.696888
While executing 'Script@11 :: Script':
  no 'from_device.reset' write handler
Rx rate: 100303   TxExt rate: 100303   TxInt rate: 100303
While executing 'Script@11 :: Script':
  no 'from_device.reset' write handler
Rx rate: 100277   TxExt rate: 100277   TxInt rate: 100277
While executing 'Script@11 :: Script':
  no 'from_device.reset' write handler
Rx rate: 100280   TxExt rate: 100280   TxInt rate: 100280
While executing 'Script@11 :: Script':
  no 'from_device.reset' write handler
Rx rate: 100298   TxExt rate: 100298   TxInt rate: 100298
While executing 'Script@11 :: Script':
  no 'from_device.reset' write handler
Rx rate: 23322   TxExt rate: 23322   TxInt rate: 23322
While executing 'Script@11 :: Script':
  no 'from_device.reset' write handler
Rx rate: 1002.00400802   TxExt rate: 1002.00400802   TxInt rate: 1002.00400802
While executing 'Script@11 :: Script':
  no 'from_device.reset' write handler
Rx rate: 998   TxExt rate: 998   TxInt rate: 998
While executing 'Script@11 :: Script':
  no 'from_device.reset' write handler
Rx rate: 1001.001001   TxExt rate: 1001.001001   TxInt rate: 1001.001001
While executing 'Script@11 :: Script':
  no 'from_device.reset' write handler
Rx rate: 1001.001001   TxExt rate: 1001.001001   TxInt rate: 1001.001001
While executing 'Script@11 :: Script':
  no 'from_device.reset' write handler
Rx rate: 1001   TxExt rate: 1001   TxInt rate: 1001
While executing 'Script@11 :: Script':
  no 'from_device.reset' write handler
Rx rate: 1001.00200401   TxExt rate: 1001.00200401   TxInt rate: 1001.00200401
While executing 'Script@11 :: Script':
  no 'from_device.reset' write handler
Rx rate: 1001   TxExt rate: 1001   TxInt rate: 1001
While executing 'Script@11 :: Script':
  no 'from_device.reset' write handler
Rx rate: 1000   TxExt rate: 1000   TxInt rate: 1000
While executing 'Script@11 :: Script':
  no 'from_device.reset' write handler
Rx rate: 1002.00400802   TxExt rate: 1002.00400802   TxInt rate: 1002.00400802
While executing 'Script@11 :: Script':
  no 'from_device.reset' write handler
Rx rate: 1001   TxExt rate: 1001   TxInt rate: 1001
While executing 'Script@11 :: Script':
  no 'from_device.reset' write handler
Rx rate: 1000   TxExt rate: 1000   TxInt rate: 1000
While executing 'Script@11 :: Script':
  no 'from_device.reset' write handler
Rx rate: 1000   TxExt rate: 1000   TxInt rate: 1000
While executing 'Script@11 :: Script':
  no 'from_device.reset' write handler
Rx rate: 1001.001001   TxExt rate: 1001.001001   TxInt rate: 1001.001001
While executing 'Script@11 :: Script':
  no 'from_device.reset' write handler
Rx rate: 1001   TxExt rate: 1001   TxInt rate: 1001
While executing 'Script@11 :: Script':
  no 'from_device.reset' write handler
Rx rate: 1000   TxExt rate: 1000   TxInt rate: 1000
While executing 'Script@11 :: Script':
  no 'from_device.reset' write handler
Rx rate: 1002.00400802   TxExt rate: 1002.00400802   TxInt rate: 1002.00400802
While executing 'Script@11 :: Script':
  no 'from_device.reset' write handler
Rx rate: 1001   TxExt rate: 1001   TxInt rate: 1001
While executing 'Script@11 :: Script':
  no 'from_device.reset' write handler
Rx rate: 1000   TxExt rate: 1000   TxInt rate: 1000
While executing 'Script@11 :: Script':
  no 'from_device.reset' write handler
Rx rate: 1002.002002   TxExt rate: 1002.002002   TxInt rate: 1002.002002
While executing 'Script@11 :: Script':
  no 'from_device.reset' write handler
Rx rate: 1001.001001   TxExt rate: 1001.001001   TxInt rate: 1001.001001
While executing 'Script@11 :: Script':
  no 'from_device.reset' write handler
Rx rate: 1000   TxExt rate: 1000   TxInt rate: 1000
While executing 'Script@11 :: Script':
  no 'from_device.reset' write handler
Rx rate: 1000   TxExt rate: 1000   TxInt rate: 1000
While executing 'Script@11 :: Script':
  no 'from_device.reset' write handler
Rx rate: 1000   TxExt rate: 1000   TxInt rate: 1000
While executing 'Script@11 :: Script':
  no 'from_device.reset' write handler
Rx rate: 1001.001001   TxExt rate: 1001.001001   TxInt rate: 1001.001001
While executing 'Script@11 :: Script':
  no 'from_device.reset' write handler
Rx rate: 1002.00400802   TxExt rate: 1002.00400802   TxInt rate: 1002.00400802
While executing 'Script@11 :: Script':
  no 'from_device.reset' write handler
Rx rate: 1000   TxExt rate: 1000   TxInt rate: 1000
While executing 'Script@11 :: Script':
  no 'from_device.reset' write handler
Rx rate: 1001.001001   TxExt rate: 1001.001001   TxInt rate: 1001.001001
While executing 'Script@11 :: Script':
  no 'from_device.reset' write handler
Rx rate: 1001   TxExt rate: 1001   TxInt rate: 1001
While executing 'Script@11 :: Script':
  no 'from_device.reset' write handler
Rx rate: 1001.00200401   TxExt rate: 1001.00200401   TxInt rate: 1001.00200401
While executing 'Script@11 :: Script':
  no 'from_device.reset' write handler
Rx rate: 1001.001001   TxExt rate: 1001.001001   TxInt rate: 1001.001001
While executing 'Script@11 :: Script':
  no 'from_device.reset' write handler
Rx rate: 1000   TxExt rate: 1000   TxInt rate: 1000
While executing 'Script@11 :: Script':
  no 'from_device.reset' write handler
Rx rate: 1000   TxExt rate: 1000   TxInt rate: 1000
While executing 'Script@11 :: Script':
  no 'from_device.reset' write handler
Rx rate: 1000   TxExt rate: 1000   TxInt rate: 1000
While executing 'Script@11 :: Script':
  no 'from_device.reset' write handler
Rx rate: 1001.001001   TxExt rate: 1001.001001   TxInt rate: 1001.001001
While executing 'Script@11 :: Script':
  no 'from_device.reset' write handler
Rx rate: 1002.002002   TxExt rate: 1002.002002   TxInt rate: 1002.002002
While executing 'Script@11 :: Script':
  no 'from_device.reset' write handler
Rx rate: 1000   TxExt rate: 1000   TxInt rate: 1000
While executing 'Script@11 :: Script':
  no 'from_device.reset' write handler
Rx rate: 1001   TxExt rate: 1001   TxInt rate: 1001
While executing 'Script@11 :: Script':
  no 'from_device.reset' write handler
Rx rate: 1001.001001   TxExt rate: 1001.001001   TxInt rate: 1001.001001
While executing 'Script@11 :: Script':
  no 'from_device.reset' write handler
Rx rate: 1001.00200401   TxExt rate: 1001.00200401   TxInt rate: 1001.00200401
While executing 'Script@11 :: Script':
  no 'from_device.reset' write handler
Rx rate: 1001   TxExt rate: 1001   TxInt rate: 1001
While executing 'Script@11 :: Script':
  no 'from_device.reset' write handler
Rx rate: 1001.001001   TxExt rate: 1001.001001   TxInt rate: 1001.001001
While executing 'Script@11 :: Script':
  no 'from_device.reset' write handler
Rx rate: 998.998998999   TxExt rate: 998.998998999   TxInt rate: 998.998998999
While executing 'Script@11 :: Script':
  no 'from_device.reset' write handler
Rx rate: 1000   TxExt rate: 1000   TxInt rate: 1000
While executing 'Script@11 :: Script':
  no 'from_device.reset' write handler
Rx rate: 1001.001001   TxExt rate: 1001.001001   TxInt rate: 1001.001001
While executing 'Script@11 :: Script':
  no 'from_device.reset' write handler
Rx rate: 1002.002002   TxExt rate: 1002.002002   TxInt rate: 1002.002002
While executing 'Script@11 :: Script':
  no 'from_device.reset' write handler
Rx rate: 1001.001001   TxExt rate: 1001.001001   TxInt rate: 1001.001001
While executing 'Script@11 :: Script':
  no 'from_device.reset' write handler
Rx rate: 1000   TxExt rate: 1000   TxInt rate: 1000
While executing 'Script@11 :: Script':
  no 'from_device.reset' write handler
Rx rate: 1001.001001   TxExt rate: 1001.001001   TxInt rate: 1001.001001
While executing 'Script@11 :: Script':
  no 'from_device.reset' write handler
Rx rate: 1002.00400802   TxExt rate: 1002.00400802   TxInt rate: 1002.00400802
While executing 'Script@11 :: Script':
  no 'from_device.reset' write handler
Rx rate: 1001.001001   TxExt rate: 1001.001001   TxInt rate: 1001.001001
While executing 'Script@11 :: Script':
  no 'from_device.reset' write handler
Rx rate: 1001.001001   TxExt rate: 1001.001001   TxInt rate: 1001.001001
While executing 'Script@11 :: Script':
  no 'from_device.reset' write handler
Rx rate: 1001   TxExt rate: 1001   TxInt rate: 1001
While executing 'Script@11 :: Script':
  no 'from_device.reset' write handler
Rx rate: 997.997997998   TxExt rate: 997.997997998   TxInt rate: 997.997997998
While executing 'Script@11 :: Script':
  no 'from_device.reset' write handler
Rx rate: 1002.00400802   TxExt rate: 1002.00400802   TxInt rate: 1002.00400802
While executing 'Script@11 :: Script':
  no 'from_device.reset' write handler
Rx rate: 1001.001001   TxExt rate: 1001.001001   TxInt rate: 1001.001001
While executing 'Script@11 :: Script':
  no 'from_device.reset' write handler
Rx rate: 1001   TxExt rate: 1001   TxInt rate: 1001
While executing 'Script@11 :: Script':
  no 'from_device.reset' write handler
Rx rate: 1000   TxExt rate: 1000   TxInt rate: 1000
While executing 'Script@11 :: Script':
  no 'from_device.reset' write handler
Rx rate: 1002.002002   TxExt rate: 1002.002002   TxInt rate: 1002.002002
While executing 'Script@11 :: Script':
  no 'from_device.reset' write handler
Rx rate: 1000   TxExt rate: 1000   TxInt rate: 1000
While executing 'Script@11 :: Script':
  no 'from_device.reset' write handler
Rx rate: 1001.001001   TxExt rate: 1001.001001   TxInt rate: 1001.001001
While executing 'Script@11 :: Script':
  no 'from_device.reset' write handler
Rx rate: 1001   TxExt rate: 1001   TxInt rate: 1001
While executing 'Script@11 :: Script':
  no 'from_device.reset' write handler
Rx rate: 1001.00200401   TxExt rate: 1001.00200401   TxInt rate: 1001.00200401
While executing 'Script@11 :: Script':
  no 'from_device.reset' write handler
Rx rate: 999   TxExt rate: 999   TxInt rate: 999
While executing 'Script@11 :: Script':
  no 'from_device.reset' write handler
Rx rate: 1001.001001   TxExt rate: 1001.001001   TxInt rate: 1001.001001
While executing 'Script@11 :: Script':
  no 'from_device.reset' write handler
Rx rate: 1002.002002   TxExt rate: 1002.002002   TxInt rate: 1002.002002
While executing 'Script@11 :: Script':
  no 'from_device.reset' write handler
Rx rate: 1000   TxExt rate: 1000   TxInt rate: 1000
While executing 'Script@11 :: Script':
  no 'from_device.reset' write handler
Rx rate: 1001.001001   TxExt rate: 1001.001001   TxInt rate: 1001.001001
While executing 'Script@11 :: Script':
  no 'from_device.reset' write handler
Rx rate: 1002.002002   TxExt rate: 1002.002002   TxInt rate: 1002.002002
While executing 'Script@11 :: Script':
  no 'from_device.reset' write handler
Rx rate: 1000   TxExt rate: 1000   TxInt rate: 1000
While executing 'Script@11 :: Script':
  no 'from_device.reset' write handler
Rx rate: 1001   TxExt rate: 1001   TxInt rate: 1001
While executing 'Script@11 :: Script':
  no 'from_device.reset' write handler
Rx rate: 1004.5045045   TxExt rate: 1004.5045045   TxInt rate: 1004.5045045
While executing 'Script@11 :: Script':
  no 'from_device.reset' write handler
Rx rate: 0   TxExt rate: 0   TxInt rate: 0
While executing 'Script@11 :: Script':
  no 'from_device.reset' write handler
Rx rate: 0   TxExt rate: 0   TxInt rate: 0
While executing 'Script@11 :: Script':
  no 'from_device.reset' write handler
AUTOTEST_DONE
