/tmp/linux.click:2: While initializing 'from :: FromDevice':
  warning: ens7: no IPv4 address assigned
Startup trace (nsec): main: 8068731321
Startup trace (nsec): init done: 8078096667
Rx rate: 0
While executing 'Script@4 :: Script':
  no 'from.reset' write handler
Rx rate: 817354.545455
While executing 'Script@4 :: Script':
  no 'from.reset' write handler
Rx rate: 809149
While executing 'Script@4 :: Script':
  no 'from.reset' write handler
Rx rate: 792924
While executing 'Script@4 :: Script':
  no 'from.reset' write handler
Rx rate: 813375
While executing 'Script@4 :: Script':
  no 'from.reset' write handler
Rx rate: 813071
While executing 'Script@4 :: Script':
  no 'from.reset' write handler
Rx rate: 812100.200401
While executing 'Script@4 :: Script':
  no 'from.reset' write handler
Rx rate: 812988
While executing 'Script@4 :: Script':
  no 'from.reset' write handler
Rx rate: 812828
While executing 'Script@4 :: Script':
  no 'from.reset' write handler
Rx rate: 807981
While executing 'Script@4 :: Script':
  no 'from.reset' write handler
Rx rate: 812799
While executing 'Script@4 :: Script':
  no 'from.reset' write handler
Rx rate: 813422
While executing 'Script@4 :: Script':
  no 'from.reset' write handler
Rx rate: 811039.880359
While executing 'Script@4 :: Script':
  no 'from.reset' write handler
Rx rate: 813761
While executing 'Script@4 :: Script':
  no 'from.reset' write handler
Rx rate: 813054
While executing 'Script@4 :: Script':
  no 'from.reset' write handler
Rx rate: 813263
While executing 'Script@4 :: Script':
  no 'from.reset' write handler
Rx rate: 811144
While executing 'Script@4 :: Script':
  no 'from.reset' write handler
Rx rate: 811390
While executing 'Script@4 :: Script':
  no 'from.reset' write handler
Rx rate: 813411
While executing 'Script@4 :: Script':
  no 'from.reset' write handler
Rx rate: 811268
While executing 'Script@4 :: Script':
  no 'from.reset' write handler
Rx rate: 812687
While executing 'Script@4 :: Script':
  no 'from.reset' write handler
Rx rate: 813139
While executing 'Script@4 :: Script':
  no 'from.reset' write handler
Rx rate: 806896
While executing 'Script@4 :: Script':
  no 'from.reset' write handler
Rx rate: 812537.462537
While executing 'Script@4 :: Script':
  no 'from.reset' write handler
Rx rate: 813289
While executing 'Script@4 :: Script':
  no 'from.reset' write handler
Rx rate: 803400
While executing 'Script@4 :: Script':
  no 'from.reset' write handler
Rx rate: 812891
While executing 'Script@4 :: Script':
  no 'from.reset' write handler
Rx rate: 811037
While executing 'Script@4 :: Script':
  no 'from.reset' write handler
Rx rate: 808964
While executing 'Script@4 :: Script':
  no 'from.reset' write handler
Rx rate: 811302
While executing 'Script@4 :: Script':
  no 'from.reset' write handler
Rx rate: 812795
While executing 'Script@4 :: Script':
  no 'from.reset' write handler
Rx rate: 813083
While executing 'Script@4 :: Script':
  no 'from.reset' write handler
Rx rate: 812864
While executing 'Script@4 :: Script':
  no 'from.reset' write handler
Rx rate: 812994
While executing 'Script@4 :: Script':
  no 'from.reset' write handler
Rx rate: 812403.596404
While executing 'Script@4 :: Script':
  no 'from.reset' write handler
Rx rate: 813091
While executing 'Script@4 :: Script':
  no 'from.reset' write handler
Rx rate: 813270
While executing 'Script@4 :: Script':
  no 'from.reset' write handler
Rx rate: 811428
While executing 'Script@4 :: Script':
  no 'from.reset' write handler
Rx rate: 812924
While executing 'Script@4 :: Script':
  no 'from.reset' write handler
Rx rate: 812159
While executing 'Script@4 :: Script':
  no 'from.reset' write handler
Rx rate: 812794
While executing 'Script@4 :: Script':
  no 'from.reset' write handler
Rx rate: 813364
While executing 'Script@4 :: Script':
  no 'from.reset' write handler
Rx rate: 813331
While executing 'Script@4 :: Script':
  no 'from.reset' write handler
Rx rate: 813058
While executing 'Script@4 :: Script':
  no 'from.reset' write handler
Rx rate: 813239
While executing 'Script@4 :: Script':
  no 'from.reset' write handler
Rx rate: 813172
While executing 'Script@4 :: Script':
  no 'from.reset' write handler
Rx rate: 813425
While executing 'Script@4 :: Script':
  no 'from.reset' write handler
Rx rate: 811323
While executing 'Script@4 :: Script':
  no 'from.reset' write handler
Rx rate: 813348
While executing 'Script@4 :: Script':
  no 'from.reset' write handler
Rx rate: 812122
While executing 'Script@4 :: Script':
  no 'from.reset' write handler
Rx rate: 812663
While executing 'Script@4 :: Script':
  no 'from.reset' write handler
Rx rate: 813083
While executing 'Script@4 :: Script':
  no 'from.reset' write handler
Rx rate: 813493
While executing 'Script@4 :: Script':
  no 'from.reset' write handler
Rx rate: 813063
While executing 'Script@4 :: Script':
  no 'from.reset' write handler
Rx rate: 813065
While executing 'Script@4 :: Script':
  no 'from.reset' write handler
Rx rate: 813135
While executing 'Script@4 :: Script':
  no 'from.reset' write handler
Rx rate: 813607
While executing 'Script@4 :: Script':
  no 'from.reset' write handler
Rx rate: 812965
While executing 'Script@4 :: Script':
  no 'from.reset' write handler
Rx rate: 811387
While executing 'Script@4 :: Script':
  no 'from.reset' write handler
Rx rate: 812362
While executing 'Script@4 :: Script':
  no 'from.reset' write handler
Rx rate: 812648
While executing 'Script@4 :: Script':
  no 'from.reset' write handler
Rx rate: 813413
While executing 'Script@4 :: Script':
  no 'from.reset' write handler
Rx rate: 813205
While executing 'Script@4 :: Script':
  no 'from.reset' write handler
Rx rate: 813256
While executing 'Script@4 :: Script':
  no 'from.reset' write handler
Rx rate: 813047
While executing 'Script@4 :: Script':
  no 'from.reset' write handler
Rx rate: 813286
While executing 'Script@4 :: Script':
  no 'from.reset' write handler
Rx rate: 813323
While executing 'Script@4 :: Script':
  no 'from.reset' write handler
Rx rate: 812948
While executing 'Script@4 :: Script':
  no 'from.reset' write handler
Rx rate: 811380
While executing 'Script@4 :: Script':
  no 'from.reset' write handler
Rx rate: 812502
While executing 'Script@4 :: Script':
  no 'from.reset' write handler
Rx rate: 812787
While executing 'Script@4 :: Script':
  no 'from.reset' write handler
Rx rate: 813335
While executing 'Script@4 :: Script':
  no 'from.reset' write handler
Rx rate: 813091
While executing 'Script@4 :: Script':
  no 'from.reset' write handler
AUTOTEST_DONE
