Startup trace (nsec): main: 162238898605
Startup trace (nsec): init done: 162242181532
Rx rate: 282454.545455   TxExt rate: 280281.818182   TxInt rate: 280281.818182
While executing 'Script@11 :: Script':
  no 'from_device.reset' write handler
SimpleQueue@7 :: SimpleQueue: overflow
Rx rate: 287764.471058   TxExt rate: 285550.898204   TxInt rate: 285550.898204
While executing 'Script@11 :: Script':
  no 'from_device.reset' write handler
Rx rate: 286726.546906   TxExt rate: 284520.958084   TxInt rate: 284520.958084
While executing 'Script@11 :: Script':
  no 'from_device.reset' write handler
Rx rate: 289650.398406   TxExt rate: 287165.338645   TxInt rate: 287165.338645
While executing 'Script@11 :: Script':
  no 'from_device.reset' write handler
Rx rate: 289137.587238   TxExt rate: 285658.025922   TxInt rate: 285658.025922
While executing 'Script@11 :: Script':
  no 'from_device.reset' write handler
Rx rate: 288311.688312   TxExt rate: 286093.906094   TxInt rate: 286093.906094
While executing 'Script@11 :: Script':
  no 'from_device.reset' write handler
Rx rate: 288944   TxExt rate: 285464   TxInt rate: 285464
While executing 'Script@11 :: Script':
  no 'from_device.reset' write handler
Rx rate: 290618.762475   TxExt rate: 288383.233533   TxInt rate: 288383.233533
While executing 'Script@11 :: Script':
  no 'from_device.reset' write handler
Rx rate: 289610.38961   TxExt rate: 287382.617383   TxInt rate: 287382.617383
While executing 'Script@11 :: Script':
  no 'from_device.reset' write handler
Rx rate: 290064.935065   TxExt rate: 287833.166833   TxInt rate: 287833.166833
While executing 'Script@11 :: Script':
  no 'from_device.reset' write handler
Rx rate: 287170   TxExt rate: 284961   TxInt rate: 284961
While executing 'Script@11 :: Script':
  no 'from_device.reset' write handler
Rx rate: 288210   TxExt rate: 285993   TxInt rate: 285993
While executing 'Script@11 :: Script':
  no 'from_device.reset' write handler
Rx rate: 288506.493506   TxExt rate: 286287.712288   TxInt rate: 286287.712288
While executing 'Script@11 :: Script':
  no 'from_device.reset' write handler
Rx rate: 288636.363636   TxExt rate: 286415.584416   TxInt rate: 286415.584416
While executing 'Script@11 :: Script':
  no 'from_device.reset' write handler
Rx rate: 289475   TxExt rate: 285995   TxInt rate: 285995
While executing 'Script@11 :: Script':
  no 'from_device.reset' write handler
Rx rate: 290160   TxExt rate: 287928   TxInt rate: 287928
While executing 'Script@11 :: Script':
  no 'from_device.reset' write handler
Rx rate: 291818.181818   TxExt rate: 289573.426573   TxInt rate: 289573.426573
While executing 'Script@11 :: Script':
  no 'from_device.reset' write handler
Rx rate: 288115   TxExt rate: 285017   TxInt rate: 285017
While executing 'Script@11 :: Script':
  no 'from_device.reset' write handler
Rx rate: 288210   TxExt rate: 285993   TxInt rate: 285993
While executing 'Script@11 :: Script':
  no 'from_device.reset' write handler
Rx rate: 287820   TxExt rate: 285606   TxInt rate: 285606
While executing 'Script@11 :: Script':
  no 'from_device.reset' write handler
Rx rate: 289220.779221   TxExt rate: 286996.003996   TxInt rate: 286996.003996
While executing 'Script@11 :: Script':
  no 'from_device.reset' write handler
Rx rate: 288730   TxExt rate: 286509   TxInt rate: 286509
While executing 'Script@11 :: Script':
  no 'from_device.reset' write handler
Rx rate: 287402.597403   TxExt rate: 285191.808192   TxInt rate: 285191.808192
While executing 'Script@11 :: Script':
  no 'from_device.reset' write handler
Rx rate: 288210   TxExt rate: 285993   TxInt rate: 285993
While executing 'Script@11 :: Script':
  no 'from_device.reset' write handler
Rx rate: 288978   TxExt rate: 285506   TxInt rate: 285506
While executing 'Script@11 :: Script':
  no 'from_device.reset' write handler
Rx rate: 290064.935065   TxExt rate: 287834.165834   TxInt rate: 287834.165834
While executing 'Script@11 :: Script':
  no 'from_device.reset' write handler
Rx rate: 288116.883117   TxExt rate: 285900.0999   TxInt rate: 285900.0999
While executing 'Script@11 :: Script':
  no 'from_device.reset' write handler
Rx rate: 288116   TxExt rate: 285015   TxInt rate: 285015
While executing 'Script@11 :: Script':
  no 'from_device.reset' write handler
Rx rate: 288080   TxExt rate: 285864   TxInt rate: 285864
While executing 'Script@11 :: Script':
  no 'from_device.reset' write handler
Rx rate: 288051.948052   TxExt rate: 285836.163836   TxInt rate: 285836.163836
While executing 'Script@11 :: Script':
  no 'from_device.reset' write handler
Rx rate: 289900   TxExt rate: 287670   TxInt rate: 287670
While executing 'Script@11 :: Script':
  no 'from_device.reset' write handler
Rx rate: 288990   TxExt rate: 286767   TxInt rate: 286767
While executing 'Script@11 :: Script':
  no 'from_device.reset' write handler
Rx rate: 288730   TxExt rate: 286509   TxInt rate: 286509
While executing 'Script@11 :: Script':
  no 'from_device.reset' write handler
Rx rate: 290550   TxExt rate: 288315   TxInt rate: 288315
While executing 'Script@11 :: Script':
  no 'from_device.reset' write handler
Rx rate: 289777   TxExt rate: 286032   TxInt rate: 286032
While executing 'Script@11 :: Script':
  no 'from_device.reset' write handler
Rx rate: 289740.25974   TxExt rate: 287511.488511   TxInt rate: 287511.488511
While executing 'Script@11 :: Script':
  no 'from_device.reset' write handler
Rx rate: 289250   TxExt rate: 287025   TxInt rate: 287025
While executing 'Script@11 :: Script':
  no 'from_device.reset' write handler
Rx rate: 290332   TxExt rate: 286585   TxInt rate: 286585
While executing 'Script@11 :: Script':
  no 'from_device.reset' write handler
Rx rate: 290940   TxExt rate: 288702   TxInt rate: 288702
While executing 'Script@11 :: Script':
  no 'from_device.reset' write handler
Rx rate: 287625   TxExt rate: 285413   TxInt rate: 285413
While executing 'Script@11 :: Script':
  no 'from_device.reset' write handler
Rx rate: 290259.74026   TxExt rate: 288026.973027   TxInt rate: 288026.973027
While executing 'Script@11 :: Script':
  no 'from_device.reset' write handler
Rx rate: 289575   TxExt rate: 287347   TxInt rate: 287347
While executing 'Script@11 :: Script':
  no 'from_device.reset' write handler
Rx rate: 290160   TxExt rate: 287928   TxInt rate: 287928
While executing 'Script@11 :: Script':
  no 'from_device.reset' write handler
Rx rate: 289090.909091   TxExt rate: 286867.132867   TxInt rate: 286867.132867
While executing 'Script@11 :: Script':
  no 'from_device.reset' write handler
Rx rate: 291679   TxExt rate: 288193   TxInt rate: 288193
While executing 'Script@11 :: Script':
  no 'from_device.reset' write handler
Rx rate: 290680   TxExt rate: 288444   TxInt rate: 288444
While executing 'Script@11 :: Script':
  no 'from_device.reset' write handler
Rx rate: 288080   TxExt rate: 285864   TxInt rate: 285864
While executing 'Script@11 :: Script':
  no 'from_device.reset' write handler
Rx rate: 290610   TxExt rate: 286613   TxInt rate: 286613
While executing 'Script@11 :: Script':
  no 'from_device.reset' write handler
Rx rate: 288470   TxExt rate: 286251   TxInt rate: 286251
While executing 'Script@11 :: Script':
  no 'from_device.reset' write handler
Rx rate: 290550   TxExt rate: 288315   TxInt rate: 288315
While executing 'Script@11 :: Script':
  no 'from_device.reset' write handler
Rx rate: 286910   TxExt rate: 284703   TxInt rate: 284703
While executing 'Script@11 :: Script':
  no 'from_device.reset' write handler
Rx rate: 289120   TxExt rate: 286896   TxInt rate: 286896
While executing 'Script@11 :: Script':
  no 'from_device.reset' write handler
Rx rate: 289380   TxExt rate: 287154   TxInt rate: 287154
While executing 'Script@11 :: Script':
  no 'from_device.reset' write handler
Rx rate: 288146   TxExt rate: 285928   TxInt rate: 285928
While executing 'Script@11 :: Script':
  no 'from_device.reset' write handler
Rx rate: 290706   TxExt rate: 287213   TxInt rate: 287213
While executing 'Script@11 :: Script':
  no 'from_device.reset' write handler
Rx rate: 286065   TxExt rate: 283864   TxInt rate: 283864
While executing 'Script@11 :: Script':
  no 'from_device.reset' write handler
Rx rate: 290745   TxExt rate: 288509   TxInt rate: 288509
While executing 'Script@11 :: Script':
  no 'from_device.reset' write handler
Rx rate: 289921   TxExt rate: 286195   TxInt rate: 286195
While executing 'Script@11 :: Script':
  no 'from_device.reset' write handler
Rx rate: 289480.519481   TxExt rate: 287253.746254   TxInt rate: 287253.746254
While executing 'Script@11 :: Script':
  no 'from_device.reset' write handler
Rx rate: 288080   TxExt rate: 285864   TxInt rate: 285864
While executing 'Script@11 :: Script':
  no 'from_device.reset' write handler
Rx rate: 290550   TxExt rate: 288315   TxInt rate: 288315
While executing 'Script@11 :: Script':
  no 'from_device.reset' write handler
Rx rate: 290000   TxExt rate: 287769.230769   TxInt rate: 287769.230769
While executing 'Script@11 :: Script':
  no 'from_device.reset' write handler
Rx rate: 290940   TxExt rate: 288702   TxInt rate: 288702
While executing 'Script@11 :: Script':
  no 'from_device.reset' write handler
Rx rate: 289610.38961   TxExt rate: 287382.617383   TxInt rate: 287382.617383
While executing 'Script@11 :: Script':
  no 'from_device.reset' write handler
Rx rate: 291412   TxExt rate: 287903   TxInt rate: 287903
While executing 'Script@11 :: Script':
  no 'from_device.reset' write handler
Rx rate: 289640   TxExt rate: 287412   TxInt rate: 287412
While executing 'Script@11 :: Script':
  no 'from_device.reset' write handler
Rx rate: 290160   TxExt rate: 287928   TxInt rate: 287928
While executing 'Script@11 :: Script':
  no 'from_device.reset' write handler
Rx rate: 288571.428571   TxExt rate: 286351.648352   TxInt rate: 286351.648352
While executing 'Script@11 :: Script':
  no 'from_device.reset' write handler
Rx rate: 290011   TxExt rate: 286900   TxInt rate: 286900
While executing 'Script@11 :: Script':
  no 'from_device.reset' write handler
Rx rate: 290876   TxExt rate: 288637   TxInt rate: 288637
While executing 'Script@11 :: Script':
  no 'from_device.reset' write handler
Rx rate: 288990   TxExt rate: 286767   TxInt rate: 286767
While executing 'Script@11 :: Script':
  no 'from_device.reset' write handler
Rx rate: 287430   TxExt rate: 285219   TxInt rate: 285219
While executing 'Script@11 :: Script':
  no 'from_device.reset' write handler
AUTOTEST_DONE
