/tmp/linux.click:2: While initializing 'from :: FromDevice':
  warning: ens7: no IPv4 address assigned
Startup trace (nsec): main: 9212252333
Startup trace (nsec): init done: 9226124295
Rx rate: 0
While executing 'Script@4 :: Script':
  no 'from.reset' write handler
Rx rate: 877642.487047
While executing 'Script@4 :: Script':
  no 'from.reset' write handler
Rx rate: 745661
While executing 'Script@4 :: Script':
  no 'from.reset' write handler
Rx rate: 860313.686314
While executing 'Script@4 :: Script':
  no 'from.reset' write handler
Rx rate: 905852.442672
While executing 'Script@4 :: Script':
  no 'from.reset' write handler
Rx rate: 877129.87013
While executing 'Script@4 :: Script':
  no 'from.reset' write handler
Rx rate: 870049.9002
While executing 'Script@4 :: Script':
  no 'from.reset' write handler
Rx rate: 894621
While executing 'Script@4 :: Script':
  no 'from.reset' write handler
Rx rate: 870912
While executing 'Script@4 :: Script':
  no 'from.reset' write handler
Rx rate: 909214
While executing 'Script@4 :: Script':
  no 'from.reset' write handler
Rx rate: 912838.161838
While executing 'Script@4 :: Script':
  no 'from.reset' write handler
Rx rate: 885109.109109
While executing 'Script@4 :: Script':
  no 'from.reset' write handler
Rx rate: 904161
While executing 'Script@4 :: Script':
  no 'from.reset' write handler
Rx rate: 894585
While executing 'Script@4 :: Script':
  no 'from.reset' write handler
Rx rate: 886963.036963
While executing 'Script@4 :: Script':
  no 'from.reset' write handler
Rx rate: 871793
While executing 'Script@4 :: Script':
  no 'from.reset' write handler
Rx rate: 901452.547453
While executing 'Script@4 :: Script':
  no 'from.reset' write handler
Rx rate: 901545
While executing 'Script@4 :: Script':
  no 'from.reset' write handler
Rx rate: 867806
While executing 'Script@4 :: Script':
  no 'from.reset' write handler
Rx rate: 900541
While executing 'Script@4 :: Script':
  no 'from.reset' write handler
Rx rate: 894092.814371
While executing 'Script@4 :: Script':
  no 'from.reset' write handler
Rx rate: 845503
While executing 'Script@4 :: Script':
  no 'from.reset' write handler
Rx rate: 899246
While executing 'Script@4 :: Script':
  no 'from.reset' write handler
Rx rate: 889034.965035
While executing 'Script@4 :: Script':
  no 'from.reset' write handler
Rx rate: 846283
While executing 'Script@4 :: Script':
  no 'from.reset' write handler
Rx rate: 890328.671329
While executing 'Script@4 :: Script':
  no 'from.reset' write handler
Rx rate: 900023
While executing 'Script@4 :: Script':
  no 'from.reset' write handler
Rx rate: 795210.578842
While executing 'Script@4 :: Script':
  no 'from.reset' write handler
Rx rate: 888277
While executing 'Script@4 :: Script':
  no 'from.reset' write handler
Rx rate: 892771
While executing 'Script@4 :: Script':
  no 'from.reset' write handler
Rx rate: 882152
While executing 'Script@4 :: Script':
  no 'from.reset' write handler
Rx rate: 879042
While executing 'Script@4 :: Script':
  no 'from.reset' write handler
Rx rate: 890324.675325
While executing 'Script@4 :: Script':
  no 'from.reset' write handler
Rx rate: 886555
While executing 'Script@4 :: Script':
  no 'from.reset' write handler
Rx rate: 886685
While executing 'Script@4 :: Script':
  no 'from.reset' write handler
Rx rate: 881038.922156
While executing 'Script@4 :: Script':
  no 'from.reset' write handler
Rx rate: 889695.608782
While executing 'Script@4 :: Script':
  no 'from.reset' write handler
Rx rate: 886767
While executing 'Script@4 :: Script':
  no 'from.reset' write handler
Rx rate: 884424
While executing 'Script@4 :: Script':
  no 'from.reset' write handler
Rx rate: 885150.849151
While executing 'Script@4 :: Script':
  no 'from.reset' write handler
Rx rate: 890326.673327
While executing 'Script@4 :: Script':
  no 'from.reset' write handler
Rx rate: 888627
While executing 'Script@4 :: Script':
  no 'from.reset' write handler
Rx rate: 886557
While executing 'Script@4 :: Script':
  no 'from.reset' write handler
Rx rate: 886187.812188
While executing 'Script@4 :: Script':
  no 'from.reset' write handler
Rx rate: 889923
While executing 'Script@4 :: Script':
  no 'from.reset' write handler
Rx rate: 887279
While executing 'Script@4 :: Script':
  no 'from.reset' write handler
Rx rate: 900801
While executing 'Script@4 :: Script':
  no 'from.reset' write handler
Rx rate: 885728
While executing 'Script@4 :: Script':
  no 'from.reset' write handler
Rx rate: 884693
While executing 'Script@4 :: Script':
  no 'from.reset' write handler
Rx rate: 886038
While executing 'Script@4 :: Script':
  no 'from.reset' write handler
Rx rate: 890182
While executing 'Script@4 :: Script':
  no 'from.reset' write handler
Rx rate: 896399
While executing 'Script@4 :: Script':
  no 'from.reset' write handler
Rx rate: 880393.213573
While executing 'Script@4 :: Script':
  no 'from.reset' write handler
Rx rate: 887461
While executing 'Script@4 :: Script':
  no 'from.reset' write handler
Rx rate: 887980
While executing 'Script@4 :: Script':
  no 'from.reset' write handler
Rx rate: 883363
While executing 'Script@4 :: Script':
  no 'from.reset' write handler
Rx rate: 881895
While executing 'Script@4 :: Script':
  no 'from.reset' write handler
Rx rate: 844549
While executing 'Script@4 :: Script':
  no 'from.reset' write handler
Rx rate: 892888
While executing 'Script@4 :: Script':
  no 'from.reset' write handler
Rx rate: 898478.521479
While executing 'Script@4 :: Script':
  no 'from.reset' write handler
Rx rate: 892382
While executing 'Script@4 :: Script':
  no 'from.reset' write handler
Rx rate: 894195
While executing 'Script@4 :: Script':
  no 'from.reset' write handler
Rx rate: 892124
While executing 'Script@4 :: Script':
  no 'from.reset' write handler
Rx rate: 900798
While executing 'Script@4 :: Script':
  no 'from.reset' write handler
Rx rate: 899247
While executing 'Script@4 :: Script':
  no 'from.reset' write handler
Rx rate: 891169
While executing 'Script@4 :: Script':
  no 'from.reset' write handler
Rx rate: 890442
While executing 'Script@4 :: Script':
  no 'from.reset' write handler
Rx rate: 886649.350649
While executing 'Script@4 :: Script':
  no 'from.reset' write handler
Rx rate: 888956
While executing 'Script@4 :: Script':
  no 'from.reset' write handler
Rx rate: 892773
While executing 'Script@4 :: Script':
  no 'from.reset' write handler
Rx rate: 891348
While executing 'Script@4 :: Script':
  no 'from.reset' write handler
Rx rate: 884355
While executing 'Script@4 :: Script':
  no 'from.reset' write handler
Rx rate: 889551.448551
While executing 'Script@4 :: Script':
  no 'from.reset' write handler
AUTOTEST_DONE
