Startup trace (nsec): main: 85707341629
Startup trace (nsec): init done: 85711169437
Rx rate: 0
While executing 'Script@8 :: Script':
  no 'from.reset' write handler
Rx rate: 882270.967742
While executing 'Script@8 :: Script':
  no 'from.reset' write handler
Rx rate: 893120.879121
While executing 'Script@8 :: Script':
  no 'from.reset' write handler
Rx rate: 895148.406375
While executing 'Script@8 :: Script':
  no 'from.reset' write handler
Rx rate: 877959
While executing 'Script@8 :: Script':
  no 'from.reset' write handler
Rx rate: 890360.917248
While executing 'Script@8 :: Script':
  no 'from.reset' write handler
Rx rate: 886298
While executing 'Script@8 :: Script':
  no 'from.reset' write handler
Rx rate: 876933.200399
While executing 'Script@8 :: Script':
  no 'from.reset' write handler
Rx rate: 889941.058941
While executing 'Script@8 :: Script':
  no 'from.reset' write handler
Rx rate: 888239
While executing 'Script@8 :: Script':
  no 'from.reset' write handler
Rx rate: 884766.233766
While executing 'Script@8 :: Script':
  no 'from.reset' write handler
Rx rate: 850690.30969
While executing 'Script@8 :: Script':
  no 'from.reset' write handler
Rx rate: 890032.967033
While executing 'Script@8 :: Script':
  no 'from.reset' write handler
Rx rate: 893419
While executing 'Script@8 :: Script':
  no 'from.reset' write handler
Rx rate: 880075
While executing 'Script@8 :: Script':
  no 'from.reset' write handler
Rx rate: 891996
While executing 'Script@8 :: Script':
  no 'from.reset' write handler
Rx rate: 881064.805583
While executing 'Script@8 :: Script':
  no 'from.reset' write handler
Rx rate: 890166.166166
While executing 'Script@8 :: Script':
  no 'from.reset' write handler
Rx rate: 891103.896104
While executing 'Script@8 :: Script':
  no 'from.reset' write handler
Rx rate: 888111
While executing 'Script@8 :: Script':
  no 'from.reset' write handler
Rx rate: 892771
While executing 'Script@8 :: Script':
  no 'from.reset' write handler
Rx rate: 886304
While executing 'Script@8 :: Script':
  no 'from.reset' write handler
Rx rate: 882424
While executing 'Script@8 :: Script':
  no 'from.reset' write handler
Rx rate: 889552.447552
While executing 'Script@8 :: Script':
  no 'from.reset' write handler
Rx rate: 894714
While executing 'Script@8 :: Script':
  no 'from.reset' write handler
Rx rate: 881666
While executing 'Script@8 :: Script':
  no 'from.reset' write handler
Rx rate: 880859
While executing 'Script@8 :: Script':
  no 'from.reset' write handler
Rx rate: 885521
While executing 'Script@8 :: Script':
  no 'from.reset' write handler
Rx rate: 891348
While executing 'Script@8 :: Script':
  no 'from.reset' write handler
Rx rate: 884097
While executing 'Script@8 :: Script':
  no 'from.reset' write handler
Rx rate: 886557
While executing 'Script@8 :: Script':
  no 'from.reset' write handler
Rx rate: 885933.066933
While executing 'Script@8 :: Script':
  no 'from.reset' write handler
Rx rate: 887798
While executing 'Script@8 :: Script':
  no 'from.reset' write handler
Rx rate: 884226
While executing 'Script@8 :: Script':
  no 'from.reset' write handler
Rx rate: 891622.377622
While executing 'Script@8 :: Script':
  no 'from.reset' write handler
Rx rate: 887253
While executing 'Script@8 :: Script':
  no 'from.reset' write handler
Rx rate: 886984.031936
While executing 'Script@8 :: Script':
  no 'from.reset' write handler
Rx rate: 890183
While executing 'Script@8 :: Script':
  no 'from.reset' write handler
Rx rate: 878943.056943
While executing 'Script@8 :: Script':
  no 'from.reset' write handler
Rx rate: 881765
While executing 'Script@8 :: Script':
  no 'from.reset' write handler
Rx rate: 887353.646354
While executing 'Script@8 :: Script':
  no 'from.reset' write handler
Rx rate: 842242
While executing 'Script@8 :: Script':
  no 'from.reset' write handler
Rx rate: 883655
While executing 'Script@8 :: Script':
  no 'from.reset' write handler
Rx rate: 880341
While executing 'Script@8 :: Script':
  no 'from.reset' write handler
Rx rate: 877132.867133
While executing 'Script@8 :: Script':
  no 'from.reset' write handler
Rx rate: 885078
While executing 'Script@8 :: Script':
  no 'from.reset' write handler
Rx rate: 872087.912088
While executing 'Script@8 :: Script':
  no 'from.reset' write handler
Rx rate: 887741.258741
While executing 'Script@8 :: Script':
  no 'from.reset' write handler
Rx rate: 884226
While executing 'Script@8 :: Script':
  no 'from.reset' write handler
Rx rate: 888111
While executing 'Script@8 :: Script':
  no 'from.reset' write handler
Rx rate: 896140
While executing 'Script@8 :: Script':
  no 'from.reset' write handler
Rx rate: 886020
While executing 'Script@8 :: Script':
  no 'from.reset' write handler
Rx rate: 884183.816184
While executing 'Script@8 :: Script':
  no 'from.reset' write handler
Rx rate: 891478
While executing 'Script@8 :: Script':
  no 'from.reset' write handler
Rx rate: 886557
While executing 'Script@8 :: Script':
  no 'from.reset' write handler
Rx rate: 885130.869131
While executing 'Script@8 :: Script':
  no 'from.reset' write handler
Rx rate: 885779
While executing 'Script@8 :: Script':
  no 'from.reset' write handler
Rx rate: 894585
While executing 'Script@8 :: Script':
  no 'from.reset' write handler
Rx rate: 888887
While executing 'Script@8 :: Script':
  no 'from.reset' write handler
Rx rate: 887075
While executing 'Script@8 :: Script':
  no 'from.reset' write handler
Rx rate: 887740.25974
While executing 'Script@8 :: Script':
  no 'from.reset' write handler
Rx rate: 888637
While executing 'Script@8 :: Script':
  no 'from.reset' write handler
Rx rate: 888472
While executing 'Script@8 :: Script':
  no 'from.reset' write handler
Rx rate: 889665
While executing 'Script@8 :: Script':
  no 'from.reset' write handler
Rx rate: 885153.846154
While executing 'Script@8 :: Script':
  no 'from.reset' write handler
Rx rate: 884895.104895
While executing 'Script@8 :: Script':
  no 'from.reset' write handler
Rx rate: 882315
While executing 'Script@8 :: Script':
  no 'from.reset' write handler
Rx rate: 891478
While executing 'Script@8 :: Script':
  no 'from.reset' write handler
Rx rate: 876715
While executing 'Script@8 :: Script':
  no 'from.reset' write handler
Rx rate: 888888
While executing 'Script@8 :: Script':
  no 'from.reset' write handler
Rx rate: 888517.482517
While executing 'Script@8 :: Script':
  no 'from.reset' write handler
Rx rate: 884677
While executing 'Script@8 :: Script':
  no 'from.reset' write handler
Rx rate: 848174
While executing 'Script@8 :: Script':
  no 'from.reset' write handler
AUTOTEST_DONE
