Startup trace (nsec): main: 84512774159
Startup trace (nsec): init done: 84515174841
Rx rate: 11342.2818792   TxExt rate: 11331.0810811   TxInt rate: 11331.0810811
While executing 'Script@11 :: Script':
  no 'from_device.reset' write handler
SimpleQueue@7 :: SimpleQueue: overflow
Rx rate: 12274.034142   TxExt rate: 11513.9263252   TxInt rate: 11513.9263252
While executing 'Script@11 :: Script':
  no 'from_device.reset' write handler
Rx rate: 12477.8846154   TxExt rate: 11669.2307692   TxInt rate: 11669.2307692
While executing 'Script@11 :: Script':
  no 'from_device.reset' write handler
Rx rate: 11685.3932584   TxExt rate: 11595.505618   TxInt rate: 11595.505618
While executing 'Script@11 :: Script':
  no 'from_device.reset' write handler
Rx rate: 11627.0218839   TxExt rate: 11537.583254   TxInt rate: 11537.583254
While executing 'Script@11 :: Script':
  no 'from_device.reset' write handler
Rx rate: 11449.4706449   TxExt rate: 11359.9615014   TxInt rate: 11359.9615014
While executing 'Script@11 :: Script':
  no 'from_device.reset' write handler
Rx rate: 11546.9061876   TxExt rate: 11458.0838323   TxInt rate: 11458.0838323
While executing 'Script@11 :: Script':
  no 'from_device.reset' write handler
Rx rate: 11668.2926829   TxExt rate: 11578.5365854   TxInt rate: 11578.5365854
While executing 'Script@11 :: Script':
  no 'from_device.reset' write handler
Rx rate: 11764.5895153   TxExt rate: 11675.5687438   TxInt rate: 11675.5687438
While executing 'Script@11 :: Script':
  no 'from_device.reset' write handler
Rx rate: 13205.91133   TxExt rate: 11643.3497537   TxInt rate: 11643.3497537
While executing 'Script@11 :: Script':
  no 'from_device.reset' write handler
Rx rate: 11038.961039   TxExt rate: 10954.045954   TxInt rate: 10954.045954
While executing 'Script@11 :: Script':
  no 'from_device.reset' write handler
Rx rate: 12477.1371769   TxExt rate: 11642.1471173   TxInt rate: 11642.1471173
While executing 'Script@11 :: Script':
  no 'from_device.reset' write handler
Rx rate: 12606.1814556   TxExt rate: 11768.6939182   TxInt rate: 11768.6939182
While executing 'Script@11 :: Script':
  no 'from_device.reset' write handler
Rx rate: 11599.2023928   TxExt rate: 11511.4656032   TxInt rate: 11511.4656032
While executing 'Script@11 :: Script':
  no 'from_device.reset' write handler
Rx rate: 11417.1656687   TxExt rate: 11329.3413174   TxInt rate: 11329.3413174
While executing 'Script@11 :: Script':
  no 'from_device.reset' write handler
Rx rate: 11523.9043825   TxExt rate: 11435.2589641   TxInt rate: 11435.2589641
While executing 'Script@11 :: Script':
  no 'from_device.reset' write handler
Rx rate: 11276.1714855   TxExt rate: 11189.4317049   TxInt rate: 11189.4317049
While executing 'Script@11 :: Script':
  no 'from_device.reset' write handler
Rx rate: 11414.6825397   TxExt rate: 11325.3968254   TxInt rate: 11325.3968254
While executing 'Script@11 :: Script':
  no 'from_device.reset' write handler
Rx rate: 11405.782652   TxExt rate: 11318.0458624   TxInt rate: 11318.0458624
While executing 'Script@11 :: Script':
  no 'from_device.reset' write handler
Rx rate: 13487.5621891   TxExt rate: 11908.4577114   TxInt rate: 11908.4577114
While executing 'Script@11 :: Script':
  no 'from_device.reset' write handler
Rx rate: 11730.8075773   TxExt rate: 11639.0827517   TxInt rate: 11639.0827517
While executing 'Script@11 :: Script':
  no 'from_device.reset' write handler
Rx rate: 12618.762475   TxExt rate: 11782.4351297   TxInt rate: 11782.4351297
While executing 'Script@11 :: Script':
  no 'from_device.reset' write handler
Rx rate: 12565.8682635   TxExt rate: 11728.5429142   TxInt rate: 11728.5429142
While executing 'Script@11 :: Script':
  no 'from_device.reset' write handler
Rx rate: 11742.5149701   TxExt rate: 11650.6986028   TxInt rate: 11650.6986028
While executing 'Script@11 :: Script':
  no 'from_device.reset' write handler
Rx rate: 11481.0379242   TxExt rate: 11394.2115768   TxInt rate: 11394.2115768
While executing 'Script@11 :: Script':
  no 'from_device.reset' write handler
Rx rate: 11581.5815816   TxExt rate: 11492.4924925   TxInt rate: 11492.4924925
While executing 'Script@11 :: Script':
  no 'from_device.reset' write handler
Rx rate: 11428.5714286   TxExt rate: 11340.6593407   TxInt rate: 11340.6593407
While executing 'Script@11 :: Script':
  no 'from_device.reset' write handler
Rx rate: 11612.7744511   TxExt rate: 11521.9560878   TxInt rate: 11521.9560878
While executing 'Script@11 :: Script':
  no 'from_device.reset' write handler
Rx rate: 11553.1281033   TxExt rate: 11465.7398213   TxInt rate: 11465.7398213
While executing 'Script@11 :: Script':
  no 'from_device.reset' write handler
Rx rate: 11523.9043825   TxExt rate: 11435.2589641   TxInt rate: 11435.2589641
While executing 'Script@11 :: Script':
  no 'from_device.reset' write handler
Rx rate: 13333.9960239   TxExt rate: 11756.4612326   TxInt rate: 11756.4612326
While executing 'Script@11 :: Script':
  no 'from_device.reset' write handler
Rx rate: 12544.7316103   TxExt rate: 11712.7236581   TxInt rate: 11712.7236581
While executing 'Script@11 :: Script':
  no 'from_device.reset' write handler
Rx rate: 12734.063745   TxExt rate: 11894.4223108   TxInt rate: 11894.4223108
While executing 'Script@11 :: Script':
  no 'from_device.reset' write handler
Rx rate: 11688.3116883   TxExt rate: 11598.4015984   TxInt rate: 11598.4015984
While executing 'Script@11 :: Script':
  no 'from_device.reset' write handler
Rx rate: 11587.6494024   TxExt rate: 11500   TxInt rate: 11500
While executing 'Script@11 :: Script':
  no 'from_device.reset' write handler
Rx rate: 11601.1964108   TxExt rate: 11510.4685942   TxInt rate: 11510.4685942
While executing 'Script@11 :: Script':
  no 'from_device.reset' write handler
Rx rate: 11622.3776224   TxExt rate: 11534.4655345   TxInt rate: 11534.4655345
While executing 'Script@11 :: Script':
  no 'from_device.reset' write handler
Rx rate: 11665.004985   TxExt rate: 11575.2741775   TxInt rate: 11575.2741775
While executing 'Script@11 :: Script':
  no 'from_device.reset' write handler
Rx rate: 11512.4378109   TxExt rate: 11423.880597   TxInt rate: 11423.880597
While executing 'Script@11 :: Script':
  no 'from_device.reset' write handler
Rx rate: 11612.7744511   TxExt rate: 11521.9560878   TxInt rate: 11521.9560878
While executing 'Script@11 :: Script':
  no 'from_device.reset' write handler
Rx rate: 12076.9230769   TxExt rate: 11243.7562438   TxInt rate: 11243.7562438
While executing 'Script@11 :: Script':
  no 'from_device.reset' write handler
Rx rate: 12666   TxExt rate: 11826   TxInt rate: 11826
While executing 'Script@11 :: Script':
  no 'from_device.reset' write handler
Rx rate: 12638.7225549   TxExt rate: 11802.3952096   TxInt rate: 11802.3952096
While executing 'Script@11 :: Script':
  no 'from_device.reset' write handler
Rx rate: 11483.0339321   TxExt rate: 11393.2135729   TxInt rate: 11393.2135729
While executing 'Script@11 :: Script':
  no 'from_device.reset' write handler
Rx rate: 11458.1673307   TxExt rate: 11371.5139442   TxInt rate: 11371.5139442
While executing 'Script@11 :: Script':
  no 'from_device.reset' write handler
Rx rate: 11417.1656687   TxExt rate: 11329.3413174   TxInt rate: 11329.3413174
While executing 'Script@11 :: Script':
  no 'from_device.reset' write handler
Rx rate: 11641.7910448   TxExt rate: 11552.238806   TxInt rate: 11552.238806
While executing 'Script@11 :: Script':
  no 'from_device.reset' write handler
Rx rate: 11426.0178749   TxExt rate: 11336.6434955   TxInt rate: 11336.6434955
While executing 'Script@11 :: Script':
  no 'from_device.reset' write handler
Rx rate: 11440   TxExt rate: 11352   TxInt rate: 11352
While executing 'Script@11 :: Script':
  no 'from_device.reset' write handler
Rx rate: 11360.4766634   TxExt rate: 11273.0883813   TxInt rate: 11273.0883813
While executing 'Script@11 :: Script':
  no 'from_device.reset' write handler
Rx rate: 13470   TxExt rate: 11882   TxInt rate: 11882
While executing 'Script@11 :: Script':
  no 'from_device.reset' write handler
Rx rate: 12404.5954046   TxExt rate: 11568.4315684   TxInt rate: 11568.4315684
While executing 'Script@11 :: Script':
  no 'from_device.reset' write handler
Rx rate: 12429.5634921   TxExt rate: 11597.2222222   TxInt rate: 11597.2222222
While executing 'Script@11 :: Script':
  no 'from_device.reset' write handler
Rx rate: 11599.2023928   TxExt rate: 11511.4656032   TxInt rate: 11511.4656032
While executing 'Script@11 :: Script':
  no 'from_device.reset' write handler
Rx rate: 11364.6353646   TxExt rate: 11287   TxInt rate: 11287
While executing 'Script@11 :: Script':
  no 'from_device.reset' write handler
Rx rate: 11541.6666667   TxExt rate: 11454.3650794   TxInt rate: 11454.3650794
While executing 'Script@11 :: Script':
  no 'from_device.reset' write handler
Rx rate: 11601.1964108   TxExt rate: 11510.4685942   TxInt rate: 11510.4685942
While executing 'Script@11 :: Script':
  no 'from_device.reset' write handler
Rx rate: 11417.1656687   TxExt rate: 11329.3413174   TxInt rate: 11329.3413174
While executing 'Script@11 :: Script':
  no 'from_device.reset' write handler
Rx rate: 11523.9043825   TxExt rate: 11423.880597   TxInt rate: 11423.880597
While executing 'Script@11 :: Script':
  no 'from_device.reset' write handler
Rx rate: 11610.7784431   TxExt rate: 11522.9540918   TxInt rate: 11522.9540918
While executing 'Script@11 :: Script':
  no 'from_device.reset' write handler
Rx rate: 12289.7102897   TxExt rate: 11454.5454545   TxInt rate: 11454.5454545
While executing 'Script@11 :: Script':
  no 'from_device.reset' write handler
Rx rate: 12545.4545455   TxExt rate: 11708.2917083   TxInt rate: 11708.2917083
While executing 'Script@11 :: Script':
  no 'from_device.reset' write handler
Rx rate: 12442.671984   TxExt rate: 11606.1814556   TxInt rate: 11606.1814556
While executing 'Script@11 :: Script':
  no 'from_device.reset' write handler
Rx rate: 11535.3938185   TxExt rate: 11446.6600199   TxInt rate: 11446.6600199
While executing 'Script@11 :: Script':
  no 'from_device.reset' write handler
Rx rate: 11618.6693148   TxExt rate: 11529.2949355   TxInt rate: 11529.2949355
While executing 'Script@11 :: Script':
  no 'from_device.reset' write handler
Rx rate: 11612.7744511   TxExt rate: 11521.9560878   TxInt rate: 11521.9560878
While executing 'Script@11 :: Script':
  no 'from_device.reset' write handler
Rx rate: 11541.6666667   TxExt rate: 11454.3650794   TxInt rate: 11454.3650794
While executing 'Script@11 :: Script':
  no 'from_device.reset' write handler
Rx rate: 11535.3938185   TxExt rate: 11446.6600199   TxInt rate: 11446.6600199
While executing 'Script@11 :: Script':
  no 'from_device.reset' write handler
Rx rate: 11451.4514515   TxExt rate: 11363.3633634   TxInt rate: 11363.3633634
While executing 'Script@11 :: Script':
  no 'from_device.reset' write handler
Rx rate: 11483.0339321   TxExt rate: 11393.2135729   TxInt rate: 11393.2135729
While executing 'Script@11 :: Script':
  no 'from_device.reset' write handler
Rx rate: 11901.1976048   TxExt rate: 11070.8582834   TxInt rate: 11070.8582834
While executing 'Script@11 :: Script':
  no 'from_device.reset' write handler
Rx rate: 13861.1825193   TxExt rate: 13127.2493573   TxInt rate: 13127.2493573
While executing 'Script@11 :: Script':
  no 'from_device.reset' write handler
AUTOTEST_DONE
