/tmp/linux.click:2: While initializing 'from :: FromDevice':
  warning: ens7: no IPv4 address assigned
Startup trace (nsec): main: 8005089945
Startup trace (nsec): init done: 8015092589
Rx rate: 0
While executing 'Script@8 :: Script':
  no 'from.reset' write handler
Rx rate: 904139.393939
While executing 'Script@8 :: Script':
  no 'from.reset' write handler
Rx rate: 686827.517448
While executing 'Script@8 :: Script':
  no 'from.reset' write handler
Rx rate: 821328.343313
While executing 'Script@8 :: Script':
  no 'from.reset' write handler
Rx rate: 864021.934197
While executing 'Script@8 :: Script':
  no 'from.reset' write handler
Rx rate: 870923.076923
While executing 'Script@8 :: Script':
  no 'from.reset' write handler
Rx rate: 846930
While executing 'Script@8 :: Script':
  no 'from.reset' write handler
Rx rate: 868815
While executing 'Script@8 :: Script':
  no 'from.reset' write handler
Rx rate: 838152.847153
While executing 'Script@8 :: Script':
  no 'from.reset' write handler
Rx rate: 832904.191617
While executing 'Script@8 :: Script':
  no 'from.reset' write handler
Rx rate: 865216.566866
While executing 'Script@8 :: Script':
  no 'from.reset' write handler
Rx rate: 865925.925926
While executing 'Script@8 :: Script':
  no 'from.reset' write handler
Rx rate: 835943.056943
While executing 'Script@8 :: Script':
  no 'from.reset' write handler
Rx rate: 867521
While executing 'Script@8 :: Script':
  no 'from.reset' write handler
Rx rate: 858503.496503
While executing 'Script@8 :: Script':
  no 'from.reset' write handler
Rx rate: 871662
While executing 'Script@8 :: Script':
  no 'from.reset' write handler
Rx rate: 851591
While executing 'Script@8 :: Script':
  no 'from.reset' write handler
Rx rate: 865319
While executing 'Script@8 :: Script':
  no 'from.reset' write handler
Rx rate: 871102.897103
While executing 'Script@8 :: Script':
  no 'from.reset' write handler
Rx rate: 831189
While executing 'Script@8 :: Script':
  no 'from.reset' write handler
Rx rate: 859623.376623
While executing 'Script@8 :: Script':
  no 'from.reset' write handler
Rx rate: 868686
While executing 'Script@8 :: Script':
  no 'from.reset' write handler
Rx rate: 808385
While executing 'Script@8 :: Script':
  no 'from.reset' write handler
Rx rate: 850666.666667
While executing 'Script@8 :: Script':
  no 'from.reset' write handler
Rx rate: 866006.993007
While executing 'Script@8 :: Script':
  no 'from.reset' write handler
Rx rate: 801321.678322
While executing 'Script@8 :: Script':
  no 'from.reset' write handler
Rx rate: 862599
While executing 'Script@8 :: Script':
  no 'from.reset' write handler
Rx rate: 836051
While executing 'Script@8 :: Script':
  no 'from.reset' write handler
Rx rate: 818142.857143
While executing 'Script@8 :: Script':
  no 'from.reset' write handler
Rx rate: 830502
While executing 'Script@8 :: Script':
  no 'from.reset' write handler
Rx rate: 852748
While executing 'Script@8 :: Script':
  no 'from.reset' write handler
Rx rate: 856603.792415
While executing 'Script@8 :: Script':
  no 'from.reset' write handler
Rx rate: 852188.811189
While executing 'Script@8 :: Script':
  no 'from.reset' write handler
Rx rate: 857544
While executing 'Script@8 :: Script':
  no 'from.reset' write handler
Rx rate: 857538
While executing 'Script@8 :: Script':
  no 'from.reset' write handler
Rx rate: 861560
While executing 'Script@8 :: Script':
  no 'from.reset' write handler
Rx rate: 858447
While executing 'Script@8 :: Script':
  no 'from.reset' write handler
Rx rate: 860135
While executing 'Script@8 :: Script':
  no 'from.reset' write handler
Rx rate: 853298
While executing 'Script@8 :: Script':
  no 'from.reset' write handler
Rx rate: 856250
While executing 'Script@8 :: Script':
  no 'from.reset' write handler
Rx rate: 860123
While executing 'Script@8 :: Script':
  no 'from.reset' write handler
Rx rate: 865060
While executing 'Script@8 :: Script':
  no 'from.reset' write handler
Rx rate: 854363.636364
While executing 'Script@8 :: Script':
  no 'from.reset' write handler
Rx rate: 864549
While executing 'Script@8 :: Script':
  no 'from.reset' write handler
Rx rate: 865190
While executing 'Script@8 :: Script':
  no 'from.reset' write handler
Rx rate: 861951
While executing 'Script@8 :: Script':
  no 'from.reset' write handler
Rx rate: 868945
While executing 'Script@8 :: Script':
  no 'from.reset' write handler
Rx rate: 864454.545455
While executing 'Script@8 :: Script':
  no 'from.reset' write handler
Rx rate: 861910
While executing 'Script@8 :: Script':
  no 'from.reset' write handler
Rx rate: 847752
While executing 'Script@8 :: Script':
  no 'from.reset' write handler
Rx rate: 856393
While executing 'Script@8 :: Script':
  no 'from.reset' write handler
Rx rate: 864154
While executing 'Script@8 :: Script':
  no 'from.reset' write handler
Rx rate: 857805
While executing 'Script@8 :: Script':
  no 'from.reset' write handler
Rx rate: 857723
While executing 'Script@8 :: Script':
  no 'from.reset' write handler
Rx rate: 857204.795205
While executing 'Script@8 :: Script':
  no 'from.reset' write handler
Rx rate: 858583
While executing 'Script@8 :: Script':
  no 'from.reset' write handler
Rx rate: 850809
While executing 'Script@8 :: Script':
  no 'from.reset' write handler
Rx rate: 824135
While executing 'Script@8 :: Script':
  no 'from.reset' write handler
Rx rate: 852550.44955
While executing 'Script@8 :: Script':
  no 'from.reset' write handler
Rx rate: 848638
While executing 'Script@8 :: Script':
  no 'from.reset' write handler
Rx rate: 847253.493014
While executing 'Script@8 :: Script':
  no 'from.reset' write handler
Rx rate: 854434
While executing 'Script@8 :: Script':
  no 'from.reset' write handler
Rx rate: 859195.608782
While executing 'Script@8 :: Script':
  no 'from.reset' write handler
Rx rate: 849454
While executing 'Script@8 :: Script':
  no 'from.reset' write handler
Rx rate: 850292
While executing 'Script@8 :: Script':
  no 'from.reset' write handler
Rx rate: 846853.146853
While executing 'Script@8 :: Script':
  no 'from.reset' write handler
Rx rate: 853399
While executing 'Script@8 :: Script':
  no 'from.reset' write handler
Rx rate: 867909
While executing 'Script@8 :: Script':
  no 'from.reset' write handler
Rx rate: 863159.84016
While executing 'Script@8 :: Script':
  no 'from.reset' write handler
Rx rate: 862119
While executing 'Script@8 :: Script':
  no 'from.reset' write handler
Rx rate: 858666
While executing 'Script@8 :: Script':
  no 'from.reset' write handler
Rx rate: 859618
While executing 'Script@8 :: Script':
  no 'from.reset' write handler
Rx rate: 862121.878122
While executing 'Script@8 :: Script':
  no 'from.reset' write handler
AUTOTEST_DONE
