/tmp/linux.click:2: While initializing 'from :: FromDevice':
  warning: ens7: no IPv4 address assigned
Startup trace (nsec): main: 9343673626
Startup trace (nsec): init done: 9352048817
Rx rate: 0
While executing 'Script@5 :: Script':
  no 'from.reset' write handler
Rx rate: 130335.483871
While executing 'Script@5 :: Script':
  no 'from.reset' write handler
Rx rate: 121374.509804
While executing 'Script@5 :: Script':
  no 'from.reset' write handler
Rx rate: 131563.74502
While executing 'Script@5 :: Script':
  no 'from.reset' write handler
Rx rate: 131668.965517
While executing 'Script@5 :: Script':
  no 'from.reset' write handler
Rx rate: 128212.723658
While executing 'Script@5 :: Script':
  no 'from.reset' write handler
Rx rate: 131694.915254
While executing 'Script@5 :: Script':
  no 'from.reset' write handler
Rx rate: 126799.404171
While executing 'Script@5 :: Script':
  no 'from.reset' write handler
Rx rate: 127432.135729
While executing 'Script@5 :: Script':
  no 'from.reset' write handler
Rx rate: 130792.41517
While executing 'Script@5 :: Script':
  no 'from.reset' write handler
Rx rate: 131180.638723
While executing 'Script@5 :: Script':
  no 'from.reset' write handler
Rx rate: 126912.087912
While executing 'Script@5 :: Script':
  no 'from.reset' write handler
Rx rate: 130666
While executing 'Script@5 :: Script':
  no 'from.reset' write handler
Rx rate: 130664.335664
While executing 'Script@5 :: Script':
  no 'from.reset' write handler
Rx rate: 127170.829171
While executing 'Script@5 :: Script':
  no 'from.reset' write handler
Rx rate: 130794.205794
While executing 'Script@5 :: Script':
  no 'from.reset' write handler
Rx rate: 130795
While executing 'Script@5 :: Script':
  no 'from.reset' write handler
Rx rate: 127039
While executing 'Script@5 :: Script':
  no 'from.reset' write handler
Rx rate: 130925
While executing 'Script@5 :: Script':
  no 'from.reset' write handler
Rx rate: 131054
While executing 'Script@5 :: Script':
  no 'from.reset' write handler
Rx rate: 130534.465534
While executing 'Script@5 :: Script':
  no 'from.reset' write handler
Rx rate: 125227
While executing 'Script@5 :: Script':
  no 'from.reset' write handler
Rx rate: 130795
While executing 'Script@5 :: Script':
  no 'from.reset' write handler
Rx rate: 130795
While executing 'Script@5 :: Script':
  no 'from.reset' write handler
Rx rate: 124972.027972
While executing 'Script@5 :: Script':
  no 'from.reset' write handler
Rx rate: 130795
While executing 'Script@5 :: Script':
  no 'from.reset' write handler
Rx rate: 130923.076923
While executing 'Script@5 :: Script':
  no 'from.reset' write handler
Rx rate: 124972.027972
While executing 'Script@5 :: Script':
  no 'from.reset' write handler
Rx rate: 130018
While executing 'Script@5 :: Script':
  no 'from.reset' write handler
Rx rate: 129629
While executing 'Script@5 :: Script':
  no 'from.reset' write handler
Rx rate: 129629.370629
While executing 'Script@5 :: Script':
  no 'from.reset' write handler
Rx rate: 129630
While executing 'Script@5 :: Script':
  no 'from.reset' write handler
Rx rate: 129888
While executing 'Script@5 :: Script':
  no 'from.reset' write handler
Rx rate: 129759.240759
While executing 'Script@5 :: Script':
  no 'from.reset' write handler
Rx rate: 129888
While executing 'Script@5 :: Script':
  no 'from.reset' write handler
Rx rate: 129629.370629
While executing 'Script@5 :: Script':
  no 'from.reset' write handler
Rx rate: 129889
While executing 'Script@5 :: Script':
  no 'from.reset' write handler
Rx rate: 129759
While executing 'Script@5 :: Script':
  no 'from.reset' write handler
Rx rate: 129888
While executing 'Script@5 :: Script':
  no 'from.reset' write handler
Rx rate: 129630
While executing 'Script@5 :: Script':
  no 'from.reset' write handler
Rx rate: 129629.370629
While executing 'Script@5 :: Script':
  no 'from.reset' write handler
Rx rate: 129888.111888
While executing 'Script@5 :: Script':
  no 'from.reset' write handler
Rx rate: 129888.111888
While executing 'Script@5 :: Script':
  no 'from.reset' write handler
Rx rate: 129759
While executing 'Script@5 :: Script':
  no 'from.reset' write handler
Rx rate: 129240.759241
While executing 'Script@5 :: Script':
  no 'from.reset' write handler
Rx rate: 129759.240759
While executing 'Script@5 :: Script':
  no 'from.reset' write handler
Rx rate: 129758.241758
While executing 'Script@5 :: Script':
  no 'from.reset' write handler
Rx rate: 129759.240759
While executing 'Script@5 :: Script':
  no 'from.reset' write handler
Rx rate: 129888
While executing 'Script@5 :: Script':
  no 'from.reset' write handler
Rx rate: 129629.370629
While executing 'Script@5 :: Script':
  no 'from.reset' write handler
Rx rate: 129759.240759
While executing 'Script@5 :: Script':
  no 'from.reset' write handler
Rx rate: 129758.241758
While executing 'Script@5 :: Script':
  no 'from.reset' write handler
Rx rate: 129500.4995
While executing 'Script@5 :: Script':
  no 'from.reset' write handler
Rx rate: 129629.370629
While executing 'Script@5 :: Script':
  no 'from.reset' write handler
Rx rate: 129758.241758
While executing 'Script@5 :: Script':
  no 'from.reset' write handler
Rx rate: 129759
While executing 'Script@5 :: Script':
  no 'from.reset' write handler
Rx rate: 129500
While executing 'Script@5 :: Script':
  no 'from.reset' write handler
Rx rate: 129112
While executing 'Script@5 :: Script':
  no 'from.reset' write handler
Rx rate: 130406
While executing 'Script@5 :: Script':
  no 'from.reset' write handler
Rx rate: 130276.723277
While executing 'Script@5 :: Script':
  no 'from.reset' write handler
Rx rate: 130405.594406
While executing 'Script@5 :: Script':
  no 'from.reset' write handler
Rx rate: 130147
While executing 'Script@5 :: Script':
  no 'from.reset' write handler
Rx rate: 129759.240759
While executing 'Script@5 :: Script':
  no 'from.reset' write handler
Rx rate: 129758.241758
While executing 'Script@5 :: Script':
  no 'from.reset' write handler
Rx rate: 130405.594406
While executing 'Script@5 :: Script':
  no 'from.reset' write handler
Rx rate: 130277
While executing 'Script@5 :: Script':
  no 'from.reset' write handler
Rx rate: 130276.723277
While executing 'Script@5 :: Script':
  no 'from.reset' write handler
Rx rate: 130536
While executing 'Script@5 :: Script':
  no 'from.reset' write handler
Rx rate: 130405.594406
While executing 'Script@5 :: Script':
  no 'from.reset' write handler
Rx rate: 130275.724276
While executing 'Script@5 :: Script':
  no 'from.reset' write handler
Rx rate: 130405.594406
While executing 'Script@5 :: Script':
  no 'from.reset' write handler
Rx rate: 130148
While executing 'Script@5 :: Script':
  no 'from.reset' write handler
Rx rate: 130406
While executing 'Script@5 :: Script':
  no 'from.reset' write handler
AUTOTEST_DONE
