/tmp/linux.click:2: While initializing 'from_device :: FromDevice':
  warning: ens7: no IPv4 address assigned
Startup trace (nsec): main: 8030121241
Startup trace (nsec): init done: 8039129244
Rx rate: 12355.3719008   TxExt rate: 12260.3305785   TxInt rate: 12260.3305785
While executing 'Script@11 :: Script':
  no 'from_device.reset' write handler
Rx rate: 9729.10927456   TxExt rate: 9654.72910927   TxInt rate: 9654.72910927
While executing 'Script@11 :: Script':
  no 'from_device.reset' write handler
Rx rate: 11452.3809524   TxExt rate: 11363.8095238   TxInt rate: 11363.8095238
While executing 'Script@11 :: Script':
  no 'from_device.reset' write handler
SimpleQueue@7 :: SimpleQueue: overflow
Rx rate: 11763.6195753   TxExt rate: 11673.1301939   TxInt rate: 11673.1301939
While executing 'Script@11 :: Script':
  no 'from_device.reset' write handler
Rx rate: 11412.2137405   TxExt rate: 11324.4274809   TxInt rate: 11324.4274809
While executing 'Script@11 :: Script':
  no 'from_device.reset' write handler
Rx rate: 11315.2804642   TxExt rate: 11228.2398453   TxInt rate: 11228.2398453
While executing 'Script@11 :: Script':
  no 'from_device.reset' write handler
Rx rate: 11425.0248262   TxExt rate: 11337.6365442   TxInt rate: 11337.6365442
While executing 'Script@11 :: Script':
  no 'from_device.reset' write handler
Rx rate: 12622.6600985   TxExt rate: 11796.0591133   TxInt rate: 11796.0591133
While executing 'Script@11 :: Script':
  no 'from_device.reset' write handler
Rx rate: 12348.0392157   TxExt rate: 11525.4901961   TxInt rate: 11525.4901961
While executing 'Script@11 :: Script':
  no 'from_device.reset' write handler
Rx rate: 11865.0793651   TxExt rate: 11773.8095238   TxInt rate: 11773.8095238
While executing 'Script@11 :: Script':
  no 'from_device.reset' write handler
Rx rate: 12005.958292   TxExt rate: 11913.6047666   TxInt rate: 11913.6047666
While executing 'Script@11 :: Script':
  no 'from_device.reset' write handler
Rx rate: 11471.5852443   TxExt rate: 11381.8544367   TxInt rate: 11381.8544367
While executing 'Script@11 :: Script':
  no 'from_device.reset' write handler
Rx rate: 11693.8369781   TxExt rate: 11605.3677932   TxInt rate: 11605.3677932
While executing 'Script@11 :: Script':
  no 'from_device.reset' write handler
Rx rate: 11782.8685259   TxExt rate: 11692.2310757   TxInt rate: 11692.2310757
While executing 'Script@11 :: Script':
  no 'from_device.reset' write handler
Rx rate: 11500.9940358   TxExt rate: 11412.5248509   TxInt rate: 11412.5248509
While executing 'Script@11 :: Script':
  no 'from_device.reset' write handler
Rx rate: 11688.3116883   TxExt rate: 11598.4015984   TxInt rate: 11598.4015984
While executing 'Script@11 :: Script':
  no 'from_device.reset' write handler
Rx rate: 11653.3864542   TxExt rate: 11563.7450199   TxInt rate: 11563.7450199
While executing 'Script@11 :: Script':
  no 'from_device.reset' write handler
Rx rate: 12263.1578947   TxExt rate: 11430.9831182   TxInt rate: 11430.9831182
While executing 'Script@11 :: Script':
  no 'from_device.reset' write handler
Rx rate: 12753.9840637   TxExt rate: 11917.3306773   TxInt rate: 11917.3306773
While executing 'Script@11 :: Script':
  no 'from_device.reset' write handler
Rx rate: 11653.3864542   TxExt rate: 11563.7450199   TxInt rate: 11563.7450199
While executing 'Script@11 :: Script':
  no 'from_device.reset' write handler
Rx rate: 11688.3116883   TxExt rate: 11598.4015984   TxInt rate: 11598.4015984
While executing 'Script@11 :: Script':
  no 'from_device.reset' write handler
Rx rate: 11201.1952191   TxExt rate: 11113.5458167   TxInt rate: 11113.5458167
While executing 'Script@11 :: Script':
  no 'from_device.reset' write handler
Rx rate: 11570   TxExt rate: 11481   TxInt rate: 11481
While executing 'Script@11 :: Script':
  no 'from_device.reset' write handler
Rx rate: 11806.3872255   TxExt rate: 11715.5688623   TxInt rate: 11715.5688623
While executing 'Script@11 :: Script':
  no 'from_device.reset' write handler
Rx rate: 10984.0954274   TxExt rate: 10899.6023857   TxInt rate: 10899.6023857
While executing 'Script@11 :: Script':
  no 'from_device.reset' write handler
Rx rate: 11576.119403   TxExt rate: 11488.5572139   TxInt rate: 11488.5572139
While executing 'Script@11 :: Script':
  no 'from_device.reset' write handler
Rx rate: 11246   TxExt rate: 11158   TxInt rate: 11158
While executing 'Script@11 :: Script':
  no 'from_device.reset' write handler
Rx rate: 11941   TxExt rate: 11106   TxInt rate: 11106
While executing 'Script@11 :: Script':
  no 'from_device.reset' write handler
Rx rate: 12684.9451645   TxExt rate: 11850.448654   TxInt rate: 11850.448654
While executing 'Script@11 :: Script':
  no 'from_device.reset' write handler
Rx rate: 11676.6467066   TxExt rate: 11586.8263473   TxInt rate: 11586.8263473
While executing 'Script@11 :: Script':
  no 'from_device.reset' write handler
Rx rate: 11653.3864542   TxExt rate: 11563.7450199   TxInt rate: 11563.7450199
While executing 'Script@11 :: Script':
  no 'from_device.reset' write handler
Rx rate: 11884.1158841   TxExt rate: 11791.2087912   TxInt rate: 11791.2087912
While executing 'Script@11 :: Script':
  no 'from_device.reset' write handler
Rx rate: 11771.1442786   TxExt rate: 11680.5970149   TxInt rate: 11680.5970149
While executing 'Script@11 :: Script':
  no 'from_device.reset' write handler
Rx rate: 11799.6031746   TxExt rate: 11710.3174603   TxInt rate: 11710.3174603
While executing 'Script@11 :: Script':
  no 'from_device.reset' write handler
Rx rate: 11830   TxExt rate: 11739   TxInt rate: 11739
While executing 'Script@11 :: Script':
  no 'from_device.reset' write handler
Rx rate: 11794.6161515   TxExt rate: 11703.888335   TxInt rate: 11703.888335
While executing 'Script@11 :: Script':
  no 'from_device.reset' write handler
Rx rate: 11483.0339321   TxExt rate: 11393.2135729   TxInt rate: 11393.2135729
While executing 'Script@11 :: Script':
  no 'from_device.reset' write handler
Rx rate: 12690.3096903   TxExt rate: 11850.1498501   TxInt rate: 11850.1498501
While executing 'Script@11 :: Script':
  no 'from_device.reset' write handler
Rx rate: 12713.8584247   TxExt rate: 11876.3708873   TxInt rate: 11876.3708873
While executing 'Script@11 :: Script':
  no 'from_device.reset' write handler
Rx rate: 11858.4247258   TxExt rate: 11768.6939182   TxInt rate: 11768.6939182
While executing 'Script@11 :: Script':
  no 'from_device.reset' write handler
Rx rate: 11653.3864542   TxExt rate: 11563.7450199   TxInt rate: 11563.7450199
While executing 'Script@11 :: Script':
  no 'from_device.reset' write handler
Rx rate: 11742.5149701   TxExt rate: 11650.6986028   TxInt rate: 11650.6986028
While executing 'Script@11 :: Script':
  no 'from_device.reset' write handler
Rx rate: 11688.3116883   TxExt rate: 11598.4015984   TxInt rate: 11598.4015984
While executing 'Script@11 :: Script':
  no 'from_device.reset' write handler
Rx rate: 11634   TxExt rate: 11546   TxInt rate: 11546
While executing 'Script@11 :: Script':
  no 'from_device.reset' write handler
Rx rate: 11707.4626866   TxExt rate: 11615.920398   TxInt rate: 11615.920398
While executing 'Script@11 :: Script':
  no 'from_device.reset' write handler
Rx rate: 11504   TxExt rate: 11405.5944056   TxInt rate: 11405.5944056
While executing 'Script@11 :: Script':
  no 'from_device.reset' write handler
Rx rate: 11428.5714286   TxExt rate: 11340.6593407   TxInt rate: 11340.6593407
While executing 'Script@11 :: Script':
  no 'from_device.reset' write handler
Rx rate: 12646.3536464   TxExt rate: 11807.1928072   TxInt rate: 11807.1928072
While executing 'Script@11 :: Script':
  no 'from_device.reset' write handler
Rx rate: 12573.2801595   TxExt rate: 11760.2397602   TxInt rate: 11760.2397602
While executing 'Script@11 :: Script':
  no 'from_device.reset' write handler
Rx rate: 11653.3864542   TxExt rate: 11563.7450199   TxInt rate: 11563.7450199
While executing 'Script@11 :: Script':
  no 'from_device.reset' write handler
Rx rate: 11670.6349206   TxExt rate: 11582.3412698   TxInt rate: 11582.3412698
While executing 'Script@11 :: Script':
  no 'from_device.reset' write handler
Rx rate: 11601.1964108   TxExt rate: 11510.4685942   TxInt rate: 11510.4685942
While executing 'Script@11 :: Script':
  no 'from_device.reset' write handler
Rx rate: 11740.5189621   TxExt rate: 11651.6966068   TxInt rate: 11651.6966068
While executing 'Script@11 :: Script':
  no 'from_device.reset' write handler
Rx rate: 11570   TxExt rate: 11481   TxInt rate: 11481
While executing 'Script@11 :: Script':
  no 'from_device.reset' write handler
Rx rate: 11676.6467066   TxExt rate: 11586.8263473   TxInt rate: 11586.8263473
While executing 'Script@11 :: Script':
  no 'from_device.reset' write handler
Rx rate: 11676.6467066   TxExt rate: 11586.8263473   TxInt rate: 11586.8263473
While executing 'Script@11 :: Script':
  no 'from_device.reset' write handler
Rx rate: 11146.560319   TxExt rate: 11060.8175474   TxInt rate: 11060.8175474
While executing 'Script@11 :: Script':
  no 'from_device.reset' write handler
Rx rate: 12542.204568   TxExt rate: 11708.0436941   TxInt rate: 11708.0436941
While executing 'Script@11 :: Script':
  no 'from_device.reset' write handler
Rx rate: 12596.8063872   TxExt rate: 11758.4830339   TxInt rate: 11758.4830339
While executing 'Script@11 :: Script':
  no 'from_device.reset' write handler
Rx rate: 11610.7784431   TxExt rate: 11522.9540918   TxInt rate: 11522.9540918
While executing 'Script@11 :: Script':
  no 'from_device.reset' write handler
Rx rate: 11742.5149701   TxExt rate: 11650.6986028   TxInt rate: 11650.6986028
While executing 'Script@11 :: Script':
  no 'from_device.reset' write handler
Rx rate: 11535.3938185   TxExt rate: 11446.6600199   TxInt rate: 11446.6600199
While executing 'Script@11 :: Script':
  no 'from_device.reset' write handler
Rx rate: 11676.6467066   TxExt rate: 11586.8263473   TxInt rate: 11586.8263473
While executing 'Script@11 :: Script':
  no 'from_device.reset' write handler
Rx rate: 11630.2186879   TxExt rate: 11540.7554672   TxInt rate: 11540.7554672
While executing 'Script@11 :: Script':
  no 'from_device.reset' write handler
Rx rate: 11665.004985   TxExt rate: 11586.8263473   TxInt rate: 11586.8263473
While executing 'Script@11 :: Script':
  no 'from_device.reset' write handler
Rx rate: 13477.1825397   TxExt rate: 11911.6186693   TxInt rate: 11911.6186693
While executing 'Script@11 :: Script':
  no 'from_device.reset' write handler
Rx rate: 11653.3864542   TxExt rate: 11575.2741775   TxInt rate: 11575.2741775
While executing 'Script@11 :: Script':
  no 'from_device.reset' write handler
Rx rate: 12442.671984   TxExt rate: 11606.1814556   TxInt rate: 11606.1814556
While executing 'Script@11 :: Script':
  no 'from_device.reset' write handler
Rx rate: 12586.4135864   TxExt rate: 11749.2507493   TxInt rate: 11749.2507493
While executing 'Script@11 :: Script':
  no 'from_device.reset' write handler
Rx rate: 11806.3872255   TxExt rate: 11715.5688623   TxInt rate: 11715.5688623
While executing 'Script@11 :: Script':
  no 'from_device.reset' write handler
Rx rate: 11782.8685259   TxExt rate: 11692.2310757   TxInt rate: 11692.2310757
While executing 'Script@11 :: Script':
  no 'from_device.reset' write handler
Rx rate: 13014.2247511   TxExt rate: 13275.9601707   TxInt rate: 13275.9601707
While executing 'Script@11 :: Script':
  no 'from_device.reset' write handler
AUTOTEST_DONE
