Startup trace (nsec): main: 84472123972
Startup trace (nsec): init done: 84475172373
Rx rate: 0
While executing 'Script@5 :: Script':
  no 'from.reset' write handler
Rx rate: 432615.384615
While executing 'Script@5 :: Script':
  no 'from.reset' write handler
Rx rate: 426334.328358
While executing 'Script@5 :: Script':
  no 'from.reset' write handler
Rx rate: 429733.333333
While executing 'Script@5 :: Script':
  no 'from.reset' write handler
Rx rate: 422973.080758
While executing 'Script@5 :: Script':
  no 'from.reset' write handler
Rx rate: 427195.219124
While executing 'Script@5 :: Script':
  no 'from.reset' write handler
Rx rate: 426109.780439
While executing 'Script@5 :: Script':
  no 'from.reset' write handler
Rx rate: 427699.300699
While executing 'Script@5 :: Script':
  no 'from.reset' write handler
Rx rate: 430674.325674
While executing 'Script@5 :: Script':
  no 'from.reset' write handler
Rx rate: 429978.021978
While executing 'Script@5 :: Script':
  no 'from.reset' write handler
Rx rate: 430976
While executing 'Script@5 :: Script':
  no 'from.reset' write handler
Rx rate: 412927.145709
While executing 'Script@5 :: Script':
  no 'from.reset' write handler
Rx rate: 427426
While executing 'Script@5 :: Script':
  no 'from.reset' write handler
Rx rate: 424925.925926
While executing 'Script@5 :: Script':
  no 'from.reset' write handler
Rx rate: 424760
While executing 'Script@5 :: Script':
  no 'from.reset' write handler
Rx rate: 428904
While executing 'Script@5 :: Script':
  no 'from.reset' write handler
Rx rate: 430027.972028
While executing 'Script@5 :: Script':
  no 'from.reset' write handler
Rx rate: 431235
While executing 'Script@5 :: Script':
  no 'from.reset' write handler
Rx rate: 428516
While executing 'Script@5 :: Script':
  no 'from.reset' write handler
Rx rate: 428941.058941
While executing 'Script@5 :: Script':
  no 'from.reset' write handler
Rx rate: 433307
While executing 'Script@5 :: Script':
  no 'from.reset' write handler
Rx rate: 431235
While executing 'Script@5 :: Script':
  no 'from.reset' write handler
Rx rate: 433516
While executing 'Script@5 :: Script':
  no 'from.reset' write handler
Rx rate: 436803
While executing 'Script@5 :: Script':
  no 'from.reset' write handler
Rx rate: 430588
While executing 'Script@5 :: Script':
  no 'from.reset' write handler
Rx rate: 432400
While executing 'Script@5 :: Script':
  no 'from.reset' write handler
Rx rate: 432401
While executing 'Script@5 :: Script':
  no 'from.reset' write handler
Rx rate: 431580.41958
While executing 'Script@5 :: Script':
  no 'from.reset' write handler
Rx rate: 431580.41958
While executing 'Script@5 :: Script':
  no 'from.reset' write handler
Rx rate: 431436
While executing 'Script@5 :: Script':
  no 'from.reset' write handler
Rx rate: 431624
While executing 'Script@5 :: Script':
  no 'from.reset' write handler
Rx rate: 434602
While executing 'Script@5 :: Script':
  no 'from.reset' write handler
Rx rate: 433257
While executing 'Script@5 :: Script':
  no 'from.reset' write handler
Rx rate: 431753
While executing 'Script@5 :: Script':
  no 'from.reset' write handler
Rx rate: 426961
While executing 'Script@5 :: Script':
  no 'from.reset' write handler
Rx rate: 426444
While executing 'Script@5 :: Script':
  no 'from.reset' write handler
Rx rate: 434861
While executing 'Script@5 :: Script':
  no 'from.reset' write handler
Rx rate: 429940
While executing 'Script@5 :: Script':
  no 'from.reset' write handler
Rx rate: 429340.319361
While executing 'Script@5 :: Script':
  no 'from.reset' write handler
Rx rate: 427731.536926
While executing 'Script@5 :: Script':
  no 'from.reset' write handler
Rx rate: 430458
While executing 'Script@5 :: Script':
  no 'from.reset' write handler
Rx rate: 421523
While executing 'Script@5 :: Script':
  no 'from.reset' write handler
Rx rate: 419659
While executing 'Script@5 :: Script':
  no 'from.reset' write handler
Rx rate: 429811
While executing 'Script@5 :: Script':
  no 'from.reset' write handler
Rx rate: 430027.972028
While executing 'Script@5 :: Script':
  no 'from.reset' write handler
Rx rate: 430846
While executing 'Script@5 :: Script':
  no 'from.reset' write handler
Rx rate: 429251.748252
While executing 'Script@5 :: Script':
  no 'from.reset' write handler
Rx rate: 429293
While executing 'Script@5 :: Script':
  no 'from.reset' write handler
Rx rate: 424170.658683
While executing 'Script@5 :: Script':
  no 'from.reset' write handler
Rx rate: 425148
While executing 'Script@5 :: Script':
  no 'from.reset' write handler
Rx rate: 428026
While executing 'Script@5 :: Script':
  no 'from.reset' write handler
Rx rate: 425408
While executing 'Script@5 :: Script':
  no 'from.reset' write handler
Rx rate: 426782
While executing 'Script@5 :: Script':
  no 'from.reset' write handler
Rx rate: 429810
While executing 'Script@5 :: Script':
  no 'from.reset' write handler
Rx rate: 424890
While executing 'Script@5 :: Script':
  no 'from.reset' write handler
Rx rate: 422947
While executing 'Script@5 :: Script':
  no 'from.reset' write handler
Rx rate: 428904
While executing 'Script@5 :: Script':
  no 'from.reset' write handler
Rx rate: 430804.195804
While executing 'Script@5 :: Script':
  no 'from.reset' write handler
Rx rate: 424112
While executing 'Script@5 :: Script':
  no 'from.reset' write handler
Rx rate: 427739
While executing 'Script@5 :: Script':
  no 'from.reset' write handler
Rx rate: 428074
While executing 'Script@5 :: Script':
  no 'from.reset' write handler
Rx rate: 428256
While executing 'Script@5 :: Script':
  no 'from.reset' write handler
Rx rate: 433513
While executing 'Script@5 :: Script':
  no 'from.reset' write handler
Rx rate: 431235
While executing 'Script@5 :: Script':
  no 'from.reset' write handler
Rx rate: 430717
While executing 'Script@5 :: Script':
  no 'from.reset' write handler
Rx rate: 428645
While executing 'Script@5 :: Script':
  no 'from.reset' write handler
Rx rate: 429422
While executing 'Script@5 :: Script':
  no 'from.reset' write handler
Rx rate: 433307
While executing 'Script@5 :: Script':
  no 'from.reset' write handler
Rx rate: 430976
While executing 'Script@5 :: Script':
  no 'from.reset' write handler
Rx rate: 432012
While executing 'Script@5 :: Script':
  no 'from.reset' write handler
Rx rate: 422893.106893
While executing 'Script@5 :: Script':
  no 'from.reset' write handler
Rx rate: 433048
While executing 'Script@5 :: Script':
  no 'from.reset' write handler
Rx rate: 422730.26973
While executing 'Script@5 :: Script':
  no 'from.reset' write handler
AUTOTEST_DONE
