Startup trace (nsec): main: 160923445564
Startup trace (nsec): init done: 160927170613
Rx rate: 0
While executing 'Script@5 :: Script':
  no 'from.reset' write handler
Rx rate: 423311.827957
While executing 'Script@5 :: Script':
  no 'from.reset' write handler
Rx rate: 428405.5666
While executing 'Script@5 :: Script':
  no 'from.reset' write handler
Rx rate: 430027.972028
While executing 'Script@5 :: Script':
  no 'from.reset' write handler
Rx rate: 423216.566866
While executing 'Script@5 :: Script':
  no 'from.reset' write handler
Rx rate: 432744.255744
While executing 'Script@5 :: Script':
  no 'from.reset' write handler
Rx rate: 433600.3996
While executing 'Script@5 :: Script':
  no 'from.reset' write handler
Rx rate: 431062.937063
While executing 'Script@5 :: Script':
  no 'from.reset' write handler
Rx rate: 430416.583417
While executing 'Script@5 :: Script':
  no 'from.reset' write handler
Rx rate: 423688.311688
While executing 'Script@5 :: Script':
  no 'from.reset' write handler
Rx rate: 435202.797203
While executing 'Script@5 :: Script':
  no 'from.reset' write handler
Rx rate: 431451.548452
While executing 'Script@5 :: Script':
  no 'from.reset' write handler
Rx rate: 431882
While executing 'Script@5 :: Script':
  no 'from.reset' write handler
Rx rate: 433825
While executing 'Script@5 :: Script':
  no 'from.reset' write handler
Rx rate: 428814.185814
While executing 'Script@5 :: Script':
  no 'from.reset' write handler
Rx rate: 422299
While executing 'Script@5 :: Script':
  no 'from.reset' write handler
Rx rate: 426127
While executing 'Script@5 :: Script':
  no 'from.reset' write handler
Rx rate: 421393
While executing 'Script@5 :: Script':
  no 'from.reset' write handler
Rx rate: 428904
While executing 'Script@5 :: Script':
  no 'from.reset' write handler
Rx rate: 421134
While executing 'Script@5 :: Script':
  no 'from.reset' write handler
Rx rate: 427091
While executing 'Script@5 :: Script':
  no 'from.reset' write handler
Rx rate: 426832
While executing 'Script@5 :: Script':
  no 'from.reset' write handler
Rx rate: 430199
While executing 'Script@5 :: Script':
  no 'from.reset' write handler
Rx rate: 427868
While executing 'Script@5 :: Script':
  no 'from.reset' write handler
Rx rate: 427297
While executing 'Script@5 :: Script':
  no 'from.reset' write handler
Rx rate: 427609
While executing 'Script@5 :: Script':
  no 'from.reset' write handler
Rx rate: 421439.56044
While executing 'Script@5 :: Script':
  no 'from.reset' write handler
Rx rate: 428127
While executing 'Script@5 :: Script':
  no 'from.reset' write handler
Rx rate: 426314
While executing 'Script@5 :: Script':
  no 'from.reset' write handler
Rx rate: 428775
While executing 'Script@5 :: Script':
  no 'from.reset' write handler
Rx rate: 426405.594406
While executing 'Script@5 :: Script':
  no 'from.reset' write handler
Rx rate: 427609
While executing 'Script@5 :: Script':
  no 'from.reset' write handler
Rx rate: 429940
While executing 'Script@5 :: Script':
  no 'from.reset' write handler
Rx rate: 426314
While executing 'Script@5 :: Script':
  no 'from.reset' write handler
Rx rate: 429422
While executing 'Script@5 :: Script':
  no 'from.reset' write handler
Rx rate: 432647.352647
While executing 'Script@5 :: Script':
  no 'from.reset' write handler
Rx rate: 426520
While executing 'Script@5 :: Script':
  no 'from.reset' write handler
Rx rate: 428904
While executing 'Script@5 :: Script':
  no 'from.reset' write handler
Rx rate: 426573
While executing 'Script@5 :: Script':
  no 'from.reset' write handler
Rx rate: 425888.111888
While executing 'Script@5 :: Script':
  no 'from.reset' write handler
Rx rate: 428127
While executing 'Script@5 :: Script':
  no 'from.reset' write handler
Rx rate: 430458
While executing 'Script@5 :: Script':
  no 'from.reset' write handler
Rx rate: 425925
While executing 'Script@5 :: Script':
  no 'from.reset' write handler
Rx rate: 427998
While executing 'Script@5 :: Script':
  no 'from.reset' write handler
Rx rate: 428515
While executing 'Script@5 :: Script':
  no 'from.reset' write handler
Rx rate: 431153
While executing 'Script@5 :: Script':
  no 'from.reset' write handler
Rx rate: 426870.12987
While executing 'Script@5 :: Script':
  no 'from.reset' write handler
Rx rate: 428386
While executing 'Script@5 :: Script':
  no 'from.reset' write handler
Rx rate: 428774
While executing 'Script@5 :: Script':
  no 'from.reset' write handler
Rx rate: 428257
While executing 'Script@5 :: Script':
  no 'from.reset' write handler
Rx rate: 429940
While executing 'Script@5 :: Script':
  no 'from.reset' write handler
Rx rate: 431882
While executing 'Script@5 :: Script':
  no 'from.reset' write handler
Rx rate: 430458
While executing 'Script@5 :: Script':
  no 'from.reset' write handler
Rx rate: 427570.42957
While executing 'Script@5 :: Script':
  no 'from.reset' write handler
Rx rate: 427868
While executing 'Script@5 :: Script':
  no 'from.reset' write handler
Rx rate: 427235
While executing 'Script@5 :: Script':
  no 'from.reset' write handler
Rx rate: 412706
While executing 'Script@5 :: Script':
  no 'from.reset' write handler
Rx rate: 425629.370629
While executing 'Script@5 :: Script':
  no 'from.reset' write handler
Rx rate: 427091
While executing 'Script@5 :: Script':
  no 'from.reset' write handler
Rx rate: 427958.041958
While executing 'Script@5 :: Script':
  no 'from.reset' write handler
Rx rate: 430069
While executing 'Script@5 :: Script':
  no 'from.reset' write handler
Rx rate: 423241.241241
While executing 'Script@5 :: Script':
  no 'from.reset' write handler
Rx rate: 428774
While executing 'Script@5 :: Script':
  no 'from.reset' write handler
Rx rate: 422559
While executing 'Script@5 :: Script':
  no 'from.reset' write handler
Rx rate: 428515
While executing 'Script@5 :: Script':
  no 'from.reset' write handler
Rx rate: 426135
While executing 'Script@5 :: Script':
  no 'from.reset' write handler
Rx rate: 424466
While executing 'Script@5 :: Script':
  no 'from.reset' write handler
Rx rate: 429811
While executing 'Script@5 :: Script':
  no 'from.reset' write handler
Rx rate: 426573
While executing 'Script@5 :: Script':
  no 'from.reset' write handler
Rx rate: 428386
While executing 'Script@5 :: Script':
  no 'from.reset' write handler
Rx rate: 429639.360639
While executing 'Script@5 :: Script':
  no 'from.reset' write handler
Rx rate: 430199
While executing 'Script@5 :: Script':
  no 'from.reset' write handler
Rx rate: 428037.037037
While executing 'Script@5 :: Script':
  no 'from.reset' write handler
AUTOTEST_DONE
