/tmp/linux.click:2: While initializing 'from :: FromDevice':
  warning: ens7: no IPv4 address assigned
Startup trace (nsec): main: 9234119108
Startup trace (nsec): init done: 9243073861
Rx rate: 0
While executing 'Script@4 :: Script':
  no 'from.reset' write handler
Rx rate: 516201.388889
While executing 'Script@4 :: Script':
  no 'from.reset' write handler
Rx rate: 865013.972056
While executing 'Script@4 :: Script':
  no 'from.reset' write handler
Rx rate: 954938
While executing 'Script@4 :: Script':
  no 'from.reset' write handler
Rx rate: 999524
While executing 'Script@4 :: Script':
  no 'from.reset' write handler
Rx rate: 966496.007984
While executing 'Script@4 :: Script':
  no 'from.reset' write handler
Rx rate: 941042.957043
While executing 'Script@4 :: Script':
  no 'from.reset' write handler
Rx rate: 976344
While executing 'Script@4 :: Script':
  no 'from.reset' write handler
Rx rate: 937487.512488
While executing 'Script@4 :: Script':
  no 'from.reset' write handler
Rx rate: 983475.524476
While executing 'Script@4 :: Script':
  no 'from.reset' write handler
Rx rate: 982729.270729
While executing 'Script@4 :: Script':
  no 'from.reset' write handler
Rx rate: 950749
While executing 'Script@4 :: Script':
  no 'from.reset' write handler
Rx rate: 982862
While executing 'Script@4 :: Script':
  no 'from.reset' write handler
Rx rate: 983292
While executing 'Script@4 :: Script':
  no 'from.reset' write handler
Rx rate: 946849
While executing 'Script@4 :: Script':
  no 'from.reset' write handler
Rx rate: 985698
While executing 'Script@4 :: Script':
  no 'from.reset' write handler
Rx rate: 981992
While executing 'Script@4 :: Script':
  no 'from.reset' write handler
Rx rate: 984201.798202
While executing 'Script@4 :: Script':
  no 'from.reset' write handler
Rx rate: 944465
While executing 'Script@4 :: Script':
  no 'from.reset' write handler
Rx rate: 986839.160839
While executing 'Script@4 :: Script':
  no 'from.reset' write handler
Rx rate: 985630
While executing 'Script@4 :: Script':
  no 'from.reset' write handler
Rx rate: 927676
While executing 'Script@4 :: Script':
  no 'from.reset' write handler
Rx rate: 984045
While executing 'Script@4 :: Script':
  no 'from.reset' write handler
Rx rate: 981366
While executing 'Script@4 :: Script':
  no 'from.reset' write handler
Rx rate: 918414
While executing 'Script@4 :: Script':
  no 'from.reset' write handler
Rx rate: 981543
While executing 'Script@4 :: Script':
  no 'from.reset' write handler
Rx rate: 980222
While executing 'Script@4 :: Script':
  no 'from.reset' write handler
Rx rate: 926118
While executing 'Script@4 :: Script':
  no 'from.reset' write handler
Rx rate: 985899
While executing 'Script@4 :: Script':
  no 'from.reset' write handler
Rx rate: 988681
While executing 'Script@4 :: Script':
  no 'from.reset' write handler
Rx rate: 989671
While executing 'Script@4 :: Script':
  no 'from.reset' write handler
Rx rate: 984067.932068
While executing 'Script@4 :: Script':
  no 'from.reset' write handler
Rx rate: 987308
While executing 'Script@4 :: Script':
  no 'from.reset' write handler
Rx rate: 985215.784216
While executing 'Script@4 :: Script':
  no 'from.reset' write handler
Rx rate: 986595
While executing 'Script@4 :: Script':
  no 'from.reset' write handler
Rx rate: 985754
While executing 'Script@4 :: Script':
  no 'from.reset' write handler
Rx rate: 986213
While executing 'Script@4 :: Script':
  no 'from.reset' write handler
Rx rate: 985707
While executing 'Script@4 :: Script':
  no 'from.reset' write handler
Rx rate: 984256
While executing 'Script@4 :: Script':
  no 'from.reset' write handler
Rx rate: 985295
While executing 'Script@4 :: Script':
  no 'from.reset' write handler
Rx rate: 984507.492507
While executing 'Script@4 :: Script':
  no 'from.reset' write handler
Rx rate: 982976.023976
While executing 'Script@4 :: Script':
  no 'from.reset' write handler
Rx rate: 986034
While executing 'Script@4 :: Script':
  no 'from.reset' write handler
Rx rate: 983678
While executing 'Script@4 :: Script':
  no 'from.reset' write handler
Rx rate: 986661
While executing 'Script@4 :: Script':
  no 'from.reset' write handler
Rx rate: 983766
While executing 'Script@4 :: Script':
  no 'from.reset' write handler
Rx rate: 986569
While executing 'Script@4 :: Script':
  no 'from.reset' write handler
Rx rate: 981880
While executing 'Script@4 :: Script':
  no 'from.reset' write handler
Rx rate: 985810
While executing 'Script@4 :: Script':
  no 'from.reset' write handler
Rx rate: 987877
While executing 'Script@4 :: Script':
  no 'from.reset' write handler
Rx rate: 985370
While executing 'Script@4 :: Script':
  no 'from.reset' write handler
Rx rate: 985804.195804
While executing 'Script@4 :: Script':
  no 'from.reset' write handler
Rx rate: 984331
While executing 'Script@4 :: Script':
  no 'from.reset' write handler
Rx rate: 987567
While executing 'Script@4 :: Script':
  no 'from.reset' write handler
Rx rate: 989101
While executing 'Script@4 :: Script':
  no 'from.reset' write handler
Rx rate: 988308
While executing 'Script@4 :: Script':
  no 'from.reset' write handler
Rx rate: 989121
While executing 'Script@4 :: Script':
  no 'from.reset' write handler
Rx rate: 977108
While executing 'Script@4 :: Script':
  no 'from.reset' write handler
Rx rate: 987452
While executing 'Script@4 :: Script':
  no 'from.reset' write handler
Rx rate: 988283
While executing 'Script@4 :: Script':
  no 'from.reset' write handler
Rx rate: 988337
While executing 'Script@4 :: Script':
  no 'from.reset' write handler
Rx rate: 985129.87013
While executing 'Script@4 :: Script':
  no 'from.reset' write handler
Rx rate: 986747
While executing 'Script@4 :: Script':
  no 'from.reset' write handler
Rx rate: 983682
While executing 'Script@4 :: Script':
  no 'from.reset' write handler
Rx rate: 987117
While executing 'Script@4 :: Script':
  no 'from.reset' write handler
Rx rate: 987110.889111
While executing 'Script@4 :: Script':
  no 'from.reset' write handler
Rx rate: 985720
While executing 'Script@4 :: Script':
  no 'from.reset' write handler
Rx rate: 987476.523477
While executing 'Script@4 :: Script':
  no 'from.reset' write handler
Rx rate: 985957.042957
While executing 'Script@4 :: Script':
  no 'from.reset' write handler
Rx rate: 986227
While executing 'Script@4 :: Script':
  no 'from.reset' write handler
Rx rate: 986731
While executing 'Script@4 :: Script':
  no 'from.reset' write handler
Rx rate: 985729.270729
While executing 'Script@4 :: Script':
  no 'from.reset' write handler
Rx rate: 985071.928072
While executing 'Script@4 :: Script':
  no 'from.reset' write handler
AUTOTEST_DONE
