Startup trace (nsec): main: 162151131554
Startup trace (nsec): init done: 162154170511
Rx rate: 0
While executing 'Script@4 :: Script':
  no 'from.reset' write handler
Rx rate: 959663.157895
While executing 'Script@4 :: Script':
  no 'from.reset' write handler
Rx rate: 961195.804196
While executing 'Script@4 :: Script':
  no 'from.reset' write handler
Rx rate: 961537
While executing 'Script@4 :: Script':
  no 'from.reset' write handler
Rx rate: 959773.226773
While executing 'Script@4 :: Script':
  no 'from.reset' write handler
Rx rate: 957962
While executing 'Script@4 :: Script':
  no 'from.reset' write handler
Rx rate: 958160
While executing 'Script@4 :: Script':
  no 'from.reset' write handler
Rx rate: 956034.93014
While executing 'Script@4 :: Script':
  no 'from.reset' write handler
Rx rate: 960821.178821
While executing 'Script@4 :: Script':
  no 'from.reset' write handler
Rx rate: 960341.658342
While executing 'Script@4 :: Script':
  no 'from.reset' write handler
Rx rate: 962878
While executing 'Script@4 :: Script':
  no 'from.reset' write handler
Rx rate: 961537
While executing 'Script@4 :: Script':
  no 'from.reset' write handler
Rx rate: 962731.268731
While executing 'Script@4 :: Script':
  no 'from.reset' write handler
Rx rate: 962884
While executing 'Script@4 :: Script':
  no 'from.reset' write handler
Rx rate: 961741.258741
While executing 'Script@4 :: Script':
  no 'from.reset' write handler
Rx rate: 956711
While executing 'Script@4 :: Script':
  no 'from.reset' write handler
Rx rate: 958300
While executing 'Script@4 :: Script':
  no 'from.reset' write handler
Rx rate: 957339
While executing 'Script@4 :: Script':
  no 'from.reset' write handler
Rx rate: 959789.210789
While executing 'Script@4 :: Script':
  no 'from.reset' write handler
Rx rate: 958140
While executing 'Script@4 :: Script':
  no 'from.reset' write handler
Rx rate: 960801
While executing 'Script@4 :: Script':
  no 'from.reset' write handler
Rx rate: 962708
While executing 'Script@4 :: Script':
  no 'from.reset' write handler
Rx rate: 962277.722278
While executing 'Script@4 :: Script':
  no 'from.reset' write handler
Rx rate: 960283.716284
While executing 'Script@4 :: Script':
  no 'from.reset' write handler
Rx rate: 958252
While executing 'Script@4 :: Script':
  no 'from.reset' write handler
Rx rate: 950359
While executing 'Script@4 :: Script':
  no 'from.reset' write handler
Rx rate: 959336
While executing 'Script@4 :: Script':
  no 'from.reset' write handler
Rx rate: 954485
While executing 'Script@4 :: Script':
  no 'from.reset' write handler
Rx rate: 955192
While executing 'Script@4 :: Script':
  no 'from.reset' write handler
Rx rate: 960336
While executing 'Script@4 :: Script':
  no 'from.reset' write handler
Rx rate: 956825.174825
While executing 'Script@4 :: Script':
  no 'from.reset' write handler
Rx rate: 958680
While executing 'Script@4 :: Script':
  no 'from.reset' write handler
Rx rate: 959098
While executing 'Script@4 :: Script':
  no 'from.reset' write handler
Rx rate: 960372
While executing 'Script@4 :: Script':
  no 'from.reset' write handler
Rx rate: 957572
While executing 'Script@4 :: Script':
  no 'from.reset' write handler
Rx rate: 956972
While executing 'Script@4 :: Script':
  no 'from.reset' write handler
Rx rate: 957264
While executing 'Script@4 :: Script':
  no 'from.reset' write handler
Rx rate: 956124.875125
While executing 'Script@4 :: Script':
  no 'from.reset' write handler
Rx rate: 959656
While executing 'Script@4 :: Script':
  no 'from.reset' write handler
Rx rate: 958510.48951
While executing 'Script@4 :: Script':
  no 'from.reset' write handler
Rx rate: 958430
While executing 'Script@4 :: Script':
  no 'from.reset' write handler
Rx rate: 961115
While executing 'Script@4 :: Script':
  no 'from.reset' write handler
Rx rate: 959821
While executing 'Script@4 :: Script':
  no 'from.reset' write handler
Rx rate: 960060
While executing 'Script@4 :: Script':
  no 'from.reset' write handler
Rx rate: 958874
While executing 'Script@4 :: Script':
  no 'from.reset' write handler
Rx rate: 959524
While executing 'Script@4 :: Script':
  no 'from.reset' write handler
Rx rate: 956797.202797
While executing 'Script@4 :: Script':
  no 'from.reset' write handler
Rx rate: 953590
While executing 'Script@4 :: Script':
  no 'from.reset' write handler
Rx rate: 957005
While executing 'Script@4 :: Script':
  no 'from.reset' write handler
Rx rate: 959467.532468
While executing 'Script@4 :: Script':
  no 'from.reset' write handler
Rx rate: 957682
While executing 'Script@4 :: Script':
  no 'from.reset' write handler
Rx rate: 961840
While executing 'Script@4 :: Script':
  no 'from.reset' write handler
Rx rate: 960890
While executing 'Script@4 :: Script':
  no 'from.reset' write handler
Rx rate: 959636
While executing 'Script@4 :: Script':
  no 'from.reset' write handler
Rx rate: 958948
While executing 'Script@4 :: Script':
  no 'from.reset' write handler
Rx rate: 956663.336663
While executing 'Script@4 :: Script':
  no 'from.reset' write handler
Rx rate: 948886
While executing 'Script@4 :: Script':
  no 'from.reset' write handler
Rx rate: 959983
While executing 'Script@4 :: Script':
  no 'from.reset' write handler
Rx rate: 956342
While executing 'Script@4 :: Script':
  no 'from.reset' write handler
Rx rate: 959369
While executing 'Script@4 :: Script':
  no 'from.reset' write handler
Rx rate: 960367
While executing 'Script@4 :: Script':
  no 'from.reset' write handler
Rx rate: 959828
While executing 'Script@4 :: Script':
  no 'from.reset' write handler
Rx rate: 957518
While executing 'Script@4 :: Script':
  no 'from.reset' write handler
Rx rate: 957653
While executing 'Script@4 :: Script':
  no 'from.reset' write handler
Rx rate: 953509
While executing 'Script@4 :: Script':
  no 'from.reset' write handler
Rx rate: 956198
While executing 'Script@4 :: Script':
  no 'from.reset' write handler
Rx rate: 956048.951049
While executing 'Script@4 :: Script':
  no 'from.reset' write handler
Rx rate: 956307.692308
While executing 'Script@4 :: Script':
  no 'from.reset' write handler
Rx rate: 953613
While executing 'Script@4 :: Script':
  no 'from.reset' write handler
Rx rate: 956399
While executing 'Script@4 :: Script':
  no 'from.reset' write handler
Rx rate: 953950.04995
While executing 'Script@4 :: Script':
  no 'from.reset' write handler
Rx rate: 957149
While executing 'Script@4 :: Script':
  no 'from.reset' write handler
Rx rate: 957260
While executing 'Script@4 :: Script':
  no 'from.reset' write handler
AUTOTEST_DONE
