/tmp/linux.click:2: While initializing 'from :: FromDevice':
  warning: ens7: no IPv4 address assigned
Startup trace (nsec): main: 8078622852
Startup trace (nsec): init done: 8088036439
Rx rate: 0
While executing 'Script@8 :: Script':
  no 'from.reset' write handler
Rx rate: 945610.738255
While executing 'Script@8 :: Script':
  no 'from.reset' write handler
Rx rate: 799251.748252
While executing 'Script@8 :: Script':
  no 'from.reset' write handler
Rx rate: 976748.251748
While executing 'Script@8 :: Script':
  no 'from.reset' write handler
Rx rate: 993566.433566
While executing 'Script@8 :: Script':
  no 'from.reset' write handler
Rx rate: 972349.65035
While executing 'Script@8 :: Script':
  no 'from.reset' write handler
Rx rate: 936285
While executing 'Script@8 :: Script':
  no 'from.reset' write handler
Rx rate: 969178
While executing 'Script@8 :: Script':
  no 'from.reset' write handler
Rx rate: 967799.200799
While executing 'Script@8 :: Script':
  no 'from.reset' write handler
Rx rate: 887154
While executing 'Script@8 :: Script':
  no 'from.reset' write handler
Rx rate: 947766
While executing 'Script@8 :: Script':
  no 'from.reset' write handler
Rx rate: 945220
While executing 'Script@8 :: Script':
  no 'from.reset' write handler
Rx rate: 911162
While executing 'Script@8 :: Script':
  no 'from.reset' write handler
Rx rate: 948545.454545
While executing 'Script@8 :: Script':
  no 'from.reset' write handler
Rx rate: 949753
While executing 'Script@8 :: Script':
  no 'from.reset' write handler
Rx rate: 950660
While executing 'Script@8 :: Script':
  no 'from.reset' write handler
Rx rate: 914529
While executing 'Script@8 :: Script':
  no 'from.reset' write handler
Rx rate: 949882
While executing 'Script@8 :: Script':
  no 'from.reset' write handler
Rx rate: 948329
While executing 'Script@8 :: Script':
  no 'from.reset' write handler
Rx rate: 906115
While executing 'Script@8 :: Script':
  no 'from.reset' write handler
Rx rate: 946302
While executing 'Script@8 :: Script':
  no 'from.reset' write handler
Rx rate: 947940
While executing 'Script@8 :: Script':
  no 'from.reset' write handler
Rx rate: 893939
While executing 'Script@8 :: Script':
  no 'from.reset' write handler
Rx rate: 950271
While executing 'Script@8 :: Script':
  no 'from.reset' write handler
Rx rate: 948328
While executing 'Script@8 :: Script':
  no 'from.reset' write handler
Rx rate: 886557
While executing 'Script@8 :: Script':
  no 'from.reset' write handler
Rx rate: 945350
While executing 'Script@8 :: Script':
  no 'from.reset' write handler
Rx rate: 936125.874126
While executing 'Script@8 :: Script':
  no 'from.reset' write handler
Rx rate: 894727.272727
While executing 'Script@8 :: Script':
  no 'from.reset' write handler
Rx rate: 945969
While executing 'Script@8 :: Script':
  no 'from.reset' write handler
Rx rate: 945082
While executing 'Script@8 :: Script':
  no 'from.reset' write handler
Rx rate: 942890
While executing 'Script@8 :: Script':
  no 'from.reset' write handler
Rx rate: 940558
While executing 'Script@8 :: Script':
  no 'from.reset' write handler
Rx rate: 942501
While executing 'Script@8 :: Script':
  no 'from.reset' write handler
Rx rate: 942335.664336
While executing 'Script@8 :: Script':
  no 'from.reset' write handler
Rx rate: 944832
While executing 'Script@8 :: Script':
  no 'from.reset' write handler
Rx rate: 944832
While executing 'Script@8 :: Script':
  no 'from.reset' write handler
Rx rate: 945829.170829
While executing 'Script@8 :: Script':
  no 'from.reset' write handler
Rx rate: 946774
While executing 'Script@8 :: Script':
  no 'from.reset' write handler
Rx rate: 945565
While executing 'Script@8 :: Script':
  no 'from.reset' write handler
Rx rate: 952183
While executing 'Script@8 :: Script':
  no 'from.reset' write handler
Rx rate: 952296.703297
While executing 'Script@8 :: Script':
  no 'from.reset' write handler
Rx rate: 953720.27972
While executing 'Script@8 :: Script':
  no 'from.reset' write handler
Rx rate: 955322
While executing 'Script@8 :: Script':
  no 'from.reset' write handler
Rx rate: 951436
While executing 'Script@8 :: Script':
  no 'from.reset' write handler
Rx rate: 952214
While executing 'Script@8 :: Script':
  no 'from.reset' write handler
Rx rate: 948717
While executing 'Script@8 :: Script':
  no 'from.reset' write handler
Rx rate: 948717
While executing 'Script@8 :: Script':
  no 'from.reset' write handler
Rx rate: 948717
While executing 'Script@8 :: Script':
  no 'from.reset' write handler
Rx rate: 946542.457542
While executing 'Script@8 :: Script':
  no 'from.reset' write handler
Rx rate: 949968.031968
While executing 'Script@8 :: Script':
  no 'from.reset' write handler
Rx rate: 949753
While executing 'Script@8 :: Script':
  no 'from.reset' write handler
Rx rate: 948717
While executing 'Script@8 :: Script':
  no 'from.reset' write handler
Rx rate: 950271
While executing 'Script@8 :: Script':
  no 'from.reset' write handler
Rx rate: 948717
While executing 'Script@8 :: Script':
  no 'from.reset' write handler
Rx rate: 950271
While executing 'Script@8 :: Script':
  no 'from.reset' write handler
Rx rate: 946386
While executing 'Script@8 :: Script':
  no 'from.reset' write handler
Rx rate: 941983
While executing 'Script@8 :: Script':
  no 'from.reset' write handler
Rx rate: 949580.41958
While executing 'Script@8 :: Script':
  no 'from.reset' write handler
Rx rate: 948895
While executing 'Script@8 :: Script':
  no 'from.reset' write handler
Rx rate: 947095
While executing 'Script@8 :: Script':
  no 'from.reset' write handler
Rx rate: 947422
While executing 'Script@8 :: Script':
  no 'from.reset' write handler
Rx rate: 949235
While executing 'Script@8 :: Script':
  no 'from.reset' write handler
Rx rate: 947940
While executing 'Script@8 :: Script':
  no 'from.reset' write handler
Rx rate: 950271
While executing 'Script@8 :: Script':
  no 'from.reset' write handler
Rx rate: 949106
While executing 'Script@8 :: Script':
  no 'from.reset' write handler
Rx rate: 948717
While executing 'Script@8 :: Script':
  no 'from.reset' write handler
Rx rate: 947940
While executing 'Script@8 :: Script':
  no 'from.reset' write handler
Rx rate: 948328
While executing 'Script@8 :: Script':
  no 'from.reset' write handler
Rx rate: 947996
While executing 'Script@8 :: Script':
  no 'from.reset' write handler
Rx rate: 944620
While executing 'Script@8 :: Script':
  no 'from.reset' write handler
Rx rate: 948329
While executing 'Script@8 :: Script':
  no 'from.reset' write handler
Rx rate: 949105
While executing 'Script@8 :: Script':
  no 'from.reset' write handler
AUTOTEST_DONE
