Startup trace (nsec): main: 162108969580
Startup trace (nsec): init done: 162112171907
Rx rate: 0
While executing 'Script@4 :: Script':
  no 'from.reset' write handler
Rx rate: 899465.116279
While executing 'Script@4 :: Script':
  no 'from.reset' write handler
Rx rate: 900564.741036
While executing 'Script@4 :: Script':
  no 'from.reset' write handler
Rx rate: 899122.877123
While executing 'Script@4 :: Script':
  no 'from.reset' write handler
Rx rate: 903805
While executing 'Script@4 :: Script':
  no 'from.reset' write handler
Rx rate: 903378.243513
While executing 'Script@4 :: Script':
  no 'from.reset' write handler
Rx rate: 895104
While executing 'Script@4 :: Script':
  no 'from.reset' write handler
Rx rate: 900027.972028
While executing 'Script@4 :: Script':
  no 'from.reset' write handler
Rx rate: 904426
While executing 'Script@4 :: Script':
  no 'from.reset' write handler
Rx rate: 892928.143713
While executing 'Script@4 :: Script':
  no 'from.reset' write handler
Rx rate: 896666.333666
While executing 'Script@4 :: Script':
  no 'from.reset' write handler
Rx rate: 901707
While executing 'Script@4 :: Script':
  no 'from.reset' write handler
Rx rate: 888810.568295
While executing 'Script@4 :: Script':
  no 'from.reset' write handler
Rx rate: 899762
While executing 'Script@4 :: Script':
  no 'from.reset' write handler
Rx rate: 891432.567433
While executing 'Script@4 :: Script':
  no 'from.reset' write handler
Rx rate: 890251.497006
While executing 'Script@4 :: Script':
  no 'from.reset' write handler
Rx rate: 901190
While executing 'Script@4 :: Script':
  no 'from.reset' write handler
Rx rate: 900541
While executing 'Script@4 :: Script':
  no 'from.reset' write handler
Rx rate: 902879.241517
While executing 'Script@4 :: Script':
  no 'from.reset' write handler
Rx rate: 899246
While executing 'Script@4 :: Script':
  no 'from.reset' write handler
Rx rate: 911159
While executing 'Script@4 :: Script':
  no 'from.reset' write handler
Rx rate: 915288.423154
While executing 'Script@4 :: Script':
  no 'from.reset' write handler
Rx rate: 917117
While executing 'Script@4 :: Script':
  no 'from.reset' write handler
Rx rate: 912701.596806
While executing 'Script@4 :: Script':
  no 'from.reset' write handler
Rx rate: 908521
While executing 'Script@4 :: Script':
  no 'from.reset' write handler
Rx rate: 867302
While executing 'Script@4 :: Script':
  no 'from.reset' write handler
Rx rate: 885518
While executing 'Script@4 :: Script':
  no 'from.reset' write handler
Rx rate: 903650
While executing 'Script@4 :: Script':
  no 'from.reset' write handler
Rx rate: 899761
While executing 'Script@4 :: Script':
  no 'from.reset' write handler
Rx rate: 902356
While executing 'Script@4 :: Script':
  no 'from.reset' write handler
Rx rate: 899764
While executing 'Script@4 :: Script':
  no 'from.reset' write handler
Rx rate: 901320
While executing 'Script@4 :: Script':
  no 'from.reset' write handler
Rx rate: 897313.686314
While executing 'Script@4 :: Script':
  no 'from.reset' write handler
Rx rate: 902871
While executing 'Script@4 :: Script':
  no 'from.reset' write handler
Rx rate: 899988
While executing 'Script@4 :: Script':
  no 'from.reset' write handler
Rx rate: 886919.080919
While executing 'Script@4 :: Script':
  no 'from.reset' write handler
Rx rate: 903909
While executing 'Script@4 :: Script':
  no 'from.reset' write handler
Rx rate: 899125.874126
While executing 'Script@4 :: Script':
  no 'from.reset' write handler
Rx rate: 895100
While executing 'Script@4 :: Script':
  no 'from.reset' write handler
Rx rate: 901450.549451
While executing 'Script@4 :: Script':
  no 'from.reset' write handler
Rx rate: 896653
While executing 'Script@4 :: Script':
  no 'from.reset' write handler
Rx rate: 896535.464535
While executing 'Script@4 :: Script':
  no 'from.reset' write handler
Rx rate: 899502
While executing 'Script@4 :: Script':
  no 'from.reset' write handler
Rx rate: 899244
While executing 'Script@4 :: Script':
  no 'from.reset' write handler
Rx rate: 896732
While executing 'Script@4 :: Script':
  no 'from.reset' write handler
Rx rate: 897676.323676
While executing 'Script@4 :: Script':
  no 'from.reset' write handler
Rx rate: 904943
While executing 'Script@4 :: Script':
  no 'from.reset' write handler
Rx rate: 907014.97006
While executing 'Script@4 :: Script':
  no 'from.reset' write handler
Rx rate: 901191.808192
While executing 'Script@4 :: Script':
  no 'from.reset' write handler
Rx rate: 897190.618762
While executing 'Script@4 :: Script':
  no 'from.reset' write handler
Rx rate: 898725
While executing 'Script@4 :: Script':
  no 'from.reset' write handler
Rx rate: 893171.828172
While executing 'Script@4 :: Script':
  no 'from.reset' write handler
Rx rate: 894841
While executing 'Script@4 :: Script':
  no 'from.reset' write handler
Rx rate: 898606.393606
While executing 'Script@4 :: Script':
  no 'from.reset' write handler
Rx rate: 898825
While executing 'Script@4 :: Script':
  no 'from.reset' write handler
Rx rate: 899988.023952
While executing 'Script@4 :: Script':
  no 'from.reset' write handler
Rx rate: 872422.577423
While executing 'Script@4 :: Script':
  no 'from.reset' write handler
Rx rate: 899642.357642
While executing 'Script@4 :: Script':
  no 'from.reset' write handler
Rx rate: 899893
While executing 'Script@4 :: Script':
  no 'from.reset' write handler
Rx rate: 886316.683317
While executing 'Script@4 :: Script':
  no 'from.reset' write handler
Rx rate: 891621.378621
While executing 'Script@4 :: Script':
  no 'from.reset' write handler
Rx rate: 888000
While executing 'Script@4 :: Script':
  no 'from.reset' write handler
Rx rate: 891735
While executing 'Script@4 :: Script':
  no 'from.reset' write handler
Rx rate: 893548
While executing 'Script@4 :: Script':
  no 'from.reset' write handler
Rx rate: 887925
While executing 'Script@4 :: Script':
  no 'from.reset' write handler
Rx rate: 896400
While executing 'Script@4 :: Script':
  no 'from.reset' write handler
Rx rate: 881608.391608
While executing 'Script@4 :: Script':
  no 'from.reset' write handler
Rx rate: 890439
While executing 'Script@4 :: Script':
  no 'from.reset' write handler
Rx rate: 889145
While executing 'Script@4 :: Script':
  no 'from.reset' write handler
Rx rate: 887223.776224
While executing 'Script@4 :: Script':
  no 'from.reset' write handler
Rx rate: 900798
While executing 'Script@4 :: Script':
  no 'from.reset' write handler
Rx rate: 898728
While executing 'Script@4 :: Script':
  no 'from.reset' write handler
Rx rate: 898349.65035
While executing 'Script@4 :: Script':
  no 'from.reset' write handler
AUTOTEST_DONE
