Startup trace (nsec): main: 85741569419
Startup trace (nsec): init done: 85745167518
Rx rate: 0
While executing 'Script@8 :: Script':
  no 'from.reset' write handler
Rx rate: 817378.04878
While executing 'Script@8 :: Script':
  no 'from.reset' write handler
Rx rate: 812520
While executing 'Script@8 :: Script':
  no 'from.reset' write handler
Rx rate: 813120
While executing 'Script@8 :: Script':
  no 'from.reset' write handler
Rx rate: 813294
While executing 'Script@8 :: Script':
  no 'from.reset' write handler
Rx rate: 813368
While executing 'Script@8 :: Script':
  no 'from.reset' write handler
Rx rate: 813201
While executing 'Script@8 :: Script':
  no 'from.reset' write handler
Rx rate: 813237
While executing 'Script@8 :: Script':
  no 'from.reset' write handler
Rx rate: 813228
While executing 'Script@8 :: Script':
  no 'from.reset' write handler
Rx rate: 813051
While executing 'Script@8 :: Script':
  no 'from.reset' write handler
Rx rate: 813361
While executing 'Script@8 :: Script':
  no 'from.reset' write handler
Rx rate: 810552
While executing 'Script@8 :: Script':
  no 'from.reset' write handler
Rx rate: 812769
While executing 'Script@8 :: Script':
  no 'from.reset' write handler
Rx rate: 813316
While executing 'Script@8 :: Script':
  no 'from.reset' write handler
Rx rate: 813217
While executing 'Script@8 :: Script':
  no 'from.reset' write handler
Rx rate: 813166
While executing 'Script@8 :: Script':
  no 'from.reset' write handler
Rx rate: 813217
While executing 'Script@8 :: Script':
  no 'from.reset' write handler
Rx rate: 813401
While executing 'Script@8 :: Script':
  no 'from.reset' write handler
Rx rate: 813295
While executing 'Script@8 :: Script':
  no 'from.reset' write handler
Rx rate: 813210
While executing 'Script@8 :: Script':
  no 'from.reset' write handler
Rx rate: 813329
While executing 'Script@8 :: Script':
  no 'from.reset' write handler
Rx rate: 812135
While executing 'Script@8 :: Script':
  no 'from.reset' write handler
Rx rate: 811033
While executing 'Script@8 :: Script':
  no 'from.reset' write handler
Rx rate: 813483
While executing 'Script@8 :: Script':
  no 'from.reset' write handler
Rx rate: 813225
While executing 'Script@8 :: Script':
  no 'from.reset' write handler
Rx rate: 813020
While executing 'Script@8 :: Script':
  no 'from.reset' write handler
Rx rate: 813018
While executing 'Script@8 :: Script':
  no 'from.reset' write handler
Rx rate: 813274
While executing 'Script@8 :: Script':
  no 'from.reset' write handler
Rx rate: 813085
While executing 'Script@8 :: Script':
  no 'from.reset' write handler
Rx rate: 813237
While executing 'Script@8 :: Script':
  no 'from.reset' write handler
Rx rate: 813008
While executing 'Script@8 :: Script':
  no 'from.reset' write handler
Rx rate: 812539
While executing 'Script@8 :: Script':
  no 'from.reset' write handler
Rx rate: 811101
While executing 'Script@8 :: Script':
  no 'from.reset' write handler
Rx rate: 813323
While executing 'Script@8 :: Script':
  no 'from.reset' write handler
Rx rate: 813212
While executing 'Script@8 :: Script':
  no 'from.reset' write handler
Rx rate: 812951
While executing 'Script@8 :: Script':
  no 'from.reset' write handler
Rx rate: 813118
While executing 'Script@8 :: Script':
  no 'from.reset' write handler
Rx rate: 813271
While executing 'Script@8 :: Script':
  no 'from.reset' write handler
Rx rate: 813243
While executing 'Script@8 :: Script':
  no 'from.reset' write handler
Rx rate: 813342
While executing 'Script@8 :: Script':
  no 'from.reset' write handler
Rx rate: 812879
While executing 'Script@8 :: Script':
  no 'from.reset' write handler
Rx rate: 812618
While executing 'Script@8 :: Script':
  no 'from.reset' write handler
Rx rate: 810838
While executing 'Script@8 :: Script':
  no 'from.reset' write handler
Rx rate: 813063
While executing 'Script@8 :: Script':
  no 'from.reset' write handler
Rx rate: 813076
While executing 'Script@8 :: Script':
  no 'from.reset' write handler
Rx rate: 813180
While executing 'Script@8 :: Script':
  no 'from.reset' write handler
Rx rate: 813322
While executing 'Script@8 :: Script':
  no 'from.reset' write handler
Rx rate: 812993
While executing 'Script@8 :: Script':
  no 'from.reset' write handler
Rx rate: 813296
While executing 'Script@8 :: Script':
  no 'from.reset' write handler
Rx rate: 813122
While executing 'Script@8 :: Script':
  no 'from.reset' write handler
Rx rate: 813137
While executing 'Script@8 :: Script':
  no 'from.reset' write handler
Rx rate: 812274
While executing 'Script@8 :: Script':
  no 'from.reset' write handler
Rx rate: 810637
While executing 'Script@8 :: Script':
  no 'from.reset' write handler
Rx rate: 813133
While executing 'Script@8 :: Script':
  no 'from.reset' write handler
Rx rate: 813333
While executing 'Script@8 :: Script':
  no 'from.reset' write handler
Rx rate: 813176
While executing 'Script@8 :: Script':
  no 'from.reset' write handler
Rx rate: 808342
While executing 'Script@8 :: Script':
  no 'from.reset' write handler
Rx rate: 813105
While executing 'Script@8 :: Script':
  no 'from.reset' write handler
Rx rate: 813053
While executing 'Script@8 :: Script':
  no 'from.reset' write handler
Rx rate: 813164
While executing 'Script@8 :: Script':
  no 'from.reset' write handler
Rx rate: 813230
While executing 'Script@8 :: Script':
  no 'from.reset' write handler
Rx rate: 812324
While executing 'Script@8 :: Script':
  no 'from.reset' write handler
Rx rate: 812450
While executing 'Script@8 :: Script':
  no 'from.reset' write handler
Rx rate: 811435
While executing 'Script@8 :: Script':
  no 'from.reset' write handler
Rx rate: 812877
While executing 'Script@8 :: Script':
  no 'from.reset' write handler
Rx rate: 813220
While executing 'Script@8 :: Script':
  no 'from.reset' write handler
Rx rate: 813289
While executing 'Script@8 :: Script':
  no 'from.reset' write handler
Rx rate: 813269
While executing 'Script@8 :: Script':
  no 'from.reset' write handler
Rx rate: 813125
While executing 'Script@8 :: Script':
  no 'from.reset' write handler
Rx rate: 813376
While executing 'Script@8 :: Script':
  no 'from.reset' write handler
Rx rate: 813443
While executing 'Script@8 :: Script':
  no 'from.reset' write handler
Rx rate: 812325
While executing 'Script@8 :: Script':
  no 'from.reset' write handler
Rx rate: 812158
While executing 'Script@8 :: Script':
  no 'from.reset' write handler
AUTOTEST_DONE
