Startup trace (nsec): main: 84526506804
Startup trace (nsec): init done: 84530178019
Rx rate: 216261.682243   TxExt rate: 214598.130841   TxInt rate: 214598.130841
While executing 'Script@11 :: Script':
  no 'from_device.reset' write handler
SimpleQueue@7 :: SimpleQueue: overflow
Rx rate: 221423.576424   TxExt rate: 217799.200799   TxInt rate: 217799.200799
While executing 'Script@11 :: Script':
  no 'from_device.reset' write handler
Rx rate: 222293.706294   TxExt rate: 219459.54046   TxInt rate: 219459.54046
While executing 'Script@11 :: Script':
  no 'from_device.reset' write handler
Rx rate: 221681.318681   TxExt rate: 219730.26973   TxInt rate: 219730.26973
While executing 'Script@11 :: Script':
  no 'from_device.reset' write handler
Rx rate: 224016.983017   TxExt rate: 222051.948052   TxInt rate: 222051.948052
While executing 'Script@11 :: Script':
  no 'from_device.reset' write handler
Rx rate: 225000   TxExt rate: 222940   TxInt rate: 222940
While executing 'Script@11 :: Script':
  no 'from_device.reset' write handler
Rx rate: 222501   TxExt rate: 220388   TxInt rate: 220388
While executing 'Script@11 :: Script':
  no 'from_device.reset' write handler
Rx rate: 226026   TxExt rate: 223856   TxInt rate: 223856
While executing 'Script@11 :: Script':
  no 'from_device.reset' write handler
Rx rate: 222596.806387   TxExt rate: 220570.858283   TxInt rate: 220570.858283
While executing 'Script@11 :: Script':
  no 'from_device.reset' write handler
Rx rate: 223247   TxExt rate: 221067   TxInt rate: 221067
While executing 'Script@11 :: Script':
  no 'from_device.reset' write handler
Rx rate: 220847   TxExt rate: 218804   TxInt rate: 218804
While executing 'Script@11 :: Script':
  no 'from_device.reset' write handler
Rx rate: 224498   TxExt rate: 221809   TxInt rate: 221809
While executing 'Script@11 :: Script':
  no 'from_device.reset' write handler
Rx rate: 224258.741259   TxExt rate: 220656.343656   TxInt rate: 220656.343656
While executing 'Script@11 :: Script':
  no 'from_device.reset' write handler
Rx rate: 223705   TxExt rate: 221774   TxInt rate: 221774
While executing 'Script@11 :: Script':
  no 'from_device.reset' write handler
Rx rate: 225735   TxExt rate: 223888   TxInt rate: 223888
While executing 'Script@11 :: Script':
  no 'from_device.reset' write handler
Rx rate: 224961   TxExt rate: 222849   TxInt rate: 222849
While executing 'Script@11 :: Script':
  no 'from_device.reset' write handler
Rx rate: 224777   TxExt rate: 222774   TxInt rate: 222774
While executing 'Script@11 :: Script':
  no 'from_device.reset' write handler
Rx rate: 222528.471528   TxExt rate: 220435.564436   TxInt rate: 220435.564436
While executing 'Script@11 :: Script':
  no 'from_device.reset' write handler
Rx rate: 222329   TxExt rate: 220560   TxInt rate: 220560
While executing 'Script@11 :: Script':
  no 'from_device.reset' write handler
Rx rate: 221676   TxExt rate: 219659   TxInt rate: 219659
While executing 'Script@11 :: Script':
  no 'from_device.reset' write handler
Rx rate: 224560   TxExt rate: 222473   TxInt rate: 222473
While executing 'Script@11 :: Script':
  no 'from_device.reset' write handler
Rx rate: 224287   TxExt rate: 221489   TxInt rate: 221489
While executing 'Script@11 :: Script':
  no 'from_device.reset' write handler
Rx rate: 225275   TxExt rate: 221692   TxInt rate: 221692
While executing 'Script@11 :: Script':
  no 'from_device.reset' write handler
Rx rate: 224380   TxExt rate: 222394   TxInt rate: 222394
While executing 'Script@11 :: Script':
  no 'from_device.reset' write handler
Rx rate: 224073.926074   TxExt rate: 222123.876124   TxInt rate: 222123.876124
While executing 'Script@11 :: Script':
  no 'from_device.reset' write handler
Rx rate: 225844   TxExt rate: 223650   TxInt rate: 223650
While executing 'Script@11 :: Script':
  no 'from_device.reset' write handler
Rx rate: 224906   TxExt rate: 222774   TxInt rate: 222774
While executing 'Script@11 :: Script':
  no 'from_device.reset' write handler
Rx rate: 225251   TxExt rate: 223077   TxInt rate: 223077
While executing 'Script@11 :: Script':
  no 'from_device.reset' write handler
Rx rate: 225538   TxExt rate: 223438   TxInt rate: 223438
While executing 'Script@11 :: Script':
  no 'from_device.reset' write handler
Rx rate: 223632   TxExt rate: 221717   TxInt rate: 221717
While executing 'Script@11 :: Script':
  no 'from_device.reset' write handler
Rx rate: 227489   TxExt rate: 225372   TxInt rate: 225372
While executing 'Script@11 :: Script':
  no 'from_device.reset' write handler
Rx rate: 226421   TxExt rate: 223317   TxInt rate: 223317
While executing 'Script@11 :: Script':
  no 'from_device.reset' write handler
Rx rate: 220196.803197   TxExt rate: 215956.043956   TxInt rate: 215956.043956
While executing 'Script@11 :: Script':
  no 'from_device.reset' write handler
Rx rate: 224345   TxExt rate: 222429   TxInt rate: 222429
While executing 'Script@11 :: Script':
  no 'from_device.reset' write handler
Rx rate: 223038   TxExt rate: 220887   TxInt rate: 220887
While executing 'Script@11 :: Script':
  no 'from_device.reset' write handler
Rx rate: 219111   TxExt rate: 217044   TxInt rate: 217044
While executing 'Script@11 :: Script':
  no 'from_device.reset' write handler
Rx rate: 224888   TxExt rate: 222663   TxInt rate: 222663
While executing 'Script@11 :: Script':
  no 'from_device.reset' write handler
Rx rate: 225851   TxExt rate: 223772   TxInt rate: 223772
While executing 'Script@11 :: Script':
  no 'from_device.reset' write handler
Rx rate: 227656   TxExt rate: 225723   TxInt rate: 225723
While executing 'Script@11 :: Script':
  no 'from_device.reset' write handler
Rx rate: 224737   TxExt rate: 222555   TxInt rate: 222555
While executing 'Script@11 :: Script':
  no 'from_device.reset' write handler
Rx rate: 222514.485514   TxExt rate: 220708.291708   TxInt rate: 220708.291708
While executing 'Script@11 :: Script':
  no 'from_device.reset' write handler
Rx rate: 222572   TxExt rate: 219898   TxInt rate: 219898
While executing 'Script@11 :: Script':
  no 'from_device.reset' write handler
Rx rate: 222646   TxExt rate: 218837   TxInt rate: 218837
While executing 'Script@11 :: Script':
  no 'from_device.reset' write handler
Rx rate: 219328.671329   TxExt rate: 217295.704296   TxInt rate: 217295.704296
While executing 'Script@11 :: Script':
  no 'from_device.reset' write handler
Rx rate: 220597   TxExt rate: 218537   TxInt rate: 218537
While executing 'Script@11 :: Script':
  no 'from_device.reset' write handler
Rx rate: 223894   TxExt rate: 221714   TxInt rate: 221714
While executing 'Script@11 :: Script':
  no 'from_device.reset' write handler
Rx rate: 223441   TxExt rate: 221261   TxInt rate: 221261
While executing 'Script@11 :: Script':
  no 'from_device.reset' write handler
Rx rate: 225704   TxExt rate: 223790   TxInt rate: 223790
While executing 'Script@11 :: Script':
  no 'from_device.reset' write handler
Rx rate: 223116   TxExt rate: 221068   TxInt rate: 221068
While executing 'Script@11 :: Script':
  no 'from_device.reset' write handler
Rx rate: 221677   TxExt rate: 219528   TxInt rate: 219528
While executing 'Script@11 :: Script':
  no 'from_device.reset' write handler
Rx rate: 225316   TxExt rate: 223271   TxInt rate: 223271
While executing 'Script@11 :: Script':
  no 'from_device.reset' write handler
Rx rate: 222842   TxExt rate: 220070   TxInt rate: 220070
While executing 'Script@11 :: Script':
  no 'from_device.reset' write handler
Rx rate: 225513   TxExt rate: 222875   TxInt rate: 222875
While executing 'Script@11 :: Script':
  no 'from_device.reset' write handler
Rx rate: 223468.531469   TxExt rate: 220633.366633   TxInt rate: 220633.366633
While executing 'Script@11 :: Script':
  no 'from_device.reset' write handler
Rx rate: 226766   TxExt rate: 224670   TxInt rate: 224670
While executing 'Script@11 :: Script':
  no 'from_device.reset' write handler
Rx rate: 219389   TxExt rate: 217543   TxInt rate: 217543
While executing 'Script@11 :: Script':
  no 'from_device.reset' write handler
Rx rate: 225735   TxExt rate: 223629   TxInt rate: 223629
While executing 'Script@11 :: Script':
  no 'from_device.reset' write handler
Rx rate: 224332   TxExt rate: 222183   TxInt rate: 222183
While executing 'Script@11 :: Script':
  no 'from_device.reset' write handler
Rx rate: 223589   TxExt rate: 221631   TxInt rate: 221631
While executing 'Script@11 :: Script':
  no 'from_device.reset' write handler
Rx rate: 225143   TxExt rate: 223185   TxInt rate: 223185
While executing 'Script@11 :: Script':
  no 'from_device.reset' write handler
Rx rate: 223689.310689   TxExt rate: 221603.396603   TxInt rate: 221603.396603
While executing 'Script@11 :: Script':
  no 'from_device.reset' write handler
Rx rate: 225054   TxExt rate: 222059   TxInt rate: 222059
While executing 'Script@11 :: Script':
  no 'from_device.reset' write handler
Rx rate: 226226   TxExt rate: 223324   TxInt rate: 223324
While executing 'Script@11 :: Script':
  no 'from_device.reset' write handler
Rx rate: 227590   TxExt rate: 223974   TxInt rate: 223974
While executing 'Script@11 :: Script':
  no 'from_device.reset' write handler
Rx rate: 225339   TxExt rate: 223248   TxInt rate: 223248
While executing 'Script@11 :: Script':
  no 'from_device.reset' write handler
Rx rate: 222600.3996   TxExt rate: 220751.248751   TxInt rate: 220751.248751
While executing 'Script@11 :: Script':
  no 'from_device.reset' write handler
Rx rate: 223552   TxExt rate: 221668   TxInt rate: 221668
While executing 'Script@11 :: Script':
  no 'from_device.reset' write handler
Rx rate: 225101   TxExt rate: 223098   TxInt rate: 223098
While executing 'Script@11 :: Script':
  no 'from_device.reset' write handler
Rx rate: 228090   TxExt rate: 226065   TxInt rate: 226065
While executing 'Script@11 :: Script':
  no 'from_device.reset' write handler
Rx rate: 227671   TxExt rate: 225708   TxInt rate: 225708
While executing 'Script@11 :: Script':
  no 'from_device.reset' write handler
Rx rate: 222218   TxExt rate: 220282   TxInt rate: 220282
While executing 'Script@11 :: Script':
  no 'from_device.reset' write handler
Rx rate: 220226.773227   TxExt rate: 217544.455544   TxInt rate: 217544.455544
While executing 'Script@11 :: Script':
  no 'from_device.reset' write handler
AUTOTEST_DONE
