Startup trace (nsec): main: 84502708146
Startup trace (nsec): init done: 84506172071
Rx rate: 0
While executing 'Script@8 :: Script':
  no 'from.reset' write handler
Rx rate: 939876.28866
While executing 'Script@8 :: Script':
  no 'from.reset' write handler
Rx rate: 945057.942058
While executing 'Script@8 :: Script':
  no 'from.reset' write handler
Rx rate: 947842.315369
While executing 'Script@8 :: Script':
  no 'from.reset' write handler
Rx rate: 944475.0499
While executing 'Script@8 :: Script':
  no 'from.reset' write handler
Rx rate: 947081.836327
While executing 'Script@8 :: Script':
  no 'from.reset' write handler
Rx rate: 949106
While executing 'Script@8 :: Script':
  no 'from.reset' write handler
Rx rate: 947769.230769
While executing 'Script@8 :: Script':
  no 'from.reset' write handler
Rx rate: 947121.878122
While executing 'Script@8 :: Script':
  no 'from.reset' write handler
Rx rate: 946386
While executing 'Script@8 :: Script':
  no 'from.reset' write handler
Rx rate: 947293
While executing 'Script@8 :: Script':
  no 'from.reset' write handler
Rx rate: 938875
While executing 'Script@8 :: Script':
  no 'from.reset' write handler
Rx rate: 945075
While executing 'Script@8 :: Script':
  no 'from.reset' write handler
Rx rate: 945834
While executing 'Script@8 :: Script':
  no 'from.reset' write handler
Rx rate: 944493.506494
While executing 'Script@8 :: Script':
  no 'from.reset' write handler
Rx rate: 945958.041958
While executing 'Script@8 :: Script':
  no 'from.reset' write handler
Rx rate: 948976
While executing 'Script@8 :: Script':
  no 'from.reset' write handler
Rx rate: 947422
While executing 'Script@8 :: Script':
  no 'from.reset' write handler
Rx rate: 950097.902098
While executing 'Script@8 :: Script':
  no 'from.reset' write handler
Rx rate: 948588
While executing 'Script@8 :: Script':
  no 'from.reset' write handler
Rx rate: 948717
While executing 'Script@8 :: Script':
  no 'from.reset' write handler
Rx rate: 946774
While executing 'Script@8 :: Script':
  no 'from.reset' write handler
Rx rate: 948444
While executing 'Script@8 :: Script':
  no 'from.reset' write handler
Rx rate: 946332
While executing 'Script@8 :: Script':
  no 'from.reset' write handler
Rx rate: 945988.011988
While executing 'Script@8 :: Script':
  no 'from.reset' write handler
Rx rate: 949710.28971
While executing 'Script@8 :: Script':
  no 'from.reset' write handler
Rx rate: 949105
While executing 'Script@8 :: Script':
  no 'from.reset' write handler
Rx rate: 949494
While executing 'Script@8 :: Script':
  no 'from.reset' write handler
Rx rate: 948157.842158
While executing 'Script@8 :: Script':
  no 'from.reset' write handler
Rx rate: 950097.902098
While executing 'Script@8 :: Script':
  no 'from.reset' write handler
Rx rate: 949494
While executing 'Script@8 :: Script':
  no 'from.reset' write handler
Rx rate: 948846
While executing 'Script@8 :: Script':
  no 'from.reset' write handler
Rx rate: 947359.64036
While executing 'Script@8 :: Script':
  no 'from.reset' write handler
Rx rate: 946814
While executing 'Script@8 :: Script':
  no 'from.reset' write handler
Rx rate: 944969
While executing 'Script@8 :: Script':
  no 'from.reset' write handler
Rx rate: 945958.041958
While executing 'Script@8 :: Script':
  no 'from.reset' write handler
Rx rate: 944405.594406
While executing 'Script@8 :: Script':
  no 'from.reset' write handler
Rx rate: 946904
While executing 'Script@8 :: Script':
  no 'from.reset' write handler
Rx rate: 945350
While executing 'Script@8 :: Script':
  no 'from.reset' write handler
Rx rate: 944314
While executing 'Script@8 :: Script':
  no 'from.reset' write handler
Rx rate: 944314
While executing 'Script@8 :: Script':
  no 'from.reset' write handler
Rx rate: 945350
While executing 'Script@8 :: Script':
  no 'from.reset' write handler
Rx rate: 940663
While executing 'Script@8 :: Script':
  no 'from.reset' write handler
Rx rate: 946793.206793
While executing 'Script@8 :: Script':
  no 'from.reset' write handler
Rx rate: 949882
While executing 'Script@8 :: Script':
  no 'from.reset' write handler
Rx rate: 945691
While executing 'Script@8 :: Script':
  no 'from.reset' write handler
Rx rate: 944055
While executing 'Script@8 :: Script':
  no 'from.reset' write handler
Rx rate: 947551
While executing 'Script@8 :: Script':
  no 'from.reset' write handler
Rx rate: 950660
While executing 'Script@8 :: Script':
  no 'from.reset' write handler
Rx rate: 951436
While executing 'Script@8 :: Script':
  no 'from.reset' write handler
Rx rate: 951437
While executing 'Script@8 :: Script':
  no 'from.reset' write handler
Rx rate: 953379
While executing 'Script@8 :: Script':
  no 'from.reset' write handler
Rx rate: 951272
While executing 'Script@8 :: Script':
  no 'from.reset' write handler
Rx rate: 946817.182817
While executing 'Script@8 :: Script':
  no 'from.reset' write handler
Rx rate: 946904
While executing 'Script@8 :: Script':
  no 'from.reset' write handler
Rx rate: 942950
While executing 'Script@8 :: Script':
  no 'from.reset' write handler
Rx rate: 950012
While executing 'Script@8 :: Script':
  no 'from.reset' write handler
Rx rate: 950012
While executing 'Script@8 :: Script':
  no 'from.reset' write handler
Rx rate: 947940
While executing 'Script@8 :: Script':
  no 'from.reset' write handler
Rx rate: 951048
While executing 'Script@8 :: Script':
  no 'from.reset' write handler
Rx rate: 951048
While executing 'Script@8 :: Script':
  no 'from.reset' write handler
Rx rate: 952084
While executing 'Script@8 :: Script':
  no 'from.reset' write handler
Rx rate: 951342
While executing 'Script@8 :: Script':
  no 'from.reset' write handler
Rx rate: 948959
While executing 'Script@8 :: Script':
  no 'from.reset' write handler
Rx rate: 950012
While executing 'Script@8 :: Script':
  no 'from.reset' write handler
Rx rate: 947678
While executing 'Script@8 :: Script':
  no 'from.reset' write handler
Rx rate: 948458
While executing 'Script@8 :: Script':
  no 'from.reset' write handler
Rx rate: 949883
While executing 'Script@8 :: Script':
  no 'from.reset' write handler
Rx rate: 949580.41958
While executing 'Script@8 :: Script':
  no 'from.reset' write handler
Rx rate: 948156.843157
While executing 'Script@8 :: Script':
  no 'from.reset' write handler
Rx rate: 949580.41958
While executing 'Script@8 :: Script':
  no 'from.reset' write handler
Rx rate: 948458
While executing 'Script@8 :: Script':
  no 'from.reset' write handler
Rx rate: 939543
While executing 'Script@8 :: Script':
  no 'from.reset' write handler
AUTOTEST_DONE
