Startup trace (nsec): main: 162272148479
Startup trace (nsec): init done: 162275171872
Rx rate: 0
While executing 'Script@5 :: Script':
  no 'from.reset' write handler
Rx rate: 128496.124031
While executing 'Script@5 :: Script':
  no 'from.reset' write handler
Rx rate: 130269.040554
While executing 'Script@5 :: Script':
  no 'from.reset' write handler
Rx rate: 133100.297915
While executing 'Script@5 :: Script':
  no 'from.reset' write handler
Rx rate: 131826.347305
While executing 'Script@5 :: Script':
  no 'from.reset' write handler
Rx rate: 131817.097416
While executing 'Script@5 :: Script':
  no 'from.reset' write handler
Rx rate: 133101.290963
While executing 'Script@5 :: Script':
  no 'from.reset' write handler
Rx rate: 130914.597815
While executing 'Script@5 :: Script':
  no 'from.reset' write handler
Rx rate: 132478
While executing 'Script@5 :: Script':
  no 'from.reset' write handler
Rx rate: 132986.041874
While executing 'Script@5 :: Script':
  no 'from.reset' write handler
Rx rate: 131436.68993
While executing 'Script@5 :: Script':
  no 'from.reset' write handler
Rx rate: 131050.898204
While executing 'Script@5 :: Script':
  no 'from.reset' write handler
Rx rate: 131958.041958
While executing 'Script@5 :: Script':
  no 'from.reset' write handler
Rx rate: 130795
While executing 'Script@5 :: Script':
  no 'from.reset' write handler
Rx rate: 131184
While executing 'Script@5 :: Script':
  no 'from.reset' write handler
Rx rate: 131828.171828
While executing 'Script@5 :: Script':
  no 'from.reset' write handler
Rx rate: 132216.783217
While executing 'Script@5 :: Script':
  no 'from.reset' write handler
Rx rate: 131831
While executing 'Script@5 :: Script':
  no 'from.reset' write handler
Rx rate: 132605.394605
While executing 'Script@5 :: Script':
  no 'from.reset' write handler
Rx rate: 132996
While executing 'Script@5 :: Script':
  no 'from.reset' write handler
Rx rate: 130018
While executing 'Script@5 :: Script':
  no 'from.reset' write handler
Rx rate: 131572
While executing 'Script@5 :: Script':
  no 'from.reset' write handler
Rx rate: 133644
While executing 'Script@5 :: Script':
  no 'from.reset' write handler
Rx rate: 131311.688312
While executing 'Script@5 :: Script':
  no 'from.reset' write handler
Rx rate: 132867
While executing 'Script@5 :: Script':
  no 'from.reset' write handler
Rx rate: 130146.853147
While executing 'Script@5 :: Script':
  no 'from.reset' write handler
Rx rate: 130923.076923
While executing 'Script@5 :: Script':
  no 'from.reset' write handler
Rx rate: 130793.206793
While executing 'Script@5 :: Script':
  no 'from.reset' write handler
Rx rate: 132608
While executing 'Script@5 :: Script':
  no 'from.reset' write handler
Rx rate: 131311.688312
While executing 'Script@5 :: Script':
  no 'from.reset' write handler
Rx rate: 132867
While executing 'Script@5 :: Script':
  no 'from.reset' write handler
Rx rate: 132219
While executing 'Script@5 :: Script':
  no 'from.reset' write handler
Rx rate: 131311.688312
While executing 'Script@5 :: Script':
  no 'from.reset' write handler
Rx rate: 130665
While executing 'Script@5 :: Script':
  no 'from.reset' write handler
Rx rate: 131961
While executing 'Script@5 :: Script':
  no 'from.reset' write handler
Rx rate: 132475.524476
While executing 'Script@5 :: Script':
  no 'from.reset' write handler
Rx rate: 130405.594406
While executing 'Script@5 :: Script':
  no 'from.reset' write handler
Rx rate: 130405.594406
While executing 'Script@5 :: Script':
  no 'from.reset' write handler
Rx rate: 132216.783217
While executing 'Script@5 :: Script':
  no 'from.reset' write handler
Rx rate: 131828.171828
While executing 'Script@5 :: Script':
  no 'from.reset' write handler
Rx rate: 131184
While executing 'Script@5 :: Script':
  no 'from.reset' write handler
Rx rate: 130536
While executing 'Script@5 :: Script':
  no 'from.reset' write handler
Rx rate: 131831
While executing 'Script@5 :: Script':
  no 'from.reset' write handler
Rx rate: 131828.171828
While executing 'Script@5 :: Script':
  no 'from.reset' write handler
Rx rate: 132220
While executing 'Script@5 :: Script':
  no 'from.reset' write handler
Rx rate: 133255
While executing 'Script@5 :: Script':
  no 'from.reset' write handler
Rx rate: 131184
While executing 'Script@5 :: Script':
  no 'from.reset' write handler
Rx rate: 132867
While executing 'Script@5 :: Script':
  no 'from.reset' write handler
Rx rate: 130665
While executing 'Script@5 :: Script':
  no 'from.reset' write handler
Rx rate: 131702
While executing 'Script@5 :: Script':
  no 'from.reset' write handler
Rx rate: 130536
While executing 'Script@5 :: Script':
  no 'from.reset' write handler
Rx rate: 132993.006993
While executing 'Script@5 :: Script':
  no 'from.reset' write handler
Rx rate: 132345.654346
While executing 'Script@5 :: Script':
  no 'from.reset' write handler
Rx rate: 132479
While executing 'Script@5 :: Script':
  no 'from.reset' write handler
Rx rate: 131442
While executing 'Script@5 :: Script':
  no 'from.reset' write handler
Rx rate: 132216.783217
While executing 'Script@5 :: Script':
  no 'from.reset' write handler
Rx rate: 131570.42957
While executing 'Script@5 :: Script':
  no 'from.reset' write handler
Rx rate: 132608
While executing 'Script@5 :: Script':
  no 'from.reset' write handler
Rx rate: 130534.465534
While executing 'Script@5 :: Script':
  no 'from.reset' write handler
Rx rate: 130666
While executing 'Script@5 :: Script':
  no 'from.reset' write handler
Rx rate: 130795
While executing 'Script@5 :: Script':
  no 'from.reset' write handler
Rx rate: 131701
While executing 'Script@5 :: Script':
  no 'from.reset' write handler
Rx rate: 131443
While executing 'Script@5 :: Script':
  no 'from.reset' write handler
Rx rate: 132993.006993
While executing 'Script@5 :: Script':
  no 'from.reset' write handler
Rx rate: 130923.076923
While executing 'Script@5 :: Script':
  no 'from.reset' write handler
Rx rate: 132216.783217
While executing 'Script@5 :: Script':
  no 'from.reset' write handler
Rx rate: 131701
While executing 'Script@5 :: Script':
  no 'from.reset' write handler
Rx rate: 131961
While executing 'Script@5 :: Script':
  no 'from.reset' write handler
Rx rate: 131569.430569
While executing 'Script@5 :: Script':
  no 'from.reset' write handler
Rx rate: 133256
While executing 'Script@5 :: Script':
  no 'from.reset' write handler
Rx rate: 132090
While executing 'Script@5 :: Script':
  no 'from.reset' write handler
Rx rate: 131181.818182
While executing 'Script@5 :: Script':
  no 'from.reset' write handler
Rx rate: 132216.783217
While executing 'Script@5 :: Script':
  no 'from.reset' write handler
AUTOTEST_DONE
