Startup trace (nsec): main: 161020508672
Startup trace (nsec): init done: 161021531542
Rx rate: 214651.162791   TxExt rate: 213000   TxInt rate: 213000
While executing 'Script@11 :: Script':
  no 'from_device.reset' write handler
SimpleQueue@7 :: SimpleQueue: overflow
Rx rate: 217697.813121   TxExt rate: 215855.864811   TxInt rate: 215855.864811
While executing 'Script@11 :: Script':
  no 'from_device.reset' write handler
Rx rate: 221805.58325   TxExt rate: 219758.723829   TxInt rate: 219758.723829
While executing 'Script@11 :: Script':
  no 'from_device.reset' write handler
Rx rate: 217440.239044   TxExt rate: 215429.282869   TxInt rate: 215429.282869
While executing 'Script@11 :: Script':
  no 'from_device.reset' write handler
Rx rate: 214766.6999   TxExt rate: 212853.439681   TxInt rate: 212853.439681
While executing 'Script@11 :: Script':
  no 'from_device.reset' write handler
Rx rate: 222379.62038   TxExt rate: 219435.564436   TxInt rate: 219435.564436
While executing 'Script@11 :: Script':
  no 'from_device.reset' write handler
Rx rate: 217761   TxExt rate: 215229   TxInt rate: 215229
While executing 'Script@11 :: Script':
  no 'from_device.reset' write handler
Rx rate: 219331.668332   TxExt rate: 216515.484515   TxInt rate: 216515.484515
While executing 'Script@11 :: Script':
  no 'from_device.reset' write handler
Rx rate: 219840.15984   TxExt rate: 217949.050949   TxInt rate: 217949.050949
While executing 'Script@11 :: Script':
  no 'from_device.reset' write handler
Rx rate: 218283   TxExt rate: 216318   TxInt rate: 216318
While executing 'Script@11 :: Script':
  no 'from_device.reset' write handler
Rx rate: 217142.857143   TxExt rate: 215212.787213   TxInt rate: 215212.787213
While executing 'Script@11 :: Script':
  no 'from_device.reset' write handler
Rx rate: 221822.177822   TxExt rate: 219848.151848   TxInt rate: 219848.151848
While executing 'Script@11 :: Script':
  no 'from_device.reset' write handler
Rx rate: 221117   TxExt rate: 219182   TxInt rate: 219182
While executing 'Script@11 :: Script':
  no 'from_device.reset' write handler
Rx rate: 219705   TxExt rate: 217486   TxInt rate: 217486
While executing 'Script@11 :: Script':
  no 'from_device.reset' write handler
Rx rate: 219598   TxExt rate: 217852   TxInt rate: 217852
While executing 'Script@11 :: Script':
  no 'from_device.reset' write handler
Rx rate: 222462.537463   TxExt rate: 219884.115884   TxInt rate: 219884.115884
While executing 'Script@11 :: Script':
  no 'from_device.reset' write handler
Rx rate: 217623.376623   TxExt rate: 215065.934066   TxInt rate: 215065.934066
While executing 'Script@11 :: Script':
  no 'from_device.reset' write handler
Rx rate: 220835   TxExt rate: 217579   TxInt rate: 217579
While executing 'Script@11 :: Script':
  no 'from_device.reset' write handler
Rx rate: 218560   TxExt rate: 216429   TxInt rate: 216429
While executing 'Script@11 :: Script':
  no 'from_device.reset' write handler
Rx rate: 222184   TxExt rate: 220317   TxInt rate: 220317
While executing 'Script@11 :: Script':
  no 'from_device.reset' write handler
Rx rate: 222031   TxExt rate: 219822   TxInt rate: 219822
While executing 'Script@11 :: Script':
  no 'from_device.reset' write handler
Rx rate: 221729   TxExt rate: 219735   TxInt rate: 219735
While executing 'Script@11 :: Script':
  no 'from_device.reset' write handler
Rx rate: 223365   TxExt rate: 221208   TxInt rate: 221208
While executing 'Script@11 :: Script':
  no 'from_device.reset' write handler
Rx rate: 219669   TxExt rate: 217651   TxInt rate: 217651
While executing 'Script@11 :: Script':
  no 'from_device.reset' write handler
Rx rate: 212298.701299   TxExt rate: 210354.645355   TxInt rate: 210354.645355
While executing 'Script@11 :: Script':
  no 'from_device.reset' write handler
Rx rate: 219617   TxExt rate: 216924   TxInt rate: 216924
While executing 'Script@11 :: Script':
  no 'from_device.reset' write handler
Rx rate: 221079   TxExt rate: 218131   TxInt rate: 218131
While executing 'Script@11 :: Script':
  no 'from_device.reset' write handler
Rx rate: 218617   TxExt rate: 215771   TxInt rate: 215771
While executing 'Script@11 :: Script':
  no 'from_device.reset' write handler
Rx rate: 218454.545455   TxExt rate: 216358.641359   TxInt rate: 216358.641359
While executing 'Script@11 :: Script':
  no 'from_device.reset' write handler
Rx rate: 216435.564436   TxExt rate: 214367.632368   TxInt rate: 214367.632368
While executing 'Script@11 :: Script':
  no 'from_device.reset' write handler
Rx rate: 220698   TxExt rate: 218824   TxInt rate: 218824
While executing 'Script@11 :: Script':
  no 'from_device.reset' write handler
Rx rate: 221444   TxExt rate: 219373   TxInt rate: 219373
While executing 'Script@11 :: Script':
  no 'from_device.reset' write handler
Rx rate: 218641   TxExt rate: 216737   TxInt rate: 216737
While executing 'Script@11 :: Script':
  no 'from_device.reset' write handler
Rx rate: 219962   TxExt rate: 218006   TxInt rate: 218006
While executing 'Script@11 :: Script':
  no 'from_device.reset' write handler
Rx rate: 219357   TxExt rate: 217316   TxInt rate: 217316
While executing 'Script@11 :: Script':
  no 'from_device.reset' write handler
Rx rate: 222641   TxExt rate: 220117   TxInt rate: 220117
While executing 'Script@11 :: Script':
  no 'from_device.reset' write handler
Rx rate: 218275   TxExt rate: 215659   TxInt rate: 215659
While executing 'Script@11 :: Script':
  no 'from_device.reset' write handler
Rx rate: 222545   TxExt rate: 219654   TxInt rate: 219654
While executing 'Script@11 :: Script':
  no 'from_device.reset' write handler
Rx rate: 216474   TxExt rate: 214501   TxInt rate: 214501
While executing 'Script@11 :: Script':
  no 'from_device.reset' write handler
Rx rate: 219453   TxExt rate: 217479   TxInt rate: 217479
While executing 'Script@11 :: Script':
  no 'from_device.reset' write handler
Rx rate: 217476   TxExt rate: 215312   TxInt rate: 215312
While executing 'Script@11 :: Script':
  no 'from_device.reset' write handler
Rx rate: 219564.435564   TxExt rate: 217448.551449   TxInt rate: 217448.551449
While executing 'Script@11 :: Script':
  no 'from_device.reset' write handler
Rx rate: 218284   TxExt rate: 216058   TxInt rate: 216058
While executing 'Script@11 :: Script':
  no 'from_device.reset' write handler
Rx rate: 222097   TxExt rate: 220015   TxInt rate: 220015
While executing 'Script@11 :: Script':
  no 'from_device.reset' write handler
Rx rate: 219167   TxExt rate: 217247   TxInt rate: 217247
While executing 'Script@11 :: Script':
  no 'from_device.reset' write handler
Rx rate: 219184   TxExt rate: 216583   TxInt rate: 216583
While executing 'Script@11 :: Script':
  no 'from_device.reset' write handler
Rx rate: 222179   TxExt rate: 219783   TxInt rate: 219783
While executing 'Script@11 :: Script':
  no 'from_device.reset' write handler
Rx rate: 222010   TxExt rate: 219973   TxInt rate: 219973
While executing 'Script@11 :: Script':
  no 'from_device.reset' write handler
Rx rate: 222440   TxExt rate: 218720   TxInt rate: 218720
While executing 'Script@11 :: Script':
  no 'from_device.reset' write handler
Rx rate: 217901.098901   TxExt rate: 216006.993007   TxInt rate: 216006.993007
While executing 'Script@11 :: Script':
  no 'from_device.reset' write handler
Rx rate: 217236   TxExt rate: 215423   TxInt rate: 215423
While executing 'Script@11 :: Script':
  no 'from_device.reset' write handler
Rx rate: 222465   TxExt rate: 220424   TxInt rate: 220424
While executing 'Script@11 :: Script':
  no 'from_device.reset' write handler
Rx rate: 220674   TxExt rate: 218978   TxInt rate: 218978
While executing 'Script@11 :: Script':
  no 'from_device.reset' write handler
Rx rate: 220466   TxExt rate: 218668   TxInt rate: 218668
While executing 'Script@11 :: Script':
  no 'from_device.reset' write handler
Rx rate: 216864   TxExt rate: 214888   TxInt rate: 214888
While executing 'Script@11 :: Script':
  no 'from_device.reset' write handler
Rx rate: 216360   TxExt rate: 213525   TxInt rate: 213525
While executing 'Script@11 :: Script':
  no 'from_device.reset' write handler
Rx rate: 219973.026973   TxExt rate: 217575.424575   TxInt rate: 217575.424575
While executing 'Script@11 :: Script':
  no 'from_device.reset' write handler
Rx rate: 221171.828172   TxExt rate: 219204.795205   TxInt rate: 219204.795205
While executing 'Script@11 :: Script':
  no 'from_device.reset' write handler
Rx rate: 219065   TxExt rate: 216158   TxInt rate: 216158
While executing 'Script@11 :: Script':
  no 'from_device.reset' write handler
Rx rate: 222149   TxExt rate: 219963   TxInt rate: 219963
While executing 'Script@11 :: Script':
  no 'from_device.reset' write handler
Rx rate: 219508   TxExt rate: 217424   TxInt rate: 217424
While executing 'Script@11 :: Script':
  no 'from_device.reset' write handler
Rx rate: 215437   TxExt rate: 213337   TxInt rate: 213337
While executing 'Script@11 :: Script':
  no 'from_device.reset' write handler
Rx rate: 219703   TxExt rate: 217876   TxInt rate: 217876
While executing 'Script@11 :: Script':
  no 'from_device.reset' write handler
Rx rate: 220316.683317   TxExt rate: 218378.621379   TxInt rate: 218378.621379
While executing 'Script@11 :: Script':
  no 'from_device.reset' write handler
Rx rate: 217331   TxExt rate: 215327   TxInt rate: 215327
While executing 'Script@11 :: Script':
  no 'from_device.reset' write handler
Rx rate: 220126   TxExt rate: 217234   TxInt rate: 217234
While executing 'Script@11 :: Script':
  no 'from_device.reset' write handler
Rx rate: 223170   TxExt rate: 220565   TxInt rate: 220565
While executing 'Script@11 :: Script':
  no 'from_device.reset' write handler
Rx rate: 220223   TxExt rate: 218133   TxInt rate: 218133
While executing 'Script@11 :: Script':
  no 'from_device.reset' write handler
Rx rate: 218974   TxExt rate: 216149   TxInt rate: 216149
While executing 'Script@11 :: Script':
  no 'from_device.reset' write handler
Rx rate: 224168   TxExt rate: 222217   TxInt rate: 222217
While executing 'Script@11 :: Script':
  no 'from_device.reset' write handler
Rx rate: 221513   TxExt rate: 219434   TxInt rate: 219434
While executing 'Script@11 :: Script':
  no 'from_device.reset' write handler
Rx rate: 224083   TxExt rate: 222173   TxInt rate: 222173
While executing 'Script@11 :: Script':
  no 'from_device.reset' write handler
AUTOTEST_DONE
