/tmp/linux.click:2: While initializing 'from :: FromDevice':
  warning: ens7: no IPv4 address assigned
Startup trace (nsec): main: 9262472203
Startup trace (nsec): init done: 9271135877
Rx rate: 0
While executing 'Script@5 :: Script':
  no 'from.reset' write handler
Rx rate: 445330.935252
While executing 'Script@5 :: Script':
  no 'from.reset' write handler
Rx rate: 609669.99003
While executing 'Script@5 :: Script':
  no 'from.reset' write handler
Rx rate: 690235
While executing 'Script@5 :: Script':
  no 'from.reset' write handler
Rx rate: 704252.988048
While executing 'Script@5 :: Script':
  no 'from.reset' write handler
Rx rate: 680681.954138
While executing 'Script@5 :: Script':
  no 'from.reset' write handler
Rx rate: 711214
While executing 'Script@5 :: Script':
  no 'from.reset' write handler
Rx rate: 675947.105788
While executing 'Script@5 :: Script':
  no 'from.reset' write handler
Rx rate: 682779.220779
While executing 'Script@5 :: Script':
  no 'from.reset' write handler
Rx rate: 706293
While executing 'Script@5 :: Script':
  no 'from.reset' write handler
Rx rate: 695145.418327
While executing 'Script@5 :: Script':
  no 'from.reset' write handler
Rx rate: 677384.615385
While executing 'Script@5 :: Script':
  no 'from.reset' write handler
Rx rate: 703517.482517
While executing 'Script@5 :: Script':
  no 'from.reset' write handler
Rx rate: 698601.398601
While executing 'Script@5 :: Script':
  no 'from.reset' write handler
Rx rate: 680263
While executing 'Script@5 :: Script':
  no 'from.reset' write handler
Rx rate: 702223.776224
While executing 'Script@5 :: Script':
  no 'from.reset' write handler
Rx rate: 708495
While executing 'Script@5 :: Script':
  no 'from.reset' write handler
Rx rate: 696002
While executing 'Script@5 :: Script':
  no 'from.reset' write handler
Rx rate: 666396
While executing 'Script@5 :: Script':
  no 'from.reset' write handler
Rx rate: 701631
While executing 'Script@5 :: Script':
  no 'from.reset' write handler
Rx rate: 695505
While executing 'Script@5 :: Script':
  no 'from.reset' write handler
Rx rate: 659285
While executing 'Script@5 :: Script':
  no 'from.reset' write handler
Rx rate: 703055
While executing 'Script@5 :: Script':
  no 'from.reset' write handler
Rx rate: 700336
While executing 'Script@5 :: Script':
  no 'from.reset' write handler
Rx rate: 652555.555556
While executing 'Script@5 :: Script':
  no 'from.reset' write handler
Rx rate: 691789
While executing 'Script@5 :: Script':
  no 'from.reset' write handler
Rx rate: 699895.104895
While executing 'Script@5 :: Script':
  no 'from.reset' write handler
Rx rate: 623329
While executing 'Script@5 :: Script':
  no 'from.reset' write handler
Rx rate: 705725
While executing 'Script@5 :: Script':
  no 'from.reset' write handler
Rx rate: 703574
While executing 'Script@5 :: Script':
  no 'from.reset' write handler
Rx rate: 698652
While executing 'Script@5 :: Script':
  no 'from.reset' write handler
Rx rate: 701967
While executing 'Script@5 :: Script':
  no 'from.reset' write handler
Rx rate: 711279.72028
While executing 'Script@5 :: Script':
  no 'from.reset' write handler
Rx rate: 712509
While executing 'Script@5 :: Script':
  no 'from.reset' write handler
Rx rate: 720335.664336
While executing 'Script@5 :: Script':
  no 'from.reset' write handler
Rx rate: 716394
While executing 'Script@5 :: Script':
  no 'from.reset' write handler
Rx rate: 716135
While executing 'Script@5 :: Script':
  no 'from.reset' write handler
Rx rate: 721265
While executing 'Script@5 :: Script':
  no 'from.reset' write handler
Rx rate: 699251
While executing 'Script@5 :: Script':
  no 'from.reset' write handler
Rx rate: 693990
While executing 'Script@5 :: Script':
  no 'from.reset' write handler
Rx rate: 699948
While executing 'Script@5 :: Script':
  no 'from.reset' write handler
Rx rate: 698563.872255
While executing 'Script@5 :: Script':
  no 'from.reset' write handler
Rx rate: 701502
While executing 'Script@5 :: Script':
  no 'from.reset' write handler
Rx rate: 694767
While executing 'Script@5 :: Script':
  no 'from.reset' write handler
Rx rate: 694768
While executing 'Script@5 :: Script':
  no 'from.reset' write handler
Rx rate: 694720.27972
While executing 'Script@5 :: Script':
  no 'from.reset' write handler
Rx rate: 695156
While executing 'Script@5 :: Script':
  no 'from.reset' write handler
Rx rate: 693504.495504
While executing 'Script@5 :: Script':
  no 'from.reset' write handler
Rx rate: 701787
While executing 'Script@5 :: Script':
  no 'from.reset' write handler
Rx rate: 699818
While executing 'Script@5 :: Script':
  no 'from.reset' write handler
Rx rate: 697746
While executing 'Script@5 :: Script':
  no 'from.reset' write handler
Rx rate: 691304.695305
While executing 'Script@5 :: Script':
  no 'from.reset' write handler
Rx rate: 692825
While executing 'Script@5 :: Script':
  no 'from.reset' write handler
Rx rate: 696451
While executing 'Script@5 :: Script':
  no 'from.reset' write handler
Rx rate: 694850.14985
While executing 'Script@5 :: Script':
  no 'from.reset' write handler
Rx rate: 699818
While executing 'Script@5 :: Script':
  no 'from.reset' write handler
Rx rate: 705127
While executing 'Script@5 :: Script':
  no 'from.reset' write handler
Rx rate: 665969
While executing 'Script@5 :: Script':
  no 'from.reset' write handler
Rx rate: 705183
While executing 'Script@5 :: Script':
  no 'from.reset' write handler
Rx rate: 702796
While executing 'Script@5 :: Script':
  no 'from.reset' write handler
Rx rate: 693732
While executing 'Script@5 :: Script':
  no 'from.reset' write handler
Rx rate: 698214
While executing 'Script@5 :: Script':
  no 'from.reset' write handler
Rx rate: 697746
While executing 'Script@5 :: Script':
  no 'from.reset' write handler
Rx rate: 695933
While executing 'Script@5 :: Script':
  no 'from.reset' write handler
Rx rate: 692825
While executing 'Script@5 :: Script':
  no 'from.reset' write handler
Rx rate: 693731
While executing 'Script@5 :: Script':
  no 'from.reset' write handler
Rx rate: 694250
While executing 'Script@5 :: Script':
  no 'from.reset' write handler
Rx rate: 694844
While executing 'Script@5 :: Script':
  no 'from.reset' write handler
Rx rate: 705481.518482
While executing 'Script@5 :: Script':
  no 'from.reset' write handler
Rx rate: 695933
While executing 'Script@5 :: Script':
  no 'from.reset' write handler
Rx rate: 702278
While executing 'Script@5 :: Script':
  no 'from.reset' write handler
Rx rate: 704739
While executing 'Script@5 :: Script':
  no 'from.reset' write handler
Rx rate: 701015.984016
While executing 'Script@5 :: Script':
  no 'from.reset' write handler
AUTOTEST_DONE
