/tmp/linux.click:2: While initializing 'from_device :: FromDevice':
  warning: ens7: no IPv4 address assigned
Startup trace (nsec): main: 9283172925
Startup trace (nsec): init done: 9293066496
Rx rate: 130000   TxExt rate: 129000   TxInt rate: 129000
While executing 'Script@11 :: Script':
  no 'from_device.reset' write handler
SimpleQueue@7 :: SimpleQueue: overflow
Rx rate: 272659.340659   TxExt rate: 270308.691309   TxInt rate: 270308.691309
While executing 'Script@11 :: Script':
  no 'from_device.reset' write handler
Rx rate: 304443.668993   TxExt rate: 301738.783649   TxInt rate: 301738.783649
While executing 'Script@11 :: Script':
  no 'from_device.reset' write handler
Rx rate: 303833.166833   TxExt rate: 301102.897103   TxInt rate: 301102.897103
While executing 'Script@11 :: Script':
  no 'from_device.reset' write handler
Rx rate: 293868.263473   TxExt rate: 291336.327345   TxInt rate: 291336.327345
While executing 'Script@11 :: Script':
  no 'from_device.reset' write handler
Rx rate: 292883.116883   TxExt rate: 290448.551449   TxInt rate: 290448.551449
While executing 'Script@11 :: Script':
  no 'from_device.reset' write handler
Rx rate: 301555   TxExt rate: 297462   TxInt rate: 297462
While executing 'Script@11 :: Script':
  no 'from_device.reset' write handler
Rx rate: 293416.583417   TxExt rate: 289390.609391   TxInt rate: 289390.609391
While executing 'Script@11 :: Script':
  no 'from_device.reset' write handler
Rx rate: 302747.252747   TxExt rate: 300118.881119   TxInt rate: 300118.881119
While executing 'Script@11 :: Script':
  no 'from_device.reset' write handler
Rx rate: 301780   TxExt rate: 299358   TxInt rate: 299358
While executing 'Script@11 :: Script':
  no 'from_device.reset' write handler
Rx rate: 292591   TxExt rate: 290158   TxInt rate: 290158
While executing 'Script@11 :: Script':
  no 'from_device.reset' write handler
Rx rate: 304000   TxExt rate: 301541   TxInt rate: 301541
While executing 'Script@11 :: Script':
  no 'from_device.reset' write handler
Rx rate: 301640.35964   TxExt rate: 299155.844156   TxInt rate: 299155.844156
While executing 'Script@11 :: Script':
  no 'from_device.reset' write handler
Rx rate: 292727.272727   TxExt rate: 290475.524476   TxInt rate: 290475.524476
While executing 'Script@11 :: Script':
  no 'from_device.reset' write handler
Rx rate: 301053   TxExt rate: 298531   TxInt rate: 298531
While executing 'Script@11 :: Script':
  no 'from_device.reset' write handler
Rx rate: 301133   TxExt rate: 298710   TxInt rate: 298710
While executing 'Script@11 :: Script':
  no 'from_device.reset' write handler
Rx rate: 300491   TxExt rate: 296931   TxInt rate: 296931
While executing 'Script@11 :: Script':
  no 'from_device.reset' write handler
Rx rate: 291558   TxExt rate: 287734   TxInt rate: 287734
While executing 'Script@11 :: Script':
  no 'from_device.reset' write handler
Rx rate: 303582   TxExt rate: 300923   TxInt rate: 300923
While executing 'Script@11 :: Script':
  no 'from_device.reset' write handler
Rx rate: 301541   TxExt rate: 299079   TxInt rate: 299079
While executing 'Script@11 :: Script':
  no 'from_device.reset' write handler
Rx rate: 287505.494505   TxExt rate: 285087.912088   TxInt rate: 285087.912088
While executing 'Script@11 :: Script':
  no 'from_device.reset' write handler
Rx rate: 303411.588412   TxExt rate: 300748.251748   TxInt rate: 300748.251748
While executing 'Script@11 :: Script':
  no 'from_device.reset' write handler
Rx rate: 302637   TxExt rate: 300055   TxInt rate: 300055
While executing 'Script@11 :: Script':
  no 'from_device.reset' write handler
Rx rate: 287455   TxExt rate: 284934   TxInt rate: 284934
While executing 'Script@11 :: Script':
  no 'from_device.reset' write handler
Rx rate: 301133   TxExt rate: 298451   TxInt rate: 298451
While executing 'Script@11 :: Script':
  no 'from_device.reset' write handler
Rx rate: 301275   TxExt rate: 298568   TxInt rate: 298568
While executing 'Script@11 :: Script':
  no 'from_device.reset' write handler
Rx rate: 284678   TxExt rate: 281398   TxInt rate: 281398
While executing 'Script@11 :: Script':
  no 'from_device.reset' write handler
Rx rate: 300229.77023   TxExt rate: 296014.985015   TxInt rate: 296014.985015
While executing 'Script@11 :: Script':
  no 'from_device.reset' write handler
Rx rate: 300145.854146   TxExt rate: 297545.454545   TxInt rate: 297545.454545
While executing 'Script@11 :: Script':
  no 'from_device.reset' write handler
Rx rate: 301980   TxExt rate: 299417   TxInt rate: 299417
While executing 'Script@11 :: Script':
  no 'from_device.reset' write handler
Rx rate: 298327   TxExt rate: 295818   TxInt rate: 295818
While executing 'Script@11 :: Script':
  no 'from_device.reset' write handler
Rx rate: 300582   TxExt rate: 298096   TxInt rate: 298096
While executing 'Script@11 :: Script':
  no 'from_device.reset' write handler
Rx rate: 299866   TxExt rate: 297257   TxInt rate: 297257
While executing 'Script@11 :: Script':
  no 'from_device.reset' write handler
Rx rate: 299730   TxExt rate: 297264   TxInt rate: 297264
While executing 'Script@11 :: Script':
  no 'from_device.reset' write handler
Rx rate: 301126   TxExt rate: 298458   TxInt rate: 298458
While executing 'Script@11 :: Script':
  no 'from_device.reset' write handler
Rx rate: 300501   TxExt rate: 297788   TxInt rate: 297788
While executing 'Script@11 :: Script':
  no 'from_device.reset' write handler
Rx rate: 300608   TxExt rate: 296202   TxInt rate: 296202
While executing 'Script@11 :: Script':
  no 'from_device.reset' write handler
Rx rate: 304471   TxExt rate: 300342   TxInt rate: 300342
While executing 'Script@11 :: Script':
  no 'from_device.reset' write handler
Rx rate: 302203.796204   TxExt rate: 299627.372627   TxInt rate: 299627.372627
While executing 'Script@11 :: Script':
  no 'from_device.reset' write handler
Rx rate: 302608   TxExt rate: 300084   TxInt rate: 300084
While executing 'Script@11 :: Script':
  no 'from_device.reset' write handler
Rx rate: 299976.023976   TxExt rate: 297456.543457   TxInt rate: 297456.543457
While executing 'Script@11 :: Script':
  no 'from_device.reset' write handler
Rx rate: 300982   TxExt rate: 298343   TxInt rate: 298343
While executing 'Script@11 :: Script':
  no 'from_device.reset' write handler
Rx rate: 300712   TxExt rate: 298095   TxInt rate: 298095
While executing 'Script@11 :: Script':
  no 'from_device.reset' write handler
Rx rate: 301074   TxExt rate: 298510   TxInt rate: 298510
While executing 'Script@11 :: Script':
  no 'from_device.reset' write handler
Rx rate: 302253.746254   TxExt rate: 299577.422577   TxInt rate: 299577.422577
While executing 'Script@11 :: Script':
  no 'from_device.reset' write handler
Rx rate: 300906.093906   TxExt rate: 298208.791209   TxInt rate: 298208.791209
While executing 'Script@11 :: Script':
  no 'from_device.reset' write handler
Rx rate: 301209   TxExt rate: 298763   TxInt rate: 298763
While executing 'Script@11 :: Script':
  no 'from_device.reset' write handler
Rx rate: 303547   TxExt rate: 299101   TxInt rate: 299101
While executing 'Script@11 :: Script':
  no 'from_device.reset' write handler
Rx rate: 301826.173826   TxExt rate: 299228.771229   TxInt rate: 299228.771229
While executing 'Script@11 :: Script':
  no 'from_device.reset' write handler
Rx rate: 301670   TxExt rate: 298950   TxInt rate: 298950
While executing 'Script@11 :: Script':
  no 'from_device.reset' write handler
Rx rate: 300661   TxExt rate: 297887   TxInt rate: 297887
While executing 'Script@11 :: Script':
  no 'from_device.reset' write handler
Rx rate: 301837.162837   TxExt rate: 299217.782218   TxInt rate: 299217.782218
While executing 'Script@11 :: Script':
  no 'from_device.reset' write handler
Rx rate: 299942   TxExt rate: 297311   TxInt rate: 297311
While executing 'Script@11 :: Script':
  no 'from_device.reset' write handler
Rx rate: 302896   TxExt rate: 300314   TxInt rate: 300314
While executing 'Script@11 :: Script':
  no 'from_device.reset' write handler
Rx rate: 302819   TxExt rate: 300132   TxInt rate: 300132
While executing 'Script@11 :: Script':
  no 'from_device.reset' write handler
Rx rate: 303000   TxExt rate: 300383.616384   TxInt rate: 300383.616384
While executing 'Script@11 :: Script':
  no 'from_device.reset' write handler
Rx rate: 299195   TxExt rate: 296763   TxInt rate: 296763
While executing 'Script@11 :: Script':
  no 'from_device.reset' write handler
Rx rate: 301527.472527   TxExt rate: 295632.367632   TxInt rate: 295632.367632
While executing 'Script@11 :: Script':
  no 'from_device.reset' write handler
Rx rate: 302161.838162   TxExt rate: 299669.330669   TxInt rate: 299669.330669
While executing 'Script@11 :: Script':
  no 'from_device.reset' write handler
Rx rate: 302014   TxExt rate: 299383   TxInt rate: 299383
While executing 'Script@11 :: Script':
  no 'from_device.reset' write handler
Rx rate: 299365   TxExt rate: 296852   TxInt rate: 296852
While executing 'Script@11 :: Script':
  no 'from_device.reset' write handler
Rx rate: 301159   TxExt rate: 298684   TxInt rate: 298684
While executing 'Script@11 :: Script':
  no 'from_device.reset' write handler
Rx rate: 301565   TxExt rate: 299055   TxInt rate: 299055
While executing 'Script@11 :: Script':
  no 'from_device.reset' write handler
Rx rate: 302295   TxExt rate: 299620   TxInt rate: 299620
While executing 'Script@11 :: Script':
  no 'from_device.reset' write handler
Rx rate: 301242.757243   TxExt rate: 298777.222777   TxInt rate: 298777.222777
While executing 'Script@11 :: Script':
  no 'from_device.reset' write handler
Rx rate: 302167   TxExt rate: 299489   TxInt rate: 299489
While executing 'Script@11 :: Script':
  no 'from_device.reset' write handler
Rx rate: 304090   TxExt rate: 300798.798799   TxInt rate: 300798.798799
While executing 'Script@11 :: Script':
  no 'from_device.reset' write handler
Rx rate: 303117.234469   TxExt rate: 299187.187187   TxInt rate: 299187.187187
While executing 'Script@11 :: Script':
  no 'from_device.reset' write handler
Rx rate: 301374   TxExt rate: 298987   TxInt rate: 298987
While executing 'Script@11 :: Script':
  no 'from_device.reset' write handler
Rx rate: 300529   TxExt rate: 298019   TxInt rate: 298019
While executing 'Script@11 :: Script':
  no 'from_device.reset' write handler
Rx rate: 301892   TxExt rate: 299246   TxInt rate: 299246
While executing 'Script@11 :: Script':
  no 'from_device.reset' write handler
Rx rate: 301044.955045   TxExt rate: 298457.542458   TxInt rate: 298457.542458
While executing 'Script@11 :: Script':
  no 'from_device.reset' write handler
AUTOTEST_DONE
