Startup trace (nsec): main: 161015685547
Startup trace (nsec): init done: 161017198041
Rx rate: 11470.5882353   TxExt rate: 11382.3529412   TxInt rate: 11382.3529412
While executing 'Script@11 :: Script':
  no 'from_device.reset' write handler
Rx rate: 11501.814882   TxExt rate: 11413.7931034   TxInt rate: 11413.7931034
While executing 'Script@11 :: Script':
  no 'from_device.reset' write handler
Rx rate: 11584.77842   TxExt rate: 11495.1830443   TxInt rate: 11495.1830443
While executing 'Script@11 :: Script':
  no 'from_device.reset' write handler
SimpleQueue@7 :: SimpleQueue: overflow
Rx rate: 11481.844946   TxExt rate: 11393.5230618   TxInt rate: 11393.5230618
While executing 'Script@11 :: Script':
  no 'from_device.reset' write handler
Rx rate: 13672.2276742   TxExt rate: 12112.8557409   TxInt rate: 12112.8557409
While executing 'Script@11 :: Script':
  no 'from_device.reset' write handler
Rx rate: 12818.0943215   TxExt rate: 11539.9422522   TxInt rate: 11539.9422522
While executing 'Script@11 :: Script':
  no 'from_device.reset' write handler
Rx rate: 11664.4034918   TxExt rate: 11584.4660194   TxInt rate: 11584.4660194
While executing 'Script@11 :: Script':
  no 'from_device.reset' write handler
Rx rate: 11399.0147783   TxExt rate: 11311.3300493   TxInt rate: 11311.3300493
While executing 'Script@11 :: Script':
  no 'from_device.reset' write handler
Rx rate: 11622.3776224   TxExt rate: 11534.4655345   TxInt rate: 11534.4655345
While executing 'Script@11 :: Script':
  no 'from_device.reset' write handler
Rx rate: 11455.4455446   TxExt rate: 11367.3267327   TxInt rate: 11367.3267327
While executing 'Script@11 :: Script':
  no 'from_device.reset' write handler
Rx rate: 11546.9061876   TxExt rate: 11458.0838323   TxInt rate: 11458.0838323
While executing 'Script@11 :: Script':
  no 'from_device.reset' write handler
Rx rate: 11546.9061876   TxExt rate: 11458.0838323   TxInt rate: 11458.0838323
While executing 'Script@11 :: Script':
  no 'from_device.reset' write handler
Rx rate: 11612.7744511   TxExt rate: 11533.4665335   TxInt rate: 11533.4665335
While executing 'Script@11 :: Script':
  no 'from_device.reset' write handler
Rx rate: 11417.1656687   TxExt rate: 11329.3413174   TxInt rate: 11329.3413174
While executing 'Script@11 :: Script':
  no 'from_device.reset' write handler
Rx rate: 12164.8351648   TxExt rate: 11588.4115884   TxInt rate: 11588.4115884
While executing 'Script@11 :: Script':
  no 'from_device.reset' write handler
Rx rate: 13375.6243756   TxExt rate: 11792.2077922   TxInt rate: 11792.2077922
While executing 'Script@11 :: Script':
  no 'from_device.reset' write handler
Rx rate: 11428.5714286   TxExt rate: 11340.6593407   TxInt rate: 11340.6593407
While executing 'Script@11 :: Script':
  no 'from_device.reset' write handler
Rx rate: 11665.004985   TxExt rate: 11575.2741775   TxInt rate: 11575.2741775
While executing 'Script@11 :: Script':
  no 'from_device.reset' write handler
Rx rate: 11353.2934132   TxExt rate: 11275.7242757   TxInt rate: 11275.7242757
While executing 'Script@11 :: Script':
  no 'from_device.reset' write handler
Rx rate: 11405.782652   TxExt rate: 11318.0458624   TxInt rate: 11318.0458624
While executing 'Script@11 :: Script':
  no 'from_device.reset' write handler
Rx rate: 11546.9061876   TxExt rate: 11458.0838323   TxInt rate: 11458.0838323
While executing 'Script@11 :: Script':
  no 'from_device.reset' write handler
Rx rate: 11405.782652   TxExt rate: 11318.0458624   TxInt rate: 11318.0458624
While executing 'Script@11 :: Script':
  no 'from_device.reset' write handler
Rx rate: 11458.1673307   TxExt rate: 11371.5139442   TxInt rate: 11371.5139442
While executing 'Script@11 :: Script':
  no 'from_device.reset' write handler
Rx rate: 11405.782652   TxExt rate: 11318.0458624   TxInt rate: 11318.0458624
While executing 'Script@11 :: Script':
  no 'from_device.reset' write handler
Rx rate: 11866.1338661   TxExt rate: 11031.968032   TxInt rate: 11031.968032
While executing 'Script@11 :: Script':
  no 'from_device.reset' write handler
Rx rate: 15000.998004   TxExt rate: 12343.6563437   TxInt rate: 12343.6563437
While executing 'Script@11 :: Script':
  no 'from_device.reset' write handler
Rx rate: 11634   TxExt rate: 11546   TxInt rate: 11546
While executing 'Script@11 :: Script':
  no 'from_device.reset' write handler
Rx rate: 11546.9061876   TxExt rate: 11458.0838323   TxInt rate: 11458.0838323
While executing 'Script@11 :: Script':
  no 'from_device.reset' write handler
Rx rate: 11535.3938185   TxExt rate: 11446.6600199   TxInt rate: 11446.6600199
While executing 'Script@11 :: Script':
  no 'from_device.reset' write handler
Rx rate: 11287.4251497   TxExt rate: 11200.5988024   TxInt rate: 11200.5988024
While executing 'Script@11 :: Script':
  no 'from_device.reset' write handler
Rx rate: 11494.5054945   TxExt rate: 11404.5954046   TxInt rate: 11404.5954046
While executing 'Script@11 :: Script':
  no 'from_device.reset' write handler
Rx rate: 11339.9800598   TxExt rate: 11254.2372881   TxInt rate: 11254.2372881
While executing 'Script@11 :: Script':
  no 'from_device.reset' write handler
Rx rate: 11641.7910448   TxExt rate: 11552.238806   TxInt rate: 11552.238806
While executing 'Script@11 :: Script':
  no 'from_device.reset' write handler
Rx rate: 11428.5714286   TxExt rate: 11340.6593407   TxInt rate: 11340.6593407
While executing 'Script@11 :: Script':
  no 'from_device.reset' write handler
Rx rate: 12229.3120638   TxExt rate: 11652.0438684   TxInt rate: 11652.0438684
While executing 'Script@11 :: Script':
  no 'from_device.reset' write handler
Rx rate: 13256.9444444   TxExt rate: 11684.5238095   TxInt rate: 11684.5238095
While executing 'Script@11 :: Script':
  no 'from_device.reset' write handler
Rx rate: 11446.7661692   TxExt rate: 11360.199005   TxInt rate: 11360.199005
While executing 'Script@11 :: Script':
  no 'from_device.reset' write handler
Rx rate: 11512.4378109   TxExt rate: 11423.880597   TxInt rate: 11423.880597
While executing 'Script@11 :: Script':
  no 'from_device.reset' write handler
Rx rate: 11460.1593625   TxExt rate: 11370.5179283   TxInt rate: 11370.5179283
While executing 'Script@11 :: Script':
  no 'from_device.reset' write handler
Rx rate: 11523.9043825   TxExt rate: 11435.2589641   TxInt rate: 11435.2589641
While executing 'Script@11 :: Script':
  no 'from_device.reset' write handler
Rx rate: 11424.0317776   TxExt rate: 11337.6365442   TxInt rate: 11337.6365442
While executing 'Script@11 :: Script':
  no 'from_device.reset' write handler
Rx rate: 11523.9043825   TxExt rate: 11435.2589641   TxInt rate: 11435.2589641
While executing 'Script@11 :: Script':
  no 'from_device.reset' write handler
Rx rate: 11570   TxExt rate: 11481   TxInt rate: 11481
While executing 'Script@11 :: Script':
  no 'from_device.reset' write handler
Rx rate: 11440   TxExt rate: 11352   TxInt rate: 11352
While executing 'Script@11 :: Script':
  no 'from_device.reset' write handler
Rx rate: 12294.7052947   TxExt rate: 11457.5424575   TxInt rate: 11457.5424575
While executing 'Script@11 :: Script':
  no 'from_device.reset' write handler
Rx rate: 14396.2075848   TxExt rate: 12060.8782435   TxInt rate: 12060.8782435
While executing 'Script@11 :: Script':
  no 'from_device.reset' write handler
Rx rate: 11504   TxExt rate: 11417   TxInt rate: 11417
While executing 'Script@11 :: Script':
  no 'from_device.reset' write handler
Rx rate: 11296.9215492   TxExt rate: 11208.5402185   TxInt rate: 11208.5402185
While executing 'Script@11 :: Script':
  no 'from_device.reset' write handler
Rx rate: 11440   TxExt rate: 11340.6593407   TxInt rate: 11340.6593407
While executing 'Script@11 :: Script':
  no 'from_device.reset' write handler
Rx rate: 11558.4415584   TxExt rate: 11458.0838323   TxInt rate: 11458.0838323
While executing 'Script@11 :: Script':
  no 'from_device.reset' write handler
Rx rate: 11351.2974052   TxExt rate: 11265.4690619   TxInt rate: 11265.4690619
While executing 'Script@11 :: Script':
  no 'from_device.reset' write handler
Rx rate: 11253.7313433   TxExt rate: 11167.1641791   TxInt rate: 11167.1641791
While executing 'Script@11 :: Script':
  no 'from_device.reset' write handler
Rx rate: 11437.3757455   TxExt rate: 11359.2039801   TxInt rate: 11359.2039801
While executing 'Script@11 :: Script':
  no 'from_device.reset' write handler
Rx rate: 11276.1714855   TxExt rate: 11189.4317049   TxInt rate: 11189.4317049
While executing 'Script@11 :: Script':
  no 'from_device.reset' write handler
Rx rate: 11684.2629482   TxExt rate: 11113.5458167   TxInt rate: 11113.5458167
While executing 'Script@11 :: Script':
  no 'from_device.reset' write handler
Rx rate: 13454.1832669   TxExt rate: 11872.5099602   TxInt rate: 11872.5099602
While executing 'Script@11 :: Script':
  no 'from_device.reset' write handler
Rx rate: 11504   TxExt rate: 11417   TxInt rate: 11417
While executing 'Script@11 :: Script':
  no 'from_device.reset' write handler
Rx rate: 11341.9740778   TxExt rate: 11253.2402792   TxInt rate: 11253.2402792
While executing 'Script@11 :: Script':
  no 'from_device.reset' write handler
Rx rate: 11492.5074925   TxExt rate: 11405.5944056   TxInt rate: 11405.5944056
While executing 'Script@11 :: Script':
  no 'from_device.reset' write handler
Rx rate: 11428.5714286   TxExt rate: 11340.6593407   TxInt rate: 11340.6593407
While executing 'Script@11 :: Script':
  no 'from_device.reset' write handler
Rx rate: 11546.9061876   TxExt rate: 11458.0838323   TxInt rate: 11458.0838323
While executing 'Script@11 :: Script':
  no 'from_device.reset' write handler
Rx rate: 11405.782652   TxExt rate: 11318.0458624   TxInt rate: 11318.0458624
While executing 'Script@11 :: Script':
  no 'from_device.reset' write handler
Rx rate: 11676.6467066   TxExt rate: 11586.8263473   TxInt rate: 11586.8263473
While executing 'Script@11 :: Script':
  no 'from_device.reset' write handler
Rx rate: 11494.5054945   TxExt rate: 11404.5954046   TxInt rate: 11404.5954046
While executing 'Script@11 :: Script':
  no 'from_device.reset' write handler
Rx rate: 12192.6147705   TxExt rate: 11357.2854291   TxInt rate: 11357.2854291
While executing 'Script@11 :: Script':
  no 'from_device.reset' write handler
Rx rate: 12294.8207171   TxExt rate: 11462.1513944   TxInt rate: 11462.1513944
While executing 'Script@11 :: Script':
  no 'from_device.reset' write handler
Rx rate: 13037.9241517   TxExt rate: 11864.2714571   TxInt rate: 11864.2714571
While executing 'Script@11 :: Script':
  no 'from_device.reset' write handler
Rx rate: 11371.7693837   TxExt rate: 11284.2942346   TxInt rate: 11284.2942346
While executing 'Script@11 :: Script':
  no 'from_device.reset' write handler
Rx rate: 11417.1656687   TxExt rate: 11329.3413174   TxInt rate: 11329.3413174
While executing 'Script@11 :: Script':
  no 'from_device.reset' write handler
Rx rate: 11428.5714286   TxExt rate: 11340.6593407   TxInt rate: 11340.6593407
While executing 'Script@11 :: Script':
  no 'from_device.reset' write handler
Rx rate: 11607.1428571   TxExt rate: 11517.8571429   TxInt rate: 11517.8571429
While executing 'Script@11 :: Script':
  no 'from_device.reset' write handler
Rx rate: 12600   TxExt rate: 12838.1578947   TxInt rate: 12838.1578947
While executing 'Script@11 :: Script':
  no 'from_device.reset' write handler
AUTOTEST_DONE
