Startup trace (nsec): main: 381955664993
Startup trace (nsec): init done: 381960164909
Rx rate: 0
While executing 'Script@7 :: Script':
  no 'from.reset' write handler
Rx rate: 339363.636364
While executing 'Script@7 :: Script':
  no 'from.reset' write handler
Rx rate: 348626.373626
While executing 'Script@7 :: Script':
  no 'from.reset' write handler
Rx rate: 349297.702298
While executing 'Script@7 :: Script':
  no 'from.reset' write handler
Rx rate: 351101.898102
While executing 'Script@7 :: Script':
  no 'from.reset' write handler
Rx rate: 348317.048853
While executing 'Script@7 :: Script':
  no 'from.reset' write handler
Rx rate: 346302.697303
While executing 'Script@7 :: Script':
  no 'from.reset' write handler
Rx rate: 345911
While executing 'Script@7 :: Script':
  no 'from.reset' write handler
Rx rate: 350534
While executing 'Script@7 :: Script':
  no 'from.reset' write handler
Rx rate: 344084
While executing 'Script@7 :: Script':
  no 'from.reset' write handler
Rx rate: 348148.851149
While executing 'Script@7 :: Script':
  no 'from.reset' write handler
Rx rate: 348753
While executing 'Script@7 :: Script':
  no 'from.reset' write handler
Rx rate: 345901
While executing 'Script@7 :: Script':
  no 'from.reset' write handler
Rx rate: 352275.724276
While executing 'Script@7 :: Script':
  no 'from.reset' write handler
Rx rate: 349049.049049
While executing 'Script@7 :: Script':
  no 'from.reset' write handler
Rx rate: 342982
While executing 'Script@7 :: Script':
  no 'from.reset' write handler
Rx rate: 346949
While executing 'Script@7 :: Script':
  no 'from.reset' write handler
Rx rate: 328978
While executing 'Script@7 :: Script':
  no 'from.reset' write handler
Rx rate: 349988
While executing 'Script@7 :: Script':
  no 'from.reset' write handler
Rx rate: 343979
While executing 'Script@7 :: Script':
  no 'from.reset' write handler
Rx rate: 347736.263736
While executing 'Script@7 :: Script':
  no 'from.reset' write handler
Rx rate: 353114.114114
While executing 'Script@7 :: Script':
  no 'from.reset' write handler
Rx rate: 351828
While executing 'Script@7 :: Script':
  no 'from.reset' write handler
Rx rate: 350156
While executing 'Script@7 :: Script':
  no 'from.reset' write handler
Rx rate: 348054
While executing 'Script@7 :: Script':
  no 'from.reset' write handler
Rx rate: 341582
While executing 'Script@7 :: Script':
  no 'from.reset' write handler
Rx rate: 349859
While executing 'Script@7 :: Script':
  no 'from.reset' write handler
Rx rate: 346525
While executing 'Script@7 :: Script':
  no 'from.reset' write handler
Rx rate: 344527
While executing 'Script@7 :: Script':
  no 'from.reset' write handler
Rx rate: 352885
While executing 'Script@7 :: Script':
  no 'from.reset' write handler
Rx rate: 350100
While executing 'Script@7 :: Script':
  no 'from.reset' write handler
Rx rate: 354261.261261
While executing 'Script@7 :: Script':
  no 'from.reset' write handler
Rx rate: 345836
While executing 'Script@7 :: Script':
  no 'from.reset' write handler
Rx rate: 349025.025025
While executing 'Script@7 :: Script':
  no 'from.reset' write handler
Rx rate: 339462.612164
While executing 'Script@7 :: Script':
  no 'from.reset' write handler
Rx rate: 345499
While executing 'Script@7 :: Script':
  no 'from.reset' write handler
Rx rate: 344321
While executing 'Script@7 :: Script':
  no 'from.reset' write handler
Rx rate: 345978
While executing 'Script@7 :: Script':
  no 'from.reset' write handler
Rx rate: 350724
While executing 'Script@7 :: Script':
  no 'from.reset' write handler
Rx rate: 340121.878122
While executing 'Script@7 :: Script':
  no 'from.reset' write handler
Rx rate: 345249.75025
While executing 'Script@7 :: Script':
  no 'from.reset' write handler
Rx rate: 350365
While executing 'Script@7 :: Script':
  no 'from.reset' write handler
Rx rate: 344089
While executing 'Script@7 :: Script':
  no 'from.reset' write handler
Rx rate: 345046
While executing 'Script@7 :: Script':
  no 'from.reset' write handler
Rx rate: 342623.376623
While executing 'Script@7 :: Script':
  no 'from.reset' write handler
Rx rate: 349971
While executing 'Script@7 :: Script':
  no 'from.reset' write handler
Rx rate: 344078
While executing 'Script@7 :: Script':
  no 'from.reset' write handler
Rx rate: 330426
While executing 'Script@7 :: Script':
  no 'from.reset' write handler
Rx rate: 344863
While executing 'Script@7 :: Script':
  no 'from.reset' write handler
Rx rate: 340924.151697
While executing 'Script@7 :: Script':
  no 'from.reset' write handler
Rx rate: 346714.285714
While executing 'Script@7 :: Script':
  no 'from.reset' write handler
Rx rate: 346322
While executing 'Script@7 :: Script':
  no 'from.reset' write handler
Rx rate: 349610
While executing 'Script@7 :: Script':
  no 'from.reset' write handler
Rx rate: 347643.356643
While executing 'Script@7 :: Script':
  no 'from.reset' write handler
Rx rate: 342851
While executing 'Script@7 :: Script':
  no 'from.reset' write handler
Rx rate: 343103
While executing 'Script@7 :: Script':
  no 'from.reset' write handler
Rx rate: 345697
While executing 'Script@7 :: Script':
  no 'from.reset' write handler
Rx rate: 344037.962038
While executing 'Script@7 :: Script':
  no 'from.reset' write handler
Rx rate: 344920
While executing 'Script@7 :: Script':
  no 'from.reset' write handler
Rx rate: 347744.255744
While executing 'Script@7 :: Script':
  no 'from.reset' write handler
Rx rate: 350917.082917
While executing 'Script@7 :: Script':
  no 'from.reset' write handler
Rx rate: 345122
While executing 'Script@7 :: Script':
  no 'from.reset' write handler
Rx rate: 342954.045954
While executing 'Script@7 :: Script':
  no 'from.reset' write handler
Rx rate: 350119
While executing 'Script@7 :: Script':
  no 'from.reset' write handler
Rx rate: 348492
While executing 'Script@7 :: Script':
  no 'from.reset' write handler
Rx rate: 349097.804391
While executing 'Script@7 :: Script':
  no 'from.reset' write handler
Rx rate: 348955
While executing 'Script@7 :: Script':
  no 'from.reset' write handler
Rx rate: 347137
While executing 'Script@7 :: Script':
  no 'from.reset' write handler
Rx rate: 347624.375624
While executing 'Script@7 :: Script':
  no 'from.reset' write handler
Rx rate: 347312
While executing 'Script@7 :: Script':
  no 'from.reset' write handler
Rx rate: 344766.233766
While executing 'Script@7 :: Script':
  no 'from.reset' write handler
Rx rate: 342202
While executing 'Script@7 :: Script':
  no 'from.reset' write handler
Rx rate: 349748
While executing 'Script@7 :: Script':
  no 'from.reset' write handler
Rx rate: 350603
While executing 'Script@7 :: Script':
  no 'from.reset' write handler
Rx rate: 347325.674326
While executing 'Script@7 :: Script':
  no 'from.reset' write handler
Rx rate: 354223
While executing 'Script@7 :: Script':
  no 'from.reset' write handler
Rx rate: 349200
While executing 'Script@7 :: Script':
  no 'from.reset' write handler
Rx rate: 348098
While executing 'Script@7 :: Script':
  no 'from.reset' write handler
Rx rate: 335223.776224
While executing 'Script@7 :: Script':
  no 'from.reset' write handler
Rx rate: 348738.522954
While executing 'Script@7 :: Script':
  no 'from.reset' write handler
Rx rate: 348609
While executing 'Script@7 :: Script':
  no 'from.reset' write handler
Rx rate: 352496
While executing 'Script@7 :: Script':
  no 'from.reset' write handler
Rx rate: 348145
While executing 'Script@7 :: Script':
  no 'from.reset' write handler
Rx rate: 350011
While executing 'Script@7 :: Script':
  no 'from.reset' write handler
Rx rate: 349829
While executing 'Script@7 :: Script':
  no 'from.reset' write handler
Rx rate: 349052
While executing 'Script@7 :: Script':
  no 'from.reset' write handler
Rx rate: 347899
While executing 'Script@7 :: Script':
  no 'from.reset' write handler
Rx rate: 353910.179641
While executing 'Script@7 :: Script':
  no 'from.reset' write handler
Rx rate: 353312
While executing 'Script@7 :: Script':
  no 'from.reset' write handler
Rx rate: 358805
While executing 'Script@7 :: Script':
  no 'from.reset' write handler
Rx rate: 363185
While executing 'Script@7 :: Script':
  no 'from.reset' write handler
Rx rate: 350622
While executing 'Script@7 :: Script':
  no 'from.reset' write handler
Rx rate: 348627
While executing 'Script@7 :: Script':
  no 'from.reset' write handler
Rx rate: 351108
While executing 'Script@7 :: Script':
  no 'from.reset' write handler
Rx rate: 342990
While executing 'Script@7 :: Script':
  no 'from.reset' write handler
Rx rate: 351302
While executing 'Script@7 :: Script':
  no 'from.reset' write handler
Rx rate: 347771
While executing 'Script@7 :: Script':
  no 'from.reset' write handler
Rx rate: 350786
While executing 'Script@7 :: Script':
  no 'from.reset' write handler
Rx rate: 350015
While executing 'Script@7 :: Script':
  no 'from.reset' write handler
Rx rate: 353891
While executing 'Script@7 :: Script':
  no 'from.reset' write handler
Rx rate: 353393
While executing 'Script@7 :: Script':
  no 'from.reset' write handler
Rx rate: 350159
While executing 'Script@7 :: Script':
  no 'from.reset' write handler
Rx rate: 350362
While executing 'Script@7 :: Script':
  no 'from.reset' write handler
Rx rate: 349906
While executing 'Script@7 :: Script':
  no 'from.reset' write handler
Rx rate: 349196
While executing 'Script@7 :: Script':
  no 'from.reset' write handler
Rx rate: 356261.477046
While executing 'Script@7 :: Script':
  no 'from.reset' write handler
Rx rate: 358218
While executing 'Script@7 :: Script':
  no 'from.reset' write handler
Rx rate: 358671
While executing 'Script@7 :: Script':
  no 'from.reset' write handler
Rx rate: 343887
While executing 'Script@7 :: Script':
  no 'from.reset' write handler
Rx rate: 349956
While executing 'Script@7 :: Script':
  no 'from.reset' write handler
Rx rate: 351404.595405
While executing 'Script@7 :: Script':
  no 'from.reset' write handler
Rx rate: 345885
While executing 'Script@7 :: Script':
  no 'from.reset' write handler
Rx rate: 354063
While executing 'Script@7 :: Script':
  no 'from.reset' write handler
Rx rate: 348045.954046
While executing 'Script@7 :: Script':
  no 'from.reset' write handler
Rx rate: 350898
While executing 'Script@7 :: Script':
  no 'from.reset' write handler
Rx rate: 338539
While executing 'Script@7 :: Script':
  no 'from.reset' write handler
Rx rate: 346427.145709
While executing 'Script@7 :: Script':
  no 'from.reset' write handler
Rx rate: 346118
While executing 'Script@7 :: Script':
  no 'from.reset' write handler
Rx rate: 349640
While executing 'Script@7 :: Script':
  no 'from.reset' write handler
Rx rate: 346867
While executing 'Script@7 :: Script':
  no 'from.reset' write handler
Rx rate: 350021
While executing 'Script@7 :: Script':
  no 'from.reset' write handler
Rx rate: 341259
While executing 'Script@7 :: Script':
  no 'from.reset' write handler
Rx rate: 346484.515485
While executing 'Script@7 :: Script':
  no 'from.reset' write handler
Rx rate: 351070.929071
While executing 'Script@7 :: Script':
  no 'from.reset' write handler
Rx rate: 350025
While executing 'Script@7 :: Script':
  no 'from.reset' write handler
Rx rate: 346827
While executing 'Script@7 :: Script':
  no 'from.reset' write handler
Rx rate: 350857
While executing 'Script@7 :: Script':
  no 'from.reset' write handler
Rx rate: 360222
While executing 'Script@7 :: Script':
  no 'from.reset' write handler
Rx rate: 357190
While executing 'Script@7 :: Script':
  no 'from.reset' write handler
Rx rate: 355682
While executing 'Script@7 :: Script':
  no 'from.reset' write handler
Rx rate: 357781
While executing 'Script@7 :: Script':
  no 'from.reset' write handler
Rx rate: 352868
While executing 'Script@7 :: Script':
  no 'from.reset' write handler
Rx rate: 347832.167832
While executing 'Script@7 :: Script':
  no 'from.reset' write handler
Rx rate: 345288.711289
While executing 'Script@7 :: Script':
  no 'from.reset' write handler
Rx rate: 354014
While executing 'Script@7 :: Script':
  no 'from.reset' write handler
Rx rate: 340464.535465
While executing 'Script@7 :: Script':
  no 'from.reset' write handler
Rx rate: 347363
While executing 'Script@7 :: Script':
  no 'from.reset' write handler
Rx rate: 343857
While executing 'Script@7 :: Script':
  no 'from.reset' write handler
Rx rate: 326066.933067
While executing 'Script@7 :: Script':
  no 'from.reset' write handler
Rx rate: 348858
While executing 'Script@7 :: Script':
  no 'from.reset' write handler
Rx rate: 347858
While executing 'Script@7 :: Script':
  no 'from.reset' write handler
Rx rate: 348807
While executing 'Script@7 :: Script':
  no 'from.reset' write handler
Rx rate: 349263
While executing 'Script@7 :: Script':
  no 'from.reset' write handler
Rx rate: 343507
While executing 'Script@7 :: Script':
  no 'from.reset' write handler
Rx rate: 345370
While executing 'Script@7 :: Script':
  no 'from.reset' write handler
Rx rate: 348971
While executing 'Script@7 :: Script':
  no 'from.reset' write handler
Rx rate: 345959
While executing 'Script@7 :: Script':
  no 'from.reset' write handler
Rx rate: 345481
While executing 'Script@7 :: Script':
  no 'from.reset' write handler
Rx rate: 350990
While executing 'Script@7 :: Script':
  no 'from.reset' write handler
Rx rate: 344172
While executing 'Script@7 :: Script':
  no 'from.reset' write handler
Rx rate: 354660
While executing 'Script@7 :: Script':
  no 'from.reset' write handler
Rx rate: 348610.38961
While executing 'Script@7 :: Script':
  no 'from.reset' write handler
Rx rate: 350329
While executing 'Script@7 :: Script':
  no 'from.reset' write handler
Rx rate: 345868
While executing 'Script@7 :: Script':
  no 'from.reset' write handler
Rx rate: 347669.66967
While executing 'Script@7 :: Script':
  no 'from.reset' write handler
Rx rate: 341959
While executing 'Script@7 :: Script':
  no 'from.reset' write handler
Rx rate: 344727
While executing 'Script@7 :: Script':
  no 'from.reset' write handler
Rx rate: 342188
While executing 'Script@7 :: Script':
  no 'from.reset' write handler
Rx rate: 344085
While executing 'Script@7 :: Script':
  no 'from.reset' write handler
Rx rate: 346620.758483
While executing 'Script@7 :: Script':
  no 'from.reset' write handler
Rx rate: 342661
While executing 'Script@7 :: Script':
  no 'from.reset' write handler
Rx rate: 344724
While executing 'Script@7 :: Script':
  no 'from.reset' write handler
Rx rate: 347599
While executing 'Script@7 :: Script':
  no 'from.reset' write handler
Rx rate: 344620
While executing 'Script@7 :: Script':
  no 'from.reset' write handler
Rx rate: 344398
While executing 'Script@7 :: Script':
  no 'from.reset' write handler
Rx rate: 345346
While executing 'Script@7 :: Script':
  no 'from.reset' write handler
Rx rate: 348431.568432
While executing 'Script@7 :: Script':
  no 'from.reset' write handler
Rx rate: 348345
While executing 'Script@7 :: Script':
  no 'from.reset' write handler
Rx rate: 333081
While executing 'Script@7 :: Script':
  no 'from.reset' write handler
Rx rate: 341117
While executing 'Script@7 :: Script':
  no 'from.reset' write handler
Rx rate: 349780
While executing 'Script@7 :: Script':
  no 'from.reset' write handler
Rx rate: 352622
While executing 'Script@7 :: Script':
  no 'from.reset' write handler
Rx rate: 347580
While executing 'Script@7 :: Script':
  no 'from.reset' write handler
Rx rate: 345100.899101
While executing 'Script@7 :: Script':
  no 'from.reset' write handler
Rx rate: 346792
While executing 'Script@7 :: Script':
  no 'from.reset' write handler
Rx rate: 350790
While executing 'Script@7 :: Script':
  no 'from.reset' write handler
Rx rate: 346035
While executing 'Script@7 :: Script':
  no 'from.reset' write handler
Rx rate: 346647.352647
While executing 'Script@7 :: Script':
  no 'from.reset' write handler
Rx rate: 344876
While executing 'Script@7 :: Script':
  no 'from.reset' write handler
Rx rate: 344543
While executing 'Script@7 :: Script':
  no 'from.reset' write handler
Rx rate: 342276
While executing 'Script@7 :: Script':
  no 'from.reset' write handler
Rx rate: 346352
While executing 'Script@7 :: Script':
  no 'from.reset' write handler
Rx rate: 353411
While executing 'Script@7 :: Script':
  no 'from.reset' write handler
AUTOTEST_DONE
