/tmp/linux.click:2: While initializing 'from :: FromDevice':
  warning: ens7: no IPv4 address assigned
Startup trace (nsec): main: 9851810490
Startup trace (nsec): init done: 9863041951
Rx rate: 0
While executing 'Script@7 :: Script':
  no 'from.reset' write handler
Rx rate: 888569.230769
While executing 'Script@7 :: Script':
  no 'from.reset' write handler
Rx rate: 871147
While executing 'Script@7 :: Script':
  no 'from.reset' write handler
Rx rate: 874317.365269
While executing 'Script@7 :: Script':
  no 'from.reset' write handler
Rx rate: 847306.387226
While executing 'Script@7 :: Script':
  no 'from.reset' write handler
Rx rate: 880588.411588
While executing 'Script@7 :: Script':
  no 'from.reset' write handler
Rx rate: 845575.848303
While executing 'Script@7 :: Script':
  no 'from.reset' write handler
Rx rate: 842711.576846
While executing 'Script@7 :: Script':
  no 'from.reset' write handler
Rx rate: 874446.107784
While executing 'Script@7 :: Script':
  no 'from.reset' write handler
Rx rate: 870533.466533
While executing 'Script@7 :: Script':
  no 'from.reset' write handler
Rx rate: 873866
While executing 'Script@7 :: Script':
  no 'from.reset' write handler
Rx rate: 850554
While executing 'Script@7 :: Script':
  no 'from.reset' write handler
Rx rate: 870629
While executing 'Script@7 :: Script':
  no 'from.reset' write handler
Rx rate: 869849
While executing 'Script@7 :: Script':
  no 'from.reset' write handler
Rx rate: 845696.303696
While executing 'Script@7 :: Script':
  no 'from.reset' write handler
Rx rate: 876062
While executing 'Script@7 :: Script':
  no 'from.reset' write handler
Rx rate: 863900
While executing 'Script@7 :: Script':
  no 'from.reset' write handler
Rx rate: 845619
While executing 'Script@7 :: Script':
  no 'from.reset' write handler
Rx rate: 869202
While executing 'Script@7 :: Script':
  no 'from.reset' write handler
Rx rate: 859619
While executing 'Script@7 :: Script':
  no 'from.reset' write handler
Rx rate: 817063.872255
While executing 'Script@7 :: Script':
  no 'from.reset' write handler
Rx rate: 870108
While executing 'Script@7 :: Script':
  no 'from.reset' write handler
Rx rate: 861692
While executing 'Script@7 :: Script':
  no 'from.reset' write handler
Rx rate: 815849
While executing 'Script@7 :: Script':
  no 'from.reset' write handler
Rx rate: 864024
While executing 'Script@7 :: Script':
  no 'from.reset' write handler
Rx rate: 867894.317049
While executing 'Script@7 :: Script':
  no 'from.reset' write handler
Rx rate: 872659
While executing 'Script@7 :: Script':
  no 'from.reset' write handler
Rx rate: 771380
While executing 'Script@7 :: Script':
  no 'from.reset' write handler
Rx rate: 866522.477522
While executing 'Script@7 :: Script':
  no 'from.reset' write handler
Rx rate: 872053
While executing 'Script@7 :: Script':
  no 'from.reset' write handler
Rx rate: 869278.443114
While executing 'Script@7 :: Script':
  no 'from.reset' write handler
Rx rate: 861865.134865
While executing 'Script@7 :: Script':
  no 'from.reset' write handler
Rx rate: 874637
While executing 'Script@7 :: Script':
  no 'from.reset' write handler
Rx rate: 860394
While executing 'Script@7 :: Script':
  no 'from.reset' write handler
Rx rate: 868076.923077
While executing 'Script@7 :: Script':
  no 'from.reset' write handler
Rx rate: 859797.202797
While executing 'Script@7 :: Script':
  no 'from.reset' write handler
Rx rate: 862614
While executing 'Script@7 :: Script':
  no 'from.reset' write handler
Rx rate: 870877
While executing 'Script@7 :: Script':
  no 'from.reset' write handler
Rx rate: 864281
While executing 'Script@7 :: Script':
  no 'from.reset' write handler
Rx rate: 860657
While executing 'Script@7 :: Script':
  no 'from.reset' write handler
Rx rate: 867389
While executing 'Script@7 :: Script':
  no 'from.reset' write handler
Rx rate: 866782.217782
While executing 'Script@7 :: Script':
  no 'from.reset' write handler
Rx rate: 872052
While executing 'Script@7 :: Script':
  no 'from.reset' write handler
Rx rate: 868945
While executing 'Script@7 :: Script':
  no 'from.reset' write handler
Rx rate: 870628
While executing 'Script@7 :: Script':
  no 'from.reset' write handler
Rx rate: 861735.264735
While executing 'Script@7 :: Script':
  no 'from.reset' write handler
Rx rate: 877651
While executing 'Script@7 :: Script':
  no 'from.reset' write handler
Rx rate: 868790
While executing 'Script@7 :: Script':
  no 'from.reset' write handler
Rx rate: 864671
While executing 'Script@7 :: Script':
  no 'from.reset' write handler
Rx rate: 863374
While executing 'Script@7 :: Script':
  no 'from.reset' write handler
Rx rate: 870629
While executing 'Script@7 :: Script':
  no 'from.reset' write handler
Rx rate: 869979
While executing 'Script@7 :: Script':
  no 'from.reset' write handler
Rx rate: 871275
While executing 'Script@7 :: Script':
  no 'from.reset' write handler
Rx rate: 862729
While executing 'Script@7 :: Script':
  no 'from.reset' write handler
Rx rate: 862901.098901
While executing 'Script@7 :: Script':
  no 'from.reset' write handler
Rx rate: 864021
While executing 'Script@7 :: Script':
  no 'from.reset' write handler
Rx rate: 864385
While executing 'Script@7 :: Script':
  no 'from.reset' write handler
Rx rate: 820157.842158
While executing 'Script@7 :: Script':
  no 'from.reset' write handler
Rx rate: 869071
While executing 'Script@7 :: Script':
  no 'from.reset' write handler
Rx rate: 861692
While executing 'Script@7 :: Script':
  no 'from.reset' write handler
Rx rate: 868891.217565
While executing 'Script@7 :: Script':
  no 'from.reset' write handler
Rx rate: 868165
While executing 'Script@7 :: Script':
  no 'from.reset' write handler
Rx rate: 861735.264735
While executing 'Script@7 :: Script':
  no 'from.reset' write handler
Rx rate: 866652.347652
While executing 'Script@7 :: Script':
  no 'from.reset' write handler
Rx rate: 863419.58042
While executing 'Script@7 :: Script':
  no 'from.reset' write handler
Rx rate: 871274
While executing 'Script@7 :: Script':
  no 'from.reset' write handler
Rx rate: 865957.042957
While executing 'Script@7 :: Script':
  no 'from.reset' write handler
Rx rate: 867541
While executing 'Script@7 :: Script':
  no 'from.reset' write handler
Rx rate: 869203
While executing 'Script@7 :: Script':
  no 'from.reset' write handler
Rx rate: 866612
While executing 'Script@7 :: Script':
  no 'from.reset' write handler
Rx rate: 859796.203796
While executing 'Script@7 :: Script':
  no 'from.reset' write handler
Rx rate: 867649
While executing 'Script@7 :: Script':
  no 'from.reset' write handler
Rx rate: 862642.357642
While executing 'Script@7 :: Script':
  no 'from.reset' write handler
Rx rate: 864798
While executing 'Script@7 :: Script':
  no 'from.reset' write handler
Rx rate: 862729
While executing 'Script@7 :: Script':
  no 'from.reset' write handler
Rx rate: 865401.197605
While executing 'Script@7 :: Script':
  no 'from.reset' write handler
Rx rate: 870328
While executing 'Script@7 :: Script':
  no 'from.reset' write handler
Rx rate: 858715.284715
While executing 'Script@7 :: Script':
  no 'from.reset' write handler
Rx rate: 856641
While executing 'Script@7 :: Script':
  no 'from.reset' write handler
Rx rate: 867518
While executing 'Script@7 :: Script':
  no 'from.reset' write handler
Rx rate: 859797.202797
While executing 'Script@7 :: Script':
  no 'from.reset' write handler
Rx rate: 858454
While executing 'Script@7 :: Script':
  no 'from.reset' write handler
Rx rate: 865618.381618
While executing 'Script@7 :: Script':
  no 'from.reset' write handler
Rx rate: 868167
While executing 'Script@7 :: Script':
  no 'from.reset' write handler
Rx rate: 863678.321678
While executing 'Script@7 :: Script':
  no 'from.reset' write handler
Rx rate: 865875.124875
While executing 'Script@7 :: Script':
  no 'from.reset' write handler
Rx rate: 864539
While executing 'Script@7 :: Script':
  no 'from.reset' write handler
Rx rate: 830163.836164
While executing 'Script@7 :: Script':
  no 'from.reset' write handler
Rx rate: 857288
While executing 'Script@7 :: Script':
  no 'from.reset' write handler
Rx rate: 858325
While executing 'Script@7 :: Script':
  no 'from.reset' write handler
Rx rate: 869463
While executing 'Script@7 :: Script':
  no 'from.reset' write handler
Rx rate: 863244
While executing 'Script@7 :: Script':
  no 'from.reset' write handler
Rx rate: 860138
While executing 'Script@7 :: Script':
  no 'from.reset' write handler
Rx rate: 865060
While executing 'Script@7 :: Script':
  no 'from.reset' write handler
Rx rate: 859018.981019
While executing 'Script@7 :: Script':
  no 'from.reset' write handler
Rx rate: 864281
While executing 'Script@7 :: Script':
  no 'from.reset' write handler
Rx rate: 856131.736527
While executing 'Script@7 :: Script':
  no 'from.reset' write handler
Rx rate: 859423
While executing 'Script@7 :: Script':
  no 'from.reset' write handler
Rx rate: 859797.202797
While executing 'Script@7 :: Script':
  no 'from.reset' write handler
Rx rate: 861302
While executing 'Script@7 :: Script':
  no 'from.reset' write handler
Rx rate: 866743
While executing 'Script@7 :: Script':
  no 'from.reset' write handler
Rx rate: 872050
While executing 'Script@7 :: Script':
  no 'from.reset' write handler
Rx rate: 864282
While executing 'Script@7 :: Script':
  no 'from.reset' write handler
Rx rate: 866265.734266
While executing 'Script@7 :: Script':
  no 'from.reset' write handler
Rx rate: 866096
While executing 'Script@7 :: Script':
  no 'from.reset' write handler
Rx rate: 873089
While executing 'Script@7 :: Script':
  no 'from.reset' write handler
Rx rate: 864186
While executing 'Script@7 :: Script':
  no 'from.reset' write handler
Rx rate: 863927.145709
While executing 'Script@7 :: Script':
  no 'from.reset' write handler
Rx rate: 855886
While executing 'Script@7 :: Script':
  no 'from.reset' write handler
Rx rate: 866091
While executing 'Script@7 :: Script':
  no 'from.reset' write handler
Rx rate: 869367.632368
While executing 'Script@7 :: Script':
  no 'from.reset' write handler
Rx rate: 862466
While executing 'Script@7 :: Script':
  no 'from.reset' write handler
Rx rate: 869628.371628
While executing 'Script@7 :: Script':
  no 'from.reset' write handler
Rx rate: 867647
While executing 'Script@7 :: Script':
  no 'from.reset' write handler
Rx rate: 852031.968032
While executing 'Script@7 :: Script':
  no 'from.reset' write handler
Rx rate: 861432
While executing 'Script@7 :: Script':
  no 'from.reset' write handler
Rx rate: 865259
While executing 'Script@7 :: Script':
  no 'from.reset' write handler
Rx rate: 867345
While executing 'Script@7 :: Script':
  no 'from.reset' write handler
Rx rate: 828955
While executing 'Script@7 :: Script':
  no 'from.reset' write handler
Rx rate: 861172
While executing 'Script@7 :: Script':
  no 'from.reset' write handler
Rx rate: 864107.784431
While executing 'Script@7 :: Script':
  no 'from.reset' write handler
Rx rate: 862728
While executing 'Script@7 :: Script':
  no 'from.reset' write handler
Rx rate: 867391
While executing 'Script@7 :: Script':
  no 'from.reset' write handler
Rx rate: 863115
While executing 'Script@7 :: Script':
  no 'from.reset' write handler
Rx rate: 865878.121878
While executing 'Script@7 :: Script':
  no 'from.reset' write handler
Rx rate: 869719
While executing 'Script@7 :: Script':
  no 'from.reset' write handler
Rx rate: 864491
While executing 'Script@7 :: Script':
  no 'from.reset' write handler
Rx rate: 862819
While executing 'Script@7 :: Script':
  no 'from.reset' write handler
Rx rate: 864189
While executing 'Script@7 :: Script':
  no 'from.reset' write handler
Rx rate: 860054.945055
While executing 'Script@7 :: Script':
  no 'from.reset' write handler
Rx rate: 866094
While executing 'Script@7 :: Script':
  no 'from.reset' write handler
Rx rate: 868755.489022
While executing 'Script@7 :: Script':
  no 'from.reset' write handler
Rx rate: 856948.051948
While executing 'Script@7 :: Script':
  no 'from.reset' write handler
Rx rate: 863762
While executing 'Script@7 :: Script':
  no 'from.reset' write handler
Rx rate: 856254
While executing 'Script@7 :: Script':
  no 'from.reset' write handler
Rx rate: 854958
While executing 'Script@7 :: Script':
  no 'from.reset' write handler
Rx rate: 853871
While executing 'Script@7 :: Script':
  no 'from.reset' write handler
Rx rate: 866353
While executing 'Script@7 :: Script':
  no 'from.reset' write handler
Rx rate: 857754
While executing 'Script@7 :: Script':
  no 'from.reset' write handler
Rx rate: 867389
While executing 'Script@7 :: Script':
  no 'from.reset' write handler
Rx rate: 866354
While executing 'Script@7 :: Script':
  no 'from.reset' write handler
Rx rate: 862643.356643
While executing 'Script@7 :: Script':
  no 'from.reset' write handler
Rx rate: 869886.113886
While executing 'Script@7 :: Script':
  no 'from.reset' write handler
Rx rate: 869203
While executing 'Script@7 :: Script':
  no 'from.reset' write handler
Rx rate: 865228.771229
While executing 'Script@7 :: Script':
  no 'from.reset' write handler
Rx rate: 861174
While executing 'Script@7 :: Script':
  no 'from.reset' write handler
Rx rate: 861129
While executing 'Script@7 :: Script':
  no 'from.reset' write handler
Rx rate: 867726
While executing 'Script@7 :: Script':
  no 'from.reset' write handler
Rx rate: 822502
While executing 'Script@7 :: Script':
  no 'from.reset' write handler
Rx rate: 868425
While executing 'Script@7 :: Script':
  no 'from.reset' write handler
Rx rate: 868463.536464
While executing 'Script@7 :: Script':
  no 'from.reset' write handler
Rx rate: 872567
While executing 'Script@7 :: Script':
  no 'from.reset' write handler
Rx rate: 859537.462537
While executing 'Script@7 :: Script':
  no 'from.reset' write handler
Rx rate: 865485.514486
While executing 'Script@7 :: Script':
  no 'from.reset' write handler
Rx rate: 866782.217782
While executing 'Script@7 :: Script':
  no 'from.reset' write handler
Rx rate: 862986
While executing 'Script@7 :: Script':
  no 'from.reset' write handler
Rx rate: 857460.07984
While executing 'Script@7 :: Script':
  no 'from.reset' write handler
Rx rate: 856859
While executing 'Script@7 :: Script':
  no 'from.reset' write handler
Rx rate: 860655
While executing 'Script@7 :: Script':
  no 'from.reset' write handler
Rx rate: 854885.114885
While executing 'Script@7 :: Script':
  no 'from.reset' write handler
Rx rate: 861432
While executing 'Script@7 :: Script':
  no 'from.reset' write handler
Rx rate: 859018.981019
While executing 'Script@7 :: Script':
  no 'from.reset' write handler
Rx rate: 860137
While executing 'Script@7 :: Script':
  no 'from.reset' write handler
Rx rate: 863504
While executing 'Script@7 :: Script':
  no 'from.reset' write handler
Rx rate: 864878.243513
While executing 'Script@7 :: Script':
  no 'from.reset' write handler
Rx rate: 867555.444555
While executing 'Script@7 :: Script':
  no 'from.reset' write handler
Rx rate: 863215
While executing 'Script@7 :: Script':
  no 'from.reset' write handler
Rx rate: 865083
While executing 'Script@7 :: Script':
  no 'from.reset' write handler
Rx rate: 858971
While executing 'Script@7 :: Script':
  no 'from.reset' write handler
Rx rate: 859761
While executing 'Script@7 :: Script':
  no 'from.reset' write handler
Rx rate: 864448.551449
While executing 'Script@7 :: Script':
  no 'from.reset' write handler
Rx rate: 861429
While executing 'Script@7 :: Script':
  no 'from.reset' write handler
Rx rate: 867038.961039
While executing 'Script@7 :: Script':
  no 'from.reset' write handler
Rx rate: 864801
While executing 'Script@7 :: Script':
  no 'from.reset' write handler
Rx rate: 863760
While executing 'Script@7 :: Script':
  no 'from.reset' write handler
Rx rate: 858676.646707
While executing 'Script@7 :: Script':
  no 'from.reset' write handler
Rx rate: 854665
While executing 'Script@7 :: Script':
  no 'from.reset' write handler
Rx rate: 858786
While executing 'Script@7 :: Script':
  no 'from.reset' write handler
Rx rate: 824862.137862
While executing 'Script@7 :: Script':
  no 'from.reset' write handler
Rx rate: 859192
While executing 'Script@7 :: Script':
  no 'from.reset' write handler
Rx rate: 864794
While executing 'Script@7 :: Script':
  no 'from.reset' write handler
Rx rate: 859359
While executing 'Script@7 :: Script':
  no 'from.reset' write handler
Rx rate: 862984
While executing 'Script@7 :: Script':
  no 'from.reset' write handler
AUTOTEST_DONE
