Startup trace (nsec): main: 381880356291
Startup trace (nsec): init done: 381884167266
Rx rate: 0
While executing 'Script@7 :: Script':
  no 'from.reset' write handler
Rx rate: 476038.461538
While executing 'Script@7 :: Script':
  no 'from.reset' write handler
Rx rate: 487337
While executing 'Script@7 :: Script':
  no 'from.reset' write handler
Rx rate: 482634.825871
While executing 'Script@7 :: Script':
  no 'from.reset' write handler
Rx rate: 486516
While executing 'Script@7 :: Script':
  no 'from.reset' write handler
Rx rate: 489275.621891
While executing 'Script@7 :: Script':
  no 'from.reset' write handler
Rx rate: 488659.340659
While executing 'Script@7 :: Script':
  no 'from.reset' write handler
Rx rate: 490159.84016
While executing 'Script@7 :: Script':
  no 'from.reset' write handler
Rx rate: 492556.443556
While executing 'Script@7 :: Script':
  no 'from.reset' write handler
Rx rate: 487171.656687
While executing 'Script@7 :: Script':
  no 'from.reset' write handler
Rx rate: 483437
While executing 'Script@7 :: Script':
  no 'from.reset' write handler
Rx rate: 486724
While executing 'Script@7 :: Script':
  no 'from.reset' write handler
Rx rate: 500291
While executing 'Script@7 :: Script':
  no 'from.reset' write handler
Rx rate: 487701.596806
While executing 'Script@7 :: Script':
  no 'from.reset' write handler
Rx rate: 490364.271457
While executing 'Script@7 :: Script':
  no 'from.reset' write handler
Rx rate: 496035.928144
While executing 'Script@7 :: Script':
  no 'from.reset' write handler
Rx rate: 493553
While executing 'Script@7 :: Script':
  no 'from.reset' write handler
Rx rate: 467738
While executing 'Script@7 :: Script':
  no 'from.reset' write handler
Rx rate: 494996.007984
While executing 'Script@7 :: Script':
  no 'from.reset' write handler
Rx rate: 487984.015984
While executing 'Script@7 :: Script':
  no 'from.reset' write handler
Rx rate: 489572
While executing 'Script@7 :: Script':
  no 'from.reset' write handler
Rx rate: 483353
While executing 'Script@7 :: Script':
  no 'from.reset' write handler
Rx rate: 488416.167665
While executing 'Script@7 :: Script':
  no 'from.reset' write handler
Rx rate: 482984
While executing 'Script@7 :: Script':
  no 'from.reset' write handler
Rx rate: 493661.338661
While executing 'Script@7 :: Script':
  no 'from.reset' write handler
Rx rate: 488514.97006
While executing 'Script@7 :: Script':
  no 'from.reset' write handler
Rx rate: 484503
While executing 'Script@7 :: Script':
  no 'from.reset' write handler
Rx rate: 476839
While executing 'Script@7 :: Script':
  no 'from.reset' write handler
Rx rate: 474518
While executing 'Script@7 :: Script':
  no 'from.reset' write handler
Rx rate: 483412.587413
While executing 'Script@7 :: Script':
  no 'from.reset' write handler
Rx rate: 489045
While executing 'Script@7 :: Script':
  no 'from.reset' write handler
Rx rate: 484647
While executing 'Script@7 :: Script':
  no 'from.reset' write handler
Rx rate: 479240
While executing 'Script@7 :: Script':
  no 'from.reset' write handler
Rx rate: 490363
While executing 'Script@7 :: Script':
  no 'from.reset' write handler
Rx rate: 481911
While executing 'Script@7 :: Script':
  no 'from.reset' write handler
Rx rate: 485680.31968
While executing 'Script@7 :: Script':
  no 'from.reset' write handler
Rx rate: 488397
While executing 'Script@7 :: Script':
  no 'from.reset' write handler
Rx rate: 487096
While executing 'Script@7 :: Script':
  no 'from.reset' write handler
Rx rate: 482888.111888
While executing 'Script@7 :: Script':
  no 'from.reset' write handler
Rx rate: 485479
While executing 'Script@7 :: Script':
  no 'from.reset' write handler
Rx rate: 486555.444555
While executing 'Script@7 :: Script':
  no 'from.reset' write handler
Rx rate: 478430
While executing 'Script@7 :: Script':
  no 'from.reset' write handler
Rx rate: 491646.706587
While executing 'Script@7 :: Script':
  no 'from.reset' write handler
Rx rate: 486750
While executing 'Script@7 :: Script':
  no 'from.reset' write handler
Rx rate: 485305
While executing 'Script@7 :: Script':
  no 'from.reset' write handler
Rx rate: 479497
While executing 'Script@7 :: Script':
  no 'from.reset' write handler
Rx rate: 488070
While executing 'Script@7 :: Script':
  no 'from.reset' write handler
Rx rate: 462539.53954
While executing 'Script@7 :: Script':
  no 'from.reset' write handler
Rx rate: 485159
While executing 'Script@7 :: Script':
  no 'from.reset' write handler
Rx rate: 486374
While executing 'Script@7 :: Script':
  no 'from.reset' write handler
Rx rate: 482535
While executing 'Script@7 :: Script':
  no 'from.reset' write handler
Rx rate: 484629
While executing 'Script@7 :: Script':
  no 'from.reset' write handler
Rx rate: 488407
While executing 'Script@7 :: Script':
  no 'from.reset' write handler
Rx rate: 481510
While executing 'Script@7 :: Script':
  no 'from.reset' write handler
Rx rate: 480963.036963
While executing 'Script@7 :: Script':
  no 'from.reset' write handler
Rx rate: 479886.227545
While executing 'Script@7 :: Script':
  no 'from.reset' write handler
Rx rate: 494323.676324
While executing 'Script@7 :: Script':
  no 'from.reset' write handler
Rx rate: 484124
While executing 'Script@7 :: Script':
  no 'from.reset' write handler
Rx rate: 479989
While executing 'Script@7 :: Script':
  no 'from.reset' write handler
Rx rate: 487403.596404
While executing 'Script@7 :: Script':
  no 'from.reset' write handler
Rx rate: 483602
While executing 'Script@7 :: Script':
  no 'from.reset' write handler
Rx rate: 484779
While executing 'Script@7 :: Script':
  no 'from.reset' write handler
Rx rate: 481075
While executing 'Script@7 :: Script':
  no 'from.reset' write handler
Rx rate: 481304
While executing 'Script@7 :: Script':
  no 'from.reset' write handler
Rx rate: 486682
While executing 'Script@7 :: Script':
  no 'from.reset' write handler
Rx rate: 487773.773774
While executing 'Script@7 :: Script':
  no 'from.reset' write handler
Rx rate: 483942
While executing 'Script@7 :: Script':
  no 'from.reset' write handler
Rx rate: 483310
While executing 'Script@7 :: Script':
  no 'from.reset' write handler
Rx rate: 482935
While executing 'Script@7 :: Script':
  no 'from.reset' write handler
Rx rate: 486843.156843
While executing 'Script@7 :: Script':
  no 'from.reset' write handler
Rx rate: 486858.141858
While executing 'Script@7 :: Script':
  no 'from.reset' write handler
Rx rate: 481446
While executing 'Script@7 :: Script':
  no 'from.reset' write handler
Rx rate: 483884
While executing 'Script@7 :: Script':
  no 'from.reset' write handler
Rx rate: 480459.54046
While executing 'Script@7 :: Script':
  no 'from.reset' write handler
Rx rate: 485950.04995
While executing 'Script@7 :: Script':
  no 'from.reset' write handler
Rx rate: 485666
While executing 'Script@7 :: Script':
  no 'from.reset' write handler
Rx rate: 484007
While executing 'Script@7 :: Script':
  no 'from.reset' write handler
Rx rate: 486747
While executing 'Script@7 :: Script':
  no 'from.reset' write handler
Rx rate: 457703
While executing 'Script@7 :: Script':
  no 'from.reset' write handler
Rx rate: 485856.143856
While executing 'Script@7 :: Script':
  no 'from.reset' write handler
Rx rate: 484424
While executing 'Script@7 :: Script':
  no 'from.reset' write handler
Rx rate: 487092.814371
While executing 'Script@7 :: Script':
  no 'from.reset' write handler
Rx rate: 492670
While executing 'Script@7 :: Script':
  no 'from.reset' write handler
Rx rate: 494608
While executing 'Script@7 :: Script':
  no 'from.reset' write handler
Rx rate: 487106
While executing 'Script@7 :: Script':
  no 'from.reset' write handler
Rx rate: 490222
While executing 'Script@7 :: Script':
  no 'from.reset' write handler
Rx rate: 489540
While executing 'Script@7 :: Script':
  no 'from.reset' write handler
Rx rate: 486213.786214
While executing 'Script@7 :: Script':
  no 'from.reset' write handler
Rx rate: 491657
While executing 'Script@7 :: Script':
  no 'from.reset' write handler
Rx rate: 495187
While executing 'Script@7 :: Script':
  no 'from.reset' write handler
Rx rate: 492266
While executing 'Script@7 :: Script':
  no 'from.reset' write handler
Rx rate: 489076.846307
While executing 'Script@7 :: Script':
  no 'from.reset' write handler
Rx rate: 486064
While executing 'Script@7 :: Script':
  no 'from.reset' write handler
Rx rate: 480500
While executing 'Script@7 :: Script':
  no 'from.reset' write handler
Rx rate: 484972
While executing 'Script@7 :: Script':
  no 'from.reset' write handler
Rx rate: 482429
While executing 'Script@7 :: Script':
  no 'from.reset' write handler
Rx rate: 483063
While executing 'Script@7 :: Script':
  no 'from.reset' write handler
Rx rate: 483017
While executing 'Script@7 :: Script':
  no 'from.reset' write handler
Rx rate: 480083
While executing 'Script@7 :: Script':
  no 'from.reset' write handler
Rx rate: 482226
While executing 'Script@7 :: Script':
  no 'from.reset' write handler
Rx rate: 487250
While executing 'Script@7 :: Script':
  no 'from.reset' write handler
Rx rate: 485936
While executing 'Script@7 :: Script':
  no 'from.reset' write handler
Rx rate: 484877
While executing 'Script@7 :: Script':
  no 'from.reset' write handler
Rx rate: 484508.491508
While executing 'Script@7 :: Script':
  no 'from.reset' write handler
Rx rate: 484805
While executing 'Script@7 :: Script':
  no 'from.reset' write handler
Rx rate: 478909
While executing 'Script@7 :: Script':
  no 'from.reset' write handler
Rx rate: 487523
While executing 'Script@7 :: Script':
  no 'from.reset' write handler
Rx rate: 490311
While executing 'Script@7 :: Script':
  no 'from.reset' write handler
Rx rate: 456187
While executing 'Script@7 :: Script':
  no 'from.reset' write handler
Rx rate: 480728
While executing 'Script@7 :: Script':
  no 'from.reset' write handler
Rx rate: 481961
While executing 'Script@7 :: Script':
  no 'from.reset' write handler
Rx rate: 484191
While executing 'Script@7 :: Script':
  no 'from.reset' write handler
Rx rate: 487229
While executing 'Script@7 :: Script':
  no 'from.reset' write handler
Rx rate: 480793
While executing 'Script@7 :: Script':
  no 'from.reset' write handler
Rx rate: 485008
While executing 'Script@7 :: Script':
  no 'from.reset' write handler
Rx rate: 478794
While executing 'Script@7 :: Script':
  no 'from.reset' write handler
Rx rate: 485470.529471
While executing 'Script@7 :: Script':
  no 'from.reset' write handler
Rx rate: 480812.187812
While executing 'Script@7 :: Script':
  no 'from.reset' write handler
Rx rate: 486906
While executing 'Script@7 :: Script':
  no 'from.reset' write handler
Rx rate: 480458.541459
While executing 'Script@7 :: Script':
  no 'from.reset' write handler
Rx rate: 484863
While executing 'Script@7 :: Script':
  no 'from.reset' write handler
Rx rate: 484188
While executing 'Script@7 :: Script':
  no 'from.reset' write handler
Rx rate: 487258
While executing 'Script@7 :: Script':
  no 'from.reset' write handler
Rx rate: 478580.41958
While executing 'Script@7 :: Script':
  no 'from.reset' write handler
Rx rate: 480643.712575
While executing 'Script@7 :: Script':
  no 'from.reset' write handler
Rx rate: 479107
While executing 'Script@7 :: Script':
  no 'from.reset' write handler
Rx rate: 481044
While executing 'Script@7 :: Script':
  no 'from.reset' write handler
Rx rate: 483037.924152
While executing 'Script@7 :: Script':
  no 'from.reset' write handler
Rx rate: 486045.954046
While executing 'Script@7 :: Script':
  no 'from.reset' write handler
Rx rate: 487053
While executing 'Script@7 :: Script':
  no 'from.reset' write handler
Rx rate: 484717
While executing 'Script@7 :: Script':
  no 'from.reset' write handler
Rx rate: 483850
While executing 'Script@7 :: Script':
  no 'from.reset' write handler
Rx rate: 491908.091908
While executing 'Script@7 :: Script':
  no 'from.reset' write handler
Rx rate: 491640
While executing 'Script@7 :: Script':
  no 'from.reset' write handler
Rx rate: 485007
While executing 'Script@7 :: Script':
  no 'from.reset' write handler
Rx rate: 488712.287712
While executing 'Script@7 :: Script':
  no 'from.reset' write handler
Rx rate: 485502
While executing 'Script@7 :: Script':
  no 'from.reset' write handler
Rx rate: 487285
While executing 'Script@7 :: Script':
  no 'from.reset' write handler
Rx rate: 462856.143856
While executing 'Script@7 :: Script':
  no 'from.reset' write handler
Rx rate: 493737
While executing 'Script@7 :: Script':
  no 'from.reset' write handler
Rx rate: 488580
While executing 'Script@7 :: Script':
  no 'from.reset' write handler
Rx rate: 482335
While executing 'Script@7 :: Script':
  no 'from.reset' write handler
Rx rate: 488530
While executing 'Script@7 :: Script':
  no 'from.reset' write handler
Rx rate: 478107.784431
While executing 'Script@7 :: Script':
  no 'from.reset' write handler
Rx rate: 479066.933067
While executing 'Script@7 :: Script':
  no 'from.reset' write handler
Rx rate: 481065
While executing 'Script@7 :: Script':
  no 'from.reset' write handler
Rx rate: 479511
While executing 'Script@7 :: Script':
  no 'from.reset' write handler
Rx rate: 478906
While executing 'Script@7 :: Script':
  no 'from.reset' write handler
Rx rate: 482148.851149
While executing 'Script@7 :: Script':
  no 'from.reset' write handler
Rx rate: 490320
While executing 'Script@7 :: Script':
  no 'from.reset' write handler
Rx rate: 485371
While executing 'Script@7 :: Script':
  no 'from.reset' write handler
Rx rate: 482931
While executing 'Script@7 :: Script':
  no 'from.reset' write handler
Rx rate: 482057
While executing 'Script@7 :: Script':
  no 'from.reset' write handler
Rx rate: 487818
While executing 'Script@7 :: Script':
  no 'from.reset' write handler
Rx rate: 481771
While executing 'Script@7 :: Script':
  no 'from.reset' write handler
Rx rate: 491280.719281
While executing 'Script@7 :: Script':
  no 'from.reset' write handler
Rx rate: 483447
While executing 'Script@7 :: Script':
  no 'from.reset' write handler
Rx rate: 488115
While executing 'Script@7 :: Script':
  no 'from.reset' write handler
Rx rate: 493460
While executing 'Script@7 :: Script':
  no 'from.reset' write handler
Rx rate: 492129
While executing 'Script@7 :: Script':
  no 'from.reset' write handler
Rx rate: 484596.806387
While executing 'Script@7 :: Script':
  no 'from.reset' write handler
Rx rate: 487345
While executing 'Script@7 :: Script':
  no 'from.reset' write handler
Rx rate: 486002.997003
While executing 'Script@7 :: Script':
  no 'from.reset' write handler
Rx rate: 483878
While executing 'Script@7 :: Script':
  no 'from.reset' write handler
Rx rate: 483617.382617
While executing 'Script@7 :: Script':
  no 'from.reset' write handler
Rx rate: 486463
While executing 'Script@7 :: Script':
  no 'from.reset' write handler
Rx rate: 482995
While executing 'Script@7 :: Script':
  no 'from.reset' write handler
Rx rate: 483896.103896
While executing 'Script@7 :: Script':
  no 'from.reset' write handler
Rx rate: 456185
While executing 'Script@7 :: Script':
  no 'from.reset' write handler
Rx rate: 484454
While executing 'Script@7 :: Script':
  no 'from.reset' write handler
Rx rate: 482542
While executing 'Script@7 :: Script':
  no 'from.reset' write handler
Rx rate: 479764
While executing 'Script@7 :: Script':
  no 'from.reset' write handler
Rx rate: 481391
While executing 'Script@7 :: Script':
  no 'from.reset' write handler
Rx rate: 482566
While executing 'Script@7 :: Script':
  no 'from.reset' write handler
Rx rate: 482766
While executing 'Script@7 :: Script':
  no 'from.reset' write handler
Rx rate: 481359
While executing 'Script@7 :: Script':
  no 'from.reset' write handler
Rx rate: 482984.015984
While executing 'Script@7 :: Script':
  no 'from.reset' write handler
Rx rate: 482240
While executing 'Script@7 :: Script':
  no 'from.reset' write handler
Rx rate: 485429
While executing 'Script@7 :: Script':
  no 'from.reset' write handler
Rx rate: 483600
While executing 'Script@7 :: Script':
  no 'from.reset' write handler
Rx rate: 484700
While executing 'Script@7 :: Script':
  no 'from.reset' write handler
Rx rate: 484408
While executing 'Script@7 :: Script':
  no 'from.reset' write handler
Rx rate: 478607
While executing 'Script@7 :: Script':
  no 'from.reset' write handler
AUTOTEST_DONE
