Startup trace (nsec): main: 382014022936
Startup trace (nsec): init done: 388928088295
Rx rate: 15713.1147541
While executing 'Script@7 :: Script':
  no 'from.reset' write handler
Rx rate: 16468.8644689
While executing 'Script@7 :: Script':
  no 'from.reset' write handler
Rx rate: 16140.9001957
While executing 'Script@7 :: Script':
  no 'from.reset' write handler
Rx rate: 17181
While executing 'Script@7 :: Script':
  no 'from.reset' write handler
Rx rate: 16121.541502
While executing 'Script@7 :: Script':
  no 'from.reset' write handler
Rx rate: 15204.3868395
While executing 'Script@7 :: Script':
  no 'from.reset' write handler
Rx rate: 15732.8699106
While executing 'Script@7 :: Script':
  no 'from.reset' write handler
Rx rate: 15916.7492567
While executing 'Script@7 :: Script':
  no 'from.reset' write handler
Rx rate: 15877.3678963
While executing 'Script@7 :: Script':
  no 'from.reset' write handler
Rx rate: 15352.5896414
While executing 'Script@7 :: Script':
  no 'from.reset' write handler
Rx rate: 15696.9092722
While executing 'Script@7 :: Script':
  no 'from.reset' write handler
Rx rate: 15820.3592814
While executing 'Script@7 :: Script':
  no 'from.reset' write handler
Rx rate: 15780
While executing 'Script@7 :: Script':
  no 'from.reset' write handler
Rx rate: 15167.3306773
While executing 'Script@7 :: Script':
  no 'from.reset' write handler
Rx rate: 16331.0069791
While executing 'Script@7 :: Script':
  no 'from.reset' write handler
Rx rate: 15176.1761762
While executing 'Script@7 :: Script':
  no 'from.reset' write handler
Rx rate: 15937.250996
While executing 'Script@7 :: Script':
  no 'from.reset' write handler
Rx rate: 16804.3912176
While executing 'Script@7 :: Script':
  no 'from.reset' write handler
Rx rate: 16178.3567134
While executing 'Script@7 :: Script':
  no 'from.reset' write handler
Rx rate: 16215.2152152
While executing 'Script@7 :: Script':
  no 'from.reset' write handler
Rx rate: 15776.2237762
While executing 'Script@7 :: Script':
  no 'from.reset' write handler
Rx rate: 15702
While executing 'Script@7 :: Script':
  no 'from.reset' write handler
Rx rate: 15892.3230309
While executing 'Script@7 :: Script':
  no 'from.reset' write handler
Rx rate: 15845.8458458
While executing 'Script@7 :: Script':
  no 'from.reset' write handler
Rx rate: 16430.2788845
While executing 'Script@7 :: Script':
  no 'from.reset' write handler
Rx rate: 15461
While executing 'Script@7 :: Script':
  no 'from.reset' write handler
Rx rate: 15489.0219561
While executing 'Script@7 :: Script':
  no 'from.reset' write handler
Rx rate: 16254
While executing 'Script@7 :: Script':
  no 'from.reset' write handler
Rx rate: 15976
While executing 'Script@7 :: Script':
  no 'from.reset' write handler
Rx rate: 15848
While executing 'Script@7 :: Script':
  no 'from.reset' write handler
Rx rate: 16206.5868263
While executing 'Script@7 :: Script':
  no 'from.reset' write handler
Rx rate: 16757.2427572
While executing 'Script@7 :: Script':
  no 'from.reset' write handler
Rx rate: 16260.2602603
While executing 'Script@7 :: Script':
  no 'from.reset' write handler
Rx rate: 16012
While executing 'Script@7 :: Script':
  no 'from.reset' write handler
Rx rate: 14703
While executing 'Script@7 :: Script':
  no 'from.reset' write handler
Rx rate: 16816.7330677
While executing 'Script@7 :: Script':
  no 'from.reset' write handler
Rx rate: 16388.6113886
While executing 'Script@7 :: Script':
  no 'from.reset' write handler
Rx rate: 15593
While executing 'Script@7 :: Script':
  no 'from.reset' write handler
Rx rate: 17482.5174825
While executing 'Script@7 :: Script':
  no 'from.reset' write handler
Rx rate: 16597.2083749
While executing 'Script@7 :: Script':
  no 'from.reset' write handler
Rx rate: 15196.6067864
While executing 'Script@7 :: Script':
  no 'from.reset' write handler
Rx rate: 17140.5782652
While executing 'Script@7 :: Script':
  no 'from.reset' write handler
Rx rate: 15798.8047809
While executing 'Script@7 :: Script':
  no 'from.reset' write handler
Rx rate: 14911.9119119
While executing 'Script@7 :: Script':
  no 'from.reset' write handler
Rx rate: 15781.0945274
While executing 'Script@7 :: Script':
  no 'from.reset' write handler
Rx rate: 16117.7644711
While executing 'Script@7 :: Script':
  no 'from.reset' write handler
Rx rate: 15735.2647353
While executing 'Script@7 :: Script':
  no 'from.reset' write handler
Rx rate: 16071.8562874
While executing 'Script@7 :: Script':
  no 'from.reset' write handler
Rx rate: 16099.8003992
While executing 'Script@7 :: Script':
  no 'from.reset' write handler
Rx rate: 15887
While executing 'Script@7 :: Script':
  no 'from.reset' write handler
Rx rate: 15179
While executing 'Script@7 :: Script':
  no 'from.reset' write handler
Rx rate: 16111.5537849
While executing 'Script@7 :: Script':
  no 'from.reset' write handler
Rx rate: 15187
While executing 'Script@7 :: Script':
  no 'from.reset' write handler
Rx rate: 15637.7245509
While executing 'Script@7 :: Script':
  no 'from.reset' write handler
Rx rate: 16131.8681319
While executing 'Script@7 :: Script':
  no 'from.reset' write handler
Rx rate: 16093.7188435
While executing 'Script@7 :: Script':
  no 'from.reset' write handler
Rx rate: 16020.979021
While executing 'Script@7 :: Script':
  no 'from.reset' write handler
Rx rate: 16156.6866267
While executing 'Script@7 :: Script':
  no 'from.reset' write handler
Rx rate: 15507.9840319
While executing 'Script@7 :: Script':
  no 'from.reset' write handler
Rx rate: 16024.975025
While executing 'Script@7 :: Script':
  no 'from.reset' write handler
Rx rate: 15826.1738262
While executing 'Script@7 :: Script':
  no 'from.reset' write handler
Rx rate: 16615.7684631
While executing 'Script@7 :: Script':
  no 'from.reset' write handler
Rx rate: 16432.1357285
While executing 'Script@7 :: Script':
  no 'from.reset' write handler
Rx rate: 16874.251497
While executing 'Script@7 :: Script':
  no 'from.reset' write handler
Rx rate: 15046.953047
While executing 'Script@7 :: Script':
  no 'from.reset' write handler
Rx rate: 15454.5454545
While executing 'Script@7 :: Script':
  no 'from.reset' write handler
Rx rate: 16879.1208791
While executing 'Script@7 :: Script':
  no 'from.reset' write handler
Rx rate: 15354.2914172
While executing 'Script@7 :: Script':
  no 'from.reset' write handler
Rx rate: 16211.7882118
While executing 'Script@7 :: Script':
  no 'from.reset' write handler
Rx rate: 15966.0678643
While executing 'Script@7 :: Script':
  no 'from.reset' write handler
Rx rate: 15829.1708292
While executing 'Script@7 :: Script':
  no 'from.reset' write handler
Rx rate: 15648.3516484
While executing 'Script@7 :: Script':
  no 'from.reset' write handler
Rx rate: 16547.9041916
While executing 'Script@7 :: Script':
  no 'from.reset' write handler
Rx rate: 16123.8761239
While executing 'Script@7 :: Script':
  no 'from.reset' write handler
Rx rate: 15772
While executing 'Script@7 :: Script':
  no 'from.reset' write handler
Rx rate: 16073.9260739
While executing 'Script@7 :: Script':
  no 'from.reset' write handler
Rx rate: 16296.111665
While executing 'Script@7 :: Script':
  no 'from.reset' write handler
Rx rate: 14879
While executing 'Script@7 :: Script':
  no 'from.reset' write handler
Rx rate: 14984.0319361
While executing 'Script@7 :: Script':
  no 'from.reset' write handler
Rx rate: 15736.2637363
While executing 'Script@7 :: Script':
  no 'from.reset' write handler
Rx rate: 16487.0517928
While executing 'Script@7 :: Script':
  no 'from.reset' write handler
Rx rate: 16283.2832833
While executing 'Script@7 :: Script':
  no 'from.reset' write handler
Rx rate: 16201
While executing 'Script@7 :: Script':
  no 'from.reset' write handler
Rx rate: 16497.4924774
While executing 'Script@7 :: Script':
  no 'from.reset' write handler
Rx rate: 16086.9130869
While executing 'Script@7 :: Script':
  no 'from.reset' write handler
Rx rate: 15848.3033932
While executing 'Script@7 :: Script':
  no 'from.reset' write handler
Rx rate: 16455.0898204
While executing 'Script@7 :: Script':
  no 'from.reset' write handler
Rx rate: 16289
While executing 'Script@7 :: Script':
  no 'from.reset' write handler
Rx rate: 14910.5527638
While executing 'Script@7 :: Script':
  no 'from.reset' write handler
Rx rate: 15867.8678679
While executing 'Script@7 :: Script':
  no 'from.reset' write handler
Rx rate: 15254.509018
While executing 'Script@7 :: Script':
  no 'from.reset' write handler
Rx rate: 16568.2951147
While executing 'Script@7 :: Script':
  no 'from.reset' write handler
Rx rate: 15599.8003992
While executing 'Script@7 :: Script':
  no 'from.reset' write handler
Rx rate: 16203.7962038
While executing 'Script@7 :: Script':
  no 'from.reset' write handler
Rx rate: 15824.3512974
While executing 'Script@7 :: Script':
  no 'from.reset' write handler
Rx rate: 15813.6272545
While executing 'Script@7 :: Script':
  no 'from.reset' write handler
Rx rate: 15640.3596404
While executing 'Script@7 :: Script':
  no 'from.reset' write handler
Rx rate: 15507.9840319
While executing 'Script@7 :: Script':
  no 'from.reset' write handler
Rx rate: 15566.7001003
While executing 'Script@7 :: Script':
  no 'from.reset' write handler
Rx rate: 16160.8391608
While executing 'Script@7 :: Script':
  no 'from.reset' write handler
Rx rate: 16240
While executing 'Script@7 :: Script':
  no 'from.reset' write handler
Rx rate: 15624
While executing 'Script@7 :: Script':
  no 'from.reset' write handler
Rx rate: 15440
While executing 'Script@7 :: Script':
  no 'from.reset' write handler
Rx rate: 15638.9167503
While executing 'Script@7 :: Script':
  no 'from.reset' write handler
Rx rate: 15296.7032967
While executing 'Script@7 :: Script':
  no 'from.reset' write handler
Rx rate: 16470.0598802
While executing 'Script@7 :: Script':
  no 'from.reset' write handler
Rx rate: 15750.501002
While executing 'Script@7 :: Script':
  no 'from.reset' write handler
Rx rate: 16476.5702891
While executing 'Script@7 :: Script':
  no 'from.reset' write handler
Rx rate: 16006
While executing 'Script@7 :: Script':
  no 'from.reset' write handler
Rx rate: 15918.3266932
While executing 'Script@7 :: Script':
  no 'from.reset' write handler
Rx rate: 16166
While executing 'Script@7 :: Script':
  no 'from.reset' write handler
Rx rate: 15988.0358923
While executing 'Script@7 :: Script':
  no 'from.reset' write handler
Rx rate: 15630.6306306
While executing 'Script@7 :: Script':
  no 'from.reset' write handler
Rx rate: 16477.9559118
While executing 'Script@7 :: Script':
  no 'from.reset' write handler
Rx rate: 15952.047952
While executing 'Script@7 :: Script':
  no 'from.reset' write handler
Rx rate: 15363.2734531
While executing 'Script@7 :: Script':
  no 'from.reset' write handler
Rx rate: 15599
While executing 'Script@7 :: Script':
  no 'from.reset' write handler
Rx rate: 15330.0099701
While executing 'Script@7 :: Script':
  no 'from.reset' write handler
Rx rate: 16677.3547094
While executing 'Script@7 :: Script':
  no 'from.reset' write handler
Rx rate: 16492.4924925
While executing 'Script@7 :: Script':
  no 'from.reset' write handler
Rx rate: 16461.5384615
While executing 'Script@7 :: Script':
  no 'from.reset' write handler
Rx rate: 15781.4371257
While executing 'Script@7 :: Script':
  no 'from.reset' write handler
Rx rate: 15913.1736527
While executing 'Script@7 :: Script':
  no 'from.reset' write handler
Rx rate: 16471.1155378
While executing 'Script@7 :: Script':
  no 'from.reset' write handler
Rx rate: 15327
While executing 'Script@7 :: Script':
  no 'from.reset' write handler
Rx rate: 15640.3596404
While executing 'Script@7 :: Script':
  no 'from.reset' write handler
Rx rate: 15220
While executing 'Script@7 :: Script':
  no 'from.reset' write handler
Rx rate: 16926
While executing 'Script@7 :: Script':
  no 'from.reset' write handler
Rx rate: 15835.1648352
While executing 'Script@7 :: Script':
  no 'from.reset' write handler
Rx rate: 15671.6566866
While executing 'Script@7 :: Script':
  no 'from.reset' write handler
Rx rate: 16150.5483549
While executing 'Script@7 :: Script':
  no 'from.reset' write handler
Rx rate: 14831.3373253
While executing 'Script@7 :: Script':
  no 'from.reset' write handler
Rx rate: 15429.1417166
While executing 'Script@7 :: Script':
  no 'from.reset' write handler
Rx rate: 17319
While executing 'Script@7 :: Script':
  no 'from.reset' write handler
Rx rate: 16386
While executing 'Script@7 :: Script':
  no 'from.reset' write handler
Rx rate: 16341.9740778
While executing 'Script@7 :: Script':
  no 'from.reset' write handler
Rx rate: 16292
While executing 'Script@7 :: Script':
  no 'from.reset' write handler
Rx rate: 16134.8651349
While executing 'Script@7 :: Script':
  no 'from.reset' write handler
Rx rate: 15535.8565737
While executing 'Script@7 :: Script':
  no 'from.reset' write handler
Rx rate: 15341.6833667
While executing 'Script@7 :: Script':
  no 'from.reset' write handler
Rx rate: 15944.1117764
While executing 'Script@7 :: Script':
  no 'from.reset' write handler
Rx rate: 15621
While executing 'Script@7 :: Script':
  no 'from.reset' write handler
Rx rate: 15104.6859422
While executing 'Script@7 :: Script':
  no 'from.reset' write handler
Rx rate: 16103.7924152
While executing 'Script@7 :: Script':
  no 'from.reset' write handler
Rx rate: 16143.8561439
While executing 'Script@7 :: Script':
  no 'from.reset' write handler
Rx rate: 15801.3972056
While executing 'Script@7 :: Script':
  no 'from.reset' write handler
Rx rate: 16286.1415753
While executing 'Script@7 :: Script':
  no 'from.reset' write handler
Rx rate: 15767.4650699
While executing 'Script@7 :: Script':
  no 'from.reset' write handler
Rx rate: 15964
While executing 'Script@7 :: Script':
  no 'from.reset' write handler
Rx rate: 16013.9581256
While executing 'Script@7 :: Script':
  no 'from.reset' write handler
Rx rate: 16182.4526421
While executing 'Script@7 :: Script':
  no 'from.reset' write handler
Rx rate: 16254.527163
While executing 'Script@7 :: Script':
  no 'from.reset' write handler
Rx rate: 15873.3798604
While executing 'Script@7 :: Script':
  no 'from.reset' write handler
Rx rate: 16567.2981057
While executing 'Script@7 :: Script':
  no 'from.reset' write handler
Rx rate: 15881.1188811
While executing 'Script@7 :: Script':
  no 'from.reset' write handler
Rx rate: 15891.8918919
While executing 'Script@7 :: Script':
  no 'from.reset' write handler
Rx rate: 16549.4505495
While executing 'Script@7 :: Script':
  no 'from.reset' write handler
Rx rate: 15874.497992
While executing 'Script@7 :: Script':
  no 'from.reset' write handler
Rx rate: 16553.3399801
While executing 'Script@7 :: Script':
  no 'from.reset' write handler
Rx rate: 16057.1715145
While executing 'Script@7 :: Script':
  no 'from.reset' write handler
Rx rate: 15614.3856144
While executing 'Script@7 :: Script':
  no 'from.reset' write handler
Rx rate: 14928.0719281
While executing 'Script@7 :: Script':
  no 'from.reset' write handler
Rx rate: 17141
While executing 'Script@7 :: Script':
  no 'from.reset' write handler
Rx rate: 16398.2035928
While executing 'Script@7 :: Script':
  no 'from.reset' write handler
Rx rate: 15517.447657
While executing 'Script@7 :: Script':
  no 'from.reset' write handler
Rx rate: 17023.023023
While executing 'Script@7 :: Script':
  no 'from.reset' write handler
Rx rate: 15713.2867133
While executing 'Script@7 :: Script':
  no 'from.reset' write handler
Rx rate: 15901.0989011
While executing 'Script@7 :: Script':
  no 'from.reset' write handler
Rx rate: 16171.1442786
While executing 'Script@7 :: Script':
  no 'from.reset' write handler
Rx rate: 15216.7832168
While executing 'Script@7 :: Script':
  no 'from.reset' write handler
Rx rate: 17048.951049
While executing 'Script@7 :: Script':
  no 'from.reset' write handler
Rx rate: 15732.5349301
While executing 'Script@7 :: Script':
  no 'from.reset' write handler
Rx rate: 15658
While executing 'Script@7 :: Script':
  no 'from.reset' write handler
Rx rate: 15373
While executing 'Script@7 :: Script':
  no 'from.reset' write handler
Rx rate: 16269.4610778
While executing 'Script@7 :: Script':
  no 'from.reset' write handler
Rx rate: 16968.4931507
While executing 'Script@7 :: Script':
  no 'from.reset' write handler
AUTOTEST_DONE
