/tmp/linux.click:2: While initializing 'from :: FromDevice':
  warning: ens7: no IPv4 address assigned
Startup trace (nsec): main: 8922178642
Startup trace (nsec): init done: 8932074392
Rx rate: 0
While executing 'Script@7 :: Script':
  no 'from.reset' write handler
Rx rate: 381852.071006
While executing 'Script@7 :: Script':
  no 'from.reset' write handler
Rx rate: 280522.908367
While executing 'Script@7 :: Script':
  no 'from.reset' write handler
Rx rate: 339058.882236
While executing 'Script@7 :: Script':
  no 'from.reset' write handler
Rx rate: 368659.340659
While executing 'Script@7 :: Script':
  no 'from.reset' write handler
Rx rate: 353184
While executing 'Script@7 :: Script':
  no 'from.reset' write handler
Rx rate: 363469
While executing 'Script@7 :: Script':
  no 'from.reset' write handler
Rx rate: 352442.557443
While executing 'Script@7 :: Script':
  no 'from.reset' write handler
Rx rate: 352093
While executing 'Script@7 :: Script':
  no 'from.reset' write handler
Rx rate: 364298.804781
While executing 'Script@7 :: Script':
  no 'from.reset' write handler
Rx rate: 367642
While executing 'Script@7 :: Script':
  no 'from.reset' write handler
Rx rate: 359392
While executing 'Script@7 :: Script':
  no 'from.reset' write handler
Rx rate: 352584.415584
While executing 'Script@7 :: Script':
  no 'from.reset' write handler
Rx rate: 360581
While executing 'Script@7 :: Script':
  no 'from.reset' write handler
Rx rate: 364866
While executing 'Script@7 :: Script':
  no 'from.reset' write handler
Rx rate: 348957.042957
While executing 'Script@7 :: Script':
  no 'from.reset' write handler
Rx rate: 360698.301698
While executing 'Script@7 :: Script':
  no 'from.reset' write handler
Rx rate: 367792.207792
While executing 'Script@7 :: Script':
  no 'from.reset' write handler
Rx rate: 345503
While executing 'Script@7 :: Script':
  no 'from.reset' write handler
Rx rate: 361367
While executing 'Script@7 :: Script':
  no 'from.reset' write handler
Rx rate: 364551
While executing 'Script@7 :: Script':
  no 'from.reset' write handler
Rx rate: 340333
While executing 'Script@7 :: Script':
  no 'from.reset' write handler
Rx rate: 362442.557443
While executing 'Script@7 :: Script':
  no 'from.reset' write handler
Rx rate: 358820.17982
While executing 'Script@7 :: Script':
  no 'from.reset' write handler
Rx rate: 337831
While executing 'Script@7 :: Script':
  no 'from.reset' write handler
Rx rate: 365148.851149
While executing 'Script@7 :: Script':
  no 'from.reset' write handler
Rx rate: 368667
While executing 'Script@7 :: Script':
  no 'from.reset' write handler
Rx rate: 356065
While executing 'Script@7 :: Script':
  no 'from.reset' write handler
Rx rate: 337979.020979
While executing 'Script@7 :: Script':
  no 'from.reset' write handler
Rx rate: 362385
While executing 'Script@7 :: Script':
  no 'from.reset' write handler
Rx rate: 363767
While executing 'Script@7 :: Script':
  no 'from.reset' write handler
Rx rate: 360447
While executing 'Script@7 :: Script':
  no 'from.reset' write handler
Rx rate: 361894.211577
While executing 'Script@7 :: Script':
  no 'from.reset' write handler
Rx rate: 360375
While executing 'Script@7 :: Script':
  no 'from.reset' write handler
Rx rate: 360409
While executing 'Script@7 :: Script':
  no 'from.reset' write handler
Rx rate: 358349
While executing 'Script@7 :: Script':
  no 'from.reset' write handler
Rx rate: 358319.319319
While executing 'Script@7 :: Script':
  no 'from.reset' write handler
Rx rate: 357864
While executing 'Script@7 :: Script':
  no 'from.reset' write handler
Rx rate: 358268.731269
While executing 'Script@7 :: Script':
  no 'from.reset' write handler
Rx rate: 360660
While executing 'Script@7 :: Script':
  no 'from.reset' write handler
Rx rate: 362374
While executing 'Script@7 :: Script':
  no 'from.reset' write handler
Rx rate: 355065.868263
While executing 'Script@7 :: Script':
  no 'from.reset' write handler
Rx rate: 358813
While executing 'Script@7 :: Script':
  no 'from.reset' write handler
Rx rate: 358221
While executing 'Script@7 :: Script':
  no 'from.reset' write handler
Rx rate: 359983
While executing 'Script@7 :: Script':
  no 'from.reset' write handler
Rx rate: 361338
While executing 'Script@7 :: Script':
  no 'from.reset' write handler
Rx rate: 353082
While executing 'Script@7 :: Script':
  no 'from.reset' write handler
Rx rate: 361342
While executing 'Script@7 :: Script':
  no 'from.reset' write handler
Rx rate: 366412
While executing 'Script@7 :: Script':
  no 'from.reset' write handler
Rx rate: 364159
While executing 'Script@7 :: Script':
  no 'from.reset' write handler
Rx rate: 361288.135593
While executing 'Script@7 :: Script':
  no 'from.reset' write handler
Rx rate: 366379
While executing 'Script@7 :: Script':
  no 'from.reset' write handler
Rx rate: 364120
While executing 'Script@7 :: Script':
  no 'from.reset' write handler
Rx rate: 358964
While executing 'Script@7 :: Script':
  no 'from.reset' write handler
Rx rate: 363831
While executing 'Script@7 :: Script':
  no 'from.reset' write handler
Rx rate: 364727
While executing 'Script@7 :: Script':
  no 'from.reset' write handler
Rx rate: 360600
While executing 'Script@7 :: Script':
  no 'from.reset' write handler
Rx rate: 345787.637089
While executing 'Script@7 :: Script':
  no 'from.reset' write handler
Rx rate: 365817
While executing 'Script@7 :: Script':
  no 'from.reset' write handler
Rx rate: 357484
While executing 'Script@7 :: Script':
  no 'from.reset' write handler
Rx rate: 361544.91018
While executing 'Script@7 :: Script':
  no 'from.reset' write handler
Rx rate: 365252
While executing 'Script@7 :: Script':
  no 'from.reset' write handler
Rx rate: 363732
While executing 'Script@7 :: Script':
  no 'from.reset' write handler
Rx rate: 359220.779221
While executing 'Script@7 :: Script':
  no 'from.reset' write handler
Rx rate: 364951
While executing 'Script@7 :: Script':
  no 'from.reset' write handler
Rx rate: 366789
While executing 'Script@7 :: Script':
  no 'from.reset' write handler
Rx rate: 359091.816367
While executing 'Script@7 :: Script':
  no 'from.reset' write handler
Rx rate: 357418.581419
While executing 'Script@7 :: Script':
  no 'from.reset' write handler
Rx rate: 360346
While executing 'Script@7 :: Script':
  no 'from.reset' write handler
Rx rate: 362278
While executing 'Script@7 :: Script':
  no 'from.reset' write handler
Rx rate: 357567
While executing 'Script@7 :: Script':
  no 'from.reset' write handler
Rx rate: 362378
While executing 'Script@7 :: Script':
  no 'from.reset' write handler
Rx rate: 357987.012987
While executing 'Script@7 :: Script':
  no 'from.reset' write handler
Rx rate: 363769
While executing 'Script@7 :: Script':
  no 'from.reset' write handler
Rx rate: 354347.652348
While executing 'Script@7 :: Script':
  no 'from.reset' write handler
Rx rate: 360112
While executing 'Script@7 :: Script':
  no 'from.reset' write handler
Rx rate: 359625
While executing 'Script@7 :: Script':
  no 'from.reset' write handler
Rx rate: 358035.07014
While executing 'Script@7 :: Script':
  no 'from.reset' write handler
Rx rate: 359535.464535
While executing 'Script@7 :: Script':
  no 'from.reset' write handler
Rx rate: 357344
While executing 'Script@7 :: Script':
  no 'from.reset' write handler
Rx rate: 365189
While executing 'Script@7 :: Script':
  no 'from.reset' write handler
Rx rate: 358757
While executing 'Script@7 :: Script':
  no 'from.reset' write handler
Rx rate: 360508.491508
While executing 'Script@7 :: Script':
  no 'from.reset' write handler
Rx rate: 359817
While executing 'Script@7 :: Script':
  no 'from.reset' write handler
Rx rate: 358830
While executing 'Script@7 :: Script':
  no 'from.reset' write handler
Rx rate: 351257
While executing 'Script@7 :: Script':
  no 'from.reset' write handler
Rx rate: 358139
While executing 'Script@7 :: Script':
  no 'from.reset' write handler
Rx rate: 354983
While executing 'Script@7 :: Script':
  no 'from.reset' write handler
Rx rate: 346154.845155
While executing 'Script@7 :: Script':
  no 'from.reset' write handler
Rx rate: 361119
While executing 'Script@7 :: Script':
  no 'from.reset' write handler
Rx rate: 362110
While executing 'Script@7 :: Script':
  no 'from.reset' write handler
Rx rate: 357416
While executing 'Script@7 :: Script':
  no 'from.reset' write handler
Rx rate: 356955.08982
While executing 'Script@7 :: Script':
  no 'from.reset' write handler
Rx rate: 355895
While executing 'Script@7 :: Script':
  no 'from.reset' write handler
Rx rate: 362841.158841
While executing 'Script@7 :: Script':
  no 'from.reset' write handler
Rx rate: 359589
While executing 'Script@7 :: Script':
  no 'from.reset' write handler
Rx rate: 360399.6004
While executing 'Script@7 :: Script':
  no 'from.reset' write handler
Rx rate: 365311
While executing 'Script@7 :: Script':
  no 'from.reset' write handler
Rx rate: 356536.463536
While executing 'Script@7 :: Script':
  no 'from.reset' write handler
Rx rate: 361286
While executing 'Script@7 :: Script':
  no 'from.reset' write handler
Rx rate: 364646
While executing 'Script@7 :: Script':
  no 'from.reset' write handler
Rx rate: 360273
While executing 'Script@7 :: Script':
  no 'from.reset' write handler
Rx rate: 362725
While executing 'Script@7 :: Script':
  no 'from.reset' write handler
Rx rate: 356763.236763
While executing 'Script@7 :: Script':
  no 'from.reset' write handler
Rx rate: 355142
While executing 'Script@7 :: Script':
  no 'from.reset' write handler
Rx rate: 358276
While executing 'Script@7 :: Script':
  no 'from.reset' write handler
Rx rate: 360268
While executing 'Script@7 :: Script':
  no 'from.reset' write handler
Rx rate: 357374
While executing 'Script@7 :: Script':
  no 'from.reset' write handler
Rx rate: 362102.897103
While executing 'Script@7 :: Script':
  no 'from.reset' write handler
Rx rate: 358436.563437
While executing 'Script@7 :: Script':
  no 'from.reset' write handler
Rx rate: 363113
While executing 'Script@7 :: Script':
  no 'from.reset' write handler
Rx rate: 361482.035928
While executing 'Script@7 :: Script':
  no 'from.reset' write handler
Rx rate: 362849
While executing 'Script@7 :: Script':
  no 'from.reset' write handler
Rx rate: 360728.271728
While executing 'Script@7 :: Script':
  no 'from.reset' write handler
Rx rate: 361027
While executing 'Script@7 :: Script':
  no 'from.reset' write handler
Rx rate: 360846
While executing 'Script@7 :: Script':
  no 'from.reset' write handler
Rx rate: 361136
While executing 'Script@7 :: Script':
  no 'from.reset' write handler
Rx rate: 357390
While executing 'Script@7 :: Script':
  no 'from.reset' write handler
Rx rate: 348170
While executing 'Script@7 :: Script':
  no 'from.reset' write handler
Rx rate: 359751
While executing 'Script@7 :: Script':
  no 'from.reset' write handler
Rx rate: 359081
While executing 'Script@7 :: Script':
  no 'from.reset' write handler
Rx rate: 360859
While executing 'Script@7 :: Script':
  no 'from.reset' write handler
Rx rate: 356186
While executing 'Script@7 :: Script':
  no 'from.reset' write handler
Rx rate: 356463.536464
While executing 'Script@7 :: Script':
  no 'from.reset' write handler
Rx rate: 361593
While executing 'Script@7 :: Script':
  no 'from.reset' write handler
Rx rate: 361207
While executing 'Script@7 :: Script':
  no 'from.reset' write handler
Rx rate: 359253.493014
While executing 'Script@7 :: Script':
  no 'from.reset' write handler
Rx rate: 354238.761239
While executing 'Script@7 :: Script':
  no 'from.reset' write handler
Rx rate: 357348
While executing 'Script@7 :: Script':
  no 'from.reset' write handler
Rx rate: 355687.312687
While executing 'Script@7 :: Script':
  no 'from.reset' write handler
Rx rate: 360745
While executing 'Script@7 :: Script':
  no 'from.reset' write handler
Rx rate: 353791
While executing 'Script@7 :: Script':
  no 'from.reset' write handler
Rx rate: 356560
While executing 'Script@7 :: Script':
  no 'from.reset' write handler
Rx rate: 365776
While executing 'Script@7 :: Script':
  no 'from.reset' write handler
Rx rate: 358599
While executing 'Script@7 :: Script':
  no 'from.reset' write handler
Rx rate: 354427.145709
While executing 'Script@7 :: Script':
  no 'from.reset' write handler
Rx rate: 354993
While executing 'Script@7 :: Script':
  no 'from.reset' write handler
Rx rate: 356337
While executing 'Script@7 :: Script':
  no 'from.reset' write handler
Rx rate: 366914.085914
While executing 'Script@7 :: Script':
  no 'from.reset' write handler
Rx rate: 357497
While executing 'Script@7 :: Script':
  no 'from.reset' write handler
Rx rate: 363132
While executing 'Script@7 :: Script':
  no 'from.reset' write handler
Rx rate: 363383
While executing 'Script@7 :: Script':
  no 'from.reset' write handler
Rx rate: 363868
While executing 'Script@7 :: Script':
  no 'from.reset' write handler
Rx rate: 358682
While executing 'Script@7 :: Script':
  no 'from.reset' write handler
Rx rate: 356145
While executing 'Script@7 :: Script':
  no 'from.reset' write handler
Rx rate: 361556
While executing 'Script@7 :: Script':
  no 'from.reset' write handler
Rx rate: 363943
While executing 'Script@7 :: Script':
  no 'from.reset' write handler
Rx rate: 360467
While executing 'Script@7 :: Script':
  no 'from.reset' write handler
Rx rate: 348750
While executing 'Script@7 :: Script':
  no 'from.reset' write handler
Rx rate: 361902
While executing 'Script@7 :: Script':
  no 'from.reset' write handler
Rx rate: 358602
While executing 'Script@7 :: Script':
  no 'from.reset' write handler
Rx rate: 358139
While executing 'Script@7 :: Script':
  no 'from.reset' write handler
Rx rate: 361242
While executing 'Script@7 :: Script':
  no 'from.reset' write handler
Rx rate: 362349.65035
While executing 'Script@7 :: Script':
  no 'from.reset' write handler
Rx rate: 362473
While executing 'Script@7 :: Script':
  no 'from.reset' write handler
Rx rate: 358649.350649
While executing 'Script@7 :: Script':
  no 'from.reset' write handler
Rx rate: 359022
While executing 'Script@7 :: Script':
  no 'from.reset' write handler
Rx rate: 353365
While executing 'Script@7 :: Script':
  no 'from.reset' write handler
Rx rate: 361731.268731
While executing 'Script@7 :: Script':
  no 'from.reset' write handler
Rx rate: 358768.231768
While executing 'Script@7 :: Script':
  no 'from.reset' write handler
Rx rate: 360623
While executing 'Script@7 :: Script':
  no 'from.reset' write handler
Rx rate: 359340
While executing 'Script@7 :: Script':
  no 'from.reset' write handler
Rx rate: 355369.63037
While executing 'Script@7 :: Script':
  no 'from.reset' write handler
Rx rate: 360418
While executing 'Script@7 :: Script':
  no 'from.reset' write handler
Rx rate: 356411
While executing 'Script@7 :: Script':
  no 'from.reset' write handler
Rx rate: 360921
While executing 'Script@7 :: Script':
  no 'from.reset' write handler
Rx rate: 352216.566866
While executing 'Script@7 :: Script':
  no 'from.reset' write handler
Rx rate: 358168
While executing 'Script@7 :: Script':
  no 'from.reset' write handler
Rx rate: 356535
While executing 'Script@7 :: Script':
  no 'from.reset' write handler
Rx rate: 357753
While executing 'Script@7 :: Script':
  no 'from.reset' write handler
Rx rate: 356671
While executing 'Script@7 :: Script':
  no 'from.reset' write handler
Rx rate: 366058
While executing 'Script@7 :: Script':
  no 'from.reset' write handler
Rx rate: 358790.20979
While executing 'Script@7 :: Script':
  no 'from.reset' write handler
Rx rate: 367078
While executing 'Script@7 :: Script':
  no 'from.reset' write handler
Rx rate: 360498
While executing 'Script@7 :: Script':
  no 'from.reset' write handler
Rx rate: 356162
While executing 'Script@7 :: Script':
  no 'from.reset' write handler
Rx rate: 360447
While executing 'Script@7 :: Script':
  no 'from.reset' write handler
Rx rate: 355931.137725
While executing 'Script@7 :: Script':
  no 'from.reset' write handler
Rx rate: 340849
While executing 'Script@7 :: Script':
  no 'from.reset' write handler
Rx rate: 361888
While executing 'Script@7 :: Script':
  no 'from.reset' write handler
Rx rate: 357526.473526
While executing 'Script@7 :: Script':
  no 'from.reset' write handler
Rx rate: 352257.742258
While executing 'Script@7 :: Script':
  no 'from.reset' write handler
Rx rate: 358286
While executing 'Script@7 :: Script':
  no 'from.reset' write handler
AUTOTEST_DONE
