Startup trace (nsec): main: 8864462542
Startup trace (nsec): init done: 16173579203
Rx rate: 15200
While executing 'Script@7 :: Script':
  no 'from.reset' write handler
Rx rate: 15531.0344828
While executing 'Script@7 :: Script':
  no 'from.reset' write handler
Rx rate: 16364.1456583
While executing 'Script@7 :: Script':
  no 'from.reset' write handler
Rx rate: 15316.3064833
While executing 'Script@7 :: Script':
  no 'from.reset' write handler
Rx rate: 14776.7767768
While executing 'Script@7 :: Script':
  no 'from.reset' write handler
Rx rate: 15787.4875869
While executing 'Script@7 :: Script':
  no 'from.reset' write handler
Rx rate: 14866.927593
While executing 'Script@7 :: Script':
  no 'from.reset' write handler
Rx rate: 14499.5044599
While executing 'Script@7 :: Script':
  no 'from.reset' write handler
Rx rate: 16597.4282888
While executing 'Script@7 :: Script':
  no 'from.reset' write handler
Rx rate: 16164.6706587
While executing 'Script@7 :: Script':
  no 'from.reset' write handler
Rx rate: 15188
While executing 'Script@7 :: Script':
  no 'from.reset' write handler
Rx rate: 16328.6713287
While executing 'Script@7 :: Script':
  no 'from.reset' write handler
Rx rate: 16340.3193613
While executing 'Script@7 :: Script':
  no 'from.reset' write handler
Rx rate: 16979.0628116
While executing 'Script@7 :: Script':
  no 'from.reset' write handler
Rx rate: 13525.4745255
While executing 'Script@7 :: Script':
  no 'from.reset' write handler
Rx rate: 15909.2721834
While executing 'Script@7 :: Script':
  no 'from.reset' write handler
Rx rate: 15694.3056943
While executing 'Script@7 :: Script':
  no 'from.reset' write handler
Rx rate: 15044.9101796
While executing 'Script@7 :: Script':
  no 'from.reset' write handler
Rx rate: 16085.8283433
While executing 'Script@7 :: Script':
  no 'from.reset' write handler
Rx rate: 16634.5381526
While executing 'Script@7 :: Script':
  no 'from.reset' write handler
Rx rate: 14528.9421158
While executing 'Script@7 :: Script':
  no 'from.reset' write handler
Rx rate: 15523.4297109
While executing 'Script@7 :: Script':
  no 'from.reset' write handler
Rx rate: 16553
While executing 'Script@7 :: Script':
  no 'from.reset' write handler
Rx rate: 16225.0996016
While executing 'Script@7 :: Script':
  no 'from.reset' write handler
Rx rate: 16161.1611612
While executing 'Script@7 :: Script':
  no 'from.reset' write handler
Rx rate: 15753.2467532
While executing 'Script@7 :: Script':
  no 'from.reset' write handler
Rx rate: 16715.4228856
While executing 'Script@7 :: Script':
  no 'from.reset' write handler
Rx rate: 15646.0618146
While executing 'Script@7 :: Script':
  no 'from.reset' write handler
Rx rate: 15411.5884116
While executing 'Script@7 :: Script':
  no 'from.reset' write handler
Rx rate: 16206
While executing 'Script@7 :: Script':
  no 'from.reset' write handler
Rx rate: 16656.6866267
While executing 'Script@7 :: Script':
  no 'from.reset' write handler
Rx rate: 15871.257485
While executing 'Script@7 :: Script':
  no 'from.reset' write handler
Rx rate: 16478.0439122
While executing 'Script@7 :: Script':
  no 'from.reset' write handler
Rx rate: 15853
While executing 'Script@7 :: Script':
  no 'from.reset' write handler
Rx rate: 15693.9182453
While executing 'Script@7 :: Script':
  no 'from.reset' write handler
Rx rate: 15832.6693227
While executing 'Script@7 :: Script':
  no 'from.reset' write handler
Rx rate: 16607.960199
While executing 'Script@7 :: Script':
  no 'from.reset' write handler
Rx rate: 16275
While executing 'Script@7 :: Script':
  no 'from.reset' write handler
Rx rate: 15827.4824473
While executing 'Script@7 :: Script':
  no 'from.reset' write handler
Rx rate: 15656.6866267
While executing 'Script@7 :: Script':
  no 'from.reset' write handler
Rx rate: 15755.7328016
While executing 'Script@7 :: Script':
  no 'from.reset' write handler
Rx rate: 16415.1696607
While executing 'Script@7 :: Script':
  no 'from.reset' write handler
Rx rate: 16020.1207243
While executing 'Script@7 :: Script':
  no 'from.reset' write handler
Rx rate: 16240.5189621
While executing 'Script@7 :: Script':
  no 'from.reset' write handler
Rx rate: 16404.1916168
While executing 'Script@7 :: Script':
  no 'from.reset' write handler
Rx rate: 15928
While executing 'Script@7 :: Script':
  no 'from.reset' write handler
Rx rate: 16734.7347347
While executing 'Script@7 :: Script':
  no 'from.reset' write handler
Rx rate: 16273.2732733
While executing 'Script@7 :: Script':
  no 'from.reset' write handler
Rx rate: 16808.1918082
While executing 'Script@7 :: Script':
  no 'from.reset' write handler
Rx rate: 16402.4024024
While executing 'Script@7 :: Script':
  no 'from.reset' write handler
Rx rate: 14875.3738784
While executing 'Script@7 :: Script':
  no 'from.reset' write handler
Rx rate: 16675.9720837
While executing 'Script@7 :: Script':
  no 'from.reset' write handler
Rx rate: 16497
While executing 'Script@7 :: Script':
  no 'from.reset' write handler
Rx rate: 15440
While executing 'Script@7 :: Script':
  no 'from.reset' write handler
Rx rate: 15352.5896414
While executing 'Script@7 :: Script':
  no 'from.reset' write handler
Rx rate: 15504.99002
While executing 'Script@7 :: Script':
  no 'from.reset' write handler
Rx rate: 16382.2355289
While executing 'Script@7 :: Script':
  no 'from.reset' write handler
Rx rate: 15651.3486513
While executing 'Script@7 :: Script':
  no 'from.reset' write handler
Rx rate: 16434.5654346
While executing 'Script@7 :: Script':
  no 'from.reset' write handler
Rx rate: 15787
While executing 'Script@7 :: Script':
  no 'from.reset' write handler
Rx rate: 16320.0398804
While executing 'Script@7 :: Script':
  no 'from.reset' write handler
Rx rate: 16245.508982
While executing 'Script@7 :: Script':
  no 'from.reset' write handler
Rx rate: 16909.0909091
While executing 'Script@7 :: Script':
  no 'from.reset' write handler
Rx rate: 16483.0339321
While executing 'Script@7 :: Script':
  no 'from.reset' write handler
Rx rate: 15540.2985075
While executing 'Script@7 :: Script':
  no 'from.reset' write handler
Rx rate: 16095.9040959
While executing 'Script@7 :: Script':
  no 'from.reset' write handler
Rx rate: 16424.4244244
While executing 'Script@7 :: Script':
  no 'from.reset' write handler
Rx rate: 16784.6460618
While executing 'Script@7 :: Script':
  no 'from.reset' write handler
Rx rate: 16748.0079681
While executing 'Script@7 :: Script':
  no 'from.reset' write handler
Rx rate: 15644
While executing 'Script@7 :: Script':
  no 'from.reset' write handler
Rx rate: 16024.024024
While executing 'Script@7 :: Script':
  no 'from.reset' write handler
Rx rate: 15920.0799201
While executing 'Script@7 :: Script':
  no 'from.reset' write handler
Rx rate: 15279.60199
While executing 'Script@7 :: Script':
  no 'from.reset' write handler
Rx rate: 15432.1357285
While executing 'Script@7 :: Script':
  no 'from.reset' write handler
Rx rate: 16292.8286853
While executing 'Script@7 :: Script':
  no 'from.reset' write handler
Rx rate: 15847.6095618
While executing 'Script@7 :: Script':
  no 'from.reset' write handler
Rx rate: 15525.0501002
While executing 'Script@7 :: Script':
  no 'from.reset' write handler
Rx rate: 16569.7091274
While executing 'Script@7 :: Script':
  no 'from.reset' write handler
Rx rate: 15992
While executing 'Script@7 :: Script':
  no 'from.reset' write handler
Rx rate: 16266.7332667
While executing 'Script@7 :: Script':
  no 'from.reset' write handler
Rx rate: 15219.5608782
While executing 'Script@7 :: Script':
  no 'from.reset' write handler
Rx rate: 16066.9330669
While executing 'Script@7 :: Script':
  no 'from.reset' write handler
Rx rate: 15574.7241725
While executing 'Script@7 :: Script':
  no 'from.reset' write handler
Rx rate: 15114.2284569
While executing 'Script@7 :: Script':
  no 'from.reset' write handler
Rx rate: 15391.3913914
While executing 'Script@7 :: Script':
  no 'from.reset' write handler
Rx rate: 16251
While executing 'Script@7 :: Script':
  no 'from.reset' write handler
Rx rate: 16223.33001
While executing 'Script@7 :: Script':
  no 'from.reset' write handler
Rx rate: 15900
While executing 'Script@7 :: Script':
  no 'from.reset' write handler
Rx rate: 16570.4295704
While executing 'Script@7 :: Script':
  no 'from.reset' write handler
Rx rate: 15793.6191426
While executing 'Script@7 :: Script':
  no 'from.reset' write handler
Rx rate: 15594.217348
While executing 'Script@7 :: Script':
  no 'from.reset' write handler
Rx rate: 15913
While executing 'Script@7 :: Script':
  no 'from.reset' write handler
Rx rate: 15336.3273453
While executing 'Script@7 :: Script':
  no 'from.reset' write handler
Rx rate: 16185.1851852
While executing 'Script@7 :: Script':
  no 'from.reset' write handler
Rx rate: 15812.1878122
While executing 'Script@7 :: Script':
  no 'from.reset' write handler
Rx rate: 17160
While executing 'Script@7 :: Script':
  no 'from.reset' write handler
Rx rate: 16635
While executing 'Script@7 :: Script':
  no 'from.reset' write handler
Rx rate: 15459.6211366
While executing 'Script@7 :: Script':
  no 'from.reset' write handler
Rx rate: 15969.030969
While executing 'Script@7 :: Script':
  no 'from.reset' write handler
Rx rate: 15782.4351297
While executing 'Script@7 :: Script':
  no 'from.reset' write handler
Rx rate: 16246.506986
While executing 'Script@7 :: Script':
  no 'from.reset' write handler
Rx rate: 14845.8458458
While executing 'Script@7 :: Script':
  no 'from.reset' write handler
Rx rate: 15551.7928287
While executing 'Script@7 :: Script':
  no 'from.reset' write handler
Rx rate: 16758.2417582
While executing 'Script@7 :: Script':
  no 'from.reset' write handler
Rx rate: 15885.4581673
While executing 'Script@7 :: Script':
  no 'from.reset' write handler
Rx rate: 16647.6476476
While executing 'Script@7 :: Script':
  no 'from.reset' write handler
Rx rate: 15740.2597403
While executing 'Script@7 :: Script':
  no 'from.reset' write handler
Rx rate: 16670.6586826
While executing 'Script@7 :: Script':
  no 'from.reset' write handler
Rx rate: 16844
While executing 'Script@7 :: Script':
  no 'from.reset' write handler
Rx rate: 15932.1357285
While executing 'Script@7 :: Script':
  no 'from.reset' write handler
Rx rate: 15437.3119358
While executing 'Script@7 :: Script':
  no 'from.reset' write handler
Rx rate: 15391.2175649
While executing 'Script@7 :: Script':
  no 'from.reset' write handler
Rx rate: 15394
While executing 'Script@7 :: Script':
  no 'from.reset' write handler
Rx rate: 16071.9280719
While executing 'Script@7 :: Script':
  no 'from.reset' write handler
Rx rate: 15940.9409409
While executing 'Script@7 :: Script':
  no 'from.reset' write handler
Rx rate: 15972.0837488
While executing 'Script@7 :: Script':
  no 'from.reset' write handler
Rx rate: 15870.1298701
While executing 'Script@7 :: Script':
  no 'from.reset' write handler
Rx rate: 16388.6113886
While executing 'Script@7 :: Script':
  no 'from.reset' write handler
Rx rate: 15251.7482517
While executing 'Script@7 :: Script':
  no 'from.reset' write handler
Rx rate: 16510
While executing 'Script@7 :: Script':
  no 'from.reset' write handler
Rx rate: 14832.5024925
While executing 'Script@7 :: Script':
  no 'from.reset' write handler
Rx rate: 15692
While executing 'Script@7 :: Script':
  no 'from.reset' write handler
Rx rate: 16017.982018
While executing 'Script@7 :: Script':
  no 'from.reset' write handler
Rx rate: 15463
While executing 'Script@7 :: Script':
  no 'from.reset' write handler
Rx rate: 16466.1354582
While executing 'Script@7 :: Script':
  no 'from.reset' write handler
Rx rate: 16582
While executing 'Script@7 :: Script':
  no 'from.reset' write handler
Rx rate: 15780.6580259
While executing 'Script@7 :: Script':
  no 'from.reset' write handler
Rx rate: 16454.5454545
While executing 'Script@7 :: Script':
  no 'from.reset' write handler
Rx rate: 16151.3026052
While executing 'Script@7 :: Script':
  no 'from.reset' write handler
Rx rate: 16886.2275449
While executing 'Script@7 :: Script':
  no 'from.reset' write handler
Rx rate: 15715.5688623
While executing 'Script@7 :: Script':
  no 'from.reset' write handler
Rx rate: 16565.1741294
While executing 'Script@7 :: Script':
  no 'from.reset' write handler
Rx rate: 16607.7844311
While executing 'Script@7 :: Script':
  no 'from.reset' write handler
Rx rate: 16628.742515
While executing 'Script@7 :: Script':
  no 'from.reset' write handler
Rx rate: 15824.1758242
While executing 'Script@7 :: Script':
  no 'from.reset' write handler
Rx rate: 15885.2295409
While executing 'Script@7 :: Script':
  no 'from.reset' write handler
Rx rate: 16736
While executing 'Script@7 :: Script':
  no 'from.reset' write handler
Rx rate: 15661.6616617
While executing 'Script@7 :: Script':
  no 'from.reset' write handler
Rx rate: 15471.5284715
While executing 'Script@7 :: Script':
  no 'from.reset' write handler
Rx rate: 16965.0698603
While executing 'Script@7 :: Script':
  no 'from.reset' write handler
Rx rate: 15733.5329341
While executing 'Script@7 :: Script':
  no 'from.reset' write handler
Rx rate: 16352.5896414
While executing 'Script@7 :: Script':
  no 'from.reset' write handler
Rx rate: 16283.1505484
While executing 'Script@7 :: Script':
  no 'from.reset' write handler
Rx rate: 16035.9281437
While executing 'Script@7 :: Script':
  no 'from.reset' write handler
Rx rate: 16875
While executing 'Script@7 :: Script':
  no 'from.reset' write handler
Rx rate: 16559.3220339
While executing 'Script@7 :: Script':
  no 'from.reset' write handler
Rx rate: 16203.7962038
While executing 'Script@7 :: Script':
  no 'from.reset' write handler
Rx rate: 16226.7732268
While executing 'Script@7 :: Script':
  no 'from.reset' write handler
Rx rate: 15436.5634366
While executing 'Script@7 :: Script':
  no 'from.reset' write handler
Rx rate: 16129
While executing 'Script@7 :: Script':
  no 'from.reset' write handler
Rx rate: 16201.3958126
While executing 'Script@7 :: Script':
  no 'from.reset' write handler
Rx rate: 15861.2774451
While executing 'Script@7 :: Script':
  no 'from.reset' write handler
Rx rate: 15602
While executing 'Script@7 :: Script':
  no 'from.reset' write handler
Rx rate: 16534.6038114
While executing 'Script@7 :: Script':
  no 'from.reset' write handler
Rx rate: 16231.0756972
While executing 'Script@7 :: Script':
  no 'from.reset' write handler
Rx rate: 16463.6091725
While executing 'Script@7 :: Script':
  no 'from.reset' write handler
Rx rate: 16311.3772455
While executing 'Script@7 :: Script':
  no 'from.reset' write handler
Rx rate: 15701.4925373
While executing 'Script@7 :: Script':
  no 'from.reset' write handler
Rx rate: 15178.6427146
While executing 'Script@7 :: Script':
  no 'from.reset' write handler
Rx rate: 16407.1856287
While executing 'Script@7 :: Script':
  no 'from.reset' write handler
Rx rate: 15237.0517928
While executing 'Script@7 :: Script':
  no 'from.reset' write handler
Rx rate: 16148.4063745
While executing 'Script@7 :: Script':
  no 'from.reset' write handler
Rx rate: 16490.0199601
While executing 'Script@7 :: Script':
  no 'from.reset' write handler
Rx rate: 15041.958042
While executing 'Script@7 :: Script':
  no 'from.reset' write handler
Rx rate: 16942.1157685
While executing 'Script@7 :: Script':
  no 'from.reset' write handler
Rx rate: 16275.4491018
While executing 'Script@7 :: Script':
  no 'from.reset' write handler
Rx rate: 15427.8557114
While executing 'Script@7 :: Script':
  no 'from.reset' write handler
Rx rate: 15650.3496503
While executing 'Script@7 :: Script':
  no 'from.reset' write handler
Rx rate: 15523.0460922
While executing 'Script@7 :: Script':
  no 'from.reset' write handler
Rx rate: 15963
While executing 'Script@7 :: Script':
  no 'from.reset' write handler
Rx rate: 15293
While executing 'Script@7 :: Script':
  no 'from.reset' write handler
Rx rate: 16130.6081755
While executing 'Script@7 :: Script':
  no 'from.reset' write handler
Rx rate: 16316.2134945
While executing 'Script@7 :: Script':
  no 'from.reset' write handler
Rx rate: 16161.8381618
While executing 'Script@7 :: Script':
  no 'from.reset' write handler
Rx rate: 16630.3696304
While executing 'Script@7 :: Script':
  no 'from.reset' write handler
AUTOTEST_DONE
