Startup trace (nsec): main: 196331550620
Startup trace (nsec): init done: 196335162056
Rx rate: 0
While executing 'Script@7 :: Script':
  no 'from.reset' write handler
Rx rate: 851506.849315
While executing 'Script@7 :: Script':
  no 'from.reset' write handler
Rx rate: 861219.78022
While executing 'Script@7 :: Script':
  no 'from.reset' write handler
Rx rate: 861604
While executing 'Script@7 :: Script':
  no 'from.reset' write handler
Rx rate: 865909.452736
While executing 'Script@7 :: Script':
  no 'from.reset' write handler
Rx rate: 863159.84016
While executing 'Script@7 :: Script':
  no 'from.reset' write handler
Rx rate: 869555.555556
While executing 'Script@7 :: Script':
  no 'from.reset' write handler
Rx rate: 872959
While executing 'Script@7 :: Script':
  no 'from.reset' write handler
Rx rate: 866742
While executing 'Script@7 :: Script':
  no 'from.reset' write handler
Rx rate: 867598.802395
While executing 'Script@7 :: Script':
  no 'from.reset' write handler
Rx rate: 859212
While executing 'Script@7 :: Script':
  no 'from.reset' write handler
Rx rate: 863765
While executing 'Script@7 :: Script':
  no 'from.reset' write handler
Rx rate: 867650
While executing 'Script@7 :: Script':
  no 'from.reset' write handler
Rx rate: 867411
While executing 'Script@7 :: Script':
  no 'from.reset' write handler
Rx rate: 860008
While executing 'Script@7 :: Script':
  no 'from.reset' write handler
Rx rate: 860916
While executing 'Script@7 :: Script':
  no 'from.reset' write handler
Rx rate: 867132
While executing 'Script@7 :: Script':
  no 'from.reset' write handler
Rx rate: 860528
While executing 'Script@7 :: Script':
  no 'from.reset' write handler
Rx rate: 859889.332004
While executing 'Script@7 :: Script':
  no 'from.reset' write handler
Rx rate: 870058
While executing 'Script@7 :: Script':
  no 'from.reset' write handler
Rx rate: 865735
While executing 'Script@7 :: Script':
  no 'from.reset' write handler
Rx rate: 866093
While executing 'Script@7 :: Script':
  no 'from.reset' write handler
Rx rate: 821714.570858
While executing 'Script@7 :: Script':
  no 'from.reset' write handler
Rx rate: 867262
While executing 'Script@7 :: Script':
  no 'from.reset' write handler
Rx rate: 861745.254745
While executing 'Script@7 :: Script':
  no 'from.reset' write handler
Rx rate: 858067
While executing 'Script@7 :: Script':
  no 'from.reset' write handler
Rx rate: 865836
While executing 'Script@7 :: Script':
  no 'from.reset' write handler
Rx rate: 856432.567433
While executing 'Script@7 :: Script':
  no 'from.reset' write handler
Rx rate: 861174
While executing 'Script@7 :: Script':
  no 'from.reset' write handler
Rx rate: 865408
While executing 'Script@7 :: Script':
  no 'from.reset' write handler
Rx rate: 858694
While executing 'Script@7 :: Script':
  no 'from.reset' write handler
Rx rate: 861952
While executing 'Script@7 :: Script':
  no 'from.reset' write handler
Rx rate: 854699
While executing 'Script@7 :: Script':
  no 'from.reset' write handler
Rx rate: 863159.84016
While executing 'Script@7 :: Script':
  no 'from.reset' write handler
Rx rate: 863211
While executing 'Script@7 :: Script':
  no 'from.reset' write handler
Rx rate: 869203
While executing 'Script@7 :: Script':
  no 'from.reset' write handler
Rx rate: 860397
While executing 'Script@7 :: Script':
  no 'from.reset' write handler
Rx rate: 870145.854146
While executing 'Script@7 :: Script':
  no 'from.reset' write handler
Rx rate: 862643.356643
While executing 'Script@7 :: Script':
  no 'from.reset' write handler
Rx rate: 865507
While executing 'Script@7 :: Script':
  no 'from.reset' write handler
Rx rate: 861111
While executing 'Script@7 :: Script':
  no 'from.reset' write handler
Rx rate: 864667
While executing 'Script@7 :: Script':
  no 'from.reset' write handler
Rx rate: 872863.136863
While executing 'Script@7 :: Script':
  no 'from.reset' write handler
Rx rate: 860395
While executing 'Script@7 :: Script':
  no 'from.reset' write handler
Rx rate: 858288.423154
While executing 'Script@7 :: Script':
  no 'from.reset' write handler
Rx rate: 865230.769231
While executing 'Script@7 :: Script':
  no 'from.reset' write handler
Rx rate: 867908
While executing 'Script@7 :: Script':
  no 'from.reset' write handler
Rx rate: 862469
While executing 'Script@7 :: Script':
  no 'from.reset' write handler
Rx rate: 862986
While executing 'Script@7 :: Script':
  no 'from.reset' write handler
Rx rate: 861668
While executing 'Script@7 :: Script':
  no 'from.reset' write handler
Rx rate: 859401
While executing 'Script@7 :: Script':
  no 'from.reset' write handler
Rx rate: 867389
While executing 'Script@7 :: Script':
  no 'from.reset' write handler
Rx rate: 823878
While executing 'Script@7 :: Script':
  no 'from.reset' write handler
Rx rate: 862728
While executing 'Script@7 :: Script':
  no 'from.reset' write handler
Rx rate: 861731.536926
While executing 'Script@7 :: Script':
  no 'from.reset' write handler
Rx rate: 866354
While executing 'Script@7 :: Script':
  no 'from.reset' write handler
Rx rate: 866614
While executing 'Script@7 :: Script':
  no 'from.reset' write handler
Rx rate: 869720
While executing 'Script@7 :: Script':
  no 'from.reset' write handler
Rx rate: 855995
While executing 'Script@7 :: Script':
  no 'from.reset' write handler
Rx rate: 860522.477522
While executing 'Script@7 :: Script':
  no 'from.reset' write handler
Rx rate: 852425.574426
While executing 'Script@7 :: Script':
  no 'from.reset' write handler
Rx rate: 866873
While executing 'Script@7 :: Script':
  no 'from.reset' write handler
Rx rate: 861090.909091
While executing 'Script@7 :: Script':
  no 'from.reset' write handler
Rx rate: 874125
While executing 'Script@7 :: Script':
  no 'from.reset' write handler
Rx rate: 863437
While executing 'Script@7 :: Script':
  no 'from.reset' write handler
Rx rate: 865399.201597
While executing 'Script@7 :: Script':
  no 'from.reset' write handler
Rx rate: 864712.287712
While executing 'Script@7 :: Script':
  no 'from.reset' write handler
Rx rate: 865448
While executing 'Script@7 :: Script':
  no 'from.reset' write handler
Rx rate: 861046
While executing 'Script@7 :: Script':
  no 'from.reset' write handler
Rx rate: 860601
While executing 'Script@7 :: Script':
  no 'from.reset' write handler
Rx rate: 857180
While executing 'Script@7 :: Script':
  no 'from.reset' write handler
Rx rate: 864283
While executing 'Script@7 :: Script':
  no 'from.reset' write handler
Rx rate: 872119.760479
While executing 'Script@7 :: Script':
  no 'from.reset' write handler
Rx rate: 865059
While executing 'Script@7 :: Script':
  no 'from.reset' write handler
Rx rate: 868166
While executing 'Script@7 :: Script':
  no 'from.reset' write handler
Rx rate: 860417
While executing 'Script@7 :: Script':
  no 'from.reset' write handler
Rx rate: 863765
While executing 'Script@7 :: Script':
  no 'from.reset' write handler
Rx rate: 868426
While executing 'Script@7 :: Script':
  no 'from.reset' write handler
Rx rate: 866613
While executing 'Script@7 :: Script':
  no 'from.reset' write handler
Rx rate: 861728.542914
While executing 'Script@7 :: Script':
  no 'from.reset' write handler
Rx rate: 862289
While executing 'Script@7 :: Script':
  no 'from.reset' write handler
Rx rate: 865447
While executing 'Script@7 :: Script':
  no 'from.reset' write handler
Rx rate: 854801.397206
While executing 'Script@7 :: Script':
  no 'from.reset' write handler
Rx rate: 841232
While executing 'Script@7 :: Script':
  no 'from.reset' write handler
Rx rate: 867388
While executing 'Script@7 :: Script':
  no 'from.reset' write handler
Rx rate: 864288
While executing 'Script@7 :: Script':
  no 'from.reset' write handler
Rx rate: 862211
While executing 'Script@7 :: Script':
  no 'from.reset' write handler
Rx rate: 864542
While executing 'Script@7 :: Script':
  no 'from.reset' write handler
Rx rate: 864194.805195
While executing 'Script@7 :: Script':
  no 'from.reset' write handler
Rx rate: 861208
While executing 'Script@7 :: Script':
  no 'from.reset' write handler
Rx rate: 862879.120879
While executing 'Script@7 :: Script':
  no 'from.reset' write handler
Rx rate: 858243.756244
While executing 'Script@7 :: Script':
  no 'from.reset' write handler
Rx rate: 854104.895105
While executing 'Script@7 :: Script':
  no 'from.reset' write handler
Rx rate: 868167
While executing 'Script@7 :: Script':
  no 'from.reset' write handler
Rx rate: 863505
While executing 'Script@7 :: Script':
  no 'from.reset' write handler
Rx rate: 859823
While executing 'Script@7 :: Script':
  no 'from.reset' write handler
Rx rate: 865319
While executing 'Script@7 :: Script':
  no 'from.reset' write handler
Rx rate: 867391
While executing 'Script@7 :: Script':
  no 'from.reset' write handler
Rx rate: 870499
While executing 'Script@7 :: Script':
  no 'from.reset' write handler
Rx rate: 866374
While executing 'Script@7 :: Script':
  no 'from.reset' write handler
Rx rate: 866621
While executing 'Script@7 :: Script':
  no 'from.reset' write handler
Rx rate: 865832
While executing 'Script@7 :: Script':
  no 'from.reset' write handler
Rx rate: 864970.02997
While executing 'Script@7 :: Script':
  no 'from.reset' write handler
Rx rate: 863505
While executing 'Script@7 :: Script':
  no 'from.reset' write handler
Rx rate: 858162.674651
While executing 'Script@7 :: Script':
  no 'from.reset' write handler
Rx rate: 857563
While executing 'Script@7 :: Script':
  no 'from.reset' write handler
Rx rate: 861174
While executing 'Script@7 :: Script':
  no 'from.reset' write handler
Rx rate: 861951
While executing 'Script@7 :: Script':
  no 'from.reset' write handler
Rx rate: 862211
While executing 'Script@7 :: Script':
  no 'from.reset' write handler
Rx rate: 859227.772228
While executing 'Script@7 :: Script':
  no 'from.reset' write handler
Rx rate: 861384
While executing 'Script@7 :: Script':
  no 'from.reset' write handler
Rx rate: 872830
While executing 'Script@7 :: Script':
  no 'from.reset' write handler
Rx rate: 864541
While executing 'Script@7 :: Script':
  no 'from.reset' write handler
Rx rate: 825951
While executing 'Script@7 :: Script':
  no 'from.reset' write handler
Rx rate: 854959
While executing 'Script@7 :: Script':
  no 'from.reset' write handler
Rx rate: 865189
While executing 'Script@7 :: Script':
  no 'from.reset' write handler
Rx rate: 860002.994012
While executing 'Script@7 :: Script':
  no 'from.reset' write handler
Rx rate: 862469
While executing 'Script@7 :: Script':
  no 'from.reset' write handler
Rx rate: 868426
While executing 'Script@7 :: Script':
  no 'from.reset' write handler
Rx rate: 859367.265469
While executing 'Script@7 :: Script':
  no 'from.reset' write handler
Rx rate: 862936
While executing 'Script@7 :: Script':
  no 'from.reset' write handler
Rx rate: 868426
While executing 'Script@7 :: Script':
  no 'from.reset' write handler
Rx rate: 859102
While executing 'Script@7 :: Script':
  no 'from.reset' write handler
Rx rate: 861432
While executing 'Script@7 :: Script':
  no 'from.reset' write handler
Rx rate: 861432
While executing 'Script@7 :: Script':
  no 'from.reset' write handler
Rx rate: 863764
While executing 'Script@7 :: Script':
  no 'from.reset' write handler
Rx rate: 852837
While executing 'Script@7 :: Script':
  no 'from.reset' write handler
Rx rate: 851851
While executing 'Script@7 :: Script':
  no 'from.reset' write handler
Rx rate: 855994
While executing 'Script@7 :: Script':
  no 'from.reset' write handler
Rx rate: 858041
While executing 'Script@7 :: Script':
  no 'from.reset' write handler
Rx rate: 865366
While executing 'Script@7 :: Script':
  no 'from.reset' write handler
Rx rate: 852108
While executing 'Script@7 :: Script':
  no 'from.reset' write handler
Rx rate: 866999
While executing 'Script@7 :: Script':
  no 'from.reset' write handler
Rx rate: 867648
While executing 'Script@7 :: Script':
  no 'from.reset' write handler
Rx rate: 862726
While executing 'Script@7 :: Script':
  no 'from.reset' write handler
Rx rate: 868424
While executing 'Script@7 :: Script':
  no 'from.reset' write handler
Rx rate: 854695
While executing 'Script@7 :: Script':
  no 'from.reset' write handler
Rx rate: 866873
While executing 'Script@7 :: Script':
  no 'from.reset' write handler
Rx rate: 861174
While executing 'Script@7 :: Script':
  no 'from.reset' write handler
Rx rate: 865527
While executing 'Script@7 :: Script':
  no 'from.reset' write handler
Rx rate: 855884
While executing 'Script@7 :: Script':
  no 'from.reset' write handler
Rx rate: 860832.167832
While executing 'Script@7 :: Script':
  no 'from.reset' write handler
Rx rate: 859749
While executing 'Script@7 :: Script':
  no 'from.reset' write handler
Rx rate: 823879
While executing 'Script@7 :: Script':
  no 'from.reset' write handler
Rx rate: 863247
While executing 'Script@7 :: Script':
  no 'from.reset' write handler
Rx rate: 865318
While executing 'Script@7 :: Script':
  no 'from.reset' write handler
Rx rate: 863964.035964
While executing 'Script@7 :: Script':
  no 'from.reset' write handler
Rx rate: 863763
While executing 'Script@7 :: Script':
  no 'from.reset' write handler
Rx rate: 867909
While executing 'Script@7 :: Script':
  no 'from.reset' write handler
Rx rate: 862419
While executing 'Script@7 :: Script':
  no 'from.reset' write handler
Rx rate: 865936
While executing 'Script@7 :: Script':
  no 'from.reset' write handler
Rx rate: 860055.944056
While executing 'Script@7 :: Script':
  no 'from.reset' write handler
Rx rate: 865578
While executing 'Script@7 :: Script':
  no 'from.reset' write handler
Rx rate: 858065
While executing 'Script@7 :: Script':
  no 'from.reset' write handler
Rx rate: 867300.699301
While executing 'Script@7 :: Script':
  no 'from.reset' write handler
Rx rate: 859878
While executing 'Script@7 :: Script':
  no 'from.reset' write handler
Rx rate: 860782
While executing 'Script@7 :: Script':
  no 'from.reset' write handler
Rx rate: 864533
While executing 'Script@7 :: Script':
  no 'from.reset' write handler
Rx rate: 863676.323676
While executing 'Script@7 :: Script':
  no 'from.reset' write handler
Rx rate: 863712
While executing 'Script@7 :: Script':
  no 'from.reset' write handler
Rx rate: 858428
While executing 'Script@7 :: Script':
  no 'from.reset' write handler
Rx rate: 856769
While executing 'Script@7 :: Script':
  no 'from.reset' write handler
Rx rate: 856689.310689
While executing 'Script@7 :: Script':
  no 'from.reset' write handler
Rx rate: 858065
While executing 'Script@7 :: Script':
  no 'from.reset' write handler
Rx rate: 863761
While executing 'Script@7 :: Script':
  no 'from.reset' write handler
Rx rate: 860654
While executing 'Script@7 :: Script':
  no 'from.reset' write handler
Rx rate: 860348
While executing 'Script@7 :: Script':
  no 'from.reset' write handler
Rx rate: 859453
While executing 'Script@7 :: Script':
  no 'from.reset' write handler
Rx rate: 861563
While executing 'Script@7 :: Script':
  no 'from.reset' write handler
Rx rate: 857415
While executing 'Script@7 :: Script':
  no 'from.reset' write handler
Rx rate: 861037.962038
While executing 'Script@7 :: Script':
  no 'from.reset' write handler
Rx rate: 860137
While executing 'Script@7 :: Script':
  no 'from.reset' write handler
Rx rate: 863159.84016
While executing 'Script@7 :: Script':
  no 'from.reset' write handler
Rx rate: 819734
While executing 'Script@7 :: Script':
  no 'from.reset' write handler
Rx rate: 861949
While executing 'Script@7 :: Script':
  no 'from.reset' write handler
Rx rate: 865189
While executing 'Script@7 :: Script':
  no 'from.reset' write handler
Rx rate: 869979
While executing 'Script@7 :: Script':
  no 'from.reset' write handler
Rx rate: 864672
While executing 'Script@7 :: Script':
  no 'from.reset' write handler
Rx rate: 863935.064935
While executing 'Script@7 :: Script':
  no 'from.reset' write handler
Rx rate: 869962.037962
While executing 'Script@7 :: Script':
  no 'from.reset' write handler
Rx rate: 871733
While executing 'Script@7 :: Script':
  no 'from.reset' write handler
Rx rate: 871014
While executing 'Script@7 :: Script':
  no 'from.reset' write handler
Rx rate: 875412
While executing 'Script@7 :: Script':
  no 'from.reset' write handler
AUTOTEST_DONE
