/tmp/linux.click:2: While initializing 'from :: FromDevice':
  warning: ens7: no IPv4 address assigned
Startup trace (nsec): main: 8850353365
Startup trace (nsec): init done: 8861016334
Rx rate: 0
While executing 'Script@8 :: Script':
  no 'from.reset' write handler
Rx rate: 890561.538462
While executing 'Script@8 :: Script':
  no 'from.reset' write handler
Rx rate: 636901.197605
While executing 'Script@8 :: Script':
  no 'from.reset' write handler
Rx rate: 886186.813187
While executing 'Script@8 :: Script':
  no 'from.reset' write handler
Rx rate: 881895
While executing 'Script@8 :: Script':
  no 'from.reset' write handler
Rx rate: 864019.940179
While executing 'Script@8 :: Script':
  no 'from.reset' write handler
Rx rate: 891478
While executing 'Script@8 :: Script':
  no 'from.reset' write handler
Rx rate: 854642
While executing 'Script@8 :: Script':
  no 'from.reset' write handler
Rx rate: 862939.182453
While executing 'Script@8 :: Script':
  no 'from.reset' write handler
Rx rate: 888212
While executing 'Script@8 :: Script':
  no 'from.reset' write handler
Rx rate: 878090.818363
While executing 'Script@8 :: Script':
  no 'from.reset' write handler
Rx rate: 877162.674651
While executing 'Script@8 :: Script':
  no 'from.reset' write handler
Rx rate: 865319
While executing 'Script@8 :: Script':
  no 'from.reset' write handler
Rx rate: 885780
While executing 'Script@8 :: Script':
  no 'from.reset' write handler
Rx rate: 891363.636364
While executing 'Script@8 :: Script':
  no 'from.reset' write handler
Rx rate: 860184.815185
While executing 'Script@8 :: Script':
  no 'from.reset' write handler
Rx rate: 885133
While executing 'Script@8 :: Script':
  no 'from.reset' write handler
Rx rate: 890666.333666
While executing 'Script@8 :: Script':
  no 'from.reset' write handler
Rx rate: 851856.143856
While executing 'Script@8 :: Script':
  no 'from.reset' write handler
Rx rate: 883003
While executing 'Script@8 :: Script':
  no 'from.reset' write handler
Rx rate: 878331.337325
While executing 'Script@8 :: Script':
  no 'from.reset' write handler
Rx rate: 837477
While executing 'Script@8 :: Script':
  no 'from.reset' write handler
Rx rate: 889147
While executing 'Script@8 :: Script':
  no 'from.reset' write handler
Rx rate: 883190
While executing 'Script@8 :: Script':
  no 'from.reset' write handler
Rx rate: 832685
While executing 'Script@8 :: Script':
  no 'from.reset' write handler
Rx rate: 876197
While executing 'Script@8 :: Script':
  no 'from.reset' write handler
Rx rate: 882978.043912
While executing 'Script@8 :: Script':
  no 'from.reset' write handler
Rx rate: 856981
While executing 'Script@8 :: Script':
  no 'from.reset' write handler
Rx rate: 844314.057827
While executing 'Script@8 :: Script':
  no 'from.reset' write handler
Rx rate: 890571
While executing 'Script@8 :: Script':
  no 'from.reset' write handler
Rx rate: 877104
While executing 'Script@8 :: Script':
  no 'from.reset' write handler
Rx rate: 875212.787213
While executing 'Script@8 :: Script':
  no 'from.reset' write handler
Rx rate: 891995
While executing 'Script@8 :: Script':
  no 'from.reset' write handler
Rx rate: 876715
While executing 'Script@8 :: Script':
  no 'from.reset' write handler
Rx rate: 880988
While executing 'Script@8 :: Script':
  no 'from.reset' write handler
Rx rate: 884097
While executing 'Script@8 :: Script':
  no 'from.reset' write handler
Rx rate: 890441
While executing 'Script@8 :: Script':
  no 'from.reset' write handler
Rx rate: 881123
While executing 'Script@8 :: Script':
  no 'from.reset' write handler
Rx rate: 886612
While executing 'Script@8 :: Script':
  no 'from.reset' write handler
Rx rate: 887113.772455
While executing 'Script@8 :: Script':
  no 'from.reset' write handler
Rx rate: 883090
While executing 'Script@8 :: Script':
  no 'from.reset' write handler
Rx rate: 883349
While executing 'Script@8 :: Script':
  no 'from.reset' write handler
Rx rate: 885930.06993
While executing 'Script@8 :: Script':
  no 'from.reset' write handler
Rx rate: 881765
While executing 'Script@8 :: Script':
  no 'from.reset' write handler
Rx rate: 886687
While executing 'Script@8 :: Script':
  no 'from.reset' write handler
Rx rate: 881636
While executing 'Script@8 :: Script':
  no 'from.reset' write handler
Rx rate: 887593
While executing 'Script@8 :: Script':
  no 'from.reset' write handler
Rx rate: 884161
While executing 'Script@8 :: Script':
  no 'from.reset' write handler
Rx rate: 885212
While executing 'Script@8 :: Script':
  no 'from.reset' write handler
Rx rate: 891737
While executing 'Script@8 :: Script':
  no 'from.reset' write handler
Rx rate: 886029.94012
While executing 'Script@8 :: Script':
  no 'from.reset' write handler
Rx rate: 886235
While executing 'Script@8 :: Script':
  no 'from.reset' write handler
Rx rate: 891478
While executing 'Script@8 :: Script':
  no 'from.reset' write handler
Rx rate: 884636.363636
While executing 'Script@8 :: Script':
  no 'from.reset' write handler
Rx rate: 890442
While executing 'Script@8 :: Script':
  no 'from.reset' write handler
Rx rate: 886816
While executing 'Script@8 :: Script':
  no 'from.reset' write handler
Rx rate: 884226
While executing 'Script@8 :: Script':
  no 'from.reset' write handler
Rx rate: 848940
While executing 'Script@8 :: Script':
  no 'from.reset' write handler
Rx rate: 881974
While executing 'Script@8 :: Script':
  no 'from.reset' write handler
Rx rate: 883061
While executing 'Script@8 :: Script':
  no 'from.reset' write handler
Rx rate: 879823
While executing 'Script@8 :: Script':
  no 'from.reset' write handler
Rx rate: 882153
While executing 'Script@8 :: Script':
  no 'from.reset' write handler
Rx rate: 885521
While executing 'Script@8 :: Script':
  no 'from.reset' write handler
Rx rate: 891996
While executing 'Script@8 :: Script':
  no 'from.reset' write handler
Rx rate: 885521
While executing 'Script@8 :: Script':
  no 'from.reset' write handler
Rx rate: 889147
While executing 'Script@8 :: Script':
  no 'from.reset' write handler
Rx rate: 884247.752248
While executing 'Script@8 :: Script':
  no 'from.reset' write handler
Rx rate: 885178
While executing 'Script@8 :: Script':
  no 'from.reset' write handler
Rx rate: 884026.973027
While executing 'Script@8 :: Script':
  no 'from.reset' write handler
Rx rate: 885391
While executing 'Script@8 :: Script':
  no 'from.reset' write handler
Rx rate: 873866
While executing 'Script@8 :: Script':
  no 'from.reset' write handler
Rx rate: 889733
While executing 'Script@8 :: Script':
  no 'from.reset' write handler
Rx rate: 881842
While executing 'Script@8 :: Script':
  no 'from.reset' write handler
AUTOTEST_DONE
