SimpleQueue@7 :: SimpleQueue: overflow
Startup trace (nsec): main: 85495473915
Startup trace (nsec): init done: 85498184138
Rx rate: 210269.461078   TxExt rate: 205901.197605   TxInt rate: 205901.197605
While executing 'Script@11 :: Script':
  no 'from_device.reset' write handler
Rx rate: 208861.691542   TxExt rate: 206955.223881   TxInt rate: 206955.223881
While executing 'Script@11 :: Script':
  no 'from_device.reset' write handler
Rx rate: 212418.489066   TxExt rate: 210450.298211   TxInt rate: 210450.298211
While executing 'Script@11 :: Script':
  no 'from_device.reset' write handler
Rx rate: 210300   TxExt rate: 208243   TxInt rate: 208243
While executing 'Script@11 :: Script':
  no 'from_device.reset' write handler
Rx rate: 217165.668663   TxExt rate: 215016.966068   TxInt rate: 215016.966068
While executing 'Script@11 :: Script':
  no 'from_device.reset' write handler
Rx rate: 215500.4995   TxExt rate: 213491.508492   TxInt rate: 213491.508492
While executing 'Script@11 :: Script':
  no 'from_device.reset' write handler
Rx rate: 215141   TxExt rate: 211395   TxInt rate: 211395
While executing 'Script@11 :: Script':
  no 'from_device.reset' write handler
Rx rate: 212145.708583   TxExt rate: 210084.830339   TxInt rate: 210084.830339
While executing 'Script@11 :: Script':
  no 'from_device.reset' write handler
Rx rate: 216309   TxExt rate: 214278   TxInt rate: 214278
While executing 'Script@11 :: Script':
  no 'from_device.reset' write handler
Rx rate: 212005.994006   TxExt rate: 210000   TxInt rate: 210000
While executing 'Script@11 :: Script':
  no 'from_device.reset' write handler
Rx rate: 214989.010989   TxExt rate: 211833.166833   TxInt rate: 211833.166833
While executing 'Script@11 :: Script':
  no 'from_device.reset' write handler
Rx rate: 213547.452547   TxExt rate: 211692.307692   TxInt rate: 211692.307692
While executing 'Script@11 :: Script':
  no 'from_device.reset' write handler
Rx rate: 209027.972028   TxExt rate: 207026.973027   TxInt rate: 207026.973027
While executing 'Script@11 :: Script':
  no 'from_device.reset' write handler
Rx rate: 214694   TxExt rate: 212655   TxInt rate: 212655
While executing 'Script@11 :: Script':
  no 'from_device.reset' write handler
Rx rate: 208368   TxExt rate: 206549   TxInt rate: 206549
While executing 'Script@11 :: Script':
  no 'from_device.reset' write handler
Rx rate: 211884   TxExt rate: 210026   TxInt rate: 210026
While executing 'Script@11 :: Script':
  no 'from_device.reset' write handler
Rx rate: 216578   TxExt rate: 214656   TxInt rate: 214656
While executing 'Script@11 :: Script':
  no 'from_device.reset' write handler
Rx rate: 211048   TxExt rate: 207473   TxInt rate: 207473
While executing 'Script@11 :: Script':
  no 'from_device.reset' write handler
Rx rate: 211028.971029   TxExt rate: 209165.834166   TxInt rate: 209165.834166
While executing 'Script@11 :: Script':
  no 'from_device.reset' write handler
Rx rate: 213688   TxExt rate: 211848   TxInt rate: 211848
While executing 'Script@11 :: Script':
  no 'from_device.reset' write handler
Rx rate: 212889   TxExt rate: 209323   TxInt rate: 209323
While executing 'Script@11 :: Script':
  no 'from_device.reset' write handler
Rx rate: 212658   TxExt rate: 210806   TxInt rate: 210806
While executing 'Script@11 :: Script':
  no 'from_device.reset' write handler
Rx rate: 211054   TxExt rate: 209043   TxInt rate: 209043
While executing 'Script@11 :: Script':
  no 'from_device.reset' write handler
Rx rate: 212440.559441   TxExt rate: 210600.3996   TxInt rate: 210600.3996
While executing 'Script@11 :: Script':
  no 'from_device.reset' write handler
Rx rate: 213631   TxExt rate: 211517   TxInt rate: 211517
While executing 'Script@11 :: Script':
  no 'from_device.reset' write handler
Rx rate: 212356   TxExt rate: 210331   TxInt rate: 210331
While executing 'Script@11 :: Script':
  no 'from_device.reset' write handler
Rx rate: 214398   TxExt rate: 212562   TxInt rate: 212562
While executing 'Script@11 :: Script':
  no 'from_device.reset' write handler
Rx rate: 210813   TxExt rate: 207882   TxInt rate: 207882
While executing 'Script@11 :: Script':
  no 'from_device.reset' write handler
Rx rate: 211576   TxExt rate: 209947   TxInt rate: 209947
While executing 'Script@11 :: Script':
  no 'from_device.reset' write handler
Rx rate: 209371   TxExt rate: 207488   TxInt rate: 207488
While executing 'Script@11 :: Script':
  no 'from_device.reset' write handler
Rx rate: 212485   TxExt rate: 208671   TxInt rate: 208671
While executing 'Script@11 :: Script':
  no 'from_device.reset' write handler
Rx rate: 214614   TxExt rate: 212476   TxInt rate: 212476
While executing 'Script@11 :: Script':
  no 'from_device.reset' write handler
Rx rate: 213865   TxExt rate: 212189   TxInt rate: 212189
While executing 'Script@11 :: Script':
  no 'from_device.reset' write handler
Rx rate: 210399   TxExt rate: 208533   TxInt rate: 208533
While executing 'Script@11 :: Script':
  no 'from_device.reset' write handler
Rx rate: 214505.494505   TxExt rate: 212629   TxInt rate: 212629
While executing 'Script@11 :: Script':
  no 'from_device.reset' write handler
Rx rate: 213415   TxExt rate: 211473   TxInt rate: 211473
While executing 'Script@11 :: Script':
  no 'from_device.reset' write handler
Rx rate: 218127   TxExt rate: 216086   TxInt rate: 216086
While executing 'Script@11 :: Script':
  no 'from_device.reset' write handler
Rx rate: 216468   TxExt rate: 212804   TxInt rate: 212804
While executing 'Script@11 :: Script':
  no 'from_device.reset' write handler
Rx rate: 210922   TxExt rate: 208916   TxInt rate: 208916
While executing 'Script@11 :: Script':
  no 'from_device.reset' write handler
Rx rate: 215357   TxExt rate: 213416   TxInt rate: 213416
While executing 'Script@11 :: Script':
  no 'from_device.reset' write handler
Rx rate: 211208.791209   TxExt rate: 207795.204795   TxInt rate: 207795.204795
While executing 'Script@11 :: Script':
  no 'from_device.reset' write handler
Rx rate: 213923   TxExt rate: 211872   TxInt rate: 211872
While executing 'Script@11 :: Script':
  no 'from_device.reset' write handler
Rx rate: 211607   TxExt rate: 209785   TxInt rate: 209785
While executing 'Script@11 :: Script':
  no 'from_device.reset' write handler
Rx rate: 212333   TxExt rate: 210354   TxInt rate: 210354
While executing 'Script@11 :: Script':
  no 'from_device.reset' write handler
Rx rate: 205857   TxExt rate: 204139   TxInt rate: 204139
While executing 'Script@11 :: Script':
  no 'from_device.reset' write handler
Rx rate: 212660   TxExt rate: 210545   TxInt rate: 210545
While executing 'Script@11 :: Script':
  no 'from_device.reset' write handler
Rx rate: 213781   TxExt rate: 211755   TxInt rate: 211755
While executing 'Script@11 :: Script':
  no 'from_device.reset' write handler
Rx rate: 212412   TxExt rate: 209576   TxInt rate: 209576
While executing 'Script@11 :: Script':
  no 'from_device.reset' write handler
Rx rate: 212460   TxExt rate: 210486   TxInt rate: 210486
While executing 'Script@11 :: Script':
  no 'from_device.reset' write handler
Rx rate: 208124   TxExt rate: 206275   TxInt rate: 206275
While executing 'Script@11 :: Script':
  no 'from_device.reset' write handler
Rx rate: 213588   TxExt rate: 210509   TxInt rate: 210509
While executing 'Script@11 :: Script':
  no 'from_device.reset' write handler
Rx rate: 209209   TxExt rate: 207262   TxInt rate: 207262
While executing 'Script@11 :: Script':
  no 'from_device.reset' write handler
Rx rate: 211025.974026   TxExt rate: 209168.831169   TxInt rate: 209168.831169
While executing 'Script@11 :: Script':
  no 'from_device.reset' write handler
Rx rate: 215703   TxExt rate: 213718   TxInt rate: 213718
While executing 'Script@11 :: Script':
  no 'from_device.reset' write handler
Rx rate: 212368   TxExt rate: 210578   TxInt rate: 210578
While executing 'Script@11 :: Script':
  no 'from_device.reset' write handler
Rx rate: 210149.85015   TxExt rate: 208233.766234   TxInt rate: 208233.766234
While executing 'Script@11 :: Script':
  no 'from_device.reset' write handler
Rx rate: 210445   TxExt rate: 208616   TxInt rate: 208616
While executing 'Script@11 :: Script':
  no 'from_device.reset' write handler
Rx rate: 213982   TxExt rate: 212072   TxInt rate: 212072
While executing 'Script@11 :: Script':
  no 'from_device.reset' write handler
Rx rate: 211070   TxExt rate: 207558   TxInt rate: 207558
While executing 'Script@11 :: Script':
  no 'from_device.reset' write handler
Rx rate: 208398.601399   TxExt rate: 206492.507493   TxInt rate: 206492.507493
While executing 'Script@11 :: Script':
  no 'from_device.reset' write handler
Rx rate: 211846   TxExt rate: 208271   TxInt rate: 208271
While executing 'Script@11 :: Script':
  no 'from_device.reset' write handler
Rx rate: 213291   TxExt rate: 211338   TxInt rate: 211338
While executing 'Script@11 :: Script':
  no 'from_device.reset' write handler
Rx rate: 212654   TxExt rate: 210681   TxInt rate: 210681
While executing 'Script@11 :: Script':
  no 'from_device.reset' write handler
Rx rate: 208446.553447   TxExt rate: 206573.426573   TxInt rate: 206573.426573
While executing 'Script@11 :: Script':
  no 'from_device.reset' write handler
Rx rate: 213933   TxExt rate: 211862   TxInt rate: 211862
While executing 'Script@11 :: Script':
  no 'from_device.reset' write handler
Rx rate: 210890   TxExt rate: 208818   TxInt rate: 208818
While executing 'Script@11 :: Script':
  no 'from_device.reset' write handler
Rx rate: 212724   TxExt rate: 210740   TxInt rate: 210740
While executing 'Script@11 :: Script':
  no 'from_device.reset' write handler
Rx rate: 210800   TxExt rate: 208779   TxInt rate: 208779
While executing 'Script@11 :: Script':
  no 'from_device.reset' write handler
Rx rate: 215673   TxExt rate: 212395   TxInt rate: 212395
While executing 'Script@11 :: Script':
  no 'from_device.reset' write handler
Rx rate: 212725   TxExt rate: 210739   TxInt rate: 210739
While executing 'Script@11 :: Script':
  no 'from_device.reset' write handler
Rx rate: 208626.373626   TxExt rate: 205240.759241   TxInt rate: 205240.759241
While executing 'Script@11 :: Script':
  no 'from_device.reset' write handler
Rx rate: 209319.68032   TxExt rate: 207511.488511   TxInt rate: 207511.488511
While executing 'Script@11 :: Script':
  no 'from_device.reset' write handler
AUTOTEST_DONE
