to_device :: Queue: overflow
Startup trace (nsec): main: 86314263679
Startup trace (nsec): init done: 86431171669
Rx rate: 861801.56658    TxExt rate: 861801.56658    TxInt rate: 0
While executing 'Script@35 :: Script':
  no 'from_device.reset' write handler
Rx rate: 865280    TxExt rate: 865280    TxInt rate: 0
While executing 'Script@35 :: Script':
  no 'from_device.reset' write handler
Rx rate: 864500    TxExt rate: 864500    TxInt rate: 0
While executing 'Script@35 :: Script':
  no 'from_device.reset' write handler
Rx rate: 863636.363636    TxExt rate: 863636.363636    TxInt rate: 0
While executing 'Script@35 :: Script':
  no 'from_device.reset' write handler
Rx rate: 863636.363636    TxExt rate: 863636.363636    TxInt rate: 0
While executing 'Script@35 :: Script':
  no 'from_device.reset' write handler
Rx rate: 864675.324675    TxExt rate: 864675.324675    TxInt rate: 0
While executing 'Script@35 :: Script':
  no 'from_device.reset' write handler
Rx rate: 864240    TxExt rate: 864240    TxInt rate: 0
While executing 'Script@35 :: Script':
  no 'from_device.reset' write handler
Rx rate: 864240    TxExt rate: 864240    TxInt rate: 0
While executing 'Script@35 :: Script':
  no 'from_device.reset' write handler
Rx rate: 865020    TxExt rate: 865020    TxInt rate: 0
While executing 'Script@35 :: Script':
  no 'from_device.reset' write handler
Rx rate: 868808    TxExt rate: 868808    TxInt rate: 0
While executing 'Script@35 :: Script':
  no 'from_device.reset' write handler
Rx rate: 859256    TxExt rate: 859256    TxInt rate: 0
While executing 'Script@35 :: Script':
  no 'from_device.reset' write handler
Rx rate: 864955    TxExt rate: 864955    TxInt rate: 0
While executing 'Script@35 :: Script':
  no 'from_device.reset' write handler
Rx rate: 863135    TxExt rate: 863135    TxInt rate: 0
While executing 'Script@35 :: Script':
  no 'from_device.reset' write handler
Rx rate: 865410    TxExt rate: 865410    TxInt rate: 0
While executing 'Script@35 :: Script':
  no 'from_device.reset' write handler
Rx rate: 864955    TxExt rate: 864955    TxInt rate: 0
While executing 'Script@35 :: Script':
  no 'from_device.reset' write handler
Rx rate: 865454.545455    TxExt rate: 865454.545455    TxInt rate: 0
While executing 'Script@35 :: Script':
  no 'from_device.reset' write handler
Rx rate: 864045    TxExt rate: 864045    TxInt rate: 0
While executing 'Script@35 :: Script':
  no 'from_device.reset' write handler
Rx rate: 865410    TxExt rate: 865410    TxInt rate: 0
While executing 'Script@35 :: Script':
  no 'from_device.reset' write handler
Rx rate: 864090.909091    TxExt rate: 864090.909091    TxInt rate: 0
While executing 'Script@35 :: Script':
  no 'from_device.reset' write handler
Rx rate: 868145    TxExt rate: 868145    TxInt rate: 0
While executing 'Script@35 :: Script':
  no 'from_device.reset' write handler
Rx rate: 869691    TxExt rate: 869691    TxInt rate: 0
While executing 'Script@35 :: Script':
  no 'from_device.reset' write handler
Rx rate: 864955    TxExt rate: 864955    TxInt rate: 0
While executing 'Script@35 :: Script':
  no 'from_device.reset' write handler
Rx rate: 864110    TxExt rate: 864110    TxInt rate: 0
While executing 'Script@35 :: Script':
  no 'from_device.reset' write handler
Rx rate: 865280    TxExt rate: 865280    TxInt rate: 0
While executing 'Script@35 :: Script':
  no 'from_device.reset' write handler
Rx rate: 865280    TxExt rate: 865280    TxInt rate: 0
While executing 'Script@35 :: Script':
  no 'from_device.reset' write handler
Rx rate: 864415.584416    TxExt rate: 864415.584416    TxInt rate: 0
While executing 'Script@35 :: Script':
  no 'from_device.reset' write handler
Rx rate: 864370    TxExt rate: 864370    TxInt rate: 0
While executing 'Script@35 :: Script':
  no 'from_device.reset' write handler
Rx rate: 861818.181818    TxExt rate: 861818.181818    TxInt rate: 0
While executing 'Script@35 :: Script':
  no 'from_device.reset' write handler
Rx rate: 863460    TxExt rate: 863460    TxInt rate: 0
While executing 'Script@35 :: Script':
  no 'from_device.reset' write handler
Rx rate: 866615.384615    TxExt rate: 866615.384615    TxInt rate: 0
While executing 'Script@35 :: Script':
  no 'from_device.reset' write handler
Rx rate: 866762    TxExt rate: 866762    TxInt rate: 0
While executing 'Script@35 :: Script':
  no 'from_device.reset' write handler
Rx rate: 863850    TxExt rate: 863850    TxInt rate: 0
While executing 'Script@35 :: Script':
  no 'from_device.reset' write handler
Rx rate: 863850    TxExt rate: 863850    TxInt rate: 0
While executing 'Script@35 :: Script':
  no 'from_device.reset' write handler
Rx rate: 863850    TxExt rate: 863850    TxInt rate: 0
While executing 'Script@35 :: Script':
  no 'from_device.reset' write handler
Rx rate: 863460    TxExt rate: 863460    TxInt rate: 0
While executing 'Script@35 :: Script':
  no 'from_device.reset' write handler
Rx rate: 861900    TxExt rate: 861900    TxInt rate: 0
While executing 'Script@35 :: Script':
  no 'from_device.reset' write handler
Rx rate: 864240    TxExt rate: 864240    TxInt rate: 0
While executing 'Script@35 :: Script':
  no 'from_device.reset' write handler
Rx rate: 863070    TxExt rate: 863070    TxInt rate: 0
While executing 'Script@35 :: Script':
  no 'from_device.reset' write handler
Rx rate: 864370    TxExt rate: 864370    TxInt rate: 0
While executing 'Script@35 :: Script':
  no 'from_device.reset' write handler
Rx rate: 868389.389389    TxExt rate: 868389.389389    TxInt rate: 0
While executing 'Script@35 :: Script':
  no 'from_device.reset' write handler
Rx rate: 862204.204204    TxExt rate: 862204.204204    TxInt rate: 0
While executing 'Script@35 :: Script':
  no 'from_device.reset' write handler
Rx rate: 862272.727273    TxExt rate: 862272.727273    TxInt rate: 0
While executing 'Script@35 :: Script':
  no 'from_device.reset' write handler
Rx rate: 862272.727273    TxExt rate: 862272.727273    TxInt rate: 0
While executing 'Script@35 :: Script':
  no 'from_device.reset' write handler
Rx rate: 862680    TxExt rate: 862680    TxInt rate: 0
While executing 'Script@35 :: Script':
  no 'from_device.reset' write handler
Rx rate: 863181.818182    TxExt rate: 863181.818182    TxInt rate: 0
While executing 'Script@35 :: Script':
  no 'from_device.reset' write handler
Rx rate: 863135    TxExt rate: 863135    TxInt rate: 0
While executing 'Script@35 :: Script':
  no 'from_device.reset' write handler
Rx rate: 864045    TxExt rate: 864045    TxInt rate: 0
While executing 'Script@35 :: Script':
  no 'from_device.reset' write handler
Rx rate: 863590    TxExt rate: 863590    TxInt rate: 0
While executing 'Script@35 :: Script':
  no 'from_device.reset' write handler
Rx rate: 863636.363636    TxExt rate: 863636.363636    TxInt rate: 0
While executing 'Script@35 :: Script':
  no 'from_device.reset' write handler
Rx rate: 864249    TxExt rate: 864249    TxInt rate: 0
While executing 'Script@35 :: Script':
  no 'from_device.reset' write handler
Rx rate: 867259    TxExt rate: 867259    TxInt rate: 0
While executing 'Script@35 :: Script':
  no 'from_device.reset' write handler
Rx rate: 865280    TxExt rate: 865280    TxInt rate: 0
While executing 'Script@35 :: Script':
  no 'from_device.reset' write handler
Rx rate: 864760    TxExt rate: 864760    TxInt rate: 0
While executing 'Script@35 :: Script':
  no 'from_device.reset' write handler
Rx rate: 863200    TxExt rate: 863200    TxInt rate: 0
While executing 'Script@35 :: Script':
  no 'from_device.reset' write handler
Rx rate: 863070    TxExt rate: 863070    TxInt rate: 0
While executing 'Script@35 :: Script':
  no 'from_device.reset' write handler
Rx rate: 863070    TxExt rate: 863070    TxInt rate: 0
While executing 'Script@35 :: Script':
  no 'from_device.reset' write handler
Rx rate: 863070    TxExt rate: 863070    TxInt rate: 0
While executing 'Script@35 :: Script':
  no 'from_device.reset' write handler
Rx rate: 862597.402597    TxExt rate: 862597.402597    TxInt rate: 0
While executing 'Script@35 :: Script':
  no 'from_device.reset' write handler
Rx rate: 863850    TxExt rate: 863850    TxInt rate: 0
While executing 'Script@35 :: Script':
  no 'from_device.reset' write handler
Rx rate: 866213    TxExt rate: 866213    TxInt rate: 0
While executing 'Script@35 :: Script':
  no 'from_device.reset' write handler
Rx rate: 868189.81019    TxExt rate: 868189.81019    TxInt rate: 0
While executing 'Script@35 :: Script':
  no 'from_device.reset' write handler
Rx rate: 865398    TxExt rate: 865398    TxInt rate: 0
While executing 'Script@35 :: Script':
  no 'from_device.reset' write handler
Rx rate: 865020    TxExt rate: 865020    TxInt rate: 0
While executing 'Script@35 :: Script':
  no 'from_device.reset' write handler
Rx rate: 863070    TxExt rate: 863070    TxInt rate: 0
While executing 'Script@35 :: Script':
  no 'from_device.reset' write handler
Rx rate: 865020    TxExt rate: 865020    TxInt rate: 0
While executing 'Script@35 :: Script':
  no 'from_device.reset' write handler
Rx rate: 864565    TxExt rate: 864565    TxInt rate: 0
While executing 'Script@35 :: Script':
  no 'from_device.reset' write handler
Rx rate: 865410    TxExt rate: 865410    TxInt rate: 0
While executing 'Script@35 :: Script':
  no 'from_device.reset' write handler
Rx rate: 863636.363636    TxExt rate: 863636.363636    TxInt rate: 0
While executing 'Script@35 :: Script':
  no 'from_device.reset' write handler
Rx rate: 865410    TxExt rate: 865410    TxInt rate: 0
While executing 'Script@35 :: Script':
  no 'from_device.reset' write handler
Rx rate: 866296    TxExt rate: 866296    TxInt rate: 0
While executing 'Script@35 :: Script':
  no 'from_device.reset' write handler
Rx rate: 860807    TxExt rate: 860807    TxInt rate: 0
While executing 'Script@35 :: Script':
  no 'from_device.reset' write handler
Rx rate: 864432    TxExt rate: 864432    TxInt rate: 0
While executing 'Script@35 :: Script':
  no 'from_device.reset' write handler
AUTOTEST_DONE
