SimpleQueue@7 :: SimpleQueue: overflow
Startup trace (nsec): main: 162024485943
Startup trace (nsec): init done: 162027181012
Rx rate: 263250   TxExt rate: 261225   TxInt rate: 261225
While executing 'Script@11 :: Script':
  no 'from_device.reset' write handler
Rx rate: 272779.441118   TxExt rate: 270681.636727   TxInt rate: 270681.636727
While executing 'Script@11 :: Script':
  no 'from_device.reset' write handler
Rx rate: 276022.954092   TxExt rate: 273899.201597   TxInt rate: 273899.201597
While executing 'Script@11 :: Script':
  no 'from_device.reset' write handler
Rx rate: 274690.30969   TxExt rate: 272094.905095   TxInt rate: 272094.905095
While executing 'Script@11 :: Script':
  no 'from_device.reset' write handler
Rx rate: 274543   TxExt rate: 271691   TxInt rate: 271691
While executing 'Script@11 :: Script':
  no 'from_device.reset' write handler
Rx rate: 275064.935065   TxExt rate: 272949.050949   TxInt rate: 272949.050949
While executing 'Script@11 :: Script':
  no 'from_device.reset' write handler
Rx rate: 274790.419162   TxExt rate: 272676.646707   TxInt rate: 272676.646707
While executing 'Script@11 :: Script':
  no 'from_device.reset' write handler
Rx rate: 272676   TxExt rate: 270577   TxInt rate: 270577
While executing 'Script@11 :: Script':
  no 'from_device.reset' write handler
Rx rate: 273910   TxExt rate: 271803   TxInt rate: 271803
While executing 'Script@11 :: Script':
  no 'from_device.reset' write handler
Rx rate: 272379.62038   TxExt rate: 268811.188811   TxInt rate: 268811.188811
While executing 'Script@11 :: Script':
  no 'from_device.reset' write handler
Rx rate: 268505.494505   TxExt rate: 266441.558442   TxInt rate: 266441.558442
While executing 'Script@11 :: Script':
  no 'from_device.reset' write handler
Rx rate: 273000   TxExt rate: 270900   TxInt rate: 270900
While executing 'Script@11 :: Script':
  no 'from_device.reset' write handler
Rx rate: 275650.34965   TxExt rate: 273528.471528   TxInt rate: 273528.471528
While executing 'Script@11 :: Script':
  no 'from_device.reset' write handler
Rx rate: 273926.073926   TxExt rate: 271094.905095   TxInt rate: 271094.905095
While executing 'Script@11 :: Script':
  no 'from_device.reset' write handler
Rx rate: 273887   TxExt rate: 271038   TxInt rate: 271038
While executing 'Script@11 :: Script':
  no 'from_device.reset' write handler
Rx rate: 274754   TxExt rate: 272642   TxInt rate: 272642
While executing 'Script@11 :: Script':
  no 'from_device.reset' write handler
Rx rate: 273910   TxExt rate: 271803   TxInt rate: 271803
While executing 'Script@11 :: Script':
  no 'from_device.reset' write handler
Rx rate: 274820   TxExt rate: 272706   TxInt rate: 272706
While executing 'Script@11 :: Script':
  no 'from_device.reset' write handler
Rx rate: 269750   TxExt rate: 267675   TxInt rate: 267675
While executing 'Script@11 :: Script':
  no 'from_device.reset' write handler
Rx rate: 273365.634366   TxExt rate: 269784.215784   TxInt rate: 269784.215784
While executing 'Script@11 :: Script':
  no 'from_device.reset' write handler
Rx rate: 273000   TxExt rate: 270900   TxInt rate: 270900
While executing 'Script@11 :: Script':
  no 'from_device.reset' write handler
Rx rate: 272350   TxExt rate: 270255   TxInt rate: 270255
While executing 'Script@11 :: Script':
  no 'from_device.reset' write handler
Rx rate: 271298.701299   TxExt rate: 269211.788212   TxInt rate: 269211.788212
While executing 'Script@11 :: Script':
  no 'from_device.reset' write handler
Rx rate: 274059   TxExt rate: 271210   TxInt rate: 271210
While executing 'Script@11 :: Script':
  no 'from_device.reset' write handler
Rx rate: 268586   TxExt rate: 265784   TxInt rate: 265784
While executing 'Script@11 :: Script':
  no 'from_device.reset' write handler
Rx rate: 271700   TxExt rate: 269610   TxInt rate: 269610
While executing 'Script@11 :: Script':
  no 'from_device.reset' write handler
Rx rate: 271050   TxExt rate: 268965   TxInt rate: 268965
While executing 'Script@11 :: Script':
  no 'from_device.reset' write handler
Rx rate: 265460   TxExt rate: 263418   TxInt rate: 263418
While executing 'Script@11 :: Script':
  no 'from_device.reset' write handler
Rx rate: 270076   TxExt rate: 267997   TxInt rate: 267997
While executing 'Script@11 :: Script':
  no 'from_device.reset' write handler
Rx rate: 271745   TxExt rate: 268178   TxInt rate: 268178
While executing 'Script@11 :: Script':
  no 'from_device.reset' write handler
Rx rate: 272533.466533   TxExt rate: 270435.564436   TxInt rate: 270435.564436
While executing 'Script@11 :: Script':
  no 'from_device.reset' write handler
Rx rate: 270854   TxExt rate: 268772   TxInt rate: 268772
While executing 'Script@11 :: Script':
  no 'from_device.reset' write handler
Rx rate: 273000   TxExt rate: 270900   TxInt rate: 270900
While executing 'Script@11 :: Script':
  no 'from_device.reset' write handler
Rx rate: 274192   TxExt rate: 271600   TxInt rate: 271600
While executing 'Script@11 :: Script':
  no 'from_device.reset' write handler
Rx rate: 271982.017982   TxExt rate: 269149.85015   TxInt rate: 269149.85015
While executing 'Script@11 :: Script':
  no 'from_device.reset' write handler
Rx rate: 272480   TxExt rate: 270384   TxInt rate: 270384
While executing 'Script@11 :: Script':
  no 'from_device.reset' write handler
Rx rate: 266760   TxExt rate: 264708   TxInt rate: 264708
While executing 'Script@11 :: Script':
  no 'from_device.reset' write handler
Rx rate: 270206   TxExt rate: 268126   TxInt rate: 268126
While executing 'Script@11 :: Script':
  no 'from_device.reset' write handler
Rx rate: 270920   TxExt rate: 268836   TxInt rate: 268836
While executing 'Script@11 :: Script':
  no 'from_device.reset' write handler
Rx rate: 271180   TxExt rate: 269094   TxInt rate: 269094
While executing 'Script@11 :: Script':
  no 'from_device.reset' write handler
Rx rate: 272637   TxExt rate: 269800   TxInt rate: 269800
While executing 'Script@11 :: Script':
  no 'from_device.reset' write handler
Rx rate: 272350   TxExt rate: 270255   TxInt rate: 270255
While executing 'Script@11 :: Script':
  no 'from_device.reset' write handler
Rx rate: 272416   TxExt rate: 270319   TxInt rate: 270319
While executing 'Script@11 :: Script':
  no 'from_device.reset' write handler
Rx rate: 272961   TxExt rate: 270379   TxInt rate: 270379
While executing 'Script@11 :: Script':
  no 'from_device.reset' write handler
Rx rate: 274762.237762   TxExt rate: 271924.075924   TxInt rate: 271924.075924
While executing 'Script@11 :: Script':
  no 'from_device.reset' write handler
Rx rate: 269750   TxExt rate: 267675   TxInt rate: 267675
While executing 'Script@11 :: Script':
  no 'from_device.reset' write handler
Rx rate: 271298.701299   TxExt rate: 269211.788212   TxInt rate: 269211.788212
While executing 'Script@11 :: Script':
  no 'from_device.reset' write handler
Rx rate: 271688.311688   TxExt rate: 269598.401598   TxInt rate: 269598.401598
While executing 'Script@11 :: Script':
  no 'from_device.reset' write handler
Rx rate: 273000   TxExt rate: 270900   TxInt rate: 270900
While executing 'Script@11 :: Script':
  no 'from_device.reset' write handler
Rx rate: 273390   TxExt rate: 271287   TxInt rate: 271287
While executing 'Script@11 :: Script':
  no 'from_device.reset' write handler
Rx rate: 273262.737263   TxExt rate: 269679.320679   TxInt rate: 269679.320679
While executing 'Script@11 :: Script':
  no 'from_device.reset' write handler
Rx rate: 264940   TxExt rate: 262902   TxInt rate: 262902
While executing 'Script@11 :: Script':
  no 'from_device.reset' write handler
Rx rate: 272220   TxExt rate: 270126   TxInt rate: 270126
While executing 'Script@11 :: Script':
  no 'from_device.reset' write handler
Rx rate: 271870.12987   TxExt rate: 269051.948052   TxInt rate: 269051.948052
While executing 'Script@11 :: Script':
  no 'from_device.reset' write handler
Rx rate: 270730   TxExt rate: 267926   TxInt rate: 267926
While executing 'Script@11 :: Script':
  no 'from_device.reset' write handler
Rx rate: 271960   TxExt rate: 269868   TxInt rate: 269868
While executing 'Script@11 :: Script':
  no 'from_device.reset' write handler
Rx rate: 273506.493506   TxExt rate: 271402.597403   TxInt rate: 271402.597403
While executing 'Script@11 :: Script':
  no 'from_device.reset' write handler
Rx rate: 272806   TxExt rate: 270706   TxInt rate: 270706
While executing 'Script@11 :: Script':
  no 'from_device.reset' write handler
Rx rate: 273584   TxExt rate: 271481   TxInt rate: 271481
While executing 'Script@11 :: Script':
  no 'from_device.reset' write handler
Rx rate: 271948.051948   TxExt rate: 269856.143856   TxInt rate: 269856.143856
While executing 'Script@11 :: Script':
  no 'from_device.reset' write handler
Rx rate: 273696   TxExt rate: 270109   TxInt rate: 270109
While executing 'Script@11 :: Script':
  no 'from_device.reset' write handler
Rx rate: 271570   TxExt rate: 269481   TxInt rate: 269481
While executing 'Script@11 :: Script':
  no 'from_device.reset' write handler
Rx rate: 272610   TxExt rate: 270513   TxInt rate: 270513
While executing 'Script@11 :: Script':
  no 'from_device.reset' write handler
Rx rate: 273525   TxExt rate: 270679   TxInt rate: 270679
While executing 'Script@11 :: Script':
  no 'from_device.reset' write handler
Rx rate: 274536   TxExt rate: 271692   TxInt rate: 271692
While executing 'Script@11 :: Script':
  no 'from_device.reset' write handler
Rx rate: 273000   TxExt rate: 270900   TxInt rate: 270900
While executing 'Script@11 :: Script':
  no 'from_device.reset' write handler
Rx rate: 273780   TxExt rate: 271674   TxInt rate: 271674
While executing 'Script@11 :: Script':
  no 'from_device.reset' write handler
Rx rate: 273650   TxExt rate: 271545   TxInt rate: 271545
While executing 'Script@11 :: Script':
  no 'from_device.reset' write handler
Rx rate: 273390   TxExt rate: 271287   TxInt rate: 271287
While executing 'Script@11 :: Script':
  no 'from_device.reset' write handler
Rx rate: 271830   TxExt rate: 269739   TxInt rate: 269739
While executing 'Script@11 :: Script':
  no 'from_device.reset' write handler
Rx rate: 273267.732268   TxExt rate: 269685.314685   TxInt rate: 269685.314685
While executing 'Script@11 :: Script':
  no 'from_device.reset' write handler
Rx rate: 274820   TxExt rate: 272706   TxInt rate: 272706
While executing 'Script@11 :: Script':
  no 'from_device.reset' write handler
AUTOTEST_DONE
