Rx rate: 963760
Rx rate: 962802.197802
Rx rate: 962822
Rx rate: 963172
Rx rate: 962810.18981
Rx rate: 962834.165834
Rx rate: 961828
Rx rate: 963782
Rx rate: 962798.201798
Rx rate: 963721
Rx rate: 963759
Rx rate: 963793
Rx rate: 962794
Rx rate: 963122
Rx rate: 963717
Rx rate: 963778
Rx rate: 961747
Rx rate: 962844.155844
Rx rate: 963734
Rx rate: 963778
Rx rate: 963743
Rx rate: 963752
Rx rate: 962835
Rx rate: 962211.788212
Rx rate: 963734
Rx rate: 963754
Rx rate: 961891
Rx rate: 963751
Rx rate: 963781
Rx rate: 962779.220779
Rx rate: 963779
Rx rate: 963768
Rx rate: 962777
Rx rate: 963162
Rx rate: 963722
Rx rate: 962827.172827
Rx rate: 962853.146853
Rx rate: 961842
Rx rate: 963806
Rx rate: 963737
Rx rate: 963777
Rx rate: 963727
Rx rate: 961900.0999
Rx rate: 963134
Rx rate: 962763
Rx rate: 962806.193806
Rx rate: 963742
Rx rate: 961668
Rx rate: 963780
Rx rate: 963773
Rx rate: 963771
Rx rate: 962792.207792
Rx rate: 961860.13986
Rx rate: 963109
Rx rate: 963765
Rx rate: 962756.243756
Rx rate: 963723
Rx rate: 961835
Rx rate: 963737
Rx rate: 963792
Rx rate: 963752
Rx rate: 962808.191808
[?7l
[0mSeaBIOS (version rel-1.16.2-0-gea1b7a073390-prebuilt.qemu.org)
iPXE (http://ipxe.org) 00:03.0 CA00 PCI2.10 PnP PMM+BEFD0EF0+BEF30EF0 CA00
Press Ctrl-B to configure iPXE (PCI 00:03.0)...
                                                                               
iPXE (http://ipxe.org) 00:04.0 CB00 PCI2.10 PnP PMM BEFD0EF0 BEF30EF0 CB00
Press Ctrl-B to configure iPXE (PCI 00:04.0)...
                                                                               
Booting from ROM..
[?7l
[0mSeaBIOS (version rel-1.16.2-0-gea1b7a073390-prebuilt.qemu.org)
iPXE (http://ipxe.org) 00:03.0 CA00 PCI2.10 PnP PMM+BEFD0EF0+BEF30EF0 CA00
Press Ctrl-B to configure iPXE (PCI 00:03.0)...
                                                                               
iPXE (http://ipxe.org) 00:04.0 CB00 PCI2.10 PnP PMM BEFD0EF0 BEF30EF0 CB00
Press Ctrl-B to configure iPXE (PCI 00:04.0)...
                                                                               
Booting from ROM..
[?7l
[0mSeaBIOS (version rel-1.16.2-0-gea1b7a073390-prebuilt.qemu.org)
iPXE (http://ipxe.org) 00:03.0 CA00 PCI2.10 PnP PMM+BEFD0EF0+BEF30EF0 CA00
Press Ctrl-B to configure iPXE (PCI 00:03.0)...
                                                                               
iPXE (http://ipxe.org) 00:04.0 CB00 PCI2.10 PnP PMM BEFD0EF0 BEF30EF0 CB00
Press Ctrl-B to configure iPXE (PCI 00:04.0)...
                                                                               
Booting from ROM..
[?7l
[0mSeaBIOS (version rel-1.16.2-0-gea1b7a073390-prebuilt.qemu.org)
iPXE (http://ipxe.org) 00:03.0 CA00 PCI2.10 PnP PMM+BEFD0EF0+BEF30EF0 CA00
Press Ctrl-B to configure iPXE (PCI 00:03.0)...
                                                                               
iPXE (http://ipxe.org) 00:04.0 CB00 PCI2.10 PnP PMM BEFD0EF0 BEF30EF0 CB00
Press Ctrl-B to configure iPXE (PCI 00:04.0)...
                                                                               
Booting from ROM..
[?7l
[0mSeaBIOS (version rel-1.16.2-0-gea1b7a073390-prebuilt.qemu.org)
iPXE (http://ipxe.org) 00:03.0 CA00 PCI2.10 PnP PMM+BEFD0EF0+BEF30EF0 CA00
Press Ctrl-B to configure iPXE (PCI 00:03.0)...
                                                                               
iPXE (http://ipxe.org) 00:04.0 CB00 PCI2.10 PnP PMM BEFD0EF0 BEF30EF0 CB00
Press Ctrl-B to configure iPXE (PCI 00:04.0)...
                                                                               
Booting from ROM..
[?7l
[0mSeaBIOS (version rel-1.16.2-0-gea1b7a073390-prebuilt.qemu.org)
iPXE (http://ipxe.org) 00:03.0 CA00 PCI2.10 PnP PMM+BEFD0EF0+BEF30EF0 CA00
Press Ctrl-B to configure iPXE (PCI 00:03.0)...
                                                                               
iPXE (http://ipxe.org) 00:04.0 CB00 PCI2.10 PnP PMM BEFD0EF0 BEF30EF0 CB00
Press Ctrl-B to configure iPXE (PCI 00:04.0)...
                                                                               
Booting from ROM..
[?7l
[0mSeaBIOS (version rel-1.16.2-0-gea1b7a073390-prebuilt.qemu.org)
iPXE (http://ipxe.org) 00:03.0 CA00 PCI2.10 PnP PMM+BEFD0EF0+BEF30EF0 CA00
Press Ctrl-B to configure iPXE (PCI 00:03.0)...
                                                                               
iPXE (http://ipxe.org) 00:04.0 CB00 PCI2.10 PnP PMM BEFD0EF0 BEF30EF0 CB00
Press Ctrl-B to configure iPXE (PCI 00:04.0)...
                                                                               
Booting from ROM..
[?7l
[0mSeaBIOS (version rel-1.16.2-0-gea1b7a073390-prebuilt.qemu.org)
iPXE (http://ipxe.org) 00:03.0 CA00 PCI2.10 PnP PMM+BEFD0EF0+BEF30EF0 CA00
Press Ctrl-B to configure iPXE (PCI 00:03.0)...
                                                                               
iPXE (http://ipxe.org) 00:04.0 CB00 PCI2.10 PnP PMM BEFD0EF0 BEF30EF0 CB00
Press Ctrl-B to configure iPXE (PCI 00:04.0)...
                                                                               
Booting from ROM..
[?7l
[0mSeaBIOS (version rel-1.16.2-0-gea1b7a073390-prebuilt.qemu.org)
iPXE (http://ipxe.org) 00:03.0 CA00 PCI2.10 PnP PMM+BEFD0EF0+BEF30EF0 CA00
Press Ctrl-B to configure iPXE (PCI 00:03.0)...
                                                                               
iPXE (http://ipxe.org) 00:04.0 CB00 PCI2.10 PnP PMM BEFD0EF0 BEF30EF0 CB00
Press Ctrl-B to configure iPXE (PCI 00:04.0)...
                                                                               
Booting from ROM..
[?7l
[0mSeaBIOS (version rel-1.16.2-0-gea1b7a073390-prebuilt.qemu.org)
iPXE (http://ipxe.org) 00:03.0 CA00 PCI2.10 PnP PMM+BEFD0EF0+BEF30EF0 CA00
Press Ctrl-B to configure iPXE (PCI 00:03.0)...
                                                                               
iPXE (http://ipxe.org) 00:04.0 CB00 PCI2.10 PnP PMM BEFD0EF0 BEF30EF0 CB00
Press Ctrl-B to configure iPXE (PCI 00:04.0)...
                                                                               
Booting from ROM..
[?7l
[0mSeaBIOS (version rel-1.16.2-0-gea1b7a073390-prebuilt.qemu.org)
iPXE (http://ipxe.org) 00:03.0 CA00 PCI2.10 PnP PMM+BEFD0EF0+BEF30EF0 CA00
Press Ctrl-B to configure iPXE (PCI 00:03.0)...
                                                                               
iPXE (http://ipxe.org) 00:04.0 CB00 PCI2.10 PnP PMM BEFD0EF0 BEF30EF0 CB00
Press Ctrl-B to configure iPXE (PCI 00:04.0)...
                                                                               
Booting from ROM..
[?7l
[0mSeaBIOS (version rel-1.16.2-0-gea1b7a073390-prebuilt.qemu.org)
iPXE (http://ipxe.org) 00:03.0 CA00 PCI2.10 PnP PMM+BEFD0EF0+BEF30EF0 CA00
Press Ctrl-B to configure iPXE (PCI 00:03.0)...
                                                                               
iPXE (http://ipxe.org) 00:04.0 CB00 PCI2.10 PnP PMM BEFD0EF0 BEF30EF0 CB00
Press Ctrl-B to configure iPXE (PCI 00:04.0)...
                                                                               
Booting from ROM..
[?7l
[0mSeaBIOS (version rel-1.16.2-0-gea1b7a073390-prebuilt.qemu.org)
iPXE (http://ipxe.org) 00:03.0 CA00 PCI2.10 PnP PMM+BEFD0EF0+BEF30EF0 CA00
Press Ctrl-B to configure iPXE (PCI 00:03.0)...
                                                                               
iPXE (http://ipxe.org) 00:04.0 CB00 PCI2.10 PnP PMM BEFD0EF0 BEF30EF0 CB00
Press Ctrl-B to configure iPXE (PCI 00:04.0)...
                                                                               
Booting from ROM..
[?7l
[0mSeaBIOS (version rel-1.16.2-0-gea1b7a073390-prebuilt.qemu.org)
iPXE (http://ipxe.org) 00:03.0 CA00 PCI2.10 PnP PMM+BEFD0EF0+BEF30EF0 CA00
Press Ctrl-B to configure iPXE (PCI 00:03.0)...
                                                                               
iPXE (http://ipxe.org) 00:04.0 CB00 PCI2.10 PnP PMM BEFD0EF0 BEF30EF0 CB00
Press Ctrl-B to configure iPXE (PCI 00:04.0)...
                                                                               
Booting from ROM..
[?7l
[0mSeaBIOS (version rel-1.16.2-0-gea1b7a073390-prebuilt.qemu.org)
iPXE (http://ipxe.org) 00:03.0 CA00 PCI2.10 PnP PMM+BEFD0EF0+BEF30EF0 CA00
Press Ctrl-B to configure iPXE (PCI 00:03.0)...
                                                                               
iPXE (http://ipxe.org) 00:04.0 CB00 PCI2.10 PnP PMM BEFD0EF0 BEF30EF0 CB00
Press Ctrl-B to configure iPXE (PCI 00:04.0)...
                                                                               
Booting from ROM..
[?7l
[0mSeaBIOS (version rel-1.16.2-0-gea1b7a073390-prebuilt.qemu.org)
iPXE (http://ipxe.org) 00:03.0 CA00 PCI2.10 PnP PMM+BEFD0EF0+BEF30EF0 CA00
Press Ctrl-B to configure iPXE (PCI 00:03.0)...
                                                                               
iPXE (http://ipxe.org) 00:04.0 CB00 PCI2.10 PnP PMM BEFD0EF0 BEF30EF0 CB00
Press Ctrl-B to configure iPXE (PCI 00:04.0)...
                                                                               
Booting from ROM..
[?7l
[0mSeaBIOS (version rel-1.16.2-0-gea1b7a073390-prebuilt.qemu.org)
iPXE (http://ipxe.org) 00:03.0 CA00 PCI2.10 PnP PMM+BEFD0EF0+BEF30EF0 CA00
Press Ctrl-B to configure iPXE (PCI 00:03.0)...
                                                                               
iPXE (http://ipxe.org) 00:04.0 CB00 PCI2.10 PnP PMM BEFD0EF0 BEF30EF0 CB00
Press Ctrl-B to configure iPXE (PCI 00:04.0)...
                                                                               
Booting from ROM..
[?7l
[0mSeaBIOS (version rel-1.16.2-0-gea1b7a073390-prebuilt.qemu.org)
iPXE (http://ipxe.org) 00:03.0 CA00 PCI2.10 PnP PMM+BEFD0EF0+BEF30EF0 CA00
Press Ctrl-B to configure iPXE (PCI 00:03.0)...
                                                                               
iPXE (http://ipxe.org) 00:04.0 CB00 PCI2.10 PnP PMM BEFD0EF0 BEF30EF0 CB00
Press Ctrl-B to configure iPXE (PCI 00:04.0)...
                                                                               
Booting from ROM..
[?7l
[0mSeaBIOS (version rel-1.16.2-0-gea1b7a073390-prebuilt.qemu.org)
iPXE (http://ipxe.org) 00:03.0 CA00 PCI2.10 PnP PMM+BEFD0EF0+BEF30EF0 CA00
Press Ctrl-B to configure iPXE (PCI 00:03.0)...
                                                                               
iPXE (http://ipxe.org) 00:04.0 CB00 PCI2.10 PnP PMM BEFD0EF0 BEF30EF0 CB00
Press Ctrl-B to configure iPXE (PCI 00:04.0)...
                                                                               
Booting from ROM..
[?7l
[0mSeaBIOS (version rel-1.16.2-0-gea1b7a073390-prebuilt.qemu.org)
iPXE (http://ipxe.org) 00:03.0 CA00 PCI2.10 PnP PMM+BEFD0EF0+BEF30EF0 CA00
Press Ctrl-B to configure iPXE (PCI 00:03.0)...
                                                                               
iPXE (http://ipxe.org) 00:04.0 CB00 PCI2.10 PnP PMM BEFD0EF0 BEF30EF0 CB00
Press Ctrl-B to configure iPXE (PCI 00:04.0)...
                                                                               
Booting from ROM..
[?7l
[0mSeaBIOS (version rel-1.16.2-0-gea1b7a073390-prebuilt.qemu.org)
iPXE (http://ipxe.org) 00:03.0 CA00 PCI2.10 PnP PMM+BEFD0EF0+BEF30EF0 CA00
Press Ctrl-B to configure iPXE (PCI 00:03.0)...
                                                                               
iPXE (http://ipxe.org) 00:04.0 CB00 PCI2.10 PnP PMM BEFD0EF0 BEF30EF0 CB00
Press Ctrl-B to configure iPXE (PCI 00:04.0)...
                                                                               
Booting from ROM..
[?7l
[0mSeaBIOS (version rel-1.16.2-0-gea1b7a073390-prebuilt.qemu.org)
iPXE (http://ipxe.org) 00:03.0 CA00 PCI2.10 PnP PMM+BEFD0EF0+BEF30EF0 CA00
Press Ctrl-B to configure iPXE (PCI 00:03.0)...
                                                                               
iPXE (http://ipxe.org) 00:04.0 CB00 PCI2.10 PnP PMM BEFD0EF0 BEF30EF0 CB00
Press Ctrl-B to configure iPXE (PCI 00:04.0)...
                                                                               
Booting from ROM..
[?7l
[0mSeaBIOS (version rel-1.16.2-0-gea1b7a073390-prebuilt.qemu.org)
iPXE (http://ipxe.org) 00:03.0 CA00 PCI2.10 PnP PMM+BEFD0EF0+BEF30EF0 CA00
Press Ctrl-B to configure iPXE (PCI 00:03.0)...
                                                                               
iPXE (http://ipxe.org) 00:04.0 CB00 PCI2.10 PnP PMM BEFD0EF0 BEF30EF0 CB00
Press Ctrl-B to configure iPXE (PCI 00:04.0)...
                                                                               
Booting from ROM..
[?7l
[0mSeaBIOS (version rel-1.16.2-0-gea1b7a073390-prebuilt.qemu.org)
iPXE (http://ipxe.org) 00:03.0 CA00 PCI2.10 PnP PMM+BEFD0EF0+BEF30EF0 CA00
Press Ctrl-B to configure iPXE (PCI 00:03.0)...
                                                                               
iPXE (http://ipxe.org) 00:04.0 CB00 PCI2.10 PnP PMM BEFD0EF0 BEF30EF0 CB00
Press Ctrl-B to configure iPXE (PCI 00:04.0)...
                                                                               
Booting from ROM..
[?7l
[0mSeaBIOS (version rel-1.16.2-0-gea1b7a073390-prebuilt.qemu.org)
iPXE (http://ipxe.org) 00:03.0 CA00 PCI2.10 PnP PMM+BEFD0EF0+BEF30EF0 CA00
Press Ctrl-B to configure iPXE (PCI 00:03.0)...
                                                                               
iPXE (http://ipxe.org) 00:04.0 CB00 PCI2.10 PnP PMM BEFD0EF0 BEF30EF0 CB00
Press Ctrl-B to configure iPXE (PCI 00:04.0)...
                                                                               
Booting from ROM..
[?7l
[0mSeaBIOS (version rel-1.16.2-0-gea1b7a073390-prebuilt.qemu.org)
iPXE (http://ipxe.org) 00:03.0 CA00 PCI2.10 PnP PMM+BEFD0EF0+BEF30EF0 CA00
Press Ctrl-B to configure iPXE (PCI 00:03.0)...
                                                                               
iPXE (http://ipxe.org) 00:04.0 CB00 PCI2.10 PnP PMM BEFD0EF0 BEF30EF0 CB00
Press Ctrl-B to configure iPXE (PCI 00:04.0)...
                                                                               
Booting from ROM..
[?7l
[0mSeaBIOS (version rel-1.16.2-0-gea1b7a073390-prebuilt.qemu.org)
iPXE (http://ipxe.org) 00:03.0 CA00 PCI2.10 PnP PMM+BEFD0EF0+BEF30EF0 CA00
Press Ctrl-B to configure iPXE (PCI 00:03.0)...
                                                                               
iPXE (http://ipxe.org) 00:04.0 CB00 PCI2.10 PnP PMM BEFD0EF0 BEF30EF0 CB00
Press Ctrl-B to configure iPXE (PCI 00:04.0)...
                                                                               
Booting from ROM..
[?7l
[0mSeaBIOS (version rel-1.16.2-0-gea1b7a073390-prebuilt.qemu.org)
iPXE (http://ipxe.org) 00:03.0 CA00 PCI2.10 PnP PMM+BEFD0EF0+BEF30EF0 CA00
Press Ctrl-B to configure iPXE (PCI 00:03.0)...
                                                                               
iPXE (http://ipxe.org) 00:04.0 CB00 PCI2.10 PnP PMM BEFD0EF0 BEF30EF0 CB00
Press Ctrl-B to configure iPXE (PCI 00:04.0)...
                                                                               
Booting from ROM..
[?7l
[0mSeaBIOS (version rel-1.16.2-0-gea1b7a073390-prebuilt.qemu.org)
iPXE (http://ipxe.org) 00:03.0 CA00 PCI2.10 PnP PMM+BEFD0EF0+BEF30EF0 CA00
Press Ctrl-B to configure iPXE (PCI 00:03.0)...
                                                                               
iPXE (http://ipxe.org) 00:04.0 CB00 PCI2.10 PnP PMM BEFD0EF0 BEF30EF0 CB00
Press Ctrl-B to configure iPXE (PCI 00:04.0)...
                                                                               
Booting from ROM..
[?7l
[0mSeaBIOS (version rel-1.16.2-0-gea1b7a073390-prebuilt.qemu.org)
iPXE (http://ipxe.org) 00:03.0 CA00 PCI2.10 PnP PMM+BEFD0EF0+BEF30EF0 CA00
Press Ctrl-B to configure iPXE (PCI 00:03.0)...
                                                                               
iPXE (http://ipxe.org) 00:04.0 CB00 PCI2.10 PnP PMM BEFD0EF0 BEF30EF0 CB00
Press Ctrl-B to configure iPXE (PCI 00:04.0)...
                                                                               
Booting from ROM..
[?7l
[0mSeaBIOS (version rel-1.16.2-0-gea1b7a073390-prebuilt.qemu.org)
iPXE (http://ipxe.org) 00:03.0 CA00 PCI2.10 PnP PMM+BEFD0EF0+BEF30EF0 CA00
Press Ctrl-B to configure iPXE (PCI 00:03.0)...
                                                                               
iPXE (http://ipxe.org) 00:04.0 CB00 PCI2.10 PnP PMM BEFD0EF0 BEF30EF0 CB00
Press Ctrl-B to configure iPXE (PCI 00:04.0)...
                                                                               
Booting from ROM..
[?7l
[0mSeaBIOS (version rel-1.16.2-0-gea1b7a073390-prebuilt.qemu.org)
iPXE (http://ipxe.org) 00:03.0 CA00 PCI2.10 PnP PMM+BEFD0EF0+BEF30EF0 CA00
Press Ctrl-B to configure iPXE (PCI 00:03.0)...
                                                                               
iPXE (http://ipxe.org) 00:04.0 CB00 PCI2.10 PnP PMM BEFD0EF0 BEF30EF0 CB00
Press Ctrl-B to configure iPXE (PCI 00:04.0)...
                                                                               
Booting from ROM..
[?7l
[0mSeaBIOS (version rel-1.16.2-0-gea1b7a073390-prebuilt.qemu.org)
iPXE (http://ipxe.org) 00:03.0 CA00 PCI2.10 PnP PMM+BEFD0EF0+BEF30EF0 CA00
Press Ctrl-B to configure iPXE (PCI 00:03.0)...
                                                                               
iPXE (http://ipxe.org) 00:04.0 CB00 PCI2.10 PnP PMM BEFD0EF0 BEF30EF0 CB00
Press Ctrl-B to configure iPXE (PCI 00:04.0)...
                                                                               
Booting from ROM..
[?7l
[0mSeaBIOS (version rel-1.16.2-0-gea1b7a073390-prebuilt.qemu.org)
iPXE (http://ipxe.org) 00:03.0 CA00 PCI2.10 PnP PMM+BEFD0EF0+BEF30EF0 CA00
Press Ctrl-B to configure iPXE (PCI 00:03.0)...
                                                                               
iPXE (http://ipxe.org) 00:04.0 CB00 PCI2.10 PnP PMM BEFD0EF0 BEF30EF0 CB00
Press Ctrl-B to configure iPXE (PCI 00:04.0)...
                                                                               
Booting from ROM..
[?7l
[0mSeaBIOS (version rel-1.16.2-0-gea1b7a073390-prebuilt.qemu.org)
iPXE (http://ipxe.org) 00:03.0 CA00 PCI2.10 PnP PMM+BEFD0EF0+BEF30EF0 CA00
Press Ctrl-B to configure iPXE (PCI 00:03.0)...
                                                                               
iPXE (http://ipxe.org) 00:04.0 CB00 PCI2.10 PnP PMM BEFD0EF0 BEF30EF0 CB00
Press Ctrl-B to configure iPXE (PCI 00:04.0)...
                                                                               
Booting from ROM..
[?7l
[0mSeaBIOS (version rel-1.16.2-0-gea1b7a073390-prebuilt.qemu.org)
iPXE (http://ipxe.org) 00:03.0 CA00 PCI2.10 PnP PMM+BEFD0EF0+BEF30EF0 CA00
Press Ctrl-B to configure iPXE (PCI 00:03.0)...
                                                                               
iPXE (http://ipxe.org) 00:04.0 CB00 PCI2.10 PnP PMM BEFD0EF0 BEF30EF0 CB00
Press Ctrl-B to configure iPXE (PCI 00:04.0)...
                                                                               
Booting from ROM..
[?7l
[0mSeaBIOS (version rel-1.16.2-0-gea1b7a073390-prebuilt.qemu.org)
iPXE (http://ipxe.org) 00:03.0 CA00 PCI2.10 PnP PMM+BEFD0EF0+BEF30EF0 CA00
Press Ctrl-B to configure iPXE (PCI 00:03.0)...
                                                                               
iPXE (http://ipxe.org) 00:04.0 CB00 PCI2.10 PnP PMM BEFD0EF0 BEF30EF0 CB00
Press Ctrl-B to configure iPXE (PCI 00:04.0)...
                                                                               
Booting from ROM..
[?7l
[0mSeaBIOS (version rel-1.16.2-0-gea1b7a073390-prebuilt.qemu.org)
iPXE (http://ipxe.org) 00:03.0 CA00 PCI2.10 PnP PMM+BEFD0EF0+BEF30EF0 CA00
Press Ctrl-B to configure iPXE (PCI 00:03.0)...
                                                                               
iPXE (http://ipxe.org) 00:04.0 CB00 PCI2.10 PnP PMM BEFD0EF0 BEF30EF0 CB00
Press Ctrl-B to configure iPXE (PCI 00:04.0)...
                                                                               
Booting from ROM..
[?7l
[0mSeaBIOS (version rel-1.16.2-0-gea1b7a073390-prebuilt.qemu.org)
iPXE (http://ipxe.org) 00:03.0 CA00 PCI2.10 PnP PMM+BEFD0EF0+BEF30EF0 CA00
Press Ctrl-B to configure iPXE (PCI 00:03.0)...
                                                                               
iPXE (http://ipxe.org) 00:04.0 CB00 PCI2.10 PnP PMM BEFD0EF0 BEF30EF0 CB00
Press Ctrl-B to configure iPXE (PCI 00:04.0)...
                                                                               
Booting from ROM..
[?7l
[0mSeaBIOS (version rel-1.16.2-0-gea1b7a073390-prebuilt.qemu.org)
iPXE (http://ipxe.org) 00:03.0 CA00 PCI2.10 PnP PMM+BEFD0EF0+BEF30EF0 CA00
Press Ctrl-B to configure iPXE (PCI 00:03.0)...
                                                                               
iPXE (http://ipxe.org) 00:04.0 CB00 PCI2.10 PnP PMM BEFD0EF0 BEF30EF0 CB00
Press Ctrl-B to configure iPXE (PCI 00:04.0)...
                                                                               
Booting from ROM..
[?7l
[0mSeaBIOS (version rel-1.16.2-0-gea1b7a073390-prebuilt.qemu.org)
iPXE (http://ipxe.org) 00:03.0 CA00 PCI2.10 PnP PMM+BEFD0EF0+BEF30EF0 CA00
Press Ctrl-B to configure iPXE (PCI 00:03.0)...
                                                                               
iPXE (http://ipxe.org) 00:04.0 CB00 PCI2.10 PnP PMM BEFD0EF0 BEF30EF0 CB00
Press Ctrl-B to configure iPXE (PCI 00:04.0)...
                                                                               
Booting from ROM..
[?7l
[0mSeaBIOS (version rel-1.16.2-0-gea1b7a073390-prebuilt.qemu.org)
iPXE (http://ipxe.org) 00:03.0 CA00 PCI2.10 PnP PMM+BEFD0EF0+BEF30EF0 CA00
Press Ctrl-B to configure iPXE (PCI 00:03.0)...
                                                                               
iPXE (http://ipxe.org) 00:04.0 CB00 PCI2.10 PnP PMM BEFD0EF0 BEF30EF0 CB00
Press Ctrl-B to configure iPXE (PCI 00:04.0)...
                                                                               
Booting from ROM..
[?7l
[0mSeaBIOS (version rel-1.16.2-0-gea1b7a073390-prebuilt.qemu.org)
iPXE (http://ipxe.org) 00:03.0 CA00 PCI2.10 PnP PMM+BEFD0EF0+BEF30EF0 CA00
Press Ctrl-B to configure iPXE (PCI 00:03.0)...
                                                                               
iPXE (http://ipxe.org) 00:04.0 CB00 PCI2.10 PnP PMM BEFD0EF0 BEF30EF0 CB00
Press Ctrl-B to configure iPXE (PCI 00:04.0)...
                                                                               
Booting from ROM..
[?7l
[0mSeaBIOS (version rel-1.16.2-0-gea1b7a073390-prebuilt.qemu.org)
iPXE (http://ipxe.org) 00:03.0 CA00 PCI2.10 PnP PMM+BEFD0EF0+BEF30EF0 CA00
Press Ctrl-B to configure iPXE (PCI 00:03.0)...
                                                                               
iPXE (http://ipxe.org) 00:04.0 CB00 PCI2.10 PnP PMM BEFD0EF0 BEF30EF0 CB00
Press Ctrl-B to configure iPXE (PCI 00:04.0)...
                                                                               
Booting from ROM..
[?7l
[0mSeaBIOS (version rel-1.16.2-0-gea1b7a073390-prebuilt.qemu.org)
iPXE (http://ipxe.org) 00:03.0 CA00 PCI2.10 PnP PMM+BEFD0EF0+BEF30EF0 CA00
Press Ctrl-B to configure iPXE (PCI 00:03.0)...
                                                                               
iPXE (http://ipxe.org) 00:04.0 CB00 PCI2.10 PnP PMM BEFD0EF0 BEF30EF0 CB00
Press Ctrl-B to configure iPXE (PCI 00:04.0)...
                                                                               
Booting from ROM..
[?7l
[0mSeaBIOS (version rel-1.16.2-0-gea1b7a073390-prebuilt.qemu.org)
iPXE (http://ipxe.org) 00:03.0 CA00 PCI2.10 PnP PMM+BEFD0EF0+BEF30EF0 CA00
Press Ctrl-B to configure iPXE (PCI 00:03.0)...
                                                                               
iPXE (http://ipxe.org) 00:04.0 CB00 PCI2.10 PnP PMM BEFD0EF0 BEF30EF0 CB00
Press Ctrl-B to configure iPXE (PCI 00:04.0)...
                                                                               
Booting from ROM..
[?7l
[0mSeaBIOS (version rel-1.16.2-0-gea1b7a073390-prebuilt.qemu.org)
iPXE (http://ipxe.org) 00:03.0 CA00 PCI2.10 PnP PMM+BEFD0EF0+BEF30EF0 CA00
Press Ctrl-B to configure iPXE (PCI 00:03.0)...
                                                                               
iPXE (http://ipxe.org) 00:04.0 CB00 PCI2.10 PnP PMM BEFD0EF0 BEF30EF0 CB00
Press Ctrl-B to configure iPXE (PCI 00:04.0)...
                                                                               
Booting from ROM..
[?7l
[0mSeaBIOS (version rel-1.16.2-0-gea1b7a073390-prebuilt.qemu.org)
iPXE (http://ipxe.org) 00:03.0 CA00 PCI2.10 PnP PMM+BEFD0EF0+BEF30EF0 CA00
Press Ctrl-B to configure iPXE (PCI 00:03.0)...
                                                                               
iPXE (http://ipxe.org) 00:04.0 CB00 PCI2.10 PnP PMM BEFD0EF0 BEF30EF0 CB00
Press Ctrl-B to configure iPXE (PCI 00:04.0)...
                                                                               
Booting from ROM..
[?7l
[0mSeaBIOS (version rel-1.16.2-0-gea1b7a073390-prebuilt.qemu.org)
iPXE (http://ipxe.org) 00:03.0 CA00 PCI2.10 PnP PMM+BEFD0EF0+BEF30EF0 CA00
Press Ctrl-B to configure iPXE (PCI 00:03.0)...
                                                                               
iPXE (http://ipxe.org) 00:04.0 CB00 PCI2.10 PnP PMM BEFD0EF0 BEF30EF0 CB00
Press Ctrl-B to configure iPXE (PCI 00:04.0)...
                                                                               
Booting from ROM..
[?7l
[0mSeaBIOS (version rel-1.16.2-0-gea1b7a073390-prebuilt.qemu.org)
iPXE (http://ipxe.org) 00:03.0 CA00 PCI2.10 PnP PMM+BEFD0EF0+BEF30EF0 CA00
Press Ctrl-B to configure iPXE (PCI 00:03.0)...
                                                                               
iPXE (http://ipxe.org) 00:04.0 CB00 PCI2.10 PnP PMM BEFD0EF0 BEF30EF0 CB00
Press Ctrl-B to configure iPXE (PCI 00:04.0)...
                                                                               
Booting from ROM..
[?7l
[0mSeaBIOS (version rel-1.16.2-0-gea1b7a073390-prebuilt.qemu.org)
iPXE (http://ipxe.org) 00:03.0 CA00 PCI2.10 PnP PMM+BEFD0EF0+BEF30EF0 CA00
Press Ctrl-B to configure iPXE (PCI 00:03.0)...
                                                                               
iPXE (http://ipxe.org) 00:04.0 CB00 PCI2.10 PnP PMM BEFD0EF0 BEF30EF0 CB00
Press Ctrl-B to configure iPXE (PCI 00:04.0)...
                                                                               
Booting from ROM..
[?7l
[0mSeaBIOS (version rel-1.16.2-0-gea1b7a073390-prebuilt.qemu.org)
iPXE (http://ipxe.org) 00:03.0 CA00 PCI2.10 PnP PMM+BEFD0EF0+BEF30EF0 CA00
Press Ctrl-B to configure iPXE (PCI 00:03.0)...
                                                                               
iPXE (http://ipxe.org) 00:04.0 CB00 PCI2.10 PnP PMM BEFD0EF0 BEF30EF0 CB00
Press Ctrl-B to configure iPXE (PCI 00:04.0)...
                                                                               
Booting from ROM..
[?7l
[0mSeaBIOS (version rel-1.16.2-0-gea1b7a073390-prebuilt.qemu.org)
iPXE (http://ipxe.org) 00:03.0 CA00 PCI2.10 PnP PMM+BEFD0EF0+BEF30EF0 CA00
Press Ctrl-B to configure iPXE (PCI 00:03.0)...
                                                                               
iPXE (http://ipxe.org) 00:04.0 CB00 PCI2.10 PnP PMM BEFD0EF0 BEF30EF0 CB00
Press Ctrl-B to configure iPXE (PCI 00:04.0)...
                                                                               
Booting from ROM..
[?7l
[0mSeaBIOS (version rel-1.16.2-0-gea1b7a073390-prebuilt.qemu.org)
iPXE (http://ipxe.org) 00:03.0 CA00 PCI2.10 PnP PMM+BEFD0EF0+BEF30EF0 CA00
Press Ctrl-B to configure iPXE (PCI 00:03.0)...
                                                                               
iPXE (http://ipxe.org) 00:04.0 CB00 PCI2.10 PnP PMM BEFD0EF0 BEF30EF0 CB00
Press Ctrl-B to configure iPXE (PCI 00:04.0)...
                                                                               
Booting from ROM..
[?7l
[0mSeaBIOS (version rel-1.16.2-0-gea1b7a073390-prebuilt.qemu.org)
iPXE (http://ipxe.org) 00:03.0 CA00 PCI2.10 PnP PMM+BEFD0EF0+BEF30EF0 CA00
Press Ctrl-B to configure iPXE (PCI 00:03.0)...
                                                                               
iPXE (http://ipxe.org) 00:04.0 CB00 PCI2.10 PnP PMM BEFD0EF0 BEF30EF0 CB00
Press Ctrl-B to configure iPXE (PCI 00:04.0)...
                                                                               
Booting from ROM..
[?7l
[0mSeaBIOS (version rel-1.16.2-0-gea1b7a073390-prebuilt.qemu.org)
iPXE (http://ipxe.org) 00:03.0 CA00 PCI2.10 PnP PMM+BEFD0EF0+BEF30EF0 CA00
Press Ctrl-B to configure iPXE (PCI 00:03.0)...
                                                                               
iPXE (http://ipxe.org) 00:04.0 CB00 PCI2.10 PnP PMM BEFD0EF0 BEF30EF0 CB00
Press Ctrl-B to configure iPXE (PCI 00:04.0)...
                                                                               
Booting from ROM..
[?7l
[0mSeaBIOS (version rel-1.16.2-0-gea1b7a073390-prebuilt.qemu.org)
iPXE (http://ipxe.org) 00:03.0 CA00 PCI2.10 PnP PMM+BEFD0EF0+BEF30EF0 CA00
Press Ctrl-B to configure iPXE (PCI 00:03.0)...
                                                                               
iPXE (http://ipxe.org) 00:04.0 CB00 PCI2.10 PnP PMM BEFD0EF0 BEF30EF0 CB00
Press Ctrl-B to configure iPXE (PCI 00:04.0)...
                                                                               
Booting from ROM..
[?7l
[0mSeaBIOS (version rel-1.16.2-0-gea1b7a073390-prebuilt.qemu.org)
iPXE (http://ipxe.org) 00:03.0 CA00 PCI2.10 PnP PMM+BEFD0EF0+BEF30EF0 CA00
Press Ctrl-B to configure iPXE (PCI 00:03.0)...
                                                                               
iPXE (http://ipxe.org) 00:04.0 CB00 PCI2.10 PnP PMM BEFD0EF0 BEF30EF0 CB00
Press Ctrl-B to configure iPXE (PCI 00:04.0)...
                                                                               
Booting from ROM..
[?7l
[0mSeaBIOS (version rel-1.16.2-0-gea1b7a073390-prebuilt.qemu.org)
iPXE (http://ipxe.org) 00:03.0 CA00 PCI2.10 PnP PMM+BEFD0EF0+BEF30EF0 CA00
Press Ctrl-B to configure iPXE (PCI 00:03.0)...
                                                                               
iPXE (http://ipxe.org) 00:04.0 CB00 PCI2.10 PnP PMM BEFD0EF0 BEF30EF0 CB00
Press Ctrl-B to configure iPXE (PCI 00:04.0)...
                                                                               
Booting from ROM..
[?7l
[0mSeaBIOS (version rel-1.16.2-0-gea1b7a073390-prebuilt.qemu.org)
iPXE (http://ipxe.org) 00:03.0 CA00 PCI2.10 PnP PMM+BEFD0EF0+BEF30EF0 CA00
Press Ctrl-B to configure iPXE (PCI 00:03.0)...
                                                                               
iPXE (http://ipxe.org) 00:04.0 CB00 PCI2.10 PnP PMM BEFD0EF0 BEF30EF0 CB00
Press Ctrl-B to configure iPXE (PCI 00:04.0)...
                                                                               
Booting from ROM..
[?7l
[0mSeaBIOS (version rel-1.16.2-0-gea1b7a073390-prebuilt.qemu.org)
iPXE (http://ipxe.org) 00:03.0 CA00 PCI2.10 PnP PMM+BEFD0EF0+BEF30EF0 CA00
Press Ctrl-B to configure iPXE (PCI 00:03.0)...
                                                                               
iPXE (http://ipxe.org) 00:04.0 CB00 PCI2.10 PnP PMM BEFD0EF0 BEF30EF0 CB00
Press Ctrl-B to configure iPXE (PCI 00:04.0)...
                                                                               
Booting from ROM..
[?7l
[0mSeaBIOS (version rel-1.16.2-0-gea1b7a073390-prebuilt.qemu.org)
iPXE (http://ipxe.org) 00:03.0 CA00 PCI2.10 PnP PMM+BEFD0EF0+BEF30EF0 CA00
Press Ctrl-B to configure iPXE (PCI 00:03.0)...
                                                                               
iPXE (http://ipxe.org) 00:04.0 CB00 PCI2.10 PnP PMM BEFD0EF0 BEF30EF0 CB00
Press Ctrl-B to configure iPXE (PCI 00:04.0)...
                                                                               
Booting from ROM..
[?7l
[0mSeaBIOS (version rel-1.16.2-0-gea1b7a073390-prebuilt.qemu.org)
iPXE (http://ipxe.org) 00:03.0 CA00 PCI2.10 PnP PMM+BEFD0EF0+BEF30EF0 CA00
Press Ctrl-B to configure iPXE (PCI 00:03.0)...
                                                                               
iPXE (http://ipxe.org) 00:04.0 CB00 PCI2.10 PnP PMM BEFD0EF0 BEF30EF0 CB00
Press Ctrl-B to configure iPXE (PCI 00:04.0)...
                                                                               
Booting from ROM..
[?7l
[0mSeaBIOS (version rel-1.16.2-0-gea1b7a073390-prebuilt.qemu.org)
iPXE (http://ipxe.org) 00:03.0 CA00 PCI2.10 PnP PMM+BEFD0EF0+BEF30EF0 CA00
Press Ctrl-B to configure iPXE (PCI 00:03.0)...
                                                                               
iPXE (http://ipxe.org) 00:04.0 CB00 PCI2.10 PnP PMM BEFD0EF0 BEF30EF0 CB00
Press Ctrl-B to configure iPXE (PCI 00:04.0)...
                                                                               
Booting from ROM..
[?7l
[0mSeaBIOS (version rel-1.16.2-0-gea1b7a073390-prebuilt.qemu.org)
iPXE (http://ipxe.org) 00:03.0 CA00 PCI2.10 PnP PMM+BEFD0EF0+BEF30EF0 CA00
Press Ctrl-B to configure iPXE (PCI 00:03.0)...
                                                                               
iPXE (http://ipxe.org) 00:04.0 CB00 PCI2.10 PnP PMM BEFD0EF0 BEF30EF0 CB00
Press Ctrl-B to configure iPXE (PCI 00:04.0)...
                                                                               
Booting from ROM..
[?7l
[0mSeaBIOS (version rel-1.16.2-0-gea1b7a073390-prebuilt.qemu.org)
iPXE (http://ipxe.org) 00:03.0 CA00 PCI2.10 PnP PMM+BEFD0EF0+BEF30EF0 CA00
Press Ctrl-B to configure iPXE (PCI 00:03.0)...
                                                                               
iPXE (http://ipxe.org) 00:04.0 CB00 PCI2.10 PnP PMM BEFD0EF0 BEF30EF0 CB00
Press Ctrl-B to configure iPXE (PCI 00:04.0)...
                                                                               
Booting from ROM..
[?7l
[0mSeaBIOS (version rel-1.16.2-0-gea1b7a073390-prebuilt.qemu.org)
iPXE (http://ipxe.org) 00:03.0 CA00 PCI2.10 PnP PMM+BEFD0EF0+BEF30EF0 CA00
Press Ctrl-B to configure iPXE (PCI 00:03.0)...
                                                                               
iPXE (http://ipxe.org) 00:04.0 CB00 PCI2.10 PnP PMM BEFD0EF0 BEF30EF0 CB00
Press Ctrl-B to configure iPXE (PCI 00:04.0)...
                                                                               
Booting from ROM..
[?7l
[0mSeaBIOS (version rel-1.16.2-0-gea1b7a073390-prebuilt.qemu.org)
iPXE (http://ipxe.org) 00:03.0 CA00 PCI2.10 PnP PMM+BEFD0EF0+BEF30EF0 CA00
Press Ctrl-B to configure iPXE (PCI 00:03.0)...
                                                                               
iPXE (http://ipxe.org) 00:04.0 CB00 PCI2.10 PnP PMM BEFD0EF0 BEF30EF0 CB00
Press Ctrl-B to configure iPXE (PCI 00:04.0)...
                                                                               
Booting from ROM..
[?7l
[0mSeaBIOS (version rel-1.16.2-0-gea1b7a073390-prebuilt.qemu.org)
iPXE (http://ipxe.org) 00:03.0 CA00 PCI2.10 PnP PMM+BEFD0EF0+BEF30EF0 CA00
Press Ctrl-B to configure iPXE (PCI 00:03.0)...
                                                                               
iPXE (http://ipxe.org) 00:04.0 CB00 PCI2.10 PnP PMM BEFD0EF0 BEF30EF0 CB00
Press Ctrl-B to configure iPXE (PCI 00:04.0)...
                                                                               
Booting from ROM..
[?7l
[0mSeaBIOS (version rel-1.16.2-0-gea1b7a073390-prebuilt.qemu.org)
iPXE (http://ipxe.org) 00:03.0 CA00 PCI2.10 PnP PMM+BEFD0EF0+BEF30EF0 CA00
Press Ctrl-B to configure iPXE (PCI 00:03.0)...
                                                                               
iPXE (http://ipxe.org) 00:04.0 CB00 PCI2.10 PnP PMM BEFD0EF0 BEF30EF0 CB00
Press Ctrl-B to configure iPXE (PCI 00:04.0)...
                                                                               
Booting from ROM..
[?7l
[0mSeaBIOS (version rel-1.16.2-0-gea1b7a073390-prebuilt.qemu.org)
iPXE (http://ipxe.org) 00:03.0 CA00 PCI2.10 PnP PMM+BEFD0EF0+BEF30EF0 CA00
Press Ctrl-B to configure iPXE (PCI 00:03.0)...
                                                                               
iPXE (http://ipxe.org) 00:04.0 CB00 PCI2.10 PnP PMM BEFD0EF0 BEF30EF0 CB00
Press Ctrl-B to configure iPXE (PCI 00:04.0)...
                                                                               
Booting from ROM..
[?7l
[0mSeaBIOS (version rel-1.16.2-0-gea1b7a073390-prebuilt.qemu.org)
iPXE (http://ipxe.org) 00:03.0 CA00 PCI2.10 PnP PMM+BEFD0EF0+BEF30EF0 CA00
Press Ctrl-B to configure iPXE (PCI 00:03.0)...
                                                                               
iPXE (http://ipxe.org) 00:04.0 CB00 PCI2.10 PnP PMM BEFD0EF0 BEF30EF0 CB00
Press Ctrl-B to configure iPXE (PCI 00:04.0)...
                                                                               
Booting from ROM..
[?7l
[0mSeaBIOS (version rel-1.16.2-0-gea1b7a073390-prebuilt.qemu.org)
iPXE (http://ipxe.org) 00:03.0 CA00 PCI2.10 PnP PMM+BEFD0EF0+BEF30EF0 CA00
Press Ctrl-B to configure iPXE (PCI 00:03.0)...
                                                                               
iPXE (http://ipxe.org) 00:04.0 CB00 PCI2.10 PnP PMM BEFD0EF0 BEF30EF0 CB00
Press Ctrl-B to configure iPXE (PCI 00:04.0)...
                                                                               
Booting from ROM..
[?7l
[0mSeaBIOS (version rel-1.16.2-0-gea1b7a073390-prebuilt.qemu.org)
iPXE (http://ipxe.org) 00:03.0 CA00 PCI2.10 PnP PMM+BEFD0EF0+BEF30EF0 CA00
Press Ctrl-B to configure iPXE (PCI 00:03.0)...
                                                                               
iPXE (http://ipxe.org) 00:04.0 CB00 PCI2.10 PnP PMM BEFD0EF0 BEF30EF0 CB00
Press Ctrl-B to configure iPXE (PCI 00:04.0)...
                                                                               
Booting from ROM..
[?7l
[0mSeaBIOS (version rel-1.16.2-0-gea1b7a073390-prebuilt.qemu.org)
iPXE (http://ipxe.org) 00:03.0 CA00 PCI2.10 PnP PMM+BEFD0EF0+BEF30EF0 CA00
Press Ctrl-B to configure iPXE (PCI 00:03.0)...
                                                                               
iPXE (http://ipxe.org) 00:04.0 CB00 PCI2.10 PnP PMM BEFD0EF0 BEF30EF0 CB00
Press Ctrl-B to configure iPXE (PCI 00:04.0)...
                                                                               
Booting from ROM..
[?7l
[0mSeaBIOS (version rel-1.16.2-0-gea1b7a073390-prebuilt.qemu.org)
iPXE (http://ipxe.org) 00:03.0 CA00 PCI2.10 PnP PMM+BEFD0EF0+BEF30EF0 CA00
Press Ctrl-B to configure iPXE (PCI 00:03.0)...
                                                                               
iPXE (http://ipxe.org) 00:04.0 CB00 PCI2.10 PnP PMM BEFD0EF0 BEF30EF0 CB00
Press Ctrl-B to configure iPXE (PCI 00:04.0)...
                                                                               
Booting from ROM..
[?7l
[0mSeaBIOS (version rel-1.16.2-0-gea1b7a073390-prebuilt.qemu.org)
iPXE (http://ipxe.org) 00:03.0 CA00 PCI2.10 PnP PMM+BEFD0EF0+BEF30EF0 CA00
Press Ctrl-B to configure iPXE (PCI 00:03.0)...
                                                                               
iPXE (http://ipxe.org) 00:04.0 CB00 PCI2.10 PnP PMM BEFD0EF0 BEF30EF0 CB00
Press Ctrl-B to configure iPXE (PCI 00:04.0)...
                                                                               
Booting from ROM..
[?7l
[0mSeaBIOS (version rel-1.16.2-0-gea1b7a073390-prebuilt.qemu.org)
iPXE (http://ipxe.org) 00:03.0 CA00 PCI2.10 PnP PMM+BEFD0EF0+BEF30EF0 CA00
Press Ctrl-B to configure iPXE (PCI 00:03.0)...
                                                                               
iPXE (http://ipxe.org) 00:04.0 CB00 PCI2.10 PnP PMM BEFD0EF0 BEF30EF0 CB00
Press Ctrl-B to configure iPXE (PCI 00:04.0)...
                                                                               
Booting from ROM..
[?7l
[0mSeaBIOS (version rel-1.16.2-0-gea1b7a073390-prebuilt.qemu.org)
iPXE (http://ipxe.org) 00:03.0 CA00 PCI2.10 PnP PMM+BEFD0EF0+BEF30EF0 CA00
Press Ctrl-B to configure iPXE (PCI 00:03.0)...
                                                                               
iPXE (http://ipxe.org) 00:04.0 CB00 PCI2.10 PnP PMM BEFD0EF0 BEF30EF0 CB00
Press Ctrl-B to configure iPXE (PCI 00:04.0)...
                                                                               
Booting from ROM..
[?7l
[0mSeaBIOS (version rel-1.16.2-0-gea1b7a073390-prebuilt.qemu.org)
iPXE (http://ipxe.org) 00:03.0 CA00 PCI2.10 PnP PMM+BEFD0EF0+BEF30EF0 CA00
Press Ctrl-B to configure iPXE (PCI 00:03.0)...
                                                                               
iPXE (http://ipxe.org) 00:04.0 CB00 PCI2.10 PnP PMM BEFD0EF0 BEF30EF0 CB00
Press Ctrl-B to configure iPXE (PCI 00:04.0)...
                                                                               
Booting from ROM..
[?7l
[0mSeaBIOS (version rel-1.16.2-0-gea1b7a073390-prebuilt.qemu.org)
iPXE (http://ipxe.org) 00:03.0 CA00 PCI2.10 PnP PMM+BEFD0EF0+BEF30EF0 CA00
Press Ctrl-B to configure iPXE (PCI 00:03.0)...
                                                                               
iPXE (http://ipxe.org) 00:04.0 CB00 PCI2.10 PnP PMM BEFD0EF0 BEF30EF0 CB00
Press Ctrl-B to configure iPXE (PCI 00:04.0)...
                                                                               
Booting from ROM..
[?7l
[0mSeaBIOS (version rel-1.16.2-0-gea1b7a073390-prebuilt.qemu.org)
iPXE (http://ipxe.org) 00:03.0 CA00 PCI2.10 PnP PMM+BEFD0EF0+BEF30EF0 CA00
Press Ctrl-B to configure iPXE (PCI 00:03.0)...
                                                                               
iPXE (http://ipxe.org) 00:04.0 CB00 PCI2.10 PnP PMM BEFD0EF0 BEF30EF0 CB00
Press Ctrl-B to configure iPXE (PCI 00:04.0)...
                                                                               
Booting from ROM..
[?7l
[0mSeaBIOS (version rel-1.16.2-0-gea1b7a073390-prebuilt.qemu.org)
iPXE (http://ipxe.org) 00:03.0 CA00 PCI2.10 PnP PMM+BEFD0EF0+BEF30EF0 CA00
Press Ctrl-B to configure iPXE (PCI 00:03.0)...
                                                                               
iPXE (http://ipxe.org) 00:04.0 CB00 PCI2.10 PnP PMM BEFD0EF0 BEF30EF0 CB00
Press Ctrl-B to configure iPXE (PCI 00:04.0)...
                                                                               
Booting from ROM..
[?7l
[0mSeaBIOS (version rel-1.16.2-0-gea1b7a073390-prebuilt.qemu.org)
iPXE (http://ipxe.org) 00:03.0 CA00 PCI2.10 PnP PMM+BEFD0EF0+BEF30EF0 CA00
Press Ctrl-B to configure iPXE (PCI 00:03.0)...
                                                                               
iPXE (http://ipxe.org) 00:04.0 CB00 PCI2.10 PnP PMM BEFD0EF0 BEF30EF0 CB00
Press Ctrl-B to configure iPXE (PCI 00:04.0)...
                                                                               
Booting from ROM..
[?7l
[0mSeaBIOS (version rel-1.16.2-0-gea1b7a073390-prebuilt.qemu.org)
iPXE (http://ipxe.org) 00:03.0 CA00 PCI2.10 PnP PMM+BEFD0EF0+BEF30EF0 CA00
Press Ctrl-B to configure iPXE (PCI 00:03.0)...
                                                                               
iPXE (http://ipxe.org) 00:04.0 CB00 PCI2.10 PnP PMM BEFD0EF0 BEF30EF0 CB00
Press Ctrl-B to configure iPXE (PCI 00:04.0)...
                                                                               
Booting from ROM..
[?7l
[0mSeaBIOS (version rel-1.16.2-0-gea1b7a073390-prebuilt.qemu.org)
iPXE (http://ipxe.org) 00:03.0 CA00 PCI2.10 PnP PMM+BEFD0EF0+BEF30EF0 CA00
Press Ctrl-B to configure iPXE (PCI 00:03.0)...
                                                                               
iPXE (http://ipxe.org) 00:04.0 CB00 PCI2.10 PnP PMM BEFD0EF0 BEF30EF0 CB00
Press Ctrl-B to configure iPXE (PCI 00:04.0)...
                                                                               
Booting from ROM..
[?7l
[0mSeaBIOS (version rel-1.16.2-0-gea1b7a073390-prebuilt.qemu.org)
iPXE (http://ipxe.org) 00:03.0 CA00 PCI2.10 PnP PMM+BEFD0EF0+BEF30EF0 CA00
Press Ctrl-B to configure iPXE (PCI 00:03.0)...
                                                                               
iPXE (http://ipxe.org) 00:04.0 CB00 PCI2.10 PnP PMM BEFD0EF0 BEF30EF0 CB00
Press Ctrl-B to configure iPXE (PCI 00:04.0)...
                                                                               
Booting from ROM..
[?7l
[0mSeaBIOS (version rel-1.16.2-0-gea1b7a073390-prebuilt.qemu.org)
iPXE (http://ipxe.org) 00:03.0 CA00 PCI2.10 PnP PMM+BEFD0EF0+BEF30EF0 CA00
Press Ctrl-B to configure iPXE (PCI 00:03.0)...
                                                                               
iPXE (http://ipxe.org) 00:04.0 CB00 PCI2.10 PnP PMM BEFD0EF0 BEF30EF0 CB00
Press Ctrl-B to configure iPXE (PCI 00:04.0)...
                                                                               
Booting from ROM..
[?7l
[0mSeaBIOS (version rel-1.16.2-0-gea1b7a073390-prebuilt.qemu.org)
iPXE (http://ipxe.org) 00:03.0 CA00 PCI2.10 PnP PMM+BEFD0EF0+BEF30EF0 CA00
Press Ctrl-B to configure iPXE (PCI 00:03.0)...
                                                                               
iPXE (http://ipxe.org) 00:04.0 CB00 PCI2.10 PnP PMM BEFD0EF0 BEF30EF0 CB00
Press Ctrl-B to configure iPXE (PCI 00:04.0)...
                                                                               
Booting from ROM..
[?7l
[0mSeaBIOS (version rel-1.16.2-0-gea1b7a073390-prebuilt.qemu.org)
iPXE (http://ipxe.org) 00:03.0 CA00 PCI2.10 PnP PMM+BEFD0EF0+BEF30EF0 CA00
Press Ctrl-B to configure iPXE (PCI 00:03.0)...
                                                                               
iPXE (http://ipxe.org) 00:04.0 CB00 PCI2.10 PnP PMM BEFD0EF0 BEF30EF0 CB00
Press Ctrl-B to configure iPXE (PCI 00:04.0)...
                                                                               
Booting from ROM..
[?7l
[0mSeaBIOS (version rel-1.16.2-0-gea1b7a073390-prebuilt.qemu.org)
iPXE (http://ipxe.org) 00:03.0 CA00 PCI2.10 PnP PMM+BEFD0EF0+BEF30EF0 CA00
Press Ctrl-B to configure iPXE (PCI 00:03.0)...
                                                                               
iPXE (http://ipxe.org) 00:04.0 CB00 PCI2.10 PnP PMM BEFD0EF0 BEF30EF0 CB00
Press Ctrl-B to configure iPXE (PCI 00:04.0)...
                                                                               
Booting from ROM..
[?7l
[0mSeaBIOS (version rel-1.16.2-0-gea1b7a073390-prebuilt.qemu.org)
iPXE (http://ipxe.org) 00:03.0 CA00 PCI2.10 PnP PMM+BEFD0EF0+BEF30EF0 CA00
Press Ctrl-B to configure iPXE (PCI 00:03.0)...
                                                                               
iPXE (http://ipxe.org) 00:04.0 CB00 PCI2.10 PnP PMM BEFD0EF0 BEF30EF0 CB00
Press Ctrl-B to configure iPXE (PCI 00:04.0)...
                                                                               
Booting from ROM..
[?7l
[0mSeaBIOS (version rel-1.16.2-0-gea1b7a073390-prebuilt.qemu.org)
iPXE (http://ipxe.org) 00:03.0 CA00 PCI2.10 PnP PMM+BEFD0EF0+BEF30EF0 CA00
Press Ctrl-B to configure iPXE (PCI 00:03.0)...
                                                                               
iPXE (http://ipxe.org) 00:04.0 CB00 PCI2.10 PnP PMM BEFD0EF0 BEF30EF0 CB00
Press Ctrl-B to configure iPXE (PCI 00:04.0)...
                                                                               
Booting from ROM..
[?7l
[0mSeaBIOS (version rel-1.16.2-0-gea1b7a073390-prebuilt.qemu.org)
iPXE (http://ipxe.org) 00:03.0 CA00 PCI2.10 PnP PMM+BEFD0EF0+BEF30EF0 CA00
Press Ctrl-B to configure iPXE (PCI 00:03.0)...
                                                                               
iPXE (http://ipxe.org) 00:04.0 CB00 PCI2.10 PnP PMM BEFD0EF0 BEF30EF0 CB00
Press Ctrl-B to configure iPXE (PCI 00:04.0)...
                                                                               
Booting from ROM..
[?7l
[0mSeaBIOS (version rel-1.16.2-0-gea1b7a073390-prebuilt.qemu.org)
iPXE (http://ipxe.org) 00:03.0 CA00 PCI2.10 PnP PMM+BEFD0EF0+BEF30EF0 CA00
Press Ctrl-B to configure iPXE (PCI 00:03.0)...
                                                                               
iPXE (http://ipxe.org) 00:04.0 CB00 PCI2.10 PnP PMM BEFD0EF0 BEF30EF0 CB00
Press Ctrl-B to configure iPXE (PCI 00:04.0)...
                                                                               
Booting from ROM..
[?7l
[0mSeaBIOS (version rel-1.16.2-0-gea1b7a073390-prebuilt.qemu.org)
iPXE (http://ipxe.org) 00:03.0 CA00 PCI2.10 PnP PMM+BEFD0EF0+BEF30EF0 CA00
Press Ctrl-B to configure iPXE (PCI 00:03.0)...
                                                                               
iPXE (http://ipxe.org) 00:04.0 CB00 PCI2.10 PnP PMM BEFD0EF0 BEF30EF0 CB00
Press Ctrl-B to configure iPXE (PCI 00:04.0)...
                                                                               
Booting from ROM..
[?7l
[0mSeaBIOS (version rel-1.16.2-0-gea1b7a073390-prebuilt.qemu.org)
iPXE (http://ipxe.org) 00:03.0 CA00 PCI2.10 PnP PMM+BEFD0EF0+BEF30EF0 CA00
Press Ctrl-B to configure iPXE (PCI 00:03.0)...
                                                                               
iPXE (http://ipxe.org) 00:04.0 CB00 PCI2.10 PnP PMM BEFD0EF0 BEF30EF0 CB00
Press Ctrl-B to configure iPXE (PCI 00:04.0)...
                                                                               
Booting from ROM..
[?7l
[0mSeaBIOS (version rel-1.16.2-0-gea1b7a073390-prebuilt.qemu.org)
iPXE (http://ipxe.org) 00:03.0 CA00 PCI2.10 PnP PMM+BEFD0EF0+BEF30EF0 CA00
Press Ctrl-B to configure iPXE (PCI 00:03.0)...
                                                                               
iPXE (http://ipxe.org) 00:04.0 CB00 PCI2.10 PnP PMM BEFD0EF0 BEF30EF0 CB00
Press Ctrl-B to configure iPXE (PCI 00:04.0)...
                                                                               
Booting from ROM..
[?7l
[0mSeaBIOS (version rel-1.16.2-0-gea1b7a073390-prebuilt.qemu.org)
iPXE (http://ipxe.org) 00:03.0 CA00 PCI2.10 PnP PMM+BEFD0EF0+BEF30EF0 CA00
Press Ctrl-B to configure iPXE (PCI 00:03.0)...
                                                                               
iPXE (http://ipxe.org) 00:04.0 CB00 PCI2.10 PnP PMM BEFD0EF0 BEF30EF0 CB00
Press Ctrl-B to configure iPXE (PCI 00:04.0)...
                                                                               
Booting from ROM..
[?7l
[0mSeaBIOS (version rel-1.16.2-0-gea1b7a073390-prebuilt.qemu.org)
iPXE (http://ipxe.org) 00:03.0 CA00 PCI2.10 PnP PMM+BEFD0EF0+BEF30EF0 CA00
Press Ctrl-B to configure iPXE (PCI 00:03.0)...
                                                                               
iPXE (http://ipxe.org) 00:04.0 CB00 PCI2.10 PnP PMM BEFD0EF0 BEF30EF0 CB00
Press Ctrl-B to configure iPXE (PCI 00:04.0)...
                                                                               
Booting from ROM..
[?7l
[0mSeaBIOS (version rel-1.16.2-0-gea1b7a073390-prebuilt.qemu.org)
iPXE (http://ipxe.org) 00:03.0 CA00 PCI2.10 PnP PMM+BEFD0EF0+BEF30EF0 CA00
Press Ctrl-B to configure iPXE (PCI 00:03.0)...
                                                                               
iPXE (http://ipxe.org) 00:04.0 CB00 PCI2.10 PnP PMM BEFD0EF0 BEF30EF0 CB00
Press Ctrl-B to configure iPXE (PCI 00:04.0)...
                                                                               
Booting from ROM..
[?7l
[0mSeaBIOS (version rel-1.16.2-0-gea1b7a073390-prebuilt.qemu.org)
iPXE (http://ipxe.org) 00:03.0 CA00 PCI2.10 PnP PMM+BEFD0EF0+BEF30EF0 CA00
Press Ctrl-B to configure iPXE (PCI 00:03.0)...
                                                                               
iPXE (http://ipxe.org) 00:04.0 CB00 PCI2.10 PnP PMM BEFD0EF0 BEF30EF0 CB00
Press Ctrl-B to configure iPXE (PCI 00:04.0)...
                                                                               
Booting from ROM..
[?7l
[0mSeaBIOS (version rel-1.16.2-0-gea1b7a073390-prebuilt.qemu.org)
iPXE (http://ipxe.org) 00:03.0 CA00 PCI2.10 PnP PMM+BEFD0EF0+BEF30EF0 CA00
Press Ctrl-B to configure iPXE (PCI 00:03.0)...
                                                                               
iPXE (http://ipxe.org) 00:04.0 CB00 PCI2.10 PnP PMM BEFD0EF0 BEF30EF0 CB00
Press Ctrl-B to configure iPXE (PCI 00:04.0)...
                                                                               
Booting from ROM..
[?7l
[0mSeaBIOS (version rel-1.16.2-0-gea1b7a073390-prebuilt.qemu.org)
iPXE (http://ipxe.org) 00:03.0 CA00 PCI2.10 PnP PMM+BEFD0EF0+BEF30EF0 CA00
Press Ctrl-B to configure iPXE (PCI 00:03.0)...
                                                                               
iPXE (http://ipxe.org) 00:04.0 CB00 PCI2.10 PnP PMM BEFD0EF0 BEF30EF0 CB00
Press Ctrl-B to configure iPXE (PCI 00:04.0)...
                                                                               
Booting from ROM..
[?7l
[0mSeaBIOS (version rel-1.16.2-0-gea1b7a073390-prebuilt.qemu.org)
iPXE (http://ipxe.org) 00:03.0 CA00 PCI2.10 PnP PMM+BEFD0EF0+BEF30EF0 CA00
Press Ctrl-B to configure iPXE (PCI 00:03.0)...
                                                                               
iPXE (http://ipxe.org) 00:04.0 CB00 PCI2.10 PnP PMM BEFD0EF0 BEF30EF0 CB00
Press Ctrl-B to configure iPXE (PCI 00:04.0)...
                                                                               
Booting from ROM..
[?7l
[0mSeaBIOS (version rel-1.16.2-0-gea1b7a073390-prebuilt.qemu.org)
iPXE (http://ipxe.org) 00:03.0 CA00 PCI2.10 PnP PMM+BEFD0EF0+BEF30EF0 CA00
Press Ctrl-B to configure iPXE (PCI 00:03.0)...
                                                                               
iPXE (http://ipxe.org) 00:04.0 CB00 PCI2.10 PnP PMM BEFD0EF0 BEF30EF0 CB00
Press Ctrl-B to configure iPXE (PCI 00:04.0)...
                                                                               
Booting from ROM..
[?7l
[0mSeaBIOS (version rel-1.16.2-0-gea1b7a073390-prebuilt.qemu.org)
iPXE (http://ipxe.org) 00:03.0 CA00 PCI2.10 PnP PMM+BEFD0EF0+BEF30EF0 CA00
Press Ctrl-B to configure iPXE (PCI 00:03.0)...
                                                                               
iPXE (http://ipxe.org) 00:04.0 CB00 PCI2.10 PnP PMM BEFD0EF0 BEF30EF0 CB00
Press Ctrl-B to configure iPXE (PCI 00:04.0)...
                                                                               
Booting from ROM..
[?7l
[0mSeaBIOS (version rel-1.16.2-0-gea1b7a073390-prebuilt.qemu.org)
iPXE (http://ipxe.org) 00:03.0 CA00 PCI2.10 PnP PMM+BEFD0EF0+BEF30EF0 CA00
Press Ctrl-B to configure iPXE (PCI 00:03.0)...
                                                                               
iPXE (http://ipxe.org) 00:04.0 CB00 PCI2.10 PnP PMM BEFD0EF0 BEF30EF0 CB00
Press Ctrl-B to configure iPXE (PCI 00:04.0)...
                                                                               
Booting from ROM..
[?7l
[0mSeaBIOS (version rel-1.16.2-0-gea1b7a073390-prebuilt.qemu.org)
iPXE (http://ipxe.org) 00:03.0 CA00 PCI2.10 PnP PMM+BEFD0EF0+BEF30EF0 CA00
Press Ctrl-B to configure iPXE (PCI 00:03.0)...
                                                                               
iPXE (http://ipxe.org) 00:04.0 CB00 PCI2.10 PnP PMM BEFD0EF0 BEF30EF0 CB00
Press Ctrl-B to configure iPXE (PCI 00:04.0)...
                                                                               
Booting from ROM..
[?7l
[0mSeaBIOS (version rel-1.16.2-0-gea1b7a073390-prebuilt.qemu.org)
iPXE (http://ipxe.org) 00:03.0 CA00 PCI2.10 PnP PMM+BEFD0EF0+BEF30EF0 CA00
Press Ctrl-B to configure iPXE (PCI 00:03.0)...
                                                                               
iPXE (http://ipxe.org) 00:04.0 CB00 PCI2.10 PnP PMM BEFD0EF0 BEF30EF0 CB00
Press Ctrl-B to configure iPXE (PCI 00:04.0)...
                                                                               
Booting from ROM..
[?7l
[0mSeaBIOS (version rel-1.16.2-0-gea1b7a073390-prebuilt.qemu.org)
iPXE (http://ipxe.org) 00:03.0 CA00 PCI2.10 PnP PMM+BEFD0EF0+BEF30EF0 CA00
Press Ctrl-B to configure iPXE (PCI 00:03.0)...
                                                                               
iPXE (http://ipxe.org) 00:04.0 CB00 PCI2.10 PnP PMM BEFD0EF0 BEF30EF0 CB00
Press Ctrl-B to configure iPXE (PCI 00:04.0)...
                                                                               
Booting from ROM..
[?7l
[0mSeaBIOS (version rel-1.16.2-0-gea1b7a073390-prebuilt.qemu.org)
iPXE (http://ipxe.org) 00:03.0 CA00 PCI2.10 PnP PMM+BEFD0EF0+BEF30EF0 CA00
Press Ctrl-B to configure iPXE (PCI 00:03.0)...
                                                                               
iPXE (http://ipxe.org) 00:04.0 CB00 PCI2.10 PnP PMM BEFD0EF0 BEF30EF0 CB00
Press Ctrl-B to configure iPXE (PCI 00:04.0)...
                                                                               
Booting from ROM..
[?7l
[0mSeaBIOS (version rel-1.16.2-0-gea1b7a073390-prebuilt.qemu.org)
iPXE (http://ipxe.org) 00:03.0 CA00 PCI2.10 PnP PMM+BEFD0EF0+BEF30EF0 CA00
Press Ctrl-B to configure iPXE (PCI 00:03.0)...
                                                                               
iPXE (http://ipxe.org) 00:04.0 CB00 PCI2.10 PnP PMM BEFD0EF0 BEF30EF0 CB00
Press Ctrl-B to configure iPXE (PCI 00:04.0)...
                                                                               
Booting from ROM..
[?7l
[0mSeaBIOS (version rel-1.16.2-0-gea1b7a073390-prebuilt.qemu.org)
iPXE (http://ipxe.org) 00:03.0 CA00 PCI2.10 PnP PMM+BEFD0EF0+BEF30EF0 CA00
Press Ctrl-B to configure iPXE (PCI 00:03.0)...
                                                                               
iPXE (http://ipxe.org) 00:04.0 CB00 PCI2.10 PnP PMM BEFD0EF0 BEF30EF0 CB00
Press Ctrl-B to configure iPXE (PCI 00:04.0)...
                                                                               
Booting from ROM..
[?7l
[0mSeaBIOS (version rel-1.16.2-0-gea1b7a073390-prebuilt.qemu.org)
iPXE (http://ipxe.org) 00:03.0 CA00 PCI2.10 PnP PMM+BEFD0EF0+BEF30EF0 CA00
Press Ctrl-B to configure iPXE (PCI 00:03.0)...
                                                                               
iPXE (http://ipxe.org) 00:04.0 CB00 PCI2.10 PnP PMM BEFD0EF0 BEF30EF0 CB00
Press Ctrl-B to configure iPXE (PCI 00:04.0)...
                                                                               
Booting from ROM..
[?7l
[0mSeaBIOS (version rel-1.16.2-0-gea1b7a073390-prebuilt.qemu.org)
iPXE (http://ipxe.org) 00:03.0 CA00 PCI2.10 PnP PMM+BEFD0EF0+BEF30EF0 CA00
Press Ctrl-B to configure iPXE (PCI 00:03.0)...
                                                                               
iPXE (http://ipxe.org) 00:04.0 CB00 PCI2.10 PnP PMM BEFD0EF0 BEF30EF0 CB00
Press Ctrl-B to configure iPXE (PCI 00:04.0)...
                                                                               
Booting from ROM..
[?7l
[0mSeaBIOS (version rel-1.16.2-0-gea1b7a073390-prebuilt.qemu.org)
iPXE (http://ipxe.org) 00:03.0 CA00 PCI2.10 PnP PMM+BEFD0EF0+BEF30EF0 CA00
Press Ctrl-B to configure iPXE (PCI 00:03.0)...
                                                                               
iPXE (http://ipxe.org) 00:04.0 CB00 PCI2.10 PnP PMM BEFD0EF0 BEF30EF0 CB00
Press Ctrl-B to configure iPXE (PCI 00:04.0)...
                                                                               
Booting from ROM..
[?7l
[0mSeaBIOS (version rel-1.16.2-0-gea1b7a073390-prebuilt.qemu.org)
iPXE (http://ipxe.org) 00:03.0 CA00 PCI2.10 PnP PMM+BEFD0EF0+BEF30EF0 CA00
Press Ctrl-B to configure iPXE (PCI 00:03.0)...
                                                                               
iPXE (http://ipxe.org) 00:04.0 CB00 PCI2.10 PnP PMM BEFD0EF0 BEF30EF0 CB00
Press Ctrl-B to configure iPXE (PCI 00:04.0)...
                                                                               
Booting from ROM..
[?7l
[0mSeaBIOS (version rel-1.16.2-0-gea1b7a073390-prebuilt.qemu.org)
iPXE (http://ipxe.org) 00:03.0 CA00 PCI2.10 PnP PMM+BEFD0EF0+BEF30EF0 CA00
Press Ctrl-B to configure iPXE (PCI 00:03.0)...
                                                                               
iPXE (http://ipxe.org) 00:04.0 CB00 PCI2.10 PnP PMM BEFD0EF0 BEF30EF0 CB00
Press Ctrl-B to configure iPXE (PCI 00:04.0)...
                                                                               
Booting from ROM..
[?7l
[0mSeaBIOS (version rel-1.16.2-0-gea1b7a073390-prebuilt.qemu.org)
iPXE (http://ipxe.org) 00:03.0 CA00 PCI2.10 PnP PMM+BEFD0EF0+BEF30EF0 CA00
Press Ctrl-B to configure iPXE (PCI 00:03.0)...
                                                                               
iPXE (http://ipxe.org) 00:04.0 CB00 PCI2.10 PnP PMM BEFD0EF0 BEF30EF0 CB00
Press Ctrl-B to configure iPXE (PCI 00:04.0)...
                                                                               
Booting from ROM..
[?7l
[0mSeaBIOS (version rel-1.16.2-0-gea1b7a073390-prebuilt.qemu.org)
iPXE (http://ipxe.org) 00:03.0 CA00 PCI2.10 PnP PMM+BEFD0EF0+BEF30EF0 CA00
Press Ctrl-B to configure iPXE (PCI 00:03.0)...
                                                                               
iPXE (http://ipxe.org) 00:04.0 CB00 PCI2.10 PnP PMM BEFD0EF0 BEF30EF0 CB00
Press Ctrl-B to configure iPXE (PCI 00:04.0)...
                                                                               
Booting from ROM..
[?7l
[0mSeaBIOS (version rel-1.16.2-0-gea1b7a073390-prebuilt.qemu.org)
iPXE (http://ipxe.org) 00:03.0 CA00 PCI2.10 PnP PMM+BEFD0EF0+BEF30EF0 CA00
Press Ctrl-B to configure iPXE (PCI 00:03.0)...
                                                                               
iPXE (http://ipxe.org) 00:04.0 CB00 PCI2.10 PnP PMM BEFD0EF0 BEF30EF0 CB00
Press Ctrl-B to configure iPXE (PCI 00:04.0)...
                                                                               
Booting from ROM..
[?7l
[0mSeaBIOS (version rel-1.16.2-0-gea1b7a073390-prebuilt.qemu.org)
iPXE (http://ipxe.org) 00:03.0 CA00 PCI2.10 PnP PMM+BEFD0EF0+BEF30EF0 CA00
Press Ctrl-B to configure iPXE (PCI 00:03.0)...
                                                                               
iPXE (http://ipxe.org) 00:04.0 CB00 PCI2.10 PnP PMM BEFD0EF0 BEF30EF0 CB00
Press Ctrl-B to configure iPXE (PCI 00:04.0)...
                                                                               
Booting from ROM..
[?7l
[0mSeaBIOS (version rel-1.16.2-0-gea1b7a073390-prebuilt.qemu.org)
iPXE (http://ipxe.org) 00:03.0 CA00 PCI2.10 PnP PMM+BEFD0EF0+BEF30EF0 CA00
Press Ctrl-B to configure iPXE (PCI 00:03.0)...
                                                                               
iPXE (http://ipxe.org) 00:04.0 CB00 PCI2.10 PnP PMM BEFD0EF0 BEF30EF0 CB00
Press Ctrl-B to configure iPXE (PCI 00:04.0)...
                                                                               
Booting from ROM..
[?7l
[0mSeaBIOS (version rel-1.16.2-0-gea1b7a073390-prebuilt.qemu.org)
iPXE (http://ipxe.org) 00:03.0 CA00 PCI2.10 PnP PMM+BEFD0EF0+BEF30EF0 CA00
Press Ctrl-B to configure iPXE (PCI 00:03.0)...
                                                                               
iPXE (http://ipxe.org) 00:04.0 CB00 PCI2.10 PnP PMM BEFD0EF0 BEF30EF0 CB00
Press Ctrl-B to configure iPXE (PCI 00:04.0)...
                                                                               
Booting from ROM..
[?7l
[0mSeaBIOS (version rel-1.16.2-0-gea1b7a073390-prebuilt.qemu.org)
iPXE (http://ipxe.org) 00:03.0 CA00 PCI2.10 PnP PMM+BEFD0EF0+BEF30EF0 CA00
Press Ctrl-B to configure iPXE (PCI 00:03.0)...
                                                                               
iPXE (http://ipxe.org) 00:04.0 CB00 PCI2.10 PnP PMM BEFD0EF0 BEF30EF0 CB00
Press Ctrl-B to configure iPXE (PCI 00:04.0)...
                                                                               
Booting from ROM..
[?7l
[0mSeaBIOS (version rel-1.16.2-0-gea1b7a073390-prebuilt.qemu.org)
iPXE (http://ipxe.org) 00:03.0 CA00 PCI2.10 PnP PMM+BEFD0EF0+BEF30EF0 CA00
Press Ctrl-B to configure iPXE (PCI 00:03.0)...
                                                                               
iPXE (http://ipxe.org) 00:04.0 CB00 PCI2.10 PnP PMM BEFD0EF0 BEF30EF0 CB00
Press Ctrl-B to configure iPXE (PCI 00:04.0)...
                                                                               
Booting from ROM..
[?7l
[0mSeaBIOS (version rel-1.16.2-0-gea1b7a073390-prebuilt.qemu.org)
iPXE (http://ipxe.org) 00:03.0 CA00 PCI2.10 PnP PMM+BEFD0EF0+BEF30EF0 CA00
Press Ctrl-B to configure iPXE (PCI 00:03.0)...
                                                                               
iPXE (http://ipxe.org) 00:04.0 CB00 PCI2.10 PnP PMM BEFD0EF0 BEF30EF0 CB00
Press Ctrl-B to configure iPXE (PCI 00:04.0)...
                                                                               
Booting from ROM..
[?7l
[0mSeaBIOS (version rel-1.16.2-0-gea1b7a073390-prebuilt.qemu.org)
iPXE (http://ipxe.org) 00:03.0 CA00 PCI2.10 PnP PMM+BEFD0EF0+BEF30EF0 CA00
Press Ctrl-B to configure iPXE (PCI 00:03.0)...
                                                                               
iPXE (http://ipxe.org) 00:04.0 CB00 PCI2.10 PnP PMM BEFD0EF0 BEF30EF0 CB00
Press Ctrl-B to configure iPXE (PCI 00:04.0)...
                                                                               
Booting from ROM..
[?7l
[0mSeaBIOS (version rel-1.16.2-0-gea1b7a073390-prebuilt.qemu.org)
iPXE (http://ipxe.org) 00:03.0 CA00 PCI2.10 PnP PMM+BEFD0EF0+BEF30EF0 CA00
Press Ctrl-B to configure iPXE (PCI 00:03.0)...
                                                                               
iPXE (http://ipxe.org) 00:04.0 CB00 PCI2.10 PnP PMM BEFD0EF0 BEF30EF0 CB00
Press Ctrl-B to configure iPXE (PCI 00:04.0)...
                                                                               
Booting from ROM..
[?7l
[0mSeaBIOS (version rel-1.16.2-0-gea1b7a073390-prebuilt.qemu.org)
iPXE (http://ipxe.org) 00:03.0 CA00 PCI2.10 PnP PMM+BEFD0EF0+BEF30EF0 CA00
Press Ctrl-B to configure iPXE (PCI 00:03.0)...
                                                                               
iPXE (http://ipxe.org) 00:04.0 CB00 PCI2.10 PnP PMM BEFD0EF0 BEF30EF0 CB00
Press Ctrl-B to configure iPXE (PCI 00:04.0)...
                                                                               
Booting from ROM..
[?7l
[0mSeaBIOS (version rel-1.16.2-0-gea1b7a073390-prebuilt.qemu.org)
iPXE (http://ipxe.org) 00:03.0 CA00 PCI2.10 PnP PMM+BEFD0EF0+BEF30EF0 CA00
Press Ctrl-B to configure iPXE (PCI 00:03.0)...
                                                                               
iPXE (http://ipxe.org) 00:04.0 CB00 PCI2.10 PnP PMM BEFD0EF0 BEF30EF0 CB00
Press Ctrl-B to configure iPXE (PCI 00:04.0)...
                                                                               
Booting from ROM..
[?7l
[0mSeaBIOS (version rel-1.16.2-0-gea1b7a073390-prebuilt.qemu.org)
iPXE (http://ipxe.org) 00:03.0 CA00 PCI2.10 PnP PMM+BEFD0EF0+BEF30EF0 CA00
Press Ctrl-B to configure iPXE (PCI 00:03.0)...
                                                                               
iPXE (http://ipxe.org) 00:04.0 CB00 PCI2.10 PnP PMM BEFD0EF0 BEF30EF0 CB00
Press Ctrl-B to configure iPXE (PCI 00:04.0)...
                                                                               
Booting from ROM..
[?7l
[0mSeaBIOS (version rel-1.16.2-0-gea1b7a073390-prebuilt.qemu.org)
iPXE (http://ipxe.org) 00:03.0 CA00 PCI2.10 PnP PMM+BEFD0EF0+BEF30EF0 CA00
Press Ctrl-B to configure iPXE (PCI 00:03.0)...
                                                                               
iPXE (http://ipxe.org) 00:04.0 CB00 PCI2.10 PnP PMM BEFD0EF0 BEF30EF0 CB00
Press Ctrl-B to configure iPXE (PCI 00:04.0)...
                                                                               
Booting from ROM..
[?7l
[0mSeaBIOS (version rel-1.16.2-0-gea1b7a073390-prebuilt.qemu.org)
iPXE (http://ipxe.org) 00:03.0 CA00 PCI2.10 PnP PMM+BEFD0EF0+BEF30EF0 CA00
Press Ctrl-B to configure iPXE (PCI 00:03.0)...
                                                                               
iPXE (http://ipxe.org) 00:04.0 CB00 PCI2.10 PnP PMM BEFD0EF0 BEF30EF0 CB00
Press Ctrl-B to configure iPXE (PCI 00:04.0)...
                                                                               
Booting from ROM..
[?7l
[0mSeaBIOS (version rel-1.16.2-0-gea1b7a073390-prebuilt.qemu.org)
iPXE (http://ipxe.org) 00:03.0 CA00 PCI2.10 PnP PMM+BEFD0EF0+BEF30EF0 CA00
Press Ctrl-B to configure iPXE (PCI 00:03.0)...
                                                                               
iPXE (http://ipxe.org) 00:04.0 CB00 PCI2.10 PnP PMM BEFD0EF0 BEF30EF0 CB00
Press Ctrl-B to configure iPXE (PCI 00:04.0)...
                                                                               
Booting from ROM..
[?7l
[0mSeaBIOS (version rel-1.16.2-0-gea1b7a073390-prebuilt.qemu.org)
iPXE (http://ipxe.org) 00:03.0 CA00 PCI2.10 PnP PMM+BEFD0EF0+BEF30EF0 CA00
Press Ctrl-B to configure iPXE (PCI 00:03.0)...
                                                                               
iPXE (http://ipxe.org) 00:04.0 CB00 PCI2.10 PnP PMM BEFD0EF0 BEF30EF0 CB00
Press Ctrl-B to configure iPXE (PCI 00:04.0)...
                                                                               
Booting from ROM..
[?7l
[0mSeaBIOS (version rel-1.16.2-0-gea1b7a073390-prebuilt.qemu.org)
iPXE (http://ipxe.org) 00:03.0 CA00 PCI2.10 PnP PMM+BEFD0EF0+BEF30EF0 CA00
Press Ctrl-B to configure iPXE (PCI 00:03.0)...
                                                                               
iPXE (http://ipxe.org) 00:04.0 CB00 PCI2.10 PnP PMM BEFD0EF0 BEF30EF0 CB00
Press Ctrl-B to configure iPXE (PCI 00:04.0)...
                                                                               
Booting from ROM..
[?7l
[0mSeaBIOS (version rel-1.16.2-0-gea1b7a073390-prebuilt.qemu.org)
iPXE (http://ipxe.org) 00:03.0 CA00 PCI2.10 PnP PMM+BEFD0EF0+BEF30EF0 CA00
Press Ctrl-B to configure iPXE (PCI 00:03.0)...
                                                                               
iPXE (http://ipxe.org) 00:04.0 CB00 PCI2.10 PnP PMM BEFD0EF0 BEF30EF0 CB00
Press Ctrl-B to configure iPXE (PCI 00:04.0)...
                                                                               
Booting from ROM..
[?7l
[0mSeaBIOS (version rel-1.16.2-0-gea1b7a073390-prebuilt.qemu.org)
iPXE (http://ipxe.org) 00:03.0 CA00 PCI2.10 PnP PMM+BEFD0EF0+BEF30EF0 CA00
Press Ctrl-B to configure iPXE (PCI 00:03.0)...
                                                                               
iPXE (http://ipxe.org) 00:04.0 CB00 PCI2.10 PnP PMM BEFD0EF0 BEF30EF0 CB00
Press Ctrl-B to configure iPXE (PCI 00:04.0)...
                                                                               
Booting from ROM..
[?7l
[0mSeaBIOS (version rel-1.16.2-0-gea1b7a073390-prebuilt.qemu.org)
iPXE (http://ipxe.org) 00:03.0 CA00 PCI2.10 PnP PMM+BEFD0EF0+BEF30EF0 CA00
Press Ctrl-B to configure iPXE (PCI 00:03.0)...
                                                                               
iPXE (http://ipxe.org) 00:04.0 CB00 PCI2.10 PnP PMM BEFD0EF0 BEF30EF0 CB00
Press Ctrl-B to configure iPXE (PCI 00:04.0)...
                                                                               
Booting from ROM..
[?7l
[0mSeaBIOS (version rel-1.16.2-0-gea1b7a073390-prebuilt.qemu.org)
iPXE (http://ipxe.org) 00:03.0 CA00 PCI2.10 PnP PMM+BEFD0EF0+BEF30EF0 CA00
Press Ctrl-B to configure iPXE (PCI 00:03.0)...
                                                                               
iPXE (http://ipxe.org) 00:04.0 CB00 PCI2.10 PnP PMM BEFD0EF0 BEF30EF0 CB00
Press Ctrl-B to configure iPXE (PCI 00:04.0)...
                                                                               
Booting from ROM..
[?7l
[0mSeaBIOS (version rel-1.16.2-0-gea1b7a073390-prebuilt.qemu.org)
iPXE (http://ipxe.org) 00:03.0 CA00 PCI2.10 PnP PMM+BEFD0EF0+BEF30EF0 CA00
Press Ctrl-B to configure iPXE (PCI 00:03.0)...
                                                                               
iPXE (http://ipxe.org) 00:04.0 CB00 PCI2.10 PnP PMM BEFD0EF0 BEF30EF0 CB00
Press Ctrl-B to configure iPXE (PCI 00:04.0)...
                                                                               
Booting from ROM..
[?7l
[0mSeaBIOS (version rel-1.16.2-0-gea1b7a073390-prebuilt.qemu.org)
iPXE (http://ipxe.org) 00:03.0 CA00 PCI2.10 PnP PMM+BEFD0EF0+BEF30EF0 CA00
Press Ctrl-B to configure iPXE (PCI 00:03.0)...
                                                                               
iPXE (http://ipxe.org) 00:04.0 CB00 PCI2.10 PnP PMM BEFD0EF0 BEF30EF0 CB00
Press Ctrl-B to configure iPXE (PCI 00:04.0)...
                                                                               
Booting from ROM..
[?7l
[0mSeaBIOS (version rel-1.16.2-0-gea1b7a073390-prebuilt.qemu.org)
iPXE (http://ipxe.org) 00:03.0 CA00 PCI2.10 PnP PMM+BEFD0EF0+BEF30EF0 CA00
Press Ctrl-B to configure iPXE (PCI 00:03.0)...
                                                                               
iPXE (http://ipxe.org) 00:04.0 CB00 PCI2.10 PnP PMM BEFD0EF0 BEF30EF0 CB00
Press Ctrl-B to configure iPXE (PCI 00:04.0)...
                                                                               
Booting from ROM..
[?7l
[0mSeaBIOS (version rel-1.16.2-0-gea1b7a073390-prebuilt.qemu.org)
iPXE (http://ipxe.org) 00:03.0 CA00 PCI2.10 PnP PMM+BEFD0EF0+BEF30EF0 CA00
Press Ctrl-B to configure iPXE (PCI 00:03.0)...
                                                                               
iPXE (http://ipxe.org) 00:04.0 CB00 PCI2.10 PnP PMM BEFD0EF0 BEF30EF0 CB00
Press Ctrl-B to configure iPXE (PCI 00:04.0)...
                                                                               
Booting from ROM..
[?7l
[0mSeaBIOS (version rel-1.16.2-0-gea1b7a073390-prebuilt.qemu.org)
iPXE (http://ipxe.org) 00:03.0 CA00 PCI2.10 PnP PMM+BEFD0EF0+BEF30EF0 CA00
Press Ctrl-B to configure iPXE (PCI 00:03.0)...
                                                                               
iPXE (http://ipxe.org) 00:04.0 CB00 PCI2.10 PnP PMM BEFD0EF0 BEF30EF0 CB00
Press Ctrl-B to configure iPXE (PCI 00:04.0)...
                                                                               
Booting from ROM..
[?7l
[0mSeaBIOS (version rel-1.16.2-0-gea1b7a073390-prebuilt.qemu.org)
iPXE (http://ipxe.org) 00:03.0 CA00 PCI2.10 PnP PMM+BEFD0EF0+BEF30EF0 CA00
Press Ctrl-B to configure iPXE (PCI 00:03.0)...
                                                                               
iPXE (http://ipxe.org) 00:04.0 CB00 PCI2.10 PnP PMM BEFD0EF0 BEF30EF0 CB00
Press Ctrl-B to configure iPXE (PCI 00:04.0)...
                                                                               
Booting from ROM..
[?7l
[0mSeaBIOS (version rel-1.16.2-0-gea1b7a073390-prebuilt.qemu.org)
iPXE (http://ipxe.org) 00:03.0 CA00 PCI2.10 PnP PMM+BEFD0EF0+BEF30EF0 CA00
Press Ctrl-B to configure iPXE (PCI 00:03.0)...
                                                                               
iPXE (http://ipxe.org) 00:04.0 CB00 PCI2.10 PnP PMM BEFD0EF0 BEF30EF0 CB00
Press Ctrl-B to configure iPXE (PCI 00:04.0)...
                                                                               
Booting from ROM..
[?7l
[0mSeaBIOS (version rel-1.16.2-0-gea1b7a073390-prebuilt.qemu.org)
iPXE (http://ipxe.org) 00:03.0 CA00 PCI2.10 PnP PMM+BEFD0EF0+BEF30EF0 CA00
Press Ctrl-B to configure iPXE (PCI 00:03.0)...
                                                                               
iPXE (http://ipxe.org) 00:04.0 CB00 PCI2.10 PnP PMM BEFD0EF0 BEF30EF0 CB00
Press Ctrl-B to configure iPXE (PCI 00:04.0)...
                                                                               
Booting from ROM..
[?7l
[0mSeaBIOS (version rel-1.16.2-0-gea1b7a073390-prebuilt.qemu.org)
iPXE (http://ipxe.org) 00:03.0 CA00 PCI2.10 PnP PMM+BEFD0EF0+BEF30EF0 CA00
Press Ctrl-B to configure iPXE (PCI 00:03.0)...
                                                                               
iPXE (http://ipxe.org) 00:04.0 CB00 PCI2.10 PnP PMM BEFD0EF0 BEF30EF0 CB00
Press Ctrl-B to configure iPXE (PCI 00:04.0)...
                                                                               
Booting from ROM..
[?7l
[0mSeaBIOS (version rel-1.16.2-0-gea1b7a073390-prebuilt.qemu.org)
iPXE (http://ipxe.org) 00:03.0 CA00 PCI2.10 PnP PMM+BEFD0EF0+BEF30EF0 CA00
Press Ctrl-B to configure iPXE (PCI 00:03.0)...
                                                                               
iPXE (http://ipxe.org) 00:04.0 CB00 PCI2.10 PnP PMM BEFD0EF0 BEF30EF0 CB00
Press Ctrl-B to configure iPXE (PCI 00:04.0)...
                                                                               
Booting from ROM..
[?7l
[0mSeaBIOS (version rel-1.16.2-0-gea1b7a073390-prebuilt.qemu.org)
iPXE (http://ipxe.org) 00:03.0 CA00 PCI2.10 PnP PMM+BEFD0EF0+BEF30EF0 CA00
Press Ctrl-B to configure iPXE (PCI 00:03.0)...
                                                                               
iPXE (http://ipxe.org) 00:04.0 CB00 PCI2.10 PnP PMM BEFD0EF0 BEF30EF0 CB00
Press Ctrl-B to configure iPXE (PCI 00:04.0)...
                                                                               
Booting from ROM..
[?7l
[0mSeaBIOS (version rel-1.16.2-0-gea1b7a073390-prebuilt.qemu.org)
iPXE (http://ipxe.org) 00:03.0 CA00 PCI2.10 PnP PMM+BEFD0EF0+BEF30EF0 CA00
Press Ctrl-B to configure iPXE (PCI 00:03.0)...
                                                                               
iPXE (http://ipxe.org) 00:04.0 CB00 PCI2.10 PnP PMM BEFD0EF0 BEF30EF0 CB00
Press Ctrl-B to configure iPXE (PCI 00:04.0)...
                                                                               
Booting from ROM..
[?7l
[0mSeaBIOS (version rel-1.16.2-0-gea1b7a073390-prebuilt.qemu.org)
iPXE (http://ipxe.org) 00:03.0 CA00 PCI2.10 PnP PMM+BEFD0EF0+BEF30EF0 CA00
Press Ctrl-B to configure iPXE (PCI 00:03.0)...
                                                                               
iPXE (http://ipxe.org) 00:04.0 CB00 PCI2.10 PnP PMM BEFD0EF0 BEF30EF0 CB00
Press Ctrl-B to configure iPXE (PCI 00:04.0)...
                                                                               
Booting from ROM..
[?7l
[0mSeaBIOS (version rel-1.16.2-0-gea1b7a073390-prebuilt.qemu.org)
iPXE (http://ipxe.org) 00:03.0 CA00 PCI2.10 PnP PMM+BEFD0EF0+BEF30EF0 CA00
Press Ctrl-B to configure iPXE (PCI 00:03.0)...
                                                                               
iPXE (http://ipxe.org) 00:04.0 CB00 PCI2.10 PnP PMM BEFD0EF0 BEF30EF0 CB00
Press Ctrl-B to configure iPXE (PCI 00:04.0)...
                                                                               
Booting from ROM..
[?7l
[0mSeaBIOS (version rel-1.16.2-0-gea1b7a073390-prebuilt.qemu.org)
iPXE (http://ipxe.org) 00:03.0 CA00 PCI2.10 PnP PMM+BEFD0EF0+BEF30EF0 CA00
Press Ctrl-B to configure iPXE (PCI 00:03.0)...
                                                                               
iPXE (http://ipxe.org) 00:04.0 CB00 PCI2.10 PnP PMM BEFD0EF0 BEF30EF0 CB00
Press Ctrl-B to configure iPXE (PCI 00:04.0)...
                                                                               
Booting from ROM..
[?7l
[0mSeaBIOS (version rel-1.16.2-0-gea1b7a073390-prebuilt.qemu.org)
iPXE (http://ipxe.org) 00:03.0 CA00 PCI2.10 PnP PMM+BEFD0EF0+BEF30EF0 CA00
Press Ctrl-B to configure iPXE (PCI 00:03.0)...
                                                                               
iPXE (http://ipxe.org) 00:04.0 CB00 PCI2.10 PnP PMM BEFD0EF0 BEF30EF0 CB00
Press Ctrl-B to configure iPXE (PCI 00:04.0)...
                                                                               
Booting from ROM..
[?7l
[0mSeaBIOS (version rel-1.16.2-0-gea1b7a073390-prebuilt.qemu.org)
iPXE (http://ipxe.org) 00:03.0 CA00 PCI2.10 PnP PMM+BEFD0EF0+BEF30EF0 CA00
Press Ctrl-B to configure iPXE (PCI 00:03.0)...
                                                                               
iPXE (http://ipxe.org) 00:04.0 CB00 PCI2.10 PnP PMM BEFD0EF0 BEF30EF0 CB00
Press Ctrl-B to configure iPXE (PCI 00:04.0)...
                                                                               
Booting from ROM..
[?7l
[0mSeaBIOS (version rel-1.16.2-0-gea1b7a073390-prebuilt.qemu.org)
iPXE (http://ipxe.org) 00:03.0 CA00 PCI2.10 PnP PMM+BEFD0EF0+BEF30EF0 CA00
Press Ctrl-B to configure iPXE (PCI 00:03.0)...
                                                                               
iPXE (http://ipxe.org) 00:04.0 CB00 PCI2.10 PnP PMM BEFD0EF0 BEF30EF0 CB00
Press Ctrl-B to configure iPXE (PCI 00:04.0)...
                                                                               
Booting from ROM..
[?7l
[0mSeaBIOS (version rel-1.16.2-0-gea1b7a073390-prebuilt.qemu.org)
iPXE (http://ipxe.org) 00:03.0 CA00 PCI2.10 PnP PMM+BEFD0EF0+BEF30EF0 CA00
Press Ctrl-B to configure iPXE (PCI 00:03.0)...
                                                                               
iPXE (http://ipxe.org) 00:04.0 CB00 PCI2.10 PnP PMM BEFD0EF0 BEF30EF0 CB00
Press Ctrl-B to configure iPXE (PCI 00:04.0)...
                                                                               
Booting from ROM..
[?7l
[0mSeaBIOS (version rel-1.16.2-0-gea1b7a073390-prebuilt.qemu.org)
iPXE (http://ipxe.org) 00:03.0 CA00 PCI2.10 PnP PMM+BEFD0EF0+BEF30EF0 CA00
Press Ctrl-B to configure iPXE (PCI 00:03.0)...
                                                                               
iPXE (http://ipxe.org) 00:04.0 CB00 PCI2.10 PnP PMM BEFD0EF0 BEF30EF0 CB00
Press Ctrl-B to configure iPXE (PCI 00:04.0)...
                                                                               
Booting from ROM..
[?7l
[0mSeaBIOS (version rel-1.16.2-0-gea1b7a073390-prebuilt.qemu.org)
iPXE (http://ipxe.org) 00:03.0 CA00 PCI2.10 PnP PMM+BEFD0EF0+BEF30EF0 CA00
Press Ctrl-B to configure iPXE (PCI 00:03.0)...
                                                                               
iPXE (http://ipxe.org) 00:04.0 CB00 PCI2.10 PnP PMM BEFD0EF0 BEF30EF0 CB00
Press Ctrl-B to configure iPXE (PCI 00:04.0)...
                                                                               
Booting from ROM..
[?7l
[0mSeaBIOS (version rel-1.16.2-0-gea1b7a073390-prebuilt.qemu.org)
iPXE (http://ipxe.org) 00:03.0 CA00 PCI2.10 PnP PMM+BEFD0EF0+BEF30EF0 CA00
Press Ctrl-B to configure iPXE (PCI 00:03.0)...
                                                                               
iPXE (http://ipxe.org) 00:04.0 CB00 PCI2.10 PnP PMM BEFD0EF0 BEF30EF0 CB00
Press Ctrl-B to configure iPXE (PCI 00:04.0)...
                                                                               
Booting from ROM..
[?7l
[0mSeaBIOS (version rel-1.16.2-0-gea1b7a073390-prebuilt.qemu.org)
iPXE (http://ipxe.org) 00:03.0 CA00 PCI2.10 PnP PMM+BEFD0EF0+BEF30EF0 CA00
Press Ctrl-B to configure iPXE (PCI 00:03.0)...
                                                                               
iPXE (http://ipxe.org) 00:04.0 CB00 PCI2.10 PnP PMM BEFD0EF0 BEF30EF0 CB00
Press Ctrl-B to configure iPXE (PCI 00:04.0)...
                                                                               
Booting from ROM..
[?7l
[0mSeaBIOS (version rel-1.16.2-0-gea1b7a073390-prebuilt.qemu.org)
iPXE (http://ipxe.org) 00:03.0 CA00 PCI2.10 PnP PMM+BEFD0EF0+BEF30EF0 CA00
Press Ctrl-B to configure iPXE (PCI 00:03.0)...
                                                                               
iPXE (http://ipxe.org) 00:04.0 CB00 PCI2.10 PnP PMM BEFD0EF0 BEF30EF0 CB00
Press Ctrl-B to configure iPXE (PCI 00:04.0)...
                                                                               
Booting from ROM..
[?7l
[0mSeaBIOS (version rel-1.16.2-0-gea1b7a073390-prebuilt.qemu.org)
iPXE (http://ipxe.org) 00:03.0 CA00 PCI2.10 PnP PMM+BEFD0EF0+BEF30EF0 CA00
Press Ctrl-B to configure iPXE (PCI 00:03.0)...
                                                                               
iPXE (http://ipxe.org) 00:04.0 CB00 PCI2.10 PnP PMM BEFD0EF0 BEF30EF0 CB00
Press Ctrl-B to configure iPXE (PCI 00:04.0)...
                                                                               
Booting from ROM..
[?7l
[0mSeaBIOS (version rel-1.16.2-0-gea1b7a073390-prebuilt.qemu.org)
iPXE (http://ipxe.org) 00:03.0 CA00 PCI2.10 PnP PMM+BEFD0EF0+BEF30EF0 CA00
Press Ctrl-B to configure iPXE (PCI 00:03.0)...
                                                                               
iPXE (http://ipxe.org) 00:04.0 CB00 PCI2.10 PnP PMM BEFD0EF0 BEF30EF0 CB00
Press Ctrl-B to configure iPXE (PCI 00:04.0)...
                                                                               
Booting from ROM..
[?7l
[0mSeaBIOS (version rel-1.16.2-0-gea1b7a073390-prebuilt.qemu.org)
iPXE (http://ipxe.org) 00:03.0 CA00 PCI2.10 PnP PMM+BEFD0EF0+BEF30EF0 CA00
Press Ctrl-B to configure iPXE (PCI 00:03.0)...
                                                                               
iPXE (http://ipxe.org) 00:04.0 CB00 PCI2.10 PnP PMM BEFD0EF0 BEF30EF0 CB00
Press Ctrl-B to configure iPXE (PCI 00:04.0)...
                                                                               
Booting from ROM..
[?7l
[0mSeaBIOS (version rel-1.16.2-0-gea1b7a073390-prebuilt.qemu.org)
iPXE (http://ipxe.org) 00:03.0 CA00 PCI2.10 PnP PMM+BEFD0EF0+BEF30EF0 CA00
Press Ctrl-B to configure iPXE (PCI 00:03.0)...
                                                                               
iPXE (http://ipxe.org) 00:04.0 CB00 PCI2.10 PnP PMM BEFD0EF0 BEF30EF0 CB00
Press Ctrl-B to configure iPXE (PCI 00:04.0)...
                                                                               
Booting from ROM..
[?7l
[0mSeaBIOS (version rel-1.16.2-0-gea1b7a073390-prebuilt.qemu.org)
iPXE (http://ipxe.org) 00:03.0 CA00 PCI2.10 PnP PMM+BEFD0EF0+BEF30EF0 CA00
Press Ctrl-B to configure iPXE (PCI 00:03.0)...
                                                                               
iPXE (http://ipxe.org) 00:04.0 CB00 PCI2.10 PnP PMM BEFD0EF0 BEF30EF0 CB00
Press Ctrl-B to configure iPXE (PCI 00:04.0)...
                                                                              
