Startup trace (nsec): main: 161974736786
Startup trace (nsec): init done: 161978165912
Rx rate: 0
While executing 'Script@4 :: Script':
  no 'from.reset' write handler
Rx rate: 822016.574586
While executing 'Script@4 :: Script':
  no 'from.reset' write handler
Rx rate: 818221
While executing 'Script@4 :: Script':
  no 'from.reset' write handler
Rx rate: 818234
While executing 'Script@4 :: Script':
  no 'from.reset' write handler
Rx rate: 817472
While executing 'Script@4 :: Script':
  no 'from.reset' write handler
Rx rate: 818130
While executing 'Script@4 :: Script':
  no 'from.reset' write handler
Rx rate: 818639
While executing 'Script@4 :: Script':
  no 'from.reset' write handler
Rx rate: 816119.88012
While executing 'Script@4 :: Script':
  no 'from.reset' write handler
Rx rate: 818654
While executing 'Script@4 :: Script':
  no 'from.reset' write handler
Rx rate: 818293
While executing 'Script@4 :: Script':
  no 'from.reset' write handler
Rx rate: 818707
While executing 'Script@4 :: Script':
  no 'from.reset' write handler
Rx rate: 818529
While executing 'Script@4 :: Script':
  no 'from.reset' write handler
Rx rate: 818767
While executing 'Script@4 :: Script':
  no 'from.reset' write handler
Rx rate: 818594
While executing 'Script@4 :: Script':
  no 'from.reset' write handler
Rx rate: 817639
While executing 'Script@4 :: Script':
  no 'from.reset' write handler
Rx rate: 817962
While executing 'Script@4 :: Script':
  no 'from.reset' write handler
Rx rate: 818589
While executing 'Script@4 :: Script':
  no 'from.reset' write handler
Rx rate: 816443
While executing 'Script@4 :: Script':
  no 'from.reset' write handler
Rx rate: 818778
While executing 'Script@4 :: Script':
  no 'from.reset' write handler
Rx rate: 818376
While executing 'Script@4 :: Script':
  no 'from.reset' write handler
Rx rate: 818386
While executing 'Script@4 :: Script':
  no 'from.reset' write handler
Rx rate: 818604
While executing 'Script@4 :: Script':
  no 'from.reset' write handler
Rx rate: 818596
While executing 'Script@4 :: Script':
  no 'from.reset' write handler
Rx rate: 818466
While executing 'Script@4 :: Script':
  no 'from.reset' write handler
Rx rate: 817596
While executing 'Script@4 :: Script':
  no 'from.reset' write handler
Rx rate: 818160
While executing 'Script@4 :: Script':
  no 'from.reset' write handler
Rx rate: 818424
While executing 'Script@4 :: Script':
  no 'from.reset' write handler
Rx rate: 816674
While executing 'Script@4 :: Script':
  no 'from.reset' write handler
Rx rate: 818246.753247
While executing 'Script@4 :: Script':
  no 'from.reset' write handler
Rx rate: 818388
While executing 'Script@4 :: Script':
  no 'from.reset' write handler
Rx rate: 818498
While executing 'Script@4 :: Script':
  no 'from.reset' write handler
Rx rate: 818357
While executing 'Script@4 :: Script':
  no 'from.reset' write handler
Rx rate: 818327
While executing 'Script@4 :: Script':
  no 'from.reset' write handler
Rx rate: 818190
While executing 'Script@4 :: Script':
  no 'from.reset' write handler
Rx rate: 817399
While executing 'Script@4 :: Script':
  no 'from.reset' write handler
Rx rate: 818056
While executing 'Script@4 :: Script':
  no 'from.reset' write handler
Rx rate: 818462
While executing 'Script@4 :: Script':
  no 'from.reset' write handler
Rx rate: 816725
While executing 'Script@4 :: Script':
  no 'from.reset' write handler
Rx rate: 818617
While executing 'Script@4 :: Script':
  no 'from.reset' write handler
Rx rate: 818432
While executing 'Script@4 :: Script':
  no 'from.reset' write handler
Rx rate: 817770.22977
While executing 'Script@4 :: Script':
  no 'from.reset' write handler
Rx rate: 818520
While executing 'Script@4 :: Script':
  no 'from.reset' write handler
Rx rate: 818592
While executing 'Script@4 :: Script':
  no 'from.reset' write handler
Rx rate: 818562
While executing 'Script@4 :: Script':
  no 'from.reset' write handler
Rx rate: 817766
While executing 'Script@4 :: Script':
  no 'from.reset' write handler
Rx rate: 818056
While executing 'Script@4 :: Script':
  no 'from.reset' write handler
Rx rate: 818578
While executing 'Script@4 :: Script':
  no 'from.reset' write handler
Rx rate: 818747
While executing 'Script@4 :: Script':
  no 'from.reset' write handler
Rx rate: 816707
While executing 'Script@4 :: Script':
  no 'from.reset' write handler
Rx rate: 818430
While executing 'Script@4 :: Script':
  no 'from.reset' write handler
Rx rate: 818336
While executing 'Script@4 :: Script':
  no 'from.reset' write handler
Rx rate: 818352
While executing 'Script@4 :: Script':
  no 'from.reset' write handler
Rx rate: 818599
While executing 'Script@4 :: Script':
  no 'from.reset' write handler
Rx rate: 818503
While executing 'Script@4 :: Script':
  no 'from.reset' write handler
Rx rate: 817821
While executing 'Script@4 :: Script':
  no 'from.reset' write handler
Rx rate: 818169
While executing 'Script@4 :: Script':
  no 'from.reset' write handler
Rx rate: 817492
While executing 'Script@4 :: Script':
  no 'from.reset' write handler
Rx rate: 818594
While executing 'Script@4 :: Script':
  no 'from.reset' write handler
Rx rate: 817000
While executing 'Script@4 :: Script':
  no 'from.reset' write handler
Rx rate: 817572.427572
While executing 'Script@4 :: Script':
  no 'from.reset' write handler
Rx rate: 818818
While executing 'Script@4 :: Script':
  no 'from.reset' write handler
Rx rate: 818460
While executing 'Script@4 :: Script':
  no 'from.reset' write handler
Rx rate: 818748
While executing 'Script@4 :: Script':
  no 'from.reset' write handler
Rx rate: 818278
While executing 'Script@4 :: Script':
  no 'from.reset' write handler
Rx rate: 817755
While executing 'Script@4 :: Script':
  no 'from.reset' write handler
Rx rate: 818289
While executing 'Script@4 :: Script':
  no 'from.reset' write handler
Rx rate: 818372
While executing 'Script@4 :: Script':
  no 'from.reset' write handler
Rx rate: 818512
While executing 'Script@4 :: Script':
  no 'from.reset' write handler
Rx rate: 816887
While executing 'Script@4 :: Script':
  no 'from.reset' write handler
Rx rate: 818496
While executing 'Script@4 :: Script':
  no 'from.reset' write handler
Rx rate: 818370
While executing 'Script@4 :: Script':
  no 'from.reset' write handler
Rx rate: 817759.240759
While executing 'Script@4 :: Script':
  no 'from.reset' write handler
Rx rate: 818605
While executing 'Script@4 :: Script':
  no 'from.reset' write handler
AUTOTEST_DONE
