Startup trace (nsec): main: 85434342252
Startup trace (nsec): init done: 85438172368
Rx rate: 0
While executing 'Script@5 :: Script':
  no 'from.reset' write handler
Rx rate: 129500
While executing 'Script@5 :: Script':
  no 'from.reset' write handler
Rx rate: 130784.722222
While executing 'Script@5 :: Script':
  no 'from.reset' write handler
Rx rate: 130664.335664
While executing 'Script@5 :: Script':
  no 'from.reset' write handler
Rx rate: 130911.793855
While executing 'Script@5 :: Script':
  no 'from.reset' write handler
Rx rate: 130917.412935
While executing 'Script@5 :: Script':
  no 'from.reset' write handler
Rx rate: 130652.818991
While executing 'Script@5 :: Script':
  no 'from.reset' write handler
Rx rate: 130663.672655
While executing 'Script@5 :: Script':
  no 'from.reset' write handler
Rx rate: 130400.596421
While executing 'Script@5 :: Script':
  no 'from.reset' write handler
Rx rate: 130533.932136
While executing 'Script@5 :: Script':
  no 'from.reset' write handler
Rx rate: 130789.840637
While executing 'Script@5 :: Script':
  no 'from.reset' write handler
Rx rate: 129888.111888
While executing 'Script@5 :: Script':
  no 'from.reset' write handler
Rx rate: 130405.594406
While executing 'Script@5 :: Script':
  no 'from.reset' write handler
Rx rate: 130533.932136
While executing 'Script@5 :: Script':
  no 'from.reset' write handler
Rx rate: 130405.594406
While executing 'Script@5 :: Script':
  no 'from.reset' write handler
Rx rate: 130795
While executing 'Script@5 :: Script':
  no 'from.reset' write handler
Rx rate: 130666
While executing 'Script@5 :: Script':
  no 'from.reset' write handler
Rx rate: 130405.594406
While executing 'Script@5 :: Script':
  no 'from.reset' write handler
Rx rate: 130664.335664
While executing 'Script@5 :: Script':
  no 'from.reset' write handler
Rx rate: 130793.206793
While executing 'Script@5 :: Script':
  no 'from.reset' write handler
Rx rate: 130535.464535
While executing 'Script@5 :: Script':
  no 'from.reset' write handler
Rx rate: 130406
While executing 'Script@5 :: Script':
  no 'from.reset' write handler
Rx rate: 130405.594406
While executing 'Script@5 :: Script':
  no 'from.reset' write handler
Rx rate: 130536
While executing 'Script@5 :: Script':
  no 'from.reset' write handler
Rx rate: 130535.464535
While executing 'Script@5 :: Script':
  no 'from.reset' write handler
Rx rate: 130665
While executing 'Script@5 :: Script':
  no 'from.reset' write handler
Rx rate: 130666
While executing 'Script@5 :: Script':
  no 'from.reset' write handler
Rx rate: 130795
While executing 'Script@5 :: Script':
  no 'from.reset' write handler
Rx rate: 130405.594406
While executing 'Script@5 :: Script':
  no 'from.reset' write handler
Rx rate: 130536
While executing 'Script@5 :: Script':
  no 'from.reset' write handler
Rx rate: 130923.076923
While executing 'Script@5 :: Script':
  no 'from.reset' write handler
Rx rate: 130793.206793
While executing 'Script@5 :: Script':
  no 'from.reset' write handler
Rx rate: 130536
While executing 'Script@5 :: Script':
  no 'from.reset' write handler
Rx rate: 130276.723277
While executing 'Script@5 :: Script':
  no 'from.reset' write handler
Rx rate: 130534.465534
While executing 'Script@5 :: Script':
  no 'from.reset' write handler
Rx rate: 130536
While executing 'Script@5 :: Script':
  no 'from.reset' write handler
Rx rate: 130536
While executing 'Script@5 :: Script':
  no 'from.reset' write handler
Rx rate: 130795
While executing 'Script@5 :: Script':
  no 'from.reset' write handler
Rx rate: 130146.853147
While executing 'Script@5 :: Script':
  no 'from.reset' write handler
Rx rate: 130666
While executing 'Script@5 :: Script':
  no 'from.reset' write handler
Rx rate: 130665
While executing 'Script@5 :: Script':
  no 'from.reset' write handler
Rx rate: 129889
While executing 'Script@5 :: Script':
  no 'from.reset' write handler
Rx rate: 130795
While executing 'Script@5 :: Script':
  no 'from.reset' write handler
Rx rate: 130793.206793
While executing 'Script@5 :: Script':
  no 'from.reset' write handler
Rx rate: 130664.335664
While executing 'Script@5 :: Script':
  no 'from.reset' write handler
Rx rate: 130664.335664
While executing 'Script@5 :: Script':
  no 'from.reset' write handler
Rx rate: 130666
While executing 'Script@5 :: Script':
  no 'from.reset' write handler
Rx rate: 130795
While executing 'Script@5 :: Script':
  no 'from.reset' write handler
Rx rate: 130793.206793
While executing 'Script@5 :: Script':
  no 'from.reset' write handler
Rx rate: 130795
While executing 'Script@5 :: Script':
  no 'from.reset' write handler
Rx rate: 130923.076923
While executing 'Script@5 :: Script':
  no 'from.reset' write handler
Rx rate: 131313
While executing 'Script@5 :: Script':
  no 'from.reset' write handler
Rx rate: 130535.464535
While executing 'Script@5 :: Script':
  no 'from.reset' write handler
Rx rate: 130664.335664
While executing 'Script@5 :: Script':
  no 'from.reset' write handler
Rx rate: 130923.076923
While executing 'Script@5 :: Script':
  no 'from.reset' write handler
Rx rate: 130534.465534
While executing 'Script@5 :: Script':
  no 'from.reset' write handler
Rx rate: 130666
While executing 'Script@5 :: Script':
  no 'from.reset' write handler
Rx rate: 130665
While executing 'Script@5 :: Script':
  no 'from.reset' write handler
Rx rate: 130795
While executing 'Script@5 :: Script':
  no 'from.reset' write handler
Rx rate: 130536
While executing 'Script@5 :: Script':
  no 'from.reset' write handler
Rx rate: 130795
While executing 'Script@5 :: Script':
  no 'from.reset' write handler
Rx rate: 130666
While executing 'Script@5 :: Script':
  no 'from.reset' write handler
Rx rate: 130016.983017
While executing 'Script@5 :: Script':
  no 'from.reset' write handler
Rx rate: 130276.723277
While executing 'Script@5 :: Script':
  no 'from.reset' write handler
Rx rate: 130665
While executing 'Script@5 :: Script':
  no 'from.reset' write handler
Rx rate: 130664.335664
While executing 'Script@5 :: Script':
  no 'from.reset' write handler
Rx rate: 130666
While executing 'Script@5 :: Script':
  no 'from.reset' write handler
Rx rate: 130536
While executing 'Script@5 :: Script':
  no 'from.reset' write handler
Rx rate: 130795
While executing 'Script@5 :: Script':
  no 'from.reset' write handler
Rx rate: 130665
While executing 'Script@5 :: Script':
  no 'from.reset' write handler
Rx rate: 130795
While executing 'Script@5 :: Script':
  no 'from.reset' write handler
Rx rate: 130407
While executing 'Script@5 :: Script':
  no 'from.reset' write handler
Rx rate: 130534.465534
While executing 'Script@5 :: Script':
  no 'from.reset' write handler
AUTOTEST_DONE
