SimpleQueue@7 :: SimpleQueue: overflow
Startup trace (nsec): main: 162050936636
Startup trace (nsec): init done: 162054180287
Rx rate: 204413.793103   TxExt rate: 202841.37931   TxInt rate: 202841.37931
While executing 'Script@11 :: Script':
  no 'from_device.reset' write handler
Rx rate: 209845.771144   TxExt rate: 207903.482587   TxInt rate: 207903.482587
While executing 'Script@11 :: Script':
  no 'from_device.reset' write handler
Rx rate: 211908.457711   TxExt rate: 209301.492537   TxInt rate: 209301.492537
While executing 'Script@11 :: Script':
  no 'from_device.reset' write handler
Rx rate: 214025.948104   TxExt rate: 211751.497006   TxInt rate: 211751.497006
While executing 'Script@11 :: Script':
  no 'from_device.reset' write handler
Rx rate: 216039.92016   TxExt rate: 213395.209581   TxInt rate: 213395.209581
While executing 'Script@11 :: Script':
  no 'from_device.reset' write handler
Rx rate: 212960   TxExt rate: 210893   TxInt rate: 210893
While executing 'Script@11 :: Script':
  no 'from_device.reset' write handler
Rx rate: 211739   TxExt rate: 209782   TxInt rate: 209782
While executing 'Script@11 :: Script':
  no 'from_device.reset' write handler
Rx rate: 215000.999001   TxExt rate: 213345.654346   TxInt rate: 213345.654346
While executing 'Script@11 :: Script':
  no 'from_device.reset' write handler
Rx rate: 212738   TxExt rate: 210855   TxInt rate: 210855
While executing 'Script@11 :: Script':
  no 'from_device.reset' write handler
Rx rate: 213381   TxExt rate: 211637   TxInt rate: 211637
While executing 'Script@11 :: Script':
  no 'from_device.reset' write handler
Rx rate: 213926.073926   TxExt rate: 211961.038961   TxInt rate: 211961.038961
While executing 'Script@11 :: Script':
  no 'from_device.reset' write handler
Rx rate: 215194   TxExt rate: 213191   TxInt rate: 213191
While executing 'Script@11 :: Script':
  no 'from_device.reset' write handler
Rx rate: 215969   TxExt rate: 212514   TxInt rate: 212514
While executing 'Script@11 :: Script':
  no 'from_device.reset' write handler
Rx rate: 213470   TxExt rate: 210672   TxInt rate: 210672
While executing 'Script@11 :: Script':
  no 'from_device.reset' write handler
Rx rate: 213244.755245   TxExt rate: 210775   TxInt rate: 210775
While executing 'Script@11 :: Script':
  no 'from_device.reset' write handler
Rx rate: 212270   TxExt rate: 210417   TxInt rate: 210417
While executing 'Script@11 :: Script':
  no 'from_device.reset' write handler
Rx rate: 211327.672328   TxExt rate: 209384.615385   TxInt rate: 209384.615385
While executing 'Script@11 :: Script':
  no 'from_device.reset' write handler
Rx rate: 215516   TxExt rate: 213387   TxInt rate: 213387
While executing 'Script@11 :: Script':
  no 'from_device.reset' write handler
Rx rate: 214333   TxExt rate: 212239   TxInt rate: 212239
While executing 'Script@11 :: Script':
  no 'from_device.reset' write handler
Rx rate: 212409   TxExt rate: 210667   TxInt rate: 210667
While executing 'Script@11 :: Script':
  no 'from_device.reset' write handler
Rx rate: 211496.503497   TxExt rate: 209603.396603   TxInt rate: 209603.396603
While executing 'Script@11 :: Script':
  no 'from_device.reset' write handler
Rx rate: 213073   TxExt rate: 211426   TxInt rate: 211426
While executing 'Script@11 :: Script':
  no 'from_device.reset' write handler
Rx rate: 214503   TxExt rate: 210932   TxInt rate: 210932
While executing 'Script@11 :: Script':
  no 'from_device.reset' write handler
Rx rate: 213910   TxExt rate: 211193   TxInt rate: 211193
While executing 'Script@11 :: Script':
  no 'from_device.reset' write handler
Rx rate: 211417.582418   TxExt rate: 208869.130869   TxInt rate: 208869.130869
While executing 'Script@11 :: Script':
  no 'from_device.reset' write handler
Rx rate: 212206   TxExt rate: 210222   TxInt rate: 210222
While executing 'Script@11 :: Script':
  no 'from_device.reset' write handler
Rx rate: 213697   TxExt rate: 211839   TxInt rate: 211839
While executing 'Script@11 :: Script':
  no 'from_device.reset' write handler
Rx rate: 211795   TxExt rate: 209856   TxInt rate: 209856
While executing 'Script@11 :: Script':
  no 'from_device.reset' write handler
Rx rate: 212866   TxExt rate: 210857   TxInt rate: 210857
While executing 'Script@11 :: Script':
  no 'from_device.reset' write handler
Rx rate: 210471.528472   TxExt rate: 208429.57043   TxInt rate: 208429.57043
While executing 'Script@11 :: Script':
  no 'from_device.reset' write handler
Rx rate: 211180   TxExt rate: 209176   TxInt rate: 209176
While executing 'Script@11 :: Script':
  no 'from_device.reset' write handler
Rx rate: 213111   TxExt rate: 211259   TxInt rate: 211259
While executing 'Script@11 :: Script':
  no 'from_device.reset' write handler
Rx rate: 215520   TxExt rate: 211918   TxInt rate: 211918
While executing 'Script@11 :: Script':
  no 'from_device.reset' write handler
Rx rate: 212779   TxExt rate: 210279   TxInt rate: 210279
While executing 'Script@11 :: Script':
  no 'from_device.reset' write handler
Rx rate: 212076   TxExt rate: 209826   TxInt rate: 209826
While executing 'Script@11 :: Script':
  no 'from_device.reset' write handler
Rx rate: 211171   TxExt rate: 209185   TxInt rate: 209185
While executing 'Script@11 :: Script':
  no 'from_device.reset' write handler
Rx rate: 214420   TxExt rate: 212411   TxInt rate: 212411
While executing 'Script@11 :: Script':
  no 'from_device.reset' write handler
Rx rate: 215774   TxExt rate: 213906   TxInt rate: 213906
While executing 'Script@11 :: Script':
  no 'from_device.reset' write handler
Rx rate: 212464   TxExt rate: 210741   TxInt rate: 210741
While executing 'Script@11 :: Script':
  no 'from_device.reset' write handler
Rx rate: 211463   TxExt rate: 209411   TxInt rate: 209411
While executing 'Script@11 :: Script':
  no 'from_device.reset' write handler
Rx rate: 211039   TxExt rate: 209058   TxInt rate: 209058
While executing 'Script@11 :: Script':
  no 'from_device.reset' write handler
Rx rate: 212092   TxExt rate: 210077   TxInt rate: 210077
While executing 'Script@11 :: Script':
  no 'from_device.reset' write handler
Rx rate: 214157   TxExt rate: 211534   TxInt rate: 211534
While executing 'Script@11 :: Script':
  no 'from_device.reset' write handler
Rx rate: 214505   TxExt rate: 211691   TxInt rate: 211691
While executing 'Script@11 :: Script':
  no 'from_device.reset' write handler
Rx rate: 213222   TxExt rate: 210334   TxInt rate: 210334
While executing 'Script@11 :: Script':
  no 'from_device.reset' write handler
Rx rate: 209408   TxExt rate: 207322   TxInt rate: 207322
While executing 'Script@11 :: Script':
  no 'from_device.reset' write handler
Rx rate: 212379   TxExt rate: 210567   TxInt rate: 210567
While executing 'Script@11 :: Script':
  no 'from_device.reset' write handler
Rx rate: 211549.450549   TxExt rate: 209680.31968   TxInt rate: 209680.31968
While executing 'Script@11 :: Script':
  no 'from_device.reset' write handler
Rx rate: 212959   TxExt rate: 211023   TxInt rate: 211023
While executing 'Script@11 :: Script':
  no 'from_device.reset' write handler
Rx rate: 212236   TxExt rate: 210322   TxInt rate: 210322
While executing 'Script@11 :: Script':
  no 'from_device.reset' write handler
Rx rate: 214054.945055   TxExt rate: 212219.78022   TxInt rate: 212219.78022
While executing 'Script@11 :: Script':
  no 'from_device.reset' write handler
Rx rate: 213645   TxExt rate: 211632   TxInt rate: 211632
While executing 'Script@11 :: Script':
  no 'from_device.reset' write handler
Rx rate: 215205   TxExt rate: 213180   TxInt rate: 213180
While executing 'Script@11 :: Script':
  no 'from_device.reset' write handler
Rx rate: 215482   TxExt rate: 211157   TxInt rate: 211157
While executing 'Script@11 :: Script':
  no 'from_device.reset' write handler
Rx rate: 212282   TxExt rate: 209414   TxInt rate: 209414
While executing 'Script@11 :: Script':
  no 'from_device.reset' write handler
Rx rate: 208530   TxExt rate: 206516   TxInt rate: 206516
While executing 'Script@11 :: Script':
  no 'from_device.reset' write handler
Rx rate: 210319.68032   TxExt rate: 208452.547453   TxInt rate: 208452.547453
While executing 'Script@11 :: Script':
  no 'from_device.reset' write handler
Rx rate: 213463   TxExt rate: 211425   TxInt rate: 211425
While executing 'Script@11 :: Script':
  no 'from_device.reset' write handler
Rx rate: 212840   TxExt rate: 210754   TxInt rate: 210754
While executing 'Script@11 :: Script':
  no 'from_device.reset' write handler
Rx rate: 215088   TxExt rate: 213297   TxInt rate: 213297
While executing 'Script@11 :: Script':
  no 'from_device.reset' write handler
Rx rate: 211131   TxExt rate: 209095   TxInt rate: 209095
While executing 'Script@11 :: Script':
  no 'from_device.reset' write handler
Rx rate: 210304.695305   TxExt rate: 208337.662338   TxInt rate: 208337.662338
While executing 'Script@11 :: Script':
  no 'from_device.reset' write handler
Rx rate: 212203   TxExt rate: 210225   TxInt rate: 210225
While executing 'Script@11 :: Script':
  no 'from_device.reset' write handler
Rx rate: 213812   TxExt rate: 210521   TxInt rate: 210521
While executing 'Script@11 :: Script':
  no 'from_device.reset' write handler
Rx rate: 213753   TxExt rate: 211057   TxInt rate: 211057
While executing 'Script@11 :: Script':
  no 'from_device.reset' write handler
Rx rate: 209905.094905   TxExt rate: 208090.909091   TxInt rate: 208090.909091
While executing 'Script@11 :: Script':
  no 'from_device.reset' write handler
Rx rate: 212559   TxExt rate: 210646   TxInt rate: 210646
While executing 'Script@11 :: Script':
  no 'from_device.reset' write handler
Rx rate: 214617   TxExt rate: 212732   TxInt rate: 212732
While executing 'Script@11 :: Script':
  no 'from_device.reset' write handler
Rx rate: 215694.305694   TxExt rate: 213944.055944   TxInt rate: 213944.055944
While executing 'Script@11 :: Script':
  no 'from_device.reset' write handler
Rx rate: 212294   TxExt rate: 210393   TxInt rate: 210393
While executing 'Script@11 :: Script':
  no 'from_device.reset' write handler
Rx rate: 211969.030969   TxExt rate: 210166.833167   TxInt rate: 210166.833167
While executing 'Script@11 :: Script':
  no 'from_device.reset' write handler
Rx rate: 212179   TxExt rate: 210249   TxInt rate: 210249
While executing 'Script@11 :: Script':
  no 'from_device.reset' write handler
AUTOTEST_DONE
