/tmp/linux.click:2: While initializing 'from_device :: FromDevice':
  warning: ens7: no IPv4 address assigned
SimpleQueue@7 :: SimpleQueue: overflow
Startup trace (nsec): main: 8860669463
Startup trace (nsec): init done: 8870104274
Rx rate: 312623.906706   TxExt rate: 309577.259475   TxInt rate: 309577.259475
While executing 'Script@11 :: Script':
  no 'from_device.reset' write handler
Rx rate: 262575.124378   TxExt rate: 260320.39801   TxInt rate: 260320.39801
While executing 'Script@11 :: Script':
  no 'from_device.reset' write handler
Rx rate: 272978.065803   TxExt rate: 270585.244267   TxInt rate: 270585.244267
While executing 'Script@11 :: Script':
  no 'from_device.reset' write handler
Rx rate: 294735.792622   TxExt rate: 292468.594217   TxInt rate: 292468.594217
While executing 'Script@11 :: Script':
  no 'from_device.reset' write handler
Rx rate: 282831.168831   TxExt rate: 280188.811189   TxInt rate: 280188.811189
While executing 'Script@11 :: Script':
  no 'from_device.reset' write handler
Rx rate: 294441.117764   TxExt rate: 291797.40519   TxInt rate: 291797.40519
While executing 'Script@11 :: Script':
  no 'from_device.reset' write handler
Rx rate: 292900.0999   TxExt rate: 289817.182817   TxInt rate: 289817.182817
While executing 'Script@11 :: Script':
  no 'from_device.reset' write handler
Rx rate: 272423   TxExt rate: 268272   TxInt rate: 268272
While executing 'Script@11 :: Script':
  no 'from_device.reset' write handler
Rx rate: 291491.508492   TxExt rate: 288994.005994   TxInt rate: 288994.005994
While executing 'Script@11 :: Script':
  no 'from_device.reset' write handler
Rx rate: 291741.258741   TxExt rate: 289260.739261   TxInt rate: 289260.739261
While executing 'Script@11 :: Script':
  no 'from_device.reset' write handler
Rx rate: 291669   TxExt rate: 289138   TxInt rate: 289138
While executing 'Script@11 :: Script':
  no 'from_device.reset' write handler
Rx rate: 283147   TxExt rate: 280824   TxInt rate: 280824
While executing 'Script@11 :: Script':
  no 'from_device.reset' write handler
Rx rate: 290964.035964   TxExt rate: 288615.384615   TxInt rate: 288615.384615
While executing 'Script@11 :: Script':
  no 'from_device.reset' write handler
Rx rate: 291509.490509   TxExt rate: 289104.895105   TxInt rate: 289104.895105
While executing 'Script@11 :: Script':
  no 'from_device.reset' write handler
Rx rate: 281947   TxExt rate: 279435   TxInt rate: 279435
While executing 'Script@11 :: Script':
  no 'from_device.reset' write handler
Rx rate: 290143   TxExt rate: 287555   TxInt rate: 287555
While executing 'Script@11 :: Script':
  no 'from_device.reset' write handler
Rx rate: 291985.014985   TxExt rate: 288432.567433   TxInt rate: 288432.567433
While executing 'Script@11 :: Script':
  no 'from_device.reset' write handler
Rx rate: 284639   TxExt rate: 279649   TxInt rate: 279649
While executing 'Script@11 :: Script':
  no 'from_device.reset' write handler
Rx rate: 292342   TxExt rate: 289889   TxInt rate: 289889
While executing 'Script@11 :: Script':
  no 'from_device.reset' write handler
Rx rate: 295329.67033   TxExt rate: 292788.211788   TxInt rate: 292788.211788
While executing 'Script@11 :: Script':
  no 'from_device.reset' write handler
Rx rate: 277096   TxExt rate: 274832   TxInt rate: 274832
While executing 'Script@11 :: Script':
  no 'from_device.reset' write handler
Rx rate: 292557   TxExt rate: 289933   TxInt rate: 289933
While executing 'Script@11 :: Script':
  no 'from_device.reset' write handler
Rx rate: 291033.966034   TxExt rate: 288545.454545   TxInt rate: 288545.454545
While executing 'Script@11 :: Script':
  no 'from_device.reset' write handler
Rx rate: 280012   TxExt rate: 277614   TxInt rate: 277614
While executing 'Script@11 :: Script':
  no 'from_device.reset' write handler
Rx rate: 292650   TxExt rate: 290099   TxInt rate: 290099
While executing 'Script@11 :: Script':
  no 'from_device.reset' write handler
Rx rate: 292852.147852   TxExt rate: 290349.65035   TxInt rate: 290349.65035
While executing 'Script@11 :: Script':
  no 'from_device.reset' write handler
Rx rate: 291980   TxExt rate: 288858   TxInt rate: 288858
While executing 'Script@11 :: Script':
  no 'from_device.reset' write handler
Rx rate: 278499   TxExt rate: 273913   TxInt rate: 273913
While executing 'Script@11 :: Script':
  no 'from_device.reset' write handler
Rx rate: 289606   TxExt rate: 287186   TxInt rate: 287186
While executing 'Script@11 :: Script':
  no 'from_device.reset' write handler
Rx rate: 292052   TxExt rate: 289532   TxInt rate: 289532
While executing 'Script@11 :: Script':
  no 'from_device.reset' write handler
Rx rate: 290661   TxExt rate: 288203   TxInt rate: 288203
While executing 'Script@11 :: Script':
  no 'from_device.reset' write handler
Rx rate: 292391   TxExt rate: 289969   TxInt rate: 289969
While executing 'Script@11 :: Script':
  no 'from_device.reset' write handler
Rx rate: 291686   TxExt rate: 289121   TxInt rate: 289121
While executing 'Script@11 :: Script':
  no 'from_device.reset' write handler
Rx rate: 291914   TxExt rate: 289670   TxInt rate: 289670
While executing 'Script@11 :: Script':
  no 'from_device.reset' write handler
Rx rate: 290343   TxExt rate: 287744   TxInt rate: 287744
While executing 'Script@11 :: Script':
  no 'from_device.reset' write handler
Rx rate: 291987   TxExt rate: 289467   TxInt rate: 289467
While executing 'Script@11 :: Script':
  no 'from_device.reset' write handler
Rx rate: 291792   TxExt rate: 288648   TxInt rate: 288648
While executing 'Script@11 :: Script':
  no 'from_device.reset' write handler
Rx rate: 291807.192807   TxExt rate: 286676.323676   TxInt rate: 286676.323676
While executing 'Script@11 :: Script':
  no 'from_device.reset' write handler
Rx rate: 290383   TxExt rate: 287963   TxInt rate: 287963
While executing 'Script@11 :: Script':
  no 'from_device.reset' write handler
Rx rate: 292297   TxExt rate: 289934   TxInt rate: 289934
While executing 'Script@11 :: Script':
  no 'from_device.reset' write handler
Rx rate: 290309   TxExt rate: 287778   TxInt rate: 287778
While executing 'Script@11 :: Script':
  no 'from_device.reset' write handler
Rx rate: 292335   TxExt rate: 289896   TxInt rate: 289896
While executing 'Script@11 :: Script':
  no 'from_device.reset' write handler
Rx rate: 293333   TxExt rate: 290711   TxInt rate: 290711
While executing 'Script@11 :: Script':
  no 'from_device.reset' write handler
Rx rate: 292380.619381   TxExt rate: 289786.213786   TxInt rate: 289786.213786
While executing 'Script@11 :: Script':
  no 'from_device.reset' write handler
Rx rate: 289719   TxExt rate: 287332   TxInt rate: 287332
While executing 'Script@11 :: Script':
  no 'from_device.reset' write handler
Rx rate: 293579   TxExt rate: 290983   TxInt rate: 290983
While executing 'Script@11 :: Script':
  no 'from_device.reset' write handler
Rx rate: 289293   TxExt rate: 285968   TxInt rate: 285968
While executing 'Script@11 :: Script':
  no 'from_device.reset' write handler
Rx rate: 290896.103896   TxExt rate: 286316.683317   TxInt rate: 286316.683317
While executing 'Script@11 :: Script':
  no 'from_device.reset' write handler
Rx rate: 291266   TxExt rate: 288634   TxInt rate: 288634
While executing 'Script@11 :: Script':
  no 'from_device.reset' write handler
Rx rate: 292917   TxExt rate: 290350   TxInt rate: 290350
While executing 'Script@11 :: Script':
  no 'from_device.reset' write handler
Rx rate: 291225   TxExt rate: 288675   TxInt rate: 288675
While executing 'Script@11 :: Script':
  no 'from_device.reset' write handler
Rx rate: 292946   TxExt rate: 290321   TxInt rate: 290321
While executing 'Script@11 :: Script':
  no 'from_device.reset' write handler
Rx rate: 294251.748252   TxExt rate: 291796.203796   TxInt rate: 291796.203796
While executing 'Script@11 :: Script':
  no 'from_device.reset' write handler
Rx rate: 292997   TxExt rate: 290529   TxInt rate: 290529
While executing 'Script@11 :: Script':
  no 'from_device.reset' write handler
Rx rate: 290794   TxExt rate: 288329   TxInt rate: 288329
While executing 'Script@11 :: Script':
  no 'from_device.reset' write handler
Rx rate: 290418   TxExt rate: 287928   TxInt rate: 287928
While executing 'Script@11 :: Script':
  no 'from_device.reset' write handler
Rx rate: 289385   TxExt rate: 286109   TxInt rate: 286109
While executing 'Script@11 :: Script':
  no 'from_device.reset' write handler
Rx rate: 292834   TxExt rate: 289667   TxInt rate: 289667
While executing 'Script@11 :: Script':
  no 'from_device.reset' write handler
Rx rate: 293586   TxExt rate: 290060   TxInt rate: 290060
While executing 'Script@11 :: Script':
  no 'from_device.reset' write handler
Rx rate: 292683   TxExt rate: 290066   TxInt rate: 290066
While executing 'Script@11 :: Script':
  no 'from_device.reset' write handler
Rx rate: 292494   TxExt rate: 289867   TxInt rate: 289867
While executing 'Script@11 :: Script':
  no 'from_device.reset' write handler
Rx rate: 291678   TxExt rate: 289128   TxInt rate: 289128
While executing 'Script@11 :: Script':
  no 'from_device.reset' write handler
Rx rate: 293962   TxExt rate: 291507   TxInt rate: 291507
While executing 'Script@11 :: Script':
  no 'from_device.reset' write handler
Rx rate: 289544   TxExt rate: 286989   TxInt rate: 286989
While executing 'Script@11 :: Script':
  no 'from_device.reset' write handler
Rx rate: 292024   TxExt rate: 289559   TxInt rate: 289559
While executing 'Script@11 :: Script':
  no 'from_device.reset' write handler
Rx rate: 291524   TxExt rate: 288894   TxInt rate: 288894
While executing 'Script@11 :: Script':
  no 'from_device.reset' write handler
Rx rate: 293968.031968   TxExt rate: 290749.250749   TxInt rate: 290749.250749
While executing 'Script@11 :: Script':
  no 'from_device.reset' write handler
Rx rate: 291168.831169   TxExt rate: 288000.999001   TxInt rate: 288000.999001
While executing 'Script@11 :: Script':
  no 'from_device.reset' write handler
Rx rate: 294488   TxExt rate: 290603   TxInt rate: 290603
While executing 'Script@11 :: Script':
  no 'from_device.reset' write handler
Rx rate: 291294.705295   TxExt rate: 288802.197802   TxInt rate: 288802.197802
While executing 'Script@11 :: Script':
  no 'from_device.reset' write handler
Rx rate: 295352   TxExt rate: 292836   TxInt rate: 292836
While executing 'Script@11 :: Script':
  no 'from_device.reset' write handler
Rx rate: 290866   TxExt rate: 288257   TxInt rate: 288257
While executing 'Script@11 :: Script':
  no 'from_device.reset' write handler
AUTOTEST_DONE
