                                                                      mpps                                                                      
                                                                     count      mean       std       min       25%       50%       75%       max
repetitions num_vms direction interface size vnf    system                                                                                      
3           1       rx        vpp       64   empty  linux            207.0  0.896123  0.011413  0.844529  0.892714  0.897175  0.901643  0.921779
                                                    uk                93.0  2.665122  0.041693  2.582645  2.640720  2.662656  2.691225  2.751626
                                                    ukebpfjit_nompk   82.0  2.654058  0.038091  2.590522  2.625340  2.649147  2.680280  2.744949
                                             filter linux            207.0  0.853322  0.011489  0.807173  0.849963  0.854103  0.859843  0.884108
                                                    uk                84.0  2.257539  0.007087  2.241856  2.252213  2.257493  2.263768  2.269617
                                                    ukebpfjit_nompk   86.0  2.220709  0.010801  2.189724  2.210385  2.224514  2.227768  2.262115
                                             ids    linux            207.0  0.694298  0.009250  0.659882  0.690494  0.694539  0.700466  0.721241
                                                    uk                80.0  1.350704  0.012854  1.331570  1.338606  1.350394  1.364385  1.383458
                                                    ukebpfjit_nompk   87.0  1.589555  0.008180  1.573827  1.582281  1.589557  1.596122  1.605245
                                             mirror linux            204.0  0.222745  0.005733  0.201306  0.219698  0.223204  0.226830  0.231948
                                                    uk                84.0  1.116260  0.012940  1.092754  1.104231  1.115883  1.127301  1.139630
                                                    ukebpfjit_nompk   83.0  1.075953  0.007773  1.051748  1.071828  1.076915  1.080135  1.093507
                                             nat    uk                39.0  1.023897  0.003958  1.016942  1.020450  1.025054  1.027435  1.030200
                                                    ukebpfjit_nompk   30.0  0.918098  0.009271  0.906925  0.909922  0.916156  0.922105  0.939660
                                        256  empty  linux            207.0  0.920417  0.010976  0.838339  0.917671  0.922308  0.926290  0.933721
                                                    uk                82.0  2.354651  0.026328  2.295774  2.337251  2.349255  2.368190  2.420375
                                                    ukebpfjit_nompk   87.0  2.382366  0.031912  2.316878  2.358216  2.379095  2.402018  2.453483
                                             filter linux            207.0  0.871295  0.017908  0.814565  0.853599  0.880881  0.885868  0.893549
                                                    uk                81.0  2.055434  0.007333  2.039771  2.050427  2.054167  2.061621  2.074014
                                                    ukebpfjit_nompk   81.0  2.017016  0.009623  1.999833  2.006713  2.020526  2.025270  2.030464
                                             ids    linux            207.0  0.427435  0.005205  0.400932  0.425697  0.428217  0.430199  0.436674
                                                    uk                25.0  0.582329  0.006542  0.576760  0.577174  0.578152  0.590665  0.591579
                                                    ukebpfjit_nompk   23.0  0.741116  0.006962  0.727207  0.740587  0.741301  0.746534  0.747795
                                             mirror linux            204.0  0.268188  0.004675  0.247368  0.266115  0.268575  0.271840  0.275650
                                                    uk                83.0  1.111967  0.011644  1.086433  1.101702  1.113993  1.122069  1.131540
                                                    ukebpfjit_nompk   83.0  1.044544  0.010500  1.021391  1.036003  1.045910  1.052267  1.068160
                                             nat    uk                53.0  0.986855  0.004214  0.975694  0.983888  0.987126  0.989834  0.994548
                                                    ukebpfjit_nompk   41.0  0.899563  0.009948  0.879276  0.893855  0.902967  0.906883  0.916561
                                        1024 empty  linux            207.0  0.986986  0.011967  0.922209  0.983117  0.985895  0.997038  1.001616
                                                    uk               201.0  1.199591  0.000992  1.195586  1.199077  1.200194  1.200238  1.200608
                                                    ukebpfjit_nompk  201.0  1.199552  0.001099  1.193016  1.199041  1.200143  1.200206  1.202590
                                             filter linux            207.0  0.920826  0.011175  0.850052  0.919341  0.922817  0.925964  0.950615
                                                    uk               201.0  1.199388  0.001148  1.194332  1.198906  1.200052  1.200139  1.203685
                                                    ukebpfjit_nompk  201.0  1.199395  0.001081  1.195570  1.199007  1.200099  1.200198  1.200376
                                             ids    linux            207.0  0.126996  0.001448  0.118762  0.126654  0.127169  0.127687  0.131441
                                                    uk                12.0  0.196411  0.000803  0.195077  0.196165  0.196792  0.196939  0.197057
                                                    ukebpfjit_nompk   18.0  0.267924  0.001098  0.266224  0.266857  0.268232  0.268310  0.269563
                                             mirror linux            204.0  0.213309  0.003298  0.201999  0.211317  0.213016  0.215101  0.223840
                                                    uk                76.0  0.990411  0.012483  0.973633  0.980918  0.984447  1.004870  1.015721
                                                    ukebpfjit_nompk   76.0  0.953300  0.006372  0.937056  0.949202  0.952739  0.957576  0.969341
                                             nat    uk                71.0  0.845515  0.001343  0.841965  0.844769  0.845645  0.846322  0.848511
                                                    ukebpfjit_nompk   53.0  0.770864  0.005700  0.758273  0.766769  0.769360  0.774648  0.782938
                                        1508 empty  linux            207.0  0.818077  0.000833  0.812814  0.817916  0.818382  0.818561  0.819275
                                                    uk               201.0  0.819574  0.000667  0.817266  0.819198  0.819957  0.820011  0.820131
                                                    ukebpfjit_nompk  201.0  0.819555  0.000661  0.817308  0.819184  0.819949  0.820014  0.820077
                                             filter linux            207.0  0.817948  0.001441  0.808561  0.817792  0.818464  0.818611  0.819515
                                                    uk               201.0  0.819497  0.000670  0.817032  0.819151  0.819933  0.819988  0.820077
                                                    ukebpfjit_nompk  201.0  0.819515  0.000766  0.816608  0.819172  0.819971  0.820002  0.820066
                                             ids    linux            207.0  0.130508  0.000872  0.124972  0.130534  0.130665  0.130795  0.131939
                                                    uk                 7.0  0.138644  0.000544  0.138056  0.138069  0.139011  0.139084  0.139139
                                                    ukebpfjit_nompk   14.0  0.192942  0.000564  0.192183  0.192344  0.193323  0.193396  0.193526
                                             mirror linux            204.0  0.295627  0.004590  0.272423  0.292675  0.296906  0.298829  0.302300
                                                    uk               201.0  0.819106  0.003177  0.775500  0.819024  0.819626  0.819859  0.821844
                                                    ukebpfjit_nompk  201.0  0.819214  0.000824  0.816953  0.818993  0.819424  0.819766  0.820371
                                             nat    uk               160.0  0.831246  0.000881  0.827417  0.830830  0.831441  0.831902  0.832647
                                                    ukebpfjit_nompk   51.0  0.781052  0.006264  0.767740  0.776086  0.781821  0.785436  0.795751
                    tx        vpp       64   empty  linux            210.0  0.774285  0.009777  0.737459  0.764554  0.777573  0.781944  0.792414
                                                    uk               210.0  1.312737  0.005984  1.301392  1.308220  1.311003  1.316770  1.326459
                                                    ukebpfjit_nompk  210.0  1.303917  0.022339  1.274171  1.283233  1.296779  1.332754  1.339720
                                             filter linux            210.0  0.757845  0.028519  0.354599  0.755727  0.760731  0.764013  0.770052
                                                    uk               210.0  1.267590  0.014788  1.244057  1.253307  1.264877  1.283224  1.293467
                                                    ukebpfjit_nompk  210.0  1.227305  0.015818  1.198650  1.207585  1.234205  1.240004  1.247797
                                             ids    linux            210.0  0.693001  0.009881  0.667048  0.684461  0.691349  0.702408  0.712010
                                                    uk               210.0  1.025727  0.025407  0.987509  0.991360  1.037855  1.046527  1.054636
                                                    ukebpfjit_nompk  210.0  1.094853  0.006404  1.082623  1.089930  1.094270  1.100912  1.106902
                                        256  empty  linux            210.0  0.771830  0.007841  0.755094  0.764905  0.772065  0.778549  0.787435
                                                    uk               210.0  1.301421  0.007615  1.285345  1.294114  1.301878  1.308284  1.314401
                                                    ukebpfjit_nompk  210.0  1.288948  0.012770  1.263174  1.279228  1.292319  1.299743  1.309484
                                             filter linux            210.0  0.760679  0.005398  0.740301  0.758054  0.761133  0.764658  0.770583
                                                    uk               210.0  1.257250  0.027404  1.222253  1.229226  1.251046  1.292149  1.297088
                                                    ukebpfjit_nompk  210.0  1.198406  0.017977  1.170302  1.177651  1.199838  1.218272  1.223481
                                             ids    linux            210.0  0.538411  0.002974  0.527716  0.536547  0.538550  0.540352  0.546174
                                                    uk               210.0  0.554900  0.001966  0.549613  0.553698  0.554751  0.556135  0.560079
                                                    ukebpfjit_nompk  210.0  0.657887  0.007339  0.647823  0.651027  0.655791  0.666975  0.669459
                                        1024 empty  linux            210.0  0.721830  0.006026  0.707014  0.717197  0.722802  0.726415  0.734906
                                                    uk               210.0  1.194559  0.006883  1.182144  1.188230  1.193977  1.201554  1.211268
                                                    ukebpfjit_nompk  210.0  1.197443  0.009137  1.178452  1.191783  1.195810  1.205209  1.211271
                                             filter linux            210.0  0.702551  0.033797  0.232937  0.695383  0.707964  0.712077  0.720561
                                                    uk               210.0  1.175577  0.012421  1.155945  1.161418  1.176464  1.189058  1.193396
                                                    ukebpfjit_nompk  210.0  1.131777  0.018134  1.102575  1.109287  1.136943  1.148739  1.157348
                                             ids    linux            210.0  0.265187  0.001504  0.258182  0.264384  0.265224  0.266055  0.269699
                                                    uk               210.0  0.192088  0.000293  0.191234  0.191876  0.192066  0.192313  0.192717
                                                    ukebpfjit_nompk  210.0  0.256863  0.008681  0.132674  0.256177  0.257822  0.258368  0.259024
                                        1508 empty  linux            210.0  0.701197  0.016410  0.673139  0.680341  0.710022  0.713724  0.722464
                                                    uk               210.0  0.824495  0.000184  0.823557  0.824550  0.824551  0.824551  0.824592
                                                    ukebpfjit_nompk  210.0  0.824480  0.000236  0.823545  0.824550  0.824552  0.824553  0.824576
                                             filter linux            210.0  0.695785  0.021819  0.387372  0.694304  0.696923  0.700482  0.707734
                                                    uk               210.0  0.824501  0.000171  0.823558  0.824550  0.824552  0.824553  0.824567
                                                    ukebpfjit_nompk  210.0  0.824486  0.000226  0.823554  0.824550  0.824551  0.824552  0.824570
                                             ids    linux            210.0  0.208645  0.001005  0.204902  0.207929  0.208723  0.209385  0.210787
                                                    uk               210.0  0.135863  0.000417  0.135189  0.135426  0.135886  0.136235  0.136596
                                                    ukebpfjit_nompk  210.0  0.185257  0.000416  0.184080  0.184894  0.185343  0.185577  0.185955