Time,Device,Direction,PacketRate,Mbit,MbitWithFraming,TotalPackets,TotalBytes
1748711148,Device: id=0,RX,0.82455094118006,9868.2375681436,10000.165718732,829000,1240185496
1748711148,Device: id=0,TX,0,0,0,0,0
1748711149,Device: id=0,RX,0.82455183091044,9868.2363123361,10000.164605282,1654454,2475064680
1748711149,Device: id=0,TX,0,0,0,0,0
1748711150,Device: id=0,RX,0.82451445796727,9867.7771268362,9999.699440111,2483254,3714947984
1748711150,Device: id=0,TX,0,0,0,0,0
1748711151,Device: id=0,RX,0.82455890938813,9868.332926792,10000.262352294,3312578,4955618184
1748711151,Device: id=0,TX,0,0,0,0,0
1748711152,Device: id=0,RX,0.82455367065669,9868.2583304193,10000.186917724,4141476,6195649592
1748711152,Device: id=0,TX,0,0,0,0,0
1748711153,Device: id=0,RX,0.82453925016946,9868.0738409761,10000.000121003,4970375,7435681000
1748711153,Device: id=0,TX,0,0,0,0,0
1748711154,Device: id=0,RX,0.8245511737236,9868.228447124,10000.15663492,5799560,8676141760
1748711154,Device: id=0,TX,0,0,0,0,0
1748711155,Device: id=0,RX,0.8245500662794,9868.2151932318,10000.143203837,6628354,9916017584
1748711155,Device: id=0,TX,0,0,0,0,0
1748711156,Device: id=0,RX,0.82455351942807,9868.2684266063,10000.196989715,7457195,11155965216
1748711156,Device: id=0,TX,0,0,0,0,0
1748711157,Device: id=0,RX,0.82454715937374,9868.168499784,10000.096045284,8286203,12396159688
1748711157,Device: id=0,TX,0,0,0,0,0
1748711158,Device: id=0,RX,0.82456438353001,9868.4817011422,10000.412002507,9115836,13637302624
1748711158,Device: id=0,TX,0,0,0,0,0
1748711159,Device: id=0,RX,0.82453700578084,9868.0112782015,9999.9371991264,9944963,14877670632
1748711159,Device: id=0,TX,0,0,0,0,0
1748711160,Device: id=0,RX,0.82356601902332,9856.4024012214,9988.1729642651,10772900,16116259896
1748711160,Device: id=0,TX,0,0,0,0,0
1748711161,Device: id=0,RX,0.82454660726882,9868.1737957933,10000.101252956,11602384,17357167960
1748711161,Device: id=0,TX,0,0,0,0,0
1748711162,Device: id=0,RX,0.8245507031888,9868.2109108909,10000.139023401,12431307,18597235272
1748711162,Device: id=0,TX,0,0,0,0,0
1748711163,Device: id=0,RX,0.82455210226114,9868.2395598614,10000.167896223,13260275,19837371400
1748711163,Device: id=0,TX,0,0,0,0,0
1748711164,Device: id=0,RX,0.82454841102723,9868.207288588,10000.135034352,14089158,21077381864
1748711164,Device: id=0,TX,0,0,0,0,0
1748711165,Device: id=0,RX,0.8245505981368,9868.2453507924,10000.173446494,14918689,22318363232
1748711165,Device: id=0,TX,0,0,0,0,0
1748711166,Device: id=0,RX,0.82455177118241,9868.1998792271,10000.128162616,15747528,23558301888
1748711166,Device: id=0,TX,0,0,0,0,0
1748711167,Device: id=0,RX,0.8245487880619,9868.2118016338,10000.139607724,16576363,24798240544
1748711167,Device: id=0,TX,0,0,0,0,0
1748711168,Device: id=0,RX,0.82456322766669,9868.4203331233,10000.35044955,17405213,26038206128
1748711168,Device: id=0,TX,0,0,0,0,0
1748711169,Device: id=0,RX,0.82454026160442,9868.0383299287,9999.9647717854,18234173,27278322808
1748711169,Device: id=0,TX,0,0,0,0,0
1748711170,Device: id=0,RX,0.82408213197473,9862.6149554736,9994.4680965895,19062798,28517945808
1748711170,Device: id=0,TX,0,0,0,0,0
1748711171,Device: id=0,RX,0.8245507963814,9868.212025012,10000.140152433,19891637,29757887456
1748711171,Device: id=0,TX,0,0,0,0,0
1748711172,Device: id=0,RX,0.82455036993345,9868.2307334524,10000.158792642,20720475,30997830600
1748711172,Device: id=0,TX,0,0,0,0,0
1748711173,Device: id=0,RX,0.82454985174426,9868.2126256753,10000.140601954,21549877,32238615992
1748711173,Device: id=0,TX,0,0,0,0,0
1748711174,Device: id=0,RX,0.82455034131584,9868.218484868,10000.146539478,22378671,33478491816
1748711174,Device: id=0,TX,0,0,0,0,0
1748711175,Device: id=0,RX,0.82455237928828,9868.2428753222,10000.171256008,23207510,34718434960
1748711175,Device: id=0,TX,0,0,0,0,0
1748711176,Device: id=0,RX,0.82454879231534,9868.19994643,10000.1277532,24036389,35958437944
1748711176,Device: id=0,TX,0,0,0,0,0
1748711177,Device: id=0,RX,0.82455116518725,9868.228344961,10000.156531391,24865269,37198442424
1748711177,Device: id=0,TX,0,0,0,0,0
1748711178,Device: id=0,RX,0.82455038966386,9868.2071599357,10000.135222282,25694283,38438645872
1748711178,Device: id=0,TX,0,0,0,0,0
1748711179,Device: id=0,RX,0.82455045380383,9868.2198311242,10000.147903733,26523120,39678586024
1748711179,Device: id=0,TX,0,0,0,0,0
1748711180,Device: id=0,RX,0.82356013847156,9856.3796315006,9988.1492536561,27351785,40918270360
1748711180,Device: id=0,TX,0,0,0,0,0
1748711181,Device: id=0,RX,0.82455583824902,9868.2842721643,10000.213206284,28180671,42158283816
1748711181,Device: id=0,TX,0,0,0,0,0
1748711182,Device: id=0,RX,0.8245456100434,9868.1618609994,10000.089158606,29009506,43398220976
1748711182,Device: id=0,TX,0,0,0,0,0
1748711183,Device: id=0,RX,0.82455010680572,9868.2156782508,10000.14369534,29838342,44638159632
1748711183,Device: id=0,TX,0,0,0,0,0
1748711184,Device: id=0,RX,0.82455058111159,9868.2213547435,10000.149447721,30667182,45878104272
1748711184,Device: id=0,TX,0,0,0,0,0
1748711185,Device: id=0,RX,0.82455062018126,9868.2218223293,10000.149921558,31496018,47118042928
1748711185,Device: id=0,TX,0,0,0,0,0
1748711186,Device: id=0,RX,0.82455048299805,9868.2201805206,10000.1482578,32324856,48357984576
1748711186,Device: id=0,TX,0,0,0,0,0
1748711187,Device: id=0,RX,0.82455027351145,9868.217673385,10000.145717147,33153693,49597924728
1748711187,Device: id=0,TX,0,0,0,0,0
1748711188,Device: id=0,RX,0.82455113385436,9868.2160744753,10000.144255892,33983270,50838970424
1748711188,Device: id=0,TX,0,0,0,0,0
1748711189,Device: id=0,RX,0.82454970649547,9868.2227934458,10000.150746485,34812106,52078910576
1748711189,Device: id=0,TX,0,0,0,0,0
1748711190,Device: id=0,RX,0.82455066940191,9868.222411402,10000.150518506,35640944,53318852224
1748711190,Device: id=0,TX,0,0,0,0,0
1748711191,Device: id=0,RX,0.82452090670885,9867.9019278783,9999.8252729517,36469796,54558819304
1748711191,Device: id=0,TX,0,0,0,0,0
1748711192,Device: id=0,RX,0.82455013848995,9868.1803410013,10000.10836316,37298676,55798819296
1748711192,Device: id=0,TX,0,0,0,0,0
1748711193,Device: id=0,RX,0.82455062050908,9868.2218262527,10000.149925534,38127514,57038760944
1748711193,Device: id=0,TX,0,0,0,0,0
1748711194,Device: id=0,RX,0.82455025154876,9868.2174105355,10000.145450783,38956394,58278765424
1748711194,Device: id=0,TX,0,0,0,0,0
1748711195,Device: id=0,RX,0.82455042104862,9868.2194391099,10000.147506478,39785320,59518838720
1748711195,Device: id=0,TX,0,0,0,0,0
1748711196,Device: id=0,RX,0.82455121020367,9868.2288837175,10000.15707735,40614635,60759493960
1748711196,Device: id=0,TX,0,0,0,0,0
1748711197,Device: id=0,RX,0.82455023105898,9868.2171653139,10000.145202283,41443474,61999437104
1748711197,Device: id=0,TX,0,0,0,0,0
1748711198,Device: id=0,RX,0.82454996068409,9868.2139294672,10000.141923177,42272267,63239311432
1748711198,Device: id=0,TX,0,0,0,0,0
1748711199,Device: id=0,RX,0.82455095359156,9868.2258125838,10000.153965158,43101105,64479253080
1748711199,Device: id=0,TX,0,0,0,0,0
1748711200,Device: id=0,RX,0.82455024906503,9868.2173808103,10000.145420661,43929942,65719193232
1748711200,Device: id=0,TX,0,0,0,0,0
1748711201,Device: id=0,RX,0.82356163594258,9856.3856589608,9988.1555207117,44758262,66958359952
1748711201,Device: id=0,TX,0,0,0,0,0
1748711202,Device: id=0,RX,0.82455133483064,9868.218468547,10000.14668212,45587058,68198237272
1748711202,Device: id=0,TX,0,0,0,0,0
1748711203,Device: id=0,RX,0.82455033293534,9868.2183845701,10000.14643784,46415894,69438175928
1748711203,Device: id=0,TX,0,0,0,0,0
1748711204,Device: id=0,RX,0.82455026161693,9868.2294371043,10000.157478963,47244733,70678120568
1748711204,Device: id=0,TX,0,0,0,0,0
1748711205,Device: id=0,RX,0.82455041271465,9868.2193393689,10000.147405403,48073571,71918062216
1748711205,Device: id=0,TX,0,0,0,0,0
1748711206,Device: id=0,RX,0.82455075494504,9868.2234351822,10000.151555973,48903146,73159106416
1748711206,Device: id=0,TX,0,0,0,0,0
1748711207,Device: id=0,RX,0.82454990681532,9868.2132847658,10000.141269856,49731983,74399046568
1748711207,Device: id=0,TX,0,0,0,0,0
1748711208,Device: id=0,RX,0.82455065489393,9868.2222377705,10000.150342554,50560863,75639051048
1748711208,Device: id=0,TX,0,0,0,0,0
1748711209,Device: id=0,RX,0.82455077973823,9868.2237319071,10000.151856665,51389703,76878995688
1748711209,Device: id=0,TX,0,0,0,0,0
1748711210,Device: id=0,RX,0.82455013600036,9868.2160276523,10000.144049412,52218540,78118935840
1748711210,Device: id=0,TX,0,0,0,0,0
1748711211,Device: id=0,RX,0.82407577108525,9862.5388283483,9994.390951722,53046900,79358162400
1748711211,Device: id=0,TX,0,0,0,0,0
1748711212,Device: id=0,RX,0.82455017878158,9868.216539658,10000.144568263,53875737,80598102552
1748711212,Device: id=0,TX,0,0,0,0,0
1748711213,Device: id=0,RX,0.8245556059213,9868.2814916662,10000.210388614,54705232,81839027072
1748711213,Device: id=0,TX,0,0,0,0,0
1748711214,Device: id=0,RX,0.82454618554965,9868.1568425436,10000.084232232,55534064,83078958248
1748711214,Device: id=0,TX,0,0,0,0,0
1748711215,Device: id=0,RX,0.82455037410293,9868.2307827207,10000.158842577,56362946,84318967216
1748711215,Device: id=0,TX,0,0,0,0,0
1748711216,Device: id=0,RX,0.82455067245771,9868.2105418807,10000.138649474,57191784,85558907368
1748711216,Device: id=0,TX,0,0,0,0,0
1748711217,Device: id=0,RX,0.82455038657615,9868.2190265434,10000.147088396,58020621,86798847520
1748711217,Device: id=0,TX,0,0,0,0,0
1748711218,Device: id=0,RX,0.82449292865475,9867.5310238528,9999.4498924375,58668446,87767998208
1748711218,Device: id=0,TX,0,0,0,0,0
