Startup trace (nsec): main: 85361146468
Startup trace (nsec): init done: 85364178531
Rx rate: 0
While executing 'Script@8 :: Script':
  no 'from.reset' write handler
Rx rate: 876154.285714
While executing 'Script@8 :: Script':
  no 'from.reset' write handler
Rx rate: 892761.238761
While executing 'Script@8 :: Script':
  no 'from.reset' write handler
Rx rate: 894596.403596
While executing 'Script@8 :: Script':
  no 'from.reset' write handler
Rx rate: 885612
While executing 'Script@8 :: Script':
  no 'from.reset' write handler
Rx rate: 885829.170829
While executing 'Script@8 :: Script':
  no 'from.reset' write handler
Rx rate: 891104.895105
While executing 'Script@8 :: Script':
  no 'from.reset' write handler
Rx rate: 891996
While executing 'Script@8 :: Script':
  no 'from.reset' write handler
Rx rate: 892656.343656
While executing 'Script@8 :: Script':
  no 'from.reset' write handler
Rx rate: 882177.822178
While executing 'Script@8 :: Script':
  no 'from.reset' write handler
Rx rate: 888128.871129
While executing 'Script@8 :: Script':
  no 'from.reset' write handler
Rx rate: 854905
While executing 'Script@8 :: Script':
  no 'from.reset' write handler
Rx rate: 891460
While executing 'Script@8 :: Script':
  no 'from.reset' write handler
Rx rate: 884895.104895
While executing 'Script@8 :: Script':
  no 'from.reset' write handler
Rx rate: 881401.598402
While executing 'Script@8 :: Script':
  no 'from.reset' write handler
Rx rate: 882784
While executing 'Script@8 :: Script':
  no 'from.reset' write handler
Rx rate: 882253.746254
While executing 'Script@8 :: Script':
  no 'from.reset' write handler
Rx rate: 883706
While executing 'Script@8 :: Script':
  no 'from.reset' write handler
Rx rate: 893421
While executing 'Script@8 :: Script':
  no 'from.reset' write handler
Rx rate: 888239
While executing 'Script@8 :: Script':
  no 'from.reset' write handler
Rx rate: 893549
While executing 'Script@8 :: Script':
  no 'from.reset' write handler
Rx rate: 886809.190809
While executing 'Script@8 :: Script':
  no 'from.reset' write handler
Rx rate: 890926.073926
While executing 'Script@8 :: Script':
  no 'from.reset' write handler
Rx rate: 890183
While executing 'Script@8 :: Script':
  no 'from.reset' write handler
Rx rate: 890182
While executing 'Script@8 :: Script':
  no 'from.reset' write handler
Rx rate: 883222
While executing 'Script@8 :: Script':
  no 'from.reset' write handler
Rx rate: 886722
While executing 'Script@8 :: Script':
  no 'from.reset' write handler
Rx rate: 886555
While executing 'Script@8 :: Script':
  no 'from.reset' write handler
Rx rate: 883190
While executing 'Script@8 :: Script':
  no 'from.reset' write handler
Rx rate: 880339
While executing 'Script@8 :: Script':
  no 'from.reset' write handler
Rx rate: 883189
While executing 'Script@8 :: Script':
  no 'from.reset' write handler
Rx rate: 876824.175824
While executing 'Script@8 :: Script':
  no 'from.reset' write handler
Rx rate: 879167
While executing 'Script@8 :: Script':
  no 'from.reset' write handler
Rx rate: 885907
While executing 'Script@8 :: Script':
  no 'from.reset' write handler
Rx rate: 886556
While executing 'Script@8 :: Script':
  no 'from.reset' write handler
Rx rate: 885446
While executing 'Script@8 :: Script':
  no 'from.reset' write handler
Rx rate: 886152
While executing 'Script@8 :: Script':
  no 'from.reset' write handler
Rx rate: 885929.070929
While executing 'Script@8 :: Script':
  no 'from.reset' write handler
Rx rate: 889790
While executing 'Script@8 :: Script':
  no 'from.reset' write handler
Rx rate: 885519
While executing 'Script@8 :: Script':
  no 'from.reset' write handler
Rx rate: 882042.957043
While executing 'Script@8 :: Script':
  no 'from.reset' write handler
Rx rate: 850683
While executing 'Script@8 :: Script':
  no 'from.reset' write handler
Rx rate: 882621
While executing 'Script@8 :: Script':
  no 'from.reset' write handler
Rx rate: 880650.698603
While executing 'Script@8 :: Script':
  no 'from.reset' write handler
Rx rate: 880881.118881
While executing 'Script@8 :: Script':
  no 'from.reset' write handler
Rx rate: 877317.682318
While executing 'Script@8 :: Script':
  no 'from.reset' write handler
Rx rate: 874583
While executing 'Script@8 :: Script':
  no 'from.reset' write handler
Rx rate: 893429.57043
While executing 'Script@8 :: Script':
  no 'from.reset' write handler
Rx rate: 880881.118881
While executing 'Script@8 :: Script':
  no 'from.reset' write handler
Rx rate: 883837
While executing 'Script@8 :: Script':
  no 'from.reset' write handler
Rx rate: 887203
While executing 'Script@8 :: Script':
  no 'from.reset' write handler
Rx rate: 876846.153846
While executing 'Script@8 :: Script':
  no 'from.reset' write handler
Rx rate: 890022
While executing 'Script@8 :: Script':
  no 'from.reset' write handler
Rx rate: 890570
While executing 'Script@8 :: Script':
  no 'from.reset' write handler
Rx rate: 883447
While executing 'Script@8 :: Script':
  no 'from.reset' write handler
Rx rate: 886438.438438
While executing 'Script@8 :: Script':
  no 'from.reset' write handler
Rx rate: 881638.361638
While executing 'Script@8 :: Script':
  no 'from.reset' write handler
Rx rate: 891216
While executing 'Script@8 :: Script':
  no 'from.reset' write handler
Rx rate: 884870
While executing 'Script@8 :: Script':
  no 'from.reset' write handler
Rx rate: 880002.994012
While executing 'Script@8 :: Script':
  no 'from.reset' write handler
Rx rate: 878683.316683
While executing 'Script@8 :: Script':
  no 'from.reset' write handler
Rx rate: 885135
While executing 'Script@8 :: Script':
  no 'from.reset' write handler
Rx rate: 883451.548452
While executing 'Script@8 :: Script':
  no 'from.reset' write handler
Rx rate: 893028
While executing 'Script@8 :: Script':
  no 'from.reset' write handler
Rx rate: 883448
While executing 'Script@8 :: Script':
  no 'from.reset' write handler
Rx rate: 884634.365634
While executing 'Script@8 :: Script':
  no 'from.reset' write handler
Rx rate: 881420
While executing 'Script@8 :: Script':
  no 'from.reset' write handler
Rx rate: 887379
While executing 'Script@8 :: Script':
  no 'from.reset' write handler
Rx rate: 889404
While executing 'Script@8 :: Script':
  no 'from.reset' write handler
Rx rate: 880495.504496
While executing 'Script@8 :: Script':
  no 'from.reset' write handler
Rx rate: 886555
While executing 'Script@8 :: Script':
  no 'from.reset' write handler
Rx rate: 888500.4995
While executing 'Script@8 :: Script':
  no 'from.reset' write handler
Rx rate: 847128
While executing 'Script@8 :: Script':
  no 'from.reset' write handler
AUTOTEST_DONE
