Startup trace (nsec): main: 86365550555
Startup trace (nsec): init done: 86369166103
Rx rate: 0
While executing 'Script@8 :: Script':
  no 'from.reset' write handler
Rx rate: 926947.368421
While executing 'Script@8 :: Script':
  no 'from.reset' write handler
Rx rate: 930038
While executing 'Script@8 :: Script':
  no 'from.reset' write handler
Rx rate: 925444
While executing 'Script@8 :: Script':
  no 'from.reset' write handler
Rx rate: 928233.766234
While executing 'Script@8 :: Script':
  no 'from.reset' write handler
Rx rate: 927220
While executing 'Script@8 :: Script':
  no 'from.reset' write handler
Rx rate: 929916.083916
While executing 'Script@8 :: Script':
  no 'from.reset' write handler
Rx rate: 926293.706294
While executing 'Script@8 :: Script':
  no 'from.reset' write handler
Rx rate: 927437.125749
While executing 'Script@8 :: Script':
  no 'from.reset' write handler
Rx rate: 925258.741259
While executing 'Script@8 :: Script':
  no 'from.reset' write handler
Rx rate: 928368.631369
While executing 'Script@8 :: Script':
  no 'from.reset' write handler
Rx rate: 917002
While executing 'Script@8 :: Script':
  no 'from.reset' write handler
Rx rate: 928515
While executing 'Script@8 :: Script':
  no 'from.reset' write handler
Rx rate: 925894.105894
While executing 'Script@8 :: Script':
  no 'from.reset' write handler
Rx rate: 929162
While executing 'Script@8 :: Script':
  no 'from.reset' write handler
Rx rate: 928234.765235
While executing 'Script@8 :: Script':
  no 'from.reset' write handler
Rx rate: 928233.766234
While executing 'Script@8 :: Script':
  no 'from.reset' write handler
Rx rate: 929810
While executing 'Script@8 :: Script':
  no 'from.reset' write handler
Rx rate: 928515
While executing 'Script@8 :: Script':
  no 'from.reset' write handler
Rx rate: 927220
While executing 'Script@8 :: Script':
  no 'from.reset' write handler
Rx rate: 927071
While executing 'Script@8 :: Script':
  no 'from.reset' write handler
Rx rate: 928991
While executing 'Script@8 :: Script':
  no 'from.reset' write handler
Rx rate: 926313
While executing 'Script@8 :: Script':
  no 'from.reset' write handler
Rx rate: 926279
While executing 'Script@8 :: Script':
  no 'from.reset' write handler
Rx rate: 930328
While executing 'Script@8 :: Script':
  no 'from.reset' write handler
Rx rate: 928774
While executing 'Script@8 :: Script':
  no 'from.reset' write handler
Rx rate: 930328
While executing 'Script@8 :: Script':
  no 'from.reset' write handler
Rx rate: 929810
While executing 'Script@8 :: Script':
  no 'from.reset' write handler
Rx rate: 928256
While executing 'Script@8 :: Script':
  no 'from.reset' write handler
Rx rate: 928774
While executing 'Script@8 :: Script':
  no 'from.reset' write handler
Rx rate: 926648
While executing 'Script@8 :: Script':
  no 'from.reset' write handler
Rx rate: 927182
While executing 'Script@8 :: Script':
  no 'from.reset' write handler
Rx rate: 928256
While executing 'Script@8 :: Script':
  no 'from.reset' write handler
Rx rate: 923076
While executing 'Script@8 :: Script':
  no 'from.reset' write handler
Rx rate: 923271.728272
While executing 'Script@8 :: Script':
  no 'from.reset' write handler
Rx rate: 924759
While executing 'Script@8 :: Script':
  no 'from.reset' write handler
Rx rate: 922671.328671
While executing 'Script@8 :: Script':
  no 'from.reset' write handler
Rx rate: 923983
While executing 'Script@8 :: Script':
  no 'from.reset' write handler
Rx rate: 922156
While executing 'Script@8 :: Script':
  no 'from.reset' write handler
Rx rate: 924630
While executing 'Script@8 :: Script':
  no 'from.reset' write handler
Rx rate: 920175
While executing 'Script@8 :: Script':
  no 'from.reset' write handler
Rx rate: 910830
While executing 'Script@8 :: Script':
  no 'from.reset' write handler
Rx rate: 919191
While executing 'Script@8 :: Script':
  no 'from.reset' write handler
Rx rate: 922106
While executing 'Script@8 :: Script':
  no 'from.reset' write handler
Rx rate: 918349
While executing 'Script@8 :: Script':
  no 'from.reset' write handler
Rx rate: 920745
While executing 'Script@8 :: Script':
  no 'from.reset' write handler
Rx rate: 919825.174825
While executing 'Script@8 :: Script':
  no 'from.reset' write handler
Rx rate: 919968
While executing 'Script@8 :: Script':
  no 'from.reset' write handler
Rx rate: 921911
While executing 'Script@8 :: Script':
  no 'from.reset' write handler
Rx rate: 925018
While executing 'Script@8 :: Script':
  no 'from.reset' write handler
Rx rate: 926972
While executing 'Script@8 :: Script':
  no 'from.reset' write handler
Rx rate: 928735
While executing 'Script@8 :: Script':
  no 'from.reset' write handler
Rx rate: 932918
While executing 'Script@8 :: Script':
  no 'from.reset' write handler
Rx rate: 931364
While executing 'Script@8 :: Script':
  no 'from.reset' write handler
Rx rate: 927575
While executing 'Script@8 :: Script':
  no 'from.reset' write handler
Rx rate: 927220
While executing 'Script@8 :: Script':
  no 'from.reset' write handler
Rx rate: 927220
While executing 'Script@8 :: Script':
  no 'from.reset' write handler
Rx rate: 924630
While executing 'Script@8 :: Script':
  no 'from.reset' write handler
Rx rate: 923594
While executing 'Script@8 :: Script':
  no 'from.reset' write handler
Rx rate: 924630
While executing 'Script@8 :: Script':
  no 'from.reset' write handler
Rx rate: 921501.498501
While executing 'Script@8 :: Script':
  no 'from.reset' write handler
Rx rate: 925390.609391
While executing 'Script@8 :: Script':
  no 'from.reset' write handler
Rx rate: 926552.447552
While executing 'Script@8 :: Script':
  no 'from.reset' write handler
Rx rate: 927220
While executing 'Script@8 :: Script':
  no 'from.reset' write handler
Rx rate: 928077
While executing 'Script@8 :: Script':
  no 'from.reset' write handler
Rx rate: 925148
While executing 'Script@8 :: Script':
  no 'from.reset' write handler
Rx rate: 925258.741259
While executing 'Script@8 :: Script':
  no 'from.reset' write handler
Rx rate: 924223.776224
While executing 'Script@8 :: Script':
  no 'from.reset' write handler
Rx rate: 925148
While executing 'Script@8 :: Script':
  no 'from.reset' write handler
Rx rate: 925666
While executing 'Script@8 :: Script':
  no 'from.reset' write handler
Rx rate: 922400
While executing 'Script@8 :: Script':
  no 'from.reset' write handler
Rx rate: 922522
While executing 'Script@8 :: Script':
  no 'from.reset' write handler
Rx rate: 919048.951049
While executing 'Script@8 :: Script':
  no 'from.reset' write handler
AUTOTEST_DONE
