Startup trace (nsec): main: 86376264024
Startup trace (nsec): init done: 86380165578
Rx rate: 0
While executing 'Script@4 :: Script':
  no 'from.reset' write handler
Rx rate: 918267.045455
While executing 'Script@4 :: Script':
  no 'from.reset' write handler
Rx rate: 927325.674326
While executing 'Script@4 :: Script':
  no 'from.reset' write handler
Rx rate: 909747.50499
While executing 'Script@4 :: Script':
  no 'from.reset' write handler
Rx rate: 926288.711289
While executing 'Script@4 :: Script':
  no 'from.reset' write handler
Rx rate: 919163.672655
While executing 'Script@4 :: Script':
  no 'from.reset' write handler
Rx rate: 926702
While executing 'Script@4 :: Script':
  no 'from.reset' write handler
Rx rate: 925647.352647
While executing 'Script@4 :: Script':
  no 'from.reset' write handler
Rx rate: 931232
While executing 'Script@4 :: Script':
  no 'from.reset' write handler
Rx rate: 924630
While executing 'Script@4 :: Script':
  no 'from.reset' write handler
Rx rate: 917327
While executing 'Script@4 :: Script':
  no 'from.reset' write handler
Rx rate: 891757
While executing 'Script@4 :: Script':
  no 'from.reset' write handler
Rx rate: 933720.720721
While executing 'Script@4 :: Script':
  no 'from.reset' write handler
Rx rate: 925458
While executing 'Script@4 :: Script':
  no 'from.reset' write handler
Rx rate: 930067
While executing 'Script@4 :: Script':
  no 'from.reset' write handler
Rx rate: 925258.741259
While executing 'Script@4 :: Script':
  no 'from.reset' write handler
Rx rate: 931752
While executing 'Script@4 :: Script':
  no 'from.reset' write handler
Rx rate: 926052
While executing 'Script@4 :: Script':
  no 'from.reset' write handler
Rx rate: 929286
While executing 'Script@4 :: Script':
  no 'from.reset' write handler
Rx rate: 928771
While executing 'Script@4 :: Script':
  no 'from.reset' write handler
Rx rate: 932296
While executing 'Script@4 :: Script':
  no 'from.reset' write handler
Rx rate: 925530.46953
While executing 'Script@4 :: Script':
  no 'from.reset' write handler
Rx rate: 922037
While executing 'Script@4 :: Script':
  no 'from.reset' write handler
Rx rate: 918168.831169
While executing 'Script@4 :: Script':
  no 'from.reset' write handler
Rx rate: 932011
While executing 'Script@4 :: Script':
  no 'from.reset' write handler
Rx rate: 923852
While executing 'Script@4 :: Script':
  no 'from.reset' write handler
Rx rate: 929809
While executing 'Script@4 :: Script':
  no 'from.reset' write handler
Rx rate: 926961
While executing 'Script@4 :: Script':
  no 'from.reset' write handler
Rx rate: 922007.984032
While executing 'Script@4 :: Script':
  no 'from.reset' write handler
Rx rate: 929526.473526
While executing 'Script@4 :: Script':
  no 'from.reset' write handler
Rx rate: 933385
While executing 'Script@4 :: Script':
  no 'from.reset' write handler
Rx rate: 924415.169661
While executing 'Script@4 :: Script':
  no 'from.reset' write handler
Rx rate: 933434
While executing 'Script@4 :: Script':
  no 'from.reset' write handler
Rx rate: 928513
While executing 'Script@4 :: Script':
  no 'from.reset' write handler
Rx rate: 920649
While executing 'Script@4 :: Script':
  no 'from.reset' write handler
Rx rate: 929808
While executing 'Script@4 :: Script':
  no 'from.reset' write handler
Rx rate: 925924
While executing 'Script@4 :: Script':
  no 'from.reset' write handler
Rx rate: 929657.342657
While executing 'Script@4 :: Script':
  no 'from.reset' write handler
Rx rate: 914648.351648
While executing 'Script@4 :: Script':
  no 'from.reset' write handler
Rx rate: 932605.788423
While executing 'Script@4 :: Script':
  no 'from.reset' write handler
Rx rate: 925723
While executing 'Script@4 :: Script':
  no 'from.reset' write handler
Rx rate: 906505
While executing 'Script@4 :: Script':
  no 'from.reset' write handler
Rx rate: 910773
While executing 'Script@4 :: Script':
  no 'from.reset' write handler
Rx rate: 928901
While executing 'Script@4 :: Script':
  no 'from.reset' write handler
Rx rate: 924966.067864
While executing 'Script@4 :: Script':
  no 'from.reset' write handler
Rx rate: 931364
While executing 'Script@4 :: Script':
  no 'from.reset' write handler
Rx rate: 923964.035964
While executing 'Script@4 :: Script':
  no 'from.reset' write handler
Rx rate: 931105
While executing 'Script@4 :: Script':
  no 'from.reset' write handler
Rx rate: 921259
While executing 'Script@4 :: Script':
  no 'from.reset' write handler
Rx rate: 931102
While executing 'Script@4 :: Script':
  no 'from.reset' write handler
Rx rate: 917707
While executing 'Script@4 :: Script':
  no 'from.reset' write handler
Rx rate: 917962.037962
While executing 'Script@4 :: Script':
  no 'from.reset' write handler
Rx rate: 932140
While executing 'Script@4 :: Script':
  no 'from.reset' write handler
Rx rate: 926960
While executing 'Script@4 :: Script':
  no 'from.reset' write handler
Rx rate: 916651
While executing 'Script@4 :: Script':
  no 'from.reset' write handler
Rx rate: 930324
While executing 'Script@4 :: Script':
  no 'from.reset' write handler
Rx rate: 931103
While executing 'Script@4 :: Script':
  no 'from.reset' write handler
Rx rate: 932707.876371
While executing 'Script@4 :: Script':
  no 'from.reset' write handler
Rx rate: 924999.000999
While executing 'Script@4 :: Script':
  no 'from.reset' write handler
Rx rate: 931363
While executing 'Script@4 :: Script':
  no 'from.reset' write handler
Rx rate: 921059
While executing 'Script@4 :: Script':
  no 'from.reset' write handler
Rx rate: 920485
While executing 'Script@4 :: Script':
  no 'from.reset' write handler
Rx rate: 920485
While executing 'Script@4 :: Script':
  no 'from.reset' write handler
Rx rate: 925924
While executing 'Script@4 :: Script':
  no 'from.reset' write handler
Rx rate: 926195
While executing 'Script@4 :: Script':
  no 'from.reset' write handler
Rx rate: 929032
While executing 'Script@4 :: Script':
  no 'from.reset' write handler
Rx rate: 925147
While executing 'Script@4 :: Script':
  no 'from.reset' write handler
Rx rate: 919449
While executing 'Script@4 :: Script':
  no 'from.reset' write handler
Rx rate: 920974.051896
While executing 'Script@4 :: Script':
  no 'from.reset' write handler
Rx rate: 920486
While executing 'Script@4 :: Script':
  no 'from.reset' write handler
Rx rate: 919206.793207
While executing 'Script@4 :: Script':
  no 'from.reset' write handler
Rx rate: 920743
While executing 'Script@4 :: Script':
  no 'from.reset' write handler
Rx rate: 893290
While executing 'Script@4 :: Script':
  no 'from.reset' write handler
AUTOTEST_DONE
