SimpleQueue@7 :: SimpleQueue: overflow
Startup trace (nsec): main: 85443095024
Startup trace (nsec): init done: 85445192064
Rx rate: 261636.363636   TxExt rate: 257220.779221   TxInt rate: 257220.779221
While executing 'Script@11 :: Script':
  no 'from_device.reset' write handler
Rx rate: 267208.791209   TxExt rate: 265151.848152   TxInt rate: 265151.848152
While executing 'Script@11 :: Script':
  no 'from_device.reset' write handler
Rx rate: 260324   TxExt rate: 258323   TxInt rate: 258323
While executing 'Script@11 :: Script':
  no 'from_device.reset' write handler
Rx rate: 262007.968127   TxExt rate: 260246.015936   TxInt rate: 260246.015936
While executing 'Script@11 :: Script':
  no 'from_device.reset' write handler
Rx rate: 268055.832502   TxExt rate: 265261.216351   TxInt rate: 265261.216351
While executing 'Script@11 :: Script':
  no 'from_device.reset' write handler
Rx rate: 266227.54491   TxExt rate: 264179.640719   TxInt rate: 264179.640719
While executing 'Script@11 :: Script':
  no 'from_device.reset' write handler
Rx rate: 262335.329341   TxExt rate: 260317.365269   TxInt rate: 260317.365269
While executing 'Script@11 :: Script':
  no 'from_device.reset' write handler
Rx rate: 264290   TxExt rate: 262257   TxInt rate: 262257
While executing 'Script@11 :: Script':
  no 'from_device.reset' write handler
Rx rate: 262273.726274   TxExt rate: 260254.745255   TxInt rate: 260254.745255
While executing 'Script@11 :: Script':
  no 'from_device.reset' write handler
Rx rate: 262274   TxExt rate: 260258   TxInt rate: 260258
While executing 'Script@11 :: Script':
  no 'from_device.reset' write handler
Rx rate: 262738.261738   TxExt rate: 259493.506494   TxInt rate: 259493.506494
While executing 'Script@11 :: Script':
  no 'from_device.reset' write handler
Rx rate: 268320   TxExt rate: 266256   TxInt rate: 266256
While executing 'Script@11 :: Script':
  no 'from_device.reset' write handler
Rx rate: 267800   TxExt rate: 265740   TxInt rate: 265740
While executing 'Script@11 :: Script':
  no 'from_device.reset' write handler
Rx rate: 268551   TxExt rate: 266740   TxInt rate: 266740
While executing 'Script@11 :: Script':
  no 'from_device.reset' write handler
Rx rate: 269995   TxExt rate: 266435   TxInt rate: 266435
While executing 'Script@11 :: Script':
  no 'from_device.reset' write handler
Rx rate: 268051.948052   TxExt rate: 265990.00999   TxInt rate: 265990.00999
While executing 'Script@11 :: Script':
  no 'from_device.reset' write handler
Rx rate: 267734   TxExt rate: 265676   TxInt rate: 265676
While executing 'Script@11 :: Script':
  no 'from_device.reset' write handler
Rx rate: 267540   TxExt rate: 265482   TxInt rate: 265482
While executing 'Script@11 :: Script':
  no 'from_device.reset' write handler
Rx rate: 265130.869131   TxExt rate: 263089.91009   TxInt rate: 263089.91009
While executing 'Script@11 :: Script':
  no 'from_device.reset' write handler
Rx rate: 265394   TxExt rate: 263354   TxInt rate: 263354
While executing 'Script@11 :: Script':
  no 'from_device.reset' write handler
Rx rate: 269891   TxExt rate: 266356   TxInt rate: 266356
While executing 'Script@11 :: Script':
  no 'from_device.reset' write handler
Rx rate: 266493.506494   TxExt rate: 264443.556444   TxInt rate: 264443.556444
While executing 'Script@11 :: Script':
  no 'from_device.reset' write handler
Rx rate: 261364   TxExt rate: 259355   TxInt rate: 259355
While executing 'Script@11 :: Script':
  no 'from_device.reset' write handler
Rx rate: 258315.684316   TxExt rate: 256582.417582   TxInt rate: 256582.417582
While executing 'Script@11 :: Script':
  no 'from_device.reset' write handler
Rx rate: 267633   TxExt rate: 264834   TxInt rate: 264834
While executing 'Script@11 :: Script':
  no 'from_device.reset' write handler
Rx rate: 266103.896104   TxExt rate: 264056.943057   TxInt rate: 264056.943057
While executing 'Script@11 :: Script':
  no 'from_device.reset' write handler
Rx rate: 266623.376623   TxExt rate: 264572.427572   TxInt rate: 264572.427572
While executing 'Script@11 :: Script':
  no 'from_device.reset' write handler
Rx rate: 263640   TxExt rate: 261612   TxInt rate: 261612
While executing 'Script@11 :: Script':
  no 'from_device.reset' write handler
Rx rate: 256620   TxExt rate: 254646   TxInt rate: 254646
While executing 'Script@11 :: Script':
  no 'from_device.reset' write handler
Rx rate: 266890   TxExt rate: 264837   TxInt rate: 264837
While executing 'Script@11 :: Script':
  no 'from_device.reset' write handler
Rx rate: 269371   TxExt rate: 266078   TxInt rate: 266078
While executing 'Script@11 :: Script':
  no 'from_device.reset' write handler
Rx rate: 266363.636364   TxExt rate: 264314.685315   TxInt rate: 264314.685315
While executing 'Script@11 :: Script':
  no 'from_device.reset' write handler
Rx rate: 263640   TxExt rate: 261612   TxInt rate: 261612
While executing 'Script@11 :: Script':
  no 'from_device.reset' write handler
Rx rate: 266500   TxExt rate: 264450   TxInt rate: 264450
While executing 'Script@11 :: Script':
  no 'from_device.reset' write handler
Rx rate: 266243   TxExt rate: 262713   TxInt rate: 262713
While executing 'Script@11 :: Script':
  no 'from_device.reset' write handler
Rx rate: 266370   TxExt rate: 264321   TxInt rate: 264321
While executing 'Script@11 :: Script':
  no 'from_device.reset' write handler
Rx rate: 265786   TxExt rate: 263740   TxInt rate: 263740
While executing 'Script@11 :: Script':
  no 'from_device.reset' write handler
Rx rate: 257334   TxExt rate: 255356   TxInt rate: 255356
While executing 'Script@11 :: Script':
  no 'from_device.reset' write handler
Rx rate: 264545.454545   TxExt rate: 262510.48951   TxInt rate: 262510.48951
While executing 'Script@11 :: Script':
  no 'from_device.reset' write handler
Rx rate: 257402.597403   TxExt rate: 255422.577423   TxInt rate: 255422.577423
While executing 'Script@11 :: Script':
  no 'from_device.reset' write handler
Rx rate: 263491   TxExt rate: 259987   TxInt rate: 259987
While executing 'Script@11 :: Script':
  no 'from_device.reset' write handler
Rx rate: 265330   TxExt rate: 263289   TxInt rate: 263289
While executing 'Script@11 :: Script':
  no 'from_device.reset' write handler
Rx rate: 256814   TxExt rate: 254840   TxInt rate: 254840
While executing 'Script@11 :: Script':
  no 'from_device.reset' write handler
Rx rate: 262860   TxExt rate: 260838   TxInt rate: 260838
While executing 'Script@11 :: Script':
  no 'from_device.reset' write handler
Rx rate: 260910   TxExt rate: 258903   TxInt rate: 258903
While executing 'Script@11 :: Script':
  no 'from_device.reset' write handler
Rx rate: 269045   TxExt rate: 266235   TxInt rate: 266235
While executing 'Script@11 :: Script':
  no 'from_device.reset' write handler
Rx rate: 267086   TxExt rate: 265030   TxInt rate: 265030
While executing 'Script@11 :: Script':
  no 'from_device.reset' write handler
Rx rate: 265134   TxExt rate: 263096   TxInt rate: 263096
While executing 'Script@11 :: Script':
  no 'from_device.reset' write handler
Rx rate: 260650   TxExt rate: 258645   TxInt rate: 258645
While executing 'Script@11 :: Script':
  no 'from_device.reset' write handler
Rx rate: 264030   TxExt rate: 261999   TxInt rate: 261999
While executing 'Script@11 :: Script':
  no 'from_device.reset' write handler
Rx rate: 266119   TxExt rate: 262606   TxInt rate: 262606
While executing 'Script@11 :: Script':
  no 'from_device.reset' write handler
Rx rate: 267344   TxExt rate: 265289   TxInt rate: 265289
While executing 'Script@11 :: Script':
  no 'from_device.reset' write handler
Rx rate: 266883.116883   TxExt rate: 264830.16983   TxInt rate: 264830.16983
While executing 'Script@11 :: Script':
  no 'from_device.reset' write handler
Rx rate: 261756   TxExt rate: 259741   TxInt rate: 259741
While executing 'Script@11 :: Script':
  no 'from_device.reset' write handler
Rx rate: 263900   TxExt rate: 261870   TxInt rate: 261870
While executing 'Script@11 :: Script':
  no 'from_device.reset' write handler
Rx rate: 266941.058941   TxExt rate: 263404.595405   TxInt rate: 263404.595405
While executing 'Script@11 :: Script':
  no 'from_device.reset' write handler
Rx rate: 268514   TxExt rate: 266450   TxInt rate: 266450
While executing 'Script@11 :: Script':
  no 'from_device.reset' write handler
Rx rate: 266436   TxExt rate: 264385   TxInt rate: 264385
While executing 'Script@11 :: Script':
  no 'from_device.reset' write handler
Rx rate: 263640   TxExt rate: 261612   TxInt rate: 261612
While executing 'Script@11 :: Script':
  no 'from_device.reset' write handler
Rx rate: 265200   TxExt rate: 263160   TxInt rate: 263160
While executing 'Script@11 :: Script':
  no 'from_device.reset' write handler
Rx rate: 267155.844156   TxExt rate: 263627.372627   TxInt rate: 263627.372627
While executing 'Script@11 :: Script':
  no 'from_device.reset' write handler
Rx rate: 267150   TxExt rate: 265095   TxInt rate: 265095
While executing 'Script@11 :: Script':
  no 'from_device.reset' write handler
Rx rate: 266500   TxExt rate: 264450   TxInt rate: 264450
While executing 'Script@11 :: Script':
  no 'from_device.reset' write handler
Rx rate: 267598.401598   TxExt rate: 265538.461538   TxInt rate: 265538.461538
While executing 'Script@11 :: Script':
  no 'from_device.reset' write handler
Rx rate: 267336   TxExt rate: 265536   TxInt rate: 265536
While executing 'Script@11 :: Script':
  no 'from_device.reset' write handler
Rx rate: 268564.435564   TxExt rate: 265018.981019   TxInt rate: 265018.981019
While executing 'Script@11 :: Script':
  no 'from_device.reset' write handler
Rx rate: 268710   TxExt rate: 266643   TxInt rate: 266643
While executing 'Script@11 :: Script':
  no 'from_device.reset' write handler
Rx rate: 263640   TxExt rate: 261612   TxInt rate: 261612
While executing 'Script@11 :: Script':
  no 'from_device.reset' write handler
Rx rate: 265330   TxExt rate: 263289   TxInt rate: 263289
While executing 'Script@11 :: Script':
  no 'from_device.reset' write handler
Rx rate: 269220.779221   TxExt rate: 267149.85015   TxInt rate: 267149.85015
While executing 'Script@11 :: Script':
  no 'from_device.reset' write handler
Rx rate: 265300   TxExt rate: 261785   TxInt rate: 261785
While executing 'Script@11 :: Script':
  no 'from_device.reset' write handler
Rx rate: 264805.194805   TxExt rate: 262768.231768   TxInt rate: 262768.231768
While executing 'Script@11 :: Script':
  no 'from_device.reset' write handler
AUTOTEST_DONE
