/tmp/linux.click:2: While initializing 'from :: FromDevice':
  warning: ens7: no IPv4 address assigned
Startup trace (nsec): main: 9853343986
Startup trace (nsec): init done: 9861099429
Rx rate: 0
While executing 'Script@4 :: Script':
  no 'from.reset' write handler
Rx rate: 945966.666667
While executing 'Script@4 :: Script':
  no 'from.reset' write handler
Rx rate: 962146.560319
While executing 'Script@4 :: Script':
  no 'from.reset' write handler
Rx rate: 915026.946108
While executing 'Script@4 :: Script':
  no 'from.reset' write handler
Rx rate: 910249.75025
While executing 'Script@4 :: Script':
  no 'from.reset' write handler
Rx rate: 930533.932136
While executing 'Script@4 :: Script':
  no 'from.reset' write handler
Rx rate: 931261.477046
While executing 'Script@4 :: Script':
  no 'from.reset' write handler
Rx rate: 887038.961039
While executing 'Script@4 :: Script':
  no 'from.reset' write handler
Rx rate: 920506
While executing 'Script@4 :: Script':
  no 'from.reset' write handler
Rx rate: 931749
While executing 'Script@4 :: Script':
  no 'from.reset' write handler
Rx rate: 926291.708292
While executing 'Script@4 :: Script':
  no 'from.reset' write handler
Rx rate: 908440
While executing 'Script@4 :: Script':
  no 'from.reset' write handler
Rx rate: 925920
While executing 'Script@4 :: Script':
  no 'from.reset' write handler
Rx rate: 922685
While executing 'Script@4 :: Script':
  no 'from.reset' write handler
Rx rate: 907146
While executing 'Script@4 :: Script':
  no 'from.reset' write handler
Rx rate: 923431.137725
While executing 'Script@4 :: Script':
  no 'from.reset' write handler
Rx rate: 929484
While executing 'Script@4 :: Script':
  no 'from.reset' write handler
Rx rate: 892462
While executing 'Script@4 :: Script':
  no 'from.reset' write handler
Rx rate: 918447.105788
While executing 'Script@4 :: Script':
  no 'from.reset' write handler
Rx rate: 926570
While executing 'Script@4 :: Script':
  no 'from.reset' write handler
Rx rate: 875480.03992
While executing 'Script@4 :: Script':
  no 'from.reset' write handler
Rx rate: 925275
While executing 'Script@4 :: Script':
  no 'from.reset' write handler
Rx rate: 924111
While executing 'Script@4 :: Script':
  no 'from.reset' write handler
Rx rate: 880081
While executing 'Script@4 :: Script':
  no 'from.reset' write handler
Rx rate: 920886.886887
While executing 'Script@4 :: Script':
  no 'from.reset' write handler
Rx rate: 924886
While executing 'Script@4 :: Script':
  no 'from.reset' write handler
Rx rate: 915619
While executing 'Script@4 :: Script':
  no 'from.reset' write handler
Rx rate: 838338.661339
While executing 'Script@4 :: Script':
  no 'from.reset' write handler
Rx rate: 920516
While executing 'Script@4 :: Script':
  no 'from.reset' write handler
Rx rate: 917636
While executing 'Script@4 :: Script':
  no 'from.reset' write handler
Rx rate: 926182
While executing 'Script@4 :: Script':
  no 'from.reset' write handler
Rx rate: 918154
While executing 'Script@4 :: Script':
  no 'from.reset' write handler
Rx rate: 921262
While executing 'Script@4 :: Script':
  no 'from.reset' write handler
Rx rate: 926443
While executing 'Script@4 :: Script':
  no 'from.reset' write handler
Rx rate: 926053
While executing 'Script@4 :: Script':
  no 'from.reset' write handler
Rx rate: 927306.387226
While executing 'Script@4 :: Script':
  no 'from.reset' write handler
Rx rate: 926855.144855
While executing 'Script@4 :: Script':
  no 'from.reset' write handler
Rx rate: 921916.083916
While executing 'Script@4 :: Script':
  no 'from.reset' write handler
Rx rate: 925923
While executing 'Script@4 :: Script':
  no 'from.reset' write handler
Rx rate: 918661.338661
While executing 'Script@4 :: Script':
  no 'from.reset' write handler
Rx rate: 926701
While executing 'Script@4 :: Script':
  no 'from.reset' write handler
Rx rate: 923851
While executing 'Script@4 :: Script':
  no 'from.reset' write handler
Rx rate: 922557
While executing 'Script@4 :: Script':
  no 'from.reset' write handler
Rx rate: 917496.503497
While executing 'Script@4 :: Script':
  no 'from.reset' write handler
Rx rate: 926292.707293
While executing 'Script@4 :: Script':
  no 'from.reset' write handler
Rx rate: 919057
While executing 'Script@4 :: Script':
  no 'from.reset' write handler
Rx rate: 926388
While executing 'Script@4 :: Script':
  no 'from.reset' write handler
Rx rate: 917347
While executing 'Script@4 :: Script':
  no 'from.reset' write handler
Rx rate: 923853
While executing 'Script@4 :: Script':
  no 'from.reset' write handler
Rx rate: 915157.842158
While executing 'Script@4 :: Script':
  no 'from.reset' write handler
Rx rate: 924241
While executing 'Script@4 :: Script':
  no 'from.reset' write handler
Rx rate: 918143.856144
While executing 'Script@4 :: Script':
  no 'from.reset' write handler
Rx rate: 930797.40519
While executing 'Script@4 :: Script':
  no 'from.reset' write handler
Rx rate: 918413
While executing 'Script@4 :: Script':
  no 'from.reset' write handler
Rx rate: 924608.391608
While executing 'Script@4 :: Script':
  no 'from.reset' write handler
Rx rate: 924241
While executing 'Script@4 :: Script':
  no 'from.reset' write handler
Rx rate: 918360
While executing 'Script@4 :: Script':
  no 'from.reset' write handler
Rx rate: 896065
While executing 'Script@4 :: Script':
  no 'from.reset' write handler
Rx rate: 907275
While executing 'Script@4 :: Script':
  no 'from.reset' write handler
Rx rate: 915146.853147
While executing 'Script@4 :: Script':
  no 'from.reset' write handler
Rx rate: 924221.778222
While executing 'Script@4 :: Script':
  no 'from.reset' write handler
Rx rate: 922038
While executing 'Script@4 :: Script':
  no 'from.reset' write handler
Rx rate: 920482
While executing 'Script@4 :: Script':
  no 'from.reset' write handler
Rx rate: 919164.670659
While executing 'Script@4 :: Script':
  no 'from.reset' write handler
Rx rate: 923074
While executing 'Script@4 :: Script':
  no 'from.reset' write handler
Rx rate: 924736.263736
While executing 'Script@4 :: Script':
  no 'from.reset' write handler
Rx rate: 921632
While executing 'Script@4 :: Script':
  no 'from.reset' write handler
Rx rate: 916051
While executing 'Script@4 :: Script':
  no 'from.reset' write handler
Rx rate: 916729
While executing 'Script@4 :: Script':
  no 'from.reset' write handler
Rx rate: 922766
While executing 'Script@4 :: Script':
  no 'from.reset' write handler
Rx rate: 922299
While executing 'Script@4 :: Script':
  no 'from.reset' write handler
Rx rate: 913610.38961
While executing 'Script@4 :: Script':
  no 'from.reset' write handler
Rx rate: 921779
While executing 'Script@4 :: Script':
  no 'from.reset' write handler
AUTOTEST_DONE
