to_device :: Queue: overflow
Startup trace (nsec): main: 161931099880
Startup trace (nsec): init done: 162063174988
Rx rate: 630253.164557    TxExt rate: 630253.164557    TxInt rate: 0
While executing 'Script@35 :: Script':
  no 'from_device.reset' write handler
Rx rate: 642864.271457    TxExt rate: 642864.271457    TxInt rate: 0
While executing 'Script@35 :: Script':
  no 'from_device.reset' write handler
Rx rate: 614321.357285    TxExt rate: 614321.357285    TxInt rate: 0
While executing 'Script@35 :: Script':
  no 'from_device.reset' write handler
Rx rate: 639657.342657    TxExt rate: 639657.342657    TxInt rate: 0
While executing 'Script@35 :: Script':
  no 'from_device.reset' write handler
Rx rate: 627889.110889    TxExt rate: 627889.110889    TxInt rate: 0
While executing 'Script@35 :: Script':
  no 'from_device.reset' write handler
Rx rate: 631800    TxExt rate: 631800    TxInt rate: 0
While executing 'Script@35 :: Script':
  no 'from_device.reset' write handler
Rx rate: 635310    TxExt rate: 635310    TxInt rate: 0
While executing 'Script@35 :: Script':
  no 'from_device.reset' write handler
Rx rate: 642915    TxExt rate: 642915    TxInt rate: 0
While executing 'Script@35 :: Script':
  no 'from_device.reset' write handler
Rx rate: 637065    TxExt rate: 637065    TxInt rate: 0
While executing 'Script@35 :: Script':
  no 'from_device.reset' write handler
Rx rate: 639405    TxExt rate: 639405    TxInt rate: 0
While executing 'Script@35 :: Script':
  no 'from_device.reset' write handler
Rx rate: 637662.337662    TxExt rate: 637662.337662    TxInt rate: 0
While executing 'Script@35 :: Script':
  no 'from_device.reset' write handler
Rx rate: 638170    TxExt rate: 638170    TxInt rate: 0
While executing 'Script@35 :: Script':
  no 'from_device.reset' write handler
Rx rate: 635389.61039    TxExt rate: 635389.61039    TxInt rate: 0
While executing 'Script@35 :: Script':
  no 'from_device.reset' write handler
Rx rate: 647189    TxExt rate: 647189    TxInt rate: 0
While executing 'Script@35 :: Script':
  no 'from_device.reset' write handler
Rx rate: 627043.956044    TxExt rate: 627043.956044    TxInt rate: 0
While executing 'Script@35 :: Script':
  no 'from_device.reset' write handler
Rx rate: 631168.831169    TxExt rate: 631168.831169    TxInt rate: 0
While executing 'Script@35 :: Script':
  no 'from_device.reset' write handler
Rx rate: 637975    TxExt rate: 637975    TxInt rate: 0
While executing 'Script@35 :: Script':
  no 'from_device.reset' write handler
Rx rate: 641883.116883    TxExt rate: 641883.116883    TxInt rate: 0
While executing 'Script@35 :: Script':
  no 'from_device.reset' write handler
Rx rate: 643825    TxExt rate: 643825    TxInt rate: 0
While executing 'Script@35 :: Script':
  no 'from_device.reset' write handler
Rx rate: 641875    TxExt rate: 641875    TxInt rate: 0
While executing 'Script@35 :: Script':
  no 'from_device.reset' write handler
Rx rate: 641875    TxExt rate: 641875    TxInt rate: 0
While executing 'Script@35 :: Script':
  no 'from_device.reset' write handler
Rx rate: 638950    TxExt rate: 638950    TxInt rate: 0
While executing 'Script@35 :: Script':
  no 'from_device.reset' write handler
Rx rate: 630825    TxExt rate: 630825    TxInt rate: 0
While executing 'Script@35 :: Script':
  no 'from_device.reset' write handler
Rx rate: 642519.480519    TxExt rate: 642519.480519    TxInt rate: 0
While executing 'Script@35 :: Script':
  no 'from_device.reset' write handler
Rx rate: 616951.048951    TxExt rate: 616951.048951    TxInt rate: 0
While executing 'Script@35 :: Script':
  no 'from_device.reset' write handler
Rx rate: 631558.441558    TxExt rate: 631558.441558    TxInt rate: 0
While executing 'Script@35 :: Script':
  no 'from_device.reset' write handler
Rx rate: 633880    TxExt rate: 633880    TxInt rate: 0
While executing 'Script@35 :: Script':
  no 'from_device.reset' write handler
Rx rate: 648440    TxExt rate: 648440    TxInt rate: 0
While executing 'Script@35 :: Script':
  no 'from_device.reset' write handler
Rx rate: 646360    TxExt rate: 646360    TxInt rate: 0
While executing 'Script@35 :: Script':
  no 'from_device.reset' write handler
Rx rate: 646233.766234    TxExt rate: 646233.766234    TxInt rate: 0
While executing 'Script@35 :: Script':
  no 'from_device.reset' write handler
Rx rate: 651300    TxExt rate: 651300    TxInt rate: 0
While executing 'Script@35 :: Script':
  no 'from_device.reset' write handler
Rx rate: 651560    TxExt rate: 651560    TxInt rate: 0
While executing 'Script@35 :: Script':
  no 'from_device.reset' write handler
Rx rate: 646100    TxExt rate: 646100    TxInt rate: 0
While executing 'Script@35 :: Script':
  no 'from_device.reset' write handler
Rx rate: 654325    TxExt rate: 654325    TxInt rate: 0
While executing 'Script@35 :: Script':
  no 'from_device.reset' write handler
Rx rate: 651191    TxExt rate: 651191    TxInt rate: 0
While executing 'Script@35 :: Script':
  no 'from_device.reset' write handler
Rx rate: 649715    TxExt rate: 649715    TxInt rate: 0
While executing 'Script@35 :: Script':
  no 'from_device.reset' write handler
Rx rate: 648571.428571    TxExt rate: 648571.428571    TxInt rate: 0
While executing 'Script@35 :: Script':
  no 'from_device.reset' write handler
Rx rate: 649090    TxExt rate: 649090    TxInt rate: 0
While executing 'Script@35 :: Script':
  no 'from_device.reset' write handler
Rx rate: 651690    TxExt rate: 651690    TxInt rate: 0
While executing 'Script@35 :: Script':
  no 'from_device.reset' write handler
Rx rate: 651560    TxExt rate: 651560    TxInt rate: 0
While executing 'Script@35 :: Script':
  no 'from_device.reset' write handler
Rx rate: 634920    TxExt rate: 634920    TxInt rate: 0
While executing 'Script@35 :: Script':
  no 'from_device.reset' write handler
Rx rate: 647920    TxExt rate: 647920    TxInt rate: 0
While executing 'Script@35 :: Script':
  no 'from_device.reset' write handler
Rx rate: 645454.545455    TxExt rate: 645454.545455    TxInt rate: 0
While executing 'Script@35 :: Script':
  no 'from_device.reset' write handler
Rx rate: 639675.324675    TxExt rate: 639675.324675    TxInt rate: 0
While executing 'Script@35 :: Script':
  no 'from_device.reset' write handler
Rx rate: 619232    TxExt rate: 619232    TxInt rate: 0
While executing 'Script@35 :: Script':
  no 'from_device.reset' write handler
Rx rate: 649410    TxExt rate: 649410    TxInt rate: 0
While executing 'Script@35 :: Script':
  no 'from_device.reset' write handler
Rx rate: 648960    TxExt rate: 648960    TxInt rate: 0
While executing 'Script@35 :: Script':
  no 'from_device.reset' write handler
Rx rate: 645320    TxExt rate: 645320    TxInt rate: 0
While executing 'Script@35 :: Script':
  no 'from_device.reset' write handler
Rx rate: 647660    TxExt rate: 647660    TxInt rate: 0
While executing 'Script@35 :: Script':
  no 'from_device.reset' write handler
Rx rate: 649740    TxExt rate: 649740    TxInt rate: 0
While executing 'Script@35 :: Script':
  no 'from_device.reset' write handler
Rx rate: 647075    TxExt rate: 647075    TxInt rate: 0
While executing 'Script@35 :: Script':
  no 'from_device.reset' write handler
Rx rate: 642857.142857    TxExt rate: 642857.142857    TxInt rate: 0
While executing 'Script@35 :: Script':
  no 'from_device.reset' write handler
Rx rate: 641233.766234    TxExt rate: 641233.766234    TxInt rate: 0
While executing 'Script@35 :: Script':
  no 'from_device.reset' write handler
Rx rate: 623453.546454    TxExt rate: 623453.546454    TxInt rate: 0
While executing 'Script@35 :: Script':
  no 'from_device.reset' write handler
Rx rate: 648872.127872    TxExt rate: 648872.127872    TxInt rate: 0
While executing 'Script@35 :: Script':
  no 'from_device.reset' write handler
Rx rate: 624845.154845    TxExt rate: 624845.154845    TxInt rate: 0
While executing 'Script@35 :: Script':
  no 'from_device.reset' write handler
Rx rate: 631150    TxExt rate: 631150    TxInt rate: 0
While executing 'Script@35 :: Script':
  no 'from_device.reset' write handler
Rx rate: 625300    TxExt rate: 625300    TxInt rate: 0
While executing 'Script@35 :: Script':
  no 'from_device.reset' write handler
Rx rate: 631475    TxExt rate: 631475    TxInt rate: 0
While executing 'Script@35 :: Script':
  no 'from_device.reset' write handler
Rx rate: 632450    TxExt rate: 632450    TxInt rate: 0
While executing 'Script@35 :: Script':
  no 'from_device.reset' write handler
Rx rate: 634725    TxExt rate: 634725    TxInt rate: 0
While executing 'Script@35 :: Script':
  no 'from_device.reset' write handler
Rx rate: 639275    TxExt rate: 639275    TxInt rate: 0
While executing 'Script@35 :: Script':
  no 'from_device.reset' write handler
Rx rate: 625779.220779    TxExt rate: 625779.220779    TxInt rate: 0
While executing 'Script@35 :: Script':
  no 'from_device.reset' write handler
Rx rate: 630807    TxExt rate: 630807    TxInt rate: 0
While executing 'Script@35 :: Script':
  no 'from_device.reset' write handler
Rx rate: 613753    TxExt rate: 613753    TxInt rate: 0
While executing 'Script@35 :: Script':
  no 'from_device.reset' write handler
Rx rate: 637981.018981    TxExt rate: 637981.018981    TxInt rate: 0
While executing 'Script@35 :: Script':
  no 'from_device.reset' write handler
Rx rate: 642597.402597    TxExt rate: 642597.402597    TxInt rate: 0
While executing 'Script@35 :: Script':
  no 'from_device.reset' write handler
Rx rate: 632987.012987    TxExt rate: 632987.012987    TxInt rate: 0
While executing 'Script@35 :: Script':
  no 'from_device.reset' write handler
Rx rate: 631688.311688    TxExt rate: 631688.311688    TxInt rate: 0
While executing 'Script@35 :: Script':
  no 'from_device.reset' write handler
Rx rate: 632320    TxExt rate: 632320    TxInt rate: 0
While executing 'Script@35 :: Script':
  no 'from_device.reset' write handler
Rx rate: 633360    TxExt rate: 633360    TxInt rate: 0
While executing 'Script@35 :: Script':
  no 'from_device.reset' write handler
Rx rate: 635960    TxExt rate: 635960    TxInt rate: 0
While executing 'Script@35 :: Script':
  no 'from_device.reset' write handler
AUTOTEST_DONE
