SimpleQueue@7 :: SimpleQueue: overflow
Startup trace (nsec): main: 162014248376
Startup trace (nsec): init done: 162018174331
Rx rate: 298169.139466   TxExt rate: 295145.400593   TxInt rate: 295145.400593
While executing 'Script@11 :: Script':
  no 'from_device.reset' write handler
Rx rate: 294999.004975   TxExt rate: 292582.089552   TxInt rate: 292582.089552
While executing 'Script@11 :: Script':
  no 'from_device.reset' write handler
Rx rate: 296289.71029   TxExt rate: 293639.360639   TxInt rate: 293639.360639
While executing 'Script@11 :: Script':
  no 'from_device.reset' write handler
Rx rate: 300211.576846   TxExt rate: 296734.530938   TxInt rate: 296734.530938
While executing 'Script@11 :: Script':
  no 'from_device.reset' write handler
Rx rate: 301881.118881   TxExt rate: 298689.310689   TxInt rate: 298689.310689
While executing 'Script@11 :: Script':
  no 'from_device.reset' write handler
Rx rate: 299653.692615   TxExt rate: 296924.151697   TxInt rate: 296924.151697
While executing 'Script@11 :: Script':
  no 'from_device.reset' write handler
Rx rate: 298944.055944   TxExt rate: 296418.581419   TxInt rate: 296418.581419
While executing 'Script@11 :: Script':
  no 'from_device.reset' write handler
Rx rate: 301232   TxExt rate: 297078   TxInt rate: 297078
While executing 'Script@11 :: Script':
  no 'from_device.reset' write handler
Rx rate: 301587.412587   TxExt rate: 298821.178821   TxInt rate: 298821.178821
While executing 'Script@11 :: Script':
  no 'from_device.reset' write handler
Rx rate: 300773   TxExt rate: 298163   TxInt rate: 298163
While executing 'Script@11 :: Script':
  no 'from_device.reset' write handler
Rx rate: 300211   TxExt rate: 297431   TxInt rate: 297431
While executing 'Script@11 :: Script':
  no 'from_device.reset' write handler
Rx rate: 298301   TxExt rate: 295714   TxInt rate: 295714
While executing 'Script@11 :: Script':
  no 'from_device.reset' write handler
Rx rate: 300525   TxExt rate: 297764   TxInt rate: 297764
While executing 'Script@11 :: Script':
  no 'from_device.reset' write handler
Rx rate: 299260   TxExt rate: 295938   TxInt rate: 295938
While executing 'Script@11 :: Script':
  no 'from_device.reset' write handler
Rx rate: 298716   TxExt rate: 295379   TxInt rate: 295379
While executing 'Script@11 :: Script':
  no 'from_device.reset' write handler
Rx rate: 299417.582418   TxExt rate: 296980.01998   TxInt rate: 296980.01998
While executing 'Script@11 :: Script':
  no 'from_device.reset' write handler
Rx rate: 298476.523477   TxExt rate: 295851.148851   TxInt rate: 295851.148851
While executing 'Script@11 :: Script':
  no 'from_device.reset' write handler
Rx rate: 301446   TxExt rate: 297242   TxInt rate: 297242
While executing 'Script@11 :: Script':
  no 'from_device.reset' write handler
Rx rate: 299811   TxExt rate: 297183   TxInt rate: 297183
While executing 'Script@11 :: Script':
  no 'from_device.reset' write handler
Rx rate: 300265   TxExt rate: 297506   TxInt rate: 297506
While executing 'Script@11 :: Script':
  no 'from_device.reset' write handler
Rx rate: 299444   TxExt rate: 296773   TxInt rate: 296773
While executing 'Script@11 :: Script':
  no 'from_device.reset' write handler
Rx rate: 302299.7003   TxExt rate: 299790.20979   TxInt rate: 299790.20979
While executing 'Script@11 :: Script':
  no 'from_device.reset' write handler
Rx rate: 301498   TxExt rate: 298863   TxInt rate: 298863
While executing 'Script@11 :: Script':
  no 'from_device.reset' write handler
Rx rate: 298186   TxExt rate: 294557   TxInt rate: 294557
While executing 'Script@11 :: Script':
  no 'from_device.reset' write handler
Rx rate: 295120.879121   TxExt rate: 291514.485514   TxInt rate: 291514.485514
While executing 'Script@11 :: Script':
  no 'from_device.reset' write handler
Rx rate: 295244   TxExt rate: 292685   TxInt rate: 292685
While executing 'Script@11 :: Script':
  no 'from_device.reset' write handler
Rx rate: 297759   TxExt rate: 295091   TxInt rate: 295091
While executing 'Script@11 :: Script':
  no 'from_device.reset' write handler
Rx rate: 299315   TxExt rate: 294723   TxInt rate: 294723
While executing 'Script@11 :: Script':
  no 'from_device.reset' write handler
Rx rate: 299053   TxExt rate: 296387   TxInt rate: 296387
While executing 'Script@11 :: Script':
  no 'from_device.reset' write handler
Rx rate: 298854   TxExt rate: 296327   TxInt rate: 296327
While executing 'Script@11 :: Script':
  no 'from_device.reset' write handler
Rx rate: 299433   TxExt rate: 296914   TxInt rate: 296914
While executing 'Script@11 :: Script':
  no 'from_device.reset' write handler
Rx rate: 298313.686314   TxExt rate: 295884.115884   TxInt rate: 295884.115884
While executing 'Script@11 :: Script':
  no 'from_device.reset' write handler
Rx rate: 298202.797203   TxExt rate: 295607.392607   TxInt rate: 295607.392607
While executing 'Script@11 :: Script':
  no 'from_device.reset' write handler
Rx rate: 297177   TxExt rate: 293531   TxInt rate: 293531
While executing 'Script@11 :: Script':
  no 'from_device.reset' write handler
Rx rate: 297891   TxExt rate: 294386   TxInt rate: 294386
While executing 'Script@11 :: Script':
  no 'from_device.reset' write handler
Rx rate: 298862   TxExt rate: 296319   TxInt rate: 296319
While executing 'Script@11 :: Script':
  no 'from_device.reset' write handler
Rx rate: 298695.304695   TxExt rate: 296149.85015   TxInt rate: 296149.85015
While executing 'Script@11 :: Script':
  no 'from_device.reset' write handler
Rx rate: 298288   TxExt rate: 295847   TxInt rate: 295847
While executing 'Script@11 :: Script':
  no 'from_device.reset' write handler
Rx rate: 298584.415584   TxExt rate: 294401.598402   TxInt rate: 294401.598402
While executing 'Script@11 :: Script':
  no 'from_device.reset' write handler
Rx rate: 296061.938062   TxExt rate: 293349.65035   TxInt rate: 293349.65035
While executing 'Script@11 :: Script':
  no 'from_device.reset' write handler
Rx rate: 297804   TxExt rate: 295305   TxInt rate: 295305
While executing 'Script@11 :: Script':
  no 'from_device.reset' write handler
Rx rate: 298396   TxExt rate: 295749   TxInt rate: 295749
While executing 'Script@11 :: Script':
  no 'from_device.reset' write handler
Rx rate: 299644.355644   TxExt rate: 297011.988012   TxInt rate: 297011.988012
While executing 'Script@11 :: Script':
  no 'from_device.reset' write handler
Rx rate: 299322   TxExt rate: 295676   TxInt rate: 295676
While executing 'Script@11 :: Script':
  no 'from_device.reset' write handler
Rx rate: 299961   TxExt rate: 296679   TxInt rate: 296679
While executing 'Script@11 :: Script':
  no 'from_device.reset' write handler
Rx rate: 296872   TxExt rate: 294424   TxInt rate: 294424
While executing 'Script@11 :: Script':
  no 'from_device.reset' write handler
Rx rate: 297870.12987   TxExt rate: 295422.577423   TxInt rate: 295422.577423
While executing 'Script@11 :: Script':
  no 'from_device.reset' write handler
Rx rate: 299805   TxExt rate: 297189   TxInt rate: 297189
While executing 'Script@11 :: Script':
  no 'from_device.reset' write handler
Rx rate: 301796   TxExt rate: 297152   TxInt rate: 297152
While executing 'Script@11 :: Script':
  no 'from_device.reset' write handler
Rx rate: 297524.475524   TxExt rate: 294992.007992   TxInt rate: 294992.007992
While executing 'Script@11 :: Script':
  no 'from_device.reset' write handler
Rx rate: 300686   TxExt rate: 298121   TxInt rate: 298121
While executing 'Script@11 :: Script':
  no 'from_device.reset' write handler
Rx rate: 296753.246753   TxExt rate: 294210.789211   TxInt rate: 294210.789211
While executing 'Script@11 :: Script':
  no 'from_device.reset' write handler
Rx rate: 297161   TxExt rate: 294653   TxInt rate: 294653
While executing 'Script@11 :: Script':
  no 'from_device.reset' write handler
Rx rate: 297375   TxExt rate: 294147   TxInt rate: 294147
While executing 'Script@11 :: Script':
  no 'from_device.reset' write handler
Rx rate: 297608   TxExt rate: 294372   TxInt rate: 294372
While executing 'Script@11 :: Script':
  no 'from_device.reset' write handler
Rx rate: 298488   TxExt rate: 295916   TxInt rate: 295916
While executing 'Script@11 :: Script':
  no 'from_device.reset' write handler
Rx rate: 299247   TxExt rate: 296711   TxInt rate: 296711
While executing 'Script@11 :: Script':
  no 'from_device.reset' write handler
Rx rate: 300059   TxExt rate: 297453   TxInt rate: 297453
While executing 'Script@11 :: Script':
  no 'from_device.reset' write handler
Rx rate: 297864.135864   TxExt rate: 294385.614386   TxInt rate: 294385.614386
While executing 'Script@11 :: Script':
  no 'from_device.reset' write handler
Rx rate: 299239   TxExt rate: 296589   TxInt rate: 296589
While executing 'Script@11 :: Script':
  no 'from_device.reset' write handler
Rx rate: 298173   TxExt rate: 295454   TxInt rate: 295454
While executing 'Script@11 :: Script':
  no 'from_device.reset' write handler
Rx rate: 294852.147852   TxExt rate: 292230.769231   TxInt rate: 292230.769231
While executing 'Script@11 :: Script':
  no 'from_device.reset' write handler
Rx rate: 297222   TxExt rate: 294592   TxInt rate: 294592
While executing 'Script@11 :: Script':
  no 'from_device.reset' write handler
Rx rate: 299485   TxExt rate: 296173   TxInt rate: 296173
While executing 'Script@11 :: Script':
  no 'from_device.reset' write handler
Rx rate: 299301.698302   TxExt rate: 295965.034965   TxInt rate: 295965.034965
While executing 'Script@11 :: Script':
  no 'from_device.reset' write handler
Rx rate: 299909   TxExt rate: 297344   TxInt rate: 297344
While executing 'Script@11 :: Script':
  no 'from_device.reset' write handler
Rx rate: 298710.28971   TxExt rate: 296134.865135   TxInt rate: 296134.865135
While executing 'Script@11 :: Script':
  no 'from_device.reset' write handler
Rx rate: 299238.761239   TxExt rate: 296931.068931   TxInt rate: 296931.068931
While executing 'Script@11 :: Script':
  no 'from_device.reset' write handler
Rx rate: 299957   TxExt rate: 295777   TxInt rate: 295777
While executing 'Script@11 :: Script':
  no 'from_device.reset' write handler
Rx rate: 299499   TxExt rate: 296977   TxInt rate: 296977
While executing 'Script@11 :: Script':
  no 'from_device.reset' write handler
Rx rate: 300500   TxExt rate: 297789   TxInt rate: 297789
While executing 'Script@11 :: Script':
  no 'from_device.reset' write handler
Rx rate: 300196.803197   TxExt rate: 297624.375624   TxInt rate: 297624.375624
While executing 'Script@11 :: Script':
  no 'from_device.reset' write handler
AUTOTEST_DONE
