Time,Device,Direction,PacketRate,Mbit,MbitWithFraming,TotalPackets,TotalBytes
1748706731,Device: id=0,RX,0.65577792830581,1280.0785160529,1385.0029845819,659297,160868468
1748706731,Device: id=0,TX,0,0,0,0,0
1748706732,Device: id=0,RX,0.65540746360091,1279.3573178905,1384.2225120666,1315733,321039096
1748706732,Device: id=0,TX,0,0,0,0,0
1748706733,Device: id=0,RX,0.65418705042516,1276.9711806258,1381.6411086938,1973355,481498620
1748706733,Device: id=0,TX,0,0,0,0,0
1748706734,Device: id=0,RX,0.65553745884788,1279.611061571,1384.4970549866,2632302,642281932
1748706734,Device: id=0,TX,0,0,0,0,0
1748706735,Device: id=0,RX,0.65537787972643,1279.297621226,1384.1580819822,3291122,803034012
1748706735,Device: id=0,TX,0,0,0,0,0
1748706736,Device: id=0,RX,0.65271744066403,1274.1005609782,1378.5353514844,3947336,963149740
1748706736,Device: id=0,TX,0,0,0,0,0
1748706737,Device: id=0,RX,0.65739955101922,1283.2458654976,1388.4297936607,4608152,1124389088
1748706737,Device: id=0,TX,0,0,0,0,0
1748706738,Device: id=0,RX,0.6558045839111,1280.1324894897,1385.0612229155,5267437,1285254872
1748706738,Device: id=0,TX,0,0,0,0,0
1748706739,Device: id=0,RX,0.654653785939,1277.9016636338,1382.646269384,5925632,1445856648
1748706739,Device: id=0,TX,0,0,0,0,0
1748706740,Device: id=0,RX,0.6574722009258,1283.3663263476,1388.5618784957,6586835,1607187740
1748706740,Device: id=0,TX,0,0,0,0,0
1748706741,Device: id=0,RX,0.65627473402502,1281.057989847,1386.061947291,7246555,1768160640
1748706741,Device: id=0,TX,0,0,0,0,0
1748706742,Device: id=0,RX,0.65623894762038,1280.9706650597,1385.9688966789,7906794,1929257980
1748706742,Device: id=0,TX,0,0,0,0,0
1748706743,Device: id=0,RX,0.6574964010655,1283.4310329737,1388.6304571442,8567708,2090520752
1748706743,Device: id=0,TX,0,0,0,0,0
1748706744,Device: id=0,RX,0.6561987649497,1280.8999891818,1385.8917915738,9227424,2251491456
1748706744,Device: id=0,TX,0,0,0,0,0
1748706745,Device: id=0,RX,0.65559146274945,1279.7145352869,1384.6091693268,9886389,2412278916
1748706745,Device: id=0,TX,0,0,0,0,0
1748706746,Device: id=0,RX,0.65533320037796,1279.2104071378,1384.0637191982,10545440,2573087360
1748706746,Device: id=0,TX,0,0,0,0,0
1748706747,Device: id=0,RX,0.65621213218367,1280.9260820225,1385.9200231719,11205030,2734027320
1748706747,Device: id=0,TX,0,0,0,0,0
1748706748,Device: id=0,RX,0.65522991147917,1279.0087872073,1383.845573044,11863631,2894725964
1748706748,Device: id=0,TX,0,0,0,0,0
1748706749,Device: id=0,RX,0.65649367316216,1281.4737080091,1386.512695715,12523504,3055734732
1748706749,Device: id=0,TX,0,0,0,0,0
1748706750,Device: id=0,RX,0.65757279280532,1283.5840329475,1388.7956797964,13184670,3217059480
1748706750,Device: id=0,TX,0,0,0,0,0
1748706751,Device: id=0,RX,0.65650871593237,1281.5147230335,1386.5561175827,13844591,3378081424
1748706751,Device: id=0,TX,0,0,0,0,0
1748706752,Device: id=0,RX,0.65583569682819,1280.1796367254,1385.1133482179,14504286,3539045540
1748706752,Device: id=0,TX,0,0,0,0,0
1748706753,Device: id=0,RX,0.65665255733396,1281.7857919159,1386.8502010893,15164352,3700101644
1748706753,Device: id=0,TX,0,0,0,0,0
1748706754,Device: id=0,RX,0.65605224288783,1280.6159200213,1385.5842788833,15823815,3861010860
1748706754,Device: id=0,TX,0,0,0,0,0
1748706755,Device: id=0,RX,0.65500669103419,1278.5730608987,1383.3741314642,16482193,4021655092
1748706755,Device: id=0,TX,0,0,0,0,0
1748706756,Device: id=0,RX,0.65587125827473,1280.2606961523,1385.2000974762,17141750,4182587000
1748706756,Device: id=0,TX,0,0,0,0,0
1748706757,Device: id=0,RX,0.65514886867185,1278.8505916475,1383.674410635,17800305,4343274420
1748706757,Device: id=0,TX,0,0,0,0,0
1748706758,Device: id=0,RX,0.65593320201448,1280.3816103323,1385.3309226546,18459649,4504154356
1748706758,Device: id=0,TX,0,0,0,0,0
1748706759,Device: id=0,RX,0.65647822437287,1281.4435530887,1386.4800689884,19119886,4665251940
1748706759,Device: id=0,TX,0,0,0,0,0
1748706760,Device: id=0,RX,0.65537717774301,1279.2981928539,1384.1585412928,19778672,4825995968
1748706760,Device: id=0,TX,0,0,0,0,0
1748706761,Device: id=0,RX,0.65635306044886,1281.1992320879,1386.2157217597,20438436,4986978140
1748706761,Device: id=0,TX,0,0,0,0,0
1748706762,Device: id=0,RX,0.65601189106297,1280.5352113549,1385.497113925,21097860,5147877596
1748706762,Device: id=0,TX,0,0,0,0,0
1748706763,Device: id=0,RX,0.65620642402672,1280.9149397002,1385.9079675444,21757477,5308824144
1748706763,Device: id=0,TX,0,0,0,0,0
1748706764,Device: id=0,RX,0.65452372101625,1277.6322446125,1382.3560399751,22415646,5469417624
1748706764,Device: id=0,TX,0,0,0,0,0
1748706765,Device: id=0,RX,0.65707749412352,1282.6133266261,1387.7457256859,23076140,5630577916
1748706765,Device: id=0,TX,0,0,0,0,0
1748706766,Device: id=0,RX,0.65639354186258,1281.2821356202,1386.3051023182,23735946,5791570824
1748706766,Device: id=0,TX,0,0,0,0,0
1748706767,Device: id=0,RX,0.65511983315674,1278.791974145,1383.6111474501,24395058,5952393908
1748706767,Device: id=0,TX,0,0,0,0,0
1748706768,Device: id=0,RX,0.65107198201779,1270.8944508025,1375.0659679253,25049515,6112081660
1748706768,Device: id=0,TX,0,0,0,0,0
1748706769,Device: id=0,RX,0.6570139663979,1282.4893205053,1387.611555129,25709945,6273226336
1748706769,Device: id=0,TX,0,0,0,0,0
1748706770,Device: id=0,RX,0.65615450858948,1280.8136007667,1385.798322141,26369512,6434160684
1748706770,Device: id=0,TX,0,0,0,0,0
1748706771,Device: id=0,RX,0.65520277211835,1278.955811175,1383.7882547139,27028087,6594852984
1748706771,Device: id=0,TX,0,0,0,0,0
1748706772,Device: id=0,RX,0.65600417704354,1280.520153589,1385.480821916,27687501,6755750000
1748706772,Device: id=0,TX,0,0,0,0,0
1748706773,Device: id=0,RX,0.65689289224341,1282.2568676634,1387.3597304223,28347775,6916857100
1748706773,Device: id=0,TX,0,0,0,0,0
1748706774,Device: id=0,RX,0.65461848913436,1277.8133487863,1382.5523070478,29005763,7077405928
1748706774,Device: id=0,TX,0,0,0,0,0
1748706775,Device: id=0,RX,0.65312899512065,1274.9097400738,1379.4103792931,29662391,7237623404
1748706775,Device: id=0,TX,0,0,0,0,0
1748706776,Device: id=0,RX,0.65514337062747,1278.8379190857,1383.6608583861,30321458,7398435508
1748706776,Device: id=0,TX,0,0,0,0,0
1748706777,Device: id=0,RX,0.65359475857192,1275.8169687324,1380.3921301039,30978417,7558733504
1748706777,Device: id=0,TX,0,0,0,0,0
1748706778,Device: id=0,RX,0.65437774801838,1277.3453641319,1382.0458038148,31636196,7719231580
1748706778,Device: id=0,TX,0,0,0,0,0
1748706779,Device: id=0,RX,0.65389906554572,1276.4109759452,1381.0348264326,32293461,7879604240
1748706779,Device: id=0,TX,0,0,0,0,0
1748706780,Device: id=0,RX,0.65487047150549,1278.3091021799,1383.0883776208,32951771,8040232124
1748706780,Device: id=0,TX,0,0,0,0,0
1748706781,Device: id=0,RX,0.65554742050925,1279.6266229312,1384.5142102126,33610727,8201017144
1748706781,Device: id=0,TX,0,0,0,0,0
1748706782,Device: id=0,RX,0.65470587691789,1277.9878120194,1382.7407523263,34269389,8361730916
1748706782,Device: id=0,TX,0,0,0,0,0
1748706783,Device: id=0,RX,0.65630789593529,1281.1110708585,1386.1203342081,34929074,8522693812
1748706783,Device: id=0,TX,0,0,0,0,0
1748706784,Device: id=0,RX,0.65656046165295,1281.6060211466,1386.655695011,35589047,8683727224
1748706784,Device: id=0,TX,0,0,0,0,0
1748706785,Device: id=0,RX,0.6541182124523,1276.8387507069,1381.4976646993,36246566,8844161860
1748706785,Device: id=0,TX,0,0,0,0,0
1748706786,Device: id=0,RX,0.65405874093744,1276.7265461191,1381.3759446691,36904025,9004582344
1748706786,Device: id=0,TX,0,0,0,0,0
1748706787,Device: id=0,RX,0.65436141230393,1277.3115349178,1382.0093608865,37561790,9165076760
1748706787,Device: id=0,TX,0,0,0,0,0
1748706788,Device: id=0,RX,0.65610070010736,1280.7066247062,1385.6827367234,38221302,9325997444
1748706788,Device: id=0,TX,0,0,0,0,0
1748706789,Device: id=0,RX,0.65430886815649,1277.2128519364,1381.9022708414,38879219,9486529436
1748706789,Device: id=0,TX,0,0,0,0,0
1748706790,Device: id=0,RX,0.65442873742838,1277.4429535588,1382.1515515473,39537051,9647040200
1748706790,Device: id=0,TX,0,0,0,0,0
1748706791,Device: id=0,RX,0.65765473527604,1283.7439851625,1388.9687428067,40198125,9808342500
1748706791,Device: id=0,TX,0,0,0,0,0
1748706792,Device: id=0,RX,0.65859684748276,1285.5791054029,1390.9546010001,40860494,9969960292
1748706792,Device: id=0,TX,0,0,0,0,0
1748706793,Device: id=0,RX,0.65630582427494,1281.1089689847,1386.1179008687,41520211,10130931240
1748706793,Device: id=0,TX,0,0,0,0,0
1748706794,Device: id=0,RX,0.654701082092,1277.9765122436,1382.7286853783,42178316,10291508860
1748706794,Device: id=0,TX,0,0,0,0,0
1748706795,Device: id=0,RX,0.65548736764864,1279.5113416502,1384.3893204739,42837211,10452279240
1748706795,Device: id=0,TX,0,0,0,0,0
1748706796,Device: id=0,RX,0.65697998159229,1282.4249240682,1387.5417211229,43497746,10613449780
1748706796,Device: id=0,TX,0,0,0,0,0
1748706797,Device: id=0,RX,0.6544749623714,1277.537067841,1382.2530618204,44155831,10774022764
1748706797,Device: id=0,TX,0,0,0,0,0
1748706798,Device: id=0,RX,0.65503173630468,1278.620007362,1383.4250851707,44814268,10934681148
1748706798,Device: id=0,TX,0,0,0,0,0
1748706799,Device: id=0,RX,0.65672335727102,1281.923993393,1386.9997305564,45474682,11095822164
1748706799,Device: id=0,TX,0,0,0,0,0
1748706800,Device: id=0,RX,0.65684333725276,1282.1601362193,1387.2550701797,46134941,11256925604
1748706800,Device: id=0,TX,0,0,0,0,0
1748706801,Device: id=0,RX,0.6556089969735,1279.7487624988,1384.6462020145,46648226,11382167144
1748706801,Device: id=0,TX,0,0,0,0,0
