Time,Device,Direction,PacketRate,Mbit,MbitWithFraming,TotalPackets,TotalBytes
1748707443,Device: id=0,RX,1.2055574742341,9760.1933113996,9953.0825072771,1212038,1226582456
1748707443,Device: id=0,TX,0,0,0,0,0
1748707444,Device: id=0,RX,1.2042003722573,9749.2223931708,9941.8944527319,2417178,2446186160
1748707444,Device: id=0,TX,0,0,0,0,0
1748707445,Device: id=0,RX,1.2024001766885,9734.6076718987,9926.9917001688,3626020,3669531228
1748707445,Device: id=0,TX,0,0,0,0,0
1748707446,Device: id=0,RX,1.2075280660323,9776.1552708096,9969.3597613748,4840718,4898806616
1748707446,Device: id=0,TX,0,0,0,0,0
1748707447,Device: id=0,RX,1.211270685158,9806.4716281901,10000.274937815,6058348,6131051212
1748707447,Device: id=0,TX,0,0,0,0,0
1748707448,Device: id=0,RX,1.2112361697782,9806.1438694071,9999.9416565716,7275945,7363256340
1748707448,Device: id=0,TX,0,0,0,0,0
1748707449,Device: id=0,RX,1.2030602669753,9739.9759214318,9932.4655641479,8485260,8587083120
1748707449,Device: id=0,TX,0,0,0,0,0
1748707450,Device: id=0,RX,1.2018340478151,9730.0484511113,9922.3418987617,9693913,9810239956
1748707450,Device: id=0,TX,0,0,0,0,0
1748707451,Device: id=0,RX,1.2048491952127,9754.4510303139,9947.2269015479,10905026,11035885300
1748707451,Device: id=0,TX,0,0,0,0,0
1748707452,Device: id=0,RX,1.2083903289171,9783.1361565932,9976.47860922,12119766,12265203192
1748707452,Device: id=0,TX,0,0,0,0,0
1748707453,Device: id=0,RX,1.2077252101136,9777.8157352462,9971.0517688644,13334658,13494683004
1748707453,Device: id=0,TX,0,0,0,0,0
1748707454,Device: id=0,RX,1.199343646296,9709.8217510655,9901.7167344729,14540680,14715169172
1748707454,Device: id=0,TX,0,0,0,0,0
1748707455,Device: id=0,RX,1.1988793317293,9706.1190231371,9897.9397162138,15746928,15935891136
1748707455,Device: id=0,TX,0,0,0,0,0
1748707456,Device: id=0,RX,1.1966248789662,9687.8750201108,9879.3350007454,16949837,17153235044
1748707456,Device: id=0,TX,0,0,0,0,0
1748707457,Device: id=0,RX,1.2002327553765,9717.0843875279,9909.1216283882,18156314,18374189768
1748707457,Device: id=0,TX,0,0,0,0,0
1748707458,Device: id=0,RX,1.2017811014698,9729.6197974992,9921.9047737344,19364283,19596654396
1748707458,Device: id=0,TX,0,0,0,0,0
1748707459,Device: id=0,RX,1.2093291978083,9790.7291854563,9984.2218571057,20579895,20826853740
1748707459,Device: id=0,TX,0,0,0,0,0
1748707460,Device: id=0,RX,1.2112589514793,9806.3524711764,10000.153903413,21797452,22059021424
1748707460,Device: id=0,TX,0,0,0,0,0
1748707461,Device: id=0,RX,1.2089151655239,9787.3771800817,9980.8036065655,23012590,23288741080
1748707461,Device: id=0,TX,0,0,0,0,0
1748707462,Device: id=0,RX,1.2034467871957,9743.105189136,9935.6566750873,24222422,24513091064
1748707462,Device: id=0,TX,0,0,0,0,0
1748707463,Device: id=0,RX,1.2001635795174,9716.5806773882,9908.606850111,25429709,25734872592
1748707463,Device: id=0,TX,0,0,0,0,0
1748707464,Device: id=0,RX,1.2004904896794,9719.1065850528,9911.1850634015,26636696,26956335340
1748707464,Device: id=0,TX,0,0,0,0,0
1748707465,Device: id=0,RX,1.202690776378,9736.9925792668,9929.4231034873,27845702,28179850424
1748707465,Device: id=0,TX,0,0,0,0,0
1748707466,Device: id=0,RX,1.1999285036103,9714.6131115439,9906.6016721215,29051935,29400557208
1748707466,Device: id=0,TX,0,0,0,0,0
1748707467,Device: id=0,RX,1.2052018494265,9757.3141729567,9950.146468865,30264161,30627329920
1748707467,Device: id=0,TX,0,0,0,0,0
1748707468,Device: id=0,RX,1.202568035111,9735.9908122583,9928.401697876,31472984,31850658796
1748707468,Device: id=0,TX,0,0,0,0,0
1748707469,Device: id=0,RX,1.2027227957691,9737.2518086849,9929.6874560079,32681958,33074141496
1748707469,Device: id=0,TX,0,0,0,0,0
1748707470,Device: id=0,RX,1.206955082534,9771.5083481955,9964.6211614009,33895189,34301931268
1748707470,Device: id=0,TX,0,0,0,0,0
1748707471,Device: id=0,RX,1.2076280684454,9776.9487875862,9970.1692785375,35109032,35530339372
1748707471,Device: id=0,TX,0,0,0,0,0
1748707472,Device: id=0,RX,1.1991865382684,9708.6142138209,9900.4840599438,36315147,36750927752
1748707472,Device: id=0,TX,0,0,0,0,0
1748707473,Device: id=0,RX,1.2003444519777,9717.9886832114,9910.0437955278,37521733,37971992784
1748707473,Device: id=0,TX,0,0,0,0,0
1748707474,Device: id=0,RX,1.2046752788845,9753.051057849,9945.7991024706,38732671,39197462040
1748707474,Device: id=0,TX,0,0,0,0,0
1748707475,Device: id=0,RX,1.2020645241792,9731.914387755,9924.2447116237,39940988,40420278844
1748707476,Device: id=0,TX,0,0,0,0,0
1748707476,Device: id=0,RX,1.2012155156789,9725.0408149365,9917.2352974451,41148448,41642228364
1748707477,Device: id=0,TX,0,0,0,0,0
1748707477,Device: id=0,RX,1.2098736153834,9795.1367901438,9988.7165686051,42365252,42873634012
1748707478,Device: id=0,TX,0,0,0,0,0
1748707478,Device: id=0,RX,1.2076001786405,9776.7391004166,9969.9551289991,43579128,44102077536
1748707479,Device: id=0,TX,0,0,0,0,0
1748707479,Device: id=0,RX,1.2084149059097,9783.3270782446,9976.6734631901,44793826,45331351912
1748707480,Device: id=0,TX,0,0,0,0,0
1748707481,Device: id=0,RX,1.2021144423059,9732.3104707941,9924.648781563,46002192,46554217292
1748707481,Device: id=0,TX,0,0,0,0,0
1748707482,Device: id=0,RX,1.2050188581539,9755.8326756138,9948.6356929184,47214174,47780743076
1748707482,Device: id=0,TX,0,0,0,0,0
1748707483,Device: id=0,RX,1.2052117714691,9757.394501814,9950.2283852491,48425652,49006758812
1748707483,Device: id=0,TX,0,0,0,0,0
1748707484,Device: id=0,RX,1.2003377195087,9717.9341771424,9909.9882122638,49632231,50227816760
1748707484,Device: id=0,TX,0,0,0,0,0
1748707485,Device: id=0,RX,1.2060467035011,9764.154111545,9957.1215841052,50844612,51454746332
1748707485,Device: id=0,TX,0,0,0,0,0
1748707486,Device: id=0,RX,1.2021402236182,9732.5272504132,9924.8696861921,52053001,52677636000
1748707486,Device: id=0,TX,0,0,0,0,0
1748707487,Device: id=0,RX,1.2062431156994,9765.7523154249,9958.7512139368,53266028,53905220336
1748707487,Device: id=0,TX,0,0,0,0,0
1748707488,Device: id=0,RX,1.2059935595863,9763.7158042676,9956.6747738014,54478289,55132027456
1748707488,Device: id=0,TX,0,0,0,0,0
1748707489,Device: id=0,RX,1.2040357513607,9747.8814971394,9940.5272173571,55688585,56356848020
1748707489,Device: id=0,TX,0,0,0,0,0
1748707490,Device: id=0,RX,1.2039691113036,9747.32587099,9939.9609287986,56898814,57581598756
1748707490,Device: id=0,TX,0,0,0,0,0
1748707491,Device: id=0,RX,1.2050322088869,9755.9407631481,9948.74591657,58111001,58808332000
1748707491,Device: id=0,TX,0,0,0,0,0
1748707492,Device: id=0,RX,1.2001432403655,9716.3596739993,9908.3825924578,59317381,60029188560
1748707492,Device: id=0,TX,0,0,0,0,0
1748707493,Device: id=0,RX,1.2016758464814,9728.7676531131,9921.0357885502,60525310,61251612708
1748707493,Device: id=0,TX,0,0,0,0,0
1748707494,Device: id=0,RX,1.2010884603262,9724.0121748011,9916.1863284533,61732641,62473431680
1748707494,Device: id=0,TX,0,0,0,0,0
1748707495,Device: id=0,RX,1.1998202726752,9713.7529817059,9905.724225334,62938699,63693963388
1748707495,Device: id=0,TX,0,0,0,0,0
1748707496,Device: id=0,RX,1.2070495267385,9772.2649143485,9965.3928386266,64152024,64921847276
1748707496,Device: id=0,TX,0,0,0,0,0
1748707497,Device: id=0,RX,1.2024463591364,9735.0137730322,9927.405190494,65361422,66145759064
1748707497,Device: id=0,TX,0,0,0,0,0
1748707498,Device: id=0,RX,1.2078042911158,9778.3754867423,9971.6241733208,66575505,67374410048
1748707498,Device: id=0,TX,0,0,0,0,0
1748707499,Device: id=0,RX,1.2112584364993,9806.3483018987,10000.149651739,67792996,68606510940
1748707499,Device: id=0,TX,0,0,0,0,0
1748707500,Device: id=0,RX,1.199661414955,9712.4668695717,9904.4126959645,68998899,69826885788
1748707500,Device: id=0,TX,0,0,0,0,0
1748707501,Device: id=0,RX,1.2035489144695,9743.9239574037,9936.4917837188,70208703,71051206424
1748707501,Device: id=0,TX,0,0,0,0,0
1748707502,Device: id=0,RX,1.2042862150835,9749.9092463713,9942.5950407847,71420013,72277053156
1748707502,Device: id=0,TX,0,0,0,0,0
1748707503,Device: id=0,RX,1.1991163699559,9708.0380770322,9899.8966962252,72625363,73496866344
1748707503,Device: id=0,TX,0,0,0,0,0
1748707504,Device: id=0,RX,1.2058136108958,9762.2669938128,9955.1971715561,73837446,74723494340
1748707504,Device: id=0,TX,0,0,0,0,0
1748707505,Device: id=0,RX,1.2068931732701,9771.0071307949,9964.1100385181,75050614,75951220356
1748707505,Device: id=0,TX,0,0,0,0,0
1748707506,Device: id=0,RX,1.206404250069,9767.0488085584,9960.0734885695,76263290,77178448468
1748707506,Device: id=0,TX,0,0,0,0,0
1748707507,Device: id=0,RX,1.2059426034499,9763.3193699517,9956.2701865037,77475759,78405468108
1748707507,Device: id=0,TX,0,0,0,0,0
1748707508,Device: id=0,RX,1.2043073466216,9750.0722782483,9942.7614537078,78686264,79630499168
1748707508,Device: id=0,TX,0,0,0,0,0
1748707509,Device: id=0,RX,1.2056257943188,9760.7464308051,9953.6465578961,79899110,80857899320
1748707509,Device: id=0,TX,0,0,0,0,0
1748707510,Device: id=0,RX,1.2112395348454,9806.195274108,9999.9935996833,81116584,82089983008
1748707510,Device: id=0,TX,0,0,0,0,0
1748707511,Device: id=0,RX,1.2032630290289,9741.6174830177,9934.1395676623,82326103,83314016236
1748707511,Device: id=0,TX,0,0,0,0,0
1748707512,Device: id=0,RX,1.2048949286129,9754.8293420498,9947.6125306278,83537264,84539711168
1748707512,Device: id=0,TX,0,0,0,0,0
1748707513,Device: id=0,RX,1.2093732027876,9791.0773956371,9984.5771080831,84752924,85769958076
1748707513,Device: id=0,TX,0,0,0,0,0
1748707513,Device: id=0,RX,1.2043743595838,9750.6146985213,9943.3145960547,85701847,86730270176
1748707513,Device: id=0,TX,0,0,0,0,0
