/tmp/linux.click:2: While initializing 'from_device :: FromDevice':
  warning: ens7: no IPv4 address assigned
SimpleQueue@7 :: SimpleQueue: overflow
Startup trace (nsec): main: 8889801329
Startup trace (nsec): init done: 8900095287
Rx rate: 292593.659942   TxExt rate: 290342.939481   TxInt rate: 290342.939481
While executing 'Script@11 :: Script':
  no 'from_device.reset' write handler
Rx rate: 251745   TxExt rate: 249809   TxInt rate: 249809
While executing 'Script@11 :: Script':
  no 'from_device.reset' write handler
Rx rate: 269750   TxExt rate: 267675   TxInt rate: 267675
While executing 'Script@11 :: Script':
  no 'from_device.reset' write handler
Rx rate: 271641.791045   TxExt rate: 269552.238806   TxInt rate: 269552.238806
While executing 'Script@11 :: Script':
  no 'from_device.reset' write handler
Rx rate: 260325   TxExt rate: 258322   TxInt rate: 258322
While executing 'Script@11 :: Script':
  no 'from_device.reset' write handler
Rx rate: 270368.89332   TxExt rate: 268289.132602   TxInt rate: 268289.132602
While executing 'Script@11 :: Script':
  no 'from_device.reset' write handler
Rx rate: 271957.085828   TxExt rate: 269143.712575   TxInt rate: 269143.712575
While executing 'Script@11 :: Script':
  no 'from_device.reset' write handler
Rx rate: 247367.632368   TxExt rate: 244724.275724   TxInt rate: 244724.275724
While executing 'Script@11 :: Script':
  no 'from_device.reset' write handler
Rx rate: 269036   TxExt rate: 266965   TxInt rate: 266965
While executing 'Script@11 :: Script':
  no 'from_device.reset' write handler
Rx rate: 270349.301397   TxExt rate: 266799.401198   TxInt rate: 266799.401198
While executing 'Script@11 :: Script':
  no 'from_device.reset' write handler
Rx rate: 267142.857143   TxExt rate: 265087.912088   TxInt rate: 265087.912088
While executing 'Script@11 :: Script':
  no 'from_device.reset' write handler
Rx rate: 256167.832168   TxExt rate: 254198.801199   TxInt rate: 254198.801199
While executing 'Script@11 :: Script':
  no 'from_device.reset' write handler
Rx rate: 268580   TxExt rate: 266514   TxInt rate: 266514
While executing 'Script@11 :: Script':
  no 'from_device.reset' write handler
Rx rate: 269090.909091   TxExt rate: 267020.979021   TxInt rate: 267020.979021
While executing 'Script@11 :: Script':
  no 'from_device.reset' write handler
Rx rate: 258636   TxExt rate: 256645   TxInt rate: 256645
While executing 'Script@11 :: Script':
  no 'from_device.reset' write handler
Rx rate: 267540   TxExt rate: 265482   TxInt rate: 265482
While executing 'Script@11 :: Script':
  no 'from_device.reset' write handler
Rx rate: 269464   TxExt rate: 266909   TxInt rate: 266909
While executing 'Script@11 :: Script':
  no 'from_device.reset' write handler
Rx rate: 257438.561439   TxExt rate: 254718.281718   TxInt rate: 254718.281718
While executing 'Script@11 :: Script':
  no 'from_device.reset' write handler
Rx rate: 267142.857143   TxExt rate: 265087.912088   TxInt rate: 265087.912088
While executing 'Script@11 :: Script':
  no 'from_device.reset' write handler
Rx rate: 269177   TxExt rate: 265625   TxInt rate: 265625
While executing 'Script@11 :: Script':
  no 'from_device.reset' write handler
Rx rate: 252720   TxExt rate: 250776   TxInt rate: 250776
While executing 'Script@11 :: Script':
  no 'from_device.reset' write handler
Rx rate: 267020   TxExt rate: 264966   TxInt rate: 264966
While executing 'Script@11 :: Script':
  no 'from_device.reset' write handler
Rx rate: 268970   TxExt rate: 266901   TxInt rate: 266901
While executing 'Script@11 :: Script':
  no 'from_device.reset' write handler
Rx rate: 252460   TxExt rate: 250518   TxInt rate: 250518
While executing 'Script@11 :: Script':
  no 'from_device.reset' write handler
Rx rate: 267540   TxExt rate: 265482   TxInt rate: 265482
While executing 'Script@11 :: Script':
  no 'from_device.reset' write handler
Rx rate: 269230   TxExt rate: 267159   TxInt rate: 267159
While executing 'Script@11 :: Script':
  no 'from_device.reset' write handler
Rx rate: 267240.759241   TxExt rate: 264447.552448   TxInt rate: 264447.552448
While executing 'Script@11 :: Script':
  no 'from_device.reset' write handler
Rx rate: 256372   TxExt rate: 253658   TxInt rate: 253658
While executing 'Script@11 :: Script':
  no 'from_device.reset' write handler
Rx rate: 270557   TxExt rate: 268730   TxInt rate: 268730
While executing 'Script@11 :: Script':
  no 'from_device.reset' write handler
Rx rate: 270503   TxExt rate: 267682   TxInt rate: 267682
While executing 'Script@11 :: Script':
  no 'from_device.reset' write handler
Rx rate: 267922.077922   TxExt rate: 265861.138861   TxInt rate: 265861.138861
While executing 'Script@11 :: Script':
  no 'from_device.reset' write handler
Rx rate: 268311.688312   TxExt rate: 266247.752248   TxInt rate: 266247.752248
While executing 'Script@11 :: Script':
  no 'from_device.reset' write handler
Rx rate: 265460   TxExt rate: 263418   TxInt rate: 263418
While executing 'Script@11 :: Script':
  no 'from_device.reset' write handler
Rx rate: 267150   TxExt rate: 265095   TxInt rate: 265095
While executing 'Script@11 :: Script':
  no 'from_device.reset' write handler
Rx rate: 270270   TxExt rate: 268191   TxInt rate: 268191
While executing 'Script@11 :: Script':
  no 'from_device.reset' write handler
Rx rate: 270400   TxExt rate: 268320   TxInt rate: 268320
While executing 'Script@11 :: Script':
  no 'from_device.reset' write handler
Rx rate: 268584.415584   TxExt rate: 265800.1998   TxInt rate: 265800.1998
While executing 'Script@11 :: Script':
  no 'from_device.reset' write handler
Rx rate: 271930   TxExt rate: 269097   TxInt rate: 269097
While executing 'Script@11 :: Script':
  no 'from_device.reset' write handler
Rx rate: 272825   TxExt rate: 270815   TxInt rate: 270815
While executing 'Script@11 :: Script':
  no 'from_device.reset' write handler
Rx rate: 271750   TxExt rate: 268179   TxInt rate: 268179
While executing 'Script@11 :: Script':
  no 'from_device.reset' write handler
Rx rate: 268580   TxExt rate: 266514   TxInt rate: 266514
While executing 'Script@11 :: Script':
  no 'from_device.reset' write handler
Rx rate: 267930   TxExt rate: 265869   TxInt rate: 265869
While executing 'Script@11 :: Script':
  no 'from_device.reset' write handler
Rx rate: 265200   TxExt rate: 263160   TxInt rate: 263160
While executing 'Script@11 :: Script':
  no 'from_device.reset' write handler
Rx rate: 266436   TxExt rate: 264385   TxInt rate: 264385
While executing 'Script@11 :: Script':
  no 'from_device.reset' write handler
Rx rate: 265590   TxExt rate: 263547   TxInt rate: 263547
While executing 'Script@11 :: Script':
  no 'from_device.reset' write handler
Rx rate: 266174   TxExt rate: 264128   TxInt rate: 264128
While executing 'Script@11 :: Script':
  no 'from_device.reset' write handler
Rx rate: 269312.687313   TxExt rate: 266499.5005   TxInt rate: 266499.5005
While executing 'Script@11 :: Script':
  no 'from_device.reset' write handler
Rx rate: 270635.364635   TxExt rate: 267829.170829   TxInt rate: 267829.170829
While executing 'Script@11 :: Script':
  no 'from_device.reset' write handler
Rx rate: 265254   TxExt rate: 263470   TxInt rate: 263470
While executing 'Script@11 :: Script':
  no 'from_device.reset' write handler
Rx rate: 266516   TxExt rate: 263732   TxInt rate: 263732
While executing 'Script@11 :: Script':
  no 'from_device.reset' write handler
Rx rate: 265064.935065   TxExt rate: 263025.974026   TxInt rate: 263025.974026
While executing 'Script@11 :: Script':
  no 'from_device.reset' write handler
Rx rate: 266890   TxExt rate: 264837   TxInt rate: 264837
While executing 'Script@11 :: Script':
  no 'from_device.reset' write handler
Rx rate: 268961.038961   TxExt rate: 266892.107892   TxInt rate: 266892.107892
While executing 'Script@11 :: Script':
  no 'from_device.reset' write handler
Rx rate: 269230   TxExt rate: 267159   TxInt rate: 267159
While executing 'Script@11 :: Script':
  no 'from_device.reset' write handler
Rx rate: 270010   TxExt rate: 267933   TxInt rate: 267933
While executing 'Script@11 :: Script':
  no 'from_device.reset' write handler
Rx rate: 268320   TxExt rate: 266256   TxInt rate: 266256
While executing 'Script@11 :: Script':
  no 'from_device.reset' write handler
Rx rate: 267279   TxExt rate: 264482   TxInt rate: 264482
While executing 'Script@11 :: Script':
  no 'from_device.reset' write handler
Rx rate: 268569.430569   TxExt rate: 265763.236763   TxInt rate: 265763.236763
While executing 'Script@11 :: Script':
  no 'from_device.reset' write handler
Rx rate: 264810   TxExt rate: 262773   TxInt rate: 262773
While executing 'Script@11 :: Script':
  no 'from_device.reset' write handler
Rx rate: 265861   TxExt rate: 264070   TxInt rate: 264070
While executing 'Script@11 :: Script':
  no 'from_device.reset' write handler
Rx rate: 265430.569431   TxExt rate: 261909.090909   TxInt rate: 261909.090909
While executing 'Script@11 :: Script':
  no 'from_device.reset' write handler
Rx rate: 266954   TxExt rate: 264902   TxInt rate: 264902
While executing 'Script@11 :: Script':
  no 'from_device.reset' write handler
Rx rate: 269620   TxExt rate: 267546   TxInt rate: 267546
While executing 'Script@11 :: Script':
  no 'from_device.reset' write handler
Rx rate: 267410   TxExt rate: 265353   TxInt rate: 265353
While executing 'Script@11 :: Script':
  no 'from_device.reset' write handler
Rx rate: 269490   TxExt rate: 267417   TxInt rate: 267417
While executing 'Script@11 :: Script':
  no 'from_device.reset' write handler
Rx rate: 269350.649351   TxExt rate: 267278.721279   TxInt rate: 267278.721279
While executing 'Script@11 :: Script':
  no 'from_device.reset' write handler
Rx rate: 270728   TxExt rate: 267905   TxInt rate: 267905
While executing 'Script@11 :: Script':
  no 'from_device.reset' write handler
Rx rate: 271280   TxExt rate: 268451   TxInt rate: 268451
While executing 'Script@11 :: Script':
  no 'from_device.reset' write handler
Rx rate: 269490   TxExt rate: 267417   TxInt rate: 267417
While executing 'Script@11 :: Script':
  no 'from_device.reset' write handler
Rx rate: 270140   TxExt rate: 268062   TxInt rate: 268062
While executing 'Script@11 :: Script':
  no 'from_device.reset' write handler
Rx rate: 272104   TxExt rate: 268528   TxInt rate: 268528
While executing 'Script@11 :: Script':
  no 'from_device.reset' write handler
Rx rate: 268320   TxExt rate: 266256   TxInt rate: 266256
While executing 'Script@11 :: Script':
  no 'from_device.reset' write handler
AUTOTEST_DONE
