/tmp/linux.click:2: While initializing 'from :: FromDevice':
  warning: ens7: no IPv4 address assigned
Startup trace (nsec): main: 8921150404
Startup trace (nsec): init done: 8929042506
Rx rate: 0
While executing 'Script@4 :: Script':
  no 'from.reset' write handler
Rx rate: 822162.679426
While executing 'Script@4 :: Script':
  no 'from.reset' write handler
Rx rate: 791555
While executing 'Script@4 :: Script':
  no 'from.reset' write handler
Rx rate: 815922
While executing 'Script@4 :: Script':
  no 'from.reset' write handler
Rx rate: 818531
While executing 'Script@4 :: Script':
  no 'from.reset' write handler
Rx rate: 817535
While executing 'Script@4 :: Script':
  no 'from.reset' write handler
Rx rate: 815334
While executing 'Script@4 :: Script':
  no 'from.reset' write handler
Rx rate: 817892
While executing 'Script@4 :: Script':
  no 'from.reset' write handler
Rx rate: 816607
While executing 'Script@4 :: Script':
  no 'from.reset' write handler
Rx rate: 818647
While executing 'Script@4 :: Script':
  no 'from.reset' write handler
Rx rate: 818612
While executing 'Script@4 :: Script':
  no 'from.reset' write handler
Rx rate: 818484
While executing 'Script@4 :: Script':
  no 'from.reset' write handler
Rx rate: 816928
While executing 'Script@4 :: Script':
  no 'from.reset' write handler
Rx rate: 818716
While executing 'Script@4 :: Script':
  no 'from.reset' write handler
Rx rate: 818222
While executing 'Script@4 :: Script':
  no 'from.reset' write handler
Rx rate: 817412
While executing 'Script@4 :: Script':
  no 'from.reset' write handler
Rx rate: 816734
While executing 'Script@4 :: Script':
  no 'from.reset' write handler
Rx rate: 817698
While executing 'Script@4 :: Script':
  no 'from.reset' write handler
Rx rate: 817254
While executing 'Script@4 :: Script':
  no 'from.reset' write handler
Rx rate: 818465
While executing 'Script@4 :: Script':
  no 'from.reset' write handler
Rx rate: 818366
While executing 'Script@4 :: Script':
  no 'from.reset' write handler
Rx rate: 816919
While executing 'Script@4 :: Script':
  no 'from.reset' write handler
Rx rate: 818416
While executing 'Script@4 :: Script':
  no 'from.reset' write handler
Rx rate: 818614
While executing 'Script@4 :: Script':
  no 'from.reset' write handler
Rx rate: 812814
While executing 'Script@4 :: Script':
  no 'from.reset' write handler
Rx rate: 818605
While executing 'Script@4 :: Script':
  no 'from.reset' write handler
Rx rate: 818618
While executing 'Script@4 :: Script':
  no 'from.reset' write handler
Rx rate: 815808
While executing 'Script@4 :: Script':
  no 'from.reset' write handler
Rx rate: 815821
While executing 'Script@4 :: Script':
  no 'from.reset' write handler
Rx rate: 818494
While executing 'Script@4 :: Script':
  no 'from.reset' write handler
Rx rate: 818534
While executing 'Script@4 :: Script':
  no 'from.reset' write handler
Rx rate: 818475
While executing 'Script@4 :: Script':
  no 'from.reset' write handler
Rx rate: 818430
While executing 'Script@4 :: Script':
  no 'from.reset' write handler
Rx rate: 818560
While executing 'Script@4 :: Script':
  no 'from.reset' write handler
Rx rate: 818480
While executing 'Script@4 :: Script':
  no 'from.reset' write handler
Rx rate: 818566
While executing 'Script@4 :: Script':
  no 'from.reset' write handler
Rx rate: 818322
While executing 'Script@4 :: Script':
  no 'from.reset' write handler
Rx rate: 815752
While executing 'Script@4 :: Script':
  no 'from.reset' write handler
Rx rate: 817764
While executing 'Script@4 :: Script':
  no 'from.reset' write handler
Rx rate: 818276
While executing 'Script@4 :: Script':
  no 'from.reset' write handler
Rx rate: 818561
While executing 'Script@4 :: Script':
  no 'from.reset' write handler
Rx rate: 818479
While executing 'Script@4 :: Script':
  no 'from.reset' write handler
Rx rate: 818516
While executing 'Script@4 :: Script':
  no 'from.reset' write handler
Rx rate: 818294
While executing 'Script@4 :: Script':
  no 'from.reset' write handler
Rx rate: 818572
While executing 'Script@4 :: Script':
  no 'from.reset' write handler
Rx rate: 818579
While executing 'Script@4 :: Script':
  no 'from.reset' write handler
Rx rate: 818645
While executing 'Script@4 :: Script':
  no 'from.reset' write handler
Rx rate: 815780
While executing 'Script@4 :: Script':
  no 'from.reset' write handler
Rx rate: 818257
While executing 'Script@4 :: Script':
  no 'from.reset' write handler
Rx rate: 818566
While executing 'Script@4 :: Script':
  no 'from.reset' write handler
Rx rate: 818457
While executing 'Script@4 :: Script':
  no 'from.reset' write handler
Rx rate: 818549
While executing 'Script@4 :: Script':
  no 'from.reset' write handler
Rx rate: 818660
While executing 'Script@4 :: Script':
  no 'from.reset' write handler
Rx rate: 818463
While executing 'Script@4 :: Script':
  no 'from.reset' write handler
Rx rate: 818487
While executing 'Script@4 :: Script':
  no 'from.reset' write handler
Rx rate: 817608.391608
While executing 'Script@4 :: Script':
  no 'from.reset' write handler
Rx rate: 818330
While executing 'Script@4 :: Script':
  no 'from.reset' write handler
Rx rate: 815585
While executing 'Script@4 :: Script':
  no 'from.reset' write handler
Rx rate: 817939
While executing 'Script@4 :: Script':
  no 'from.reset' write handler
Rx rate: 818379
While executing 'Script@4 :: Script':
  no 'from.reset' write handler
Rx rate: 818630
While executing 'Script@4 :: Script':
  no 'from.reset' write handler
Rx rate: 818459
While executing 'Script@4 :: Script':
  no 'from.reset' write handler
Rx rate: 818486
While executing 'Script@4 :: Script':
  no 'from.reset' write handler
Rx rate: 818589
While executing 'Script@4 :: Script':
  no 'from.reset' write handler
Rx rate: 818329
While executing 'Script@4 :: Script':
  no 'from.reset' write handler
Rx rate: 818463
While executing 'Script@4 :: Script':
  no 'from.reset' write handler
Rx rate: 818382
While executing 'Script@4 :: Script':
  no 'from.reset' write handler
Rx rate: 817422
While executing 'Script@4 :: Script':
  no 'from.reset' write handler
Rx rate: 816108
While executing 'Script@4 :: Script':
  no 'from.reset' write handler
Rx rate: 818611
While executing 'Script@4 :: Script':
  no 'from.reset' write handler
Rx rate: 818688
While executing 'Script@4 :: Script':
  no 'from.reset' write handler
Rx rate: 818473
While executing 'Script@4 :: Script':
  no 'from.reset' write handler
Rx rate: 818229
While executing 'Script@4 :: Script':
  no 'from.reset' write handler
AUTOTEST_DONE
