/tmp/linux.click:2: While initializing 'from :: FromDevice':
  warning: ens7: no IPv4 address assigned
Startup trace (nsec): main: 8900767620
Startup trace (nsec): init done: 8909068789
Rx rate: 0
While executing 'Script@4 :: Script':
  no 'from.reset' write handler
Rx rate: 1041787.7095
While executing 'Script@4 :: Script':
  no 'from.reset' write handler
Rx rate: 928246.506986
While executing 'Script@4 :: Script':
  no 'from.reset' write handler
Rx rate: 999797.607178
While executing 'Script@4 :: Script':
  no 'from.reset' write handler
Rx rate: 995609.172483
While executing 'Script@4 :: Script':
  no 'from.reset' write handler
Rx rate: 966916.083916
While executing 'Script@4 :: Script':
  no 'from.reset' write handler
Rx rate: 1001106.89311
While executing 'Script@4 :: Script':
  no 'from.reset' write handler
Rx rate: 966771.457086
While executing 'Script@4 :: Script':
  no 'from.reset' write handler
Rx rate: 940970.02997
While executing 'Script@4 :: Script':
  no 'from.reset' write handler
Rx rate: 984448
While executing 'Script@4 :: Script':
  no 'from.reset' write handler
Rx rate: 985366
While executing 'Script@4 :: Script':
  no 'from.reset' write handler
Rx rate: 979257.742258
While executing 'Script@4 :: Script':
  no 'from.reset' write handler
Rx rate: 947810
While executing 'Script@4 :: Script':
  no 'from.reset' write handler
Rx rate: 978689.310689
While executing 'Script@4 :: Script':
  no 'from.reset' write handler
Rx rate: 981522
While executing 'Script@4 :: Script':
  no 'from.reset' write handler
Rx rate: 948863
While executing 'Script@4 :: Script':
  no 'from.reset' write handler
Rx rate: 979538
While executing 'Script@4 :: Script':
  no 'from.reset' write handler
Rx rate: 981083
While executing 'Script@4 :: Script':
  no 'from.reset' write handler
Rx rate: 940001
While executing 'Script@4 :: Script':
  no 'from.reset' write handler
Rx rate: 987308
While executing 'Script@4 :: Script':
  no 'from.reset' write handler
Rx rate: 987367
While executing 'Script@4 :: Script':
  no 'from.reset' write handler
Rx rate: 925307
While executing 'Script@4 :: Script':
  no 'from.reset' write handler
Rx rate: 979797
While executing 'Script@4 :: Script':
  no 'from.reset' write handler
Rx rate: 981209
While executing 'Script@4 :: Script':
  no 'from.reset' write handler
Rx rate: 922209
While executing 'Script@4 :: Script':
  no 'from.reset' write handler
Rx rate: 985198
While executing 'Script@4 :: Script':
  no 'from.reset' write handler
Rx rate: 984071
While executing 'Script@4 :: Script':
  no 'from.reset' write handler
Rx rate: 971685.314685
While executing 'Script@4 :: Script':
  no 'from.reset' write handler
Rx rate: 937845
While executing 'Script@4 :: Script':
  no 'from.reset' write handler
Rx rate: 985160
While executing 'Script@4 :: Script':
  no 'from.reset' write handler
Rx rate: 987118
While executing 'Script@4 :: Script':
  no 'from.reset' write handler
Rx rate: 983258
While executing 'Script@4 :: Script':
  no 'from.reset' write handler
Rx rate: 984358.641359
While executing 'Script@4 :: Script':
  no 'from.reset' write handler
Rx rate: 986695
While executing 'Script@4 :: Script':
  no 'from.reset' write handler
Rx rate: 985236
While executing 'Script@4 :: Script':
  no 'from.reset' write handler
Rx rate: 983652.347652
While executing 'Script@4 :: Script':
  no 'from.reset' write handler
Rx rate: 986665
While executing 'Script@4 :: Script':
  no 'from.reset' write handler
Rx rate: 984665
While executing 'Script@4 :: Script':
  no 'from.reset' write handler
Rx rate: 987747.252747
While executing 'Script@4 :: Script':
  no 'from.reset' write handler
Rx rate: 986592
While executing 'Script@4 :: Script':
  no 'from.reset' write handler
Rx rate: 987163
While executing 'Script@4 :: Script':
  no 'from.reset' write handler
Rx rate: 988085
While executing 'Script@4 :: Script':
  no 'from.reset' write handler
Rx rate: 984290.709291
While executing 'Script@4 :: Script':
  no 'from.reset' write handler
Rx rate: 986087
While executing 'Script@4 :: Script':
  no 'from.reset' write handler
Rx rate: 986920
While executing 'Script@4 :: Script':
  no 'from.reset' write handler
Rx rate: 985895
While executing 'Script@4 :: Script':
  no 'from.reset' write handler
Rx rate: 988085
While executing 'Script@4 :: Script':
  no 'from.reset' write handler
Rx rate: 985350
While executing 'Script@4 :: Script':
  no 'from.reset' write handler
Rx rate: 987117
While executing 'Script@4 :: Script':
  no 'from.reset' write handler
Rx rate: 984119
While executing 'Script@4 :: Script':
  no 'from.reset' write handler
Rx rate: 985703
While executing 'Script@4 :: Script':
  no 'from.reset' write handler
Rx rate: 985691.308691
While executing 'Script@4 :: Script':
  no 'from.reset' write handler
Rx rate: 980915.084915
While executing 'Script@4 :: Script':
  no 'from.reset' write handler
Rx rate: 985712
While executing 'Script@4 :: Script':
  no 'from.reset' write handler
Rx rate: 988243
While executing 'Script@4 :: Script':
  no 'from.reset' write handler
Rx rate: 987301
While executing 'Script@4 :: Script':
  no 'from.reset' write handler
Rx rate: 981895.104895
While executing 'Script@4 :: Script':
  no 'from.reset' write handler
Rx rate: 976037
While executing 'Script@4 :: Script':
  no 'from.reset' write handler
Rx rate: 983732
While executing 'Script@4 :: Script':
  no 'from.reset' write handler
Rx rate: 985624
While executing 'Script@4 :: Script':
  no 'from.reset' write handler
Rx rate: 984401.598402
While executing 'Script@4 :: Script':
  no 'from.reset' write handler
Rx rate: 986396
While executing 'Script@4 :: Script':
  no 'from.reset' write handler
Rx rate: 983264
While executing 'Script@4 :: Script':
  no 'from.reset' write handler
Rx rate: 984781.218781
While executing 'Script@4 :: Script':
  no 'from.reset' write handler
Rx rate: 984418
While executing 'Script@4 :: Script':
  no 'from.reset' write handler
Rx rate: 986790
While executing 'Script@4 :: Script':
  no 'from.reset' write handler
Rx rate: 987065
While executing 'Script@4 :: Script':
  no 'from.reset' write handler
Rx rate: 984906
While executing 'Script@4 :: Script':
  no 'from.reset' write handler
Rx rate: 985671
While executing 'Script@4 :: Script':
  no 'from.reset' write handler
Rx rate: 988391.608392
While executing 'Script@4 :: Script':
  no 'from.reset' write handler
Rx rate: 988342
While executing 'Script@4 :: Script':
  no 'from.reset' write handler
Rx rate: 989313.686314
While executing 'Script@4 :: Script':
  no 'from.reset' write handler
Rx rate: 989866
While executing 'Script@4 :: Script':
  no 'from.reset' write handler
AUTOTEST_DONE
