SimpleQueue@7 :: SimpleQueue: overflow
Startup trace (nsec): main: 85413995106
Startup trace (nsec): init done: 85417170118
Rx rate: 294531.25   TxExt rate: 292265.625   TxInt rate: 292265.625
While executing 'Script@11 :: Script':
  no 'from_device.reset' write handler
Rx rate: 297348.605578   TxExt rate: 294151.394422   TxInt rate: 294151.394422
While executing 'Script@11 :: Script':
  no 'from_device.reset' write handler
Rx rate: 295586.826347   TxExt rate: 291429.141717   TxInt rate: 291429.141717
While executing 'Script@11 :: Script':
  no 'from_device.reset' write handler
Rx rate: 293698   TxExt rate: 291123   TxInt rate: 291123
While executing 'Script@11 :: Script':
  no 'from_device.reset' write handler
Rx rate: 296637   TxExt rate: 293882   TxInt rate: 293882
While executing 'Script@11 :: Script':
  no 'from_device.reset' write handler
Rx rate: 295951.097804   TxExt rate: 293389.221557   TxInt rate: 293389.221557
While executing 'Script@11 :: Script':
  no 'from_device.reset' write handler
Rx rate: 295699.300699   TxExt rate: 293065.934066   TxInt rate: 293065.934066
While executing 'Script@11 :: Script':
  no 'from_device.reset' write handler
Rx rate: 296502   TxExt rate: 294146   TxInt rate: 294146
While executing 'Script@11 :: Script':
  no 'from_device.reset' write handler
Rx rate: 296506.493506   TxExt rate: 293940.05994   TxInt rate: 293940.05994
While executing 'Script@11 :: Script':
  no 'from_device.reset' write handler
Rx rate: 296352   TxExt rate: 293779   TxInt rate: 293779
While executing 'Script@11 :: Script':
  no 'from_device.reset' write handler
Rx rate: 294843   TxExt rate: 291473   TxInt rate: 291473
While executing 'Script@11 :: Script':
  no 'from_device.reset' write handler
Rx rate: 298990.00999   TxExt rate: 295770.22977   TxInt rate: 295770.22977
While executing 'Script@11 :: Script':
  no 'from_device.reset' write handler
Rx rate: 299955.044955   TxExt rate: 295781.218781   TxInt rate: 295781.218781
While executing 'Script@11 :: Script':
  no 'from_device.reset' write handler
Rx rate: 299893   TxExt rate: 297360   TxInt rate: 297360
While executing 'Script@11 :: Script':
  no 'from_device.reset' write handler
Rx rate: 298515.484515   TxExt rate: 295941.058941   TxInt rate: 295941.058941
While executing 'Script@11 :: Script':
  no 'from_device.reset' write handler
Rx rate: 297904   TxExt rate: 295464   TxInt rate: 295464
While executing 'Script@11 :: Script':
  no 'from_device.reset' write handler
Rx rate: 298584.415584   TxExt rate: 296001.998002   TxInt rate: 296001.998002
While executing 'Script@11 :: Script':
  no 'from_device.reset' write handler
Rx rate: 298396   TxExt rate: 295749   TxInt rate: 295749
While executing 'Script@11 :: Script':
  no 'from_device.reset' write handler
Rx rate: 297599.400599   TxExt rate: 294917.082917   TxInt rate: 294917.082917
While executing 'Script@11 :: Script':
  no 'from_device.reset' write handler
Rx rate: 296854   TxExt rate: 294183   TxInt rate: 294183
While executing 'Script@11 :: Script':
  no 'from_device.reset' write handler
Rx rate: 296666   TxExt rate: 293018   TxInt rate: 293018
While executing 'Script@11 :: Script':
  no 'from_device.reset' write handler
Rx rate: 296193   TxExt rate: 292780   TxInt rate: 292780
While executing 'Script@11 :: Script':
  no 'from_device.reset' write handler
Rx rate: 297706   TxExt rate: 293145   TxInt rate: 293145
While executing 'Script@11 :: Script':
  no 'from_device.reset' write handler
Rx rate: 298360   TxExt rate: 295785   TxInt rate: 295785
While executing 'Script@11 :: Script':
  no 'from_device.reset' write handler
Rx rate: 298432   TxExt rate: 295713   TxInt rate: 295713
While executing 'Script@11 :: Script':
  no 'from_device.reset' write handler
Rx rate: 298557   TxExt rate: 296106   TxInt rate: 296106
While executing 'Script@11 :: Script':
  no 'from_device.reset' write handler
Rx rate: 298476   TxExt rate: 295928   TxInt rate: 295928
While executing 'Script@11 :: Script':
  no 'from_device.reset' write handler
Rx rate: 297555.444555   TxExt rate: 294961.038961   TxInt rate: 294961.038961
While executing 'Script@11 :: Script':
  no 'from_device.reset' write handler
Rx rate: 298307   TxExt rate: 295579   TxInt rate: 295579
While executing 'Script@11 :: Script':
  no 'from_device.reset' write handler
Rx rate: 297795.204795   TxExt rate: 295238.761239   TxInt rate: 295238.761239
While executing 'Script@11 :: Script':
  no 'from_device.reset' write handler
Rx rate: 299094   TxExt rate: 295466   TxInt rate: 295466
While executing 'Script@11 :: Script':
  no 'from_device.reset' write handler
Rx rate: 299034   TxExt rate: 295655   TxInt rate: 295655
While executing 'Script@11 :: Script':
  no 'from_device.reset' write handler
Rx rate: 299430.569431   TxExt rate: 296254.745255   TxInt rate: 296254.745255
While executing 'Script@11 :: Script':
  no 'from_device.reset' write handler
Rx rate: 298821.178821   TxExt rate: 296152.847153   TxInt rate: 296152.847153
While executing 'Script@11 :: Script':
  no 'from_device.reset' write handler
Rx rate: 298401   TxExt rate: 295615   TxInt rate: 295615
While executing 'Script@11 :: Script':
  no 'from_device.reset' write handler
Rx rate: 298216   TxExt rate: 295799   TxInt rate: 295799
While executing 'Script@11 :: Script':
  no 'from_device.reset' write handler
Rx rate: 297907   TxExt rate: 295202   TxInt rate: 295202
While executing 'Script@11 :: Script':
  no 'from_device.reset' write handler
Rx rate: 298416   TxExt rate: 295988   TxInt rate: 295988
While executing 'Script@11 :: Script':
  no 'from_device.reset' write handler
Rx rate: 297357   TxExt rate: 294716   TxInt rate: 294716
While executing 'Script@11 :: Script':
  no 'from_device.reset' write handler
Rx rate: 296886.113886   TxExt rate: 294336.663337   TxInt rate: 294336.663337
While executing 'Script@11 :: Script':
  no 'from_device.reset' write handler
Rx rate: 294237   TxExt rate: 290874   TxInt rate: 290874
While executing 'Script@11 :: Script':
  no 'from_device.reset' write handler
Rx rate: 299635   TxExt rate: 296231   TxInt rate: 296231
While executing 'Script@11 :: Script':
  no 'from_device.reset' write handler
Rx rate: 295603.396603   TxExt rate: 293031.968032   TxInt rate: 293031.968032
While executing 'Script@11 :: Script':
  no 'from_device.reset' write handler
Rx rate: 297680   TxExt rate: 293384   TxInt rate: 293384
While executing 'Script@11 :: Script':
  no 'from_device.reset' write handler
Rx rate: 296926.073926   TxExt rate: 294296.703297   TxInt rate: 294296.703297
While executing 'Script@11 :: Script':
  no 'from_device.reset' write handler
Rx rate: 293965   TxExt rate: 291374   TxInt rate: 291374
While executing 'Script@11 :: Script':
  no 'from_device.reset' write handler
Rx rate: 296008   TxExt rate: 293475   TxInt rate: 293475
While executing 'Script@11 :: Script':
  no 'from_device.reset' write handler
Rx rate: 297316   TxExt rate: 294757   TxInt rate: 294757
While executing 'Script@11 :: Script':
  no 'from_device.reset' write handler
Rx rate: 295644   TxExt rate: 293062   TxInt rate: 293062
While executing 'Script@11 :: Script':
  no 'from_device.reset' write handler
Rx rate: 297700   TxExt rate: 295150   TxInt rate: 295150
While executing 'Script@11 :: Script':
  no 'from_device.reset' write handler
Rx rate: 298186   TxExt rate: 294645   TxInt rate: 294645
While executing 'Script@11 :: Script':
  no 'from_device.reset' write handler
Rx rate: 298880   TxExt rate: 295738   TxInt rate: 295738
While executing 'Script@11 :: Script':
  no 'from_device.reset' write handler
Rx rate: 300392   TxExt rate: 297897   TxInt rate: 297897
While executing 'Script@11 :: Script':
  no 'from_device.reset' write handler
Rx rate: 299237.762238   TxExt rate: 294793.206793   TxInt rate: 294793.206793
While executing 'Script@11 :: Script':
  no 'from_device.reset' write handler
Rx rate: 294090.909091   TxExt rate: 291568.431568   TxInt rate: 291568.431568
While executing 'Script@11 :: Script':
  no 'from_device.reset' write handler
Rx rate: 294464   TxExt rate: 291911   TxInt rate: 291911
While executing 'Script@11 :: Script':
  no 'from_device.reset' write handler
Rx rate: 293673   TxExt rate: 291148   TxInt rate: 291148
While executing 'Script@11 :: Script':
  no 'from_device.reset' write handler
Rx rate: 295666.333666   TxExt rate: 293227.772228   TxInt rate: 293227.772228
While executing 'Script@11 :: Script':
  no 'from_device.reset' write handler
Rx rate: 294954   TxExt rate: 292457   TxInt rate: 292457
While executing 'Script@11 :: Script':
  no 'from_device.reset' write handler
Rx rate: 296402   TxExt rate: 293858   TxInt rate: 293858
While executing 'Script@11 :: Script':
  no 'from_device.reset' write handler
Rx rate: 300156   TxExt rate: 296830   TxInt rate: 296830
While executing 'Script@11 :: Script':
  no 'from_device.reset' write handler
Rx rate: 300295   TxExt rate: 297090   TxInt rate: 297090
While executing 'Script@11 :: Script':
  no 'from_device.reset' write handler
Rx rate: 299595   TxExt rate: 296881   TxInt rate: 296881
While executing 'Script@11 :: Script':
  no 'from_device.reset' write handler
Rx rate: 297525   TxExt rate: 293563   TxInt rate: 293563
While executing 'Script@11 :: Script':
  no 'from_device.reset' write handler
Rx rate: 295592.407592   TxExt rate: 293042.957043   TxInt rate: 293042.957043
While executing 'Script@11 :: Script':
  no 'from_device.reset' write handler
Rx rate: 295972   TxExt rate: 293511   TxInt rate: 293511
While executing 'Script@11 :: Script':
  no 'from_device.reset' write handler
Rx rate: 296332   TxExt rate: 293669   TxInt rate: 293669
While executing 'Script@11 :: Script':
  no 'from_device.reset' write handler
Rx rate: 295877   TxExt rate: 293347   TxInt rate: 293347
While executing 'Script@11 :: Script':
  no 'from_device.reset' write handler
Rx rate: 295985.014985   TxExt rate: 293426.573427   TxInt rate: 293426.573427
While executing 'Script@11 :: Script':
  no 'from_device.reset' write handler
Rx rate: 297316   TxExt rate: 294757   TxInt rate: 294757
While executing 'Script@11 :: Script':
  no 'from_device.reset' write handler
Rx rate: 297703   TxExt rate: 294512   TxInt rate: 294512
While executing 'Script@11 :: Script':
  no 'from_device.reset' write handler
Rx rate: 296289   TxExt rate: 293125   TxInt rate: 293125
While executing 'Script@11 :: Script':
  no 'from_device.reset' write handler
AUTOTEST_DONE
