/tmp/linux.click:2: While initializing 'from :: FromDevice':
  warning: ens7: no IPv4 address assigned
Startup trace (nsec): main: 8851969819
Startup trace (nsec): init done: 8861043015
Rx rate: 0
While executing 'Script@5 :: Script':
  no 'from.reset' write handler
Rx rate: 142196.078431
While executing 'Script@5 :: Script':
  no 'from.reset' write handler
Rx rate: 137245.098039
While executing 'Script@5 :: Script':
  no 'from.reset' write handler
Rx rate: 134602.955665
While executing 'Script@5 :: Script':
  no 'from.reset' write handler
Rx rate: 131047.808765
While executing 'Script@5 :: Script':
  no 'from.reset' write handler
Rx rate: 125497.507478
While executing 'Script@5 :: Script':
  no 'from.reset' write handler
Rx rate: 130786.494538
While executing 'Script@5 :: Script':
  no 'from.reset' write handler
Rx rate: 131440.559441
While executing 'Script@5 :: Script':
  no 'from.reset' write handler
Rx rate: 125755.732802
While executing 'Script@5 :: Script':
  no 'from.reset' write handler
Rx rate: 121098.802395
While executing 'Script@5 :: Script':
  no 'from.reset' write handler
Rx rate: 127169
While executing 'Script@5 :: Script':
  no 'from.reset' write handler
Rx rate: 126524.475524
While executing 'Script@5 :: Script':
  no 'from.reset' write handler
Rx rate: 121989
While executing 'Script@5 :: Script':
  no 'from.reset' write handler
Rx rate: 126522
While executing 'Script@5 :: Script':
  no 'from.reset' write handler
Rx rate: 126653.346653
While executing 'Script@5 :: Script':
  no 'from.reset' write handler
Rx rate: 121349.65035
While executing 'Script@5 :: Script':
  no 'from.reset' write handler
Rx rate: 127171.828172
While executing 'Script@5 :: Script':
  no 'from.reset' write handler
Rx rate: 127428
While executing 'Script@5 :: Script':
  no 'from.reset' write handler
Rx rate: 121859
While executing 'Script@5 :: Script':
  no 'from.reset' write handler
Rx rate: 126781
While executing 'Script@5 :: Script':
  no 'from.reset' write handler
Rx rate: 126910
While executing 'Script@5 :: Script':
  no 'from.reset' write handler
Rx rate: 119149.85015
While executing 'Script@5 :: Script':
  no 'from.reset' write handler
Rx rate: 126913.086913
While executing 'Script@5 :: Script':
  no 'from.reset' write handler
Rx rate: 126653.346653
While executing 'Script@5 :: Script':
  no 'from.reset' write handler
Rx rate: 118762.237762
While executing 'Script@5 :: Script':
  no 'from.reset' write handler
Rx rate: 126910
While executing 'Script@5 :: Script':
  no 'from.reset' write handler
Rx rate: 126910
While executing 'Script@5 :: Script':
  no 'from.reset' write handler
Rx rate: 126265.734266
While executing 'Script@5 :: Script':
  no 'from.reset' write handler
Rx rate: 120304
While executing 'Script@5 :: Script':
  no 'from.reset' write handler
Rx rate: 127300.699301
While executing 'Script@5 :: Script':
  no 'from.reset' write handler
Rx rate: 127041.958042
While executing 'Script@5 :: Script':
  no 'from.reset' write handler
Rx rate: 127171.828172
While executing 'Script@5 :: Script':
  no 'from.reset' write handler
Rx rate: 126780
While executing 'Script@5 :: Script':
  no 'from.reset' write handler
Rx rate: 127041.958042
While executing 'Script@5 :: Script':
  no 'from.reset' write handler
Rx rate: 127299
While executing 'Script@5 :: Script':
  no 'from.reset' write handler
Rx rate: 127170.829171
While executing 'Script@5 :: Script':
  no 'from.reset' write handler
Rx rate: 126781
While executing 'Script@5 :: Script':
  no 'from.reset' write handler
Rx rate: 127428
While executing 'Script@5 :: Script':
  no 'from.reset' write handler
Rx rate: 128205
While executing 'Script@5 :: Script':
  no 'from.reset' write handler
Rx rate: 127169
While executing 'Script@5 :: Script':
  no 'from.reset' write handler
Rx rate: 127169
While executing 'Script@5 :: Script':
  no 'from.reset' write handler
Rx rate: 127169
While executing 'Script@5 :: Script':
  no 'from.reset' write handler
Rx rate: 126910
While executing 'Script@5 :: Script':
  no 'from.reset' write handler
Rx rate: 127041.958042
While executing 'Script@5 :: Script':
  no 'from.reset' write handler
Rx rate: 127041.958042
While executing 'Script@5 :: Script':
  no 'from.reset' write handler
Rx rate: 127039
While executing 'Script@5 :: Script':
  no 'from.reset' write handler
Rx rate: 127558
While executing 'Script@5 :: Script':
  no 'from.reset' write handler
Rx rate: 127816
While executing 'Script@5 :: Script':
  no 'from.reset' write handler
Rx rate: 128008
While executing 'Script@5 :: Script':
  no 'from.reset' write handler
Rx rate: 127300.699301
While executing 'Script@5 :: Script':
  no 'from.reset' write handler
Rx rate: 127299
While executing 'Script@5 :: Script':
  no 'from.reset' write handler
Rx rate: 127428
While executing 'Script@5 :: Script':
  no 'from.reset' write handler
Rx rate: 127169
While executing 'Script@5 :: Script':
  no 'from.reset' write handler
Rx rate: 127559.440559
While executing 'Script@5 :: Script':
  no 'from.reset' write handler
Rx rate: 127169
While executing 'Script@5 :: Script':
  no 'from.reset' write handler
Rx rate: 127170.829171
While executing 'Script@5 :: Script':
  no 'from.reset' write handler
Rx rate: 127169
While executing 'Script@5 :: Script':
  no 'from.reset' write handler
Rx rate: 126654.345654
While executing 'Script@5 :: Script':
  no 'from.reset' write handler
Rx rate: 127300.699301
While executing 'Script@5 :: Script':
  no 'from.reset' write handler
Rx rate: 127300.699301
While executing 'Script@5 :: Script':
  no 'from.reset' write handler
Rx rate: 127170.829171
While executing 'Script@5 :: Script':
  no 'from.reset' write handler
Rx rate: 127041.958042
While executing 'Script@5 :: Script':
  no 'from.reset' write handler
Rx rate: 127171.828172
While executing 'Script@5 :: Script':
  no 'from.reset' write handler
Rx rate: 127169
While executing 'Script@5 :: Script':
  no 'from.reset' write handler
Rx rate: 127041.958042
While executing 'Script@5 :: Script':
  no 'from.reset' write handler
Rx rate: 127687
While executing 'Script@5 :: Script':
  no 'from.reset' write handler
Rx rate: 127298
While executing 'Script@5 :: Script':
  no 'from.reset' write handler
Rx rate: 127558
While executing 'Script@5 :: Script':
  no 'from.reset' write handler
Rx rate: 126910
While executing 'Script@5 :: Script':
  no 'from.reset' write handler
Rx rate: 127300.699301
While executing 'Script@5 :: Script':
  no 'from.reset' write handler
Rx rate: 127039
While executing 'Script@5 :: Script':
  no 'from.reset' write handler
Rx rate: 126781
While executing 'Script@5 :: Script':
  no 'from.reset' write handler
Rx rate: 126653.346653
While executing 'Script@5 :: Script':
  no 'from.reset' write handler
AUTOTEST_DONE
