/tmp/linux.click:2: While initializing 'from :: FromDevice':
  warning: ens7: no IPv4 address assigned
Startup trace (nsec): main: 8842317826
Startup trace (nsec): init done: 8851048583
Rx rate: 0
While executing 'Script@4 :: Script':
  no 'from.reset' write handler
Rx rate: 915023.952096
While executing 'Script@4 :: Script':
  no 'from.reset' write handler
Rx rate: 650343.313373
While executing 'Script@4 :: Script':
  no 'from.reset' write handler
Rx rate: 911677
While executing 'Script@4 :: Script':
  no 'from.reset' write handler
Rx rate: 910892.215569
While executing 'Script@4 :: Script':
  no 'from.reset' write handler
Rx rate: 892655.344655
While executing 'Script@4 :: Script':
  no 'from.reset' write handler
Rx rate: 879459.54046
While executing 'Script@4 :: Script':
  no 'from.reset' write handler
Rx rate: 910337.325349
While executing 'Script@4 :: Script':
  no 'from.reset' write handler
Rx rate: 886090
While executing 'Script@4 :: Script':
  no 'from.reset' write handler
Rx rate: 903518.518519
While executing 'Script@4 :: Script':
  no 'from.reset' write handler
Rx rate: 910122.877123
While executing 'Script@4 :: Script':
  no 'from.reset' write handler
Rx rate: 909604.395604
While executing 'Script@4 :: Script':
  no 'from.reset' write handler
Rx rate: 883342.657343
While executing 'Script@4 :: Script':
  no 'from.reset' write handler
Rx rate: 907407
While executing 'Script@4 :: Script':
  no 'from.reset' write handler
Rx rate: 911414.585415
While executing 'Script@4 :: Script':
  no 'from.reset' write handler
Rx rate: 882151
While executing 'Script@4 :: Script':
  no 'from.reset' write handler
Rx rate: 904817.182817
While executing 'Script@4 :: Script':
  no 'from.reset' write handler
Rx rate: 903512
While executing 'Script@4 :: Script':
  no 'from.reset' write handler
Rx rate: 878274
While executing 'Script@4 :: Script':
  no 'from.reset' write handler
Rx rate: 903391
While executing 'Script@4 :: Script':
  no 'from.reset' write handler
Rx rate: 909346
While executing 'Script@4 :: Script':
  no 'from.reset' write handler
Rx rate: 860398
While executing 'Script@4 :: Script':
  no 'from.reset' write handler
Rx rate: 907277
While executing 'Script@4 :: Script':
  no 'from.reset' write handler
Rx rate: 906369
While executing 'Script@4 :: Script':
  no 'from.reset' write handler
Rx rate: 860610.610611
While executing 'Script@4 :: Script':
  no 'from.reset' write handler
Rx rate: 893432.567433
While executing 'Script@4 :: Script':
  no 'from.reset' write handler
Rx rate: 913748
While executing 'Script@4 :: Script':
  no 'from.reset' write handler
Rx rate: 866595.404595
While executing 'Script@4 :: Script':
  no 'from.reset' write handler
Rx rate: 844529.470529
While executing 'Script@4 :: Script':
  no 'from.reset' write handler
Rx rate: 899766
While executing 'Script@4 :: Script':
  no 'from.reset' write handler
Rx rate: 895359
While executing 'Script@4 :: Script':
  no 'from.reset' write handler
Rx rate: 896139
While executing 'Script@4 :: Script':
  no 'from.reset' write handler
Rx rate: 901313
While executing 'Script@4 :: Script':
  no 'from.reset' write handler
Rx rate: 890694
While executing 'Script@4 :: Script':
  no 'from.reset' write handler
Rx rate: 902228.771229
While executing 'Script@4 :: Script':
  no 'from.reset' write handler
Rx rate: 894982.017982
While executing 'Script@4 :: Script':
  no 'from.reset' write handler
Rx rate: 898984
While executing 'Script@4 :: Script':
  no 'from.reset' write handler
Rx rate: 900096.903097
While executing 'Script@4 :: Script':
  no 'from.reset' write handler
Rx rate: 906997
While executing 'Script@4 :: Script':
  no 'from.reset' write handler
Rx rate: 903422.577423
While executing 'Script@4 :: Script':
  no 'from.reset' write handler
Rx rate: 898467
While executing 'Script@4 :: Script':
  no 'from.reset' write handler
Rx rate: 899245
While executing 'Script@4 :: Script':
  no 'from.reset' write handler
Rx rate: 897171
While executing 'Script@4 :: Script':
  no 'from.reset' write handler
Rx rate: 894867.265469
While executing 'Script@4 :: Script':
  no 'from.reset' write handler
Rx rate: 900540
While executing 'Script@4 :: Script':
  no 'from.reset' write handler
Rx rate: 900802
While executing 'Script@4 :: Script':
  no 'from.reset' write handler
Rx rate: 901834
While executing 'Script@4 :: Script':
  no 'from.reset' write handler
Rx rate: 898814.185814
While executing 'Script@4 :: Script':
  no 'from.reset' write handler
Rx rate: 894690
While executing 'Script@4 :: Script':
  no 'from.reset' write handler
Rx rate: 896743
While executing 'Script@4 :: Script':
  no 'from.reset' write handler
Rx rate: 889405
While executing 'Script@4 :: Script':
  no 'from.reset' write handler
Rx rate: 897435
While executing 'Script@4 :: Script':
  no 'from.reset' write handler
Rx rate: 899894
While executing 'Script@4 :: Script':
  no 'from.reset' write handler
Rx rate: 892498.498498
While executing 'Script@4 :: Script':
  no 'from.reset' write handler
Rx rate: 893692.307692
While executing 'Script@4 :: Script':
  no 'from.reset' write handler
Rx rate: 901319
While executing 'Script@4 :: Script':
  no 'from.reset' write handler
Rx rate: 899506
While executing 'Script@4 :: Script':
  no 'from.reset' write handler
Rx rate: 859125
While executing 'Script@4 :: Script':
  no 'from.reset' write handler
Rx rate: 887892
While executing 'Script@4 :: Script':
  no 'from.reset' write handler
Rx rate: 902388.611389
While executing 'Script@4 :: Script':
  no 'from.reset' write handler
Rx rate: 892655.344655
While executing 'Script@4 :: Script':
  no 'from.reset' write handler
Rx rate: 896137
While executing 'Script@4 :: Script':
  no 'from.reset' write handler
Rx rate: 893173.826174
While executing 'Script@4 :: Script':
  no 'from.reset' write handler
Rx rate: 898466
While executing 'Script@4 :: Script':
  no 'from.reset' write handler
Rx rate: 898345.654346
While executing 'Script@4 :: Script':
  no 'from.reset' write handler
Rx rate: 897832.167832
While executing 'Script@4 :: Script':
  no 'from.reset' write handler
Rx rate: 903908
While executing 'Script@4 :: Script':
  no 'from.reset' write handler
Rx rate: 896653
While executing 'Script@4 :: Script':
  no 'from.reset' write handler
Rx rate: 893257
While executing 'Script@4 :: Script':
  no 'from.reset' write handler
Rx rate: 902907
While executing 'Script@4 :: Script':
  no 'from.reset' write handler
Rx rate: 892772
While executing 'Script@4 :: Script':
  no 'from.reset' write handler
Rx rate: 894327
While executing 'Script@4 :: Script':
  no 'from.reset' write handler
Rx rate: 900676.323676
While executing 'Script@4 :: Script':
  no 'from.reset' write handler
AUTOTEST_DONE
