/tmp/linux.click:2: While initializing 'from :: FromDevice':
  warning: ens7: no IPv4 address assigned
Startup trace (nsec): main: 9874148730
Startup trace (nsec): init done: 9883105384
Rx rate: 0
While executing 'Script@8 :: Script':
  no 'from.reset' write handler
Rx rate: 933570.621469
While executing 'Script@8 :: Script':
  no 'from.reset' write handler
Rx rate: 941300.699301
While executing 'Script@8 :: Script':
  no 'from.reset' write handler
Rx rate: 943463.073852
While executing 'Script@8 :: Script':
  no 'from.reset' write handler
Rx rate: 906629.370629
While executing 'Script@8 :: Script':
  no 'from.reset' write handler
Rx rate: 950615.384615
While executing 'Script@8 :: Script':
  no 'from.reset' write handler
Rx rate: 882823.176823
While executing 'Script@8 :: Script':
  no 'from.reset' write handler
Rx rate: 885999.000999
While executing 'Script@8 :: Script':
  no 'from.reset' write handler
Rx rate: 922290.709291
While executing 'Script@8 :: Script':
  no 'from.reset' write handler
Rx rate: 923188.811189
While executing 'Script@8 :: Script':
  no 'from.reset' write handler
Rx rate: 923706.293706
While executing 'Script@8 :: Script':
  no 'from.reset' write handler
Rx rate: 874902
While executing 'Script@8 :: Script':
  no 'from.reset' write handler
Rx rate: 913752
While executing 'Script@8 :: Script':
  no 'from.reset' write handler
Rx rate: 912198
While executing 'Script@8 :: Script':
  no 'from.reset' write handler
Rx rate: 886965.034965
While executing 'Script@8 :: Script':
  no 'from.reset' write handler
Rx rate: 925776.223776
While executing 'Script@8 :: Script':
  no 'from.reset' write handler
Rx rate: 925482
While executing 'Script@8 :: Script':
  no 'from.reset' write handler
Rx rate: 878950
While executing 'Script@8 :: Script':
  no 'from.reset' write handler
Rx rate: 913067
While executing 'Script@8 :: Script':
  no 'from.reset' write handler
Rx rate: 916860
While executing 'Script@8 :: Script':
  no 'from.reset' write handler
Rx rate: 860916
While executing 'Script@8 :: Script':
  no 'from.reset' write handler
Rx rate: 925666
While executing 'Script@8 :: Script':
  no 'from.reset' write handler
Rx rate: 924741.258741
While executing 'Script@8 :: Script':
  no 'from.reset' write handler
Rx rate: 863118
While executing 'Script@8 :: Script':
  no 'from.reset' write handler
Rx rate: 915565
While executing 'Script@8 :: Script':
  no 'from.reset' write handler
Rx rate: 910385
While executing 'Script@8 :: Script':
  no 'from.reset' write handler
Rx rate: 907715
While executing 'Script@8 :: Script':
  no 'from.reset' write handler
Rx rate: 850052
While executing 'Script@8 :: Script':
  no 'from.reset' write handler
Rx rate: 918702
While executing 'Script@8 :: Script':
  no 'from.reset' write handler
Rx rate: 920097
While executing 'Script@8 :: Script':
  no 'from.reset' write handler
Rx rate: 917508
While executing 'Script@8 :: Script':
  no 'from.reset' write handler
Rx rate: 914650.34965
While executing 'Script@8 :: Script':
  no 'from.reset' write handler
Rx rate: 918025
While executing 'Script@8 :: Script':
  no 'from.reset' write handler
Rx rate: 920321
While executing 'Script@8 :: Script':
  no 'from.reset' write handler
Rx rate: 920486
While executing 'Script@8 :: Script':
  no 'from.reset' write handler
Rx rate: 920486
While executing 'Script@8 :: Script':
  no 'from.reset' write handler
Rx rate: 918610
While executing 'Script@8 :: Script':
  no 'from.reset' write handler
Rx rate: 918081
While executing 'Script@8 :: Script':
  no 'from.reset' write handler
Rx rate: 917173
While executing 'Script@8 :: Script':
  no 'from.reset' write handler
Rx rate: 923076
While executing 'Script@8 :: Script':
  no 'from.reset' write handler
Rx rate: 928126
While executing 'Script@8 :: Script':
  no 'from.reset' write handler
Rx rate: 931235
While executing 'Script@8 :: Script':
  no 'from.reset' write handler
Rx rate: 930457
While executing 'Script@8 :: Script':
  no 'from.reset' write handler
Rx rate: 929292
While executing 'Script@8 :: Script':
  no 'from.reset' write handler
Rx rate: 924582
While executing 'Script@8 :: Script':
  no 'from.reset' write handler
Rx rate: 924871.128871
While executing 'Script@8 :: Script':
  no 'from.reset' write handler
Rx rate: 920326
While executing 'Script@8 :: Script':
  no 'from.reset' write handler
Rx rate: 923381
While executing 'Script@8 :: Script':
  no 'from.reset' write handler
Rx rate: 923464
While executing 'Script@8 :: Script':
  no 'from.reset' write handler
Rx rate: 918260.739261
While executing 'Script@8 :: Script':
  no 'from.reset' write handler
Rx rate: 924112
While executing 'Script@8 :: Script':
  no 'from.reset' write handler
Rx rate: 925019
While executing 'Script@8 :: Script':
  no 'from.reset' write handler
Rx rate: 925407
While executing 'Script@8 :: Script':
  no 'from.reset' write handler
Rx rate: 923706.293706
While executing 'Script@8 :: Script':
  no 'from.reset' write handler
Rx rate: 927349
While executing 'Script@8 :: Script':
  no 'from.reset' write handler
Rx rate: 925796
While executing 'Script@8 :: Script':
  no 'from.reset' write handler
Rx rate: 924399
While executing 'Script@8 :: Script':
  no 'from.reset' write handler
Rx rate: 914723
While executing 'Script@8 :: Script':
  no 'from.reset' write handler
Rx rate: 925796
While executing 'Script@8 :: Script':
  no 'from.reset' write handler
Rx rate: 924511
While executing 'Script@8 :: Script':
  no 'from.reset' write handler
Rx rate: 926184
While executing 'Script@8 :: Script':
  no 'from.reset' write handler
Rx rate: 926573
While executing 'Script@8 :: Script':
  no 'from.reset' write handler
Rx rate: 926313
While executing 'Script@8 :: Script':
  no 'from.reset' write handler
Rx rate: 925666
While executing 'Script@8 :: Script':
  no 'from.reset' write handler
Rx rate: 926423.576424
While executing 'Script@8 :: Script':
  no 'from.reset' write handler
Rx rate: 929292
While executing 'Script@8 :: Script':
  no 'from.reset' write handler
Rx rate: 926034
While executing 'Script@8 :: Script':
  no 'from.reset' write handler
Rx rate: 924003
While executing 'Script@8 :: Script':
  no 'from.reset' write handler
Rx rate: 925796
While executing 'Script@8 :: Script':
  no 'from.reset' write handler
Rx rate: 922976
While executing 'Script@8 :: Script':
  no 'from.reset' write handler
Rx rate: 923706.293706
While executing 'Script@8 :: Script':
  no 'from.reset' write handler
Rx rate: 924870.12987
While executing 'Script@8 :: Script':
  no 'from.reset' write handler
Rx rate: 925407
While executing 'Script@8 :: Script':
  no 'from.reset' write handler
AUTOTEST_DONE
