Startup trace (nsec): main: 161914123520
Startup trace (nsec): init done: 161917176681
Rx rate: 0
While executing 'Script@8 :: Script':
  no 'from.reset' write handler
Rx rate: 837388.601036
While executing 'Script@8 :: Script':
  no 'from.reset' write handler
Rx rate: 858775.896414
While executing 'Script@8 :: Script':
  no 'from.reset' write handler
Rx rate: 856871.257485
While executing 'Script@8 :: Script':
  no 'from.reset' write handler
Rx rate: 848802.39521
While executing 'Script@8 :: Script':
  no 'from.reset' write handler
Rx rate: 860336.653386
While executing 'Script@8 :: Script':
  no 'from.reset' write handler
Rx rate: 856951.048951
While executing 'Script@8 :: Script':
  no 'from.reset' write handler
Rx rate: 856900
While executing 'Script@8 :: Script':
  no 'from.reset' write handler
Rx rate: 844919.080919
While executing 'Script@8 :: Script':
  no 'from.reset' write handler
Rx rate: 857549
While executing 'Script@8 :: Script':
  no 'from.reset' write handler
Rx rate: 861078.078078
While executing 'Script@8 :: Script':
  no 'from.reset' write handler
Rx rate: 847737
While executing 'Script@8 :: Script':
  no 'from.reset' write handler
Rx rate: 855606
While executing 'Script@8 :: Script':
  no 'from.reset' write handler
Rx rate: 847306.387226
While executing 'Script@8 :: Script':
  no 'from.reset' write handler
Rx rate: 861643
While executing 'Script@8 :: Script':
  no 'from.reset' write handler
Rx rate: 854580
While executing 'Script@8 :: Script':
  no 'from.reset' write handler
Rx rate: 843433
While executing 'Script@8 :: Script':
  no 'from.reset' write handler
Rx rate: 844211
While executing 'Script@8 :: Script':
  no 'from.reset' write handler
Rx rate: 859362
While executing 'Script@8 :: Script':
  no 'from.reset' write handler
Rx rate: 847318
While executing 'Script@8 :: Script':
  no 'from.reset' write handler
Rx rate: 847851.148851
While executing 'Script@8 :: Script':
  no 'from.reset' write handler
Rx rate: 857025
While executing 'Script@8 :: Script':
  no 'from.reset' write handler
Rx rate: 842461.538462
While executing 'Script@8 :: Script':
  no 'from.reset' write handler
Rx rate: 856902
While executing 'Script@8 :: Script':
  no 'from.reset' write handler
Rx rate: 858276
While executing 'Script@8 :: Script':
  no 'from.reset' write handler
Rx rate: 814565
While executing 'Script@8 :: Script':
  no 'from.reset' write handler
Rx rate: 849447.552448
While executing 'Script@8 :: Script':
  no 'from.reset' write handler
Rx rate: 851073
While executing 'Script@8 :: Script':
  no 'from.reset' write handler
Rx rate: 844340
While executing 'Script@8 :: Script':
  no 'from.reset' write handler
Rx rate: 846411
While executing 'Script@8 :: Script':
  no 'from.reset' write handler
Rx rate: 845252
While executing 'Script@8 :: Script':
  no 'from.reset' write handler
Rx rate: 852694.305694
While executing 'Script@8 :: Script':
  no 'from.reset' write handler
Rx rate: 850038
While executing 'Script@8 :: Script':
  no 'from.reset' write handler
Rx rate: 859362
While executing 'Script@8 :: Script':
  no 'from.reset' write handler
Rx rate: 853019.98002
While executing 'Script@8 :: Script':
  no 'from.reset' write handler
Rx rate: 850052
While executing 'Script@8 :: Script':
  no 'from.reset' write handler
Rx rate: 847377.622378
While executing 'Script@8 :: Script':
  no 'from.reset' write handler
Rx rate: 848225
While executing 'Script@8 :: Script':
  no 'from.reset' write handler
Rx rate: 855657.342657
While executing 'Script@8 :: Script':
  no 'from.reset' write handler
Rx rate: 854182
While executing 'Script@8 :: Script':
  no 'from.reset' write handler
Rx rate: 853146
While executing 'Script@8 :: Script':
  no 'from.reset' write handler
Rx rate: 852009
While executing 'Script@8 :: Script':
  no 'from.reset' write handler
Rx rate: 849519
While executing 'Script@8 :: Script':
  no 'from.reset' write handler
Rx rate: 847707
While executing 'Script@8 :: Script':
  no 'from.reset' write handler
Rx rate: 841963
While executing 'Script@8 :: Script':
  no 'from.reset' write handler
Rx rate: 857757
While executing 'Script@8 :: Script':
  no 'from.reset' write handler
Rx rate: 848928.071928
While executing 'Script@8 :: Script':
  no 'from.reset' write handler
Rx rate: 852887
While executing 'Script@8 :: Script':
  no 'from.reset' write handler
Rx rate: 844272.727273
While executing 'Script@8 :: Script':
  no 'from.reset' write handler
Rx rate: 852034.965035
While executing 'Script@8 :: Script':
  no 'from.reset' write handler
Rx rate: 852369
While executing 'Script@8 :: Script':
  no 'from.reset' write handler
Rx rate: 837795
While executing 'Script@8 :: Script':
  no 'from.reset' write handler
Rx rate: 851409
While executing 'Script@8 :: Script':
  no 'from.reset' write handler
Rx rate: 858067
While executing 'Script@8 :: Script':
  no 'from.reset' write handler
Rx rate: 844672.654691
While executing 'Script@8 :: Script':
  no 'from.reset' write handler
Rx rate: 847272
While executing 'Script@8 :: Script':
  no 'from.reset' write handler
Rx rate: 822020.979021
While executing 'Script@8 :: Script':
  no 'from.reset' write handler
Rx rate: 854052
While executing 'Script@8 :: Script':
  no 'from.reset' write handler
Rx rate: 851981
While executing 'Script@8 :: Script':
  no 'from.reset' write handler
Rx rate: 854182
While executing 'Script@8 :: Script':
  no 'from.reset' write handler
Rx rate: 857031
While executing 'Script@8 :: Script':
  no 'from.reset' write handler
Rx rate: 856254
While executing 'Script@8 :: Script':
  no 'from.reset' write handler
Rx rate: 856255
While executing 'Script@8 :: Script':
  no 'from.reset' write handler
Rx rate: 850741.258741
While executing 'Script@8 :: Script':
  no 'from.reset' write handler
Rx rate: 851338
While executing 'Script@8 :: Script':
  no 'from.reset' write handler
Rx rate: 851249
While executing 'Script@8 :: Script':
  no 'from.reset' write handler
Rx rate: 844599
While executing 'Script@8 :: Script':
  no 'from.reset' write handler
Rx rate: 848225
While executing 'Script@8 :: Script':
  no 'from.reset' write handler
Rx rate: 850409.181637
While executing 'Script@8 :: Script':
  no 'from.reset' write handler
Rx rate: 857290
While executing 'Script@8 :: Script':
  no 'from.reset' write handler
Rx rate: 858244.755245
While executing 'Script@8 :: Script':
  no 'from.reset' write handler
Rx rate: 845629
While executing 'Script@8 :: Script':
  no 'from.reset' write handler
Rx rate: 851093
While executing 'Script@8 :: Script':
  no 'from.reset' write handler
AUTOTEST_DONE
