Time,Device,Direction,PacketRate,Mbit,MbitWithFraming,TotalPackets,TotalBytes
1748706200,Device: id=0,RX,0.55506020666482,1083.4775234097,1172.2871564761,558652,136311332
1748706200,Device: id=0,TX,0,0,0,0,0
1748706201,Device: id=0,RX,0.55460028540764,1082.5817042822,1171.3177499474,1114629,271969964
1748706201,Device: id=0,TX,0,0,0,0,0
1748706202,Device: id=0,RX,0.55572811748246,1084.7812853258,1173.697784123,1674375,408547988
1748706202,Device: id=0,TX,0,0,0,0,0
1748706203,Device: id=0,RX,0.55137919425166,1076.2902452793,1164.5109163596,2228622,543784012
1748706203,Device: id=0,TX,0,0,0,0,0
1748706204,Device: id=0,RX,0.55270515261451,1078.8785162033,1167.3113406217,2784259,679359196
1748706204,Device: id=0,TX,0,0,0,0,0
1748706205,Device: id=0,RX,0.55592357324677,1085.1666985343,1174.1144702538,3343109,815719084
1748706205,Device: id=0,TX,0,0,0,0,0
1748706206,Device: id=0,RX,0.55287849681542,1079.216884163,1167.6774436534,3898943,951342336
1748706206,Device: id=0,TX,0,0,0,0,0
1748706207,Device: id=0,RX,0.55357320886039,1080.5749036955,1169.1466171131,4455365,1087109304
1748706207,Device: id=0,TX,0,0,0,0,0
1748706208,Device: id=0,RX,0.55383025118226,1081.0766503078,1169.6894904969,5012103,1222953376
1748706208,Device: id=0,TX,0,0,0,0,0
1748706209,Device: id=0,RX,0.55505538811379,1083.475885202,1172.2847473003,5570045,1359092200
1748706209,Device: id=0,TX,0,0,0,0,0
1748706210,Device: id=0,RX,0.55476841445488,1082.8982359892,1171.661182302,6127726,1495165144
1748706210,Device: id=0,TX,0,0,0,0,0
1748706211,Device: id=0,RX,0.5518180652002,1077.1566296544,1165.4475200864,6682501,1630531220
1748706211,Device: id=0,TX,0,0,0,0,0
1748706212,Device: id=0,RX,0.5548355326167,1083.0331348735,1171.8068200921,7240309,1766635640
1748706212,Device: id=0,TX,0,0,0,0,0
1748706213,Device: id=0,RX,0.55417670295329,1081.7509857132,1170.4192581857,7798359,1902799596
1748706213,Device: id=0,TX,0,0,0,0,0
1748706214,Device: id=0,RX,0.55423786540561,1081.8723132717,1170.5503717366,8355507,2038743708
1748706214,Device: id=0,TX,0,0,0,0,0
1748706215,Device: id=0,RX,0.5539456683867,1081.3038863879,1169.9351933297,8912392,2174623892
1748706215,Device: id=0,TX,0,0,0,0,0
1748706216,Device: id=0,RX,0.55492596047128,1083.2154748399,1172.0036285153,9470203,2310729776
1748706216,Device: id=0,TX,0,0,0,0,0
1748706217,Device: id=0,RX,0.55452421931058,1082.4312760943,1171.155151184,10027639,2446744160
1748706217,Device: id=0,TX,0,0,0,0,0
1748706218,Device: id=0,RX,0.55430435522211,1082.0001595899,1170.6888564255,10584854,2582704376
1748706218,Device: id=0,TX,0,0,0,0,0
1748706219,Device: id=0,RX,0.55321596635791,1079.8795082177,1168.394062835,11140951,2718392288
1748706219,Device: id=0,TX,0,0,0,0,0
1748706220,Device: id=0,RX,0.55449103503431,1082.366500387,1171.0850659925,11698322,2854390812
1748706220,Device: id=0,TX,0,0,0,0,0
1748706221,Device: id=0,RX,0.55498114609243,1083.3231971724,1172.1201805472,12256452,2990574532
1748706221,Device: id=0,TX,0,0,0,0,0
1748706222,Device: id=0,RX,0.55557299814064,1084.4784923705,1173.370172073,12815352,3126946132
1748706222,Device: id=0,TX,0,0,0,0,0
1748706223,Device: id=0,RX,0.55253761587993,1078.5534261976,1166.9594447384,13370791,3262473248
1748706223,Device: id=0,TX,0,0,0,0,0
1748706224,Device: id=0,RX,0.55196556421438,1077.4367813465,1165.7512716208,13925655,3397860064
1748706224,Device: id=0,TX,0,0,0,0,0
1748706225,Device: id=0,RX,0.55518170225159,1083.7127408942,1172.5418132545,14483724,3534028656
1748706225,Device: id=0,TX,0,0,0,0,0
1748706226,Device: id=0,RX,0.55343329825054,1080.3017981851,1168.8511259051,15040064,3669775616
1748706226,Device: id=0,TX,0,0,0,0,0
1748706227,Device: id=0,RX,0.55542044033845,1084.1806995407,1173.0479699948,15598430,3806016920
1748706227,Device: id=0,TX,0,0,0,0,0
1748706228,Device: id=0,RX,0.55395224323723,1081.3167189757,1169.9490778937,16155758,3942005196
1748706228,Device: id=0,TX,0,0,0,0,0
1748706229,Device: id=0,RX,0.55533211987289,1084.0082979919,1172.8614371716,16713977,4078210632
1748706229,Device: id=0,TX,0,0,0,0,0
1748706230,Device: id=0,RX,0.55386162115805,1081.1359425994,1169.7538019847,17270719,4214055436
1748706230,Device: id=0,TX,0,0,0,0,0
1748706231,Device: id=0,RX,0.55169226585813,1076.9052448539,1165.1760073912,17825281,4349368808
1748706231,Device: id=0,TX,0,0,0,0,0
1748706232,Device: id=0,RX,0.55424923928011,1081.8925732691,1170.5724515539,18382440,4485315360
1748706232,Device: id=0,TX,0,0,0,0,0
1748706233,Device: id=0,RX,0.5512503419511,1076.0406674885,1164.2407222007,18936615,4620534060
1748706233,Device: id=0,TX,0,0,0,0,0
1748706234,Device: id=0,RX,0.55504197410599,1083.4438752602,1172.2505911172,19494571,4756675568
1748706234,Device: id=0,TX,0,0,0,0,0
1748706235,Device: id=0,RX,0.55621543830314,1085.7325355677,1174.7270056962,20054295,4893248224
1748706235,Device: id=0,TX,0,0,0,0,0
1748706236,Device: id=0,RX,0.55479744803623,1082.9626767607,1171.7302684465,20612005,5029329220
1748706236,Device: id=0,TX,0,0,0,0,0
1748706237,Device: id=0,RX,0.55583851871132,1084.9967885245,1173.9309515183,21170763,5165666172
1748706237,Device: id=0,TX,0,0,0,0,0
1748706238,Device: id=0,RX,0.55619621106875,1085.6950040062,1174.6863977772,21729881,5302090964
1748706238,Device: id=0,TX,0,0,0,0,0
1748706239,Device: id=0,RX,0.55570720634506,1084.7404667855,1173.6536198008,22288507,5438395708
1748706239,Device: id=0,TX,0,0,0,0,0
1748706240,Device: id=0,RX,0.55509635155207,1083.5480782296,1172.363494478,22846518,5574550392
1748706240,Device: id=0,TX,0,0,0,0,0
1748706241,Device: id=0,RX,0.55615312731471,1085.6167299237,1174.6012302941,23405592,5710965180
1748706241,Device: id=0,TX,0,0,0,0,0
1748706242,Device: id=0,RX,0.55408730189559,1081.5745297013,1170.2284980046,23962590,5846872204
1748706243,Device: id=0,TX,0,0,0,0,0
1748706243,Device: id=0,RX,0.55265078486748,1078.7743320613,1167.1984576401,24518143,5982427136
1748706244,Device: id=0,TX,0,0,0,0,0
1748706244,Device: id=0,RX,0.55226765662199,1078.0264657261,1166.3892907856,25073689,6117980360
1748706245,Device: id=0,TX,0,0,0,0,0
1748706245,Device: id=0,RX,0.55395399273419,1081.3181938171,1169.9508326546,25630552,6253854932
1748706246,Device: id=0,TX,0,0,0,0,0
1748706246,Device: id=0,RX,0.55328050097222,1080.0015960985,1168.526476254,26186739,6389564316
1748706247,Device: id=0,TX,0,0,0,0,0
1748706248,Device: id=0,RX,0.55315791563085,1079.7661931134,1168.2714596144,26742802,6525243932
1748706248,Device: id=0,TX,0,0,0,0,0
1748706249,Device: id=0,RX,0.55544470923508,1084.2280724269,1173.0992259045,27301164,6661484260
1748706249,Device: id=0,TX,0,0,0,0,0
1748706250,Device: id=0,RX,0.55502659171481,1083.4099652236,1172.214219898,27859105,6797621620
1748706250,Device: id=0,TX,0,0,0,0,0
1748706251,Device: id=0,RX,0.55354736767849,1080.5244617084,1169.092040537,28415793,6933453492
1748706251,Device: id=0,TX,0,0,0,0,0
1748706252,Device: id=0,RX,0.5547986868314,1082.9709202947,1171.7387101877,28973506,7069535952
1748706252,Device: id=0,TX,0,0,0,0,0
1748706253,Device: id=0,RX,0.55487257321737,1083.1073795136,1171.8869912284,29531321,7205642324
1748706253,Device: id=0,TX,0,0,0,0,0
1748706254,Device: id=0,RX,0.55529506560555,1083.9379063063,1172.7851168032,30090557,7342096152
1748706254,Device: id=0,TX,0,0,0,0,0
1748706255,Device: id=0,RX,0.55349111194572,1080.4146505181,1168.9732284294,30647391,7477963648
1748706255,Device: id=0,TX,0,0,0,0,0
1748706256,Device: id=0,RX,0.55470884893748,1082.7897313237,1171.5431471537,31205013,7614023172
1748706256,Device: id=0,TX,0,0,0,0,0
1748706257,Device: id=0,RX,0.55256918414885,1078.6169892577,1167.0280587215,31760485,7749558584
1748706257,Device: id=0,TX,0,0,0,0,0
1748706258,Device: id=0,RX,0.55551279610479,1084.3609779965,1173.2430253733,32318914,7885815260
1748706258,Device: id=0,TX,0,0,0,0,0
1748706259,Device: id=0,RX,0.55503780426054,1083.4337939166,1172.2398425983,32876868,8021956036
1748706259,Device: id=0,TX,0,0,0,0,0
1748706260,Device: id=0,RX,0.5545373980338,1082.457000962,1171.1829846474,33434289,8157966760
1748706260,Device: id=0,TX,0,0,0,0,0
1748706261,Device: id=0,RX,0.55429036204416,1081.9728459239,1170.6593038509,33991782,8293994808
1748706261,Device: id=0,TX,0,0,0,0,0
1748706262,Device: id=0,RX,0.55435119029907,1082.0935234638,1170.7897139116,34549015,8429959660
1748706262,Device: id=0,TX,0,0,0,0,0
1748706263,Device: id=0,RX,0.55434582974019,1082.0850014554,1170.7803342138,35106272,8565930612
1748706263,Device: id=0,TX,0,0,0,0,0
1748706264,Device: id=0,RX,0.55430874927114,1082.0087367722,1170.6981366556,35663491,8701891804
1748706264,Device: id=0,TX,0,0,0,0,0
1748706265,Device: id=0,RX,0.55477647667597,1082.9256242668,1171.6898605349,36221183,8837968896
1748706265,Device: id=0,TX,0,0,0,0,0
1748706266,Device: id=0,RX,0.55216103922815,1077.8183485734,1166.1641148499,36776825,8973545544
1748706266,Device: id=0,TX,0,0,0,0,0
1748706267,Device: id=0,RX,0.552426379028,1078.3362918627,1166.7245125071,37332152,9109045332
1748706267,Device: id=0,TX,0,0,0,0,0
1748706268,Device: id=0,RX,0.55411269282806,1081.6279764004,1170.2860072529,37889175,9244958944
1748706268,Device: id=0,TX,0,0,0,0,0
1748706269,Device: id=0,RX,0.5541367177781,1081.6729312034,1170.3348060479,38446194,9380871336
1748706269,Device: id=0,TX,0,0,0,0,0
1748706270,Device: id=0,RX,0.55358733035215,1080.6024688474,1169.1764417037,39002659,9516648796
1748706270,Device: id=0,TX,0,0,0,0,0
1748706270,Device: id=0,RX,0.5541758171454,1081.7511669955,1170.4192977388,39437783,9622819540
1748706270,Device: id=0,TX,0,0,0,0,0
