/tmp/linux.click:2: While initializing 'from_device :: FromDevice':
  warning: ens7: no IPv4 address assigned
SimpleQueue@7 :: SimpleQueue: overflow
Startup trace (nsec): main: 8853503685
Startup trace (nsec): init done: 8864090062
Rx rate: 244219.653179   TxExt rate: 242341.040462   TxInt rate: 242341.040462
While executing 'Script@11 :: Script':
  no 'from_device.reset' write handler
Rx rate: 226013.916501   TxExt rate: 224275.347913   TxInt rate: 224275.347913
While executing 'Script@11 :: Script':
  no 'from_device.reset' write handler
Rx rate: 218831.168831   TxExt rate: 217147.852148   TxInt rate: 217147.852148
While executing 'Script@11 :: Script':
  no 'from_device.reset' write handler
Rx rate: 214590.818363   TxExt rate: 212940.11976   TxInt rate: 212940.11976
While executing 'Script@11 :: Script':
  no 'from_device.reset' write handler
Rx rate: 204935.064935   TxExt rate: 203358.641359   TxInt rate: 203358.641359
While executing 'Script@11 :: Script':
  no 'from_device.reset' write handler
Rx rate: 215239.520958   TxExt rate: 213583.832335   TxInt rate: 213583.832335
While executing 'Script@11 :: Script':
  no 'from_device.reset' write handler
Rx rate: 207088   TxExt rate: 205013   TxInt rate: 205013
While executing 'Script@11 :: Script':
  no 'from_device.reset' write handler
Rx rate: 209636   TxExt rate: 207282   TxInt rate: 207282
While executing 'Script@11 :: Script':
  no 'from_device.reset' write handler
Rx rate: 214783.216783   TxExt rate: 213386.613387   TxInt rate: 213386.613387
While executing 'Script@11 :: Script':
  no 'from_device.reset' write handler
Rx rate: 214098.901099   TxExt rate: 210677.322677   TxInt rate: 210677.322677
While executing 'Script@11 :: Script':
  no 'from_device.reset' write handler
Rx rate: 219154.845155   TxExt rate: 217470.529471   TxInt rate: 217470.529471
While executing 'Script@11 :: Script':
  no 'from_device.reset' write handler
Rx rate: 208130   TxExt rate: 206529   TxInt rate: 206529
While executing 'Script@11 :: Script':
  no 'from_device.reset' write handler
Rx rate: 218920   TxExt rate: 217236   TxInt rate: 217236
While executing 'Script@11 :: Script':
  no 'from_device.reset' write handler
Rx rate: 223376.623377   TxExt rate: 221658.341658   TxInt rate: 221658.341658
While executing 'Script@11 :: Script':
  no 'from_device.reset' write handler
Rx rate: 207546   TxExt rate: 205948   TxInt rate: 205948
While executing 'Script@11 :: Script':
  no 'from_device.reset' write handler
Rx rate: 223246.753247   TxExt rate: 221529.470529   TxInt rate: 221529.470529
While executing 'Script@11 :: Script':
  no 'from_device.reset' write handler
Rx rate: 223226.773227   TxExt rate: 220772.227772   TxInt rate: 220772.227772
While executing 'Script@11 :: Script':
  no 'from_device.reset' write handler
Rx rate: 207785.214785   TxExt rate: 205464.535465   TxInt rate: 205464.535465
While executing 'Script@11 :: Script':
  no 'from_device.reset' write handler
Rx rate: 222342   TxExt rate: 220886   TxInt rate: 220886
While executing 'Script@11 :: Script':
  no 'from_device.reset' write handler
Rx rate: 217319   TxExt rate: 214907   TxInt rate: 214907
While executing 'Script@11 :: Script':
  no 'from_device.reset' write handler
Rx rate: 202597.402597   TxExt rate: 201240   TxInt rate: 201240
While executing 'Script@11 :: Script':
  no 'from_device.reset' write handler
Rx rate: 215800   TxExt rate: 214140   TxInt rate: 214140
While executing 'Script@11 :: Script':
  no 'from_device.reset' write handler
Rx rate: 216103.896104   TxExt rate: 214441.558442   TxInt rate: 214441.558442
While executing 'Script@11 :: Script':
  no 'from_device.reset' write handler
Rx rate: 201306   TxExt rate: 199756   TxInt rate: 199756
While executing 'Script@11 :: Script':
  no 'from_device.reset' write handler
Rx rate: 221520   TxExt rate: 219816   TxInt rate: 219816
While executing 'Script@11 :: Script':
  no 'from_device.reset' write handler
Rx rate: 224120   TxExt rate: 222396   TxInt rate: 222396
While executing 'Script@11 :: Script':
  no 'from_device.reset' write handler
Rx rate: 216594   TxExt rate: 214186   TxInt rate: 214186
While executing 'Script@11 :: Script':
  no 'from_device.reset' write handler
Rx rate: 203481   TxExt rate: 201180   TxInt rate: 201180
While executing 'Script@11 :: Script':
  no 'from_device.reset' write handler
Rx rate: 226330   TxExt rate: 224589   TxInt rate: 224589
While executing 'Script@11 :: Script':
  no 'from_device.reset' write handler
Rx rate: 223294   TxExt rate: 220105   TxInt rate: 220105
While executing 'Script@11 :: Script':
  no 'from_device.reset' write handler
Rx rate: 219700   TxExt rate: 218010   TxInt rate: 218010
While executing 'Script@11 :: Script':
  no 'from_device.reset' write handler
Rx rate: 222104   TxExt rate: 220397   TxInt rate: 220397
While executing 'Script@11 :: Script':
  no 'from_device.reset' write handler
Rx rate: 220090   TxExt rate: 218397   TxInt rate: 218397
While executing 'Script@11 :: Script':
  no 'from_device.reset' write handler
Rx rate: 218897.102897   TxExt rate: 217211.788212   TxInt rate: 217211.788212
While executing 'Script@11 :: Script':
  no 'from_device.reset' write handler
Rx rate: 225094   TxExt rate: 223364   TxInt rate: 223364
While executing 'Script@11 :: Script':
  no 'from_device.reset' write handler
Rx rate: 221520   TxExt rate: 219816   TxInt rate: 219816
While executing 'Script@11 :: Script':
  no 'from_device.reset' write handler
Rx rate: 219048.951049   TxExt rate: 216634.365634   TxInt rate: 216634.365634
While executing 'Script@11 :: Script':
  no 'from_device.reset' write handler
Rx rate: 221092.907093   TxExt rate: 218652.347652   TxInt rate: 218652.347652
While executing 'Script@11 :: Script':
  no 'from_device.reset' write handler
Rx rate: 220519.480519   TxExt rate: 218823.176823   TxInt rate: 218823.176823
While executing 'Script@11 :: Script':
  no 'from_device.reset' write handler
Rx rate: 222570   TxExt rate: 219042   TxInt rate: 219042
While executing 'Script@11 :: Script':
  no 'from_device.reset' write handler
Rx rate: 218140   TxExt rate: 216462   TxInt rate: 216462
While executing 'Script@11 :: Script':
  no 'from_device.reset' write handler
Rx rate: 220740   TxExt rate: 219042   TxInt rate: 219042
While executing 'Script@11 :: Script':
  no 'from_device.reset' write handler
Rx rate: 218920   TxExt rate: 217236   TxInt rate: 217236
While executing 'Script@11 :: Script':
  no 'from_device.reset' write handler
Rx rate: 216840   TxExt rate: 215172   TxInt rate: 215172
While executing 'Script@11 :: Script':
  no 'from_device.reset' write handler
Rx rate: 216646   TxExt rate: 214978   TxInt rate: 214978
While executing 'Script@11 :: Script':
  no 'from_device.reset' write handler
Rx rate: 217684   TxExt rate: 216011   TxInt rate: 216011
While executing 'Script@11 :: Script':
  no 'from_device.reset' write handler
Rx rate: 218957.042957   TxExt rate: 216532.467532   TxInt rate: 216532.467532
While executing 'Script@11 :: Script':
  no 'from_device.reset' write handler
Rx rate: 227313   TxExt rate: 224823   TxInt rate: 224823
While executing 'Script@11 :: Script':
  no 'from_device.reset' write handler
Rx rate: 225616   TxExt rate: 223879   TxInt rate: 223879
While executing 'Script@11 :: Script':
  no 'from_device.reset' write handler
Rx rate: 223860   TxExt rate: 222138   TxInt rate: 222138
While executing 'Script@11 :: Script':
  no 'from_device.reset' write handler
Rx rate: 222400   TxExt rate: 219947   TxInt rate: 219947
While executing 'Script@11 :: Script':
  no 'from_device.reset' write handler
Rx rate: 217424   TxExt rate: 215753   TxInt rate: 215753
While executing 'Script@11 :: Script':
  no 'from_device.reset' write handler
Rx rate: 219465.465465   TxExt rate: 217775.775776   TxInt rate: 217775.775776
While executing 'Script@11 :: Script':
  no 'from_device.reset' write handler
Rx rate: 214890   TxExt rate: 213237   TxInt rate: 213237
While executing 'Script@11 :: Script':
  no 'from_device.reset' write handler
Rx rate: 213330   TxExt rate: 211689   TxInt rate: 211689
While executing 'Script@11 :: Script':
  no 'from_device.reset' write handler
Rx rate: 218464   TxExt rate: 216568.431568   TxInt rate: 216568.431568
While executing 'Script@11 :: Script':
  no 'from_device.reset' write handler
Rx rate: 213040   TxExt rate: 210660   TxInt rate: 210660
While executing 'Script@11 :: Script':
  no 'from_device.reset' write handler
Rx rate: 222672   TxExt rate: 220218   TxInt rate: 220218
While executing 'Script@11 :: Script':
  no 'from_device.reset' write handler
Rx rate: 222950   TxExt rate: 221235   TxInt rate: 221235
While executing 'Script@11 :: Script':
  no 'from_device.reset' write handler
Rx rate: 217880   TxExt rate: 216204   TxInt rate: 216204
While executing 'Script@11 :: Script':
  no 'from_device.reset' write handler
Rx rate: 221875.124875   TxExt rate: 218943.056943   TxInt rate: 218943.056943
While executing 'Script@11 :: Script':
  no 'from_device.reset' write handler
Rx rate: 225420   TxExt rate: 223686   TxInt rate: 223686
While executing 'Script@11 :: Script':
  no 'from_device.reset' write handler
Rx rate: 217620   TxExt rate: 215946   TxInt rate: 215946
While executing 'Script@11 :: Script':
  no 'from_device.reset' write handler
Rx rate: 224770   TxExt rate: 223041   TxInt rate: 223041
While executing 'Script@11 :: Script':
  no 'from_device.reset' write handler
Rx rate: 223860   TxExt rate: 222138   TxInt rate: 222138
While executing 'Script@11 :: Script':
  no 'from_device.reset' write handler
Rx rate: 222300   TxExt rate: 220590   TxInt rate: 220590
While executing 'Script@11 :: Script':
  no 'from_device.reset' write handler
Rx rate: 220275   TxExt rate: 217840   TxInt rate: 217840
While executing 'Script@11 :: Script':
  no 'from_device.reset' write handler
Rx rate: 218227   TxExt rate: 215805   TxInt rate: 215805
While executing 'Script@11 :: Script':
  no 'from_device.reset' write handler
Rx rate: 221910   TxExt rate: 220203   TxInt rate: 220203
While executing 'Script@11 :: Script':
  no 'from_device.reset' write handler
Rx rate: 218790   TxExt rate: 217107   TxInt rate: 217107
While executing 'Script@11 :: Script':
  no 'from_device.reset' write handler
Rx rate: 222213   TxExt rate: 219767   TxInt rate: 219767
While executing 'Script@11 :: Script':
  no 'from_device.reset' write handler
Rx rate: 222300   TxExt rate: 220590   TxInt rate: 220590
While executing 'Script@11 :: Script':
  no 'from_device.reset' write handler
AUTOTEST_DONE
