Rx rate: 0
While executing 'Script@7 :: Script':
  no 'from.reset' write handler
Rx rate: 836200
While executing 'Script@7 :: Script':
  no 'from.reset' write handler
Rx rate: 833437.810945
While executing 'Script@7 :: Script':
  no 'from.reset' write handler
Rx rate: 836527.417747
While executing 'Script@7 :: Script':
  no 'from.reset' write handler
Rx rate: 836536
While executing 'Script@7 :: Script':
  no 'from.reset' write handler
Rx rate: 832109.89011
While executing 'Script@7 :: Script':
  no 'from.reset' write handler
Rx rate: 838714.855434
While executing 'Script@7 :: Script':
  no 'from.reset' write handler
Rx rate: 820941.117764
While executing 'Script@7 :: Script':
  no 'from.reset' write handler
Rx rate: 832167
While executing 'Script@7 :: Script':
  no 'from.reset' write handler
Rx rate: 830504.99002
While executing 'Script@7 :: Script':
  no 'from.reset' write handler
Rx rate: 829678.321678
While executing 'Script@7 :: Script':
  no 'from.reset' write handler
Rx rate: 830117.764471
While executing 'Script@7 :: Script':
  no 'from.reset' write handler
Rx rate: 838383
While executing 'Script@7 :: Script':
  no 'from.reset' write handler
Rx rate: 841920.920921
While executing 'Script@7 :: Script':
  no 'from.reset' write handler
Rx rate: 833408
While executing 'Script@7 :: Script':
  no 'from.reset' write handler
Rx rate: 842785
While executing 'Script@7 :: Script':
  no 'from.reset' write handler
Rx rate: 835534
While executing 'Script@7 :: Script':
  no 'from.reset' write handler
Rx rate: 838839.160839
While executing 'Script@7 :: Script':
  no 'from.reset' write handler
Rx rate: 828153
While executing 'Script@7 :: Script':
  no 'from.reset' write handler
Rx rate: 832887.112887
While executing 'Script@7 :: Script':
  no 'from.reset' write handler
Rx rate: 834498
While executing 'Script@7 :: Script':
  no 'from.reset' write handler
Rx rate: 824859.140859
While executing 'Script@7 :: Script':
  no 'from.reset' write handler
Rx rate: 832832.335329
While executing 'Script@7 :: Script':
  no 'from.reset' write handler
Rx rate: 800252
While executing 'Script@7 :: Script':
  no 'from.reset' write handler
Rx rate: 823328.671329
While executing 'Script@7 :: Script':
  no 'from.reset' write handler
Rx rate: 838642
While executing 'Script@7 :: Script':
  no 'from.reset' write handler
Rx rate: 829836
While executing 'Script@7 :: Script':
  no 'from.reset' write handler
Rx rate: 831906
While executing 'Script@7 :: Script':
  no 'from.reset' write handler
Rx rate: 828797
While executing 'Script@7 :: Script':
  no 'from.reset' write handler
Rx rate: 833203
While executing 'Script@7 :: Script':
  no 'from.reset' write handler
Rx rate: 836629.62963
While executing 'Script@7 :: Script':
  no 'from.reset' write handler
Rx rate: 825024.975025
While executing 'Script@7 :: Script':
  no 'from.reset' write handler
Rx rate: 828930
While executing 'Script@7 :: Script':
  no 'from.reset' write handler
Rx rate: 827325
While executing 'Script@7 :: Script':
  no 'from.reset' write handler
Rx rate: 824641
While executing 'Script@7 :: Script':
  no 'from.reset' write handler
Rx rate: 829835
While executing 'Script@7 :: Script':
  no 'from.reset' write handler
Rx rate: 834239
While executing 'Script@7 :: Script':
  no 'from.reset' write handler
Rx rate: 834498
While executing 'Script@7 :: Script':
  no 'from.reset' write handler
Rx rate: 828489.51049
While executing 'Script@7 :: Script':
  no 'from.reset' write handler
Rx rate: 834497
While executing 'Script@7 :: Script':
  no 'from.reset' write handler
Rx rate: 831539.92016
While executing 'Script@7 :: Script':
  no 'from.reset' write handler
Rx rate: 828441
While executing 'Script@7 :: Script':
  no 'from.reset' write handler
Rx rate: 825951
While executing 'Script@7 :: Script':
  no 'from.reset' write handler
Rx rate: 828458
While executing 'Script@7 :: Script':
  no 'from.reset' write handler
Rx rate: 832114
While executing 'Script@7 :: Script':
  no 'from.reset' write handler
Rx rate: 833404.595405
While executing 'Script@7 :: Script':
  no 'from.reset' write handler
Rx rate: 835792
While executing 'Script@7 :: Script':
  no 'from.reset' write handler
Rx rate: 833979
While executing 'Script@7 :: Script':
  no 'from.reset' write handler
Rx rate: 840711
While executing 'Script@7 :: Script':
  no 'from.reset' write handler
Rx rate: 835734.265734
While executing 'Script@7 :: Script':
  no 'from.reset' write handler
Rx rate: 836051
While executing 'Script@7 :: Script':
  no 'from.reset' write handler
Rx rate: 835607.392607
While executing 'Script@7 :: Script':
  no 'from.reset' write handler
Rx rate: 847448
While executing 'Script@7 :: Script':
  no 'from.reset' write handler
Rx rate: 828447
While executing 'Script@7 :: Script':
  no 'from.reset' write handler
Rx rate: 807930
While executing 'Script@7 :: Script':
  no 'from.reset' write handler
Rx rate: 829317
While executing 'Script@7 :: Script':
  no 'from.reset' write handler
Rx rate: 836052
While executing 'Script@7 :: Script':
  no 'from.reset' write handler
Rx rate: 832167
While executing 'Script@7 :: Script':
  no 'from.reset' write handler
Rx rate: 829318
While executing 'Script@7 :: Script':
  no 'from.reset' write handler
Rx rate: 837156.843157
While executing 'Script@7 :: Script':
  no 'from.reset' write handler
Rx rate: 833276.723277
While executing 'Script@7 :: Script':
  no 'from.reset' write handler
Rx rate: 820671.328671
While executing 'Script@7 :: Script':
  no 'from.reset' write handler
Rx rate: 829059
While executing 'Script@7 :: Script':
  no 'from.reset' write handler
Rx rate: 824088
While executing 'Script@7 :: Script':
  no 'from.reset' write handler
Rx rate: 830360
While executing 'Script@7 :: Script':
  no 'from.reset' write handler
Rx rate: 834886
While executing 'Script@7 :: Script':
  no 'from.reset' write handler
Rx rate: 825690
While executing 'Script@7 :: Script':
  no 'from.reset' write handler
Rx rate: 827712.287712
While executing 'Script@7 :: Script':
  no 'from.reset' write handler
Rx rate: 834495
While executing 'Script@7 :: Script':
  no 'from.reset' write handler
Rx rate: 826987
While executing 'Script@7 :: Script':
  no 'from.reset' write handler
Rx rate: 829265.734266
While executing 'Script@7 :: Script':
  no 'from.reset' write handler
Rx rate: 826678.321678
While executing 'Script@7 :: Script':
  no 'from.reset' write handler
Rx rate: 825678
While executing 'Script@7 :: Script':
  no 'from.reset' write handler
Rx rate: 834955
While executing 'Script@7 :: Script':
  no 'from.reset' write handler
Rx rate: 833211
While executing 'Script@7 :: Script':
  no 'from.reset' write handler
Rx rate: 834498
While executing 'Script@7 :: Script':
  no 'from.reset' write handler
Rx rate: 829576
While executing 'Script@7 :: Script':
  no 'from.reset' write handler
Rx rate: 830613
While executing 'Script@7 :: Script':
  no 'from.reset' write handler
Rx rate: 823879
While executing 'Script@7 :: Script':
  no 'from.reset' write handler
Rx rate: 832629.370629
While executing 'Script@7 :: Script':
  no 'from.reset' write handler
Rx rate: 832684
While executing 'Script@7 :: Script':
  no 'from.reset' write handler
Rx rate: 823784.431138
While executing 'Script@7 :: Script':
  no 'from.reset' write handler
Rx rate: 830718.281718
While executing 'Script@7 :: Script':
  no 'from.reset' write handler
Rx rate: 827737.262737
While executing 'Script@7 :: Script':
  no 'from.reset' write handler
Rx rate: 792357
While executing 'Script@7 :: Script':
  no 'from.reset' write handler
Rx rate: 841749
While executing 'Script@7 :: Script':
  no 'from.reset' write handler
Rx rate: 840194
While executing 'Script@7 :: Script':
  no 'from.reset' write handler
Rx rate: 835274
While executing 'Script@7 :: Script':
  no 'from.reset' write handler
Rx rate: 837803.196803
While executing 'Script@7 :: Script':
  no 'from.reset' write handler
Rx rate: 836699
While executing 'Script@7 :: Script':
  no 'from.reset' write handler
Rx rate: 834051.948052
While executing 'Script@7 :: Script':
  no 'from.reset' write handler
Rx rate: 839356.643357
While executing 'Script@7 :: Script':
  no 'from.reset' write handler
Rx rate: 834655
While executing 'Script@7 :: Script':
  no 'from.reset' write handler
Rx rate: 829464
While executing 'Script@7 :: Script':
  no 'from.reset' write handler
Rx rate: 834345.654346
While executing 'Script@7 :: Script':
  no 'from.reset' write handler
Rx rate: 831648
While executing 'Script@7 :: Script':
  no 'from.reset' write handler
Rx rate: 829057
While executing 'Script@7 :: Script':
  no 'from.reset' write handler
Rx rate: 832111.888112
While executing 'Script@7 :: Script':
  no 'from.reset' write handler
Rx rate: 829576
While executing 'Script@7 :: Script':
  no 'from.reset' write handler
Rx rate: 831001
While executing 'Script@7 :: Script':
  no 'from.reset' write handler
Rx rate: 837474
While executing 'Script@7 :: Script':
  no 'from.reset' write handler
Rx rate: 832886.113886
While executing 'Script@7 :: Script':
  no 'from.reset' write handler
Rx rate: 832823
While executing 'Script@7 :: Script':
  no 'from.reset' write handler
Rx rate: 845066
While executing 'Script@7 :: Script':
  no 'from.reset' write handler
Rx rate: 829822
While executing 'Script@7 :: Script':
  no 'from.reset' write handler
Rx rate: 834180.819181
While executing 'Script@7 :: Script':
  no 'from.reset' write handler
Rx rate: 843304
While executing 'Script@7 :: Script':
  no 'from.reset' write handler
Rx rate: 841425.574426
While executing 'Script@7 :: Script':
  no 'from.reset' write handler
Rx rate: 834239
While executing 'Script@7 :: Script':
  no 'from.reset' write handler
Rx rate: 837863
While executing 'Script@7 :: Script':
  no 'from.reset' write handler
Rx rate: 837864
While executing 'Script@7 :: Script':
  no 'from.reset' write handler
Rx rate: 831129
While executing 'Script@7 :: Script':
  no 'from.reset' write handler
Rx rate: 837801.198801
While executing 'Script@7 :: Script':
  no 'from.reset' write handler
Rx rate: 831998.001998
While executing 'Script@7 :: Script':
  no 'from.reset' write handler
Rx rate: 794959
While executing 'Script@7 :: Script':
  no 'from.reset' write handler
Rx rate: 833721
While executing 'Script@7 :: Script':
  no 'from.reset' write handler
Rx rate: 833462
While executing 'Script@7 :: Script':
  no 'from.reset' write handler
Rx rate: 826210
While executing 'Script@7 :: Script':
  no 'from.reset' write handler
Rx rate: 825948
While executing 'Script@7 :: Script':
  no 'from.reset' write handler
Rx rate: 826677.322677
While executing 'Script@7 :: Script':
  no 'from.reset' write handler
Rx rate: 842199.8002
While executing 'Script@7 :: Script':
  no 'from.reset' write handler
Rx rate: 827194.805195
While executing 'Script@7 :: Script':
  no 'from.reset' write handler
Rx rate: 831539.92016
While executing 'Script@7 :: Script':
  no 'from.reset' write handler
Rx rate: 828153.846154
While executing 'Script@7 :: Script':
  no 'from.reset' write handler
Rx rate: 834324
While executing 'Script@7 :: Script':
  no 'from.reset' write handler
Rx rate: 835215.784216
While executing 'Script@7 :: Script':
  no 'from.reset' write handler
Rx rate: 826466
While executing 'Script@7 :: Script':
  no 'from.reset' write handler
Rx rate: 822580
While executing 'Script@7 :: Script':
  no 'from.reset' write handler
Rx rate: 831647
While executing 'Script@7 :: Script':
  no 'from.reset' write handler
Rx rate: 831591.408591
While executing 'Script@7 :: Script':
  no 'from.reset' write handler
Rx rate: 832036
While executing 'Script@7 :: Script':
  no 'from.reset' write handler
Rx rate: 834882
While executing 'Script@7 :: Script':
  no 'from.reset' write handler
Rx rate: 832942
While executing 'Script@7 :: Script':
  no 'from.reset' write handler
Rx rate: 818745
While executing 'Script@7 :: Script':
  no 'from.reset' write handler
Rx rate: 824891
While executing 'Script@7 :: Script':
  no 'from.reset' write handler
Rx rate: 824914
While executing 'Script@7 :: Script':
  no 'from.reset' write handler
Rx rate: 830558.441558
While executing 'Script@7 :: Script':
  no 'from.reset' write handler
Rx rate: 827453.546454
While executing 'Script@7 :: Script':
  no 'from.reset' write handler
Rx rate: 825951
While executing 'Script@7 :: Script':
  no 'from.reset' write handler
Rx rate: 820986.013986
While executing 'Script@7 :: Script':
  no 'from.reset' write handler
Rx rate: 833462
While executing 'Script@7 :: Script':
  no 'from.reset' write handler
Rx rate: 829059
While executing 'Script@7 :: Script':
  no 'from.reset' write handler
Rx rate: 828926
While executing 'Script@7 :: Script':
  no 'from.reset' write handler
Rx rate: 821523
While executing 'Script@7 :: Script':
  no 'from.reset' write handler
Rx rate: 782013.986014
While executing 'Script@7 :: Script':
  no 'from.reset' write handler
Rx rate: 823878
While executing 'Script@7 :: Script':
  no 'from.reset' write handler
Rx rate: 824560.878244
While executing 'Script@7 :: Script':
  no 'from.reset' write handler
Rx rate: 824043.912176
While executing 'Script@7 :: Script':
  no 'from.reset' write handler
Rx rate: 837346
While executing 'Script@7 :: Script':
  no 'from.reset' write handler
Rx rate: 834180.819181
While executing 'Script@7 :: Script':
  no 'from.reset' write handler
Rx rate: 837086
While executing 'Script@7 :: Script':
  no 'from.reset' write handler
Rx rate: 839614.385614
While executing 'Script@7 :: Script':
  no 'from.reset' write handler
Rx rate: 838383
While executing 'Script@7 :: Script':
  no 'from.reset' write handler
Rx rate: 836002
While executing 'Script@7 :: Script':
  no 'from.reset' write handler
Rx rate: 832342.657343
While executing 'Script@7 :: Script':
  no 'from.reset' write handler
Rx rate: 839294.411178
While executing 'Script@7 :: Script':
  no 'from.reset' write handler
Rx rate: 839874.125874
While executing 'Script@7 :: Script':
  no 'from.reset' write handler
Rx rate: 839159
While executing 'Script@7 :: Script':
  no 'from.reset' write handler
Rx rate: 840195
While executing 'Script@7 :: Script':
  no 'from.reset' write handler
Rx rate: 841491
While executing 'Script@7 :: Script':
  no 'from.reset' write handler
Rx rate: 832813
While executing 'Script@7 :: Script':
  no 'from.reset' write handler
Rx rate: 839485.514486
While executing 'Script@7 :: Script':
  no 'from.reset' write handler
Rx rate: 836311
While executing 'Script@7 :: Script':
  no 'from.reset' write handler
Rx rate: 843253
While executing 'Script@7 :: Script':
  no 'from.reset' write handler
Rx rate: 835005
While executing 'Script@7 :: Script':
  no 'from.reset' write handler
Rx rate: 841748
While executing 'Script@7 :: Script':
  no 'from.reset' write handler
Rx rate: 836249.75025
While executing 'Script@7 :: Script':
  no 'from.reset' write handler
Rx rate: 836309
While executing 'Script@7 :: Script':
  no 'from.reset' write handler
Rx rate: 839676
While executing 'Script@7 :: Script':
  no 'from.reset' write handler
Rx rate: 838124
While executing 'Script@7 :: Script':
  no 'from.reset' write handler
Rx rate: 842266
While executing 'Script@7 :: Script':
  no 'from.reset' write handler
Rx rate: 838580.41958
While executing 'Script@7 :: Script':
  no 'from.reset' write handler
Rx rate: 840454
While executing 'Script@7 :: Script':
  no 'from.reset' write handler
Rx rate: 839496
While executing 'Script@7 :: Script':
  no 'from.reset' write handler
Rx rate: 793033
While executing 'Script@7 :: Script':
  no 'from.reset' write handler
Rx rate: 839936
While executing 'Script@7 :: Script':
  no 'from.reset' write handler
Rx rate: 833980
While executing 'Script@7 :: Script':
  no 'from.reset' write handler
Rx rate: 833291.12662
While executing 'Script@7 :: Script':
  no 'from.reset' write handler
Rx rate: 828023
While executing 'Script@7 :: Script':
  no 'from.reset' write handler
Rx rate: 834958.041958
While executing 'Script@7 :: Script':
  no 'from.reset' write handler
Rx rate: 840196
While executing 'Script@7 :: Script':
  no 'from.reset' write handler
Rx rate: 842007
While executing 'Script@7 :: Script':
  no 'from.reset' write handler
Rx rate: 833469.387755
While executing 'Script@7 :: Script':
  no 'from.reset' write handler
AUTOTEST_DONE
