Startup trace (nsec): main: 194550259731
Startup trace (nsec): init done: 194552180770
Rx rate: 0
While executing 'Script@7 :: Script':
  no 'from.reset' write handler
Rx rate: 481425.16269
While executing 'Script@7 :: Script':
  no 'from.reset' write handler
Rx rate: 475428.143713
While executing 'Script@7 :: Script':
  no 'from.reset' write handler
Rx rate: 482782.43513
While executing 'Script@7 :: Script':
  no 'from.reset' write handler
Rx rate: 483590
While executing 'Script@7 :: Script':
  no 'from.reset' write handler
Rx rate: 476443.781095
While executing 'Script@7 :: Script':
  no 'from.reset' write handler
Rx rate: 481900
While executing 'Script@7 :: Script':
  no 'from.reset' write handler
Rx rate: 479599
While executing 'Script@7 :: Script':
  no 'from.reset' write handler
Rx rate: 483024.975025
While executing 'Script@7 :: Script':
  no 'from.reset' write handler
Rx rate: 490051
While executing 'Script@7 :: Script':
  no 'from.reset' write handler
Rx rate: 489862
While executing 'Script@7 :: Script':
  no 'from.reset' write handler
Rx rate: 485076
While executing 'Script@7 :: Script':
  no 'from.reset' write handler
Rx rate: 482898
While executing 'Script@7 :: Script':
  no 'from.reset' write handler
Rx rate: 479487.512488
While executing 'Script@7 :: Script':
  no 'from.reset' write handler
Rx rate: 478446.107784
While executing 'Script@7 :: Script':
  no 'from.reset' write handler
Rx rate: 487908
While executing 'Script@7 :: Script':
  no 'from.reset' write handler
Rx rate: 483960.03996
While executing 'Script@7 :: Script':
  no 'from.reset' write handler
Rx rate: 485389.389389
While executing 'Script@7 :: Script':
  no 'from.reset' write handler
Rx rate: 488113
While executing 'Script@7 :: Script':
  no 'from.reset' write handler
Rx rate: 480547
While executing 'Script@7 :: Script':
  no 'from.reset' write handler
Rx rate: 481813
While executing 'Script@7 :: Script':
  no 'from.reset' write handler
Rx rate: 486389.61039
While executing 'Script@7 :: Script':
  no 'from.reset' write handler
Rx rate: 484851
While executing 'Script@7 :: Script':
  no 'from.reset' write handler
Rx rate: 457444.111776
While executing 'Script@7 :: Script':
  no 'from.reset' write handler
Rx rate: 488341
While executing 'Script@7 :: Script':
  no 'from.reset' write handler
Rx rate: 483010
While executing 'Script@7 :: Script':
  no 'from.reset' write handler
Rx rate: 481486
While executing 'Script@7 :: Script':
  no 'from.reset' write handler
Rx rate: 482177
While executing 'Script@7 :: Script':
  no 'from.reset' write handler
Rx rate: 477480
While executing 'Script@7 :: Script':
  no 'from.reset' write handler
Rx rate: 480594
While executing 'Script@7 :: Script':
  no 'from.reset' write handler
Rx rate: 480190.809191
While executing 'Script@7 :: Script':
  no 'from.reset' write handler
Rx rate: 480878
While executing 'Script@7 :: Script':
  no 'from.reset' write handler
Rx rate: 481036.963037
While executing 'Script@7 :: Script':
  no 'from.reset' write handler
Rx rate: 479967
While executing 'Script@7 :: Script':
  no 'from.reset' write handler
Rx rate: 479776
While executing 'Script@7 :: Script':
  no 'from.reset' write handler
Rx rate: 479351
While executing 'Script@7 :: Script':
  no 'from.reset' write handler
Rx rate: 487500
While executing 'Script@7 :: Script':
  no 'from.reset' write handler
Rx rate: 481661.338661
While executing 'Script@7 :: Script':
  no 'from.reset' write handler
Rx rate: 480304
While executing 'Script@7 :: Script':
  no 'from.reset' write handler
Rx rate: 484563
While executing 'Script@7 :: Script':
  no 'from.reset' write handler
Rx rate: 480944
While executing 'Script@7 :: Script':
  no 'from.reset' write handler
Rx rate: 481511
While executing 'Script@7 :: Script':
  no 'from.reset' write handler
Rx rate: 481276
While executing 'Script@7 :: Script':
  no 'from.reset' write handler
Rx rate: 483149
While executing 'Script@7 :: Script':
  no 'from.reset' write handler
Rx rate: 489300.699301
While executing 'Script@7 :: Script':
  no 'from.reset' write handler
Rx rate: 490076
While executing 'Script@7 :: Script':
  no 'from.reset' write handler
Rx rate: 487684.315684
While executing 'Script@7 :: Script':
  no 'from.reset' write handler
Rx rate: 489672.327672
While executing 'Script@7 :: Script':
  no 'from.reset' write handler
Rx rate: 489678
While executing 'Script@7 :: Script':
  no 'from.reset' write handler
Rx rate: 479257.742258
While executing 'Script@7 :: Script':
  no 'from.reset' write handler
Rx rate: 478068
While executing 'Script@7 :: Script':
  no 'from.reset' write handler
Rx rate: 488092.907093
While executing 'Script@7 :: Script':
  no 'from.reset' write handler
Rx rate: 479145
While executing 'Script@7 :: Script':
  no 'from.reset' write handler
Rx rate: 459764
While executing 'Script@7 :: Script':
  no 'from.reset' write handler
Rx rate: 481395.604396
While executing 'Script@7 :: Script':
  no 'from.reset' write handler
Rx rate: 481053
While executing 'Script@7 :: Script':
  no 'from.reset' write handler
Rx rate: 475995.004995
While executing 'Script@7 :: Script':
  no 'from.reset' write handler
Rx rate: 485340.659341
While executing 'Script@7 :: Script':
  no 'from.reset' write handler
Rx rate: 480743.256743
While executing 'Script@7 :: Script':
  no 'from.reset' write handler
Rx rate: 479020
While executing 'Script@7 :: Script':
  no 'from.reset' write handler
Rx rate: 475864.135864
While executing 'Script@7 :: Script':
  no 'from.reset' write handler
Rx rate: 479590
While executing 'Script@7 :: Script':
  no 'from.reset' write handler
Rx rate: 477695.304695
While executing 'Script@7 :: Script':
  no 'from.reset' write handler
Rx rate: 485170.829171
While executing 'Script@7 :: Script':
  no 'from.reset' write handler
Rx rate: 476825
While executing 'Script@7 :: Script':
  no 'from.reset' write handler
Rx rate: 479102.897103
While executing 'Script@7 :: Script':
  no 'from.reset' write handler
Rx rate: 481106
While executing 'Script@7 :: Script':
  no 'from.reset' write handler
Rx rate: 481269.73027
While executing 'Script@7 :: Script':
  no 'from.reset' write handler
Rx rate: 481371.371371
While executing 'Script@7 :: Script':
  no 'from.reset' write handler
Rx rate: 478829
While executing 'Script@7 :: Script':
  no 'from.reset' write handler
Rx rate: 480854
While executing 'Script@7 :: Script':
  no 'from.reset' write handler
Rx rate: 481416
While executing 'Script@7 :: Script':
  no 'from.reset' write handler
Rx rate: 480964.035964
While executing 'Script@7 :: Script':
  no 'from.reset' write handler
Rx rate: 480274
While executing 'Script@7 :: Script':
  no 'from.reset' write handler
Rx rate: 476600
While executing 'Script@7 :: Script':
  no 'from.reset' write handler
Rx rate: 482781
While executing 'Script@7 :: Script':
  no 'from.reset' write handler
Rx rate: 480318
While executing 'Script@7 :: Script':
  no 'from.reset' write handler
Rx rate: 479901
While executing 'Script@7 :: Script':
  no 'from.reset' write handler
Rx rate: 485969
While executing 'Script@7 :: Script':
  no 'from.reset' write handler
Rx rate: 483493
While executing 'Script@7 :: Script':
  no 'from.reset' write handler
Rx rate: 486444.111776
While executing 'Script@7 :: Script':
  no 'from.reset' write handler
Rx rate: 490036.963037
While executing 'Script@7 :: Script':
  no 'from.reset' write handler
Rx rate: 492411
While executing 'Script@7 :: Script':
  no 'from.reset' write handler
Rx rate: 465486
While executing 'Script@7 :: Script':
  no 'from.reset' write handler
Rx rate: 491642.357642
While executing 'Script@7 :: Script':
  no 'from.reset' write handler
Rx rate: 476299.7003
While executing 'Script@7 :: Script':
  no 'from.reset' write handler
Rx rate: 482722
While executing 'Script@7 :: Script':
  no 'from.reset' write handler
Rx rate: 484047
While executing 'Script@7 :: Script':
  no 'from.reset' write handler
Rx rate: 479858
While executing 'Script@7 :: Script':
  no 'from.reset' write handler
Rx rate: 477787
While executing 'Script@7 :: Script':
  no 'from.reset' write handler
Rx rate: 484722
While executing 'Script@7 :: Script':
  no 'from.reset' write handler
Rx rate: 477701
While executing 'Script@7 :: Script':
  no 'from.reset' write handler
Rx rate: 484060
While executing 'Script@7 :: Script':
  no 'from.reset' write handler
Rx rate: 481400
While executing 'Script@7 :: Script':
  no 'from.reset' write handler
Rx rate: 485095.904096
While executing 'Script@7 :: Script':
  no 'from.reset' write handler
Rx rate: 485933
While executing 'Script@7 :: Script':
  no 'from.reset' write handler
Rx rate: 488341
While executing 'Script@7 :: Script':
  no 'from.reset' write handler
Rx rate: 476033
While executing 'Script@7 :: Script':
  no 'from.reset' write handler
Rx rate: 476345
While executing 'Script@7 :: Script':
  no 'from.reset' write handler
Rx rate: 472793.206793
While executing 'Script@7 :: Script':
  no 'from.reset' write handler
Rx rate: 478452
While executing 'Script@7 :: Script':
  no 'from.reset' write handler
Rx rate: 483816
While executing 'Script@7 :: Script':
  no 'from.reset' write handler
Rx rate: 475906
While executing 'Script@7 :: Script':
  no 'from.reset' write handler
Rx rate: 481532.934132
While executing 'Script@7 :: Script':
  no 'from.reset' write handler
Rx rate: 479902.097902
While executing 'Script@7 :: Script':
  no 'from.reset' write handler
Rx rate: 476469
While executing 'Script@7 :: Script':
  no 'from.reset' write handler
Rx rate: 474768
While executing 'Script@7 :: Script':
  no 'from.reset' write handler
Rx rate: 476433.133733
While executing 'Script@7 :: Script':
  no 'from.reset' write handler
Rx rate: 484809
While executing 'Script@7 :: Script':
  no 'from.reset' write handler
Rx rate: 474645.354645
While executing 'Script@7 :: Script':
  no 'from.reset' write handler
Rx rate: 477570
While executing 'Script@7 :: Script':
  no 'from.reset' write handler
Rx rate: 485877.122877
While executing 'Script@7 :: Script':
  no 'from.reset' write handler
Rx rate: 481474
While executing 'Script@7 :: Script':
  no 'from.reset' write handler
Rx rate: 451215
While executing 'Script@7 :: Script':
  no 'from.reset' write handler
Rx rate: 475608
While executing 'Script@7 :: Script':
  no 'from.reset' write handler
Rx rate: 477187
While executing 'Script@7 :: Script':
  no 'from.reset' write handler
Rx rate: 483194
While executing 'Script@7 :: Script':
  no 'from.reset' write handler
Rx rate: 482518
While executing 'Script@7 :: Script':
  no 'from.reset' write handler
Rx rate: 477517
While executing 'Script@7 :: Script':
  no 'from.reset' write handler
Rx rate: 482804
While executing 'Script@7 :: Script':
  no 'from.reset' write handler
Rx rate: 481603
While executing 'Script@7 :: Script':
  no 'from.reset' write handler
Rx rate: 480504.495504
While executing 'Script@7 :: Script':
  no 'from.reset' write handler
Rx rate: 477714
While executing 'Script@7 :: Script':
  no 'from.reset' write handler
Rx rate: 482546
While executing 'Script@7 :: Script':
  no 'from.reset' write handler
Rx rate: 478437.875752
While executing 'Script@7 :: Script':
  no 'from.reset' write handler
Rx rate: 475229
While executing 'Script@7 :: Script':
  no 'from.reset' write handler
Rx rate: 490583
While executing 'Script@7 :: Script':
  no 'from.reset' write handler
Rx rate: 489948
While executing 'Script@7 :: Script':
  no 'from.reset' write handler
Rx rate: 488668
While executing 'Script@7 :: Script':
  no 'from.reset' write handler
Rx rate: 482788
While executing 'Script@7 :: Script':
  no 'from.reset' write handler
Rx rate: 478212
While executing 'Script@7 :: Script':
  no 'from.reset' write handler
Rx rate: 481077
While executing 'Script@7 :: Script':
  no 'from.reset' write handler
Rx rate: 476201
While executing 'Script@7 :: Script':
  no 'from.reset' write handler
Rx rate: 481987
While executing 'Script@7 :: Script':
  no 'from.reset' write handler
Rx rate: 473700.897308
While executing 'Script@7 :: Script':
  no 'from.reset' write handler
Rx rate: 476315
While executing 'Script@7 :: Script':
  no 'from.reset' write handler
Rx rate: 481069.860279
While executing 'Script@7 :: Script':
  no 'from.reset' write handler
Rx rate: 479524
While executing 'Script@7 :: Script':
  no 'from.reset' write handler
Rx rate: 488745
While executing 'Script@7 :: Script':
  no 'from.reset' write handler
Rx rate: 482321.678322
While executing 'Script@7 :: Script':
  no 'from.reset' write handler
Rx rate: 486692
While executing 'Script@7 :: Script':
  no 'from.reset' write handler
Rx rate: 480101.898102
While executing 'Script@7 :: Script':
  no 'from.reset' write handler
Rx rate: 476490
While executing 'Script@7 :: Script':
  no 'from.reset' write handler
Rx rate: 464449
While executing 'Script@7 :: Script':
  no 'from.reset' write handler
Rx rate: 470692
While executing 'Script@7 :: Script':
  no 'from.reset' write handler
Rx rate: 483457.542458
While executing 'Script@7 :: Script':
  no 'from.reset' write handler
Rx rate: 485381
While executing 'Script@7 :: Script':
  no 'from.reset' write handler
Rx rate: 493156.843157
While executing 'Script@7 :: Script':
  no 'from.reset' write handler
Rx rate: 490858
While executing 'Script@7 :: Script':
  no 'from.reset' write handler
Rx rate: 495911
While executing 'Script@7 :: Script':
  no 'from.reset' write handler
Rx rate: 484474
While executing 'Script@7 :: Script':
  no 'from.reset' write handler
Rx rate: 490448
While executing 'Script@7 :: Script':
  no 'from.reset' write handler
Rx rate: 484667.332667
While executing 'Script@7 :: Script':
  no 'from.reset' write handler
Rx rate: 478461
While executing 'Script@7 :: Script':
  no 'from.reset' write handler
Rx rate: 483338
While executing 'Script@7 :: Script':
  no 'from.reset' write handler
Rx rate: 482197
While executing 'Script@7 :: Script':
  no 'from.reset' write handler
Rx rate: 487724.275724
While executing 'Script@7 :: Script':
  no 'from.reset' write handler
Rx rate: 478435
While executing 'Script@7 :: Script':
  no 'from.reset' write handler
Rx rate: 473125
While executing 'Script@7 :: Script':
  no 'from.reset' write handler
Rx rate: 477700
While executing 'Script@7 :: Script':
  no 'from.reset' write handler
Rx rate: 481990.00999
While executing 'Script@7 :: Script':
  no 'from.reset' write handler
Rx rate: 485930.06993
While executing 'Script@7 :: Script':
  no 'from.reset' write handler
Rx rate: 476757
While executing 'Script@7 :: Script':
  no 'from.reset' write handler
Rx rate: 477450.549451
While executing 'Script@7 :: Script':
  no 'from.reset' write handler
Rx rate: 477377
While executing 'Script@7 :: Script':
  no 'from.reset' write handler
Rx rate: 477734
While executing 'Script@7 :: Script':
  no 'from.reset' write handler
Rx rate: 480683.316683
While executing 'Script@7 :: Script':
  no 'from.reset' write handler
Rx rate: 479538
While executing 'Script@7 :: Script':
  no 'from.reset' write handler
Rx rate: 486281
While executing 'Script@7 :: Script':
  no 'from.reset' write handler
Rx rate: 482039
While executing 'Script@7 :: Script':
  no 'from.reset' write handler
Rx rate: 480040.959041
While executing 'Script@7 :: Script':
  no 'from.reset' write handler
Rx rate: 480284
While executing 'Script@7 :: Script':
  no 'from.reset' write handler
Rx rate: 481140
While executing 'Script@7 :: Script':
  no 'from.reset' write handler
Rx rate: 477461
While executing 'Script@7 :: Script':
  no 'from.reset' write handler
Rx rate: 454599
While executing 'Script@7 :: Script':
  no 'from.reset' write handler
Rx rate: 482852.147852
While executing 'Script@7 :: Script':
  no 'from.reset' write handler
Rx rate: 480141
While executing 'Script@7 :: Script':
  no 'from.reset' write handler
Rx rate: 479969
While executing 'Script@7 :: Script':
  no 'from.reset' write handler
Rx rate: 485414
While executing 'Script@7 :: Script':
  no 'from.reset' write handler
Rx rate: 477200.799201
While executing 'Script@7 :: Script':
  no 'from.reset' write handler
Rx rate: 472579.420579
While executing 'Script@7 :: Script':
  no 'from.reset' write handler
Rx rate: 481111.888112
While executing 'Script@7 :: Script':
  no 'from.reset' write handler
Rx rate: 480521.934758
While executing 'Script@7 :: Script':
  no 'from.reset' write handler
AUTOTEST_DONE
