Rx rate: 0
While executing 'Script@7 :: Script':
  no 'from.reset' write handler
Rx rate: 119778.202677
While executing 'Script@7 :: Script':
  no 'from.reset' write handler
Rx rate: 122380
While executing 'Script@7 :: Script':
  no 'from.reset' write handler
Rx rate: 120396.620278
While executing 'Script@7 :: Script':
  no 'from.reset' write handler
Rx rate: 121719.681909
While executing 'Script@7 :: Script':
  no 'from.reset' write handler
Rx rate: 122258
While executing 'Script@7 :: Script':
  no 'from.reset' write handler
Rx rate: 120537.924152
While executing 'Script@7 :: Script':
  no 'from.reset' write handler
Rx rate: 119531.936128
While executing 'Script@7 :: Script':
  no 'from.reset' write handler
Rx rate: 121683.316683
While executing 'Script@7 :: Script':
  no 'from.reset' write handler
Rx rate: 120839.160839
While executing 'Script@7 :: Script':
  no 'from.reset' write handler
Rx rate: 121262
While executing 'Script@7 :: Script':
  no 'from.reset' write handler
Rx rate: 116878
While executing 'Script@7 :: Script':
  no 'from.reset' write handler
Rx rate: 120268.731269
While executing 'Script@7 :: Script':
  no 'from.reset' write handler
Rx rate: 117500.4995
While executing 'Script@7 :: Script':
  no 'from.reset' write handler
Rx rate: 120038.038038
While executing 'Script@7 :: Script':
  no 'from.reset' write handler
Rx rate: 122167
While executing 'Script@7 :: Script':
  no 'from.reset' write handler
Rx rate: 120087
While executing 'Script@7 :: Script':
  no 'from.reset' write handler
Rx rate: 119914
While executing 'Script@7 :: Script':
  no 'from.reset' write handler
Rx rate: 120149
While executing 'Script@7 :: Script':
  no 'from.reset' write handler
Rx rate: 117235
While executing 'Script@7 :: Script':
  no 'from.reset' write handler
Rx rate: 121308
While executing 'Script@7 :: Script':
  no 'from.reset' write handler
Rx rate: 123508.491508
While executing 'Script@7 :: Script':
  no 'from.reset' write handler
Rx rate: 120771
While executing 'Script@7 :: Script':
  no 'from.reset' write handler
Rx rate: 118240
While executing 'Script@7 :: Script':
  no 'from.reset' write handler
Rx rate: 120095.904096
While executing 'Script@7 :: Script':
  no 'from.reset' write handler
Rx rate: 120072
While executing 'Script@7 :: Script':
  no 'from.reset' write handler
Rx rate: 120871.871872
While executing 'Script@7 :: Script':
  no 'from.reset' write handler
Rx rate: 119794
While executing 'Script@7 :: Script':
  no 'from.reset' write handler
Rx rate: 121176
While executing 'Script@7 :: Script':
  no 'from.reset' write handler
Rx rate: 118402.597403
While executing 'Script@7 :: Script':
  no 'from.reset' write handler
Rx rate: 122358.641359
While executing 'Script@7 :: Script':
  no 'from.reset' write handler
Rx rate: 121949
While executing 'Script@7 :: Script':
  no 'from.reset' write handler
Rx rate: 122214
While executing 'Script@7 :: Script':
  no 'from.reset' write handler
Rx rate: 121745
While executing 'Script@7 :: Script':
  no 'from.reset' write handler
Rx rate: 120526
While executing 'Script@7 :: Script':
  no 'from.reset' write handler
Rx rate: 119027
While executing 'Script@7 :: Script':
  no 'from.reset' write handler
Rx rate: 116120
While executing 'Script@7 :: Script':
  no 'from.reset' write handler
Rx rate: 121483.033932
While executing 'Script@7 :: Script':
  no 'from.reset' write handler
Rx rate: 121236
While executing 'Script@7 :: Script':
  no 'from.reset' write handler
Rx rate: 120004.995005
While executing 'Script@7 :: Script':
  no 'from.reset' write handler
Rx rate: 121048
While executing 'Script@7 :: Script':
  no 'from.reset' write handler
Rx rate: 121336
While executing 'Script@7 :: Script':
  no 'from.reset' write handler
Rx rate: 120612.612613
While executing 'Script@7 :: Script':
  no 'from.reset' write handler
Rx rate: 119163.836164
While executing 'Script@7 :: Script':
  no 'from.reset' write handler
Rx rate: 120787.212787
While executing 'Script@7 :: Script':
  no 'from.reset' write handler
Rx rate: 121275
While executing 'Script@7 :: Script':
  no 'from.reset' write handler
Rx rate: 120235
While executing 'Script@7 :: Script':
  no 'from.reset' write handler
Rx rate: 118804
While executing 'Script@7 :: Script':
  no 'from.reset' write handler
Rx rate: 118573.426573
While executing 'Script@7 :: Script':
  no 'from.reset' write handler
Rx rate: 115909.090909
While executing 'Script@7 :: Script':
  no 'from.reset' write handler
Rx rate: 120691.308691
While executing 'Script@7 :: Script':
  no 'from.reset' write handler
Rx rate: 120073
While executing 'Script@7 :: Script':
  no 'from.reset' write handler
Rx rate: 122010.01001
While executing 'Script@7 :: Script':
  no 'from.reset' write handler
Rx rate: 117739.260739
While executing 'Script@7 :: Script':
  no 'from.reset' write handler
Rx rate: 122392
While executing 'Script@7 :: Script':
  no 'from.reset' write handler
Rx rate: 122744
While executing 'Script@7 :: Script':
  no 'from.reset' write handler
Rx rate: 120970.970971
While executing 'Script@7 :: Script':
  no 'from.reset' write handler
Rx rate: 120540
While executing 'Script@7 :: Script':
  no 'from.reset' write handler
Rx rate: 122623
While executing 'Script@7 :: Script':
  no 'from.reset' write handler
Rx rate: 124453
While executing 'Script@7 :: Script':
  no 'from.reset' write handler
Rx rate: 119914
While executing 'Script@7 :: Script':
  no 'from.reset' write handler
Rx rate: 122609
While executing 'Script@7 :: Script':
  no 'from.reset' write handler
Rx rate: 120727
While executing 'Script@7 :: Script':
  no 'from.reset' write handler
Rx rate: 120227.772228
While executing 'Script@7 :: Script':
  no 'from.reset' write handler
Rx rate: 124503
While executing 'Script@7 :: Script':
  no 'from.reset' write handler
Rx rate: 120098
While executing 'Script@7 :: Script':
  no 'from.reset' write handler
Rx rate: 120584.415584
While executing 'Script@7 :: Script':
  no 'from.reset' write handler
Rx rate: 122023
While executing 'Script@7 :: Script':
  no 'from.reset' write handler
Rx rate: 122679
While executing 'Script@7 :: Script':
  no 'from.reset' write handler
Rx rate: 121500
While executing 'Script@7 :: Script':
  no 'from.reset' write handler
Rx rate: 120376
While executing 'Script@7 :: Script':
  no 'from.reset' write handler
Rx rate: 121352
While executing 'Script@7 :: Script':
  no 'from.reset' write handler
Rx rate: 122967
While executing 'Script@7 :: Script':
  no 'from.reset' write handler
Rx rate: 120380
While executing 'Script@7 :: Script':
  no 'from.reset' write handler
Rx rate: 119447.552448
While executing 'Script@7 :: Script':
  no 'from.reset' write handler
Rx rate: 120013.972056
While executing 'Script@7 :: Script':
  no 'from.reset' write handler
Rx rate: 122481
While executing 'Script@7 :: Script':
  no 'from.reset' write handler
Rx rate: 119640
While executing 'Script@7 :: Script':
  no 'from.reset' write handler
Rx rate: 119587
While executing 'Script@7 :: Script':
  no 'from.reset' write handler
Rx rate: 114542
While executing 'Script@7 :: Script':
  no 'from.reset' write handler
Rx rate: 121527
While executing 'Script@7 :: Script':
  no 'from.reset' write handler
Rx rate: 121131
While executing 'Script@7 :: Script':
  no 'from.reset' write handler
Rx rate: 121729.72973
While executing 'Script@7 :: Script':
  no 'from.reset' write handler
Rx rate: 121279
While executing 'Script@7 :: Script':
  no 'from.reset' write handler
Rx rate: 123196
While executing 'Script@7 :: Script':
  no 'from.reset' write handler
Rx rate: 122487.487487
While executing 'Script@7 :: Script':
  no 'from.reset' write handler
Rx rate: 121342
While executing 'Script@7 :: Script':
  no 'from.reset' write handler
Rx rate: 119490
While executing 'Script@7 :: Script':
  no 'from.reset' write handler
Rx rate: 120489
While executing 'Script@7 :: Script':
  no 'from.reset' write handler
Rx rate: 120325
While executing 'Script@7 :: Script':
  no 'from.reset' write handler
Rx rate: 119051.948052
While executing 'Script@7 :: Script':
  no 'from.reset' write handler
Rx rate: 120308
While executing 'Script@7 :: Script':
  no 'from.reset' write handler
Rx rate: 122438
While executing 'Script@7 :: Script':
  no 'from.reset' write handler
Rx rate: 123405
While executing 'Script@7 :: Script':
  no 'from.reset' write handler
Rx rate: 119363
While executing 'Script@7 :: Script':
  no 'from.reset' write handler
Rx rate: 120733
While executing 'Script@7 :: Script':
  no 'from.reset' write handler
Rx rate: 122873
While executing 'Script@7 :: Script':
  no 'from.reset' write handler
Rx rate: 122016.983017
While executing 'Script@7 :: Script':
  no 'from.reset' write handler
Rx rate: 120579
While executing 'Script@7 :: Script':
  no 'from.reset' write handler
Rx rate: 122655.344655
While executing 'Script@7 :: Script':
  no 'from.reset' write handler
Rx rate: 119986
While executing 'Script@7 :: Script':
  no 'from.reset' write handler
Rx rate: 122387
While executing 'Script@7 :: Script':
  no 'from.reset' write handler
Rx rate: 121590
While executing 'Script@7 :: Script':
  no 'from.reset' write handler
Rx rate: 120795.795796
While executing 'Script@7 :: Script':
  no 'from.reset' write handler
Rx rate: 120285
While executing 'Script@7 :: Script':
  no 'from.reset' write handler
Rx rate: 119919
While executing 'Script@7 :: Script':
  no 'from.reset' write handler
Rx rate: 121806.193806
While executing 'Script@7 :: Script':
  no 'from.reset' write handler
Rx rate: 121152
While executing 'Script@7 :: Script':
  no 'from.reset' write handler
Rx rate: 120945.10978
While executing 'Script@7 :: Script':
  no 'from.reset' write handler
Rx rate: 114026
While executing 'Script@7 :: Script':
  no 'from.reset' write handler
Rx rate: 121855
While executing 'Script@7 :: Script':
  no 'from.reset' write handler
Rx rate: 120381
While executing 'Script@7 :: Script':
  no 'from.reset' write handler
Rx rate: 122589.410589
While executing 'Script@7 :: Script':
  no 'from.reset' write handler
Rx rate: 122142
While executing 'Script@7 :: Script':
  no 'from.reset' write handler
Rx rate: 120059.94006
While executing 'Script@7 :: Script':
  no 'from.reset' write handler
Rx rate: 121375.249501
While executing 'Script@7 :: Script':
  no 'from.reset' write handler
Rx rate: 119941.058941
While executing 'Script@7 :: Script':
  no 'from.reset' write handler
Rx rate: 122559
While executing 'Script@7 :: Script':
  no 'from.reset' write handler
Rx rate: 122934
While executing 'Script@7 :: Script':
  no 'from.reset' write handler
Rx rate: 123504.495504
While executing 'Script@7 :: Script':
  no 'from.reset' write handler
Rx rate: 119282.717283
While executing 'Script@7 :: Script':
  no 'from.reset' write handler
Rx rate: 119916.083916
While executing 'Script@7 :: Script':
  no 'from.reset' write handler
Rx rate: 118011.988012
While executing 'Script@7 :: Script':
  no 'from.reset' write handler
Rx rate: 122560.43956
While executing 'Script@7 :: Script':
  no 'from.reset' write handler
Rx rate: 121172
While executing 'Script@7 :: Script':
  no 'from.reset' write handler
Rx rate: 121267
While executing 'Script@7 :: Script':
  no 'from.reset' write handler
Rx rate: 121221
While executing 'Script@7 :: Script':
  no 'from.reset' write handler
Rx rate: 121249.75025
While executing 'Script@7 :: Script':
  no 'from.reset' write handler
Rx rate: 118336
While executing 'Script@7 :: Script':
  no 'from.reset' write handler
Rx rate: 119684.315684
While executing 'Script@7 :: Script':
  no 'from.reset' write handler
Rx rate: 119987
While executing 'Script@7 :: Script':
  no 'from.reset' write handler
Rx rate: 125156
While executing 'Script@7 :: Script':
  no 'from.reset' write handler
Rx rate: 121449
While executing 'Script@7 :: Script':
  no 'from.reset' write handler
Rx rate: 117946.946947
While executing 'Script@7 :: Script':
  no 'from.reset' write handler
Rx rate: 123768
While executing 'Script@7 :: Script':
  no 'from.reset' write handler
Rx rate: 120623.376623
While executing 'Script@7 :: Script':
  no 'from.reset' write handler
Rx rate: 121705.588822
While executing 'Script@7 :: Script':
  no 'from.reset' write handler
Rx rate: 120875
While executing 'Script@7 :: Script':
  no 'from.reset' write handler
Rx rate: 118262.737263
While executing 'Script@7 :: Script':
  no 'from.reset' write handler
Rx rate: 118732.267732
While executing 'Script@7 :: Script':
  no 'from.reset' write handler
Rx rate: 116258.741259
While executing 'Script@7 :: Script':
  no 'from.reset' write handler
Rx rate: 122672.672673
While executing 'Script@7 :: Script':
  no 'from.reset' write handler
Rx rate: 120488
While executing 'Script@7 :: Script':
  no 'from.reset' write handler
Rx rate: 121042
While executing 'Script@7 :: Script':
  no 'from.reset' write handler
Rx rate: 122888
While executing 'Script@7 :: Script':
  no 'from.reset' write handler
Rx rate: 121743
While executing 'Script@7 :: Script':
  no 'from.reset' write handler
Rx rate: 119522.954092
While executing 'Script@7 :: Script':
  no 'from.reset' write handler
Rx rate: 119990
While executing 'Script@7 :: Script':
  no 'from.reset' write handler
Rx rate: 120211.788212
While executing 'Script@7 :: Script':
  no 'from.reset' write handler
Rx rate: 119767
While executing 'Script@7 :: Script':
  no 'from.reset' write handler
Rx rate: 121884
While executing 'Script@7 :: Script':
  no 'from.reset' write handler
Rx rate: 119537.462537
While executing 'Script@7 :: Script':
  no 'from.reset' write handler
Rx rate: 120298
While executing 'Script@7 :: Script':
  no 'from.reset' write handler
Rx rate: 120874
While executing 'Script@7 :: Script':
  no 'from.reset' write handler
Rx rate: 120865.134865
While executing 'Script@7 :: Script':
  no 'from.reset' write handler
Rx rate: 121485.02994
While executing 'Script@7 :: Script':
  no 'from.reset' write handler
Rx rate: 123878.121878
While executing 'Script@7 :: Script':
  no 'from.reset' write handler
Rx rate: 120540
While executing 'Script@7 :: Script':
  no 'from.reset' write handler
Rx rate: 122364.635365
While executing 'Script@7 :: Script':
  no 'from.reset' write handler
Rx rate: 122800
While executing 'Script@7 :: Script':
  no 'from.reset' write handler
Rx rate: 122347
While executing 'Script@7 :: Script':
  no 'from.reset' write handler
Rx rate: 125057
While executing 'Script@7 :: Script':
  no 'from.reset' write handler
Rx rate: 120395
While executing 'Script@7 :: Script':
  no 'from.reset' write handler
Rx rate: 120953
While executing 'Script@7 :: Script':
  no 'from.reset' write handler
Rx rate: 117476.047904
While executing 'Script@7 :: Script':
  no 'from.reset' write handler
Rx rate: 122688.311688
While executing 'Script@7 :: Script':
  no 'from.reset' write handler
Rx rate: 123931
While executing 'Script@7 :: Script':
  no 'from.reset' write handler
Rx rate: 120968
While executing 'Script@7 :: Script':
  no 'from.reset' write handler
Rx rate: 120924
While executing 'Script@7 :: Script':
  no 'from.reset' write handler
Rx rate: 121061
While executing 'Script@7 :: Script':
  no 'from.reset' write handler
Rx rate: 113980
While executing 'Script@7 :: Script':
  no 'from.reset' write handler
Rx rate: 123312
While executing 'Script@7 :: Script':
  no 'from.reset' write handler
Rx rate: 122978
While executing 'Script@7 :: Script':
  no 'from.reset' write handler
Rx rate: 122439.56044
While executing 'Script@7 :: Script':
  no 'from.reset' write handler
Rx rate: 124451.548452
While executing 'Script@7 :: Script':
  no 'from.reset' write handler
Rx rate: 120617.382617
While executing 'Script@7 :: Script':
  no 'from.reset' write handler
Rx rate: 120133.866134
While executing 'Script@7 :: Script':
  no 'from.reset' write handler
Rx rate: 121332
While executing 'Script@7 :: Script':
  no 'from.reset' write handler
Rx rate: 121483
While executing 'Script@7 :: Script':
  no 'from.reset' write handler
Rx rate: 120782.217782
While executing 'Script@7 :: Script':
  no 'from.reset' write handler
Rx rate: 118789
While executing 'Script@7 :: Script':
  no 'from.reset' write handler
Rx rate: 121968.031968
While executing 'Script@7 :: Script':
  no 'from.reset' write handler
Rx rate: 122547.707559
While executing 'Script@7 :: Script':
  no 'from.reset' write handler
AUTOTEST_DONE
