Rx rate: 0
While executing 'Script@7 :: Script':
  no 'from.reset' write handler
Rx rate: 364924.385633
While executing 'Script@7 :: Script':
  no 'from.reset' write handler
Rx rate: 360575.848303
While executing 'Script@7 :: Script':
  no 'from.reset' write handler
Rx rate: 357684.315684
While executing 'Script@7 :: Script':
  no 'from.reset' write handler
Rx rate: 359934.065934
While executing 'Script@7 :: Script':
  no 'from.reset' write handler
Rx rate: 359871
While executing 'Script@7 :: Script':
  no 'from.reset' write handler
Rx rate: 350871.641791
While executing 'Script@7 :: Script':
  no 'from.reset' write handler
Rx rate: 357535.464535
While executing 'Script@7 :: Script':
  no 'from.reset' write handler
Rx rate: 358009.98004
While executing 'Script@7 :: Script':
  no 'from.reset' write handler
Rx rate: 358033.898305
While executing 'Script@7 :: Script':
  no 'from.reset' write handler
Rx rate: 357946.053946
While executing 'Script@7 :: Script':
  no 'from.reset' write handler
Rx rate: 352353
While executing 'Script@7 :: Script':
  no 'from.reset' write handler
Rx rate: 356035.964036
While executing 'Script@7 :: Script':
  no 'from.reset' write handler
Rx rate: 358291
While executing 'Script@7 :: Script':
  no 'from.reset' write handler
Rx rate: 358526.946108
While executing 'Script@7 :: Script':
  no 'from.reset' write handler
Rx rate: 358322.322322
While executing 'Script@7 :: Script':
  no 'from.reset' write handler
Rx rate: 356623
While executing 'Script@7 :: Script':
  no 'from.reset' write handler
Rx rate: 357744.255744
While executing 'Script@7 :: Script':
  no 'from.reset' write handler
Rx rate: 355311
While executing 'Script@7 :: Script':
  no 'from.reset' write handler
Rx rate: 358794
While executing 'Script@7 :: Script':
  no 'from.reset' write handler
Rx rate: 359758.758759
While executing 'Script@7 :: Script':
  no 'from.reset' write handler
Rx rate: 357892
While executing 'Script@7 :: Script':
  no 'from.reset' write handler
Rx rate: 356169
While executing 'Script@7 :: Script':
  no 'from.reset' write handler
Rx rate: 345036.963037
While executing 'Script@7 :: Script':
  no 'from.reset' write handler
Rx rate: 362040.959041
While executing 'Script@7 :: Script':
  no 'from.reset' write handler
Rx rate: 360121
While executing 'Script@7 :: Script':
  no 'from.reset' write handler
Rx rate: 366396
While executing 'Script@7 :: Script':
  no 'from.reset' write handler
Rx rate: 358359
While executing 'Script@7 :: Script':
  no 'from.reset' write handler
Rx rate: 354246
While executing 'Script@7 :: Script':
  no 'from.reset' write handler
Rx rate: 358796.203796
While executing 'Script@7 :: Script':
  no 'from.reset' write handler
Rx rate: 359062.874251
While executing 'Script@7 :: Script':
  no 'from.reset' write handler
Rx rate: 355772
While executing 'Script@7 :: Script':
  no 'from.reset' write handler
Rx rate: 359746
While executing 'Script@7 :: Script':
  no 'from.reset' write handler
Rx rate: 353059.94006
While executing 'Script@7 :: Script':
  no 'from.reset' write handler
Rx rate: 358719
While executing 'Script@7 :: Script':
  no 'from.reset' write handler
Rx rate: 350415
While executing 'Script@7 :: Script':
  no 'from.reset' write handler
Rx rate: 353008
While executing 'Script@7 :: Script':
  no 'from.reset' write handler
Rx rate: 352560
While executing 'Script@7 :: Script':
  no 'from.reset' write handler
Rx rate: 357721
While executing 'Script@7 :: Script':
  no 'from.reset' write handler
Rx rate: 360347.652348
While executing 'Script@7 :: Script':
  no 'from.reset' write handler
Rx rate: 356103
While executing 'Script@7 :: Script':
  no 'from.reset' write handler
Rx rate: 350832
While executing 'Script@7 :: Script':
  no 'from.reset' write handler
Rx rate: 351833
While executing 'Script@7 :: Script':
  no 'from.reset' write handler
Rx rate: 354656.686627
While executing 'Script@7 :: Script':
  no 'from.reset' write handler
Rx rate: 352907
While executing 'Script@7 :: Script':
  no 'from.reset' write handler
Rx rate: 356610.38961
While executing 'Script@7 :: Script':
  no 'from.reset' write handler
Rx rate: 357250
While executing 'Script@7 :: Script':
  no 'from.reset' write handler
Rx rate: 359504
While executing 'Script@7 :: Script':
  no 'from.reset' write handler
Rx rate: 353762.47505
While executing 'Script@7 :: Script':
  no 'from.reset' write handler
Rx rate: 360970
While executing 'Script@7 :: Script':
  no 'from.reset' write handler
Rx rate: 359939
While executing 'Script@7 :: Script':
  no 'from.reset' write handler
Rx rate: 354032
While executing 'Script@7 :: Script':
  no 'from.reset' write handler
Rx rate: 356096
While executing 'Script@7 :: Script':
  no 'from.reset' write handler
Rx rate: 348130
While executing 'Script@7 :: Script':
  no 'from.reset' write handler
Rx rate: 357533.466533
While executing 'Script@7 :: Script':
  no 'from.reset' write handler
Rx rate: 366051.948052
While executing 'Script@7 :: Script':
  no 'from.reset' write handler
Rx rate: 359095
While executing 'Script@7 :: Script':
  no 'from.reset' write handler
Rx rate: 353032
While executing 'Script@7 :: Script':
  no 'from.reset' write handler
Rx rate: 352148
While executing 'Script@7 :: Script':
  no 'from.reset' write handler
Rx rate: 358459
While executing 'Script@7 :: Script':
  no 'from.reset' write handler
Rx rate: 359021
While executing 'Script@7 :: Script':
  no 'from.reset' write handler
Rx rate: 356913
While executing 'Script@7 :: Script':
  no 'from.reset' write handler
Rx rate: 357471
While executing 'Script@7 :: Script':
  no 'from.reset' write handler
Rx rate: 357427
While executing 'Script@7 :: Script':
  no 'from.reset' write handler
Rx rate: 357077
While executing 'Script@7 :: Script':
  no 'from.reset' write handler
Rx rate: 358373
While executing 'Script@7 :: Script':
  no 'from.reset' write handler
Rx rate: 357214
While executing 'Script@7 :: Script':
  no 'from.reset' write handler
Rx rate: 356655.344655
While executing 'Script@7 :: Script':
  no 'from.reset' write handler
Rx rate: 356912
While executing 'Script@7 :: Script':
  no 'from.reset' write handler
Rx rate: 359007.992008
While executing 'Script@7 :: Script':
  no 'from.reset' write handler
Rx rate: 357845.154845
While executing 'Script@7 :: Script':
  no 'from.reset' write handler
Rx rate: 356852.147852
While executing 'Script@7 :: Script':
  no 'from.reset' write handler
Rx rate: 357623
While executing 'Script@7 :: Script':
  no 'from.reset' write handler
Rx rate: 358066
While executing 'Script@7 :: Script':
  no 'from.reset' write handler
Rx rate: 360184
While executing 'Script@7 :: Script':
  no 'from.reset' write handler
Rx rate: 363608
While executing 'Script@7 :: Script':
  no 'from.reset' write handler
Rx rate: 358411
While executing 'Script@7 :: Script':
  no 'from.reset' write handler
Rx rate: 360283
While executing 'Script@7 :: Script':
  no 'from.reset' write handler
Rx rate: 358098
While executing 'Script@7 :: Script':
  no 'from.reset' write handler
Rx rate: 362466
While executing 'Script@7 :: Script':
  no 'from.reset' write handler
Rx rate: 360078
While executing 'Script@7 :: Script':
  no 'from.reset' write handler
Rx rate: 364299
While executing 'Script@7 :: Script':
  no 'from.reset' write handler
Rx rate: 358193
While executing 'Script@7 :: Script':
  no 'from.reset' write handler
Rx rate: 350832.167832
While executing 'Script@7 :: Script':
  no 'from.reset' write handler
Rx rate: 343495
While executing 'Script@7 :: Script':
  no 'from.reset' write handler
Rx rate: 354721
While executing 'Script@7 :: Script':
  no 'from.reset' write handler
Rx rate: 356229
While executing 'Script@7 :: Script':
  no 'from.reset' write handler
Rx rate: 355668
While executing 'Script@7 :: Script':
  no 'from.reset' write handler
Rx rate: 351508
While executing 'Script@7 :: Script':
  no 'from.reset' write handler
Rx rate: 356833
While executing 'Script@7 :: Script':
  no 'from.reset' write handler
Rx rate: 352939.060939
While executing 'Script@7 :: Script':
  no 'from.reset' write handler
Rx rate: 369060.939061
While executing 'Script@7 :: Script':
  no 'from.reset' write handler
Rx rate: 356599
While executing 'Script@7 :: Script':
  no 'from.reset' write handler
Rx rate: 357161.838162
While executing 'Script@7 :: Script':
  no 'from.reset' write handler
Rx rate: 358364
While executing 'Script@7 :: Script':
  no 'from.reset' write handler
Rx rate: 359167
While executing 'Script@7 :: Script':
  no 'from.reset' write handler
Rx rate: 357349.65035
While executing 'Script@7 :: Script':
  no 'from.reset' write handler
Rx rate: 357235
While executing 'Script@7 :: Script':
  no 'from.reset' write handler
Rx rate: 357954
While executing 'Script@7 :: Script':
  no 'from.reset' write handler
Rx rate: 350926
While executing 'Script@7 :: Script':
  no 'from.reset' write handler
Rx rate: 356951.048951
While executing 'Script@7 :: Script':
  no 'from.reset' write handler
Rx rate: 361574
While executing 'Script@7 :: Script':
  no 'from.reset' write handler
Rx rate: 353038.961039
While executing 'Script@7 :: Script':
  no 'from.reset' write handler
Rx rate: 359969.061876
While executing 'Script@7 :: Script':
  no 'from.reset' write handler
Rx rate: 357594
While executing 'Script@7 :: Script':
  no 'from.reset' write handler
Rx rate: 357912
While executing 'Script@7 :: Script':
  no 'from.reset' write handler
Rx rate: 358773
While executing 'Script@7 :: Script':
  no 'from.reset' write handler
Rx rate: 354426
While executing 'Script@7 :: Script':
  no 'from.reset' write handler
Rx rate: 358645
While executing 'Script@7 :: Script':
  no 'from.reset' write handler
Rx rate: 355866
While executing 'Script@7 :: Script':
  no 'from.reset' write handler
Rx rate: 359316
While executing 'Script@7 :: Script':
  no 'from.reset' write handler
Rx rate: 360875
While executing 'Script@7 :: Script':
  no 'from.reset' write handler
Rx rate: 356170
While executing 'Script@7 :: Script':
  no 'from.reset' write handler
Rx rate: 355747
While executing 'Script@7 :: Script':
  no 'from.reset' write handler
Rx rate: 341129
While executing 'Script@7 :: Script':
  no 'from.reset' write handler
Rx rate: 357808
While executing 'Script@7 :: Script':
  no 'from.reset' write handler
Rx rate: 351605.394605
While executing 'Script@7 :: Script':
  no 'from.reset' write handler
Rx rate: 353150
While executing 'Script@7 :: Script':
  no 'from.reset' write handler
Rx rate: 358743
While executing 'Script@7 :: Script':
  no 'from.reset' write handler
Rx rate: 354757
While executing 'Script@7 :: Script':
  no 'from.reset' write handler
Rx rate: 350787
While executing 'Script@7 :: Script':
  no 'from.reset' write handler
Rx rate: 353341
While executing 'Script@7 :: Script':
  no 'from.reset' write handler
Rx rate: 353944
While executing 'Script@7 :: Script':
  no 'from.reset' write handler
Rx rate: 354629
While executing 'Script@7 :: Script':
  no 'from.reset' write handler
Rx rate: 357010
While executing 'Script@7 :: Script':
  no 'from.reset' write handler
Rx rate: 356286
While executing 'Script@7 :: Script':
  no 'from.reset' write handler
Rx rate: 352109
While executing 'Script@7 :: Script':
  no 'from.reset' write handler
Rx rate: 353607
While executing 'Script@7 :: Script':
  no 'from.reset' write handler
Rx rate: 359387
While executing 'Script@7 :: Script':
  no 'from.reset' write handler
Rx rate: 348463.536464
While executing 'Script@7 :: Script':
  no 'from.reset' write handler
Rx rate: 357287
While executing 'Script@7 :: Script':
  no 'from.reset' write handler
Rx rate: 360100.798403
While executing 'Script@7 :: Script':
  no 'from.reset' write handler
Rx rate: 359989
While executing 'Script@7 :: Script':
  no 'from.reset' write handler
Rx rate: 354806.193806
While executing 'Script@7 :: Script':
  no 'from.reset' write handler
Rx rate: 358774
While executing 'Script@7 :: Script':
  no 'from.reset' write handler
Rx rate: 357256
While executing 'Script@7 :: Script':
  no 'from.reset' write handler
Rx rate: 360277
While executing 'Script@7 :: Script':
  no 'from.reset' write handler
Rx rate: 361090.909091
While executing 'Script@7 :: Script':
  no 'from.reset' write handler
Rx rate: 352561
While executing 'Script@7 :: Script':
  no 'from.reset' write handler
Rx rate: 356165.834166
While executing 'Script@7 :: Script':
  no 'from.reset' write handler
Rx rate: 353464
While executing 'Script@7 :: Script':
  no 'from.reset' write handler
Rx rate: 355886
While executing 'Script@7 :: Script':
  no 'from.reset' write handler
Rx rate: 352119
While executing 'Script@7 :: Script':
  no 'from.reset' write handler
Rx rate: 355690
While executing 'Script@7 :: Script':
  no 'from.reset' write handler
Rx rate: 341625
While executing 'Script@7 :: Script':
  no 'from.reset' write handler
Rx rate: 359815
While executing 'Script@7 :: Script':
  no 'from.reset' write handler
Rx rate: 352140
While executing 'Script@7 :: Script':
  no 'from.reset' write handler
Rx rate: 356875
While executing 'Script@7 :: Script':
  no 'from.reset' write handler
Rx rate: 356610
While executing 'Script@7 :: Script':
  no 'from.reset' write handler
Rx rate: 353933.933934
While executing 'Script@7 :: Script':
  no 'from.reset' write handler
Rx rate: 365163
While executing 'Script@7 :: Script':
  no 'from.reset' write handler
Rx rate: 359806
While executing 'Script@7 :: Script':
  no 'from.reset' write handler
Rx rate: 357700.700701
While executing 'Script@7 :: Script':
  no 'from.reset' write handler
Rx rate: 358139
While executing 'Script@7 :: Script':
  no 'from.reset' write handler
Rx rate: 359513
While executing 'Script@7 :: Script':
  no 'from.reset' write handler
Rx rate: 357603
While executing 'Script@7 :: Script':
  no 'from.reset' write handler
Rx rate: 354760
While executing 'Script@7 :: Script':
  no 'from.reset' write handler
Rx rate: 352980
While executing 'Script@7 :: Script':
  no 'from.reset' write handler
Rx rate: 355854
While executing 'Script@7 :: Script':
  no 'from.reset' write handler
Rx rate: 352101
While executing 'Script@7 :: Script':
  no 'from.reset' write handler
Rx rate: 352136
While executing 'Script@7 :: Script':
  no 'from.reset' write handler
Rx rate: 359494
While executing 'Script@7 :: Script':
  no 'from.reset' write handler
Rx rate: 354172
While executing 'Script@7 :: Script':
  no 'from.reset' write handler
Rx rate: 354778
While executing 'Script@7 :: Script':
  no 'from.reset' write handler
Rx rate: 351781.218781
While executing 'Script@7 :: Script':
  no 'from.reset' write handler
Rx rate: 352659.340659
While executing 'Script@7 :: Script':
  no 'from.reset' write handler
Rx rate: 353712
While executing 'Script@7 :: Script':
  no 'from.reset' write handler
Rx rate: 360301
While executing 'Script@7 :: Script':
  no 'from.reset' write handler
Rx rate: 359545
While executing 'Script@7 :: Script':
  no 'from.reset' write handler
Rx rate: 354692
While executing 'Script@7 :: Script':
  no 'from.reset' write handler
Rx rate: 358120
While executing 'Script@7 :: Script':
  no 'from.reset' write handler
Rx rate: 356399
While executing 'Script@7 :: Script':
  no 'from.reset' write handler
Rx rate: 350348
While executing 'Script@7 :: Script':
  no 'from.reset' write handler
Rx rate: 362058.941059
While executing 'Script@7 :: Script':
  no 'from.reset' write handler
Rx rate: 335140
While executing 'Script@7 :: Script':
  no 'from.reset' write handler
Rx rate: 355715
While executing 'Script@7 :: Script':
  no 'from.reset' write handler
Rx rate: 358324
While executing 'Script@7 :: Script':
  no 'from.reset' write handler
Rx rate: 363043
While executing 'Script@7 :: Script':
  no 'from.reset' write handler
Rx rate: 354819
While executing 'Script@7 :: Script':
  no 'from.reset' write handler
Rx rate: 360088
While executing 'Script@7 :: Script':
  no 'from.reset' write handler
Rx rate: 355732
While executing 'Script@7 :: Script':
  no 'from.reset' write handler
Rx rate: 359156.843157
While executing 'Script@7 :: Script':
  no 'from.reset' write handler
Rx rate: 353675.83047
While executing 'Script@7 :: Script':
  no 'from.reset' write handler
AUTOTEST_DONE
