EAL: Detected CPU lcores: 12
EAL: Detected NUMA nodes: 2
EAL: Static memory layout is selected, amount of reserved memory can be adjusted with -m or --socket-mem
EAL: Detected static linkage of DPDK
EAL: Multi-process socket /var/run/dpdk/rte/mp_socket
EAL: Selected IOVA mode 'VA'
EAL: VFIO support initialized
EAL: Using IOMMU type 1 (Type 1)
EAL: Ignore mapping IO port bar(1)
EAL: Ignore mapping IO port bar(5)
EAL: Probe PCI driver: net_ixgbe (8086:1563) device: 0000:01:00.1 (socket 0)
TELEMETRY: No legacy callbacks, legacy socket not created
[1;33m[WARN]  malloc() allocates objects >= 1 MiB from LuaJIT memory space.[0m
[1;33m[WARN]  Install libjemalloc if you encounter out of memory errors.[0m
[1;37m[INFO]  Initializing DPDK. This will take a few seconds...[0m
[1;37m[INFO]  Found 1 usable devices:[0m
   Device 0: 3C:EC:EF:62:AD:7D ([0;32mIntel Corporation Ethernet Controller 10G X550T[0m)
[1;37m[INFO]  Waiting for devices to come up...[0m
[1;37m[INFO]  Device 0 (3C:EC:EF:62:AD:7D) is up: full-duplex 10000 MBit/s[0m
[1;37m[INFO]  [0;32m1 device is up.[0m[0m
Wraming up...
ok
Starting benchmark...
Samples: 2052, Average: 537048.0 ns, StdDev: 15642717.2 ns, Quartiles: 102674.0/181515.3/266450.7 ns
ok
[1;36m[Device: id=0] RX[0m: 0.10 Mpps, 62 Mbit/s (78 Mbit/s with framing)
[0;34m[Device: id=0] TX[0m: 0.10 Mpps, 54 Mbit/s (71 Mbit/s with framing)
[1;36m[Device: id=0] RX[0m: 0.10 Mpps, 62 Mbit/s (78 Mbit/s with framing)
[0;34m[Device: id=0] TX[0m: 0.10 Mpps, 54 Mbit/s (70 Mbit/s with framing)
[1;36m[Device: id=0] RX[0m: 0.10 Mpps, 62 Mbit/s (77 Mbit/s with framing)
[0;34m[Device: id=0] TX[0m: 0.10 Mpps, 54 Mbit/s (70 Mbit/s with framing)
[1;36m[Device: id=0] RX[0m: 0.10 Mpps, 62 Mbit/s (77 Mbit/s with framing)
[0;34m[Device: id=0] TX[0m: 0.10 Mpps, 54 Mbit/s (70 Mbit/s with framing)
[1;36m[Device: id=0] RX[0m: 0.10 Mpps, 62 Mbit/s (77 Mbit/s with framing)
[0;34m[Device: id=0] TX[0m: 0.10 Mpps, 54 Mbit/s (70 Mbit/s with framing)
[1;36m[Device: id=0] RX[0m: 0.10 Mpps, 62 Mbit/s (77 Mbit/s with framing)
[0;34m[Device: id=0] TX[0m: 0.10 Mpps, 54 Mbit/s (70 Mbit/s with framing)
[1;36m[Device: id=0] RX[0m: 0.10 Mpps, 62 Mbit/s (77 Mbit/s with framing)
[0;34m[Device: id=0] TX[0m: 0.10 Mpps, 54 Mbit/s (70 Mbit/s with framing)
[1;36m[Device: id=0] RX[0m: 0.10 Mpps, 62 Mbit/s (77 Mbit/s with framing)
[0;34m[Device: id=0] TX[0m: 0.10 Mpps, 54 Mbit/s (70 Mbit/s with framing)
[1;36m[Device: id=0] RX[0m: 0.10 Mpps, 62 Mbit/s (77 Mbit/s with framing)
[0;34m[Device: id=0] TX[0m: 0.10 Mpps, 54 Mbit/s (70 Mbit/s with framing)
[1;36m[Device: id=0] RX[0m: 0.10 Mpps, 62 Mbit/s (77 Mbit/s with framing)
[0;34m[Device: id=0] TX[0m: 0.10 Mpps, 54 Mbit/s (70 Mbit/s with framing)
[1;36m[Device: id=0] RX[0m: 0.10 Mpps, 62 Mbit/s (77 Mbit/s with framing)
[0;34m[Device: id=0] TX[0m: 0.10 Mpps, 54 Mbit/s (70 Mbit/s with framing)
[1;36m[Device: id=0] RX[0m: 0.10 Mpps, 62 Mbit/s (77 Mbit/s with framing)
[0;34m[Device: id=0] TX[0m: 0.10 Mpps, 54 Mbit/s (70 Mbit/s with framing)
[1;36m[Device: id=0] RX[0m: 0.10 Mpps, 62 Mbit/s (77 Mbit/s with framing)
[0;34m[Device: id=0] TX[0m: 0.10 Mpps, 54 Mbit/s (70 Mbit/s with framing)
[1;36m[Device: id=0] RX[0m: 0.10 Mpps, 62 Mbit/s (77 Mbit/s with framing)
[0;34m[Device: id=0] TX[0m: 0.10 Mpps, 54 Mbit/s (70 Mbit/s with framing)
[1;36m[Device: id=0] RX[0m: 0.10 Mpps, 62 Mbit/s (77 Mbit/s with framing)
[0;34m[Device: id=0] TX[0m: 0.10 Mpps, 54 Mbit/s (70 Mbit/s with framing)
[1;36m[Device: id=0] RX[0m: 0.10 Mpps, 62 Mbit/s (77 Mbit/s with framing)
[0;34m[Device: id=0] TX[0m: 0.10 Mpps, 54 Mbit/s (70 Mbit/s with framing)
[1;36m[Device: id=0] RX[0m: 0.10 Mpps, 62 Mbit/s (77 Mbit/s with framing)
[0;34m[Device: id=0] TX[0m: 0.10 Mpps, 54 Mbit/s (70 Mbit/s with framing)
[1;36m[Device: id=0] RX[0m: 0.07 Mpps, 42 Mbit/s (53 Mbit/s with framing)
[0;34m[Device: id=0] TX[0m: 0.10 Mpps, 54 Mbit/s (70 Mbit/s with framing)
[1;36m[Device: id=0] RX[0m: 0.10 Mpps, 62 Mbit/s (77 Mbit/s with framing)
[0;34m[Device: id=0] TX[0m: 0.10 Mpps, 54 Mbit/s (70 Mbit/s with framing)
[1;36m[Device: id=0] RX[0m: 0.10 Mpps, 62 Mbit/s (77 Mbit/s with framing)
[0;34m[Device: id=0] TX[0m: 0.10 Mpps, 54 Mbit/s (70 Mbit/s with framing)
[1;36m[Device: id=0] RX[0m: 0.10 Mpps, 62 Mbit/s (77 Mbit/s with framing)
[0;34m[Device: id=0] TX[0m: 0.10 Mpps, 54 Mbit/s (70 Mbit/s with framing)
[1;36m[Device: id=0] RX[0m: 0.10 Mpps, 62 Mbit/s (77 Mbit/s with framing)
[0;34m[Device: id=0] TX[0m: 0.10 Mpps, 54 Mbit/s (70 Mbit/s with framing)
[1;36m[Device: id=0] RX[0m: 0.10 Mpps, 62 Mbit/s (77 Mbit/s with framing)
[0;34m[Device: id=0] TX[0m: 0.10 Mpps, 54 Mbit/s (70 Mbit/s with framing)
[1;36m[Device: id=0] RX[0m: 0.10 Mpps, 62 Mbit/s (77 Mbit/s with framing)
[0;34m[Device: id=0] TX[0m: 0.10 Mpps, 54 Mbit/s (70 Mbit/s with framing)
[1;36m[Device: id=0] RX[0m: 0.10 Mpps, 62 Mbit/s (77 Mbit/s with framing)
[0;34m[Device: id=0] TX[0m: 0.10 Mpps, 54 Mbit/s (70 Mbit/s with framing)
[1;36m[Device: id=0] RX[0m: 0.10 Mpps, 62 Mbit/s (77 Mbit/s with framing)
[0;34m[Device: id=0] TX[0m: 0.10 Mpps, 54 Mbit/s (70 Mbit/s with framing)
[1;36m[Device: id=0] RX[0m: 0.10 Mpps, 62 Mbit/s (77 Mbit/s with framing)
[0;34m[Device: id=0] TX[0m: 0.10 Mpps, 54 Mbit/s (70 Mbit/s with framing)
[1;36m[Device: id=0] RX[0m: 0.10 Mpps, 62 Mbit/s (78 Mbit/s with framing)
[0;34m[Device: id=0] TX[0m: 0.10 Mpps, 54 Mbit/s (71 Mbit/s with framing)
[1;36m[Device: id=0] RX[0m: 0.10 Mpps, 62 Mbit/s (78 Mbit/s with framing)
[0;34m[Device: id=0] TX[0m: 0.10 Mpps, 54 Mbit/s (71 Mbit/s with framing)
[1;36m[Device: id=0] RX[0m: 0.10 Mpps, 62 Mbit/s (78 Mbit/s with framing)
[0;34m[Device: id=0] TX[0m: 0.10 Mpps, 54 Mbit/s (71 Mbit/s with framing)
[1;36m[Device: id=0] RX[0m: 0.10 Mpps, 62 Mbit/s (78 Mbit/s with framing)
[0;34m[Device: id=0] TX[0m: 0.10 Mpps, 54 Mbit/s (71 Mbit/s with framing)
[1;36m[Device: id=0] RX[0m: 0.10 Mpps, 62 Mbit/s (78 Mbit/s with framing)
[0;34m[Device: id=0] TX[0m: 0.10 Mpps, 54 Mbit/s (71 Mbit/s with framing)
[1;36m[Device: id=0] RX[0m: 0.10 Mpps, 62 Mbit/s (77 Mbit/s with framing)
[0;34m[Device: id=0] TX[0m: 0.10 Mpps, 54 Mbit/s (70 Mbit/s with framing)
[1;36m[Device: id=0] RX[0m: 0.10 Mpps, 62 Mbit/s (77 Mbit/s with framing)
[0;34m[Device: id=0] TX[0m: 0.10 Mpps, 54 Mbit/s (70 Mbit/s with framing)
[1;36m[Device: id=0] RX[0m: 0.10 Mpps, 62 Mbit/s (77 Mbit/s with framing)
[0;34m[Device: id=0] TX[0m: 0.10 Mpps, 54 Mbit/s (70 Mbit/s with framing)
[1;36m[Device: id=0] RX[0m: 0.10 Mpps, 62 Mbit/s (77 Mbit/s with framing)
[0;34m[Device: id=0] TX[0m: 0.10 Mpps, 54 Mbit/s (70 Mbit/s with framing)
[1;36m[Device: id=0] RX[0m: 0.10 Mpps, 62 Mbit/s (77 Mbit/s with framing)
[0;34m[Device: id=0] TX[0m: 0.10 Mpps, 54 Mbit/s (70 Mbit/s with framing)
[1;36m[Device: id=0] RX[0m: 0.10 Mpps, 62 Mbit/s (77 Mbit/s with framing)
[0;34m[Device: id=0] TX[0m: 0.10 Mpps, 54 Mbit/s (70 Mbit/s with framing)
[1;36m[Device: id=0] RX[0m: 0.10 Mpps, 62 Mbit/s (77 Mbit/s with framing)
[0;34m[Device: id=0] TX[0m: 0.10 Mpps, 54 Mbit/s (70 Mbit/s with framing)
[1;36m[Device: id=0] RX[0m: 0.10 Mpps, 62 Mbit/s (77 Mbit/s with framing)
[0;34m[Device: id=0] TX[0m: 0.10 Mpps, 54 Mbit/s (70 Mbit/s with framing)
[1;36m[Device: id=0] RX[0m: 0.10 Mpps, 62 Mbit/s (77 Mbit/s with framing)
[0;34m[Device: id=0] TX[0m: 0.10 Mpps, 54 Mbit/s (70 Mbit/s with framing)
[1;36m[Device: id=0] RX[0m: 0.10 Mpps, 62 Mbit/s (77 Mbit/s with framing)
[0;34m[Device: id=0] TX[0m: 0.10 Mpps, 54 Mbit/s (70 Mbit/s with framing)
[1;36m[Device: id=0] RX[0m: 0.10 Mpps, 62 Mbit/s (77 Mbit/s with framing)
[0;34m[Device: id=0] TX[0m: 0.10 Mpps, 54 Mbit/s (70 Mbit/s with framing)
[1;36m[Device: id=0] RX[0m: 0.10 Mpps, 62 Mbit/s (77 Mbit/s with framing)
[0;34m[Device: id=0] TX[0m: 0.10 Mpps, 54 Mbit/s (70 Mbit/s with framing)
[1;36m[Device: id=0] RX[0m: 0.10 Mpps, 62 Mbit/s (77 Mbit/s with framing)
[0;34m[Device: id=0] TX[0m: 0.10 Mpps, 54 Mbit/s (70 Mbit/s with framing)
[1;36m[Device: id=0] RX[0m: 0.10 Mpps, 62 Mbit/s (77 Mbit/s with framing)
[0;34m[Device: id=0] TX[0m: 0.10 Mpps, 54 Mbit/s (70 Mbit/s with framing)
[1;36m[Device: id=0] RX[0m: 0.10 Mpps, 62 Mbit/s (77 Mbit/s with framing)
[0;34m[Device: id=0] TX[0m: 0.10 Mpps, 54 Mbit/s (70 Mbit/s with framing)
[1;36m[Device: id=0] RX[0m: 0.10 Mpps, 62 Mbit/s (77 Mbit/s with framing)
[0;34m[Device: id=0] TX[0m: 0.10 Mpps, 54 Mbit/s (70 Mbit/s with framing)
[1;36m[Device: id=0] RX[0m: 0.10 Mpps, 62 Mbit/s (77 Mbit/s with framing)
[0;34m[Device: id=0] TX[0m: 0.10 Mpps, 54 Mbit/s (70 Mbit/s with framing)
[1;36m[Device: id=0] RX[0m: 0.10 Mpps, 62 Mbit/s (77 Mbit/s with framing)
[0;34m[Device: id=0] TX[0m: 0.10 Mpps, 54 Mbit/s (70 Mbit/s with framing)
[1;36m[Device: id=0] RX[0m: 0.10 Mpps, 62 Mbit/s (77 Mbit/s with framing)
[0;34m[Device: id=0] TX[0m: 0.10 Mpps, 54 Mbit/s (70 Mbit/s with framing)
[1;36m[Device: id=0] RX[0m: 0.10 Mpps, 62 Mbit/s (77 Mbit/s with framing)
[0;34m[Device: id=0] TX[0m: 0.10 Mpps, 54 Mbit/s (70 Mbit/s with framing)
[1;36m[Device: id=0] RX[0m: 0.10 Mpps, 62 Mbit/s (77 Mbit/s with framing)
[0;34m[Device: id=0] TX[0m: 0.10 Mpps, 54 Mbit/s (70 Mbit/s with framing)
[1;36m[Device: id=0] RX[0m: 0.10 Mpps, 62 Mbit/s (77 Mbit/s with framing)
[0;34m[Device: id=0] TX[0m: 0.10 Mpps, 54 Mbit/s (70 Mbit/s with framing)
[1;36m[Device: id=0] RX[0m: 0.10 Mpps, 62 Mbit/s (77 Mbit/s with framing)
[0;34m[Device: id=0] TX[0m: 0.10 Mpps, 54 Mbit/s (70 Mbit/s with framing)
[1;36m[Device: id=0] RX[0m: 0.10 Mpps, 62 Mbit/s (77 Mbit/s with framing)
[0;34m[Device: id=0] TX[0m: 0.10 Mpps, 54 Mbit/s (70 Mbit/s with framing)
[1;36m[Device: id=0] RX[0m: 0.10 Mpps, 62 Mbit/s (77 Mbit/s with framing)
[0;34m[Device: id=0] TX[0m: 0.10 Mpps, 54 Mbit/s (70 Mbit/s with framing)
[1;36m[Device: id=0] RX[0m: 0.10 Mpps, 62 Mbit/s (78 Mbit/s with framing)
[0;34m[Device: id=0] TX[0m: 0.10 Mpps, 54 Mbit/s (71 Mbit/s with framing)
[1;36m[Device: id=0] RX[0m: 0.10 Mpps, 62 Mbit/s (78 Mbit/s with framing)
[0;34m[Device: id=0] TX[0m: 0.10 Mpps, 54 Mbit/s (71 Mbit/s with framing)
[1;36m[Device: id=0] RX[0m: 0.10 Mpps, 62 Mbit/s (78 Mbit/s with framing)
[0;34m[Device: id=0] TX[0m: 0.10 Mpps, 54 Mbit/s (71 Mbit/s with framing)
[1;36m[Device: id=0] RX[0m: 0.10 Mpps, 62 Mbit/s (78 Mbit/s with framing)
[0;34m[Device: id=0] TX[0m: 0.10 Mpps, 54 Mbit/s (71 Mbit/s with framing)
[1;36m[Device: id=0] RX[0m: 0.10 Mpps, 62 Mbit/s (78 Mbit/s with framing)
[0;34m[Device: id=0] TX[0m: 0.10 Mpps, 54 Mbit/s (71 Mbit/s with framing)
[1;36m[Device: id=0] RX[0m: 0.10 Mpps, 62 Mbit/s (78 Mbit/s with framing)
[0;34m[Device: id=0] TX[0m: 0.10 Mpps, 54 Mbit/s (71 Mbit/s with framing)
[1;36m[Device: id=0] RX[0m: 0.10 Mpps, 62 Mbit/s (78 Mbit/s with framing)
[0;34m[Device: id=0] TX[0m: 0.10 Mpps, 54 Mbit/s (71 Mbit/s with framing)
[1;36m[Device: id=0] RX[0m: 0.10 Mpps, 62 Mbit/s (77 Mbit/s with framing)
[0;34m[Device: id=0] TX[0m: 0.10 Mpps, 54 Mbit/s (70 Mbit/s with framing)
[1;36m[Device: id=0] RX[0m: 0.10 Mpps, 62 Mbit/s (77 Mbit/s with framing)
[0;34m[Device: id=0] TX[0m: 0.10 Mpps, 54 Mbit/s (70 Mbit/s with framing)
[1;36m[Device: id=0] RX[0m: 0.10 Mpps, 62 Mbit/s (77 Mbit/s with framing)
[0;34m[Device: id=0] TX[0m: 0.10 Mpps, 54 Mbit/s (70 Mbit/s with framing)
[1;36m[Device: id=0] RX[0m: 0.10 Mpps, 62 Mbit/s (77 Mbit/s with framing)
[0;34m[Device: id=0] TX[0m: 0.10 Mpps, 54 Mbit/s (70 Mbit/s with framing)
[1;36m[Device: id=0] RX[0m: 0.10 Mpps, 62 Mbit/s (77 Mbit/s with framing)
[0;34m[Device: id=0] TX[0m: 0.10 Mpps, 54 Mbit/s (70 Mbit/s with framing)
[1;36m[Device: id=0] RX[0m: 0.10 Mpps, 62 Mbit/s (77 Mbit/s with framing)
[0;34m[Device: id=0] TX[0m: 0.10 Mpps, 54 Mbit/s (70 Mbit/s with framing)
Samples: 70449, Average: 201308.1 ns, StdDev: 1687010.1 ns, Quartiles: 103532.7/182750.7/264973.3 ns
[1;37m[INFO]  Saving histogram to '/tmp/histogram.csv'[0m
[1;36m[Device: id=0] RX[0m: 0.10 (StdDev 0.00) Mpps, 61 (StdDev 2) Mbit/s (77 Mbit/s with framing), total 6975591 packets with 544095708 bytes (incl. CRC)
[0;34m[Device: id=0] TX[0m: 0.10 (StdDev 0.00) Mpps, 54 (StdDev 0) Mbit/s (70 Mbit/s with framing), total 7597752 packets with 516646864 bytes (incl. CRC)
TEST_DONE
