EAL: Detected CPU lcores: 12
EAL: Detected NUMA nodes: 2
EAL: Static memory layout is selected, amount of reserved memory can be adjusted with -m or --socket-mem
EAL: Detected static linkage of DPDK
EAL: Multi-process socket /var/run/dpdk/rte/mp_socket
EAL: Selected IOVA mode 'VA'
EAL: VFIO support initialized
EAL: Using IOMMU type 1 (Type 1)
EAL: Ignore mapping IO port bar(1)
EAL: Ignore mapping IO port bar(5)
EAL: Probe PCI driver: net_ixgbe (8086:1563) device: 0000:01:00.1 (socket 0)
TELEMETRY: No legacy callbacks, legacy socket not created
[1;37m[INFO]  malloc() allocates small objects < 1 MiB from LuaJIT memory space, install libjemalloc if you encounter out of memory errors.[0m
[1;37m[INFO]  Initializing DPDK. This will take a few seconds...[0m
[1;37m[INFO]  Found 1 usable devices:[0m
   Device 0: 3C:EC:EF:62:AD:7D ([0;32mIntel Corporation Ethernet Controller 10G X550T[0m)
[1;37m[INFO]  Waiting for devices to come up...[0m
[1;37m[INFO]  Device 0 (3C:EC:EF:62:AD:7D) is up: full-duplex 10000 MBit/s[0m
[1;37m[INFO]  [0;32m1 device is up.[0m[0m
Wraming up...
ok
Starting benchmark...
Samples: 3941, Average: 192954.0 ns, StdDev: 153942.9 ns, Quartiles: 104164.7/181915.3/267557.3 ns
ok
[1;36m[Device: id=0] RX[0m: 0.10 Mpps, 62 Mbit/s (78 Mbit/s with framing)
[0;34m[Device: id=0] TX[0m: 0.10 Mpps, 54 Mbit/s (70 Mbit/s with framing)
[1;36m[Device: id=0] RX[0m: 0.10 Mpps, 62 Mbit/s (78 Mbit/s with framing)
[0;34m[Device: id=0] TX[0m: 0.10 Mpps, 54 Mbit/s (70 Mbit/s with framing)
[1;36m[Device: id=0] RX[0m: 0.10 Mpps, 62 Mbit/s (78 Mbit/s with framing)
[0;34m[Device: id=0] TX[0m: 0.10 Mpps, 54 Mbit/s (70 Mbit/s with framing)
[1;36m[Device: id=0] RX[0m: 0.10 Mpps, 62 Mbit/s (78 Mbit/s with framing)
[0;34m[Device: id=0] TX[0m: 0.10 Mpps, 54 Mbit/s (70 Mbit/s with framing)
[1;36m[Device: id=0] RX[0m: 0.10 Mpps, 62 Mbit/s (78 Mbit/s with framing)
[0;34m[Device: id=0] TX[0m: 0.10 Mpps, 54 Mbit/s (70 Mbit/s with framing)
[1;36m[Device: id=0] RX[0m: 0.10 Mpps, 62 Mbit/s (78 Mbit/s with framing)
[0;34m[Device: id=0] TX[0m: 0.10 Mpps, 54 Mbit/s (70 Mbit/s with framing)
[1;36m[Device: id=0] RX[0m: 0.10 Mpps, 62 Mbit/s (78 Mbit/s with framing)
[0;34m[Device: id=0] TX[0m: 0.10 Mpps, 54 Mbit/s (70 Mbit/s with framing)
[1;36m[Device: id=0] RX[0m: 0.10 Mpps, 62 Mbit/s (78 Mbit/s with framing)
[0;34m[Device: id=0] TX[0m: 0.10 Mpps, 54 Mbit/s (70 Mbit/s with framing)
[1;36m[Device: id=0] RX[0m: 0.09 Mpps, 58 Mbit/s (73 Mbit/s with framing)
[0;34m[Device: id=0] TX[0m: 0.10 Mpps, 54 Mbit/s (70 Mbit/s with framing)
[1;36m[Device: id=0] RX[0m: 0.10 Mpps, 62 Mbit/s (78 Mbit/s with framing)
[0;34m[Device: id=0] TX[0m: 0.10 Mpps, 54 Mbit/s (70 Mbit/s with framing)
[1;36m[Device: id=0] RX[0m: 0.10 Mpps, 62 Mbit/s (78 Mbit/s with framing)
[0;34m[Device: id=0] TX[0m: 0.10 Mpps, 54 Mbit/s (70 Mbit/s with framing)
[1;36m[Device: id=0] RX[0m: 0.10 Mpps, 62 Mbit/s (78 Mbit/s with framing)
[0;34m[Device: id=0] TX[0m: 0.10 Mpps, 54 Mbit/s (70 Mbit/s with framing)
[1;36m[Device: id=0] RX[0m: 0.10 Mpps, 62 Mbit/s (78 Mbit/s with framing)
[0;34m[Device: id=0] TX[0m: 0.10 Mpps, 54 Mbit/s (70 Mbit/s with framing)
[1;36m[Device: id=0] RX[0m: 0.10 Mpps, 62 Mbit/s (78 Mbit/s with framing)
[0;34m[Device: id=0] TX[0m: 0.10 Mpps, 54 Mbit/s (70 Mbit/s with framing)
[1;36m[Device: id=0] RX[0m: 0.10 Mpps, 62 Mbit/s (78 Mbit/s with framing)
[0;34m[Device: id=0] TX[0m: 0.10 Mpps, 54 Mbit/s (70 Mbit/s with framing)
[1;36m[Device: id=0] RX[0m: 0.10 Mpps, 62 Mbit/s (78 Mbit/s with framing)
[0;34m[Device: id=0] TX[0m: 0.10 Mpps, 54 Mbit/s (70 Mbit/s with framing)
[1;36m[Device: id=0] RX[0m: 0.10 Mpps, 62 Mbit/s (78 Mbit/s with framing)
[0;34m[Device: id=0] TX[0m: 0.10 Mpps, 54 Mbit/s (70 Mbit/s with framing)
[1;36m[Device: id=0] RX[0m: 0.10 Mpps, 62 Mbit/s (78 Mbit/s with framing)
[0;34m[Device: id=0] TX[0m: 0.10 Mpps, 54 Mbit/s (70 Mbit/s with framing)
[1;36m[Device: id=0] RX[0m: 0.10 Mpps, 62 Mbit/s (78 Mbit/s with framing)
[0;34m[Device: id=0] TX[0m: 0.10 Mpps, 54 Mbit/s (70 Mbit/s with framing)
[1;36m[Device: id=0] RX[0m: 0.10 Mpps, 62 Mbit/s (78 Mbit/s with framing)
[0;34m[Device: id=0] TX[0m: 0.10 Mpps, 54 Mbit/s (70 Mbit/s with framing)
[1;36m[Device: id=0] RX[0m: 0.10 Mpps, 62 Mbit/s (78 Mbit/s with framing)
[0;34m[Device: id=0] TX[0m: 0.10 Mpps, 54 Mbit/s (70 Mbit/s with framing)
[1;36m[Device: id=0] RX[0m: 0.10 Mpps, 62 Mbit/s (78 Mbit/s with framing)
[0;34m[Device: id=0] TX[0m: 0.10 Mpps, 54 Mbit/s (70 Mbit/s with framing)
[1;36m[Device: id=0] RX[0m: 0.10 Mpps, 62 Mbit/s (78 Mbit/s with framing)
[0;34m[Device: id=0] TX[0m: 0.10 Mpps, 54 Mbit/s (70 Mbit/s with framing)
[1;36m[Device: id=0] RX[0m: 0.10 Mpps, 62 Mbit/s (78 Mbit/s with framing)
[0;34m[Device: id=0] TX[0m: 0.10 Mpps, 54 Mbit/s (70 Mbit/s with framing)
[1;36m[Device: id=0] RX[0m: 0.10 Mpps, 62 Mbit/s (78 Mbit/s with framing)
[0;34m[Device: id=0] TX[0m: 0.10 Mpps, 54 Mbit/s (70 Mbit/s with framing)
[1;36m[Device: id=0] RX[0m: 0.10 Mpps, 62 Mbit/s (78 Mbit/s with framing)
[0;34m[Device: id=0] TX[0m: 0.10 Mpps, 54 Mbit/s (70 Mbit/s with framing)
[1;36m[Device: id=0] RX[0m: 0.10 Mpps, 62 Mbit/s (78 Mbit/s with framing)
[0;34m[Device: id=0] TX[0m: 0.10 Mpps, 54 Mbit/s (70 Mbit/s with framing)
[1;36m[Device: id=0] RX[0m: 0.10 Mpps, 62 Mbit/s (78 Mbit/s with framing)
[0;34m[Device: id=0] TX[0m: 0.10 Mpps, 54 Mbit/s (70 Mbit/s with framing)
[1;36m[Device: id=0] RX[0m: 0.10 Mpps, 62 Mbit/s (78 Mbit/s with framing)
[0;34m[Device: id=0] TX[0m: 0.10 Mpps, 54 Mbit/s (70 Mbit/s with framing)
[1;36m[Device: id=0] RX[0m: 0.10 Mpps, 62 Mbit/s (78 Mbit/s with framing)
[0;34m[Device: id=0] TX[0m: 0.10 Mpps, 54 Mbit/s (70 Mbit/s with framing)
[1;36m[Device: id=0] RX[0m: 0.10 Mpps, 62 Mbit/s (78 Mbit/s with framing)
[0;34m[Device: id=0] TX[0m: 0.10 Mpps, 54 Mbit/s (70 Mbit/s with framing)
[1;36m[Device: id=0] RX[0m: 0.10 Mpps, 62 Mbit/s (78 Mbit/s with framing)
[0;34m[Device: id=0] TX[0m: 0.10 Mpps, 54 Mbit/s (70 Mbit/s with framing)
[1;36m[Device: id=0] RX[0m: 0.10 Mpps, 62 Mbit/s (78 Mbit/s with framing)
[0;34m[Device: id=0] TX[0m: 0.10 Mpps, 54 Mbit/s (70 Mbit/s with framing)
[1;36m[Device: id=0] RX[0m: 0.10 Mpps, 62 Mbit/s (78 Mbit/s with framing)
[0;34m[Device: id=0] TX[0m: 0.10 Mpps, 54 Mbit/s (70 Mbit/s with framing)
[1;36m[Device: id=0] RX[0m: 0.10 Mpps, 62 Mbit/s (78 Mbit/s with framing)
[0;34m[Device: id=0] TX[0m: 0.10 Mpps, 54 Mbit/s (70 Mbit/s with framing)
[1;36m[Device: id=0] RX[0m: 0.10 Mpps, 62 Mbit/s (78 Mbit/s with framing)
[0;34m[Device: id=0] TX[0m: 0.10 Mpps, 54 Mbit/s (70 Mbit/s with framing)
[1;36m[Device: id=0] RX[0m: 0.10 Mpps, 62 Mbit/s (78 Mbit/s with framing)
[0;34m[Device: id=0] TX[0m: 0.10 Mpps, 54 Mbit/s (70 Mbit/s with framing)
[1;36m[Device: id=0] RX[0m: 0.10 Mpps, 62 Mbit/s (78 Mbit/s with framing)
[0;34m[Device: id=0] TX[0m: 0.10 Mpps, 54 Mbit/s (70 Mbit/s with framing)
[1;36m[Device: id=0] RX[0m: 0.10 Mpps, 62 Mbit/s (78 Mbit/s with framing)
[0;34m[Device: id=0] TX[0m: 0.10 Mpps, 54 Mbit/s (70 Mbit/s with framing)
[1;36m[Device: id=0] RX[0m: 0.10 Mpps, 62 Mbit/s (78 Mbit/s with framing)
[0;34m[Device: id=0] TX[0m: 0.10 Mpps, 54 Mbit/s (70 Mbit/s with framing)
[1;36m[Device: id=0] RX[0m: 0.10 Mpps, 62 Mbit/s (78 Mbit/s with framing)
[0;34m[Device: id=0] TX[0m: 0.10 Mpps, 54 Mbit/s (70 Mbit/s with framing)
[1;36m[Device: id=0] RX[0m: 0.10 Mpps, 62 Mbit/s (78 Mbit/s with framing)
[0;34m[Device: id=0] TX[0m: 0.10 Mpps, 54 Mbit/s (70 Mbit/s with framing)
[1;36m[Device: id=0] RX[0m: 0.10 Mpps, 62 Mbit/s (78 Mbit/s with framing)
[0;34m[Device: id=0] TX[0m: 0.10 Mpps, 54 Mbit/s (70 Mbit/s with framing)
[1;36m[Device: id=0] RX[0m: 0.10 Mpps, 62 Mbit/s (78 Mbit/s with framing)
[0;34m[Device: id=0] TX[0m: 0.10 Mpps, 54 Mbit/s (70 Mbit/s with framing)
[1;36m[Device: id=0] RX[0m: 0.10 Mpps, 62 Mbit/s (78 Mbit/s with framing)
[0;34m[Device: id=0] TX[0m: 0.10 Mpps, 54 Mbit/s (70 Mbit/s with framing)
[1;36m[Device: id=0] RX[0m: 0.10 Mpps, 62 Mbit/s (78 Mbit/s with framing)
[0;34m[Device: id=0] TX[0m: 0.10 Mpps, 54 Mbit/s (70 Mbit/s with framing)
[1;36m[Device: id=0] RX[0m: 0.10 Mpps, 62 Mbit/s (78 Mbit/s with framing)
[0;34m[Device: id=0] TX[0m: 0.10 Mpps, 54 Mbit/s (70 Mbit/s with framing)
[1;36m[Device: id=0] RX[0m: 0.10 Mpps, 62 Mbit/s (78 Mbit/s with framing)
[0;34m[Device: id=0] TX[0m: 0.10 Mpps, 54 Mbit/s (70 Mbit/s with framing)
[1;36m[Device: id=0] RX[0m: 0.10 Mpps, 62 Mbit/s (77 Mbit/s with framing)
[0;34m[Device: id=0] TX[0m: 0.10 Mpps, 54 Mbit/s (70 Mbit/s with framing)
[1;36m[Device: id=0] RX[0m: 0.10 Mpps, 62 Mbit/s (77 Mbit/s with framing)
[0;34m[Device: id=0] TX[0m: 0.10 Mpps, 54 Mbit/s (70 Mbit/s with framing)
[1;36m[Device: id=0] RX[0m: 0.10 Mpps, 62 Mbit/s (77 Mbit/s with framing)
[0;34m[Device: id=0] TX[0m: 0.10 Mpps, 54 Mbit/s (70 Mbit/s with framing)
[1;36m[Device: id=0] RX[0m: 0.10 Mpps, 62 Mbit/s (77 Mbit/s with framing)
[0;34m[Device: id=0] TX[0m: 0.10 Mpps, 54 Mbit/s (70 Mbit/s with framing)
[1;36m[Device: id=0] RX[0m: 0.10 Mpps, 62 Mbit/s (77 Mbit/s with framing)
[0;34m[Device: id=0] TX[0m: 0.10 Mpps, 54 Mbit/s (70 Mbit/s with framing)
[1;36m[Device: id=0] RX[0m: 0.10 Mpps, 62 Mbit/s (77 Mbit/s with framing)
[0;34m[Device: id=0] TX[0m: 0.10 Mpps, 54 Mbit/s (70 Mbit/s with framing)
[1;36m[Device: id=0] RX[0m: 0.10 Mpps, 62 Mbit/s (77 Mbit/s with framing)
[0;34m[Device: id=0] TX[0m: 0.10 Mpps, 54 Mbit/s (70 Mbit/s with framing)
[1;36m[Device: id=0] RX[0m: 0.10 Mpps, 62 Mbit/s (77 Mbit/s with framing)
[0;34m[Device: id=0] TX[0m: 0.10 Mpps, 54 Mbit/s (70 Mbit/s with framing)
[1;36m[Device: id=0] RX[0m: 0.10 Mpps, 62 Mbit/s (77 Mbit/s with framing)
[0;34m[Device: id=0] TX[0m: 0.10 Mpps, 54 Mbit/s (70 Mbit/s with framing)
[1;36m[Device: id=0] RX[0m: 0.10 Mpps, 62 Mbit/s (77 Mbit/s with framing)
[0;34m[Device: id=0] TX[0m: 0.10 Mpps, 54 Mbit/s (70 Mbit/s with framing)
[1;36m[Device: id=0] RX[0m: 0.10 Mpps, 62 Mbit/s (77 Mbit/s with framing)
[0;34m[Device: id=0] TX[0m: 0.10 Mpps, 54 Mbit/s (70 Mbit/s with framing)
[1;36m[Device: id=0] RX[0m: 0.10 Mpps, 62 Mbit/s (77 Mbit/s with framing)
[0;34m[Device: id=0] TX[0m: 0.10 Mpps, 54 Mbit/s (70 Mbit/s with framing)
[1;36m[Device: id=0] RX[0m: 0.10 Mpps, 62 Mbit/s (77 Mbit/s with framing)
[0;34m[Device: id=0] TX[0m: 0.10 Mpps, 54 Mbit/s (70 Mbit/s with framing)
[1;36m[Device: id=0] RX[0m: 0.10 Mpps, 62 Mbit/s (77 Mbit/s with framing)
[0;34m[Device: id=0] TX[0m: 0.10 Mpps, 54 Mbit/s (70 Mbit/s with framing)
[1;36m[Device: id=0] RX[0m: 0.10 Mpps, 62 Mbit/s (77 Mbit/s with framing)
[0;34m[Device: id=0] TX[0m: 0.10 Mpps, 54 Mbit/s (70 Mbit/s with framing)
[1;36m[Device: id=0] RX[0m: 0.10 Mpps, 62 Mbit/s (77 Mbit/s with framing)
[0;34m[Device: id=0] TX[0m: 0.10 Mpps, 54 Mbit/s (70 Mbit/s with framing)
[1;36m[Device: id=0] RX[0m: 0.10 Mpps, 62 Mbit/s (77 Mbit/s with framing)
[0;34m[Device: id=0] TX[0m: 0.10 Mpps, 54 Mbit/s (70 Mbit/s with framing)
[1;36m[Device: id=0] RX[0m: 0.10 Mpps, 62 Mbit/s (77 Mbit/s with framing)
[0;34m[Device: id=0] TX[0m: 0.10 Mpps, 54 Mbit/s (70 Mbit/s with framing)
[1;36m[Device: id=0] RX[0m: 0.10 Mpps, 62 Mbit/s (77 Mbit/s with framing)
[0;34m[Device: id=0] TX[0m: 0.10 Mpps, 54 Mbit/s (70 Mbit/s with framing)
[1;36m[Device: id=0] RX[0m: 0.10 Mpps, 62 Mbit/s (77 Mbit/s with framing)
[0;34m[Device: id=0] TX[0m: 0.10 Mpps, 54 Mbit/s (70 Mbit/s with framing)
[1;36m[Device: id=0] RX[0m: 0.10 Mpps, 62 Mbit/s (77 Mbit/s with framing)
[0;34m[Device: id=0] TX[0m: 0.10 Mpps, 54 Mbit/s (70 Mbit/s with framing)
[1;36m[Device: id=0] RX[0m: 0.10 Mpps, 62 Mbit/s (77 Mbit/s with framing)
[0;34m[Device: id=0] TX[0m: 0.10 Mpps, 54 Mbit/s (70 Mbit/s with framing)
Samples: 70727, Average: 192613.5 ns, StdDev: 269146.9 ns, Quartiles: 104217.3/182998.0/264941.3 ns
[1;37m[INFO]  Saving histogram to '/tmp/histogram.csv'[0m
[1;36m[Device: id=0] RX[0m: 0.10 (StdDev 0.00) Mpps, 62 (StdDev 0) Mbit/s (78 Mbit/s with framing), total 7019281 packets with 547504152 bytes (incl. CRC)
[0;34m[Device: id=0] TX[0m: 0.10 (StdDev 0.00) Mpps, 54 (StdDev 0) Mbit/s (70 Mbit/s with framing), total 7545373 packets with 513085772 bytes (incl. CRC)
TEST_DONE
