EAL: Detected CPU lcores: 12
EAL: Detected NUMA nodes: 2
EAL: Static memory layout is selected, amount of reserved memory can be adjusted with -m or --socket-mem
EAL: Detected static linkage of DPDK
EAL: Multi-process socket /var/run/dpdk/rte/mp_socket
EAL: Selected IOVA mode 'VA'
EAL: VFIO support initialized
EAL: Using IOMMU type 1 (Type 1)
EAL: Ignore mapping IO port bar(1)
EAL: Ignore mapping IO port bar(5)
EAL: Probe PCI driver: net_ixgbe (8086:1563) device: 0000:01:00.1 (socket 0)
TELEMETRY: No legacy callbacks, legacy socket not created
[1;33m[WARN]  malloc() allocates objects >= 1 MiB from LuaJIT memory space.[0m
[1;33m[WARN]  Install libjemalloc if you encounter out of memory errors.[0m
[1;37m[INFO]  Initializing DPDK. This will take a few seconds...[0m
[1;37m[INFO]  Found 1 usable devices:[0m
   Device 0: 3C:EC:EF:62:AD:7D ([0;32mIntel Corporation Ethernet Controller 10G X550T[0m)
[1;37m[INFO]  Waiting for devices to come up...[0m
[1;37m[INFO]  Device 0 (3C:EC:EF:62:AD:7D) is up: full-duplex 10000 MBit/s[0m
[1;37m[INFO]  [0;32m1 device is up.[0m[0m
Wraming up...
ok
Starting benchmark...
Samples: 4968, Average: 208244.3 ns, StdDev: 88470.2 ns, Quartiles: 131367.3/207269.3/285575.3 ns
ok
[1;36m[Device: id=0] RX[0m: 0.10 Mpps, 54 Mbit/s (70 Mbit/s with framing)
[0;34m[Device: id=0] TX[0m: 0.10 Mpps, 54 Mbit/s (71 Mbit/s with framing)
[1;36m[Device: id=0] RX[0m: 0.10 Mpps, 54 Mbit/s (70 Mbit/s with framing)
[0;34m[Device: id=0] TX[0m: 0.10 Mpps, 54 Mbit/s (70 Mbit/s with framing)
[1;36m[Device: id=0] RX[0m: 0.10 Mpps, 54 Mbit/s (70 Mbit/s with framing)
[0;34m[Device: id=0] TX[0m: 0.10 Mpps, 54 Mbit/s (70 Mbit/s with framing)
[1;36m[Device: id=0] RX[0m: 0.10 Mpps, 54 Mbit/s (70 Mbit/s with framing)
[0;34m[Device: id=0] TX[0m: 0.10 Mpps, 54 Mbit/s (70 Mbit/s with framing)
[1;36m[Device: id=0] RX[0m: 0.10 Mpps, 54 Mbit/s (70 Mbit/s with framing)
[0;34m[Device: id=0] TX[0m: 0.10 Mpps, 54 Mbit/s (70 Mbit/s with framing)
[1;36m[Device: id=0] RX[0m: 0.10 Mpps, 54 Mbit/s (70 Mbit/s with framing)
[0;34m[Device: id=0] TX[0m: 0.10 Mpps, 54 Mbit/s (70 Mbit/s with framing)
[1;36m[Device: id=0] RX[0m: 0.10 Mpps, 54 Mbit/s (70 Mbit/s with framing)
[0;34m[Device: id=0] TX[0m: 0.10 Mpps, 54 Mbit/s (70 Mbit/s with framing)
[1;36m[Device: id=0] RX[0m: 0.10 Mpps, 54 Mbit/s (70 Mbit/s with framing)
[0;34m[Device: id=0] TX[0m: 0.10 Mpps, 54 Mbit/s (70 Mbit/s with framing)
[1;36m[Device: id=0] RX[0m: 0.10 Mpps, 54 Mbit/s (70 Mbit/s with framing)
[0;34m[Device: id=0] TX[0m: 0.10 Mpps, 54 Mbit/s (70 Mbit/s with framing)
[1;36m[Device: id=0] RX[0m: 0.10 Mpps, 54 Mbit/s (70 Mbit/s with framing)
[0;34m[Device: id=0] TX[0m: 0.10 Mpps, 54 Mbit/s (70 Mbit/s with framing)
[1;36m[Device: id=0] RX[0m: 0.10 Mpps, 54 Mbit/s (70 Mbit/s with framing)
[0;34m[Device: id=0] TX[0m: 0.10 Mpps, 54 Mbit/s (70 Mbit/s with framing)
[1;36m[Device: id=0] RX[0m: 0.10 Mpps, 54 Mbit/s (70 Mbit/s with framing)
[0;34m[Device: id=0] TX[0m: 0.10 Mpps, 54 Mbit/s (70 Mbit/s with framing)
[1;36m[Device: id=0] RX[0m: 0.10 Mpps, 54 Mbit/s (70 Mbit/s with framing)
[0;34m[Device: id=0] TX[0m: 0.10 Mpps, 54 Mbit/s (70 Mbit/s with framing)
[1;36m[Device: id=0] RX[0m: 0.10 Mpps, 54 Mbit/s (70 Mbit/s with framing)
[0;34m[Device: id=0] TX[0m: 0.10 Mpps, 54 Mbit/s (70 Mbit/s with framing)
[1;36m[Device: id=0] RX[0m: 0.10 Mpps, 54 Mbit/s (70 Mbit/s with framing)
[0;34m[Device: id=0] TX[0m: 0.10 Mpps, 54 Mbit/s (70 Mbit/s with framing)
[1;36m[Device: id=0] RX[0m: 0.10 Mpps, 54 Mbit/s (70 Mbit/s with framing)
[0;34m[Device: id=0] TX[0m: 0.10 Mpps, 54 Mbit/s (70 Mbit/s with framing)
[1;36m[Device: id=0] RX[0m: 0.10 Mpps, 54 Mbit/s (70 Mbit/s with framing)
[0;34m[Device: id=0] TX[0m: 0.10 Mpps, 54 Mbit/s (70 Mbit/s with framing)
[1;36m[Device: id=0] RX[0m: 0.10 Mpps, 54 Mbit/s (70 Mbit/s with framing)
[0;34m[Device: id=0] TX[0m: 0.10 Mpps, 54 Mbit/s (70 Mbit/s with framing)
[1;36m[Device: id=0] RX[0m: 0.10 Mpps, 54 Mbit/s (70 Mbit/s with framing)
[0;34m[Device: id=0] TX[0m: 0.10 Mpps, 54 Mbit/s (70 Mbit/s with framing)
[1;36m[Device: id=0] RX[0m: 0.10 Mpps, 54 Mbit/s (70 Mbit/s with framing)
[0;34m[Device: id=0] TX[0m: 0.10 Mpps, 54 Mbit/s (70 Mbit/s with framing)
[1;36m[Device: id=0] RX[0m: 0.10 Mpps, 54 Mbit/s (70 Mbit/s with framing)
[0;34m[Device: id=0] TX[0m: 0.10 Mpps, 54 Mbit/s (70 Mbit/s with framing)
[1;36m[Device: id=0] RX[0m: 0.10 Mpps, 54 Mbit/s (70 Mbit/s with framing)
[0;34m[Device: id=0] TX[0m: 0.10 Mpps, 54 Mbit/s (70 Mbit/s with framing)
[1;36m[Device: id=0] RX[0m: 0.10 Mpps, 54 Mbit/s (70 Mbit/s with framing)
[0;34m[Device: id=0] TX[0m: 0.10 Mpps, 54 Mbit/s (70 Mbit/s with framing)
[1;36m[Device: id=0] RX[0m: 0.10 Mpps, 54 Mbit/s (70 Mbit/s with framing)
[0;34m[Device: id=0] TX[0m: 0.10 Mpps, 54 Mbit/s (70 Mbit/s with framing)
[1;36m[Device: id=0] RX[0m: 0.10 Mpps, 54 Mbit/s (70 Mbit/s with framing)
[0;34m[Device: id=0] TX[0m: 0.10 Mpps, 54 Mbit/s (70 Mbit/s with framing)
[1;36m[Device: id=0] RX[0m: 0.10 Mpps, 54 Mbit/s (70 Mbit/s with framing)
[0;34m[Device: id=0] TX[0m: 0.10 Mpps, 54 Mbit/s (70 Mbit/s with framing)
[1;36m[Device: id=0] RX[0m: 0.10 Mpps, 54 Mbit/s (70 Mbit/s with framing)
[0;34m[Device: id=0] TX[0m: 0.10 Mpps, 54 Mbit/s (70 Mbit/s with framing)
[1;36m[Device: id=0] RX[0m: 0.10 Mpps, 54 Mbit/s (70 Mbit/s with framing)
[0;34m[Device: id=0] TX[0m: 0.10 Mpps, 54 Mbit/s (70 Mbit/s with framing)
[1;36m[Device: id=0] RX[0m: 0.10 Mpps, 54 Mbit/s (70 Mbit/s with framing)
[0;34m[Device: id=0] TX[0m: 0.10 Mpps, 54 Mbit/s (70 Mbit/s with framing)
[1;36m[Device: id=0] RX[0m: 0.10 Mpps, 54 Mbit/s (70 Mbit/s with framing)
[0;34m[Device: id=0] TX[0m: 0.10 Mpps, 54 Mbit/s (70 Mbit/s with framing)
[1;36m[Device: id=0] RX[0m: 0.10 Mpps, 54 Mbit/s (70 Mbit/s with framing)
[0;34m[Device: id=0] TX[0m: 0.10 Mpps, 54 Mbit/s (70 Mbit/s with framing)
[1;36m[Device: id=0] RX[0m: 0.10 Mpps, 54 Mbit/s (70 Mbit/s with framing)
[0;34m[Device: id=0] TX[0m: 0.10 Mpps, 54 Mbit/s (70 Mbit/s with framing)
[1;36m[Device: id=0] RX[0m: 0.10 Mpps, 54 Mbit/s (70 Mbit/s with framing)
[0;34m[Device: id=0] TX[0m: 0.10 Mpps, 54 Mbit/s (70 Mbit/s with framing)
[1;36m[Device: id=0] RX[0m: 0.10 Mpps, 54 Mbit/s (70 Mbit/s with framing)
[0;34m[Device: id=0] TX[0m: 0.10 Mpps, 54 Mbit/s (70 Mbit/s with framing)
[1;36m[Device: id=0] RX[0m: 0.10 Mpps, 54 Mbit/s (70 Mbit/s with framing)
[0;34m[Device: id=0] TX[0m: 0.10 Mpps, 54 Mbit/s (70 Mbit/s with framing)
[1;36m[Device: id=0] RX[0m: 0.10 Mpps, 54 Mbit/s (70 Mbit/s with framing)
[0;34m[Device: id=0] TX[0m: 0.10 Mpps, 54 Mbit/s (70 Mbit/s with framing)
[1;36m[Device: id=0] RX[0m: 0.10 Mpps, 54 Mbit/s (70 Mbit/s with framing)
[0;34m[Device: id=0] TX[0m: 0.10 Mpps, 54 Mbit/s (70 Mbit/s with framing)
[1;36m[Device: id=0] RX[0m: 0.10 Mpps, 54 Mbit/s (70 Mbit/s with framing)
[0;34m[Device: id=0] TX[0m: 0.10 Mpps, 54 Mbit/s (70 Mbit/s with framing)
[1;36m[Device: id=0] RX[0m: 0.10 Mpps, 54 Mbit/s (70 Mbit/s with framing)
[0;34m[Device: id=0] TX[0m: 0.10 Mpps, 54 Mbit/s (70 Mbit/s with framing)
[1;36m[Device: id=0] RX[0m: 0.10 Mpps, 54 Mbit/s (70 Mbit/s with framing)
[0;34m[Device: id=0] TX[0m: 0.10 Mpps, 54 Mbit/s (70 Mbit/s with framing)
[1;36m[Device: id=0] RX[0m: 0.10 Mpps, 54 Mbit/s (70 Mbit/s with framing)
[0;34m[Device: id=0] TX[0m: 0.10 Mpps, 54 Mbit/s (70 Mbit/s with framing)
[1;36m[Device: id=0] RX[0m: 0.10 Mpps, 54 Mbit/s (70 Mbit/s with framing)
[0;34m[Device: id=0] TX[0m: 0.10 Mpps, 54 Mbit/s (70 Mbit/s with framing)
[1;36m[Device: id=0] RX[0m: 0.10 Mpps, 54 Mbit/s (70 Mbit/s with framing)
[0;34m[Device: id=0] TX[0m: 0.10 Mpps, 54 Mbit/s (70 Mbit/s with framing)
[1;36m[Device: id=0] RX[0m: 0.10 Mpps, 54 Mbit/s (70 Mbit/s with framing)
[0;34m[Device: id=0] TX[0m: 0.10 Mpps, 54 Mbit/s (70 Mbit/s with framing)
[1;36m[Device: id=0] RX[0m: 0.10 Mpps, 54 Mbit/s (70 Mbit/s with framing)
[0;34m[Device: id=0] TX[0m: 0.10 Mpps, 54 Mbit/s (70 Mbit/s with framing)
[1;36m[Device: id=0] RX[0m: 0.10 Mpps, 54 Mbit/s (70 Mbit/s with framing)
[0;34m[Device: id=0] TX[0m: 0.10 Mpps, 54 Mbit/s (70 Mbit/s with framing)
[1;36m[Device: id=0] RX[0m: 0.10 Mpps, 54 Mbit/s (70 Mbit/s with framing)
[0;34m[Device: id=0] TX[0m: 0.10 Mpps, 54 Mbit/s (70 Mbit/s with framing)
[1;36m[Device: id=0] RX[0m: 0.10 Mpps, 54 Mbit/s (70 Mbit/s with framing)
[0;34m[Device: id=0] TX[0m: 0.10 Mpps, 54 Mbit/s (70 Mbit/s with framing)
[1;36m[Device: id=0] RX[0m: 0.10 Mpps, 54 Mbit/s (70 Mbit/s with framing)
[0;34m[Device: id=0] TX[0m: 0.10 Mpps, 54 Mbit/s (70 Mbit/s with framing)
[1;36m[Device: id=0] RX[0m: 0.10 Mpps, 54 Mbit/s (70 Mbit/s with framing)
[0;34m[Device: id=0] TX[0m: 0.10 Mpps, 54 Mbit/s (70 Mbit/s with framing)
[1;36m[Device: id=0] RX[0m: 0.10 Mpps, 54 Mbit/s (70 Mbit/s with framing)
[0;34m[Device: id=0] TX[0m: 0.10 Mpps, 54 Mbit/s (70 Mbit/s with framing)
[1;36m[Device: id=0] RX[0m: 0.10 Mpps, 54 Mbit/s (70 Mbit/s with framing)
[0;34m[Device: id=0] TX[0m: 0.10 Mpps, 54 Mbit/s (70 Mbit/s with framing)
[1;36m[Device: id=0] RX[0m: 0.10 Mpps, 54 Mbit/s (70 Mbit/s with framing)
[0;34m[Device: id=0] TX[0m: 0.10 Mpps, 54 Mbit/s (70 Mbit/s with framing)
[1;36m[Device: id=0] RX[0m: 0.10 Mpps, 54 Mbit/s (70 Mbit/s with framing)
[0;34m[Device: id=0] TX[0m: 0.10 Mpps, 54 Mbit/s (70 Mbit/s with framing)
[1;36m[Device: id=0] RX[0m: 0.10 Mpps, 54 Mbit/s (70 Mbit/s with framing)
[0;34m[Device: id=0] TX[0m: 0.10 Mpps, 54 Mbit/s (70 Mbit/s with framing)
[1;36m[Device: id=0] RX[0m: 0.10 Mpps, 54 Mbit/s (70 Mbit/s with framing)
[0;34m[Device: id=0] TX[0m: 0.10 Mpps, 54 Mbit/s (70 Mbit/s with framing)
[1;36m[Device: id=0] RX[0m: 0.10 Mpps, 54 Mbit/s (70 Mbit/s with framing)
[0;34m[Device: id=0] TX[0m: 0.10 Mpps, 54 Mbit/s (70 Mbit/s with framing)
[1;36m[Device: id=0] RX[0m: 0.10 Mpps, 54 Mbit/s (70 Mbit/s with framing)
[0;34m[Device: id=0] TX[0m: 0.10 Mpps, 54 Mbit/s (70 Mbit/s with framing)
[1;36m[Device: id=0] RX[0m: 0.10 Mpps, 54 Mbit/s (70 Mbit/s with framing)
[0;34m[Device: id=0] TX[0m: 0.10 Mpps, 54 Mbit/s (70 Mbit/s with framing)
[1;36m[Device: id=0] RX[0m: 0.10 Mpps, 54 Mbit/s (70 Mbit/s with framing)
[0;34m[Device: id=0] TX[0m: 0.10 Mpps, 54 Mbit/s (70 Mbit/s with framing)
[1;36m[Device: id=0] RX[0m: 0.10 Mpps, 54 Mbit/s (70 Mbit/s with framing)
[0;34m[Device: id=0] TX[0m: 0.10 Mpps, 54 Mbit/s (70 Mbit/s with framing)
[1;36m[Device: id=0] RX[0m: 0.10 Mpps, 54 Mbit/s (70 Mbit/s with framing)
[0;34m[Device: id=0] TX[0m: 0.10 Mpps, 54 Mbit/s (70 Mbit/s with framing)
[1;36m[Device: id=0] RX[0m: 0.10 Mpps, 54 Mbit/s (70 Mbit/s with framing)
[0;34m[Device: id=0] TX[0m: 0.10 Mpps, 54 Mbit/s (70 Mbit/s with framing)
[1;36m[Device: id=0] RX[0m: 0.10 Mpps, 54 Mbit/s (70 Mbit/s with framing)
[0;34m[Device: id=0] TX[0m: 0.10 Mpps, 54 Mbit/s (70 Mbit/s with framing)
[1;36m[Device: id=0] RX[0m: 0.10 Mpps, 54 Mbit/s (70 Mbit/s with framing)
[0;34m[Device: id=0] TX[0m: 0.10 Mpps, 54 Mbit/s (70 Mbit/s with framing)
[1;36m[Device: id=0] RX[0m: 0.10 Mpps, 54 Mbit/s (70 Mbit/s with framing)
[0;34m[Device: id=0] TX[0m: 0.10 Mpps, 54 Mbit/s (70 Mbit/s with framing)
[1;36m[Device: id=0] RX[0m: 0.10 Mpps, 54 Mbit/s (70 Mbit/s with framing)
[0;34m[Device: id=0] TX[0m: 0.10 Mpps, 54 Mbit/s (70 Mbit/s with framing)
[1;36m[Device: id=0] RX[0m: 0.10 Mpps, 54 Mbit/s (70 Mbit/s with framing)
[0;34m[Device: id=0] TX[0m: 0.10 Mpps, 54 Mbit/s (70 Mbit/s with framing)
[1;36m[Device: id=0] RX[0m: 0.10 Mpps, 54 Mbit/s (70 Mbit/s with framing)
[0;34m[Device: id=0] TX[0m: 0.10 Mpps, 54 Mbit/s (70 Mbit/s with framing)
[1;36m[Device: id=0] RX[0m: 0.10 Mpps, 54 Mbit/s (70 Mbit/s with framing)
[0;34m[Device: id=0] TX[0m: 0.10 Mpps, 54 Mbit/s (70 Mbit/s with framing)
Samples: 70968, Average: 208831.5 ns, StdDev: 89691.1 ns, Quartiles: 132935.3/207105.3/285109.3 ns
[1;37m[INFO]  Saving histogram to '/tmp/histogram.csv'[0m
[1;36m[Device: id=0] RX[0m: 0.10 (StdDev 0.00) Mpps, 54 (StdDev 0) Mbit/s (70 Mbit/s with framing), total 7080340 packets with 481463218 bytes (incl. CRC)
[0;34m[Device: id=0] TX[0m: 0.10 (StdDev 0.00) Mpps, 54 (StdDev 0) Mbit/s (70 Mbit/s with framing), total 7582390 packets with 515601976 bytes (incl. CRC)
TEST_DONE
