Startup trace (nsec): main: 188864328314
Startup trace (nsec): init done: 188868177439
Rx rate: 0   TxExt rate: 0   TxInt rate: 0
While executing 'Script@11 :: Script':
  no 'from_device.reset' write handler
Rx rate: 0   TxExt rate: 0   TxInt rate: 0
While executing 'Script@11 :: Script':
  no 'from_device.reset' write handler
Rx rate: 0   TxExt rate: 0   TxInt rate: 0
While executing 'Script@11 :: Script':
  no 'from_device.reset' write handler
Rx rate: 0   TxExt rate: 0   TxInt rate: 0
While executing 'Script@11 :: Script':
  no 'from_device.reset' write handler
Rx rate: 0   TxExt rate: 0   TxInt rate: 0
While executing 'Script@11 :: Script':
  no 'from_device.reset' write handler
Rx rate: 0   TxExt rate: 0   TxInt rate: 0
While executing 'Script@11 :: Script':
  no 'from_device.reset' write handler
Rx rate: 95321.4285714   TxExt rate: 95321.4285714   TxInt rate: 95321.4285714
While executing 'Script@11 :: Script':
  no 'from_device.reset' write handler
Rx rate: 100297   TxExt rate: 100297   TxInt rate: 100297
While executing 'Script@11 :: Script':
  no 'from_device.reset' write handler
Rx rate: 100260   TxExt rate: 100260   TxInt rate: 100260
While executing 'Script@11 :: Script':
  no 'from_device.reset' write handler
Rx rate: 100308   TxExt rate: 100308   TxInt rate: 100308
While executing 'Script@11 :: Script':
  no 'from_device.reset' write handler
Rx rate: 100274   TxExt rate: 100274   TxInt rate: 100274
While executing 'Script@11 :: Script':
  no 'from_device.reset' write handler
Rx rate: 96477   TxExt rate: 96477   TxInt rate: 96477
While executing 'Script@11 :: Script':
  no 'from_device.reset' write handler
Rx rate: 100319   TxExt rate: 100319   TxInt rate: 100319
While executing 'Script@11 :: Script':
  no 'from_device.reset' write handler
Rx rate: 100271   TxExt rate: 100271   TxInt rate: 100271
While executing 'Script@11 :: Script':
  no 'from_device.reset' write handler
Rx rate: 100285   TxExt rate: 100285   TxInt rate: 100285
While executing 'Script@11 :: Script':
  no 'from_device.reset' write handler
Rx rate: 100282   TxExt rate: 100282   TxInt rate: 100282
While executing 'Script@11 :: Script':
  no 'from_device.reset' write handler
Rx rate: 100300   TxExt rate: 100300   TxInt rate: 100300
While executing 'Script@11 :: Script':
  no 'from_device.reset' write handler
Rx rate: 100316   TxExt rate: 100316   TxInt rate: 100316
While executing 'Script@11 :: Script':
  no 'from_device.reset' write handler
Rx rate: 100267   TxExt rate: 100267   TxInt rate: 100267
While executing 'Script@11 :: Script':
  no 'from_device.reset' write handler
Rx rate: 100281   TxExt rate: 100281   TxInt rate: 100281
While executing 'Script@11 :: Script':
  no 'from_device.reset' write handler
Rx rate: 100291   TxExt rate: 100291   TxInt rate: 100291
While executing 'Script@11 :: Script':
  no 'from_device.reset' write handler
Rx rate: 100307   TxExt rate: 100307   TxInt rate: 100307
While executing 'Script@11 :: Script':
  no 'from_device.reset' write handler
Rx rate: 100381.381381   TxExt rate: 100381.381381   TxInt rate: 100381.381381
While executing 'Script@11 :: Script':
  no 'from_device.reset' write handler
Rx rate: 100293   TxExt rate: 100293   TxInt rate: 100293
While executing 'Script@11 :: Script':
  no 'from_device.reset' write handler
Rx rate: 100277   TxExt rate: 100277   TxInt rate: 100277
While executing 'Script@11 :: Script':
  no 'from_device.reset' write handler
Rx rate: 100298   TxExt rate: 100298   TxInt rate: 100298
While executing 'Script@11 :: Script':
  no 'from_device.reset' write handler
Rx rate: 100277   TxExt rate: 100277   TxInt rate: 100277
While executing 'Script@11 :: Script':
  no 'from_device.reset' write handler
Rx rate: 100303   TxExt rate: 100303   TxInt rate: 100303
While executing 'Script@11 :: Script':
  no 'from_device.reset' write handler
Rx rate: 100286   TxExt rate: 100286   TxInt rate: 100286
While executing 'Script@11 :: Script':
  no 'from_device.reset' write handler
Rx rate: 100298   TxExt rate: 100298   TxInt rate: 100298
While executing 'Script@11 :: Script':
  no 'from_device.reset' write handler
Rx rate: 100268   TxExt rate: 100268   TxInt rate: 100268
While executing 'Script@11 :: Script':
  no 'from_device.reset' write handler
Rx rate: 100300   TxExt rate: 100300   TxInt rate: 100300
While executing 'Script@11 :: Script':
  no 'from_device.reset' write handler
Rx rate: 100283   TxExt rate: 100283   TxInt rate: 100283
While executing 'Script@11 :: Script':
  no 'from_device.reset' write handler
Rx rate: 100307   TxExt rate: 100307   TxInt rate: 100307
While executing 'Script@11 :: Script':
  no 'from_device.reset' write handler
Rx rate: 100282   TxExt rate: 100282   TxInt rate: 100282
While executing 'Script@11 :: Script':
  no 'from_device.reset' write handler
Rx rate: 100279   TxExt rate: 100279   TxInt rate: 100279
While executing 'Script@11 :: Script':
  no 'from_device.reset' write handler
Rx rate: 100306   TxExt rate: 100306   TxInt rate: 100306
While executing 'Script@11 :: Script':
  no 'from_device.reset' write handler
Rx rate: 100289   TxExt rate: 100289   TxInt rate: 100289
While executing 'Script@11 :: Script':
  no 'from_device.reset' write handler
Rx rate: 100370.37037   TxExt rate: 100370.37037   TxInt rate: 100370.37037
While executing 'Script@11 :: Script':
  no 'from_device.reset' write handler
Rx rate: 100314   TxExt rate: 100314   TxInt rate: 100314
While executing 'Script@11 :: Script':
  no 'from_device.reset' write handler
Rx rate: 100264   TxExt rate: 100264   TxInt rate: 100264
While executing 'Script@11 :: Script':
  no 'from_device.reset' write handler
Rx rate: 100289   TxExt rate: 100289   TxInt rate: 100289
While executing 'Script@11 :: Script':
  no 'from_device.reset' write handler
Rx rate: 100310   TxExt rate: 100310   TxInt rate: 100310
While executing 'Script@11 :: Script':
  no 'from_device.reset' write handler
Rx rate: 100385.385385   TxExt rate: 100385.385385   TxInt rate: 100385.385385
While executing 'Script@11 :: Script':
  no 'from_device.reset' write handler
Rx rate: 100295   TxExt rate: 100295   TxInt rate: 100295
While executing 'Script@11 :: Script':
  no 'from_device.reset' write handler
Rx rate: 100266   TxExt rate: 100266   TxInt rate: 100266
While executing 'Script@11 :: Script':
  no 'from_device.reset' write handler
Rx rate: 100307   TxExt rate: 100307   TxInt rate: 100307
While executing 'Script@11 :: Script':
  no 'from_device.reset' write handler
Rx rate: 100305   TxExt rate: 100305   TxInt rate: 100305
While executing 'Script@11 :: Script':
  no 'from_device.reset' write handler
Rx rate: 100292   TxExt rate: 100292   TxInt rate: 100292
While executing 'Script@11 :: Script':
  no 'from_device.reset' write handler
Rx rate: 100271   TxExt rate: 100271   TxInt rate: 100271
While executing 'Script@11 :: Script':
  no 'from_device.reset' write handler
Rx rate: 100310   TxExt rate: 100310   TxInt rate: 100310
While executing 'Script@11 :: Script':
  no 'from_device.reset' write handler
Rx rate: 100275   TxExt rate: 100275   TxInt rate: 100275
While executing 'Script@11 :: Script':
  no 'from_device.reset' write handler
Rx rate: 100298   TxExt rate: 100298   TxInt rate: 100298
While executing 'Script@11 :: Script':
  no 'from_device.reset' write handler
Rx rate: 100360.36036   TxExt rate: 100360.36036   TxInt rate: 100360.36036
While executing 'Script@11 :: Script':
  no 'from_device.reset' write handler
Rx rate: 100321   TxExt rate: 100321   TxInt rate: 100321
While executing 'Script@11 :: Script':
  no 'from_device.reset' write handler
Rx rate: 100269   TxExt rate: 100269   TxInt rate: 100269
While executing 'Script@11 :: Script':
  no 'from_device.reset' write handler
Rx rate: 100282   TxExt rate: 100282   TxInt rate: 100282
While executing 'Script@11 :: Script':
  no 'from_device.reset' write handler
Rx rate: 100300   TxExt rate: 100300   TxInt rate: 100300
While executing 'Script@11 :: Script':
  no 'from_device.reset' write handler
Rx rate: 100299   TxExt rate: 100299   TxInt rate: 100299
While executing 'Script@11 :: Script':
  no 'from_device.reset' write handler
Rx rate: 100384.384384   TxExt rate: 100384.384384   TxInt rate: 100384.384384
While executing 'Script@11 :: Script':
  no 'from_device.reset' write handler
Rx rate: 100298   TxExt rate: 100298   TxInt rate: 100298
While executing 'Script@11 :: Script':
  no 'from_device.reset' write handler
Rx rate: 100283   TxExt rate: 100283   TxInt rate: 100283
While executing 'Script@11 :: Script':
  no 'from_device.reset' write handler
Rx rate: 100279   TxExt rate: 100279   TxInt rate: 100279
While executing 'Script@11 :: Script':
  no 'from_device.reset' write handler
Rx rate: 100281   TxExt rate: 100281   TxInt rate: 100281
While executing 'Script@11 :: Script':
  no 'from_device.reset' write handler
Rx rate: 100306   TxExt rate: 100306   TxInt rate: 100306
While executing 'Script@11 :: Script':
  no 'from_device.reset' write handler
Rx rate: 100370.37037   TxExt rate: 100370.37037   TxInt rate: 100370.37037
While executing 'Script@11 :: Script':
  no 'from_device.reset' write handler
Rx rate: 100306   TxExt rate: 100306   TxInt rate: 100306
While executing 'Script@11 :: Script':
  no 'from_device.reset' write handler
Rx rate: 100295   TxExt rate: 100295   TxInt rate: 100295
While executing 'Script@11 :: Script':
  no 'from_device.reset' write handler
Rx rate: 100276   TxExt rate: 100276   TxInt rate: 100276
While executing 'Script@11 :: Script':
  no 'from_device.reset' write handler
Rx rate: 100283   TxExt rate: 100283   TxInt rate: 100283
While executing 'Script@11 :: Script':
  no 'from_device.reset' write handler
Rx rate: 100306   TxExt rate: 100306   TxInt rate: 100306
While executing 'Script@11 :: Script':
  no 'from_device.reset' write handler
Rx rate: 100273   TxExt rate: 100273   TxInt rate: 100273
While executing 'Script@11 :: Script':
  no 'from_device.reset' write handler
Rx rate: 100275   TxExt rate: 100275   TxInt rate: 100275
While executing 'Script@11 :: Script':
  no 'from_device.reset' write handler
Rx rate: 100302   TxExt rate: 100302   TxInt rate: 100302
While executing 'Script@11 :: Script':
  no 'from_device.reset' write handler
Rx rate: 100300   TxExt rate: 100300   TxInt rate: 100300
While executing 'Script@11 :: Script':
  no 'from_device.reset' write handler
Rx rate: 100389.389389   TxExt rate: 100389.389389   TxInt rate: 100389.389389
While executing 'Script@11 :: Script':
  no 'from_device.reset' write handler
Rx rate: 100381.381381   TxExt rate: 100381.381381   TxInt rate: 100381.381381
While executing 'Script@11 :: Script':
  no 'from_device.reset' write handler
Rx rate: 100299   TxExt rate: 100299   TxInt rate: 100299
While executing 'Script@11 :: Script':
  no 'from_device.reset' write handler
Rx rate: 100274   TxExt rate: 100274   TxInt rate: 100274
While executing 'Script@11 :: Script':
  no 'from_device.reset' write handler
Rx rate: 100307   TxExt rate: 100307   TxInt rate: 100307
While executing 'Script@11 :: Script':
  no 'from_device.reset' write handler
Rx rate: 100288   TxExt rate: 100288   TxInt rate: 100288
While executing 'Script@11 :: Script':
  no 'from_device.reset' write handler
Rx rate: 100368.368368   TxExt rate: 100368.368368   TxInt rate: 100368.368368
While executing 'Script@11 :: Script':
  no 'from_device.reset' write handler
Rx rate: 100209.71867   TxExt rate: 100209.71867   TxInt rate: 100209.71867
While executing 'Script@11 :: Script':
  no 'from_device.reset' write handler
Rx rate: 0   TxExt rate: 0   TxInt rate: 0
While executing 'Script@11 :: Script':
  no 'from_device.reset' write handler
Rx rate: 0   TxExt rate: 0   TxInt rate: 0
While executing 'Script@11 :: Script':
  no 'from_device.reset' write handler
Rx rate: 0   TxExt rate: 0   TxInt rate: 0
While executing 'Script@11 :: Script':
  no 'from_device.reset' write handler
AUTOTEST_DONE
