EAL: Detected CPU lcores: 12
EAL: Detected NUMA nodes: 2
EAL: Static memory layout is selected, amount of reserved memory can be adjusted with -m or --socket-mem
EAL: Detected static linkage of DPDK
EAL: Multi-process socket /var/run/dpdk/rte/mp_socket
EAL: Selected IOVA mode 'VA'
EAL: VFIO support initialized
EAL: Using IOMMU type 1 (Type 1)
EAL: Ignore mapping IO port bar(1)
EAL: Ignore mapping IO port bar(5)
EAL: Probe PCI driver: net_ixgbe (8086:1563) device: 0000:01:00.1 (socket 0)
TELEMETRY: No legacy callbacks, legacy socket not created
[1;33m[WARN]  malloc() allocates objects >= 1 MiB from LuaJIT memory space.[0m
[1;33m[WARN]  Install libjemalloc if you encounter out of memory errors.[0m
[1;37m[INFO]  Initializing DPDK. This will take a few seconds...[0m
[1;37m[INFO]  Found 1 usable devices:[0m
   Device 0: 3C:EC:EF:62:AD:7D ([0;32mIntel Corporation Ethernet Controller 10G X550T[0m)
[1;37m[INFO]  Waiting for devices to come up...[0m
[1;37m[INFO]  Device 0 (3C:EC:EF:62:AD:7D) is up: full-duplex 10000 MBit/s[0m
[1;37m[INFO]  [0;32m1 device is up.[0m[0m
Wraming up...
ok
Starting benchmark...
Samples: 3681, Average: 191862.2 ns, StdDev: 157273.8 ns, Quartiles: 103294.7/181134.7/266752.0 ns
ok
[1;36m[Device: id=0] RX[0m: 0.10 Mpps, 62 Mbit/s (78 Mbit/s with framing)
[0;34m[Device: id=0] TX[0m: 0.10 Mpps, 54 Mbit/s (70 Mbit/s with framing)
[1;36m[Device: id=0] RX[0m: 0.10 Mpps, 62 Mbit/s (78 Mbit/s with framing)
[0;34m[Device: id=0] TX[0m: 0.10 Mpps, 54 Mbit/s (70 Mbit/s with framing)
[1;36m[Device: id=0] RX[0m: 0.10 Mpps, 62 Mbit/s (78 Mbit/s with framing)
[0;34m[Device: id=0] TX[0m: 0.10 Mpps, 54 Mbit/s (70 Mbit/s with framing)
[1;36m[Device: id=0] RX[0m: 0.09 Mpps, 59 Mbit/s (74 Mbit/s with framing)
[0;34m[Device: id=0] TX[0m: 0.10 Mpps, 54 Mbit/s (70 Mbit/s with framing)
[1;36m[Device: id=0] RX[0m: 0.10 Mpps, 62 Mbit/s (78 Mbit/s with framing)
[0;34m[Device: id=0] TX[0m: 0.10 Mpps, 54 Mbit/s (70 Mbit/s with framing)
[1;36m[Device: id=0] RX[0m: 0.10 Mpps, 62 Mbit/s (78 Mbit/s with framing)
[0;34m[Device: id=0] TX[0m: 0.10 Mpps, 54 Mbit/s (70 Mbit/s with framing)
[1;36m[Device: id=0] RX[0m: 0.10 Mpps, 62 Mbit/s (78 Mbit/s with framing)
[0;34m[Device: id=0] TX[0m: 0.10 Mpps, 54 Mbit/s (70 Mbit/s with framing)
[1;36m[Device: id=0] RX[0m: 0.10 Mpps, 62 Mbit/s (78 Mbit/s with framing)
[0;34m[Device: id=0] TX[0m: 0.10 Mpps, 54 Mbit/s (70 Mbit/s with framing)
[1;36m[Device: id=0] RX[0m: 0.10 Mpps, 62 Mbit/s (78 Mbit/s with framing)
[0;34m[Device: id=0] TX[0m: 0.10 Mpps, 54 Mbit/s (70 Mbit/s with framing)
[1;36m[Device: id=0] RX[0m: 0.10 Mpps, 62 Mbit/s (78 Mbit/s with framing)
[0;34m[Device: id=0] TX[0m: 0.10 Mpps, 54 Mbit/s (70 Mbit/s with framing)
[1;36m[Device: id=0] RX[0m: 0.10 Mpps, 62 Mbit/s (78 Mbit/s with framing)
[0;34m[Device: id=0] TX[0m: 0.10 Mpps, 54 Mbit/s (70 Mbit/s with framing)
[1;36m[Device: id=0] RX[0m: 0.10 Mpps, 62 Mbit/s (78 Mbit/s with framing)
[0;34m[Device: id=0] TX[0m: 0.10 Mpps, 54 Mbit/s (70 Mbit/s with framing)
[1;36m[Device: id=0] RX[0m: 0.10 Mpps, 62 Mbit/s (78 Mbit/s with framing)
[0;34m[Device: id=0] TX[0m: 0.10 Mpps, 54 Mbit/s (70 Mbit/s with framing)
[1;36m[Device: id=0] RX[0m: 0.10 Mpps, 62 Mbit/s (78 Mbit/s with framing)
[0;34m[Device: id=0] TX[0m: 0.10 Mpps, 54 Mbit/s (70 Mbit/s with framing)
[1;36m[Device: id=0] RX[0m: 0.10 Mpps, 62 Mbit/s (78 Mbit/s with framing)
[0;34m[Device: id=0] TX[0m: 0.10 Mpps, 54 Mbit/s (70 Mbit/s with framing)
[1;36m[Device: id=0] RX[0m: 0.10 Mpps, 62 Mbit/s (78 Mbit/s with framing)
[0;34m[Device: id=0] TX[0m: 0.10 Mpps, 54 Mbit/s (70 Mbit/s with framing)
[1;36m[Device: id=0] RX[0m: 0.10 Mpps, 62 Mbit/s (78 Mbit/s with framing)
[0;34m[Device: id=0] TX[0m: 0.10 Mpps, 54 Mbit/s (70 Mbit/s with framing)
[1;36m[Device: id=0] RX[0m: 0.10 Mpps, 62 Mbit/s (78 Mbit/s with framing)
[0;34m[Device: id=0] TX[0m: 0.10 Mpps, 54 Mbit/s (70 Mbit/s with framing)
[1;36m[Device: id=0] RX[0m: 0.10 Mpps, 62 Mbit/s (78 Mbit/s with framing)
[0;34m[Device: id=0] TX[0m: 0.10 Mpps, 54 Mbit/s (70 Mbit/s with framing)
[1;36m[Device: id=0] RX[0m: 0.10 Mpps, 62 Mbit/s (78 Mbit/s with framing)
[0;34m[Device: id=0] TX[0m: 0.10 Mpps, 54 Mbit/s (70 Mbit/s with framing)
[1;36m[Device: id=0] RX[0m: 0.10 Mpps, 62 Mbit/s (78 Mbit/s with framing)
[0;34m[Device: id=0] TX[0m: 0.10 Mpps, 54 Mbit/s (70 Mbit/s with framing)
[1;36m[Device: id=0] RX[0m: 0.10 Mpps, 62 Mbit/s (78 Mbit/s with framing)
[0;34m[Device: id=0] TX[0m: 0.10 Mpps, 54 Mbit/s (70 Mbit/s with framing)
[1;36m[Device: id=0] RX[0m: 0.10 Mpps, 62 Mbit/s (78 Mbit/s with framing)
[0;34m[Device: id=0] TX[0m: 0.10 Mpps, 54 Mbit/s (70 Mbit/s with framing)
[1;36m[Device: id=0] RX[0m: 0.10 Mpps, 62 Mbit/s (78 Mbit/s with framing)
[0;34m[Device: id=0] TX[0m: 0.10 Mpps, 54 Mbit/s (70 Mbit/s with framing)
[1;36m[Device: id=0] RX[0m: 0.10 Mpps, 62 Mbit/s (78 Mbit/s with framing)
[0;34m[Device: id=0] TX[0m: 0.10 Mpps, 54 Mbit/s (70 Mbit/s with framing)
[1;36m[Device: id=0] RX[0m: 0.10 Mpps, 62 Mbit/s (78 Mbit/s with framing)
[0;34m[Device: id=0] TX[0m: 0.10 Mpps, 54 Mbit/s (70 Mbit/s with framing)
[1;36m[Device: id=0] RX[0m: 0.10 Mpps, 62 Mbit/s (78 Mbit/s with framing)
[0;34m[Device: id=0] TX[0m: 0.10 Mpps, 54 Mbit/s (70 Mbit/s with framing)
[1;36m[Device: id=0] RX[0m: 0.10 Mpps, 62 Mbit/s (78 Mbit/s with framing)
[0;34m[Device: id=0] TX[0m: 0.10 Mpps, 54 Mbit/s (70 Mbit/s with framing)
[1;36m[Device: id=0] RX[0m: 0.10 Mpps, 62 Mbit/s (78 Mbit/s with framing)
[0;34m[Device: id=0] TX[0m: 0.10 Mpps, 54 Mbit/s (70 Mbit/s with framing)
[1;36m[Device: id=0] RX[0m: 0.10 Mpps, 62 Mbit/s (78 Mbit/s with framing)
[0;34m[Device: id=0] TX[0m: 0.10 Mpps, 54 Mbit/s (70 Mbit/s with framing)
[1;36m[Device: id=0] RX[0m: 0.10 Mpps, 62 Mbit/s (78 Mbit/s with framing)
[0;34m[Device: id=0] TX[0m: 0.10 Mpps, 54 Mbit/s (70 Mbit/s with framing)
[1;36m[Device: id=0] RX[0m: 0.10 Mpps, 62 Mbit/s (78 Mbit/s with framing)
[0;34m[Device: id=0] TX[0m: 0.10 Mpps, 54 Mbit/s (70 Mbit/s with framing)
[1;36m[Device: id=0] RX[0m: 0.10 Mpps, 62 Mbit/s (78 Mbit/s with framing)
[0;34m[Device: id=0] TX[0m: 0.10 Mpps, 54 Mbit/s (70 Mbit/s with framing)
[1;36m[Device: id=0] RX[0m: 0.10 Mpps, 62 Mbit/s (78 Mbit/s with framing)
[0;34m[Device: id=0] TX[0m: 0.10 Mpps, 54 Mbit/s (70 Mbit/s with framing)
[1;36m[Device: id=0] RX[0m: 0.10 Mpps, 62 Mbit/s (78 Mbit/s with framing)
[0;34m[Device: id=0] TX[0m: 0.10 Mpps, 54 Mbit/s (70 Mbit/s with framing)
[1;36m[Device: id=0] RX[0m: 0.10 Mpps, 62 Mbit/s (78 Mbit/s with framing)
[0;34m[Device: id=0] TX[0m: 0.10 Mpps, 54 Mbit/s (70 Mbit/s with framing)
[1;36m[Device: id=0] RX[0m: 0.10 Mpps, 62 Mbit/s (78 Mbit/s with framing)
[0;34m[Device: id=0] TX[0m: 0.10 Mpps, 54 Mbit/s (70 Mbit/s with framing)
[1;36m[Device: id=0] RX[0m: 0.10 Mpps, 62 Mbit/s (78 Mbit/s with framing)
[0;34m[Device: id=0] TX[0m: 0.10 Mpps, 54 Mbit/s (70 Mbit/s with framing)
[1;36m[Device: id=0] RX[0m: 0.10 Mpps, 62 Mbit/s (78 Mbit/s with framing)
[0;34m[Device: id=0] TX[0m: 0.10 Mpps, 54 Mbit/s (70 Mbit/s with framing)
[1;36m[Device: id=0] RX[0m: 0.10 Mpps, 62 Mbit/s (78 Mbit/s with framing)
[0;34m[Device: id=0] TX[0m: 0.10 Mpps, 54 Mbit/s (70 Mbit/s with framing)
[1;36m[Device: id=0] RX[0m: 0.10 Mpps, 62 Mbit/s (78 Mbit/s with framing)
[0;34m[Device: id=0] TX[0m: 0.10 Mpps, 54 Mbit/s (70 Mbit/s with framing)
[1;36m[Device: id=0] RX[0m: 0.10 Mpps, 62 Mbit/s (78 Mbit/s with framing)
[0;34m[Device: id=0] TX[0m: 0.10 Mpps, 54 Mbit/s (70 Mbit/s with framing)
[1;36m[Device: id=0] RX[0m: 0.10 Mpps, 62 Mbit/s (78 Mbit/s with framing)
[0;34m[Device: id=0] TX[0m: 0.10 Mpps, 54 Mbit/s (70 Mbit/s with framing)
[1;36m[Device: id=0] RX[0m: 0.10 Mpps, 62 Mbit/s (78 Mbit/s with framing)
[0;34m[Device: id=0] TX[0m: 0.10 Mpps, 54 Mbit/s (70 Mbit/s with framing)
[1;36m[Device: id=0] RX[0m: 0.10 Mpps, 62 Mbit/s (78 Mbit/s with framing)
[0;34m[Device: id=0] TX[0m: 0.10 Mpps, 54 Mbit/s (70 Mbit/s with framing)
[1;36m[Device: id=0] RX[0m: 0.10 Mpps, 62 Mbit/s (78 Mbit/s with framing)
[0;34m[Device: id=0] TX[0m: 0.10 Mpps, 54 Mbit/s (70 Mbit/s with framing)
[1;36m[Device: id=0] RX[0m: 0.10 Mpps, 62 Mbit/s (78 Mbit/s with framing)
[0;34m[Device: id=0] TX[0m: 0.10 Mpps, 54 Mbit/s (70 Mbit/s with framing)
[1;36m[Device: id=0] RX[0m: 0.10 Mpps, 62 Mbit/s (78 Mbit/s with framing)
[0;34m[Device: id=0] TX[0m: 0.10 Mpps, 54 Mbit/s (70 Mbit/s with framing)
[1;36m[Device: id=0] RX[0m: 0.10 Mpps, 62 Mbit/s (78 Mbit/s with framing)
[0;34m[Device: id=0] TX[0m: 0.10 Mpps, 54 Mbit/s (70 Mbit/s with framing)
[1;36m[Device: id=0] RX[0m: 0.10 Mpps, 62 Mbit/s (78 Mbit/s with framing)
[0;34m[Device: id=0] TX[0m: 0.10 Mpps, 54 Mbit/s (70 Mbit/s with framing)
[1;36m[Device: id=0] RX[0m: 0.10 Mpps, 62 Mbit/s (78 Mbit/s with framing)
[0;34m[Device: id=0] TX[0m: 0.10 Mpps, 54 Mbit/s (70 Mbit/s with framing)
[1;36m[Device: id=0] RX[0m: 0.10 Mpps, 62 Mbit/s (78 Mbit/s with framing)
[0;34m[Device: id=0] TX[0m: 0.10 Mpps, 54 Mbit/s (70 Mbit/s with framing)
[1;36m[Device: id=0] RX[0m: 0.10 Mpps, 62 Mbit/s (78 Mbit/s with framing)
[0;34m[Device: id=0] TX[0m: 0.10 Mpps, 54 Mbit/s (70 Mbit/s with framing)
[1;36m[Device: id=0] RX[0m: 0.10 Mpps, 62 Mbit/s (78 Mbit/s with framing)
[0;34m[Device: id=0] TX[0m: 0.10 Mpps, 54 Mbit/s (70 Mbit/s with framing)
[1;36m[Device: id=0] RX[0m: 0.10 Mpps, 62 Mbit/s (78 Mbit/s with framing)
[0;34m[Device: id=0] TX[0m: 0.10 Mpps, 54 Mbit/s (70 Mbit/s with framing)
[1;36m[Device: id=0] RX[0m: 0.10 Mpps, 62 Mbit/s (78 Mbit/s with framing)
[0;34m[Device: id=0] TX[0m: 0.10 Mpps, 54 Mbit/s (70 Mbit/s with framing)
[1;36m[Device: id=0] RX[0m: 0.10 Mpps, 62 Mbit/s (78 Mbit/s with framing)
[0;34m[Device: id=0] TX[0m: 0.10 Mpps, 54 Mbit/s (70 Mbit/s with framing)
[1;36m[Device: id=0] RX[0m: 0.10 Mpps, 62 Mbit/s (78 Mbit/s with framing)
[0;34m[Device: id=0] TX[0m: 0.10 Mpps, 54 Mbit/s (70 Mbit/s with framing)
[1;36m[Device: id=0] RX[0m: 0.10 Mpps, 62 Mbit/s (78 Mbit/s with framing)
[0;34m[Device: id=0] TX[0m: 0.10 Mpps, 54 Mbit/s (70 Mbit/s with framing)
[1;36m[Device: id=0] RX[0m: 0.10 Mpps, 62 Mbit/s (78 Mbit/s with framing)
[0;34m[Device: id=0] TX[0m: 0.10 Mpps, 54 Mbit/s (70 Mbit/s with framing)
[1;36m[Device: id=0] RX[0m: 0.10 Mpps, 62 Mbit/s (78 Mbit/s with framing)
[0;34m[Device: id=0] TX[0m: 0.10 Mpps, 54 Mbit/s (70 Mbit/s with framing)
[1;36m[Device: id=0] RX[0m: 0.10 Mpps, 62 Mbit/s (78 Mbit/s with framing)
[0;34m[Device: id=0] TX[0m: 0.10 Mpps, 54 Mbit/s (70 Mbit/s with framing)
[1;36m[Device: id=0] RX[0m: 0.10 Mpps, 62 Mbit/s (78 Mbit/s with framing)
[0;34m[Device: id=0] TX[0m: 0.10 Mpps, 54 Mbit/s (70 Mbit/s with framing)
[1;36m[Device: id=0] RX[0m: 0.10 Mpps, 62 Mbit/s (78 Mbit/s with framing)
[0;34m[Device: id=0] TX[0m: 0.10 Mpps, 54 Mbit/s (70 Mbit/s with framing)
[1;36m[Device: id=0] RX[0m: 0.10 Mpps, 62 Mbit/s (78 Mbit/s with framing)
[0;34m[Device: id=0] TX[0m: 0.10 Mpps, 54 Mbit/s (70 Mbit/s with framing)
[1;36m[Device: id=0] RX[0m: 0.10 Mpps, 62 Mbit/s (78 Mbit/s with framing)
[0;34m[Device: id=0] TX[0m: 0.10 Mpps, 54 Mbit/s (70 Mbit/s with framing)
[1;36m[Device: id=0] RX[0m: 0.10 Mpps, 62 Mbit/s (78 Mbit/s with framing)
[0;34m[Device: id=0] TX[0m: 0.10 Mpps, 54 Mbit/s (70 Mbit/s with framing)
[1;36m[Device: id=0] RX[0m: 0.10 Mpps, 62 Mbit/s (78 Mbit/s with framing)
[0;34m[Device: id=0] TX[0m: 0.10 Mpps, 54 Mbit/s (70 Mbit/s with framing)
[1;36m[Device: id=0] RX[0m: 0.10 Mpps, 62 Mbit/s (78 Mbit/s with framing)
[0;34m[Device: id=0] TX[0m: 0.10 Mpps, 54 Mbit/s (70 Mbit/s with framing)
[1;36m[Device: id=0] RX[0m: 0.10 Mpps, 62 Mbit/s (78 Mbit/s with framing)
[0;34m[Device: id=0] TX[0m: 0.10 Mpps, 54 Mbit/s (70 Mbit/s with framing)
Samples: 70725, Average: 192292.7 ns, StdDev: 268768.7 ns, Quartiles: 102704.0/181034.7/265985.3 ns
[1;37m[INFO]  Saving histogram to '/tmp/histogram.csv'[0m
[1;36m[Device: id=0] RX[0m: 0.10 (StdDev 0.00) Mpps, 62 (StdDev 0) Mbit/s (78 Mbit/s with framing), total 6995502 packets with 545649234 bytes (incl. CRC)
[0;34m[Device: id=0] TX[0m: 0.10 (StdDev 0.00) Mpps, 54 (StdDev 0) Mbit/s (70 Mbit/s with framing), total 7525873 packets with 511759772 bytes (incl. CRC)
TEST_DONE
