warning: Git tree '/home/okelmann/appclick-ubpf' is dirty
Using saved setting for 'extra-substituters = https://tum-dse.cachix.org' from ~/.local/share/nix/trusted-settings.json.
Using saved setting for 'extra-trusted-public-keys = tum-dse.cachix.org-1:v67rK18oLwgO0Z4b69l30SrV1yRtqxKpiHodG4YxhNM=' from ~/.local/share/nix/trusted-settings.json.
Attaching 4 probes...
qemu start ns 2155677634517415
filename /nix/store/311zsfnwl2vggdz8xdfmlxc168qksamk-qemu-host-cpu-only-8.1.5/bin/qemu-system-x86_64
qemu kvm entry ns 2155677699153863
qemu kvm port 255 ns 2155677744812194
qemu kvm port 254 ns 2155677863543657
qemu kvm port 253 ns 2155706698647384
qemu start ns 2155712119356886
filename /nix/store/311zsfnwl2vggdz8xdfmlxc168qksamk-qemu-host-cpu-only-8.1.5/bin/qemu-system-x86_64
qemu kvm entry ns 2155712184802315
qemu kvm port 255 ns 2155712230887887
qemu kvm port 254 ns 2155712349587727
qemu kvm port 253 ns 2155741137898048
qemu start ns 2155745541600899
filename /nix/store/311zsfnwl2vggdz8xdfmlxc168qksamk-qemu-host-cpu-only-8.1.5/bin/qemu-system-x86_64
qemu kvm entry ns 2155745606732741
qemu kvm port 255 ns 2155745653897666
qemu kvm port 254 ns 2155745772587849
qemu kvm port 253 ns 2155774673160672
qemu start ns 2155780139916912
filename /nix/store/311zsfnwl2vggdz8xdfmlxc168qksamk-qemu-host-cpu-only-8.1.5/bin/qemu-system-x86_64
qemu kvm entry ns 2155780204773582
qemu kvm port 255 ns 2155780251165682
qemu kvm port 254 ns 2155780369824413
qemu kvm port 253 ns 2155809209776207
qemu start ns 2155813584910458
filename /nix/store/311zsfnwl2vggdz8xdfmlxc168qksamk-qemu-host-cpu-only-8.1.5/bin/qemu-system-x86_64
qemu kvm entry ns 2155813650156468
qemu kvm port 255 ns 2155813695872152
qemu kvm port 254 ns 2155813814525873
qemu kvm port 253 ns 2155842691935482
qemu start ns 2155848180472803
filename /nix/store/311zsfnwl2vggdz8xdfmlxc168qksamk-qemu-host-cpu-only-8.1.5/bin/qemu-system-x86_64
qemu kvm entry ns 2155848248578484
qemu kvm port 255 ns 2155848293905115
qemu kvm port 254 ns 2155848412647590
qemu kvm port 253 ns 2155877339079704
qemu start ns 2155882841232777
filename /nix/store/311zsfnwl2vggdz8xdfmlxc168qksamk-qemu-host-cpu-only-8.1.5/bin/qemu-system-x86_64
qemu kvm entry ns 2155882905607498
qemu kvm port 255 ns 2155882952878629
qemu kvm port 254 ns 2155883071648485
qemu kvm port 253 ns 2155911877064425
qemu start ns 2155916239059721
filename /nix/store/311zsfnwl2vggdz8xdfmlxc168qksamk-qemu-host-cpu-only-8.1.5/bin/qemu-system-x86_64
qemu kvm entry ns 2155916303746123
qemu kvm port 255 ns 2155916351858655
qemu kvm port 254 ns 2155916470510181
qemu kvm port 253 ns 2155945298923559
qemu start ns 2155949703811555
filename /nix/store/311zsfnwl2vggdz8xdfmlxc168qksamk-qemu-host-cpu-only-8.1.5/bin/qemu-system-x86_64
qemu kvm entry ns 2155949771328509
qemu kvm port 255 ns 2155949818892750
qemu kvm port 254 ns 2155949937580000
qemu kvm port 253 ns 2155978795803665
qemu start ns 2155983088372204
filename /nix/store/311zsfnwl2vggdz8xdfmlxc168qksamk-qemu-host-cpu-only-8.1.5/bin/qemu-system-x86_64
qemu kvm entry ns 2155983155100029
qemu kvm port 255 ns 2155983201891085
qemu kvm port 254 ns 2155983320650640
qemu kvm port 253 ns 2156012165134038
