path '/home/okelmann/appclick-ubpf/benchmark' does not contain a 'flake.nix', searching up
warning: Git tree '/home/okelmann/appclick-ubpf' is dirty
Using saved setting for 'extra-substituters = https://tum-dse.cachix.org' from ~/.local/share/nix/trusted-settings.json.
Using saved setting for 'extra-trusted-public-keys = tum-dse.cachix.org-1:v67rK18oLwgO0Z4b69l30SrV1yRtqxKpiHodG4YxhNM=' from ~/.local/share/nix/trusted-settings.json.
    Finished `dev` profile [unoptimized + debuginfo] target(s) in 0.19s
     Running `target/debug/bench-helper`
Startup trace (nsec): main: 2152488992794015
Startup trace (nsec): init done: 2152489100596547
Received packet from device: 2152489100624948 ns:   76 | 60000000 00240001 fe800000 00000000 8068f257 65e3570dBtw: sleeping first increases startup time.
Bench-helper startup time (nsec): 122541065
path '/home/okelmann/appclick-ubpf/benchmark' does not contain a 'flake.nix', searching up
warning: Git tree '/home/okelmann/appclick-ubpf' is dirty
Using saved setting for 'extra-substituters = https://tum-dse.cachix.org' from ~/.local/share/nix/trusted-settings.json.
Using saved setting for 'extra-trusted-public-keys = tum-dse.cachix.org-1:v67rK18oLwgO0Z4b69l30SrV1yRtqxKpiHodG4YxhNM=' from ~/.local/share/nix/trusted-settings.json.
    Finished `dev` profile [unoptimized + debuginfo] target(s) in 0.17s
     Running `target/debug/bench-helper`
Startup trace (nsec): main: 2152494618269520
Startup trace (nsec): init done: 2152494725531114
Received packet from device: 2152494725562751 ns:   76 | 60000000 00240001 fe800000 00000000 0715b451 9738871cBtw: sleeping first increases startup time.
Bench-helper startup time (nsec): 121739157
path '/home/okelmann/appclick-ubpf/benchmark' does not contain a 'flake.nix', searching up
warning: Git tree '/home/okelmann/appclick-ubpf' is dirty
Using saved setting for 'extra-substituters = https://tum-dse.cachix.org' from ~/.local/share/nix/trusted-settings.json.
Using saved setting for 'extra-trusted-public-keys = tum-dse.cachix.org-1:v67rK18oLwgO0Z4b69l30SrV1yRtqxKpiHodG4YxhNM=' from ~/.local/share/nix/trusted-settings.json.
    Finished `dev` profile [unoptimized + debuginfo] target(s) in 0.18s
     Running `target/debug/bench-helper`
Startup trace (nsec): main: 2152500255542075
Startup trace (nsec): init done: 2152500363213214
Received packet from device: 2152500363237383 ns:   76 | 60000000 00240001 fe800000 00000000 58437ff1 b438d4caBtw: sleeping first increases startup time.
Bench-helper startup time (nsec): 122330409
path '/home/okelmann/appclick-ubpf/benchmark' does not contain a 'flake.nix', searching up
warning: Git tree '/home/okelmann/appclick-ubpf' is dirty
Using saved setting for 'extra-substituters = https://tum-dse.cachix.org' from ~/.local/share/nix/trusted-settings.json.
Using saved setting for 'extra-trusted-public-keys = tum-dse.cachix.org-1:v67rK18oLwgO0Z4b69l30SrV1yRtqxKpiHodG4YxhNM=' from ~/.local/share/nix/trusted-settings.json.
    Finished `dev` profile [unoptimized + debuginfo] target(s) in 0.18s
     Running `target/debug/bench-helper`
Startup trace (nsec): main: 2152505871796914
Startup trace (nsec): init done: 2152505978677724
Received packet from device: 2152505978705078 ns:   76 | 60000000 00240001 fe800000 00000000 4a12cde6 d66db92bBtw: sleeping first increases startup time.
Bench-helper startup time (nsec): 121510784
path '/home/okelmann/appclick-ubpf/benchmark' does not contain a 'flake.nix', searching up
warning: Git tree '/home/okelmann/appclick-ubpf' is dirty
Using saved setting for 'extra-substituters = https://tum-dse.cachix.org' from ~/.local/share/nix/trusted-settings.json.
Using saved setting for 'extra-trusted-public-keys = tum-dse.cachix.org-1:v67rK18oLwgO0Z4b69l30SrV1yRtqxKpiHodG4YxhNM=' from ~/.local/share/nix/trusted-settings.json.
    Finished `dev` profile [unoptimized + debuginfo] target(s) in 0.19s
     Running `target/debug/bench-helper`
Startup trace (nsec): main: 2152511550621371
Startup trace (nsec): init done: 2152511658099769
Received packet from device: 2152511658123107 ns:   76 | 60000000 00240001 fe800000 00000000 d6ca75ee 33b53c6eBtw: sleeping first increases startup time.
Bench-helper startup time (nsec): 122183401
path '/home/okelmann/appclick-ubpf/benchmark' does not contain a 'flake.nix', searching up
warning: Git tree '/home/okelmann/appclick-ubpf' is dirty
Using saved setting for 'extra-substituters = https://tum-dse.cachix.org' from ~/.local/share/nix/trusted-settings.json.
Using saved setting for 'extra-trusted-public-keys = tum-dse.cachix.org-1:v67rK18oLwgO0Z4b69l30SrV1yRtqxKpiHodG4YxhNM=' from ~/.local/share/nix/trusted-settings.json.
    Finished `dev` profile [unoptimized + debuginfo] target(s) in 0.18s
     Running `target/debug/bench-helper`
Startup trace (nsec): main: 2152517126395752
Startup trace (nsec): init done: 2152517233444476
Received packet from device: 2152517233471309 ns:   76 | 60000000 00240001 fe800000 00000000 0f77a80b 56258fceBtw: sleeping first increases startup time.
Bench-helper startup time (nsec): 121941431
path '/home/okelmann/appclick-ubpf/benchmark' does not contain a 'flake.nix', searching up
warning: Git tree '/home/okelmann/appclick-ubpf' is dirty
Using saved setting for 'extra-substituters = https://tum-dse.cachix.org' from ~/.local/share/nix/trusted-settings.json.
Using saved setting for 'extra-trusted-public-keys = tum-dse.cachix.org-1:v67rK18oLwgO0Z4b69l30SrV1yRtqxKpiHodG4YxhNM=' from ~/.local/share/nix/trusted-settings.json.
    Finished `dev` profile [unoptimized + debuginfo] target(s) in 0.19s
     Running `target/debug/bench-helper`
Startup trace (nsec): main: 2152522762483475
Startup trace (nsec): init done: 2152522869833876
Received packet from device: 2152522869861565 ns:   76 | 60000000 00240001 fe800000 00000000 797362d4 7d54e336Btw: sleeping first increases startup time.
Bench-helper startup time (nsec): 122087393
path '/home/okelmann/appclick-ubpf/benchmark' does not contain a 'flake.nix', searching up
warning: Git tree '/home/okelmann/appclick-ubpf' is dirty
Using saved setting for 'extra-substituters = https://tum-dse.cachix.org' from ~/.local/share/nix/trusted-settings.json.
Using saved setting for 'extra-trusted-public-keys = tum-dse.cachix.org-1:v67rK18oLwgO0Z4b69l30SrV1yRtqxKpiHodG4YxhNM=' from ~/.local/share/nix/trusted-settings.json.
    Finished `dev` profile [unoptimized + debuginfo] target(s) in 0.18s
     Running `target/debug/bench-helper`
Startup trace (nsec): main: 2152528403598676
Startup trace (nsec): init done: 2152528511312456
Received packet from device: 2152528511337511 ns:   76 | 60000000 00240001 fe800000 00000000 5fd8986b bbde7d86Btw: sleeping first increases startup time.
Bench-helper startup time (nsec): 122313734
path '/home/okelmann/appclick-ubpf/benchmark' does not contain a 'flake.nix', searching up
warning: Git tree '/home/okelmann/appclick-ubpf' is dirty
Using saved setting for 'extra-substituters = https://tum-dse.cachix.org' from ~/.local/share/nix/trusted-settings.json.
Using saved setting for 'extra-trusted-public-keys = tum-dse.cachix.org-1:v67rK18oLwgO0Z4b69l30SrV1yRtqxKpiHodG4YxhNM=' from ~/.local/share/nix/trusted-settings.json.
    Finished `dev` profile [unoptimized + debuginfo] target(s) in 0.18s
     Running `target/debug/bench-helper`
Startup trace (nsec): main: 2152534035726253
Startup trace (nsec): init done: 2152534142765108
Received packet from device: 2152534142792464 ns:   76 | 60000000 00240001 fe800000 00000000 6c25f70a 354cb7b4Btw: sleeping first increases startup time.
Bench-helper startup time (nsec): 121901586
path '/home/okelmann/appclick-ubpf/benchmark' does not contain a 'flake.nix', searching up
warning: Git tree '/home/okelmann/appclick-ubpf' is dirty
Using saved setting for 'extra-substituters = https://tum-dse.cachix.org' from ~/.local/share/nix/trusted-settings.json.
Using saved setting for 'extra-trusted-public-keys = tum-dse.cachix.org-1:v67rK18oLwgO0Z4b69l30SrV1yRtqxKpiHodG4YxhNM=' from ~/.local/share/nix/trusted-settings.json.
    Finished `dev` profile [unoptimized + debuginfo] target(s) in 0.18s
     Running `target/debug/bench-helper`
Startup trace (nsec): main: 2152539672301486
Startup trace (nsec): init done: 2152539779435802
Received packet from device: 2152539779462457 ns:   76 | 60000000 00240001 fe800000 00000000 c6836371 cb4550f8Btw: sleeping first increases startup time.
Bench-helper startup time (nsec): 122015595
