path '/home/okelmann/appclick-ubpf/benchmark' does not contain a 'flake.nix', searching up
warning: Git tree '/home/okelmann/appclick-ubpf' is dirty
Using saved setting for 'extra-substituters = https://tum-dse.cachix.org' from ~/.local/share/nix/trusted-settings.json.
Using saved setting for 'extra-trusted-public-keys = tum-dse.cachix.org-1:v67rK18oLwgO0Z4b69l30SrV1yRtqxKpiHodG4YxhNM=' from ~/.local/share/nix/trusted-settings.json.
    Finished `dev` profile [unoptimized + debuginfo] target(s) in 0.20s
     Running `target/debug/bench-helper`
c[?7l[2J[0mSeaBIOS (version rel-1.16.2-0-gea1b7a073390-prebuilt.qemu.org)


iPXE (http://ipxe.org) 00:03.0 CA00 PCI2.10 PnP PMM+BEFD0F40+BEF30F40 CA00
Press Ctrl-B to configure iPXE (PCI 00:03.0)...                                                                               


Booting from ROM..Powered by
o.   .o       _ _               __ _
Oo   Oo  ___ (_) | __ __  __ _ ' _) :_
oO   oO ' _ `| | |/ /  _)' _` | |_|  _)
oOo oOO| | | | |   (| | | (_) |  _) :_
 OoOoO ._, ._:_:_,\_._,  .__,_:_, \___)
         Telesto 0.16.3~e453b74a-custom
Startup trace (nsec): click main(): 107573337
Startup trace (nsec): print config: 109049595
Received config (length 910):
define($MAC0 52:54:00:12:34:56);
/* End unikraft-provided MAC preamble */

from :: FromDevice(0)
 -> Print2('Received packet from device') 
            // stripping only makes sense, once we've looked at the ethernet header
            -> Classifier(12/0800)
            // check ip header doesn't want ethernet header
            -> Strip(14)
            // some elements like IPFilter segfault with some packets if we don't check them
            -> CheckIPHeader
        -> IPFilter(deny dst port 1234, allow all)
-> ic0 :: AverageCounter()
-> Discard;

Script(TYPE ACTIVE,
       print "sleeping first increases startup time"
       print "sleeping first increases startup time"
       print "sleeping first increases startup time"
       print "sleeping first increases startup time"
       wait 5ms,
       label start,
       print "Rx rate: $(ic0.rate)",
       wait 1s,
       goto start
       )
    
Startup trace (nsec): print config done: 164476152
Startup trace (nsec): initialize elements: 167802040
Startup trace (nsec): initialize elements done: 171416449
[router_thread:250] Starting driver...


Received packet from device: 181868333 ns:  200 | 33330000 0016767e 90d49854 86dd6000 00000088 0001fe80
qemu-system-x86_64: terminating on signal 1 from pid 1262579 (sudo)
Bench-helper startup time (nsec): 317671825
path '/home/okelmann/appclick-ubpf/benchmark' does not contain a 'flake.nix', searching up
warning: Git tree '/home/okelmann/appclick-ubpf' is dirty
Using saved setting for 'extra-substituters = https://tum-dse.cachix.org' from ~/.local/share/nix/trusted-settings.json.
Using saved setting for 'extra-trusted-public-keys = tum-dse.cachix.org-1:v67rK18oLwgO0Z4b69l30SrV1yRtqxKpiHodG4YxhNM=' from ~/.local/share/nix/trusted-settings.json.
    Finished `dev` profile [unoptimized + debuginfo] target(s) in 0.08s
     Running `target/debug/bench-helper`
c[?7l[2J[0mSeaBIOS (version rel-1.16.2-0-gea1b7a073390-prebuilt.qemu.org)


iPXE (http://ipxe.org) 00:03.0 CA00 PCI2.10 PnP PMM+BEFD0F40+BEF30F40 CA00
Press Ctrl-B to configure iPXE (PCI 00:03.0)...                                                                               


Booting from ROM..Powered by
o.   .o       _ _               __ _
Oo   Oo  ___ (_) | __ __  __ _ ' _) :_
oO   oO ' _ `| | |/ /  _)' _` | |_|  _)
oOo oOO| | | | |   (| | | (_) |  _) :_
 OoOoO ._, ._:_:_,\_._,  .__,_:_, \___)
         Telesto 0.16.3~e453b74a-custom
Startup trace (nsec): click main(): 107679340
Startup trace (nsec): print config: 109175497
Received config (length 910):
define($MAC0 52:54:00:12:34:56);
/* End unikraft-provided MAC preamble */

from :: FromDevice(0)
 -> Print2('Received packet from device') 
            // stripping only makes sense, once we've looked at the ethernet header
            -> Classifier(12/0800)
            // check ip header doesn't want ethernet header
            -> Strip(14)
            // some elements like IPFilter segfault with some packets if we don't check them
            -> CheckIPHeader
        -> IPFilter(deny dst port 1234, allow all)
-> ic0 :: AverageCounter()
-> Discard;

Script(TYPE ACTIVE,
       print "sleeping first increases startup time"
       print "sleeping first increases startup time"
       print "sleeping first increases startup time"
       print "sleeping first increases startup time"
       wait 5ms,
       label start,
       print "Rx rate: $(ic0.rate)",
       wait 1s,
       goto start
       )
    
Startup trace (nsec): print config done: 165316301
Startup trace (nsec): initialize elements: 168691476
Startup trace (nsec): initialize elements done: 172555132
[router_thread:250] Starting driver...


Received packet from device: 183067743 ns:   72 | 01005e00 0016767e 90d49854 080046c0 00300000 40000102
qemu-system-x86_64: terminating on signal 1 from pid 1262661 (sudo)
Bench-helper startup time (nsec): 318387603
path '/home/okelmann/appclick-ubpf/benchmark' does not contain a 'flake.nix', searching up
warning: Git tree '/home/okelmann/appclick-ubpf' is dirty
Using saved setting for 'extra-substituters = https://tum-dse.cachix.org' from ~/.local/share/nix/trusted-settings.json.
Using saved setting for 'extra-trusted-public-keys = tum-dse.cachix.org-1:v67rK18oLwgO0Z4b69l30SrV1yRtqxKpiHodG4YxhNM=' from ~/.local/share/nix/trusted-settings.json.
    Finished `dev` profile [unoptimized + debuginfo] target(s) in 0.08s
     Running `target/debug/bench-helper`
c[?7l[2J[0mSeaBIOS (version rel-1.16.2-0-gea1b7a073390-prebuilt.qemu.org)


iPXE (http://ipxe.org) 00:03.0 CA00 PCI2.10 PnP PMM+BEFD0F40+BEF30F40 CA00
Press Ctrl-B to configure iPXE (PCI 00:03.0)...                                                                               


Booting from ROM..Powered by
o.   .o       _ _               __ _
Oo   Oo  ___ (_) | __ __  __ _ ' _) :_
oO   oO ' _ `| | |/ /  _)' _` | |_|  _)
oOo oOO| | | | |   (| | | (_) |  _) :_
 OoOoO ._, ._:_:_,\_._,  .__,_:_, \___)
         Telesto 0.16.3~e453b74a-custom
Startup trace (nsec): click main(): 107733651
Startup trace (nsec): print config: 109235157
Received config (length 910):
define($MAC0 52:54:00:12:34:56);
/* End unikraft-provided MAC preamble */

from :: FromDevice(0)
 -> Print2('Received packet from device') 
            // stripping only makes sense, once we've looked at the ethernet header
            -> Classifier(12/0800)
            // check ip header doesn't want ethernet header
            -> Strip(14)
            // some elements like IPFilter segfault with some packets if we don't check them
            -> CheckIPHeader
        -> IPFilter(deny dst port 1234, allow all)
-> ic0 :: AverageCounter()
-> Discard;

Script(TYPE ACTIVE,
       print "sleeping first increases startup time"
       print "sleeping first increases startup time"
       print "sleeping first increases startup time"
       print "sleeping first increases startup time"
       wait 5ms,
       label start,
       print "Rx rate: $(ic0.rate)",
       wait 1s,
       goto start
       )
    
Startup trace (nsec): print config done: 165333345
Startup trace (nsec): initialize elements: 168692380
Startup trace (nsec): initialize elements done: 172522471
[router_thread:250] Starting driver...


Received packet from device: 183038659 ns:   72 | 01005e00 0016767e 90d49854 080046c0 00300000 40000102
qemu-system-x86_64: terminating on signal 1 from pid 1262749 (sudo)
Bench-helper startup time (nsec): 318719640
path '/home/okelmann/appclick-ubpf/benchmark' does not contain a 'flake.nix', searching up
warning: Git tree '/home/okelmann/appclick-ubpf' is dirty
Using saved setting for 'extra-substituters = https://tum-dse.cachix.org' from ~/.local/share/nix/trusted-settings.json.
Using saved setting for 'extra-trusted-public-keys = tum-dse.cachix.org-1:v67rK18oLwgO0Z4b69l30SrV1yRtqxKpiHodG4YxhNM=' from ~/.local/share/nix/trusted-settings.json.
    Finished `dev` profile [unoptimized + debuginfo] target(s) in 0.08s
     Running `target/debug/bench-helper`
c[?7l[2J[0mSeaBIOS (version rel-1.16.2-0-gea1b7a073390-prebuilt.qemu.org)


iPXE (http://ipxe.org) 00:03.0 CA00 PCI2.10 PnP PMM+BEFD0F40+BEF30F40 CA00
Press Ctrl-B to configure iPXE (PCI 00:03.0)...                                                                               


Booting from ROM..Powered by
o.   .o       _ _               __ _
Oo   Oo  ___ (_) | __ __  __ _ ' _) :_
oO   oO ' _ `| | |/ /  _)' _` | |_|  _)
oOo oOO| | | | |   (| | | (_) |  _) :_
 OoOoO ._, ._:_:_,\_._,  .__,_:_, \___)
         Telesto 0.16.3~e453b74a-custom
Startup trace (nsec): click main(): 107632527
Startup trace (nsec): print config: 109111768
Received config (length 910):
define($MAC0 52:54:00:12:34:56);
/* End unikraft-provided MAC preamble */

from :: FromDevice(0)
 -> Print2('Received packet from device') 
            // stripping only makes sense, once we've looked at the ethernet header
            -> Classifier(12/0800)
            // check ip header doesn't want ethernet header
            -> Strip(14)
            // some elements like IPFilter segfault with some packets if we don't check them
            -> CheckIPHeader
        -> IPFilter(deny dst port 1234, allow all)
-> ic0 :: AverageCounter()
-> Discard;

Script(TYPE ACTIVE,
       print "sleeping first increases startup time"
       print "sleeping first increases startup time"
       print "sleeping first increases startup time"
       print "sleeping first increases startup time"
       wait 5ms,
       label start,
       print "Rx rate: $(ic0.rate)",
       wait 1s,
       goto start
       )
    
Startup trace (nsec): print config done: 164755279
Startup trace (nsec): initialize elements: 168103668
Startup trace (nsec): initialize elements done: 171883653
[router_thread:250] Starting driver...


Received packet from device: 182353069 ns:   72 | 01005e00 0016767e 90d49854 080046c0 00300000 40000102
qemu-system-x86_64: terminating on signal 1 from pid 1262833 (sudo)
Bench-helper startup time (nsec): 320622629
path '/home/okelmann/appclick-ubpf/benchmark' does not contain a 'flake.nix', searching up
warning: Git tree '/home/okelmann/appclick-ubpf' is dirty
Using saved setting for 'extra-substituters = https://tum-dse.cachix.org' from ~/.local/share/nix/trusted-settings.json.
Using saved setting for 'extra-trusted-public-keys = tum-dse.cachix.org-1:v67rK18oLwgO0Z4b69l30SrV1yRtqxKpiHodG4YxhNM=' from ~/.local/share/nix/trusted-settings.json.
    Finished `dev` profile [unoptimized + debuginfo] target(s) in 0.09s
     Running `target/debug/bench-helper`
c[?7l[2J[0mSeaBIOS (version rel-1.16.2-0-gea1b7a073390-prebuilt.qemu.org)


iPXE (http://ipxe.org) 00:03.0 CA00 PCI2.10 PnP PMM+BEFD0F40+BEF30F40 CA00
Press Ctrl-B to configure iPXE (PCI 00:03.0)...                                                                               


Booting from ROM..Powered by
o.   .o       _ _               __ _
Oo   Oo  ___ (_) | __ __  __ _ ' _) :_
oO   oO ' _ `| | |/ /  _)' _` | |_|  _)
oOo oOO| | | | |   (| | | (_) |  _) :_
 OoOoO ._, ._:_:_,\_._,  .__,_:_, \___)
         Telesto 0.16.3~e453b74a-custom
Startup trace (nsec): click main(): 107677631
Startup trace (nsec): print config: 109159818
Received config (length 910):
define($MAC0 52:54:00:12:34:56);
/* End unikraft-provided MAC preamble */

from :: FromDevice(0)
 -> Print2('Received packet from device') 
            // stripping only makes sense, once we've looked at the ethernet header
            -> Classifier(12/0800)
            // check ip header doesn't want ethernet header
            -> Strip(14)
            // some elements like IPFilter segfault with some packets if we don't check them
            -> CheckIPHeader
        -> IPFilter(deny dst port 1234, allow all)
-> ic0 :: AverageCounter()
-> Discard;

Script(TYPE ACTIVE,
       print "sleeping first increases startup time"
       print "sleeping first increases startup time"
       print "sleeping first increases startup time"
       print "sleeping first increases startup time"
       wait 5ms,
       label start,
       print "Rx rate: $(ic0.rate)",
       wait 1s,
       goto start
       )
    
Startup trace (nsec): print config done: 165080917
Startup trace (nsec): initialize elements: 168435315
Startup trace (nsec): initialize elements done: 172252357
[router_thread:250] Starting driver...


Received packet from device: 182758862 ns:   72 | 01005e00 0016767e 90d49854 080046c0 00300000 40000102
qemu-system-x86_64: terminating on signal 1 from pid 1262919 (sudo)
Bench-helper startup time (nsec): 320348214
path '/home/okelmann/appclick-ubpf/benchmark' does not contain a 'flake.nix', searching up
warning: Git tree '/home/okelmann/appclick-ubpf' is dirty
Using saved setting for 'extra-substituters = https://tum-dse.cachix.org' from ~/.local/share/nix/trusted-settings.json.
Using saved setting for 'extra-trusted-public-keys = tum-dse.cachix.org-1:v67rK18oLwgO0Z4b69l30SrV1yRtqxKpiHodG4YxhNM=' from ~/.local/share/nix/trusted-settings.json.
    Finished `dev` profile [unoptimized + debuginfo] target(s) in 0.08s
     Running `target/debug/bench-helper`
c[?7l[2J[0mSeaBIOS (version rel-1.16.2-0-gea1b7a073390-prebuilt.qemu.org)


iPXE (http://ipxe.org) 00:03.0 CA00 PCI2.10 PnP PMM+BEFD0F40+BEF30F40 CA00
Press Ctrl-B to configure iPXE (PCI 00:03.0)...                                                                               


Booting from ROM..Powered by
o.   .o       _ _               __ _
Oo   Oo  ___ (_) | __ __  __ _ ' _) :_
oO   oO ' _ `| | |/ /  _)' _` | |_|  _)
oOo oOO| | | | |   (| | | (_) |  _) :_
 OoOoO ._, ._:_:_,\_._,  .__,_:_, \___)
         Telesto 0.16.3~e453b74a-custom
Startup trace (nsec): click main(): 107693790
Startup trace (nsec): print config: 109190994
Received config (length 910):
define($MAC0 52:54:00:12:34:56);
/* End unikraft-provided MAC preamble */

from :: FromDevice(0)
 -> Print2('Received packet from device') 
            // stripping only makes sense, once we've looked at the ethernet header
            -> Classifier(12/0800)
            // check ip header doesn't want ethernet header
            -> Strip(14)
            // some elements like IPFilter segfault with some packets if we don't check them
            -> CheckIPHeader
        -> IPFilter(deny dst port 1234, allow all)
-> ic0 :: AverageCounter()
-> Discard;

Script(TYPE ACTIVE,
       print "sleeping first increases startup time"
       print "sleeping first increases startup time"
       print "sleeping first increases startup time"
       print "sleeping first increases startup time"
       wait 5ms,
       label start,
       print "Rx rate: $(ic0.rate)",
       wait 1s,
       goto start
       )
    
Startup trace (nsec): print config done: 165364000
Startup trace (nsec): initialize elements: 168732252
Startup trace (nsec): initialize elements done: 172588682
[router_thread:250] Starting driver...


Received packet from device: 183121908 ns:   72 | 01005e00 0016767e 90d49854 080046c0 00300000 40000102
qemu-system-x86_64: terminating on signal 1 from pid 1263003 (sudo)
Bench-helper startup time (nsec): 318847976
path '/home/okelmann/appclick-ubpf/benchmark' does not contain a 'flake.nix', searching up
warning: Git tree '/home/okelmann/appclick-ubpf' is dirty
Using saved setting for 'extra-substituters = https://tum-dse.cachix.org' from ~/.local/share/nix/trusted-settings.json.
Using saved setting for 'extra-trusted-public-keys = tum-dse.cachix.org-1:v67rK18oLwgO0Z4b69l30SrV1yRtqxKpiHodG4YxhNM=' from ~/.local/share/nix/trusted-settings.json.
    Finished `dev` profile [unoptimized + debuginfo] target(s) in 0.08s
     Running `target/debug/bench-helper`
c[?7l[2J[0mSeaBIOS (version rel-1.16.2-0-gea1b7a073390-prebuilt.qemu.org)


iPXE (http://ipxe.org) 00:03.0 CA00 PCI2.10 PnP PMM+BEFD0F40+BEF30F40 CA00
Press Ctrl-B to configure iPXE (PCI 00:03.0)...                                                                               


Booting from ROM..Powered by
o.   .o       _ _               __ _
Oo   Oo  ___ (_) | __ __  __ _ ' _) :_
oO   oO ' _ `| | |/ /  _)' _` | |_|  _)
oOo oOO| | | | |   (| | | (_) |  _) :_
 OoOoO ._, ._:_:_,\_._,  .__,_:_, \___)
         Telesto 0.16.3~e453b74a-custom
Startup trace (nsec): click main(): 107602927
Startup trace (nsec): print config: 109095787
Received config (length 910):
define($MAC0 52:54:00:12:34:56);
/* End unikraft-provided MAC preamble */

from :: FromDevice(0)
 -> Print2('Received packet from device') 
            // stripping only makes sense, once we've looked at the ethernet header
            -> Classifier(12/0800)
            // check ip header doesn't want ethernet header
            -> Strip(14)
            // some elements like IPFilter segfault with some packets if we don't check them
            -> CheckIPHeader
        -> IPFilter(deny dst port 1234, allow all)
-> ic0 :: AverageCounter()
-> Discard;

Script(TYPE ACTIVE,
       print "sleeping first increases startup time"
       print "sleeping first increases startup time"
       print "sleeping first increases startup time"
       print "sleeping first increases startup time"
       wait 5ms,
       label start,
       print "Rx rate: $(ic0.rate)",
       wait 1s,
       goto start
       )
    
Startup trace (nsec): print config done: 164698253
Startup trace (nsec): initialize elements: 168033763
Startup trace (nsec): initialize elements done: 171645278
[router_thread:250] Starting driver...


Received packet from device: 182080072 ns:   72 | 01005e00 0016767e 90d49854 080046c0 00300000 40000102
qemu-system-x86_64: terminating on signal 1 from pid 1263087 (sudo)
Bench-helper startup time (nsec): 316404764
path '/home/okelmann/appclick-ubpf/benchmark' does not contain a 'flake.nix', searching up
warning: Git tree '/home/okelmann/appclick-ubpf' is dirty
Using saved setting for 'extra-substituters = https://tum-dse.cachix.org' from ~/.local/share/nix/trusted-settings.json.
Using saved setting for 'extra-trusted-public-keys = tum-dse.cachix.org-1:v67rK18oLwgO0Z4b69l30SrV1yRtqxKpiHodG4YxhNM=' from ~/.local/share/nix/trusted-settings.json.
    Finished `dev` profile [unoptimized + debuginfo] target(s) in 0.08s
     Running `target/debug/bench-helper`
c[?7l[2J[0mSeaBIOS (version rel-1.16.2-0-gea1b7a073390-prebuilt.qemu.org)


iPXE (http://ipxe.org) 00:03.0 CA00 PCI2.10 PnP PMM+BEFD0F40+BEF30F40 CA00
Press Ctrl-B to configure iPXE (PCI 00:03.0)...                                                                               


Booting from ROM..Powered by
o.   .o       _ _               __ _
Oo   Oo  ___ (_) | __ __  __ _ ' _) :_
oO   oO ' _ `| | |/ /  _)' _` | |_|  _)
oOo oOO| | | | |   (| | | (_) |  _) :_
 OoOoO ._, ._:_:_,\_._,  .__,_:_, \___)
         Telesto 0.16.3~e453b74a-custom
Startup trace (nsec): click main(): 107699997
Startup trace (nsec): print config: 109191205
Received config (length 910):
define($MAC0 52:54:00:12:34:56);
/* End unikraft-provided MAC preamble */

from :: FromDevice(0)
 -> Print2('Received packet from device') 
            // stripping only makes sense, once we've looked at the ethernet header
            -> Classifier(12/0800)
            // check ip header doesn't want ethernet header
            -> Strip(14)
            // some elements like IPFilter segfault with some packets if we don't check them
            -> CheckIPHeader
        -> IPFilter(deny dst port 1234, allow all)
-> ic0 :: AverageCounter()
-> Discard;

Script(TYPE ACTIVE,
       print "sleeping first increases startup time"
       print "sleeping first increases startup time"
       print "sleeping first increases startup time"
       print "sleeping first increases startup time"
       wait 5ms,
       label start,
       print "Rx rate: $(ic0.rate)",
       wait 1s,
       goto start
       )
    
Startup trace (nsec): print config done: 165469797
Startup trace (nsec): initialize elements: 168855300
Startup trace (nsec): initialize elements done: 172595227
[router_thread:250] Starting driver...


Received packet from device: 183066089 ns:   72 | 01005e00 0016767e 90d49854 080046c0 00300000 40000102
qemu-system-x86_64: terminating on signal 1 from pid 1263174 (sudo)
Bench-helper startup time (nsec): 319503868
path '/home/okelmann/appclick-ubpf/benchmark' does not contain a 'flake.nix', searching up
warning: Git tree '/home/okelmann/appclick-ubpf' is dirty
Using saved setting for 'extra-substituters = https://tum-dse.cachix.org' from ~/.local/share/nix/trusted-settings.json.
Using saved setting for 'extra-trusted-public-keys = tum-dse.cachix.org-1:v67rK18oLwgO0Z4b69l30SrV1yRtqxKpiHodG4YxhNM=' from ~/.local/share/nix/trusted-settings.json.
    Finished `dev` profile [unoptimized + debuginfo] target(s) in 0.08s
     Running `target/debug/bench-helper`
c[?7l[2J[0mSeaBIOS (version rel-1.16.2-0-gea1b7a073390-prebuilt.qemu.org)


iPXE (http://ipxe.org) 00:03.0 CA00 PCI2.10 PnP PMM+BEFD0F40+BEF30F40 CA00
Press Ctrl-B to configure iPXE (PCI 00:03.0)...                                                                               


Booting from ROM..Powered by
o.   .o       _ _               __ _
Oo   Oo  ___ (_) | __ __  __ _ ' _) :_
oO   oO ' _ `| | |/ /  _)' _` | |_|  _)
oOo oOO| | | | |   (| | | (_) |  _) :_
 OoOoO ._, ._:_:_,\_._,  .__,_:_, \___)
         Telesto 0.16.3~e453b74a-custom
Startup trace (nsec): click main(): 107614081
Startup trace (nsec): print config: 109095261
Received config (length 910):
define($MAC0 52:54:00:12:34:56);
/* End unikraft-provided MAC preamble */

from :: FromDevice(0)
 -> Print2('Received packet from device') 
            // stripping only makes sense, once we've looked at the ethernet header
            -> Classifier(12/0800)
            // check ip header doesn't want ethernet header
            -> Strip(14)
            // some elements like IPFilter segfault with some packets if we don't check them
            -> CheckIPHeader
        -> IPFilter(deny dst port 1234, allow all)
-> ic0 :: AverageCounter()
-> Discard;

Script(TYPE ACTIVE,
       print "sleeping first increases startup time"
       print "sleeping first increases startup time"
       print "sleeping first increases startup time"
       print "sleeping first increases startup time"
       wait 5ms,
       label start,
       print "Rx rate: $(ic0.rate)",
       wait 1s,
       goto start
       )
    
Startup trace (nsec): print config done: 164470293
Startup trace (nsec): initialize elements: 167792284
Startup trace (nsec): initialize elements done: 171564890
[router_thread:250] Starting driver...


Received packet from device: 181978913 ns:  200 | 33330000 0016767e 90d49854 86dd6000 00000088 0001fe80
qemu-system-x86_64: terminating on signal 1 from pid 1263259 (sudo)
Bench-helper startup time (nsec): 320271383
path '/home/okelmann/appclick-ubpf/benchmark' does not contain a 'flake.nix', searching up
warning: Git tree '/home/okelmann/appclick-ubpf' is dirty
Using saved setting for 'extra-substituters = https://tum-dse.cachix.org' from ~/.local/share/nix/trusted-settings.json.
Using saved setting for 'extra-trusted-public-keys = tum-dse.cachix.org-1:v67rK18oLwgO0Z4b69l30SrV1yRtqxKpiHodG4YxhNM=' from ~/.local/share/nix/trusted-settings.json.
    Finished `dev` profile [unoptimized + debuginfo] target(s) in 0.08s
     Running `target/debug/bench-helper`
c[?7l[2J[0mSeaBIOS (version rel-1.16.2-0-gea1b7a073390-prebuilt.qemu.org)


iPXE (http://ipxe.org) 00:03.0 CA00 PCI2.10 PnP PMM+BEFD0F40+BEF30F40 CA00
Press Ctrl-B to configure iPXE (PCI 00:03.0)...                                                                               


Booting from ROM..Powered by
o.   .o       _ _               __ _
Oo   Oo  ___ (_) | __ __  __ _ ' _) :_
oO   oO ' _ `| | |/ /  _)' _` | |_|  _)
oOo oOO| | | | |   (| | | (_) |  _) :_
 OoOoO ._, ._:_:_,\_._,  .__,_:_, \___)
         Telesto 0.16.3~e453b74a-custom
Startup trace (nsec): click main(): 107697048
Startup trace (nsec): print config: 109193278
Received config (length 910):
define($MAC0 52:54:00:12:34:56);
/* End unikraft-provided MAC preamble */

from :: FromDevice(0)
 -> Print2('Received packet from device') 
            // stripping only makes sense, once we've looked at the ethernet header
            -> Classifier(12/0800)
            // check ip header doesn't want ethernet header
            -> Strip(14)
            // some elements like IPFilter segfault with some packets if we don't check them
            -> CheckIPHeader
        -> IPFilter(deny dst port 1234, allow all)
-> ic0 :: AverageCounter()
-> Discard;

Script(TYPE ACTIVE,
       print "sleeping first increases startup time"
       print "sleeping first increases startup time"
       print "sleeping first increases startup time"
       print "sleeping first increases startup time"
       wait 5ms,
       label start,
       print "Rx rate: $(ic0.rate)",
       wait 1s,
       goto start
       )
    
Startup trace (nsec): print config done: 165346197
Startup trace (nsec): initialize elements: 168723683
Startup trace (nsec): initialize elements done: 172586676
[router_thread:250] Starting driver...


Received packet from device: 183101543 ns:   72 | 01005e00 0016767e 90d49854 080046c0 00300000 40000102
qemu-system-x86_64: terminating on signal 1 from pid 1263347 (sudo)
Bench-helper startup time (nsec): 319610882
