warning: Git tree '/home/okelmann/appclick-ubpf' is dirty
Using saved setting for 'extra-substituters = https://tum-dse.cachix.org' from ~/.local/share/nix/trusted-settings.json.
Using saved setting for 'extra-trusted-public-keys = tum-dse.cachix.org-1:v67rK18oLwgO0Z4b69l30SrV1yRtqxKpiHodG4YxhNM=' from ~/.local/share/nix/trusted-settings.json.
Attaching 4 probes...
qemu start ns 2152249214535714
filename /nix/store/311zsfnwl2vggdz8xdfmlxc168qksamk-qemu-host-cpu-only-8.1.5/bin/qemu-system-x86_64
qemu kvm entry ns 2152249278345110
qemu kvm port 255 ns 2152249323787960
qemu kvm port 254 ns 2152249442475999
qemu kvm port 253 ns 2152249479498769
qemu start ns 2152254597538761
filename /nix/store/311zsfnwl2vggdz8xdfmlxc168qksamk-qemu-host-cpu-only-8.1.5/bin/qemu-system-x86_64
qemu kvm entry ns 2152254663791544
qemu kvm port 255 ns 2152254709852677
qemu kvm port 254 ns 2152254828722873
qemu kvm port 253 ns 2152254865727696
qemu start ns 2152260083047642
filename /nix/store/311zsfnwl2vggdz8xdfmlxc168qksamk-qemu-host-cpu-only-8.1.5/bin/qemu-system-x86_64
qemu kvm entry ns 2152260149696356
qemu kvm port 255 ns 2152260195821987
qemu kvm port 254 ns 2152260314539094
qemu kvm port 253 ns 2152260351301797
qemu start ns 2152265603538099
filename /nix/store/311zsfnwl2vggdz8xdfmlxc168qksamk-qemu-host-cpu-only-8.1.5/bin/qemu-system-x86_64
qemu kvm entry ns 2152265668163511
qemu kvm port 255 ns 2152265713864657
qemu kvm port 254 ns 2152265832679935
qemu kvm port 253 ns 2152265869848425
qemu start ns 2152271123882604
filename /nix/store/311zsfnwl2vggdz8xdfmlxc168qksamk-qemu-host-cpu-only-8.1.5/bin/qemu-system-x86_64
qemu kvm entry ns 2152271188668055
qemu kvm port 255 ns 2152271235047444
qemu kvm port 254 ns 2152271353669879
qemu kvm port 253 ns 2152271390458035
qemu start ns 2152276671666703
filename /nix/store/311zsfnwl2vggdz8xdfmlxc168qksamk-qemu-host-cpu-only-8.1.5/bin/qemu-system-x86_64
qemu kvm entry ns 2152276736147132
qemu kvm port 255 ns 2152276782089250
qemu kvm port 254 ns 2152276900776661
qemu kvm port 253 ns 2152276937944713
qemu start ns 2152282205749107
filename /nix/store/311zsfnwl2vggdz8xdfmlxc168qksamk-qemu-host-cpu-only-8.1.5/bin/qemu-system-x86_64
qemu kvm entry ns 2152282270632873
qemu kvm port 255 ns 2152282316876483
qemu kvm port 254 ns 2152282435517057
qemu kvm port 253 ns 2152282472346316
qemu start ns 2152287715315996
filename /nix/store/311zsfnwl2vggdz8xdfmlxc168qksamk-qemu-host-cpu-only-8.1.5/bin/qemu-system-x86_64
qemu kvm entry ns 2152287779393315
qemu kvm port 255 ns 2152287824853623
qemu kvm port 254 ns 2152287943488786
qemu kvm port 253 ns 2152287980553807
qemu start ns 2152293225897041
filename /nix/store/311zsfnwl2vggdz8xdfmlxc168qksamk-qemu-host-cpu-only-8.1.5/bin/qemu-system-x86_64
qemu kvm entry ns 2152293290355018
qemu kvm port 255 ns 2152293336940629
qemu kvm port 254 ns 2152293455658329
qemu kvm port 253 ns 2152293492787638
qemu start ns 2152298727489162
filename /nix/store/311zsfnwl2vggdz8xdfmlxc168qksamk-qemu-host-cpu-only-8.1.5/bin/qemu-system-x86_64
qemu kvm entry ns 2152298792532432
qemu kvm port 255 ns 2152298837896865
qemu kvm port 254 ns 2152298956610881
qemu kvm port 253 ns 2152298993785542
