path '/home/okelmann/appclick-ubpf/benchmark' does not contain a 'flake.nix', searching up
warning: Git tree '/home/okelmann/appclick-ubpf' is dirty
Using saved setting for 'extra-substituters = https://tum-dse.cachix.org' from ~/.local/share/nix/trusted-settings.json.
Using saved setting for 'extra-trusted-public-keys = tum-dse.cachix.org-1:v67rK18oLwgO0Z4b69l30SrV1yRtqxKpiHodG4YxhNM=' from ~/.local/share/nix/trusted-settings.json.
    Finished `dev` profile [unoptimized + debuginfo] target(s) in 0.20s
     Running `target/debug/bench-helper`
CheckIPHeader@4: IP header check failed: bad IP version
Startup trace (nsec): main: 2738086495385782
Startup trace (nsec): init done: 2738086499654577
Received packet from device: 2738086499677948 ns:   76 | 60000000 00240001 00000000 00000000 00000000 00000000
Bench-helper startup time (nsec): 18937817
path '/home/okelmann/appclick-ubpf/benchmark' does not contain a 'flake.nix', searching up
warning: Git tree '/home/okelmann/appclick-ubpf' is dirty
Using saved setting for 'extra-substituters = https://tum-dse.cachix.org' from ~/.local/share/nix/trusted-settings.json.
Using saved setting for 'extra-trusted-public-keys = tum-dse.cachix.org-1:v67rK18oLwgO0Z4b69l30SrV1yRtqxKpiHodG4YxhNM=' from ~/.local/share/nix/trusted-settings.json.
    Finished `dev` profile [unoptimized + debuginfo] target(s) in 0.18s
     Running `target/debug/bench-helper`
CheckIPHeader@4: IP header check failed: bad IP version
Startup trace (nsec): main: 2738092315403687
Startup trace (nsec): init done: 2738092318152784
Received packet from device: 2738092318173644 ns:   76 | 60000000 00240001 fe800000 00000000 c19d390d 64acc20b
Bench-helper startup time (nsec): 17960170
path '/home/okelmann/appclick-ubpf/benchmark' does not contain a 'flake.nix', searching up
warning: Git tree '/home/okelmann/appclick-ubpf' is dirty
Using saved setting for 'extra-substituters = https://tum-dse.cachix.org' from ~/.local/share/nix/trusted-settings.json.
Using saved setting for 'extra-trusted-public-keys = tum-dse.cachix.org-1:v67rK18oLwgO0Z4b69l30SrV1yRtqxKpiHodG4YxhNM=' from ~/.local/share/nix/trusted-settings.json.
    Finished `dev` profile [unoptimized + debuginfo] target(s) in 0.18s
     Running `target/debug/bench-helper`
CheckIPHeader@4: IP header check failed: bad IP version
Startup trace (nsec): main: 2738098129646949
Startup trace (nsec): init done: 2738098133942226
Received packet from device: 2738098133967745 ns:   76 | 60000000 00240001 fe800000 00000000 26be7b76 914277e4
Bench-helper startup time (nsec): 18717811
path '/home/okelmann/appclick-ubpf/benchmark' does not contain a 'flake.nix', searching up
warning: Git tree '/home/okelmann/appclick-ubpf' is dirty
Using saved setting for 'extra-substituters = https://tum-dse.cachix.org' from ~/.local/share/nix/trusted-settings.json.
Using saved setting for 'extra-trusted-public-keys = tum-dse.cachix.org-1:v67rK18oLwgO0Z4b69l30SrV1yRtqxKpiHodG4YxhNM=' from ~/.local/share/nix/trusted-settings.json.
    Finished `dev` profile [unoptimized + debuginfo] target(s) in 0.18s
     Running `target/debug/bench-helper`
CheckIPHeader@4: IP header check failed: bad IP version
Startup trace (nsec): main: 2738104011531759
Startup trace (nsec): init done: 2738104015839945
Received packet from device: 2738104015864974 ns:   76 | 60000000 00240001 fe800000 00000000 a5f8b6d8 6ba2a3f8
Bench-helper startup time (nsec): 20496482
path '/home/okelmann/appclick-ubpf/benchmark' does not contain a 'flake.nix', searching up
warning: Git tree '/home/okelmann/appclick-ubpf' is dirty
Using saved setting for 'extra-substituters = https://tum-dse.cachix.org' from ~/.local/share/nix/trusted-settings.json.
Using saved setting for 'extra-trusted-public-keys = tum-dse.cachix.org-1:v67rK18oLwgO0Z4b69l30SrV1yRtqxKpiHodG4YxhNM=' from ~/.local/share/nix/trusted-settings.json.
    Finished `dev` profile [unoptimized + debuginfo] target(s) in 0.19s
     Running `target/debug/bench-helper`
CheckIPHeader@4: IP header check failed: bad IP version
Startup trace (nsec): main: 2738109888300357
Startup trace (nsec): init done: 2738109889308920
Received packet from device: 2738109889330993 ns:   76 | 60000000 00240001 fe800000 00000000 bc9d9f7c e81be2f4
Bench-helper startup time (nsec): 16160873
path '/home/okelmann/appclick-ubpf/benchmark' does not contain a 'flake.nix', searching up
warning: Git tree '/home/okelmann/appclick-ubpf' is dirty
Using saved setting for 'extra-substituters = https://tum-dse.cachix.org' from ~/.local/share/nix/trusted-settings.json.
Using saved setting for 'extra-trusted-public-keys = tum-dse.cachix.org-1:v67rK18oLwgO0Z4b69l30SrV1yRtqxKpiHodG4YxhNM=' from ~/.local/share/nix/trusted-settings.json.
    Finished `dev` profile [unoptimized + debuginfo] target(s) in 0.18s
     Running `target/debug/bench-helper`
CheckIPHeader@4: IP header check failed: bad IP version
Startup trace (nsec): main: 2738115685683489
Startup trace (nsec): init done: 2738115686624552
Received packet from device: 2738115686648483 ns:   76 | 60000000 00240001 fe800000 00000000 499be1cb a98866be
Bench-helper startup time (nsec): 15694227
path '/home/okelmann/appclick-ubpf/benchmark' does not contain a 'flake.nix', searching up
warning: Git tree '/home/okelmann/appclick-ubpf' is dirty
Using saved setting for 'extra-substituters = https://tum-dse.cachix.org' from ~/.local/share/nix/trusted-settings.json.
Using saved setting for 'extra-trusted-public-keys = tum-dse.cachix.org-1:v67rK18oLwgO0Z4b69l30SrV1yRtqxKpiHodG4YxhNM=' from ~/.local/share/nix/trusted-settings.json.
    Finished `dev` profile [unoptimized + debuginfo] target(s) in 0.18s
     Running `target/debug/bench-helper`
CheckIPHeader@4: IP header check failed: bad IP version
Startup trace (nsec): main: 2738121561357240
Startup trace (nsec): init done: 2738121562285355
Received packet from device: 2738121562311644 ns:   76 | 60000000 00240001 fe800000 00000000 f76b56f4 3493d94f
Bench-helper startup time (nsec): 15772072
path '/home/okelmann/appclick-ubpf/benchmark' does not contain a 'flake.nix', searching up
warning: Git tree '/home/okelmann/appclick-ubpf' is dirty
Using saved setting for 'extra-substituters = https://tum-dse.cachix.org' from ~/.local/share/nix/trusted-settings.json.
Using saved setting for 'extra-trusted-public-keys = tum-dse.cachix.org-1:v67rK18oLwgO0Z4b69l30SrV1yRtqxKpiHodG4YxhNM=' from ~/.local/share/nix/trusted-settings.json.
    Finished `dev` profile [unoptimized + debuginfo] target(s) in 0.18s
     Running `target/debug/bench-helper`
CheckIPHeader@4: IP header check failed: bad IP version
Startup trace (nsec): main: 2738127410283787
Startup trace (nsec): init done: 2738127411207010
Received packet from device: 2738127411233087 ns:   76 | 60000000 00240001 fe800000 00000000 d7337059 8ee6111b
Bench-helper startup time (nsec): 15740260
path '/home/okelmann/appclick-ubpf/benchmark' does not contain a 'flake.nix', searching up
warning: Git tree '/home/okelmann/appclick-ubpf' is dirty
Using saved setting for 'extra-substituters = https://tum-dse.cachix.org' from ~/.local/share/nix/trusted-settings.json.
Using saved setting for 'extra-trusted-public-keys = tum-dse.cachix.org-1:v67rK18oLwgO0Z4b69l30SrV1yRtqxKpiHodG4YxhNM=' from ~/.local/share/nix/trusted-settings.json.
    Finished `dev` profile [unoptimized + debuginfo] target(s) in 0.18s
     Running `target/debug/bench-helper`
CheckIPHeader@4: IP header check failed: bad IP version
Startup trace (nsec): main: 2738133272130299
Startup trace (nsec): init done: 2738133273052979
Received packet from device: 2738133273081971 ns:   76 | 60000000 00240001 fe800000 00000000 4b184f60 43d65795
Bench-helper startup time (nsec): 15567181
path '/home/okelmann/appclick-ubpf/benchmark' does not contain a 'flake.nix', searching up
warning: Git tree '/home/okelmann/appclick-ubpf' is dirty
Using saved setting for 'extra-substituters = https://tum-dse.cachix.org' from ~/.local/share/nix/trusted-settings.json.
Using saved setting for 'extra-trusted-public-keys = tum-dse.cachix.org-1:v67rK18oLwgO0Z4b69l30SrV1yRtqxKpiHodG4YxhNM=' from ~/.local/share/nix/trusted-settings.json.
    Finished `dev` profile [unoptimized + debuginfo] target(s) in 0.18s
     Running `target/debug/bench-helper`
CheckIPHeader@4: IP header check failed: bad IP version
Startup trace (nsec): main: 2738139083472539
Startup trace (nsec): init done: 2738139084112796
Received packet from device: 2738139084133735 ns:   76 | 60000000 00240001 fe800000 00000000 70f0ec32 97a65cac
Bench-helper startup time (nsec): 15165739
