warning: Git tree '/home/okelmann/appclick-ubpf' is dirty
Using saved setting for 'extra-substituters = https://tum-dse.cachix.org' from ~/.local/share/nix/trusted-settings.json.
Using saved setting for 'extra-trusted-public-keys = tum-dse.cachix.org-1:v67rK18oLwgO0Z4b69l30SrV1yRtqxKpiHodG4YxhNM=' from ~/.local/share/nix/trusted-settings.json.
Attaching 4 probes...
qemu start ns 2151006355223244
filename /nix/store/311zsfnwl2vggdz8xdfmlxc168qksamk-qemu-host-cpu-only-8.1.5/bin/qemu-system-x86_64
qemu kvm entry ns 2151006419267881
qemu kvm port 255 ns 2151006464802791
qemu kvm port 254 ns 2151006583543355
qemu kvm port 253 ns 2151006647562759
qemu start ns 2151011734932588
filename /nix/store/311zsfnwl2vggdz8xdfmlxc168qksamk-qemu-host-cpu-only-8.1.5/bin/qemu-system-x86_64
qemu kvm entry ns 2151011800340812
qemu kvm port 255 ns 2151011846833360
qemu kvm port 254 ns 2151011965813920
qemu kvm port 253 ns 2151012030170345
qemu start ns 2151017272555831
filename /nix/store/311zsfnwl2vggdz8xdfmlxc168qksamk-qemu-host-cpu-only-8.1.5/bin/qemu-system-x86_64
qemu kvm entry ns 2151017337155636
qemu kvm port 255 ns 2151017383839306
qemu kvm port 254 ns 2151017502584364
qemu kvm port 253 ns 2151017566649396
qemu start ns 2151022818991853
filename /nix/store/311zsfnwl2vggdz8xdfmlxc168qksamk-qemu-host-cpu-only-8.1.5/bin/qemu-system-x86_64
qemu kvm entry ns 2151022883482272
qemu kvm port 255 ns 2151022928885989
qemu kvm port 254 ns 2151023047695379
qemu kvm port 253 ns 2151023111746813
qemu start ns 2151028343990676
filename /nix/store/311zsfnwl2vggdz8xdfmlxc168qksamk-qemu-host-cpu-only-8.1.5/bin/qemu-system-x86_64
qemu kvm entry ns 2151028408933795
qemu kvm port 255 ns 2151028454830084
qemu kvm port 254 ns 2151028573534812
qemu kvm port 253 ns 2151028638273801
qemu start ns 2151033840653804
filename /nix/store/311zsfnwl2vggdz8xdfmlxc168qksamk-qemu-host-cpu-only-8.1.5/bin/qemu-system-x86_64
qemu kvm entry ns 2151033906902732
qemu kvm port 255 ns 2151033951844739
qemu kvm port 254 ns 2151034070498954
qemu kvm port 253 ns 2151034134634821
qemu start ns 2151039402845326
filename /nix/store/311zsfnwl2vggdz8xdfmlxc168qksamk-qemu-host-cpu-only-8.1.5/bin/qemu-system-x86_64
qemu kvm entry ns 2151039468535759
qemu kvm port 255 ns 2151039513839477
qemu kvm port 254 ns 2151039632704022
qemu kvm port 253 ns 2151039696463097
qemu start ns 2151044952413083
filename /nix/store/311zsfnwl2vggdz8xdfmlxc168qksamk-qemu-host-cpu-only-8.1.5/bin/qemu-system-x86_64
qemu kvm entry ns 2151045017137263
qemu kvm port 255 ns 2151045063098030
qemu kvm port 254 ns 2151045181740901
qemu kvm port 253 ns 2151045245937743
qemu start ns 2151050439382501
filename /nix/store/311zsfnwl2vggdz8xdfmlxc168qksamk-qemu-host-cpu-only-8.1.5/bin/qemu-system-x86_64
qemu kvm entry ns 2151050506442253
qemu kvm port 255 ns 2151050551825964
qemu kvm port 254 ns 2151050670423824
qemu kvm port 253 ns 2151050734426311
qemu start ns 2151055976393366
filename /nix/store/311zsfnwl2vggdz8xdfmlxc168qksamk-qemu-host-cpu-only-8.1.5/bin/qemu-system-x86_64
qemu kvm entry ns 2151056041414380
qemu kvm port 255 ns 2151056086849444
qemu kvm port 254 ns 2151056205565925
qemu kvm port 253 ns 2151056269752713
