warning: Git tree '/home/okelmann/appclick-ubpf' is dirty
Using saved setting for 'extra-substituters = https://tum-dse.cachix.org' from ~/.local/share/nix/trusted-settings.json.
Using saved setting for 'extra-trusted-public-keys = tum-dse.cachix.org-1:v67rK18oLwgO0Z4b69l30SrV1yRtqxKpiHodG4YxhNM=' from ~/.local/share/nix/trusted-settings.json.
Attaching 4 probes...
qemu start ns 2795172856082866
filename /nix/store/311zsfnwl2vggdz8xdfmlxc168qksamk-qemu-host-cpu-only-8.1.5/bin/qemu-system-x86_64
qemu kvm entry ns 2795172923090051
qemu kvm port 255 ns 2795172969813314
qemu kvm port 254 ns 2795173088506822
qemu kvm port 253 ns 2795173142597636
qemu start ns 2795178212048854
filename /nix/store/311zsfnwl2vggdz8xdfmlxc168qksamk-qemu-host-cpu-only-8.1.5/bin/qemu-system-x86_64
qemu kvm entry ns 2795178277105896
qemu kvm port 255 ns 2795178323854586
qemu kvm port 254 ns 2795178443027771
qemu kvm port 253 ns 2795178497338773
qemu start ns 2795183725801593
filename /nix/store/311zsfnwl2vggdz8xdfmlxc168qksamk-qemu-host-cpu-only-8.1.5/bin/qemu-system-x86_64
qemu kvm entry ns 2795183791498659
qemu kvm port 255 ns 2795183837949561
qemu kvm port 254 ns 2795183956919542
qemu kvm port 253 ns 2795184011136329
qemu start ns 2795189247795079
filename /nix/store/311zsfnwl2vggdz8xdfmlxc168qksamk-qemu-host-cpu-only-8.1.5/bin/qemu-system-x86_64
qemu kvm entry ns 2795189313220476
qemu kvm port 255 ns 2795189359854923
qemu kvm port 254 ns 2795189478692167
qemu kvm port 253 ns 2795189532665391
qemu start ns 2795194739526315
filename /nix/store/311zsfnwl2vggdz8xdfmlxc168qksamk-qemu-host-cpu-only-8.1.5/bin/qemu-system-x86_64
qemu kvm entry ns 2795194805029333
qemu kvm port 255 ns 2795194851870256
qemu kvm port 254 ns 2795194970598744
qemu kvm port 253 ns 2795195024675229
qemu start ns 2795200295808982
filename /nix/store/311zsfnwl2vggdz8xdfmlxc168qksamk-qemu-host-cpu-only-8.1.5/bin/qemu-system-x86_64
qemu kvm entry ns 2795200361263578
qemu kvm port 255 ns 2795200406845436
qemu kvm port 254 ns 2795200525700539
qemu kvm port 253 ns 2795200579837944
qemu start ns 2795205802047828
filename /nix/store/311zsfnwl2vggdz8xdfmlxc168qksamk-qemu-host-cpu-only-8.1.5/bin/qemu-system-x86_64
qemu kvm entry ns 2795205867675832
qemu kvm port 255 ns 2795205913839237
qemu kvm port 254 ns 2795206032567134
qemu kvm port 253 ns 2795206086362711
qemu start ns 2795211312397492
filename /nix/store/311zsfnwl2vggdz8xdfmlxc168qksamk-qemu-host-cpu-only-8.1.5/bin/qemu-system-x86_64
qemu kvm entry ns 2795211377176119
qemu kvm port 255 ns 2795211423814364
qemu kvm port 254 ns 2795211542702543
qemu kvm port 253 ns 2795211597048567
qemu start ns 2795216803173217
filename /nix/store/311zsfnwl2vggdz8xdfmlxc168qksamk-qemu-host-cpu-only-8.1.5/bin/qemu-system-x86_64
qemu kvm entry ns 2795216868474191
qemu kvm port 255 ns 2795216914836402
qemu kvm port 254 ns 2795217034061789
qemu kvm port 253 ns 2795217088080239
qemu start ns 2795222334436679
filename /nix/store/311zsfnwl2vggdz8xdfmlxc168qksamk-qemu-host-cpu-only-8.1.5/bin/qemu-system-x86_64
qemu kvm entry ns 2795222400670141
qemu kvm port 255 ns 2795222446826284
qemu kvm port 254 ns 2795222566038217
qemu kvm port 253 ns 2795222620237536
