path '/home/okelmann/appclick-ubpf/benchmark' does not contain a 'flake.nix', searching up
warning: Git tree '/home/okelmann/appclick-ubpf' is dirty
Using saved setting for 'extra-substituters = https://tum-dse.cachix.org' from ~/.local/share/nix/trusted-settings.json.
Using saved setting for 'extra-trusted-public-keys = tum-dse.cachix.org-1:v67rK18oLwgO0Z4b69l30SrV1yRtqxKpiHodG4YxhNM=' from ~/.local/share/nix/trusted-settings.json.
    Finished `dev` profile [unoptimized + debuginfo] target(s) in 0.20s
     Running `target/debug/bench-helper`
Startup trace (nsec): main: 2738149071044956
Startup trace (nsec): init done: 2738149071973132
CheckIPHeader@4: IP header check failed: bad IP version
sleeping first increases startup time
       wait 5ms
Rx rate: 0
Received packet from device: 2738149072032143 ns:   76 | 60000000 00240001 fe800000 00000000 6e681875 87469348
Bench-helper startup time (nsec): 16193237
path '/home/okelmann/appclick-ubpf/benchmark' does not contain a 'flake.nix', searching up
warning: Git tree '/home/okelmann/appclick-ubpf' is dirty
Using saved setting for 'extra-substituters = https://tum-dse.cachix.org' from ~/.local/share/nix/trusted-settings.json.
Using saved setting for 'extra-trusted-public-keys = tum-dse.cachix.org-1:v67rK18oLwgO0Z4b69l30SrV1yRtqxKpiHodG4YxhNM=' from ~/.local/share/nix/trusted-settings.json.
    Finished `dev` profile [unoptimized + debuginfo] target(s) in 0.19s
     Running `target/debug/bench-helper`
CheckIPHeader@4: IP header check failed: bad IP version
Startup trace (nsec): main: 2738154907062659
Startup trace (nsec): init done: 2738154907986415
Received packet from device: 2738154908015939 ns:   76 | 60000000 00240001 fe800000 00000000 a50524ad 37c3f5e3
Bench-helper startup time (nsec): 16524465
path '/home/okelmann/appclick-ubpf/benchmark' does not contain a 'flake.nix', searching up
warning: Git tree '/home/okelmann/appclick-ubpf' is dirty
Using saved setting for 'extra-substituters = https://tum-dse.cachix.org' from ~/.local/share/nix/trusted-settings.json.
Using saved setting for 'extra-trusted-public-keys = tum-dse.cachix.org-1:v67rK18oLwgO0Z4b69l30SrV1yRtqxKpiHodG4YxhNM=' from ~/.local/share/nix/trusted-settings.json.
    Finished `dev` profile [unoptimized + debuginfo] target(s) in 0.18s
     Running `target/debug/bench-helper`
Startup trace (nsec): main: 2738160754411860
Startup trace (nsec): init done: 2738160755337658
sleeping first increases startup time
       wait 5ms
Rx rate: 0
CheckIPHeader@4: IP header check failed: bad IP version
Received packet from device: 2738160755391777 ns:   76 | 60000000 00240001 fe800000 00000000 b5e5671a 538d26ba
Bench-helper startup time (nsec): 15590062
path '/home/okelmann/appclick-ubpf/benchmark' does not contain a 'flake.nix', searching up
warning: Git tree '/home/okelmann/appclick-ubpf' is dirty
Using saved setting for 'extra-substituters = https://tum-dse.cachix.org' from ~/.local/share/nix/trusted-settings.json.
Using saved setting for 'extra-trusted-public-keys = tum-dse.cachix.org-1:v67rK18oLwgO0Z4b69l30SrV1yRtqxKpiHodG4YxhNM=' from ~/.local/share/nix/trusted-settings.json.
    Finished `dev` profile [unoptimized + debuginfo] target(s) in 0.18s
     Running `target/debug/bench-helper`
CheckIPHeader@4: IP header check failed: bad IP version
Startup trace (nsec): main: 2738166601213864
Startup trace (nsec): init done: 2738166601846767
Received packet from device: 2738166601867350 ns:   76 | 60000000 00240001 fe800000 00000000 2e47b6e1 bae29e0d
Bench-helper startup time (nsec): 15163524
path '/home/okelmann/appclick-ubpf/benchmark' does not contain a 'flake.nix', searching up
warning: Git tree '/home/okelmann/appclick-ubpf' is dirty
Using saved setting for 'extra-substituters = https://tum-dse.cachix.org' from ~/.local/share/nix/trusted-settings.json.
Using saved setting for 'extra-trusted-public-keys = tum-dse.cachix.org-1:v67rK18oLwgO0Z4b69l30SrV1yRtqxKpiHodG4YxhNM=' from ~/.local/share/nix/trusted-settings.json.
    Finished `dev` profile [unoptimized + debuginfo] target(s) in 0.19s
     Running `target/debug/bench-helper`
CheckIPHeader@4: IP header check failed: bad IP version
Startup trace (nsec): main: 2738172468169728
Startup trace (nsec): init done: 2738172469080777
Received packet from device: 2738172469107083 ns:   76 | 60000000 00240001 fe800000 00000000 7f5418a5 dbbb4c1d
Bench-helper startup time (nsec): 16193697
path '/home/okelmann/appclick-ubpf/benchmark' does not contain a 'flake.nix', searching up
warning: Git tree '/home/okelmann/appclick-ubpf' is dirty
Using saved setting for 'extra-substituters = https://tum-dse.cachix.org' from ~/.local/share/nix/trusted-settings.json.
Using saved setting for 'extra-trusted-public-keys = tum-dse.cachix.org-1:v67rK18oLwgO0Z4b69l30SrV1yRtqxKpiHodG4YxhNM=' from ~/.local/share/nix/trusted-settings.json.
    Finished `dev` profile [unoptimized + debuginfo] target(s) in 0.18s
     Running `target/debug/bench-helper`
CheckIPHeader@4: IP header check failed: bad IP version
Startup trace (nsec): main: 2738178283517393
Startup trace (nsec): init done: 2738178284443369
Received packet from device: 2738178284465850 ns:   76 | 60000000 00240001 fe800000 00000000 bc4bbdaa 403f84c3
Bench-helper startup time (nsec): 15269873
path '/home/okelmann/appclick-ubpf/benchmark' does not contain a 'flake.nix', searching up
warning: Git tree '/home/okelmann/appclick-ubpf' is dirty
Using saved setting for 'extra-substituters = https://tum-dse.cachix.org' from ~/.local/share/nix/trusted-settings.json.
Using saved setting for 'extra-trusted-public-keys = tum-dse.cachix.org-1:v67rK18oLwgO0Z4b69l30SrV1yRtqxKpiHodG4YxhNM=' from ~/.local/share/nix/trusted-settings.json.
    Finished `dev` profile [unoptimized + debuginfo] target(s) in 0.18s
     Running `target/debug/bench-helper`
CheckIPHeader@4: IP header check failed: bad IP version
Startup trace (nsec): main: 2738184140076934
Startup trace (nsec): init done: 2738184140990732
Received packet from device: 2738184141019681 ns:   76 | 60000000 00240001 fe800000 00000000 d2281e92 dc021ae2
Bench-helper startup time (nsec): 15500752
path '/home/okelmann/appclick-ubpf/benchmark' does not contain a 'flake.nix', searching up
warning: Git tree '/home/okelmann/appclick-ubpf' is dirty
Using saved setting for 'extra-substituters = https://tum-dse.cachix.org' from ~/.local/share/nix/trusted-settings.json.
Using saved setting for 'extra-trusted-public-keys = tum-dse.cachix.org-1:v67rK18oLwgO0Z4b69l30SrV1yRtqxKpiHodG4YxhNM=' from ~/.local/share/nix/trusted-settings.json.
    Finished `dev` profile [unoptimized + debuginfo] target(s) in 0.18s
     Running `target/debug/bench-helper`
Startup trace (nsec): main: 2738189994776828
Startup trace (nsec): init done: 2738189995703066
sleeping first increases startup time
CheckIPHeader@4: IP header check failed: bad IP version
       wait 5ms
Rx rate: 0
Received packet from device: 2738189995757260 ns:   76 | 60000000 00240001 fe800000 00000000 94caf6a0 1c65b30c
Bench-helper startup time (nsec): 15248950
path '/home/okelmann/appclick-ubpf/benchmark' does not contain a 'flake.nix', searching up
warning: Git tree '/home/okelmann/appclick-ubpf' is dirty
Using saved setting for 'extra-substituters = https://tum-dse.cachix.org' from ~/.local/share/nix/trusted-settings.json.
Using saved setting for 'extra-trusted-public-keys = tum-dse.cachix.org-1:v67rK18oLwgO0Z4b69l30SrV1yRtqxKpiHodG4YxhNM=' from ~/.local/share/nix/trusted-settings.json.
    Finished `dev` profile [unoptimized + debuginfo] target(s) in 0.18s
     Running `target/debug/bench-helper`
Startup trace (nsec): main: 2738195814402090
Startup trace (nsec): init done: 2738195815329341
sleeping first increases startup time
CheckIPHeader@4: IP header check failed: bad IP version
       wait 5ms
Rx rate: 0
Received packet from device: 2738195815379073 ns:   76 | 60000000 00240001 fe800000 00000000 d3d6ba36 1a0666ee
Bench-helper startup time (nsec): 15368022
path '/home/okelmann/appclick-ubpf/benchmark' does not contain a 'flake.nix', searching up
warning: Git tree '/home/okelmann/appclick-ubpf' is dirty
Using saved setting for 'extra-substituters = https://tum-dse.cachix.org' from ~/.local/share/nix/trusted-settings.json.
Using saved setting for 'extra-trusted-public-keys = tum-dse.cachix.org-1:v67rK18oLwgO0Z4b69l30SrV1yRtqxKpiHodG4YxhNM=' from ~/.local/share/nix/trusted-settings.json.
    Finished `dev` profile [unoptimized + debuginfo] target(s) in 0.18s
     Running `target/debug/bench-helper`
Startup trace (nsec): main: 2738201648158123
Startup trace (nsec): init done: 2738201649113971
sleeping first increases startup time
CheckIPHeader@4: IP header check failed: bad IP version
       wait 5ms
Rx rate: 0
Received packet from device: 2738201649166536 ns:   76 | 60000000 00240001 fe800000 00000000 d0e79719 e82ed760
Bench-helper startup time (nsec): 15567907
