                                                                        nsec                                                                                                  
                                                                       count          mean           std           min           25%           50%           75%           max
repetitions num_vms vnf           system    label                                                                                                                             
3           1       empty         linux     first packet                30.0  2.735256e+15  5.466404e+10  2.735168e+15  2.735210e+15  2.735256e+15  2.735303e+15  2.735345e+15
                                            init done                   30.0  2.735256e+15  5.466404e+10  2.735168e+15  2.735210e+15  2.735256e+15  2.735303e+15  2.735345e+15
                                            main                        30.0  2.735256e+15  5.466403e+10  2.735168e+15  2.735210e+15  2.735256e+15  2.735303e+15  2.735345e+15
                                            total startup time          30.0  1.561489e+07  3.985950e+05  1.509781e+07  1.528771e+07  1.554416e+07  1.593989e+07  1.656459e+07
                                  uk        click main()                30.0  1.072824e+08  3.628939e+04  1.071734e+08  1.072667e+08  1.072848e+08  1.072992e+08  1.073516e+08
                                            first packet                30.0  1.429157e+08  1.465429e+05  1.426838e+08  1.428037e+08  1.429070e+08  1.430012e+08  1.433363e+08
                                            initialize elements         30.0  1.292086e+08  1.015368e+05  1.289798e+08  1.291230e+08  1.292192e+08  1.292901e+08  1.293649e+08
                                            initialize elements done    30.0  1.327876e+08  1.300777e+05  1.324339e+08  1.327292e+08  1.327884e+08  1.328662e+08  1.330109e+08
                                            print config                30.0  1.086989e+08  3.820351e+04  1.085862e+08  1.086776e+08  1.087021e+08  1.087219e+08  1.087715e+08
                                            print config done           30.0  1.259993e+08  9.256510e+04  1.257819e+08  1.259157e+08  1.260119e+08  1.260759e+08  1.261285e+08
                                            total startup time          30.0  2.780889e+08  1.123108e+06  2.765558e+08  2.770066e+08  2.780044e+08  2.789026e+08  2.806651e+08
                                  ukebpfjit click main()                 3.0  1.084736e+08  2.385373e+04  1.084547e+08  1.084602e+08  1.084658e+08  1.084831e+08  1.085004e+08
                                            init ebpf done            1284.0  5.485339e+09  3.047697e+09  1.842281e+08  2.847015e+09  5.485535e+09  8.123558e+09  1.077641e+10
                                            init ebpf vm              1284.0  5.481788e+09  3.047697e+09  1.787497e+08  2.843477e+09  5.481993e+09  8.120028e+09  1.077281e+10
                                            initialize elements          3.0  1.754650e+08  1.869892e+05  1.752741e+08  1.753735e+08  1.754729e+08  1.755604e+08  1.756478e+08
                                            initialize elements done     3.0  2.060966e+08  2.191340e+05  2.058685e+08  2.059922e+08  2.061158e+08  2.062107e+08  2.063055e+08
                                            jit                       1284.0  1.559815e+05  3.721419e+04  1.493250e+05  1.504018e+05  1.508260e+05  1.543658e+05  8.725870e+05
                                            load elf                  1284.0  8.615280e+02  2.670037e+02  7.050000e+02  8.090000e+02  8.400000e+02  8.730000e+02  6.882000e+03
                                            lock                      1284.0  1.044097e+02  1.022584e+03  4.300000e+01  5.100000e+01  5.200000e+01  5.400000e+01  2.241000e+04
                                            print                     1284.0  1.810925e+07  1.038104e+05  1.793327e+07  1.806233e+07  1.810226e+07  1.813801e+07  2.057780e+07
                                            print config                 3.0  1.101357e+08  1.761374e+04  1.101235e+08  1.101256e+08  1.101276e+08  1.101417e+08  1.101559e+08
                                            print config done            3.0  1.719917e+08  1.776705e+05  1.718164e+08  1.719017e+08  1.719870e+08  1.720794e+08  1.721717e+08
                                            read program              1284.0  4.273017e+03  4.869057e+02  3.851000e+03  4.123000e+03  4.186000e+03  4.265000e+03  9.583000e+03
                                            signature                 1284.0  1.300662e+05  6.068974e+04  1.231270e+05  1.255528e+05  1.264010e+05  1.276325e+05  1.385779e+06
                                            total                      900.0  2.467072e+07  1.141729e+05  2.449953e+07  2.460628e+07  2.464836e+07  2.469110e+07  2.549880e+07
                                  uktrace   click main()                30.0  1.076643e+08  4.320965e+04  1.075819e+08  1.076328e+08  1.076668e+08  1.076951e+08  1.077429e+08
                                            first packet                30.0  1.448028e+08  1.649690e+05  1.445028e+08  1.446883e+08  1.448234e+08  1.448975e+08  1.451726e+08
                                            initialize elements         30.0  1.305959e+08  1.171025e+05  1.303462e+08  1.305115e+08  1.306040e+08  1.306773e+08  1.308943e+08
                                            initialize elements done    30.0  1.343353e+08  1.403634e+05  1.340600e+08  1.342388e+08  1.343499e+08  1.344137e+08  1.346577e+08
                                            print config                30.0  1.091565e+08  4.903388e+04  1.090648e+08  1.091195e+08  1.091608e+08  1.091923e+08  1.092523e+08
                                            print config done           30.0  1.272612e+08  1.062489e+05  1.270360e+08  1.271841e+08  1.272641e+08  1.273350e+08  1.275311e+08
                                            qemu kvm entry              30.0  2.794941e+15  5.572865e+10  2.794852e+15  2.794892e+15  2.794941e+15  2.794990e+15  2.795030e+15
                                            qemu kvm port 253           30.0  2.794941e+15  5.572864e+10  2.794852e+15  2.794892e+15  2.794941e+15  2.794990e+15  2.795030e+15
                                            qemu kvm port 254           30.0  2.794941e+15  5.572860e+10  2.794852e+15  2.794892e+15  2.794941e+15  2.794990e+15  2.795030e+15
                                            qemu kvm port 255           30.0  2.794941e+15  5.572854e+10  2.794852e+15  2.794892e+15  2.794941e+15  2.794990e+15  2.795030e+15
                                            qemu start                  30.0  2.794941e+15  5.572839e+10  2.794852e+15  2.794892e+15  2.794941e+15  2.794990e+15  2.795030e+15
                                            total startup time          30.0  2.820929e+08  1.077146e+06  2.802774e+08  2.812905e+08  2.819475e+08  2.828947e+08  2.845552e+08
                    filter        linux     first packet                30.0  2.735846e+15  5.466337e+10  2.735757e+15  2.735799e+15  2.735846e+15  2.735892e+15  2.735935e+15
                                            init done                   30.0  2.735846e+15  5.466337e+10  2.735757e+15  2.735799e+15  2.735846e+15  2.735892e+15  2.735935e+15
                                            main                        30.0  2.735846e+15  5.466361e+10  2.735757e+15  2.735799e+15  2.735846e+15  2.735892e+15  2.735935e+15
                                            total startup time          30.0  1.607194e+07  7.812851e+05  1.526122e+07  1.554738e+07  1.574537e+07  1.651774e+07  1.842550e+07
                                  uk        click main()                30.0  1.072766e+08  4.518846e+04  1.071965e+08  1.072392e+08  1.072756e+08  1.073083e+08  1.073804e+08
                                            first packet                30.0  1.696227e+08  3.884542e+05  1.690924e+08  1.692675e+08  1.696643e+08  1.698235e+08  1.707298e+08
                                            initialize elements         30.0  1.558618e+08  2.877390e+05  1.554056e+08  1.556162e+08  1.559141e+08  1.560358e+08  1.567030e+08
                                            initialize elements done    30.0  1.594834e+08  3.209345e+05  1.590644e+08  1.591792e+08  1.594735e+08  1.596760e+08  1.602902e+08
                                            print config                30.0  1.086973e+08  5.029025e+04  1.086171e+08  1.086529e+08  1.086993e+08  1.087266e+08  1.088098e+08
                                            print config done           30.0  1.526235e+08  2.739695e+05  1.521972e+08  1.523854e+08  1.526807e+08  1.527973e+08  1.534226e+08
                                            total startup time          30.0  3.047536e+08  1.388715e+06  3.022543e+08  3.037308e+08  3.045541e+08  3.058303e+08  3.077061e+08
                                  ukebpfjit click main()                 3.0  1.084818e+08  3.117706e+04  1.084523e+08  1.084655e+08  1.084786e+08  1.084965e+08  1.085144e+08
                                            init ebpf done             984.0  4.319547e+09  2.342862e+09  1.850295e+08  2.289896e+09  4.318908e+09  6.345009e+09  8.394716e+09
                                            init ebpf vm               984.0  4.315990e+09  2.342870e+09  1.794699e+08  2.286342e+09  4.315350e+09  6.341465e+09  8.391155e+09
                                            initialize elements          3.0  1.760786e+08  1.710878e+05  1.759674e+08  1.759801e+08  1.759928e+08  1.761342e+08  1.762756e+08
                                            initialize elements done     3.0  2.067893e+08  1.742151e+05  2.066306e+08  2.066961e+08  2.067615e+08  2.068686e+08  2.069757e+08
                                            jit                        984.0  1.578072e+05  4.052292e+04  1.496460e+05  1.513052e+05  1.548120e+05  1.554678e+05  8.797620e+05
                                            load elf                   984.0  1.004824e+03  3.357348e+02  8.350000e+02  9.470000e+02  9.790000e+02  1.014000e+03  7.206000e+03
                                            lock                       984.0  1.208120e+02  1.277530e+03  4.300000e+01  4.800000e+01  4.900000e+01  5.100000e+01  2.657600e+04
                                            print                      984.0  1.815455e+07  1.046593e+05  1.797968e+07  1.810890e+07  1.815409e+07  1.819257e+07  2.058198e+07
                                            print config                 3.0  1.101442e+08  3.617555e+04  1.101109e+08  1.101249e+08  1.101390e+08  1.101608e+08  1.101827e+08
                                            print config done            3.0  1.725974e+08  1.646198e+05  1.724816e+08  1.725032e+08  1.725248e+08  1.726553e+08  1.727858e+08
                                            read program               984.0  4.603522e+03  4.377082e+02  4.125000e+03  4.458750e+03  4.537000e+03  4.635000e+03  1.004900e+04
                                            signature                  984.0  1.318938e+05  7.075207e+04  1.242650e+05  1.262332e+05  1.275110e+05  1.286898e+05  1.422748e+06
                                            total                      600.0  2.471899e+07  8.805347e+04  2.458450e+07  2.467184e+07  2.472025e+07  2.475495e+07  2.587729e+07
                                  uktrace   click main()                30.0  1.076442e+08  3.135256e+04  1.075884e+08  1.076208e+08  1.076431e+08  1.076648e+08  1.077195e+08
                                            first packet                30.0  1.723666e+08  2.366628e+05  1.718377e+08  1.722328e+08  1.724077e+08  1.724871e+08  1.728276e+08
                                            initialize elements         30.0  1.580998e+08  1.840439e+05  1.577753e+08  1.580081e+08  1.581103e+08  1.582120e+08  1.584706e+08
                                            initialize elements done    30.0  1.618475e+08  2.526169e+05  1.613965e+08  1.617120e+08  1.618323e+08  1.620366e+08  1.623157e+08
                                            print config                30.0  1.091345e+08  3.369548e+04  1.090681e+08  1.091074e+08  1.091315e+08  1.091534e+08  1.092098e+08
                                            print config done           30.0  1.547508e+08  1.748705e+05  1.544417e+08  1.546591e+08  1.547535e+08  1.548540e+08  1.551013e+08
                                            qemu kvm entry              30.0  2.795133e+15  5.566860e+10  2.795045e+15  2.795084e+15  2.795133e+15  2.795182e+15  2.795222e+15
                                            qemu kvm port 253           30.0  2.795134e+15  5.566886e+10  2.795045e+15  2.795085e+15  2.795134e+15  2.795183e+15  2.795223e+15
                                            qemu kvm port 254           30.0  2.795134e+15  5.566887e+10  2.795045e+15  2.795085e+15  2.795134e+15  2.795183e+15  2.795223e+15
                                            qemu kvm port 255           30.0  2.795133e+15  5.566877e+10  2.795045e+15  2.795085e+15  2.795133e+15  2.795182e+15  2.795222e+15
                                            qemu start                  30.0  2.795133e+15  5.566861e+10  2.795044e+15  2.795084e+15  2.795133e+15  2.795182e+15  2.795222e+15
                                            total startup time          30.0  3.100680e+08  9.712387e+05  3.081227e+08  3.094106e+08  3.102004e+08  3.106198e+08  3.123499e+08
                    firewall-1000 linux     first packet                30.0  2.738762e+15  5.465075e+10  2.738673e+15  2.738716e+15  2.738762e+15  2.738809e+15  2.738851e+15
                                            init done                   30.0  2.738762e+15  5.465075e+10  2.738673e+15  2.738716e+15  2.738762e+15  2.738809e+15  2.738851e+15
                                            main                        30.0  2.738762e+15  5.465133e+10  2.738673e+15  2.738716e+15  2.738762e+15  2.738809e+15  2.738851e+15
                                            total startup time          30.0  5.134319e+07  1.227801e+06  5.005351e+07  5.058776e+07  5.095443e+07  5.163563e+07  5.468490e+07
                                  uk        click main()                30.0  1.072724e+08  4.625577e+04  1.071833e+08  1.072540e+08  1.072779e+08  1.073058e+08  1.073695e+08
                                            first packet                30.0  2.674128e+09  8.291134e+06  2.659142e+09  2.668272e+09  2.674201e+09  2.681300e+09  2.688176e+09
                                            initialize elements         30.0  2.626803e+09  8.263401e+06  2.611990e+09  2.620911e+09  2.626813e+09  2.634038e+09  2.640856e+09
                                            initialize elements done    30.0  2.663996e+09  8.257931e+06  2.649148e+09  2.658139e+09  2.664060e+09  2.671212e+09  2.677889e+09
                                            print config                30.0  1.086916e+08  5.196069e+04  1.085955e+08  1.086663e+08  1.086978e+08  1.087216e+08  1.088012e+08
                                            print config done           30.0  2.623514e+09  8.252478e+06  2.608727e+09  2.617625e+09  2.623526e+09  2.630736e+09  2.637547e+09
                                            total startup time          30.0  2.809922e+09  8.277710e+06  2.794853e+09  2.805809e+09  2.809444e+09  2.816987e+09  2.824251e+09
                                  ukebpfjit click main()                 3.0  1.084780e+08  1.870283e+04  1.084566e+08  1.084714e+08  1.084862e+08  1.084887e+08  1.084912e+08
                                            init ebpf done            1284.0  5.505064e+09  3.056708e+09  1.849615e+08  2.862306e+09  5.503726e+09  8.145463e+09  1.080089e+10
                                            init ebpf vm              1284.0  5.501474e+09  3.056706e+09  1.793620e+08  2.858729e+09  5.500143e+09  8.141875e+09  1.079724e+10
                                            initialize elements          3.0  1.760443e+08  1.702790e+05  1.758633e+08  1.759658e+08  1.760683e+08  1.761348e+08  1.762013e+08
                                            initialize elements done     3.0  2.068227e+08  1.295422e+05  2.066752e+08  2.067751e+08  2.068749e+08  2.068965e+08  2.069180e+08
                                            jit                       1284.0  1.738192e+05  3.575450e+04  1.650160e+05  1.684945e+05  1.721570e+05  1.730735e+05  8.974090e+05
                                            load elf                  1284.0  5.970130e+03  5.314072e+02  5.563000e+03  5.806000e+03  5.899000e+03  6.001000e+03  1.266900e+04
                                            lock                      1284.0  1.033964e+02  1.014994e+03  4.700000e+01  5.200000e+01  5.300000e+01  5.500000e+01  2.187800e+04
                                            print                     1284.0  1.814753e+07  7.611892e+04  1.800300e+07  1.811316e+07  1.813920e+07  1.816402e+07  1.927708e+07
                                            print config                 3.0  1.101323e+08  2.376382e+04  1.101050e+08  1.101247e+08  1.101444e+08  1.101460e+08  1.101476e+08
                                            print config done            3.0  1.725720e+08  1.637913e+05  1.724063e+08  1.724911e+08  1.725760e+08  1.726549e+08  1.727338e+08
                                            read program              1284.0  7.902547e+03  4.654732e+02  7.528000e+03  7.752000e+03  7.831000e+03  7.918250e+03  1.313600e+04
                                            signature                 1284.0  1.420889e+05  6.224681e+04  1.350100e+05  1.374755e+05  1.385545e+05  1.397492e+05  1.444025e+06
                                            total                      900.0  2.475458e+07  8.889952e+04  2.465443e+07  2.470480e+07  2.473010e+07  2.475792e+07  2.525380e+07
                                  uktrace   click main()                30.0  1.076502e+08  4.389207e+04  1.075903e+08  1.076122e+08  1.076409e+08  1.076723e+08  1.077548e+08
                                            first packet                30.0  2.760345e+09  8.375991e+06  2.744329e+09  2.755051e+09  2.758965e+09  2.764455e+09  2.785361e+09
                                            initialize elements         30.0  2.712532e+09  8.347560e+06  2.696550e+09  2.707270e+09  2.711200e+09  2.716612e+09  2.737375e+09
                                            initialize elements done    30.0  2.749862e+09  8.339224e+06  2.733891e+09  2.744575e+09  2.748474e+09  2.753966e+09  2.774764e+09
                                            print config                30.0  1.091403e+08  4.856739e+04  1.090786e+08  1.090992e+08  1.091337e+08  1.091635e+08  1.092557e+08
                                            print config done           30.0  2.709122e+09  8.338207e+06  2.693157e+09  2.703869e+09  2.707785e+09  2.713209e+09  2.733941e+09
                                            qemu kvm entry              30.0  2.796125e+15  7.703989e+10  2.796001e+15  2.796059e+15  2.796125e+15  2.796192e+15  2.796249e+15
                                            qemu kvm port 253           30.0  2.796128e+15  7.703759e+10  2.796004e+15  2.796061e+15  2.796128e+15  2.796195e+15  2.796252e+15
                                            qemu kvm port 254           30.0  2.796125e+15  7.704005e+10  2.796001e+15  2.796059e+15  2.796125e+15  2.796192e+15  2.796250e+15
                                            qemu kvm port 255           30.0  2.796125e+15  7.704003e+10  2.796001e+15  2.796059e+15  2.796125e+15  2.796192e+15  2.796249e+15
                                            qemu start                  30.0  2.796125e+15  7.703990e+10  2.796001e+15  2.796059e+15  2.796125e+15  2.796192e+15  2.796249e+15
                                            total startup time          30.0  2.898918e+09  9.302781e+06  2.882665e+09  2.892429e+09  2.896302e+09  2.905380e+09  2.924622e+09
                    firewall-2    linux     first packet                30.0  2.738175e+15  5.471548e+10  2.738086e+15  2.738129e+15  2.738175e+15  2.738222e+15  2.738264e+15
                                            init done                   30.0  2.738175e+15  5.471547e+10  2.738086e+15  2.738129e+15  2.738175e+15  2.738222e+15  2.738264e+15
                                            main                        30.0  2.738175e+15  5.471608e+10  2.738086e+15  2.738129e+15  2.738175e+15  2.738222e+15  2.738264e+15
                                            total startup time          30.0  1.617346e+07  1.244635e+06  1.516352e+07  1.551736e+07  1.574768e+07  1.618515e+07  2.049648e+07
                                  uk        click main()                30.0  1.072814e+08  4.122580e+04  1.072141e+08  1.072482e+08  1.072801e+08  1.073088e+08  1.073734e+08
                                            first packet                30.0  1.528369e+08  2.146587e+05  1.524826e+08  1.526875e+08  1.528003e+08  1.530188e+08  1.532404e+08
                                            initialize elements         30.0  1.390671e+08  1.593920e+05  1.388096e+08  1.389122e+08  1.390946e+08  1.391929e+08  1.393482e+08
                                            initialize elements done    30.0  1.426991e+08  1.759985e+05  1.424197e+08  1.425744e+08  1.427085e+08  1.428428e+08  1.430268e+08
                                            print config                30.0  1.087005e+08  4.613809e+04  1.086181e+08  1.086579e+08  1.087062e+08  1.087303e+08  1.087967e+08
                                            print config done           30.0  1.358544e+08  1.474546e+05  1.356163e+08  1.357054e+08  1.358803e+08  1.359712e+08  1.361186e+08
                                            total startup time          30.0  2.880095e+08  1.399991e+06  2.861993e+08  2.871318e+08  2.877490e+08  2.884565e+08  2.920770e+08
                                  ukebpfjit click main()                 3.0  1.084902e+08  3.167869e+04  1.084537e+08  1.084800e+08  1.085063e+08  1.085084e+08  1.085106e+08
                                            init ebpf done            1284.0  5.505764e+09  3.058841e+09  1.849003e+08  2.863461e+09  5.504316e+09  8.149879e+09  1.080799e+10
                                            init ebpf vm              1284.0  5.502202e+09  3.058840e+09  1.793331e+08  2.859914e+09  5.500732e+09  8.146301e+09  1.080437e+10
                                            initialize elements          3.0  1.760703e+08  2.602710e+05  1.758323e+08  1.759313e+08  1.760303e+08  1.761893e+08  1.763482e+08
                                            initialize elements done     3.0  2.069301e+08  3.109885e+05  2.066397e+08  2.067660e+08  2.068924e+08  2.070753e+08  2.072582e+08
                                            jit                       1284.0  1.579328e+05  3.697100e+04  1.493100e+05  1.510992e+05  1.558700e+05  1.567112e+05  9.122280e+05
                                            load elf                  1284.0  1.529232e+03  3.603608e+02  1.335000e+03  1.453750e+03  1.491000e+03  1.539000e+03  8.067000e+03
                                            lock                      1284.0  1.007897e+02  1.028638e+03  4.400000e+01  4.800000e+01  4.900000e+01  5.100000e+01  2.214300e+04
                                            print                     1284.0  1.818534e+07  1.361854e+05  1.801234e+07  1.813721e+07  1.818398e+07  1.821578e+07  2.075018e+07
                                            print config                 3.0  1.101493e+08  2.863352e+04  1.101174e+08  1.101375e+08  1.101576e+08  1.101652e+08  1.101728e+08
                                            print config done            3.0  1.725936e+08  2.515481e+05  1.723623e+08  1.724597e+08  1.725571e+08  1.727093e+08  1.728614e+08
                                            read program              1284.0  4.707842e+03  3.815014e+02  4.320000e+03  4.556750e+03  4.656000e+03  4.778000e+03  9.007000e+03
                                            signature                 1284.0  1.309644e+05  6.184117e+04  1.247250e+05  1.264138e+05  1.272690e+05  1.284932e+05  1.410092e+06
                                            total                      900.0  2.476647e+07  1.139511e+05  2.459048e+07  2.469629e+07  2.476733e+07  2.479531e+07  2.570534e+07
                                  uktrace   click main()                30.0  1.076568e+08  3.290507e+04  1.075810e+08  1.076371e+08  1.076582e+08  1.076729e+08  1.077392e+08
                                            first packet                30.0  1.550312e+08  2.061339e+05  1.546744e+08  1.549120e+08  1.550484e+08  1.550998e+08  1.556988e+08
                                            initialize elements         30.0  1.407633e+08  1.428286e+05  1.404623e+08  1.406828e+08  1.407485e+08  1.408157e+08  1.411913e+08
                                            initialize elements done    30.0  1.445122e+08  1.842577e+05  1.440724e+08  1.444381e+08  1.445211e+08  1.445731e+08  1.450750e+08
                                            print config                30.0  1.091478e+08  3.767763e+04  1.090685e+08  1.091221e+08  1.091505e+08  1.091686e+08  1.092441e+08
                                            print config done           30.0  1.374284e+08  1.289376e+05  1.371494e+08  1.373600e+08  1.374158e+08  1.374760e+08  1.378069e+08
                                            qemu kvm entry              30.0  2.795897e+15  5.567154e+10  2.795809e+15  2.795848e+15  2.795897e+15  2.795946e+15  2.795986e+15
                                            qemu kvm port 253           30.0  2.795898e+15  5.567165e+10  2.795809e+15  2.795849e+15  2.795898e+15  2.795947e+15  2.795987e+15
                                            qemu kvm port 254           30.0  2.795898e+15  5.567167e+10  2.795809e+15  2.795849e+15  2.795898e+15  2.795947e+15  2.795987e+15
                                            qemu kvm port 255           30.0  2.795897e+15  5.567168e+10  2.795809e+15  2.795848e+15  2.795897e+15  2.795946e+15  2.795986e+15
                                            qemu start                  30.0  2.795897e+15  5.567172e+10  2.795808e+15  2.795848e+15  2.795897e+15  2.795946e+15  2.795986e+15
                                            total startup time          30.0  2.920864e+08  1.101982e+06  2.905085e+08  2.910738e+08  2.920533e+08  2.929995e+08  2.945765e+08
                    ids           linux     first packet                30.0  2.736433e+15  5.464591e+10  2.736344e+15  2.736386e+15  2.736433e+15  2.736479e+15  2.736522e+15
                                            init done                   30.0  2.736433e+15  5.464591e+10  2.736344e+15  2.736386e+15  2.736433e+15  2.736479e+15  2.736522e+15
                                            main                        30.0  2.736433e+15  5.464660e+10  2.736344e+15  2.736386e+15  2.736433e+15  2.736479e+15  2.736522e+15
                                            total startup time          30.0  1.630193e+07  1.809808e+06  1.510524e+07  1.548280e+07  1.562563e+07  1.608560e+07  2.398639e+07
                                  uk        click main()                30.0  1.072844e+08  4.793084e+04  1.072089e+08  1.072522e+08  1.072820e+08  1.073074e+08  1.074693e+08
                                            first packet                30.0  1.438311e+08  1.578756e+05  1.434288e+08  1.437481e+08  1.438338e+08  1.439235e+08  1.441654e+08
                                            initialize elements         30.0  1.301046e+08  1.180603e+05  1.298365e+08  1.300319e+08  1.300991e+08  1.301665e+08  1.303566e+08
                                            initialize elements done    30.0  1.337123e+08  1.267609e+05  1.333579e+08  1.336457e+08  1.337267e+08  1.337939e+08  1.339984e+08
                                            print config                30.0  1.087012e+08  5.142800e+04  1.086085e+08  1.086692e+08  1.086999e+08  1.087187e+08  1.088820e+08
                                            print config done           30.0  1.268927e+08  1.065333e+05  1.266551e+08  1.268220e+08  1.268921e+08  1.269573e+08  1.271136e+08
                                            total startup time          30.0  2.794391e+08  1.202861e+06  2.770974e+08  2.786003e+08  2.791834e+08  2.804731e+08  2.817993e+08
                                  ukebpfjit click main()                 3.0  1.084937e+08  2.866271e+04  1.084639e+08  1.084801e+08  1.084962e+08  1.085086e+08  1.085211e+08
                                            init ebpf done            1284.0  5.516396e+09  3.060275e+09  1.849939e+08  2.868375e+09  5.518855e+09  8.162628e+09  1.084976e+10
                                            init ebpf vm              1284.0  5.512835e+09  3.060275e+09  1.794296e+08  2.864827e+09  5.515302e+09  8.159064e+09  1.084613e+10
                                            initialize elements          3.0  1.761506e+08  1.872492e+05  1.759387e+08  1.760791e+08  1.762195e+08  1.762566e+08  1.762936e+08
                                            initialize elements done     3.0  2.068701e+08  2.169423e+05  2.066228e+08  2.067908e+08  2.069587e+08  2.069937e+08  2.070286e+08
                                            jit                       1284.0  1.560094e+05  3.624667e+04  1.480860e+05  1.510175e+05  1.535110e+05  1.557292e+05  9.079160e+05
                                            load elf                  1284.0  1.169769e+03  3.139313e+02  1.013000e+03  1.110750e+03  1.139000e+03  1.175250e+03  7.183000e+03
                                            lock                      1284.0  1.046939e+02  1.014486e+03  4.400000e+01  4.900000e+01  5.100000e+01  5.500000e+01  2.180000e+04
                                            print                     1284.0  1.819993e+07  1.114390e+05  1.799302e+07  1.814652e+07  1.818559e+07  1.824071e+07  2.075626e+07
                                            print config                 3.0  1.101539e+08  2.690167e+04  1.101244e+08  1.101424e+08  1.101603e+08  1.101687e+08  1.101771e+08
                                            print config done            3.0  1.726747e+08  1.720661e+05  1.724793e+08  1.726101e+08  1.727408e+08  1.727723e+08  1.728038e+08
                                            read program              1284.0  4.597027e+03  3.181368e+02  4.177000e+03  4.446000e+03  4.552000e+03  4.679250e+03  8.620000e+03
                                            signature                 1284.0  1.302886e+05  6.170234e+04  1.243220e+05  1.258418e+05  1.264865e+05  1.275290e+05  1.414488e+06
                                            total                      900.0  2.477542e+07  1.198663e+05  2.460985e+07  2.469683e+07  2.474655e+07  2.482658e+07  2.566510e+07
                                  uktrace   click main()                30.0  1.076612e+08  3.614452e+04  1.075988e+08  1.076339e+08  1.076565e+08  1.076808e+08  1.077345e+08
                                            first packet                30.0  1.457726e+08  1.958321e+05  1.452831e+08  1.456598e+08  1.457476e+08  1.459053e+08  1.461193e+08
                                            initialize elements         30.0  1.315393e+08  1.301470e+05  1.313134e+08  1.314569e+08  1.315168e+08  1.316373e+08  1.317970e+08
                                            initialize elements done    30.0  1.352782e+08  1.813074e+05  1.349048e+08  1.351441e+08  1.352681e+08  1.354071e+08  1.356032e+08
                                            print config                30.0  1.091529e+08  4.235482e+04  1.090833e+08  1.091217e+08  1.091492e+08  1.091825e+08  1.092361e+08
                                            print config done           30.0  1.282041e+08  1.213757e+05  1.280013e+08  1.281344e+08  1.281867e+08  1.282830e+08  1.284517e+08
                                            qemu kvm entry              30.0  2.795326e+15  5.573687e+10  2.795237e+15  2.795277e+15  2.795326e+15  2.795375e+15  2.795415e+15
                                            qemu kvm port 253           30.0  2.795326e+15  5.573696e+10  2.795237e+15  2.795277e+15  2.795326e+15  2.795375e+15  2.795415e+15
                                            qemu kvm port 254           30.0  2.795326e+15  5.573694e+10  2.795237e+15  2.795277e+15  2.795326e+15  2.795375e+15  2.795415e+15
                                            qemu kvm port 255           30.0  2.795326e+15  5.573692e+10  2.795237e+15  2.795277e+15  2.795326e+15  2.795375e+15  2.795415e+15
                                            qemu start                  30.0  2.795326e+15  5.573678e+10  2.795237e+15  2.795277e+15  2.795326e+15  2.795375e+15  2.795415e+15
                                            total startup time          30.0  2.833961e+08  1.460019e+06  2.807784e+08  2.824698e+08  2.831340e+08  2.841678e+08  2.867042e+08
                    mirror        linux     first packet                30.0  2.737019e+15  5.467400e+10  2.736931e+15  2.736973e+15  2.737019e+15  2.737066e+15  2.737108e+15
                                            init done                   30.0  2.737019e+15  5.467400e+10  2.736931e+15  2.736973e+15  2.737019e+15  2.737066e+15  2.737108e+15
                                            main                        30.0  2.737019e+15  5.467457e+10  2.736931e+15  2.736973e+15  2.737019e+15  2.737066e+15  2.737108e+15
                                            total startup time          30.0  1.598684e+07  1.047285e+06  1.518965e+07  1.543710e+07  1.561478e+07  1.594431e+07  1.904811e+07
                                  uk        click main()                30.0  1.072809e+08  3.706225e+04  1.071667e+08  1.072656e+08  1.072857e+08  1.073025e+08  1.073392e+08
                                            first packet                30.0  1.433626e+08  1.354031e+05  1.430361e+08  1.432933e+08  1.433804e+08  1.434553e+08  1.435651e+08
                                            initialize elements         30.0  1.296258e+08  1.078730e+05  1.293368e+08  1.295686e+08  1.296386e+08  1.296828e+08  1.298082e+08
                                            initialize elements done    30.0  1.332377e+08  1.166807e+05  1.329530e+08  1.331599e+08  1.332655e+08  1.333221e+08  1.334380e+08
                                            print config                30.0  1.087005e+08  4.157475e+04  1.085716e+08  1.086809e+08  1.087047e+08  1.087220e+08  1.087700e+08
                                            print config done           30.0  1.264154e+08  1.000392e+05  1.261366e+08  1.263636e+08  1.264222e+08  1.264685e+08  1.265846e+08
                                            total startup time          30.0  2.783686e+08  9.645844e+05  2.763270e+08  2.777918e+08  2.782727e+08  2.788152e+08  2.804723e+08
                                  ukebpfjit click main()                 3.0  1.085007e+08  5.070968e+04  1.084552e+08  1.084734e+08  1.084916e+08  1.085235e+08  1.085554e+08
                                            init ebpf done            1284.0  5.499447e+09  3.055232e+09  1.847905e+08  2.857343e+09  5.499575e+09  8.139296e+09  1.080328e+10
                                            init ebpf vm              1284.0  5.495891e+09  3.055233e+09  1.792641e+08  2.853803e+09  5.496031e+09  8.135759e+09  1.079967e+10
                                            initialize elements          3.0  1.760952e+08  2.951052e+05  1.757765e+08  1.759633e+08  1.761500e+08  1.762545e+08  1.763590e+08
                                            initialize elements done     3.0  2.068068e+08  3.724315e+05  2.064160e+08  2.066313e+08  2.068466e+08  2.070022e+08  2.071577e+08
                                            jit                       1284.0  1.571413e+05  3.600064e+04  1.479830e+05  1.510235e+05  1.550980e+05  1.565758e+05  8.910740e+05
                                            load elf                  1284.0  1.085210e+03  2.801792e+02  9.380000e+02  1.029000e+03  1.061000e+03  1.099000e+03  6.184000e+03
                                            lock                      1284.0  1.062048e+02  1.103613e+03  4.400000e+01  4.900000e+01  5.100000e+01  5.400000e+01  2.355000e+04
                                            print                     1284.0  1.816777e+07  1.044188e+05  1.792431e+07  1.811564e+07  1.816413e+07  1.820258e+07  2.069827e+07
                                            print config                 3.0  1.101596e+08  6.396538e+04  1.101003e+08  1.101257e+08  1.101512e+08  1.101893e+08  1.102274e+08
                                            print config done            3.0  1.726245e+08  2.830147e+05  1.723190e+08  1.724978e+08  1.726766e+08  1.727772e+08  1.728778e+08
                                            read program              1284.0  4.529782e+03  3.963779e+02  4.170000e+03  4.395750e+03  4.469000e+03  4.555250e+03  1.202800e+04
                                            signature                 1284.0  1.302174e+05  6.147592e+04  1.235140e+05  1.255332e+05  1.266845e+05  1.280972e+05  1.411285e+06
                                            total                      900.0  2.473290e+07  1.029588e+05  2.456370e+07  2.465392e+07  2.473112e+07  2.476511e+07  2.504274e+07
                                  uktrace   click main()                30.0  1.076729e+08  4.523334e+04  1.075857e+08  1.076508e+08  1.076765e+08  1.076951e+08  1.078173e+08
                                            first packet                30.0  1.453775e+08  4.588934e+05  1.449143e+08  1.452368e+08  1.452873e+08  1.453872e+08  1.476443e+08
                                            initialize elements         30.0  1.311483e+08  4.661050e+05  1.307866e+08  1.310181e+08  1.310679e+08  1.311425e+08  1.335343e+08
                                            initialize elements done    30.0  1.348536e+08  4.698201e+05  1.345071e+08  1.346771e+08  1.347781e+08  1.348420e+08  1.372001e+08
                                            print config                30.0  1.091648e+08  4.793609e+04  1.090625e+08  1.091403e+08  1.091686e+08  1.091935e+08  1.092993e+08
                                            print config done           30.0  1.278075e+08  4.623570e+05  1.274717e+08  1.276864e+08  1.277277e+08  1.277971e+08  1.301889e+08
                                            qemu kvm entry              30.0  2.795519e+15  5.572319e+10  2.795430e+15  2.795470e+15  2.795519e+15  2.795568e+15  2.795608e+15
                                            qemu kvm port 253           30.0  2.795519e+15  5.572312e+10  2.795430e+15  2.795470e+15  2.795519e+15  2.795568e+15  2.795608e+15
                                            qemu kvm port 254           30.0  2.795519e+15  5.572319e+10  2.795430e+15  2.795470e+15  2.795519e+15  2.795568e+15  2.795608e+15
                                            qemu kvm port 255           30.0  2.795519e+15  5.572317e+10  2.795430e+15  2.795470e+15  2.795519e+15  2.795568e+15  2.795608e+15
                                            qemu start                  30.0  2.795519e+15  5.572292e+10  2.795430e+15  2.795470e+15  2.795519e+15  2.795568e+15  2.795608e+15
                                            total startup time          30.0  2.824047e+08  1.259320e+06  2.801595e+08  2.815892e+08  2.822161e+08  2.831695e+08  2.854598e+08
                    nat           linux     first packet                30.0  2.737603e+15  5.268061e+10  2.737517e+15  2.737558e+15  2.737603e+15  2.737648e+15  2.737688e+15
                                            init done                   30.0  2.737603e+15  5.268061e+10  2.737517e+15  2.737558e+15  2.737603e+15  2.737648e+15  2.737688e+15
                                            main                        30.0  2.737603e+15  5.268078e+10  2.737517e+15  2.737558e+15  2.737603e+15  2.737647e+15  2.737688e+15
                                            total startup time          30.0  1.294951e+08  3.558307e+06  1.270735e+08  1.275848e+08  1.282528e+08  1.297119e+08  1.427258e+08
                                  uk        click main()                30.0  1.072758e+08  3.696918e+04  1.072041e+08  1.072500e+08  1.072770e+08  1.072905e+08  1.073887e+08
                                            first packet                30.0  5.382955e+08  1.393425e+06  5.352427e+08  5.374776e+08  5.383296e+08  5.391009e+08  5.408036e+08
                                            initialize elements         30.0  5.242668e+08  1.354250e+06  5.212863e+08  5.234510e+08  5.242527e+08  5.250662e+08  5.267010e+08
                                            initialize elements done    30.0  5.281631e+08  1.372371e+06  5.251780e+08  5.273697e+08  5.281847e+08  5.289857e+08  5.306424e+08
                                            print config                30.0  1.086940e+08  4.145594e+04  1.086118e+08  1.086672e+08  1.086930e+08  1.087117e+08  1.088279e+08
                                            print config done           30.0  5.209141e+08  1.343338e+06  5.179578e+08  5.201074e+08  5.208951e+08  5.217012e+08  5.233309e+08
                                            total startup time          30.0  6.737142e+08  1.761024e+06  6.699811e+08  6.725166e+08  6.736413e+08  6.747963e+08  6.773530e+08
                                  ukebpfjit click main()                 3.0  1.084605e+08  3.266721e+04  1.084242e+08  1.084470e+08  1.084698e+08  1.084787e+08  1.084875e+08
                                            init ebpf done             984.0  4.359217e+09  2.345790e+09  1.913923e+08  2.332057e+09  4.358319e+09  6.387185e+09  8.425891e+09
                                            init ebpf vm               984.0  4.355624e+09  2.345834e+09  1.790211e+08  2.328492e+09  4.354751e+09  6.383599e+09  8.422333e+09
                                            initialize elements          3.0  1.756200e+08  9.787840e+04  1.755239e+08  1.755702e+08  1.756166e+08  1.756681e+08  1.757196e+08
                                            initialize elements done     3.0  2.133362e+08  1.088704e+05  2.132141e+08  2.132926e+08  2.133711e+08  2.133972e+08  2.134233e+08
                                            jit                        984.0  1.642756e+05  4.172828e+04  1.560690e+05  1.581898e+05  1.608965e+05  1.619520e+05  9.123510e+05
                                            load elf                   984.0  2.437707e+04  3.739595e+05  3.061000e+03  3.428500e+03  3.631000e+03  3.839250e+03  6.792445e+06
                                            load elf > relocate map      6.0  9.325000e+02  4.993687e+02  4.730000e+02  5.075000e+02  8.055000e+02  1.367500e+03  1.548000e+03
                                            lock                       984.0  1.209248e+02  1.222324e+03  4.700000e+01  5.100000e+01  5.300000e+01  5.500000e+01  2.342600e+04
                                            print                      984.0  1.817081e+07  1.208750e+05  1.801731e+07  1.813617e+07  1.817075e+07  1.819913e+07  2.067001e+07
                                            print config                 3.0  1.101250e+08  2.933141e+04  1.100918e+08  1.101137e+08  1.101355e+08  1.101415e+08  1.101476e+08
                                            print config done            3.0  1.721516e+08  9.014563e+04  1.720627e+08  1.721059e+08  1.721492e+08  1.721961e+08  1.722430e+08
                                            read program               984.0  5.591648e+03  3.211531e+02  5.127000e+03  5.460750e+03  5.551000e+03  5.640000e+03  1.047200e+04
                                            signature                  984.0  1.358767e+05  7.014020e+04  1.283180e+05  1.303172e+05  1.313680e+05  1.327835e+05  1.422248e+06
                                            total                      600.0  2.475462e+07  8.415417e+04  2.465492e+07  2.471948e+07  2.475022e+07  2.478335e+07  2.601237e+07
                                  uktrace   click main()                30.0  1.076637e+08  3.749287e+04  1.076027e+08  1.076355e+08  1.076515e+08  1.076993e+08  1.077369e+08
                                            first packet                30.0  5.544965e+08  1.855179e+06  5.522189e+08  5.529803e+08  5.545303e+08  5.554257e+08  5.598694e+08
                                            initialize elements         30.0  5.399641e+08  1.790958e+06  5.377521e+08  5.384860e+08  5.399810e+08  5.408504e+08  5.451966e+08
                                            initialize elements done    30.0  5.440037e+08  1.802393e+06  5.417904e+08  5.425229e+08  5.440543e+08  5.449340e+08  5.493454e+08
                                            print config                30.0  1.091526e+08  4.132010e+04  1.090761e+08  1.091247e+08  1.091444e+08  1.091870e+08  1.092314e+08
                                            print config done           30.0  5.364917e+08  1.775908e+06  5.342946e+08  5.350316e+08  5.365137e+08  5.373740e+08  5.416760e+08
                                            qemu kvm entry              30.0  2.795708e+15  5.376390e+10  2.795622e+15  2.795661e+15  2.795708e+15  2.795755e+15  2.795794e+15
                                            qemu kvm port 253           30.0  2.795709e+15  5.376362e+10  2.795623e+15  2.795661e+15  2.795709e+15  2.795756e+15  2.795794e+15
                                            qemu kvm port 254           30.0  2.795708e+15  5.376385e+10  2.795622e+15  2.795661e+15  2.795708e+15  2.795756e+15  2.795794e+15
                                            qemu kvm port 255           30.0  2.795708e+15  5.376384e+10  2.795622e+15  2.795661e+15  2.795708e+15  2.795755e+15  2.795794e+15
                                            qemu start                  30.0  2.795708e+15  5.376385e+10  2.795622e+15  2.795661e+15  2.795708e+15  2.795755e+15  2.795794e+15
                                            total startup time          30.0  6.921777e+08  2.620146e+06  6.888678e+08  6.898953e+08  6.918529e+08  6.935448e+08  6.993409e+08
                    reflector     xdp       total                       90.0  1.731111e+07  4.934730e+06  8.000000e+06  1.325000e+07  1.800000e+07  2.100000e+07  2.700000e+07