path '/home/okelmann/appclick-ubpf/benchmark' does not contain a 'flake.nix', searching up
warning: Git tree '/home/okelmann/appclick-ubpf' is dirty
Using saved setting for 'extra-substituters = https://tum-dse.cachix.org' from ~/.local/share/nix/trusted-settings.json.
Using saved setting for 'extra-trusted-public-keys = tum-dse.cachix.org-1:v67rK18oLwgO0Z4b69l30SrV1yRtqxKpiHodG4YxhNM=' from ~/.local/share/nix/trusted-settings.json.
    Finished `dev` profile [unoptimized + debuginfo] target(s) in 0.19s
     Running `target/debug/bench-helper`
c[?7l[2J[0mSeaBIOS (version rel-1.16.2-0-gea1b7a073390-prebuilt.qemu.org)


iPXE (http://ipxe.org) 00:03.0 CA00 PCI2.10 PnP PMM+BEFD0F40+BEF30F40 CA00
Press Ctrl-B to configure iPXE (PCI 00:03.0)...                                                                               


Booting from ROM..Powered by
o.   .o       _ _               __ _
Oo   Oo  ___ (_) | __ __  __ _ ' _) :_
oO   oO ' _ `| | |/ /  _)' _` | |_|  _)
oOo oOO| | | | |   (| | | (_) |  _) :_
 OoOoO ._, ._:_:_,\_._,  .__,_:_, \___)
         Telesto 0.16.3~e453b74a-custom
Startup trace (nsec): click main(): 107656350
Startup trace (nsec): print config: 109147875
Received config (length 568):
define($MAC0 52:54:00:12:34:56);
/* End unikraft-provided MAC preamble */

from :: FromDevice(0)
 -> Print2('Received packet from device') -> StringMatcher(teststringtomatch)
-> ic0 :: AverageCounter()
-> Discard;

Script(TYPE ACTIVE,
       print "sleeping first increases startup time"
       print "sleeping first increases startup time"
       print "sleeping first increases startup time"
       print "sleeping first increases startup time"
       wait 5ms,
       label start,
       print "Rx rate: $(ic0.rate)",
       wait 1s,
       goto start
       )
    
Startup trace (nsec): print config done: 138215015
Startup trace (nsec): initialize elements: 141546171
Startup trace (nsec): initialize elements done: 145371048
[router_thread:250] Starting driver...


Received packet from device: 155844878 ns:   72 | 01005e00 0016767e 90d49854 080046c0 00300000 40000102
qemu-system-x86_64: terminating on signal 1 from pid 1281039 (sudo)
Bench-helper startup time (nsec): 291284671
path '/home/okelmann/appclick-ubpf/benchmark' does not contain a 'flake.nix', searching up
warning: Git tree '/home/okelmann/appclick-ubpf' is dirty
Using saved setting for 'extra-substituters = https://tum-dse.cachix.org' from ~/.local/share/nix/trusted-settings.json.
Using saved setting for 'extra-trusted-public-keys = tum-dse.cachix.org-1:v67rK18oLwgO0Z4b69l30SrV1yRtqxKpiHodG4YxhNM=' from ~/.local/share/nix/trusted-settings.json.
    Finished `dev` profile [unoptimized + debuginfo] target(s) in 0.08s
     Running `target/debug/bench-helper`
c[?7l[2J[0mSeaBIOS (version rel-1.16.2-0-gea1b7a073390-prebuilt.qemu.org)


iPXE (http://ipxe.org) 00:03.0 CA00 PCI2.10 PnP PMM+BEFD0F40+BEF30F40 CA00
Press Ctrl-B to configure iPXE (PCI 00:03.0)...                                                                               


Booting from ROM..Powered by
o.   .o       _ _               __ _
Oo   Oo  ___ (_) | __ __  __ _ ' _) :_
oO   oO ' _ `| | |/ /  _)' _` | |_|  _)
oOo oOO| | | | |   (| | | (_) |  _) :_
 OoOoO ._, ._:_:_,\_._,  .__,_:_, \___)
         Telesto 0.16.3~e453b74a-custom
Startup trace (nsec): click main(): 107678457
Startup trace (nsec): print config: 109170017
Received config (length 568):
define($MAC0 52:54:00:12:34:56);
/* End unikraft-provided MAC preamble */

from :: FromDevice(0)
 -> Print2('Received packet from device') -> StringMatcher(teststringtomatch)
-> ic0 :: AverageCounter()
-> Discard;

Script(TYPE ACTIVE,
       print "sleeping first increases startup time"
       print "sleeping first increases startup time"
       print "sleeping first increases startup time"
       print "sleeping first increases startup time"
       wait 5ms,
       label start,
       print "Rx rate: $(ic0.rate)",
       wait 1s,
       goto start
       )
    
Startup trace (nsec): print config done: 138236938
Startup trace (nsec): initialize elements: 141562998
Startup trace (nsec): initialize elements done: 145153361
[router_thread:250] Starting driver...


Received packet from device: 155840329 ns:   72 | 01005e00 0016767e 90d49854 080046c0 00300000 40000102
qemu-system-x86_64: terminating on signal 1 from pid 1281121 (sudo)
Bench-helper startup time (nsec): 293874346
path '/home/okelmann/appclick-ubpf/benchmark' does not contain a 'flake.nix', searching up
warning: Git tree '/home/okelmann/appclick-ubpf' is dirty
Using saved setting for 'extra-substituters = https://tum-dse.cachix.org' from ~/.local/share/nix/trusted-settings.json.
Using saved setting for 'extra-trusted-public-keys = tum-dse.cachix.org-1:v67rK18oLwgO0Z4b69l30SrV1yRtqxKpiHodG4YxhNM=' from ~/.local/share/nix/trusted-settings.json.
    Finished `dev` profile [unoptimized + debuginfo] target(s) in 0.08s
     Running `target/debug/bench-helper`
c[?7l[2J[0mSeaBIOS (version rel-1.16.2-0-gea1b7a073390-prebuilt.qemu.org)


iPXE (http://ipxe.org) 00:03.0 CA00 PCI2.10 PnP PMM+BEFD0F40+BEF30F40 CA00
Press Ctrl-B to configure iPXE (PCI 00:03.0)...                                                                               


Booting from ROM..Powered by
o.   .o       _ _               __ _
Oo   Oo  ___ (_) | __ __  __ _ ' _) :_
oO   oO ' _ `| | |/ /  _)' _` | |_|  _)
oOo oOO| | | | |   (| | | (_) |  _) :_
 OoOoO ._, ._:_:_,\_._,  .__,_:_, \___)
         Telesto 0.16.3~e453b74a-custom
Startup trace (nsec): click main(): 107624235
Startup trace (nsec): print config: 109109963
Received config (length 568):
define($MAC0 52:54:00:12:34:56);
/* End unikraft-provided MAC preamble */

from :: FromDevice(0)
 -> Print2('Received packet from device') -> StringMatcher(teststringtomatch)
-> ic0 :: AverageCounter()
-> Discard;

Script(TYPE ACTIVE,
       print "sleeping first increases startup time"
       print "sleeping first increases startup time"
       print "sleeping first increases startup time"
       print "sleeping first increases startup time"
       wait 5ms,
       label start,
       print "Rx rate: $(ic0.rate)",
       wait 1s,
       goto start
       )
    
Startup trace (nsec): print config done: 138231564
Startup trace (nsec): initialize elements: 141565961
Startup trace (nsec): initialize elements done: 145230225
[router_thread:250] Starting driver...


Received packet from device: 155707921 ns:  200 | 33330000 0016767e 90d49854 86dd6000 00000088 0001fe80
qemu-system-x86_64: terminating on signal 1 from pid 1281208 (sudo)
Bench-helper startup time (nsec): 292439084
path '/home/okelmann/appclick-ubpf/benchmark' does not contain a 'flake.nix', searching up
warning: Git tree '/home/okelmann/appclick-ubpf' is dirty
Using saved setting for 'extra-substituters = https://tum-dse.cachix.org' from ~/.local/share/nix/trusted-settings.json.
Using saved setting for 'extra-trusted-public-keys = tum-dse.cachix.org-1:v67rK18oLwgO0Z4b69l30SrV1yRtqxKpiHodG4YxhNM=' from ~/.local/share/nix/trusted-settings.json.
    Finished `dev` profile [unoptimized + debuginfo] target(s) in 0.08s
     Running `target/debug/bench-helper`
c[?7l[2J[0mSeaBIOS (version rel-1.16.2-0-gea1b7a073390-prebuilt.qemu.org)


iPXE (http://ipxe.org) 00:03.0 CA00 PCI2.10 PnP PMM+BEFD0F40+BEF30F40 CA00
Press Ctrl-B to configure iPXE (PCI 00:03.0)...                                                                               


Booting from ROM..Powered by
o.   .o       _ _               __ _
Oo   Oo  ___ (_) | __ __  __ _ ' _) :_
oO   oO ' _ `| | |/ /  _)' _` | |_|  _)
oOo oOO| | | | |   (| | | (_) |  _) :_
 OoOoO ._, ._:_:_,\_._,  .__,_:_, \___)
         Telesto 0.16.3~e453b74a-custom
Startup trace (nsec): click main(): 107633684
Startup trace (nsec): print config: 109120453
Received config (length 568):
define($MAC0 52:54:00:12:34:56);
/* End unikraft-provided MAC preamble */

from :: FromDevice(0)
 -> Print2('Received packet from device') -> StringMatcher(teststringtomatch)
-> ic0 :: AverageCounter()
-> Discard;

Script(TYPE ACTIVE,
       print "sleeping first increases startup time"
       print "sleeping first increases startup time"
       print "sleeping first increases startup time"
       print "sleeping first increases startup time"
       wait 5ms,
       label start,
       print "Rx rate: $(ic0.rate)",
       wait 1s,
       goto start
       )
    
Startup trace (nsec): print config done: 138216714
Startup trace (nsec): initialize elements: 141553178
Startup trace (nsec): initialize elements done: 145326271
[router_thread:250] Starting driver...


Received packet from device: 155852118 ns:   72 | 01005e00 0016767e 90d49854 080046c0 00300000 40000102
qemu-system-x86_64: terminating on signal 1 from pid 1281293 (sudo)
Bench-helper startup time (nsec): 292254178
path '/home/okelmann/appclick-ubpf/benchmark' does not contain a 'flake.nix', searching up
warning: Git tree '/home/okelmann/appclick-ubpf' is dirty
Using saved setting for 'extra-substituters = https://tum-dse.cachix.org' from ~/.local/share/nix/trusted-settings.json.
Using saved setting for 'extra-trusted-public-keys = tum-dse.cachix.org-1:v67rK18oLwgO0Z4b69l30SrV1yRtqxKpiHodG4YxhNM=' from ~/.local/share/nix/trusted-settings.json.
    Finished `dev` profile [unoptimized + debuginfo] target(s) in 0.08s
     Running `target/debug/bench-helper`
c[?7l[2J[0mSeaBIOS (version rel-1.16.2-0-gea1b7a073390-prebuilt.qemu.org)


iPXE (http://ipxe.org) 00:03.0 CA00 PCI2.10 PnP PMM+BEFD0F40+BEF30F40 CA00
Press Ctrl-B to configure iPXE (PCI 00:03.0)...                                                                               


Booting from ROM..Powered by
o.   .o       _ _               __ _
Oo   Oo  ___ (_) | __ __  __ _ ' _) :_
oO   oO ' _ `| | |/ /  _)' _` | |_|  _)
oOo oOO| | | | |   (| | | (_) |  _) :_
 OoOoO ._, ._:_:_,\_._,  .__,_:_, \___)
         Telesto 0.16.3~e453b74a-custom
Startup trace (nsec): click main(): 107670080
Startup trace (nsec): print config: 109168722
Received config (length 568):
define($MAC0 52:54:00:12:34:56);
/* End unikraft-provided MAC preamble */

from :: FromDevice(0)
 -> Print2('Received packet from device') -> StringMatcher(teststringtomatch)
-> ic0 :: AverageCounter()
-> Discard;

Script(TYPE ACTIVE,
       print "sleeping first increases startup time"
       print "sleeping first increases startup time"
       print "sleeping first increases startup time"
       print "sleeping first increases startup time"
       wait 5ms,
       label start,
       print "Rx rate: $(ic0.rate)",
       wait 1s,
       goto start
       )
    
Startup trace (nsec): print config done: 138346381
Startup trace (nsec): initialize elements: 141688146
Startup trace (nsec): initialize elements done: 145485644
[router_thread:250] Starting driver...


Received packet from device: 155964324 ns:  200 | 33330000 0016767e 90d49854 86dd6000 00000088 0001fe80
qemu-system-x86_64: terminating on signal 1 from pid 1281377 (sudo)
Bench-helper startup time (nsec): 293286667
path '/home/okelmann/appclick-ubpf/benchmark' does not contain a 'flake.nix', searching up
warning: Git tree '/home/okelmann/appclick-ubpf' is dirty
Using saved setting for 'extra-substituters = https://tum-dse.cachix.org' from ~/.local/share/nix/trusted-settings.json.
Using saved setting for 'extra-trusted-public-keys = tum-dse.cachix.org-1:v67rK18oLwgO0Z4b69l30SrV1yRtqxKpiHodG4YxhNM=' from ~/.local/share/nix/trusted-settings.json.
    Finished `dev` profile [unoptimized + debuginfo] target(s) in 0.08s
     Running `target/debug/bench-helper`
c[?7l[2J[0mSeaBIOS (version rel-1.16.2-0-gea1b7a073390-prebuilt.qemu.org)


iPXE (http://ipxe.org) 00:03.0 CA00 PCI2.10 PnP PMM+BEFD0F40+BEF30F40 CA00
Press Ctrl-B to configure iPXE (PCI 00:03.0)...                                                                               


Booting from ROM..Powered by
o.   .o       _ _               __ _
Oo   Oo  ___ (_) | __ __  __ _ ' _) :_
oO   oO ' _ `| | |/ /  _)' _` | |_|  _)
oOo oOO| | | | |   (| | | (_) |  _) :_
 OoOoO ._, ._:_:_,\_._,  .__,_:_, \___)
         Telesto 0.16.3~e453b74a-custom
Startup trace (nsec): click main(): 107649365
Startup trace (nsec): print config: 109144886
Received config (length 568):
define($MAC0 52:54:00:12:34:56);
/* End unikraft-provided MAC preamble */

from :: FromDevice(0)
 -> Print2('Received packet from device') -> StringMatcher(teststringtomatch)
-> ic0 :: AverageCounter()
-> Discard;

Script(TYPE ACTIVE,
       print "sleeping first increases startup time"
       print "sleeping first increases startup time"
       print "sleeping first increases startup time"
       print "sleeping first increases startup time"
       wait 5ms,
       label start,
       print "Rx rate: $(ic0.rate)",
       wait 1s,
       goto start
       )
    
Startup trace (nsec): print config done: 138346973
Startup trace (nsec): initialize elements: 141671913
Startup trace (nsec): initialize elements done: 145446396
[router_thread:250] Starting driver...


Received packet from device: 155905937 ns:  200 | 33330000 0016767e 90d49854 86dd6000 00000088 0001fe80
qemu-system-x86_64: terminating on signal 1 from pid 1281462 (sudo)
Bench-helper startup time (nsec): 292199928
path '/home/okelmann/appclick-ubpf/benchmark' does not contain a 'flake.nix', searching up
warning: Git tree '/home/okelmann/appclick-ubpf' is dirty
Using saved setting for 'extra-substituters = https://tum-dse.cachix.org' from ~/.local/share/nix/trusted-settings.json.
Using saved setting for 'extra-trusted-public-keys = tum-dse.cachix.org-1:v67rK18oLwgO0Z4b69l30SrV1yRtqxKpiHodG4YxhNM=' from ~/.local/share/nix/trusted-settings.json.
    Finished `dev` profile [unoptimized + debuginfo] target(s) in 0.08s
     Running `target/debug/bench-helper`
c[?7l[2J[0mSeaBIOS (version rel-1.16.2-0-gea1b7a073390-prebuilt.qemu.org)


iPXE (http://ipxe.org) 00:03.0 CA00 PCI2.10 PnP PMM+BEFD0F40+BEF30F40 CA00
Press Ctrl-B to configure iPXE (PCI 00:03.0)...                                                                               


Booting from ROM..Powered by
o.   .o       _ _               __ _
Oo   Oo  ___ (_) | __ __  __ _ ' _) :_
oO   oO ' _ `| | |/ /  _)' _` | |_|  _)
oOo oOO| | | | |   (| | | (_) |  _) :_
 OoOoO ._, ._:_:_,\_._,  .__,_:_, \___)
         Telesto 0.16.3~e453b74a-custom
Startup trace (nsec): click main(): 107649667
Startup trace (nsec): print config: 109129408
Received config (length 568):
define($MAC0 52:54:00:12:34:56);
/* End unikraft-provided MAC preamble */

from :: FromDevice(0)
 -> Print2('Received packet from device') -> StringMatcher(teststringtomatch)
-> ic0 :: AverageCounter()
-> Discard;

Script(TYPE ACTIVE,
       print "sleeping first increases startup time"
       print "sleeping first increases startup time"
       print "sleeping first increases startup time"
       print "sleeping first increases startup time"
       wait 5ms,
       label start,
       print "Rx rate: $(ic0.rate)",
       wait 1s,
       goto start
       )
    
Startup trace (nsec): print config done: 138110471
Startup trace (nsec): initialize elements: 141435053
Startup trace (nsec): initialize elements done: 145086047
[router_thread:250] Starting driver...


Received packet from device: 155499474 ns:   72 | 01005e00 0016767e 90d49854 080046c0 00300000 40000102
qemu-system-x86_64: terminating on signal 1 from pid 1281556 (sudo)
Bench-helper startup time (nsec): 292644555
path '/home/okelmann/appclick-ubpf/benchmark' does not contain a 'flake.nix', searching up
warning: Git tree '/home/okelmann/appclick-ubpf' is dirty
Using saved setting for 'extra-substituters = https://tum-dse.cachix.org' from ~/.local/share/nix/trusted-settings.json.
Using saved setting for 'extra-trusted-public-keys = tum-dse.cachix.org-1:v67rK18oLwgO0Z4b69l30SrV1yRtqxKpiHodG4YxhNM=' from ~/.local/share/nix/trusted-settings.json.
    Finished `dev` profile [unoptimized + debuginfo] target(s) in 0.09s
     Running `target/debug/bench-helper`
c[?7l[2J[0mSeaBIOS (version rel-1.16.2-0-gea1b7a073390-prebuilt.qemu.org)


iPXE (http://ipxe.org) 00:03.0 CA00 PCI2.10 PnP PMM+BEFD0F40+BEF30F40 CA00
Press Ctrl-B to configure iPXE (PCI 00:03.0)...                                                                               


Booting from ROM..Powered by
o.   .o       _ _               __ _
Oo   Oo  ___ (_) | __ __  __ _ ' _) :_
oO   oO ' _ `| | |/ /  _)' _` | |_|  _)
oOo oOO| | | | |   (| | | (_) |  _) :_
 OoOoO ._, ._:_:_,\_._,  .__,_:_, \___)
         Telesto 0.16.3~e453b74a-custom
Startup trace (nsec): click main(): 107626748
Startup trace (nsec): print config: 109114480
Received config (length 568):
define($MAC0 52:54:00:12:34:56);
/* End unikraft-provided MAC preamble */

from :: FromDevice(0)
 -> Print2('Received packet from device') -> StringMatcher(teststringtomatch)
-> ic0 :: AverageCounter()
-> Discard;

Script(TYPE ACTIVE,
       print "sleeping first increases startup time"
       print "sleeping first increases startup time"
       print "sleeping first increases startup time"
       print "sleeping first increases startup time"
       wait 5ms,
       label start,
       print "Rx rate: $(ic0.rate)",
       wait 1s,
       goto start
       )
    
Startup trace (nsec): print config done: 138179856
Startup trace (nsec): initialize elements: 141510411
Startup trace (nsec): initialize elements done: 145259465
[router_thread:250] Starting driver...


Received packet from device: 155735903 ns:   72 | 01005e00 0016767e 90d49854 080046c0 00300000 40000102
qemu-system-x86_64: terminating on signal 1 from pid 1281648 (sudo)
Bench-helper startup time (nsec): 291070006
path '/home/okelmann/appclick-ubpf/benchmark' does not contain a 'flake.nix', searching up
warning: Git tree '/home/okelmann/appclick-ubpf' is dirty
Using saved setting for 'extra-substituters = https://tum-dse.cachix.org' from ~/.local/share/nix/trusted-settings.json.
Using saved setting for 'extra-trusted-public-keys = tum-dse.cachix.org-1:v67rK18oLwgO0Z4b69l30SrV1yRtqxKpiHodG4YxhNM=' from ~/.local/share/nix/trusted-settings.json.
    Finished `dev` profile [unoptimized + debuginfo] target(s) in 0.08s
     Running `target/debug/bench-helper`
c[?7l[2J[0mSeaBIOS (version rel-1.16.2-0-gea1b7a073390-prebuilt.qemu.org)


iPXE (http://ipxe.org) 00:03.0 CA00 PCI2.10 PnP PMM+BEFD0F40+BEF30F40 CA00
Press Ctrl-B to configure iPXE (PCI 00:03.0)...                                                                               


Booting from ROM..Powered by
o.   .o       _ _               __ _
Oo   Oo  ___ (_) | __ __  __ _ ' _) :_
oO   oO ' _ `| | |/ /  _)' _` | |_|  _)
oOo oOO| | | | |   (| | | (_) |  _) :_
 OoOoO ._, ._:_:_,\_._,  .__,_:_, \___)
         Telesto 0.16.3~e453b74a-custom
Startup trace (nsec): click main(): 107706088
Startup trace (nsec): print config: 109190914
Received config (length 568):
define($MAC0 52:54:00:12:34:56);
/* End unikraft-provided MAC preamble */

from :: FromDevice(0)
 -> Print2('Received packet from device') -> StringMatcher(teststringtomatch)
-> ic0 :: AverageCounter()
-> Discard;

Script(TYPE ACTIVE,
       print "sleeping first increases startup time"
       print "sleeping first increases startup time"
       print "sleeping first increases startup time"
       print "sleeping first increases startup time"
       wait 5ms,
       label start,
       print "Rx rate: $(ic0.rate)",
       wait 1s,
       goto start
       )
    
Startup trace (nsec): print config done: 138422726
Startup trace (nsec): initialize elements: 141769046
Startup trace (nsec): initialize elements done: 145381958
[router_thread:250] Starting driver...


Received packet from device: 156059025 ns:   72 | 01005e00 0016767e 90d49854 080046c0 00300000 40000102
qemu-system-x86_64: terminating on signal 1 from pid 1281732 (sudo)
Bench-helper startup time (nsec): 292963668
path '/home/okelmann/appclick-ubpf/benchmark' does not contain a 'flake.nix', searching up
warning: Git tree '/home/okelmann/appclick-ubpf' is dirty
Using saved setting for 'extra-substituters = https://tum-dse.cachix.org' from ~/.local/share/nix/trusted-settings.json.
Using saved setting for 'extra-trusted-public-keys = tum-dse.cachix.org-1:v67rK18oLwgO0Z4b69l30SrV1yRtqxKpiHodG4YxhNM=' from ~/.local/share/nix/trusted-settings.json.
    Finished `dev` profile [unoptimized + debuginfo] target(s) in 0.08s
     Running `target/debug/bench-helper`
c[?7l[2J[0mSeaBIOS (version rel-1.16.2-0-gea1b7a073390-prebuilt.qemu.org)


iPXE (http://ipxe.org) 00:03.0 CA00 PCI2.10 PnP PMM+BEFD0F40+BEF30F40 CA00
Press Ctrl-B to configure iPXE (PCI 00:03.0)...                                                                               


Booting from ROM..Powered by
o.   .o       _ _               __ _
Oo   Oo  ___ (_) | __ __  __ _ ' _) :_
oO   oO ' _ `| | |/ /  _)' _` | |_|  _)
oOo oOO| | | | |   (| | | (_) |  _) :_
 OoOoO ._, ._:_:_,\_._,  .__,_:_, \___)
         Telesto 0.16.3~e453b74a-custom
Startup trace (nsec): click main(): 107660992
Startup trace (nsec): print config: 109160494
Received config (length 568):
define($MAC0 52:54:00:12:34:56);
/* End unikraft-provided MAC preamble */

from :: FromDevice(0)
 -> Print2('Received packet from device') -> StringMatcher(teststringtomatch)
-> ic0 :: AverageCounter()
-> Discard;

Script(TYPE ACTIVE,
       print "sleeping first increases startup time"
       print "sleeping first increases startup time"
       print "sleeping first increases startup time"
       print "sleeping first increases startup time"
       wait 5ms,
       label start,
       print "Rx rate: $(ic0.rate)",
       wait 1s,
       goto start
       )
    
Startup trace (nsec): print config done: 138363266
Startup trace (nsec): initialize elements: 141711810
Startup trace (nsec): initialize elements done: 145538011
[router_thread:250] Starting driver...


Received packet from device: 156064275 ns:  120 | 33330000 0016fe13 642dc6bb 86dd6000 00000038 00010000
qemu-system-x86_64: terminating on signal 1 from pid 1281816 (sudo)
Bench-helper startup time (nsec): 292170490
