warning: Git tree '/home/okelmann/appclick-ubpf' is dirty
Using saved setting for 'extra-substituters = https://tum-dse.cachix.org' from ~/.local/share/nix/trusted-settings.json.
Using saved setting for 'extra-trusted-public-keys = tum-dse.cachix.org-1:v67rK18oLwgO0Z4b69l30SrV1yRtqxKpiHodG4YxhNM=' from ~/.local/share/nix/trusted-settings.json.
Attaching 4 probes...
qemu start ns 2796089499541600
filename /nix/store/311zsfnwl2vggdz8xdfmlxc168qksamk-qemu-host-cpu-only-8.1.5/bin/qemu-system-x86_64
qemu kvm entry ns 2796089564966324
qemu kvm port 255 ns 2796089610824908
qemu kvm port 254 ns 2796089729496030
qemu kvm port 253 ns 2796092362922374
qemu start ns 2796097337943308
filename /nix/store/311zsfnwl2vggdz8xdfmlxc168qksamk-qemu-host-cpu-only-8.1.5/bin/qemu-system-x86_64
qemu kvm entry ns 2796097403331019
qemu kvm port 255 ns 2796097448808583
qemu kvm port 254 ns 2796097567572186
qemu kvm port 253 ns 2796100209317742
qemu start ns 2796105276337583
filename /nix/store/311zsfnwl2vggdz8xdfmlxc168qksamk-qemu-host-cpu-only-8.1.5/bin/qemu-system-x86_64
qemu kvm entry ns 2796105341872618
qemu kvm port 255 ns 2796105387859833
qemu kvm port 254 ns 2796105506475082
qemu kvm port 253 ns 2796108144325725
qemu start ns 2796113205734793
filename /nix/store/311zsfnwl2vggdz8xdfmlxc168qksamk-qemu-host-cpu-only-8.1.5/bin/qemu-system-x86_64
qemu kvm entry ns 2796113270919540
qemu kvm port 255 ns 2796113316859792
qemu kvm port 254 ns 2796113435513312
qemu kvm port 253 ns 2796116074675767
qemu start ns 2796121173945900
filename /nix/store/311zsfnwl2vggdz8xdfmlxc168qksamk-qemu-host-cpu-only-8.1.5/bin/qemu-system-x86_64
qemu kvm entry ns 2796121240066702
qemu kvm port 255 ns 2796121285863694
qemu kvm port 254 ns 2796121404647239
qemu kvm port 253 ns 2796124056736395
qemu start ns 2796129178342307
filename /nix/store/311zsfnwl2vggdz8xdfmlxc168qksamk-qemu-host-cpu-only-8.1.5/bin/qemu-system-x86_64
qemu kvm entry ns 2796129245451397
qemu kvm port 255 ns 2796129291857288
qemu kvm port 254 ns 2796129410734110
qemu kvm port 253 ns 2796132059303104
qemu start ns 2796137080967943
filename /nix/store/311zsfnwl2vggdz8xdfmlxc168qksamk-qemu-host-cpu-only-8.1.5/bin/qemu-system-x86_64
qemu kvm entry ns 2796137146701193
qemu kvm port 255 ns 2796137192838270
qemu kvm port 254 ns 2796137311463227
qemu kvm port 253 ns 2796139946709964
qemu start ns 2796145102736450
filename /nix/store/311zsfnwl2vggdz8xdfmlxc168qksamk-qemu-host-cpu-only-8.1.5/bin/qemu-system-x86_64
qemu kvm entry ns 2796145169891625
qemu kvm port 255 ns 2796145214831462
qemu kvm port 254 ns 2796145333436390
qemu kvm port 253 ns 2796147973847505
qemu start ns 2796153053358449
filename /nix/store/311zsfnwl2vggdz8xdfmlxc168qksamk-qemu-host-cpu-only-8.1.5/bin/qemu-system-x86_64
qemu kvm entry ns 2796153118560055
qemu kvm port 255 ns 2796153165862159
qemu kvm port 254 ns 2796153284646017
qemu kvm port 253 ns 2796155927257733
qemu start ns 2796160952121157
filename /nix/store/311zsfnwl2vggdz8xdfmlxc168qksamk-qemu-host-cpu-only-8.1.5/bin/qemu-system-x86_64
qemu kvm entry ns 2796161017137246
qemu kvm port 255 ns 2796161063853429
qemu kvm port 254 ns 2796161182498075
qemu kvm port 253 ns 2796163821984934
