warning: Git tree '/home/okelmann/appclick-ubpf' is dirty
Using saved setting for 'extra-substituters = https://tum-dse.cachix.org' from ~/.local/share/nix/trusted-settings.json.
Using saved setting for 'extra-trusted-public-keys = tum-dse.cachix.org-1:v67rK18oLwgO0Z4b69l30SrV1yRtqxKpiHodG4YxhNM=' from ~/.local/share/nix/trusted-settings.json.
Attaching 4 probes...
qemu start ns 2155327433759486
filename /nix/store/311zsfnwl2vggdz8xdfmlxc168qksamk-qemu-host-cpu-only-8.1.5/bin/qemu-system-x86_64
qemu kvm entry ns 2155327498798262
qemu kvm port 255 ns 2155327544811105
qemu kvm port 254 ns 2155327663555703
qemu kvm port 253 ns 2155356799582083
qemu start ns 2155361916921521
filename /nix/store/311zsfnwl2vggdz8xdfmlxc168qksamk-qemu-host-cpu-only-8.1.5/bin/qemu-system-x86_64
qemu kvm entry ns 2155361984167493
qemu kvm port 255 ns 2155362030884600
qemu kvm port 254 ns 2155362149835899
qemu kvm port 253 ns 2155391047358683
qemu start ns 2155396555579026
filename /nix/store/311zsfnwl2vggdz8xdfmlxc168qksamk-qemu-host-cpu-only-8.1.5/bin/qemu-system-x86_64
qemu kvm entry ns 2155396620225238
qemu kvm port 255 ns 2155396665900350
qemu kvm port 254 ns 2155396784570891
qemu kvm port 253 ns 2155425831439826
qemu start ns 2155431140125747
filename /nix/store/311zsfnwl2vggdz8xdfmlxc168qksamk-qemu-host-cpu-only-8.1.5/bin/qemu-system-x86_64
qemu kvm entry ns 2155431204511328
qemu kvm port 255 ns 2155431250868524
qemu kvm port 254 ns 2155431369717965
qemu kvm port 253 ns 2155460224786156
qemu start ns 2155464583511533
filename /nix/store/311zsfnwl2vggdz8xdfmlxc168qksamk-qemu-host-cpu-only-8.1.5/bin/qemu-system-x86_64
qemu kvm entry ns 2155464648759179
qemu kvm port 255 ns 2155464694882564
qemu kvm port 254 ns 2155464813498559
qemu kvm port 253 ns 2155493787113194
qemu start ns 2155499160459931
filename /nix/store/311zsfnwl2vggdz8xdfmlxc168qksamk-qemu-host-cpu-only-8.1.5/bin/qemu-system-x86_64
qemu kvm entry ns 2155499225800829
qemu kvm port 255 ns 2155499271872780
qemu kvm port 254 ns 2155499390447198
qemu kvm port 253 ns 2155528295555489
qemu start ns 2155533806940233
filename /nix/store/311zsfnwl2vggdz8xdfmlxc168qksamk-qemu-host-cpu-only-8.1.5/bin/qemu-system-x86_64
qemu kvm entry ns 2155533871876094
qemu kvm port 255 ns 2155533917899479
qemu kvm port 254 ns 2155534036695851
qemu kvm port 253 ns 2155562867230334
qemu start ns 2155568376684891
filename /nix/store/311zsfnwl2vggdz8xdfmlxc168qksamk-qemu-host-cpu-only-8.1.5/bin/qemu-system-x86_64
qemu kvm entry ns 2155568441246495
qemu kvm port 255 ns 2155568487895731
qemu kvm port 254 ns 2155568606930692
qemu kvm port 253 ns 2155597485378068
qemu start ns 2155601801892827
filename /nix/store/311zsfnwl2vggdz8xdfmlxc168qksamk-qemu-host-cpu-only-8.1.5/bin/qemu-system-x86_64
qemu kvm entry ns 2155601867231704
qemu kvm port 255 ns 2155601913876518
qemu kvm port 254 ns 2155602032481864
qemu kvm port 253 ns 2155630846630664
qemu start ns 2155635146286596
filename /nix/store/311zsfnwl2vggdz8xdfmlxc168qksamk-qemu-host-cpu-only-8.1.5/bin/qemu-system-x86_64
qemu kvm entry ns 2155635211544919
qemu kvm port 255 ns 2155635257886522
qemu kvm port 254 ns 2155635376703196
qemu kvm port 253 ns 2155664180223911
