path '/home/okelmann/appclick-ubpf/benchmark' does not contain a 'flake.nix', searching up
warning: Git tree '/home/okelmann/appclick-ubpf' is dirty
Using saved setting for 'extra-substituters = https://tum-dse.cachix.org' from ~/.local/share/nix/trusted-settings.json.
Using saved setting for 'extra-trusted-public-keys = tum-dse.cachix.org-1:v67rK18oLwgO0Z4b69l30SrV1yRtqxKpiHodG4YxhNM=' from ~/.local/share/nix/trusted-settings.json.
    Finished `dev` profile [unoptimized + debuginfo] target(s) in 0.20s
     Running `target/debug/bench-helper`
CheckIPHeader@4: IP header check failed: bad IP version
Startup trace (nsec): main: 2153849325604430
Startup trace (nsec): init done: 2153853132709576
Received packet from device: 2153853132742466 ns:   76 | 60000000 00240001 fe800000 00000000 2eb017f4 b3c52ad8sleeping first increases startup time
Bench-helper startup time (nsec): 3822614058
path '/home/okelmann/appclick-ubpf/benchmark' does not contain a 'flake.nix', searching up
warning: Git tree '/home/okelmann/appclick-ubpf' is dirty
Using saved setting for 'extra-substituters = https://tum-dse.cachix.org' from ~/.local/share/nix/trusted-settings.json.
Using saved setting for 'extra-trusted-public-keys = tum-dse.cachix.org-1:v67rK18oLwgO0Z4b69l30SrV1yRtqxKpiHodG4YxhNM=' from ~/.local/share/nix/trusted-settings.json.
    Finished `dev` profile [unoptimized + debuginfo] target(s) in 0.17s
     Running `target/debug/bench-helper`
CheckIPHeader@4: IP header check failed: bad IP version
Startup trace (nsec): main: 2153858757278611
Startup trace (nsec): init done: 2153862558426836
Received packet from device: 2153862558457645 ns:   76 | 60000000 00240001 fe800000 00000000 fbec8de5 ef5f4ca5sleeping first increases startup time
Bench-helper startup time (nsec): 3815655090
path '/home/okelmann/appclick-ubpf/benchmark' does not contain a 'flake.nix', searching up
warning: Git tree '/home/okelmann/appclick-ubpf' is dirty
Using saved setting for 'extra-substituters = https://tum-dse.cachix.org' from ~/.local/share/nix/trusted-settings.json.
Using saved setting for 'extra-trusted-public-keys = tum-dse.cachix.org-1:v67rK18oLwgO0Z4b69l30SrV1yRtqxKpiHodG4YxhNM=' from ~/.local/share/nix/trusted-settings.json.
    Finished `dev` profile [unoptimized + debuginfo] target(s) in 0.18s
     Running `target/debug/bench-helper`
CheckIPHeader@4: IP header check failed: bad IP version
Startup trace (nsec): main: 2153868256952400
Startup trace (nsec): init done: 2153872048708743
Received packet from device: 2153872048739480 ns:   76 | 60000000 00240001 fe800000 00000000 68238bd7 fb0d5d46sleeping first increases startup time
Bench-helper startup time (nsec): 3806522203
path '/home/okelmann/appclick-ubpf/benchmark' does not contain a 'flake.nix', searching up
warning: Git tree '/home/okelmann/appclick-ubpf' is dirty
Using saved setting for 'extra-substituters = https://tum-dse.cachix.org' from ~/.local/share/nix/trusted-settings.json.
Using saved setting for 'extra-trusted-public-keys = tum-dse.cachix.org-1:v67rK18oLwgO0Z4b69l30SrV1yRtqxKpiHodG4YxhNM=' from ~/.local/share/nix/trusted-settings.json.
    Finished `dev` profile [unoptimized + debuginfo] target(s) in 0.18s
     Running `target/debug/bench-helper`
CheckIPHeader@4: IP header check failed: bad IP version
Startup trace (nsec): main: 2153877721598744
Startup trace (nsec): init done: 2153881518066116
Received packet from device: 2153881518095487 ns:   76 | 60000000 00240001 fe800000 00000000 7366c9b0 7de4e675sleeping first increases startup time
Bench-helper startup time (nsec): 3811029128
path '/home/okelmann/appclick-ubpf/benchmark' does not contain a 'flake.nix', searching up
warning: Git tree '/home/okelmann/appclick-ubpf' is dirty
Using saved setting for 'extra-substituters = https://tum-dse.cachix.org' from ~/.local/share/nix/trusted-settings.json.
Using saved setting for 'extra-trusted-public-keys = tum-dse.cachix.org-1:v67rK18oLwgO0Z4b69l30SrV1yRtqxKpiHodG4YxhNM=' from ~/.local/share/nix/trusted-settings.json.
    Finished `dev` profile [unoptimized + debuginfo] target(s) in 0.18s
     Running `target/debug/bench-helper`
CheckIPHeader@4: IP header check failed: bad IP version
Startup trace (nsec): main: 2153887221803168
Startup trace (nsec): init done: 2153891008656143
Received packet from device: 2153891008687522 ns:   76 | 60000000 00240001 fe800000 00000000 a452fceb ff8ae925sleeping first increases startup time
Bench-helper startup time (nsec): 3801398154
path '/home/okelmann/appclick-ubpf/benchmark' does not contain a 'flake.nix', searching up
warning: Git tree '/home/okelmann/appclick-ubpf' is dirty
Using saved setting for 'extra-substituters = https://tum-dse.cachix.org' from ~/.local/share/nix/trusted-settings.json.
Using saved setting for 'extra-trusted-public-keys = tum-dse.cachix.org-1:v67rK18oLwgO0Z4b69l30SrV1yRtqxKpiHodG4YxhNM=' from ~/.local/share/nix/trusted-settings.json.
    Finished `dev` profile [unoptimized + debuginfo] target(s) in 0.18s
     Running `target/debug/bench-helper`
CheckIPHeader@4: IP header check failed: bad IP version
Startup trace (nsec): main: 2153896701568026
Startup trace (nsec): init done: 2153900498759505
Received packet from device: 2153900498790651 ns:   76 | 60000000 00240001 fe800000 00000000 db929fdb 2fc5079esleeping first increases startup time
Bench-helper startup time (nsec): 3811884897
path '/home/okelmann/appclick-ubpf/benchmark' does not contain a 'flake.nix', searching up
warning: Git tree '/home/okelmann/appclick-ubpf' is dirty
Using saved setting for 'extra-substituters = https://tum-dse.cachix.org' from ~/.local/share/nix/trusted-settings.json.
Using saved setting for 'extra-trusted-public-keys = tum-dse.cachix.org-1:v67rK18oLwgO0Z4b69l30SrV1yRtqxKpiHodG4YxhNM=' from ~/.local/share/nix/trusted-settings.json.
    Finished `dev` profile [unoptimized + debuginfo] target(s) in 0.18s
     Running `target/debug/bench-helper`
CheckIPHeader@4: IP header check failed: bad IP version
Startup trace (nsec): main: 2153906167019040
Startup trace (nsec): init done: 2153909972230085
Received packet from device: 2153909972261184 ns:   76 | 60000000 00240001 fe800000 00000000 17481fff 78c9316bsleeping first increases startup time
Bench-helper startup time (nsec): 3819962337
path '/home/okelmann/appclick-ubpf/benchmark' does not contain a 'flake.nix', searching up
warning: Git tree '/home/okelmann/appclick-ubpf' is dirty
Using saved setting for 'extra-substituters = https://tum-dse.cachix.org' from ~/.local/share/nix/trusted-settings.json.
Using saved setting for 'extra-trusted-public-keys = tum-dse.cachix.org-1:v67rK18oLwgO0Z4b69l30SrV1yRtqxKpiHodG4YxhNM=' from ~/.local/share/nix/trusted-settings.json.
    Finished `dev` profile [unoptimized + debuginfo] target(s) in 0.20s
     Running `target/debug/bench-helper`
CheckIPHeader@4: IP header check failed: bad IP version
Startup trace (nsec): main: 2153915710611005
Startup trace (nsec): init done: 2153919510412125
Received packet from device: 2153919510443005 ns:   76 | 60000000 00240001 fe800000 00000000 010e38ee 88615c18sleeping first increases startup time
Bench-helper startup time (nsec): 3815366135
path '/home/okelmann/appclick-ubpf/benchmark' does not contain a 'flake.nix', searching up
warning: Git tree '/home/okelmann/appclick-ubpf' is dirty
Using saved setting for 'extra-substituters = https://tum-dse.cachix.org' from ~/.local/share/nix/trusted-settings.json.
Using saved setting for 'extra-trusted-public-keys = tum-dse.cachix.org-1:v67rK18oLwgO0Z4b69l30SrV1yRtqxKpiHodG4YxhNM=' from ~/.local/share/nix/trusted-settings.json.
    Finished `dev` profile [unoptimized + debuginfo] target(s) in 0.18s
     Running `target/debug/bench-helper`
CheckIPHeader@4: IP header check failed: bad IP version
Startup trace (nsec): main: 2153925150833134
Startup trace (nsec): init done: 2153928941147652
Received packet from device: 2153928941177884 ns:   76 | 60000000 00240001 fe800000 00000000 8047e81c 2924d922sleeping first increases startup time
Bench-helper startup time (nsec): 3804803339
path '/home/okelmann/appclick-ubpf/benchmark' does not contain a 'flake.nix', searching up
warning: Git tree '/home/okelmann/appclick-ubpf' is dirty
Using saved setting for 'extra-substituters = https://tum-dse.cachix.org' from ~/.local/share/nix/trusted-settings.json.
Using saved setting for 'extra-trusted-public-keys = tum-dse.cachix.org-1:v67rK18oLwgO0Z4b69l30SrV1yRtqxKpiHodG4YxhNM=' from ~/.local/share/nix/trusted-settings.json.
    Finished `dev` profile [unoptimized + debuginfo] target(s) in 0.18s
     Running `target/debug/bench-helper`
CheckIPHeader@4: IP header check failed: bad IP version
Startup trace (nsec): main: 2153934651680961
Startup trace (nsec): init done: 2153938437678426
Received packet from device: 2153938437709311 ns:   76 | 60000000 00240001 fe800000 00000000 76dd55ca e5d77aefsleeping first increases startup time
Bench-helper startup time (nsec): 3801487394
