path '/home/okelmann/appclick-ubpf/benchmark' does not contain a 'flake.nix', searching up
warning: Git tree '/home/okelmann/appclick-ubpf' is dirty
Using saved setting for 'extra-substituters = https://tum-dse.cachix.org' from ~/.local/share/nix/trusted-settings.json.
Using saved setting for 'extra-trusted-public-keys = tum-dse.cachix.org-1:v67rK18oLwgO0Z4b69l30SrV1yRtqxKpiHodG4YxhNM=' from ~/.local/share/nix/trusted-settings.json.
    Finished `dev` profile [unoptimized + debuginfo] target(s) in 0.23s
     Running `target/debug/bench-helper`
c[?7l[2J[0mSeaBIOS (version rel-1.16.2-0-gea1b7a073390-prebuilt.qemu.org)


iPXE (http://ipxe.org) 00:03.0 CA00 PCI2.10 PnP PMM+BEFD0F40+BEF30F40 CA00
Press Ctrl-B to configure iPXE (PCI 00:03.0)...                                                                               


Booting from ROM..Powered by
o.   .o       _ _               __ _
Oo   Oo  ___ (_) | __ __  __ _ ' _) :_
oO   oO ' _ `| | |/ /  _)' _` | |_|  _)
oOo oOO| | | | |   (| | | (_) |  _) :_
 OoOoO ._, ._:_:_,\_._,  .__,_:_, \___)
         Telesto 0.16.3~e453b74a-custom
Startup trace (nsec): click main(): 107735282
Startup trace (nsec): print config: 109231436
Received config (length 374):
define($MAC0 52:54:00:12:34:56);
/* End unikraft-provided MAC preamble */

from :: FromDevice(0)
 -> Print2('Received packet from device') 
-> ic0 :: AverageCounter()
-> Discard;

Script(TYPE ACTIVE,
       print "sleeping first increases startup time"
       wait 5ms,
       label start,
       print "Rx rate: $(ic0.rate)",
       wait 1s,
       goto start
       )
    
Startup trace (nsec): print config done: 127354792
Startup trace (nsec): initialize elements: 130698763
Startup trace (nsec): initialize elements done: 134449875
[router_thread:250] Starting driver...


Received packet from device: 144929873 ns:   72 | 01005e00 0016767e 90d49854 080046c0 00300000 40000102
qemu-system-x86_64: terminating on signal 1 from pid 4029831 (sudo)
Bench-helper startup time (nsec): 281556899
path '/home/okelmann/appclick-ubpf/benchmark' does not contain a 'flake.nix', searching up
warning: Git tree '/home/okelmann/appclick-ubpf' is dirty
Using saved setting for 'extra-substituters = https://tum-dse.cachix.org' from ~/.local/share/nix/trusted-settings.json.
Using saved setting for 'extra-trusted-public-keys = tum-dse.cachix.org-1:v67rK18oLwgO0Z4b69l30SrV1yRtqxKpiHodG4YxhNM=' from ~/.local/share/nix/trusted-settings.json.
    Finished `dev` profile [unoptimized + debuginfo] target(s) in 0.08s
     Running `target/debug/bench-helper`
c[?7l[2J[0mSeaBIOS (version rel-1.16.2-0-gea1b7a073390-prebuilt.qemu.org)


iPXE (http://ipxe.org) 00:03.0 CA00 PCI2.10 PnP PMM+BEFD0F40+BEF30F40 CA00
Press Ctrl-B to configure iPXE (PCI 00:03.0)...                                                                               


Booting from ROM..Powered by
o.   .o       _ _               __ _
Oo   Oo  ___ (_) | __ __  __ _ ' _) :_
oO   oO ' _ `| | |/ /  _)' _` | |_|  _)
oOo oOO| | | | |   (| | | (_) |  _) :_
 OoOoO ._, ._:_:_,\_._,  .__,_:_, \___)
         Telesto 0.16.3~e453b74a-custom
Startup trace (nsec): click main(): 107666778
Startup trace (nsec): print config: 109167554
Received config (length 374):
define($MAC0 52:54:00:12:34:56);
/* End unikraft-provided MAC preamble */

from :: FromDevice(0)
 -> Print2('Received packet from device') 
-> ic0 :: AverageCounter()
-> Discard;

Script(TYPE ACTIVE,
       print "sleeping first increases startup time"
       wait 5ms,
       label start,
       print "Rx rate: $(ic0.rate)",
       wait 1s,
       goto start
       )
    
Startup trace (nsec): print config done: 127332566
Startup trace (nsec): initialize elements: 130670924
Startup trace (nsec): initialize elements done: 134469388
[router_thread:250] Starting driver...


Received packet from device: 144982304 ns:   72 | 01005e00 0016767e 90d49854 080046c0 00300000 40000102
qemu-system-x86_64: terminating on signal 1 from pid 4029911 (sudo)
Bench-helper startup time (nsec): 281495025
path '/home/okelmann/appclick-ubpf/benchmark' does not contain a 'flake.nix', searching up
warning: Git tree '/home/okelmann/appclick-ubpf' is dirty
Using saved setting for 'extra-substituters = https://tum-dse.cachix.org' from ~/.local/share/nix/trusted-settings.json.
Using saved setting for 'extra-trusted-public-keys = tum-dse.cachix.org-1:v67rK18oLwgO0Z4b69l30SrV1yRtqxKpiHodG4YxhNM=' from ~/.local/share/nix/trusted-settings.json.
    Finished `dev` profile [unoptimized + debuginfo] target(s) in 0.08s
     Running `target/debug/bench-helper`
c[?7l[2J[0mSeaBIOS (version rel-1.16.2-0-gea1b7a073390-prebuilt.qemu.org)


iPXE (http://ipxe.org) 00:03.0 CA00 PCI2.10 PnP PMM+BEFD0F40+BEF30F40 CA00
Press Ctrl-B to configure iPXE (PCI 00:03.0)...                                                                               


Booting from ROM..Powered by
o.   .o       _ _               __ _
Oo   Oo  ___ (_) | __ __  __ _ ' _) :_
oO   oO ' _ `| | |/ /  _)' _` | |_|  _)
oOo oOO| | | | |   (| | | (_) |  _) :_
 OoOoO ._, ._:_:_,\_._,  .__,_:_, \___)
         Telesto 0.16.3~e453b74a-custom
Startup trace (nsec): click main(): 107664679
Startup trace (nsec): print config: 109159848
Received config (length 374):
define($MAC0 52:54:00:12:34:56);
/* End unikraft-provided MAC preamble */

from :: FromDevice(0)
 -> Print2('Received packet from device') 
-> ic0 :: AverageCounter()
-> Discard;

Script(TYPE ACTIVE,
       print "sleeping first increases startup time"
       wait 5ms,
       label start,
       print "Rx rate: $(ic0.rate)",
       wait 1s,
       goto start
       )
    
Startup trace (nsec): print config done: 127335776
Startup trace (nsec): initialize elements: 130690611
Startup trace (nsec): initialize elements done: 134465939
[router_thread:250] Starting driver...


Received packet from device: 144981324 ns:   72 | 01005e00 0016767e 90d49854 080046c0 00300000 40000102
qemu-system-x86_64: terminating on signal 1 from pid 4029997 (sudo)
Bench-helper startup time (nsec): 281592725
path '/home/okelmann/appclick-ubpf/benchmark' does not contain a 'flake.nix', searching up
warning: Git tree '/home/okelmann/appclick-ubpf' is dirty
Using saved setting for 'extra-substituters = https://tum-dse.cachix.org' from ~/.local/share/nix/trusted-settings.json.
Using saved setting for 'extra-trusted-public-keys = tum-dse.cachix.org-1:v67rK18oLwgO0Z4b69l30SrV1yRtqxKpiHodG4YxhNM=' from ~/.local/share/nix/trusted-settings.json.
    Finished `dev` profile [unoptimized + debuginfo] target(s) in 0.08s
     Running `target/debug/bench-helper`
c[?7l[2J[0mSeaBIOS (version rel-1.16.2-0-gea1b7a073390-prebuilt.qemu.org)


iPXE (http://ipxe.org) 00:03.0 CA00 PCI2.10 PnP PMM+BEFD0F40+BEF30F40 CA00
Press Ctrl-B to configure iPXE (PCI 00:03.0)...                                                                               


Booting from ROM..Powered by
o.   .o       _ _               __ _
Oo   Oo  ___ (_) | __ __  __ _ ' _) :_
oO   oO ' _ `| | |/ /  _)' _` | |_|  _)
oOo oOO| | | | |   (| | | (_) |  _) :_
 OoOoO ._, ._:_:_,\_._,  .__,_:_, \___)
         Telesto 0.16.3~e453b74a-custom
Startup trace (nsec): click main(): 107661139
Startup trace (nsec): print config: 109150337
Received config (length 374):
define($MAC0 52:54:00:12:34:56);
/* End unikraft-provided MAC preamble */

from :: FromDevice(0)
 -> Print2('Received packet from device') 
-> ic0 :: AverageCounter()
-> Discard;

Script(TYPE ACTIVE,
       print "sleeping first increases startup time"
       wait 5ms,
       label start,
       print "Rx rate: $(ic0.rate)",
       wait 1s,
       goto start
       )
    
Startup trace (nsec): print config done: 127259600
Startup trace (nsec): initialize elements: 130608946
Startup trace (nsec): initialize elements done: 134274355
[router_thread:250] Starting driver...


Received packet from device: 144686353 ns:   72 | 01005e00 0016767e 90d49854 080046c0 00300000 40000102
qemu-system-x86_64: terminating on signal 1 from pid 4030082 (sudo)
Bench-helper startup time (nsec): 283192560
path '/home/okelmann/appclick-ubpf/benchmark' does not contain a 'flake.nix', searching up
warning: Git tree '/home/okelmann/appclick-ubpf' is dirty
Using saved setting for 'extra-substituters = https://tum-dse.cachix.org' from ~/.local/share/nix/trusted-settings.json.
Using saved setting for 'extra-trusted-public-keys = tum-dse.cachix.org-1:v67rK18oLwgO0Z4b69l30SrV1yRtqxKpiHodG4YxhNM=' from ~/.local/share/nix/trusted-settings.json.
    Finished `dev` profile [unoptimized + debuginfo] target(s) in 0.08s
     Running `target/debug/bench-helper`
c[?7l[2J[0mSeaBIOS (version rel-1.16.2-0-gea1b7a073390-prebuilt.qemu.org)


iPXE (http://ipxe.org) 00:03.0 CA00 PCI2.10 PnP PMM+BEFD0F40+BEF30F40 CA00
Press Ctrl-B to configure iPXE (PCI 00:03.0)...                                                                               


Booting from ROM..Powered by
o.   .o       _ _               __ _
Oo   Oo  ___ (_) | __ __  __ _ ' _) :_
oO   oO ' _ `| | |/ /  _)' _` | |_|  _)
oOo oOO| | | | |   (| | | (_) |  _) :_
 OoOoO ._, ._:_:_,\_._,  .__,_:_, \___)
         Telesto 0.16.3~e453b74a-custom
Startup trace (nsec): click main(): 107672532
Startup trace (nsec): print config: 109161709
Received config (length 374):
define($MAC0 52:54:00:12:34:56);
/* End unikraft-provided MAC preamble */

from :: FromDevice(0)
 -> Print2('Received packet from device') 
-> ic0 :: AverageCounter()
-> Discard;

Script(TYPE ACTIVE,
       print "sleeping first increases startup time"
       wait 5ms,
       label start,
       print "Rx rate: $(ic0.rate)",
       wait 1s,
       goto start
       )
    
Startup trace (nsec): print config done: 127247642
Startup trace (nsec): initialize elements: 130598510
Startup trace (nsec): initialize elements done: 134385506
[router_thread:250] Starting driver...


Received packet from device: 144872202 ns:   72 | 01005e00 0016767e 90d49854 080046c0 00300000 40000102
Bench-helper startup time (nsec): 284053056
qemu-system-x86_64: terminating on signal 1 from pid 4030167 (sudo)
path '/home/okelmann/appclick-ubpf/benchmark' does not contain a 'flake.nix', searching up
warning: Git tree '/home/okelmann/appclick-ubpf' is dirty
Using saved setting for 'extra-substituters = https://tum-dse.cachix.org' from ~/.local/share/nix/trusted-settings.json.
Using saved setting for 'extra-trusted-public-keys = tum-dse.cachix.org-1:v67rK18oLwgO0Z4b69l30SrV1yRtqxKpiHodG4YxhNM=' from ~/.local/share/nix/trusted-settings.json.
    Finished `dev` profile [unoptimized + debuginfo] target(s) in 0.08s
     Running `target/debug/bench-helper`
c[?7l[2J[0mSeaBIOS (version rel-1.16.2-0-gea1b7a073390-prebuilt.qemu.org)


iPXE (http://ipxe.org) 00:03.0 CA00 PCI2.10 PnP PMM+BEFD0F40+BEF30F40 CA00
Press Ctrl-B to configure iPXE (PCI 00:03.0)...                                                                               


Booting from ROM..Powered by
o.   .o       _ _               __ _
Oo   Oo  ___ (_) | __ __  __ _ ' _) :_
oO   oO ' _ `| | |/ /  _)' _` | |_|  _)
oOo oOO| | | | |   (| | | (_) |  _) :_
 OoOoO ._, ._:_:_,\_._,  .__,_:_, \___)
         Telesto 0.16.3~e453b74a-custom
Startup trace (nsec): click main(): 107737814
Startup trace (nsec): print config: 109246151
Received config (length 374):
define($MAC0 52:54:00:12:34:56);
/* End unikraft-provided MAC preamble */

from :: FromDevice(0)
 -> Print2('Received packet from device') 
-> ic0 :: AverageCounter()
-> Discard;

Script(TYPE ACTIVE,
       print "sleeping first increases startup time"
       wait 5ms,
       label start,
       print "Rx rate: $(ic0.rate)",
       wait 1s,
       goto start
       )
    
Startup trace (nsec): print config done: 127442186
Startup trace (nsec): initialize elements: 130811733
Startup trace (nsec): initialize elements done: 134622287
[router_thread:250] Starting driver...


Received packet from device: 145085783 ns:   72 | 01005e00 0016767e 90d49854 080046c0 00300000 40000102
qemu-system-x86_64: terminating on signal 1 from pid 4030255 (sudo)
Bench-helper startup time (nsec): 283344994
path '/home/okelmann/appclick-ubpf/benchmark' does not contain a 'flake.nix', searching up
warning: Git tree '/home/okelmann/appclick-ubpf' is dirty
Using saved setting for 'extra-substituters = https://tum-dse.cachix.org' from ~/.local/share/nix/trusted-settings.json.
Using saved setting for 'extra-trusted-public-keys = tum-dse.cachix.org-1:v67rK18oLwgO0Z4b69l30SrV1yRtqxKpiHodG4YxhNM=' from ~/.local/share/nix/trusted-settings.json.
    Finished `dev` profile [unoptimized + debuginfo] target(s) in 0.08s
     Running `target/debug/bench-helper`
c[?7l[2J[0mSeaBIOS (version rel-1.16.2-0-gea1b7a073390-prebuilt.qemu.org)


iPXE (http://ipxe.org) 00:03.0 CA00 PCI2.10 PnP PMM+BEFD0F40+BEF30F40 CA00
Press Ctrl-B to configure iPXE (PCI 00:03.0)...                                                                               


Booting from ROM..Powered by
o.   .o       _ _               __ _
Oo   Oo  ___ (_) | __ __  __ _ ' _) :_
oO   oO ' _ `| | |/ /  _)' _` | |_|  _)
oOo oOO| | | | |   (| | | (_) |  _) :_
 OoOoO ._, ._:_:_,\_._,  .__,_:_, \___)
         Telesto 0.16.3~e453b74a-custom
Startup trace (nsec): click main(): 107581856
Startup trace (nsec): print config: 109064770
Received config (length 374):
define($MAC0 52:54:00:12:34:56);
/* End unikraft-provided MAC preamble */

from :: FromDevice(0)
 -> Print2('Received packet from device') 
-> ic0 :: AverageCounter()
-> Discard;

Script(TYPE ACTIVE,
       print "sleeping first increases startup time"
       wait 5ms,
       label start,
       print "Rx rate: $(ic0.rate)",
       wait 1s,
       goto start
       )
    
Startup trace (nsec): print config done: 127130620
Startup trace (nsec): initialize elements: 130466688
Startup trace (nsec): initialize elements done: 134229285
[router_thread:250] Starting driver...


Received packet from device: 144778015 ns:   72 | 01005e00 0016767e 90d49854 080046c0 00300000 40000102
qemu-system-x86_64: terminating on signal 1 from pid 4030340 (sudo)
Bench-helper startup time (nsec): 283041753
path '/home/okelmann/appclick-ubpf/benchmark' does not contain a 'flake.nix', searching up
warning: Git tree '/home/okelmann/appclick-ubpf' is dirty
Using saved setting for 'extra-substituters = https://tum-dse.cachix.org' from ~/.local/share/nix/trusted-settings.json.
Using saved setting for 'extra-trusted-public-keys = tum-dse.cachix.org-1:v67rK18oLwgO0Z4b69l30SrV1yRtqxKpiHodG4YxhNM=' from ~/.local/share/nix/trusted-settings.json.
    Finished `dev` profile [unoptimized + debuginfo] target(s) in 0.08s
     Running `target/debug/bench-helper`
c[?7l[2J[0mSeaBIOS (version rel-1.16.2-0-gea1b7a073390-prebuilt.qemu.org)


iPXE (http://ipxe.org) 00:03.0 CA00 PCI2.10 PnP PMM+BEFD0F40+BEF30F40 CA00
Press Ctrl-B to configure iPXE (PCI 00:03.0)...                                                                               


Booting from ROM..Powered by
o.   .o       _ _               __ _
Oo   Oo  ___ (_) | __ __  __ _ ' _) :_
oO   oO ' _ `| | |/ /  _)' _` | |_|  _)
oOo oOO| | | | |   (| | | (_) |  _) :_
 OoOoO ._, ._:_:_,\_._,  .__,_:_, \___)
         Telesto 0.16.3~e453b74a-custom
Startup trace (nsec): click main(): 107666794
Startup trace (nsec): print config: 109149811
Received config (length 374):
define($MAC0 52:54:00:12:34:56);
/* End unikraft-provided MAC preamble */

from :: FromDevice(0)
 -> Print2('Received packet from device') 
-> ic0 :: AverageCounter()
-> Discard;

Script(TYPE ACTIVE,
       print "sleeping first increases startup time"
       wait 5ms,
       label start,
       print "Rx rate: $(ic0.rate)",
       wait 1s,
       goto start
       )
    
Startup trace (nsec): print config done: 127284874
Startup trace (nsec): initialize elements: 130620891
Startup trace (nsec): initialize elements done: 134395971
[router_thread:250] Starting driver...


Received packet from device: 144891812 ns:   72 | 01005e00 0016767e 90d49854 080046c0 00300000 40000102
qemu-system-x86_64: terminating on signal 1 from pid 4030424 (sudo)
Bench-helper startup time (nsec): 282725906
path '/home/okelmann/appclick-ubpf/benchmark' does not contain a 'flake.nix', searching up
warning: Git tree '/home/okelmann/appclick-ubpf' is dirty
Using saved setting for 'extra-substituters = https://tum-dse.cachix.org' from ~/.local/share/nix/trusted-settings.json.
Using saved setting for 'extra-trusted-public-keys = tum-dse.cachix.org-1:v67rK18oLwgO0Z4b69l30SrV1yRtqxKpiHodG4YxhNM=' from ~/.local/share/nix/trusted-settings.json.
    Finished `dev` profile [unoptimized + debuginfo] target(s) in 0.08s
     Running `target/debug/bench-helper`
c[?7l[2J[0mSeaBIOS (version rel-1.16.2-0-gea1b7a073390-prebuilt.qemu.org)


iPXE (http://ipxe.org) 00:03.0 CA00 PCI2.10 PnP PMM+BEFD0F40+BEF30F40 CA00
Press Ctrl-B to configure iPXE (PCI 00:03.0)...                                                                               


Booting from ROM..Powered by
o.   .o       _ _               __ _
Oo   Oo  ___ (_) | __ __  __ _ ' _) :_
oO   oO ' _ `| | |/ /  _)' _` | |_|  _)
oOo oOO| | | | |   (| | | (_) |  _) :_
 OoOoO ._, ._:_:_,\_._,  .__,_:_, \___)
         Telesto 0.16.3~e453b74a-custom
Startup trace (nsec): click main(): 107675548
Startup trace (nsec): print config: 109164747
Received config (length 374):
define($MAC0 52:54:00:12:34:56);
/* End unikraft-provided MAC preamble */

from :: FromDevice(0)
 -> Print2('Received packet from device') 
-> ic0 :: AverageCounter()
-> Discard;

Script(TYPE ACTIVE,
       print "sleeping first increases startup time"
       wait 5ms,
       label start,
       print "Rx rate: $(ic0.rate)",
       wait 1s,
       goto start
       )
    
Startup trace (nsec): print config done: 127235222
Startup trace (nsec): initialize elements: 130582422
Startup trace (nsec): initialize elements done: 134356078
[router_thread:250] Starting driver...


Received packet from device: 144863939 ns:   72 | 01005e00 0016767e 90d49854 080046c0 00300000 40000102
qemu-system-x86_64: terminating on signal 1 from pid 4030508 (sudo)
Bench-helper startup time (nsec): 282000849
path '/home/okelmann/appclick-ubpf/benchmark' does not contain a 'flake.nix', searching up
warning: Git tree '/home/okelmann/appclick-ubpf' is dirty
Using saved setting for 'extra-substituters = https://tum-dse.cachix.org' from ~/.local/share/nix/trusted-settings.json.
Using saved setting for 'extra-trusted-public-keys = tum-dse.cachix.org-1:v67rK18oLwgO0Z4b69l30SrV1yRtqxKpiHodG4YxhNM=' from ~/.local/share/nix/trusted-settings.json.
    Finished `dev` profile [unoptimized + debuginfo] target(s) in 0.08s
     Running `target/debug/bench-helper`
c[?7l[2J[0mSeaBIOS (version rel-1.16.2-0-gea1b7a073390-prebuilt.qemu.org)


iPXE (http://ipxe.org) 00:03.0 CA00 PCI2.10 PnP PMM+BEFD0F40+BEF30F40 CA00
Press Ctrl-B to configure iPXE (PCI 00:03.0)...                                                                               


Booting from ROM..Powered by
o.   .o       _ _               __ _
Oo   Oo  ___ (_) | __ __  __ _ ' _) :_
oO   oO ' _ `| | |/ /  _)' _` | |_|  _)
oOo oOO| | | | |   (| | | (_) |  _) :_
 OoOoO ._, ._:_:_,\_._,  .__,_:_, \___)
         Telesto 0.16.3~e453b74a-custom
Startup trace (nsec): click main(): 107664971
Startup trace (nsec): print config: 109170348
Received config (length 374):
define($MAC0 52:54:00:12:34:56);
/* End unikraft-provided MAC preamble */

from :: FromDevice(0)
 -> Print2('Received packet from device') 
-> ic0 :: AverageCounter()
-> Discard;

Script(TYPE ACTIVE,
       print "sleeping first increases startup time"
       wait 5ms,
       label start,
       print "Rx rate: $(ic0.rate)",
       wait 1s,
       goto start
       )
    
Startup trace (nsec): print config done: 127264408
Startup trace (nsec): initialize elements: 130593479
Startup trace (nsec): initialize elements done: 134361743
[router_thread:250] Starting driver...


Received packet from device: 144834423 ns:  120 | 33330000 0016fe2b 773327cf 86dd6000 00000038 00010000
qemu-system-x86_64: terminating on signal 1 from pid 4030593 (sudo)
Bench-helper startup time (nsec): 283284475
