warning: Git tree '/home/okelmann/appclick-ubpf' is dirty
Using saved setting for 'extra-substituters = https://tum-dse.cachix.org' from ~/.local/share/nix/trusted-settings.json.
Using saved setting for 'extra-trusted-public-keys = tum-dse.cachix.org-1:v67rK18oLwgO0Z4b69l30SrV1yRtqxKpiHodG4YxhNM=' from ~/.local/share/nix/trusted-settings.json.
Attaching 4 probes...
qemu start ns 2796001046717376
filename /nix/store/311zsfnwl2vggdz8xdfmlxc168qksamk-qemu-host-cpu-only-8.1.5/bin/qemu-system-x86_64
qemu kvm entry ns 2796001111237169
qemu kvm port 255 ns 2796001157810107
qemu kvm port 254 ns 2796001276473466
qemu kvm port 253 ns 2796003915830403
qemu start ns 2796008861589182
filename /nix/store/311zsfnwl2vggdz8xdfmlxc168qksamk-qemu-host-cpu-only-8.1.5/bin/qemu-system-x86_64
qemu kvm entry ns 2796008927208923
qemu kvm port 255 ns 2796008974852285
qemu kvm port 254 ns 2796009093768377
qemu kvm port 253 ns 2796011760727190
qemu start ns 2796016803011719
filename /nix/store/311zsfnwl2vggdz8xdfmlxc168qksamk-qemu-host-cpu-only-8.1.5/bin/qemu-system-x86_64
qemu kvm entry ns 2796016868722558
qemu kvm port 255 ns 2796016913819659
qemu kvm port 254 ns 2796017032342955
qemu kvm port 253 ns 2796019669168878
qemu start ns 2796024767060805
filename /nix/store/311zsfnwl2vggdz8xdfmlxc168qksamk-qemu-host-cpu-only-8.1.5/bin/qemu-system-x86_64
qemu kvm entry ns 2796024831301562
qemu kvm port 255 ns 2796024877067676
qemu kvm port 254 ns 2796024996031111
qemu kvm port 253 ns 2796027636348141
qemu start ns 2796032731742249
filename /nix/store/311zsfnwl2vggdz8xdfmlxc168qksamk-qemu-host-cpu-only-8.1.5/bin/qemu-system-x86_64
qemu kvm entry ns 2796032797321448
qemu kvm port 255 ns 2796032843862655
qemu kvm port 254 ns 2796032962641957
qemu kvm port 253 ns 2796035603995577
qemu start ns 2796040678535470
filename /nix/store/311zsfnwl2vggdz8xdfmlxc168qksamk-qemu-host-cpu-only-8.1.5/bin/qemu-system-x86_64
qemu kvm entry ns 2796040745057626
qemu kvm port 255 ns 2796040790839919
qemu kvm port 254 ns 2796040909896858
qemu kvm port 253 ns 2796043553163524
qemu start ns 2796048598721867
filename /nix/store/311zsfnwl2vggdz8xdfmlxc168qksamk-qemu-host-cpu-only-8.1.5/bin/qemu-system-x86_64
qemu kvm entry ns 2796048666151532
qemu kvm port 255 ns 2796048712844676
qemu kvm port 254 ns 2796048831575237
qemu kvm port 253 ns 2796051485266267
qemu start ns 2796056578858117
filename /nix/store/311zsfnwl2vggdz8xdfmlxc168qksamk-qemu-host-cpu-only-8.1.5/bin/qemu-system-x86_64
qemu kvm entry ns 2796056643946200
qemu kvm port 255 ns 2796056688860452
qemu kvm port 254 ns 2796056807690405
qemu kvm port 253 ns 2796059450215738
qemu start ns 2796064618943662
filename /nix/store/311zsfnwl2vggdz8xdfmlxc168qksamk-qemu-host-cpu-only-8.1.5/bin/qemu-system-x86_64
qemu kvm entry ns 2796064685472763
qemu kvm port 255 ns 2796064730826904
qemu kvm port 254 ns 2796064849402884
qemu kvm port 253 ns 2796067486687054
qemu start ns 2796072483498609
filename /nix/store/311zsfnwl2vggdz8xdfmlxc168qksamk-qemu-host-cpu-only-8.1.5/bin/qemu-system-x86_64
qemu kvm entry ns 2796072549737803
qemu kvm port 255 ns 2796072596055002
qemu kvm port 254 ns 2796072714642114
qemu kvm port 253 ns 2796075369560826
