path '/home/okelmann/appclick-ubpf/benchmark' does not contain a 'flake.nix', searching up
warning: Git tree '/home/okelmann/appclick-ubpf' is dirty
Using saved setting for 'extra-substituters = https://tum-dse.cachix.org' from ~/.local/share/nix/trusted-settings.json.
Using saved setting for 'extra-trusted-public-keys = tum-dse.cachix.org-1:v67rK18oLwgO0Z4b69l30SrV1yRtqxKpiHodG4YxhNM=' from ~/.local/share/nix/trusted-settings.json.
    Finished `dev` profile [unoptimized + debuginfo] target(s) in 0.21s
     Running `target/debug/bench-helper`
CheckIPHeader@4: IP header check failed: bad IP version
Startup trace (nsec): main: 2153651119116690
Startup trace (nsec): init done: 2153654908519860
Received packet from device: 2153654908550831 ns:   76 | 60000000 00240001 fe800000 00000000 911badd2 4a8fd0b6sleeping first increases startup time
Bench-helper startup time (nsec): 3804427807
path '/home/okelmann/appclick-ubpf/benchmark' does not contain a 'flake.nix', searching up
warning: Git tree '/home/okelmann/appclick-ubpf' is dirty
Using saved setting for 'extra-substituters = https://tum-dse.cachix.org' from ~/.local/share/nix/trusted-settings.json.
Using saved setting for 'extra-trusted-public-keys = tum-dse.cachix.org-1:v67rK18oLwgO0Z4b69l30SrV1yRtqxKpiHodG4YxhNM=' from ~/.local/share/nix/trusted-settings.json.
    Finished `dev` profile [unoptimized + debuginfo] target(s) in 0.18s
     Running `target/debug/bench-helper`
CheckIPHeader@4: IP header check failed: bad IP version
Startup trace (nsec): main: 2153660568994138
Startup trace (nsec): init done: 2153664348199116
Received packet from device: 2153664348229145 ns:   76 | 60000000 00240001 fe800000 00000000 2f1cb164 aa4fd637sleeping first increases startup time
Bench-helper startup time (nsec): 3793539442
path '/home/okelmann/appclick-ubpf/benchmark' does not contain a 'flake.nix', searching up
warning: Git tree '/home/okelmann/appclick-ubpf' is dirty
Using saved setting for 'extra-substituters = https://tum-dse.cachix.org' from ~/.local/share/nix/trusted-settings.json.
Using saved setting for 'extra-trusted-public-keys = tum-dse.cachix.org-1:v67rK18oLwgO0Z4b69l30SrV1yRtqxKpiHodG4YxhNM=' from ~/.local/share/nix/trusted-settings.json.
    Finished `dev` profile [unoptimized + debuginfo] target(s) in 0.18s
     Running `target/debug/bench-helper`
CheckIPHeader@4: IP header check failed: bad IP version
Startup trace (nsec): main: 2153670074615603
Startup trace (nsec): init done: 2153673855940299
Received packet from device: 2153673855972454 ns:   76 | 60000000 00240001 fe800000 00000000 64972839 7af47367sleeping first increases startup time
Bench-helper startup time (nsec): 3796016393
path '/home/okelmann/appclick-ubpf/benchmark' does not contain a 'flake.nix', searching up
warning: Git tree '/home/okelmann/appclick-ubpf' is dirty
Using saved setting for 'extra-substituters = https://tum-dse.cachix.org' from ~/.local/share/nix/trusted-settings.json.
Using saved setting for 'extra-trusted-public-keys = tum-dse.cachix.org-1:v67rK18oLwgO0Z4b69l30SrV1yRtqxKpiHodG4YxhNM=' from ~/.local/share/nix/trusted-settings.json.
    Finished `dev` profile [unoptimized + debuginfo] target(s) in 0.18s
     Running `target/debug/bench-helper`
CheckIPHeader@4: IP header check failed: bad IP version
Startup trace (nsec): main: 2153679568692484
Startup trace (nsec): init done: 2153683369795403
Received packet from device: 2153683369826809 ns:   76 | 60000000 00240001 fe800000 00000000 6178493d d86ed892sleeping first increases startup time
Bench-helper startup time (nsec): 3815860623
path '/home/okelmann/appclick-ubpf/benchmark' does not contain a 'flake.nix', searching up
warning: Git tree '/home/okelmann/appclick-ubpf' is dirty
Using saved setting for 'extra-substituters = https://tum-dse.cachix.org' from ~/.local/share/nix/trusted-settings.json.
Using saved setting for 'extra-trusted-public-keys = tum-dse.cachix.org-1:v67rK18oLwgO0Z4b69l30SrV1yRtqxKpiHodG4YxhNM=' from ~/.local/share/nix/trusted-settings.json.
    Finished `dev` profile [unoptimized + debuginfo] target(s) in 0.18s
     Running `target/debug/bench-helper`
CheckIPHeader@4: IP header check failed: bad IP version
Startup trace (nsec): main: 2153689100603119
Startup trace (nsec): init done: 2153692881798359
Received packet from device: 2153692881826182 ns:   76 | 60000000 00240001 fe800000 00000000 04b430cb efe650e4sleeping first increases startup time
Bench-helper startup time (nsec): 3795863534
path '/home/okelmann/appclick-ubpf/benchmark' does not contain a 'flake.nix', searching up
warning: Git tree '/home/okelmann/appclick-ubpf' is dirty
Using saved setting for 'extra-substituters = https://tum-dse.cachix.org' from ~/.local/share/nix/trusted-settings.json.
Using saved setting for 'extra-trusted-public-keys = tum-dse.cachix.org-1:v67rK18oLwgO0Z4b69l30SrV1yRtqxKpiHodG4YxhNM=' from ~/.local/share/nix/trusted-settings.json.
    Finished `dev` profile [unoptimized + debuginfo] target(s) in 0.18s
     Running `target/debug/bench-helper`
CheckIPHeader@4: IP header check failed: bad IP version
Startup trace (nsec): main: 2153698603097266
Startup trace (nsec): init done: 2153702399121814
Received packet from device: 2153702399154419 ns:   76 | 60000000 00240001 fe800000 00000000 d03f724f 6ab3ed93sleeping first increases startup time
Bench-helper startup time (nsec): 3810605290
path '/home/okelmann/appclick-ubpf/benchmark' does not contain a 'flake.nix', searching up
warning: Git tree '/home/okelmann/appclick-ubpf' is dirty
Using saved setting for 'extra-substituters = https://tum-dse.cachix.org' from ~/.local/share/nix/trusted-settings.json.
Using saved setting for 'extra-trusted-public-keys = tum-dse.cachix.org-1:v67rK18oLwgO0Z4b69l30SrV1yRtqxKpiHodG4YxhNM=' from ~/.local/share/nix/trusted-settings.json.
    Finished `dev` profile [unoptimized + debuginfo] target(s) in 0.17s
     Running `target/debug/bench-helper`
CheckIPHeader@4: IP header check failed: bad IP version
Startup trace (nsec): main: 2153708114138696
Startup trace (nsec): init done: 2153711918335704
Received packet from device: 2153711918366705 ns:   76 | 60000000 00240001 fe800000 00000000 44a7c94a dcafa6b7sleeping first increases startup time
Bench-helper startup time (nsec): 3818917400
path '/home/okelmann/appclick-ubpf/benchmark' does not contain a 'flake.nix', searching up
warning: Git tree '/home/okelmann/appclick-ubpf' is dirty
Using saved setting for 'extra-substituters = https://tum-dse.cachix.org' from ~/.local/share/nix/trusted-settings.json.
Using saved setting for 'extra-trusted-public-keys = tum-dse.cachix.org-1:v67rK18oLwgO0Z4b69l30SrV1yRtqxKpiHodG4YxhNM=' from ~/.local/share/nix/trusted-settings.json.
    Finished `dev` profile [unoptimized + debuginfo] target(s) in 0.20s
     Running `target/debug/bench-helper`
CheckIPHeader@4: IP header check failed: bad IP version
Startup trace (nsec): main: 2153717644834922
Startup trace (nsec): init done: 2153721432202441
Received packet from device: 2153721432234486 ns:   76 | 60000000 00240001 fe800000 00000000 052c81be c8bf6a02sleeping first increases startup time
Bench-helper startup time (nsec): 3803453688
path '/home/okelmann/appclick-ubpf/benchmark' does not contain a 'flake.nix', searching up
warning: Git tree '/home/okelmann/appclick-ubpf' is dirty
Using saved setting for 'extra-substituters = https://tum-dse.cachix.org' from ~/.local/share/nix/trusted-settings.json.
Using saved setting for 'extra-trusted-public-keys = tum-dse.cachix.org-1:v67rK18oLwgO0Z4b69l30SrV1yRtqxKpiHodG4YxhNM=' from ~/.local/share/nix/trusted-settings.json.
    Finished `dev` profile [unoptimized + debuginfo] target(s) in 0.18s
     Running `target/debug/bench-helper`
CheckIPHeader@4: IP header check failed: bad IP version
Startup trace (nsec): main: 2153727101441139
Startup trace (nsec): init done: 2153730896820113
Received packet from device: 2153730896852463 ns:   76 | 60000000 00240001 fe800000 00000000 8bb7d1cc 1258521bsleeping first increases startup time
Bench-helper startup time (nsec): 3810014363
path '/home/okelmann/appclick-ubpf/benchmark' does not contain a 'flake.nix', searching up
warning: Git tree '/home/okelmann/appclick-ubpf' is dirty
Using saved setting for 'extra-substituters = https://tum-dse.cachix.org' from ~/.local/share/nix/trusted-settings.json.
Using saved setting for 'extra-trusted-public-keys = tum-dse.cachix.org-1:v67rK18oLwgO0Z4b69l30SrV1yRtqxKpiHodG4YxhNM=' from ~/.local/share/nix/trusted-settings.json.
    Finished `dev` profile [unoptimized + debuginfo] target(s) in 0.18s
     Running `target/debug/bench-helper`
CheckIPHeader@4: IP header check failed: bad IP version
Startup trace (nsec): main: 2153736611135461
Startup trace (nsec): init done: 2153740408152809
Received packet from device: 2153740408184560 ns:   76 | 60000000 00240001 fe800000 00000000 3fb5b46c 759a7a56sleeping first increases startup time
Bench-helper startup time (nsec): 3811691316
