warning: Git tree '/home/okelmann/appclick-ubpf' is dirty
Using saved setting for 'extra-substituters = https://tum-dse.cachix.org' from ~/.local/share/nix/trusted-settings.json.
Using saved setting for 'extra-trusted-public-keys = tum-dse.cachix.org-1:v67rK18oLwgO0Z4b69l30SrV1yRtqxKpiHodG4YxhNM=' from ~/.local/share/nix/trusted-settings.json.
Attaching 4 probes...
qemu start ns 2795872631345377
filename /nix/store/311zsfnwl2vggdz8xdfmlxc168qksamk-qemu-host-cpu-only-8.1.5/bin/qemu-system-x86_64
qemu kvm entry ns 2795872696551767
qemu kvm port 255 ns 2795872741817627
qemu kvm port 254 ns 2795872860462981
qemu kvm port 253 ns 2795872897143399
qemu start ns 2795878002464394
filename /nix/store/311zsfnwl2vggdz8xdfmlxc168qksamk-qemu-host-cpu-only-8.1.5/bin/qemu-system-x86_64
qemu kvm entry ns 2795878067850864
qemu kvm port 255 ns 2795878112823931
qemu kvm port 254 ns 2795878231417785
qemu kvm port 253 ns 2795878268275359
qemu start ns 2795883514811155
filename /nix/store/311zsfnwl2vggdz8xdfmlxc168qksamk-qemu-host-cpu-only-8.1.5/bin/qemu-system-x86_64
qemu kvm entry ns 2795883579597453
qemu kvm port 255 ns 2795883625832001
qemu kvm port 254 ns 2795883744707750
qemu kvm port 253 ns 2795883781215085
qemu start ns 2795889031567731
filename /nix/store/311zsfnwl2vggdz8xdfmlxc168qksamk-qemu-host-cpu-only-8.1.5/bin/qemu-system-x86_64
qemu kvm entry ns 2795889096830562
qemu kvm port 255 ns 2795889143861232
qemu kvm port 254 ns 2795889262664308
qemu kvm port 253 ns 2795889299436590
qemu start ns 2795894534242365
filename /nix/store/311zsfnwl2vggdz8xdfmlxc168qksamk-qemu-host-cpu-only-8.1.5/bin/qemu-system-x86_64
qemu kvm entry ns 2795894599723176
qemu kvm port 255 ns 2795894645833305
qemu kvm port 254 ns 2795894764558194
qemu kvm port 253 ns 2795894801051661
qemu start ns 2795900081924190
filename /nix/store/311zsfnwl2vggdz8xdfmlxc168qksamk-qemu-host-cpu-only-8.1.5/bin/qemu-system-x86_64
qemu kvm entry ns 2795900147282043
qemu kvm port 255 ns 2795900192852712
qemu kvm port 254 ns 2795900311736071
qemu kvm port 253 ns 2795900348433147
qemu start ns 2795905576079434
filename /nix/store/311zsfnwl2vggdz8xdfmlxc168qksamk-qemu-host-cpu-only-8.1.5/bin/qemu-system-x86_64
qemu kvm entry ns 2795905640994895
qemu kvm port 255 ns 2795905686862200
qemu kvm port 254 ns 2795905805460478
qemu kvm port 253 ns 2795905842348654
qemu start ns 2795911124833640
filename /nix/store/311zsfnwl2vggdz8xdfmlxc168qksamk-qemu-host-cpu-only-8.1.5/bin/qemu-system-x86_64
qemu kvm entry ns 2795911191473782
qemu kvm port 255 ns 2795911237012545
qemu kvm port 254 ns 2795911355862799
qemu kvm port 253 ns 2795911392627384
qemu start ns 2795916641515990
filename /nix/store/311zsfnwl2vggdz8xdfmlxc168qksamk-qemu-host-cpu-only-8.1.5/bin/qemu-system-x86_64
qemu kvm entry ns 2795916707089889
qemu kvm port 255 ns 2795916751813244
qemu kvm port 254 ns 2795916870588559
qemu kvm port 253 ns 2795916907352223
qemu start ns 2795922153973748
filename /nix/store/311zsfnwl2vggdz8xdfmlxc168qksamk-qemu-host-cpu-only-8.1.5/bin/qemu-system-x86_64
qemu kvm entry ns 2795922219961983
qemu kvm port 255 ns 2795922266837630
qemu kvm port 254 ns 2795922385415061
qemu kvm port 253 ns 2795922422174776
