warning: Git tree '/home/okelmann/appclick-ubpf' is dirty
Using saved setting for 'extra-substituters = https://tum-dse.cachix.org' from ~/.local/share/nix/trusted-settings.json.
Using saved setting for 'extra-trusted-public-keys = tum-dse.cachix.org-1:v67rK18oLwgO0Z4b69l30SrV1yRtqxKpiHodG4YxhNM=' from ~/.local/share/nix/trusted-settings.json.
Attaching 4 probes...
qemu start ns 2795301212371063
filename /nix/store/311zsfnwl2vggdz8xdfmlxc168qksamk-qemu-host-cpu-only-8.1.5/bin/qemu-system-x86_64
qemu kvm entry ns 2795301277511378
qemu kvm port 255 ns 2795301322808219
qemu kvm port 254 ns 2795301441425388
qemu kvm port 253 ns 2795301468835174
qemu start ns 2795306533039329
filename /nix/store/311zsfnwl2vggdz8xdfmlxc168qksamk-qemu-host-cpu-only-8.1.5/bin/qemu-system-x86_64
qemu kvm entry ns 2795306601291788
qemu kvm port 255 ns 2795306647843296
qemu kvm port 254 ns 2795306766344378
qemu kvm port 253 ns 2795306793633447
qemu start ns 2795312052067067
filename /nix/store/311zsfnwl2vggdz8xdfmlxc168qksamk-qemu-host-cpu-only-8.1.5/bin/qemu-system-x86_64
qemu kvm entry ns 2795312117880986
qemu kvm port 255 ns 2795312164836545
qemu kvm port 254 ns 2795312283534836
qemu kvm port 253 ns 2795312310997459
qemu start ns 2795317582392571
filename /nix/store/311zsfnwl2vggdz8xdfmlxc168qksamk-qemu-host-cpu-only-8.1.5/bin/qemu-system-x86_64
qemu kvm entry ns 2795317648537572
qemu kvm port 255 ns 2795317693862253
qemu kvm port 254 ns 2795317812583880
qemu kvm port 253 ns 2795317840084732
qemu start ns 2795323122842151
filename /nix/store/311zsfnwl2vggdz8xdfmlxc168qksamk-qemu-host-cpu-only-8.1.5/bin/qemu-system-x86_64
qemu kvm entry ns 2795323189249935
qemu kvm port 255 ns 2795323234811231
qemu kvm port 254 ns 2795323353722768
qemu kvm port 253 ns 2795323381261595
qemu start ns 2795328717497604
filename /nix/store/311zsfnwl2vggdz8xdfmlxc168qksamk-qemu-host-cpu-only-8.1.5/bin/qemu-system-x86_64
qemu kvm entry ns 2795328783971439
qemu kvm port 255 ns 2795328828856547
qemu kvm port 254 ns 2795328947637857
qemu kvm port 253 ns 2795328975294755
qemu start ns 2795334199044608
filename /nix/store/311zsfnwl2vggdz8xdfmlxc168qksamk-qemu-host-cpu-only-8.1.5/bin/qemu-system-x86_64
qemu kvm entry ns 2795334265363784
qemu kvm port 255 ns 2795334312046151
qemu kvm port 254 ns 2795334430729795
qemu kvm port 253 ns 2795334458334611
qemu start ns 2795339740124035
filename /nix/store/311zsfnwl2vggdz8xdfmlxc168qksamk-qemu-host-cpu-only-8.1.5/bin/qemu-system-x86_64
qemu kvm entry ns 2795339804752796
qemu kvm port 255 ns 2795339851125655
qemu kvm port 254 ns 2795339970011414
qemu kvm port 253 ns 2795339997438066
qemu start ns 2795345258561182
filename /nix/store/311zsfnwl2vggdz8xdfmlxc168qksamk-qemu-host-cpu-only-8.1.5/bin/qemu-system-x86_64
qemu kvm entry ns 2795345325875514
qemu kvm port 255 ns 2795345372887917
qemu kvm port 254 ns 2795345491876305
qemu kvm port 253 ns 2795345519607538
qemu start ns 2795350796812354
filename /nix/store/311zsfnwl2vggdz8xdfmlxc168qksamk-qemu-host-cpu-only-8.1.5/bin/qemu-system-x86_64
qemu kvm entry ns 2795350862278588
qemu kvm port 255 ns 2795350908838852
qemu kvm port 254 ns 2795351027597951
qemu kvm port 253 ns 2795351055060985
