/tmp/linux.click:2: While initializing 'from :: FromDevice':
  warning: ens7: no IPv4 address assigned
Rx rate: 0
While executing 'Script@8 :: Script':
  no 'from.reset' write handler
Rx rate: 771137.614679
While executing 'Script@8 :: Script':
  no 'from.reset' write handler
Rx rate: 807879.482072
While executing 'Script@8 :: Script':
  no 'from.reset' write handler
Rx rate: 781306
While executing 'Script@8 :: Script':
  no 'from.reset' write handler
Rx rate: 812942
While executing 'Script@8 :: Script':
  no 'from.reset' write handler
Rx rate: 812892
While executing 'Script@8 :: Script':
  no 'from.reset' write handler
Rx rate: 808565
While executing 'Script@8 :: Script':
  no 'from.reset' write handler
Rx rate: 798916
While executing 'Script@8 :: Script':
  no 'from.reset' write handler
Rx rate: 813339
While executing 'Script@8 :: Script':
  no 'from.reset' write handler
Rx rate: 809957
While executing 'Script@8 :: Script':
  no 'from.reset' write handler
Rx rate: 811153
While executing 'Script@8 :: Script':
  no 'from.reset' write handler
Rx rate: 814131.131131
While executing 'Script@8 :: Script':
  no 'from.reset' write handler
Rx rate: 811528
While executing 'Script@8 :: Script':
  no 'from.reset' write handler
Rx rate: 813056
While executing 'Script@8 :: Script':
  no 'from.reset' write handler
Rx rate: 813260
While executing 'Script@8 :: Script':
  no 'from.reset' write handler
Rx rate: 812647
While executing 'Script@8 :: Script':
  no 'from.reset' write handler
Rx rate: 812808
While executing 'Script@8 :: Script':
  no 'from.reset' write handler
Rx rate: 813289
While executing 'Script@8 :: Script':
  no 'from.reset' write handler
Rx rate: 813015
While executing 'Script@8 :: Script':
  no 'from.reset' write handler
Rx rate: 808917
While executing 'Script@8 :: Script':
  no 'from.reset' write handler
Rx rate: 812881
While executing 'Script@8 :: Script':
  no 'from.reset' write handler
Rx rate: 811374
While executing 'Script@8 :: Script':
  no 'from.reset' write handler
Rx rate: 805374
While executing 'Script@8 :: Script':
  no 'from.reset' write handler
Rx rate: 813196
While executing 'Script@8 :: Script':
  no 'from.reset' write handler
Rx rate: 813233
While executing 'Script@8 :: Script':
  no 'from.reset' write handler
Rx rate: 802135
While executing 'Script@8 :: Script':
  no 'from.reset' write handler
Rx rate: 813508
While executing 'Script@8 :: Script':
  no 'from.reset' write handler
Rx rate: 813320
While executing 'Script@8 :: Script':
  no 'from.reset' write handler
Rx rate: 805181
While executing 'Script@8 :: Script':
  no 'from.reset' write handler
Rx rate: 812137
While executing 'Script@8 :: Script':
  no 'from.reset' write handler
Rx rate: 812813
While executing 'Script@8 :: Script':
  no 'from.reset' write handler
Rx rate: 811569
While executing 'Script@8 :: Script':
  no 'from.reset' write handler
Rx rate: 812683
While executing 'Script@8 :: Script':
  no 'from.reset' write handler
Rx rate: 813172
While executing 'Script@8 :: Script':
  no 'from.reset' write handler
Rx rate: 813340
While executing 'Script@8 :: Script':
  no 'from.reset' write handler
Rx rate: 813267
While executing 'Script@8 :: Script':
  no 'from.reset' write handler
Rx rate: 812597.402597
While executing 'Script@8 :: Script':
  no 'from.reset' write handler
Rx rate: 813125
While executing 'Script@8 :: Script':
  no 'from.reset' write handler
Rx rate: 813193
While executing 'Script@8 :: Script':
  no 'from.reset' write handler
Rx rate: 812516
While executing 'Script@8 :: Script':
  no 'from.reset' write handler
Rx rate: 811718.281718
While executing 'Script@8 :: Script':
  no 'from.reset' write handler
Rx rate: 811746
While executing 'Script@8 :: Script':
  no 'from.reset' write handler
Rx rate: 813180
While executing 'Script@8 :: Script':
  no 'from.reset' write handler
Rx rate: 813606
While executing 'Script@8 :: Script':
  no 'from.reset' write handler
Rx rate: 812900
While executing 'Script@8 :: Script':
  no 'from.reset' write handler
Rx rate: 813289
While executing 'Script@8 :: Script':
  no 'from.reset' write handler
Rx rate: 813237
While executing 'Script@8 :: Script':
  no 'from.reset' write handler
Rx rate: 813300
While executing 'Script@8 :: Script':
  no 'from.reset' write handler
Rx rate: 813071
While executing 'Script@8 :: Script':
  no 'from.reset' write handler
Rx rate: 812477
While executing 'Script@8 :: Script':
  no 'from.reset' write handler
Rx rate: 812753
While executing 'Script@8 :: Script':
  no 'from.reset' write handler
Rx rate: 811540
While executing 'Script@8 :: Script':
  no 'from.reset' write handler
Rx rate: 813248
While executing 'Script@8 :: Script':
  no 'from.reset' write handler
Rx rate: 813152
While executing 'Script@8 :: Script':
  no 'from.reset' write handler
Rx rate: 813379
While executing 'Script@8 :: Script':
  no 'from.reset' write handler
Rx rate: 813413
While executing 'Script@8 :: Script':
  no 'from.reset' write handler
Rx rate: 813138
While executing 'Script@8 :: Script':
  no 'from.reset' write handler
Rx rate: 812977
While executing 'Script@8 :: Script':
  no 'from.reset' write handler
Rx rate: 812538
While executing 'Script@8 :: Script':
  no 'from.reset' write handler
Rx rate: 812291
While executing 'Script@8 :: Script':
  no 'from.reset' write handler
Rx rate: 812473
While executing 'Script@8 :: Script':
  no 'from.reset' write handler
Rx rate: 813352
While executing 'Script@8 :: Script':
  no 'from.reset' write handler
Rx rate: 811764
While executing 'Script@8 :: Script':
  no 'from.reset' write handler
Rx rate: 813047
While executing 'Script@8 :: Script':
  no 'from.reset' write handler
Rx rate: 813310
While executing 'Script@8 :: Script':
  no 'from.reset' write handler
Rx rate: 812877
While executing 'Script@8 :: Script':
  no 'from.reset' write handler
Rx rate: 812943
While executing 'Script@8 :: Script':
  no 'from.reset' write handler
Rx rate: 813112
While executing 'Script@8 :: Script':
  no 'from.reset' write handler
Rx rate: 813250
While executing 'Script@8 :: Script':
  no 'from.reset' write handler
Rx rate: 812542
While executing 'Script@8 :: Script':
  no 'from.reset' write handler
Rx rate: 812949
While executing 'Script@8 :: Script':
  no 'from.reset' write handler
Rx rate: 813267
While executing 'Script@8 :: Script':
  no 'from.reset' write handler
Rx rate: 811540
While executing 'Script@8 :: Script':
  no 'from.reset' write handler
AUTOTEST_DONE
