SimpleQueue@6 :: SimpleQueue: overflow
Rx rate: 72089   TxExt rate: 71396   TxInt rate: 71396
While executing 'Script@10 :: Script':
  no 'from_device.reset' write handler
Rx rate: 299644   TxExt rate: 297091   TxInt rate: 297091
While executing 'Script@10 :: Script':
  no 'from_device.reset' write handler
Rx rate: 300636   TxExt rate: 297360   TxInt rate: 297360
While executing 'Script@10 :: Script':
  no 'from_device.reset' write handler
Rx rate: 301912   TxExt rate: 299485   TxInt rate: 299485
While executing 'Script@10 :: Script':
  no 'from_device.reset' write handler
Rx rate: 299601   TxExt rate: 296504   TxInt rate: 296504
While executing 'Script@10 :: Script':
  no 'from_device.reset' write handler
Rx rate: 300878   TxExt rate: 297617   TxInt rate: 297617
While executing 'Script@10 :: Script':
  no 'from_device.reset' write handler
Rx rate: 298480   TxExt rate: 296184   TxInt rate: 296184
While executing 'Script@10 :: Script':
  no 'from_device.reset' write handler
Rx rate: 298307   TxExt rate: 295708   TxInt rate: 295708
While executing 'Script@10 :: Script':
  no 'from_device.reset' write handler
Rx rate: 299510   TxExt rate: 296966   TxInt rate: 296966
While executing 'Script@10 :: Script':
  no 'from_device.reset' write handler
Rx rate: 297562   TxExt rate: 295029   TxInt rate: 295029
While executing 'Script@10 :: Script':
  no 'from_device.reset' write handler
Rx rate: 298376   TxExt rate: 295769   TxInt rate: 295769
While executing 'Script@10 :: Script':
  no 'from_device.reset' write handler
Rx rate: 298947   TxExt rate: 296364   TxInt rate: 296364
While executing 'Script@10 :: Script':
  no 'from_device.reset' write handler
Rx rate: 299832   TxExt rate: 297291   TxInt rate: 297291
While executing 'Script@10 :: Script':
  no 'from_device.reset' write handler
Rx rate: 301588   TxExt rate: 297387   TxInt rate: 297387
While executing 'Script@10 :: Script':
  no 'from_device.reset' write handler
Rx rate: 300053   TxExt rate: 297004   TxInt rate: 297004
While executing 'Script@10 :: Script':
  no 'from_device.reset' write handler
Rx rate: 301231   TxExt rate: 297932   TxInt rate: 297932
While executing 'Script@10 :: Script':
  no 'from_device.reset' write handler
Rx rate: 299903   TxExt rate: 297350   TxInt rate: 297350
While executing 'Script@10 :: Script':
  no 'from_device.reset' write handler
Rx rate: 300845   TxExt rate: 298221   TxInt rate: 298221
While executing 'Script@10 :: Script':
  no 'from_device.reset' write handler
Rx rate: 301233   TxExt rate: 298610   TxInt rate: 298610
While executing 'Script@10 :: Script':
  no 'from_device.reset' write handler
Rx rate: 300280   TxExt rate: 297750   TxInt rate: 297750
While executing 'Script@10 :: Script':
  no 'from_device.reset' write handler
Rx rate: 299318   TxExt rate: 296640   TxInt rate: 296640
While executing 'Script@10 :: Script':
  no 'from_device.reset' write handler
Rx rate: 300173   TxExt rate: 297598   TxInt rate: 297598
While executing 'Script@10 :: Script':
  no 'from_device.reset' write handler
Rx rate: 300466   TxExt rate: 297823   TxInt rate: 297823
While executing 'Script@10 :: Script':
  no 'from_device.reset' write handler
Rx rate: 301312   TxExt rate: 296961   TxInt rate: 296961
While executing 'Script@10 :: Script':
  no 'from_device.reset' write handler
Rx rate: 300354   TxExt rate: 296857   TxInt rate: 296857
While executing 'Script@10 :: Script':
  no 'from_device.reset' write handler
Rx rate: 295886   TxExt rate: 292544   TxInt rate: 292544
While executing 'Script@10 :: Script':
  no 'from_device.reset' write handler
Rx rate: 299005   TxExt rate: 296435   TxInt rate: 296435
While executing 'Script@10 :: Script':
  no 'from_device.reset' write handler
Rx rate: 299228   TxExt rate: 296601   TxInt rate: 296601
While executing 'Script@10 :: Script':
  no 'from_device.reset' write handler
Rx rate: 298794   TxExt rate: 296257   TxInt rate: 296257
While executing 'Script@10 :: Script':
  no 'from_device.reset' write handler
Rx rate: 297962   TxExt rate: 295406   TxInt rate: 295406
While executing 'Script@10 :: Script':
  no 'from_device.reset' write handler
Rx rate: 297523   TxExt rate: 294809   TxInt rate: 294809
While executing 'Script@10 :: Script':
  no 'from_device.reset' write handler
Rx rate: 299355   TxExt rate: 296603   TxInt rate: 296603
While executing 'Script@10 :: Script':
  no 'from_device.reset' write handler
Rx rate: 299342   TxExt rate: 296875   TxInt rate: 296875
While executing 'Script@10 :: Script':
  no 'from_device.reset' write handler
Rx rate: 299493   TxExt rate: 295686   TxInt rate: 295686
While executing 'Script@10 :: Script':
  no 'from_device.reset' write handler
Rx rate: 298314   TxExt rate: 295042   TxInt rate: 295042
While executing 'Script@10 :: Script':
  no 'from_device.reset' write handler
Rx rate: 300523   TxExt rate: 296999   TxInt rate: 296999
While executing 'Script@10 :: Script':
  no 'from_device.reset' write handler
Rx rate: 298291   TxExt rate: 295595   TxInt rate: 295595
While executing 'Script@10 :: Script':
  no 'from_device.reset' write handler
Rx rate: 297496   TxExt rate: 295095   TxInt rate: 295095
While executing 'Script@10 :: Script':
  no 'from_device.reset' write handler
Rx rate: 296473   TxExt rate: 293787   TxInt rate: 293787
While executing 'Script@10 :: Script':
  no 'from_device.reset' write handler
Rx rate: 296678   TxExt rate: 294100   TxInt rate: 294100
While executing 'Script@10 :: Script':
  no 'from_device.reset' write handler
Rx rate: 296410   TxExt rate: 293721   TxInt rate: 293721
While executing 'Script@10 :: Script':
  no 'from_device.reset' write handler
Rx rate: 296916   TxExt rate: 294509   TxInt rate: 294509
While executing 'Script@10 :: Script':
  no 'from_device.reset' write handler
Rx rate: 296384   TxExt rate: 293876   TxInt rate: 293876
While executing 'Script@10 :: Script':
  no 'from_device.reset' write handler
Rx rate: 298525   TxExt rate: 294679   TxInt rate: 294679
While executing 'Script@10 :: Script':
  no 'from_device.reset' write handler
Rx rate: 300580   TxExt rate: 297427   TxInt rate: 297427
While executing 'Script@10 :: Script':
  no 'from_device.reset' write handler
Rx rate: 296902   TxExt rate: 293856   TxInt rate: 293856
While executing 'Script@10 :: Script':
  no 'from_device.reset' write handler
Rx rate: 296557   TxExt rate: 293962   TxInt rate: 293962
While executing 'Script@10 :: Script':
  no 'from_device.reset' write handler
Rx rate: 299082   TxExt rate: 296358   TxInt rate: 296358
While executing 'Script@10 :: Script':
  no 'from_device.reset' write handler
Rx rate: 298823   TxExt rate: 296358   TxInt rate: 296358
While executing 'Script@10 :: Script':
  no 'from_device.reset' write handler
Rx rate: 299183   TxExt rate: 296516   TxInt rate: 296516
While executing 'Script@10 :: Script':
  no 'from_device.reset' write handler
Rx rate: 298527   TxExt rate: 295877   TxInt rate: 295877
While executing 'Script@10 :: Script':
  no 'from_device.reset' write handler
Rx rate: 299520   TxExt rate: 297216   TxInt rate: 297216
While executing 'Script@10 :: Script':
  no 'from_device.reset' write handler
Rx rate: 300277   TxExt rate: 297494   TxInt rate: 297494
While executing 'Script@10 :: Script':
  no 'from_device.reset' write handler
Rx rate: 299015   TxExt rate: 296425   TxInt rate: 296425
While executing 'Script@10 :: Script':
  no 'from_device.reset' write handler
Rx rate: 297978   TxExt rate: 293163   TxInt rate: 293163
While executing 'Script@10 :: Script':
  no 'from_device.reset' write handler
Rx rate: 295295   TxExt rate: 292249   TxInt rate: 292249
While executing 'Script@10 :: Script':
  no 'from_device.reset' write handler
Rx rate: 298539   TxExt rate: 295865   TxInt rate: 295865
While executing 'Script@10 :: Script':
  no 'from_device.reset' write handler
Rx rate: 298944   TxExt rate: 296237   TxInt rate: 296237
While executing 'Script@10 :: Script':
  no 'from_device.reset' write handler
Rx rate: 296353   TxExt rate: 293777   TxInt rate: 293777
While executing 'Script@10 :: Script':
  no 'from_device.reset' write handler
Rx rate: 299235   TxExt rate: 296723   TxInt rate: 296723
While executing 'Script@10 :: Script':
  no 'from_device.reset' write handler
Rx rate: 298279   TxExt rate: 295737   TxInt rate: 295737
While executing 'Script@10 :: Script':
  no 'from_device.reset' write handler
Rx rate: 297083   TxExt rate: 294601   TxInt rate: 294601
While executing 'Script@10 :: Script':
  no 'from_device.reset' write handler
Rx rate: 296995   TxExt rate: 294560   TxInt rate: 294560
While executing 'Script@10 :: Script':
  no 'from_device.reset' write handler
Rx rate: 298124   TxExt rate: 295503   TxInt rate: 295503
While executing 'Script@10 :: Script':
  no 'from_device.reset' write handler
Rx rate: 299580   TxExt rate: 294562   TxInt rate: 294562
While executing 'Script@10 :: Script':
  no 'from_device.reset' write handler
Rx rate: 298114   TxExt rate: 294780   TxInt rate: 294780
While executing 'Script@10 :: Script':
  no 'from_device.reset' write handler
Rx rate: 300413   TxExt rate: 297876   TxInt rate: 297876
While executing 'Script@10 :: Script':
  no 'from_device.reset' write handler
Rx rate: 299943   TxExt rate: 297310   TxInt rate: 297310
While executing 'Script@10 :: Script':
  no 'from_device.reset' write handler
Rx rate: 300038   TxExt rate: 297474   TxInt rate: 297474
While executing 'Script@10 :: Script':
  no 'from_device.reset' write handler
Rx rate: 297339   TxExt rate: 294734   TxInt rate: 294734
While executing 'Script@10 :: Script':
  no 'from_device.reset' write handler
Rx rate: 298546   TxExt rate: 296117   TxInt rate: 296117
While executing 'Script@10 :: Script':
  no 'from_device.reset' write handler
Rx rate: 299635   TxExt rate: 297100   TxInt rate: 297100
While executing 'Script@10 :: Script':
  no 'from_device.reset' write handler
AUTOTEST_DONE
