Rx rate: 10710.8239095   TxExt rate: 10628.4329564   TxInt rate: 10628.4329564
While executing 'Script@10 :: Script':
  no 'from_device.reset' write handler
Rx rate: 11003.7002775   TxExt rate: 10919.5189639   TxInt rate: 10919.5189639
While executing 'Script@10 :: Script':
  no 'from_device.reset' write handler
SimpleQueue@6 :: SimpleQueue: overflow
Rx rate: 11876.0806916   TxExt rate: 11072.0461095   TxInt rate: 11072.0461095
While executing 'Script@10 :: Script':
  no 'from_device.reset' write handler
Rx rate: 12000   TxExt rate: 11211.2676056   TxInt rate: 11211.2676056
While executing 'Script@10 :: Script':
  no 'from_device.reset' write handler
Rx rate: 12007.5400566   TxExt rate: 11915.1743638   TxInt rate: 11915.1743638
While executing 'Script@10 :: Script':
  no 'from_device.reset' write handler
Rx rate: 11203.5053554   TxExt rate: 11115.8714703   TxInt rate: 11115.8714703
While executing 'Script@10 :: Script':
  no 'from_device.reset' write handler
Rx rate: 11077.3751224   TxExt rate: 10992.1645446   TxInt rate: 10992.1645446
While executing 'Script@10 :: Script':
  no 'from_device.reset' write handler
Rx rate: 11215.6862745   TxExt rate: 11129.4117647   TxInt rate: 11129.4117647
While executing 'Script@10 :: Script':
  no 'from_device.reset' write handler
Rx rate: 10907.6464747   TxExt rate: 10825.2234359   TxInt rate: 10825.2234359
While executing 'Script@10 :: Script':
  no 'from_device.reset' write handler
Rx rate: 12883.1168831   TxExt rate: 11299.7002997   TxInt rate: 11299.7002997
While executing 'Script@10 :: Script':
  no 'from_device.reset' write handler
Rx rate: 11272.5470763   TxExt rate: 11187.3141724   TxInt rate: 11187.3141724
While executing 'Script@10 :: Script':
  no 'from_device.reset' write handler
Rx rate: 10649.3506494   TxExt rate: 10567.4325674   TxInt rate: 10567.4325674
While executing 'Script@10 :: Script':
  no 'from_device.reset' write handler
Rx rate: 12062.8115653   TxExt rate: 11230.3090728   TxInt rate: 11230.3090728
While executing 'Script@10 :: Script':
  no 'from_device.reset' write handler
Rx rate: 11998.0059821   TxExt rate: 11167.4975075   TxInt rate: 11167.4975075
While executing 'Script@10 :: Script':
  no 'from_device.reset' write handler
Rx rate: 11636   TxExt rate: 11545   TxInt rate: 11545
While executing 'Script@10 :: Script':
  no 'from_device.reset' write handler
Rx rate: 11846.6135458   TxExt rate: 11756.9721116   TxInt rate: 11756.9721116
While executing 'Script@10 :: Script':
  no 'from_device.reset' write handler
Rx rate: 10834.3313373   TxExt rate: 10749.500998   TxInt rate: 10749.500998
While executing 'Script@10 :: Script':
  no 'from_device.reset' write handler
Rx rate: 10962.3015873   TxExt rate: 10877.9761905   TxInt rate: 10877.9761905
While executing 'Script@10 :: Script':
  no 'from_device.reset' write handler
Rx rate: 10995.0248756   TxExt rate: 10910.4477612   TxInt rate: 10910.4477612
While executing 'Script@10 :: Script':
  no 'from_device.reset' write handler
Rx rate: 11038.961039   TxExt rate: 10954.045954   TxInt rate: 10954.045954
While executing 'Script@10 :: Script':
  no 'from_device.reset' write handler
Rx rate: 12978.0658026   TxExt rate: 11399.8005982   TxInt rate: 11399.8005982
While executing 'Script@10 :: Script':
  no 'from_device.reset' write handler
Rx rate: 11201.1952191   TxExt rate: 11113.5458167   TxInt rate: 11113.5458167
While executing 'Script@10 :: Script':
  no 'from_device.reset' write handler
Rx rate: 12931.3432836   TxExt rate: 11356.2189055   TxInt rate: 11356.2189055
While executing 'Script@10 :: Script':
  no 'from_device.reset' write handler
Rx rate: 11038.7288977   TxExt rate: 10952.3336643   TxInt rate: 10952.3336643
While executing 'Script@10 :: Script':
  no 'from_device.reset' write handler
Rx rate: 10768.4630739   TxExt rate: 10685.6287425   TxInt rate: 10685.6287425
While executing 'Script@10 :: Script':
  no 'from_device.reset' write handler
Rx rate: 11994.047619   TxExt rate: 11901.7857143   TxInt rate: 11901.7857143
While executing 'Script@10 :: Script':
  no 'from_device.reset' write handler
Rx rate: 11113.3200795   TxExt rate: 11027.833002   TxInt rate: 11027.833002
While executing 'Script@10 :: Script':
  no 'from_device.reset' write handler
Rx rate: 10757.185332   TxExt rate: 10675.9167493   TxInt rate: 10675.9167493
While executing 'Script@10 :: Script':
  no 'from_device.reset' write handler
Rx rate: 10931.3432836   TxExt rate: 10845.7711443   TxInt rate: 10845.7711443
While executing 'Script@10 :: Script':
  no 'from_device.reset' write handler
Rx rate: 11069.7211155   TxExt rate: 10986.0557769   TxInt rate: 10986.0557769
While executing 'Script@10 :: Script':
  no 'from_device.reset' write handler
Rx rate: 12889.332004   TxExt rate: 11310.0697906   TxInt rate: 11310.0697906
While executing 'Script@10 :: Script':
  no 'from_device.reset' write handler
Rx rate: 11058.7064677   TxExt rate: 10975.1243781   TxInt rate: 10975.1243781
While executing 'Script@10 :: Script':
  no 'from_device.reset' write handler
Rx rate: 12920   TxExt rate: 11336   TxInt rate: 11336
While executing 'Script@10 :: Script':
  no 'from_device.reset' write handler
Rx rate: 10898.2035928   TxExt rate: 10814.3712575   TxInt rate: 10814.3712575
While executing 'Script@10 :: Script':
  no 'from_device.reset' write handler
Rx rate: 11135.4581673   TxExt rate: 11049.8007968   TxInt rate: 11049.8007968
While executing 'Script@10 :: Script':
  no 'from_device.reset' write handler
Rx rate: 12183.449651   TxExt rate: 12089.7308076   TxInt rate: 12089.7308076
While executing 'Script@10 :: Script':
  no 'from_device.reset' write handler
Rx rate: 11091.8163673   TxExt rate: 11007.9840319   TxInt rate: 11007.9840319
While executing 'Script@10 :: Script':
  no 'from_device.reset' write handler
Rx rate: 11016.9491525   TxExt rate: 10932.2033898   TxInt rate: 10932.2033898
While executing 'Script@10 :: Script':
  no 'from_device.reset' write handler
Rx rate: 11027.9441118   TxExt rate: 10943.1137725   TxInt rate: 10943.1137725
While executing 'Script@10 :: Script':
  no 'from_device.reset' write handler
Rx rate: 11027.9441118   TxExt rate: 10943.1137725   TxInt rate: 10943.1137725
While executing 'Script@10 :: Script':
  no 'from_device.reset' write handler
Rx rate: 12718.8434696   TxExt rate: 11141.5752742   TxInt rate: 11141.5752742
While executing 'Script@10 :: Script':
  no 'from_device.reset' write handler
Rx rate: 10585.4145854   TxExt rate: 10502.4975025   TxInt rate: 10502.4975025
While executing 'Script@10 :: Script':
  no 'from_device.reset' write handler
Rx rate: 12931.4115308   TxExt rate: 11358.8469185   TxInt rate: 11358.8469185
While executing 'Script@10 :: Script':
  no 'from_device.reset' write handler
Rx rate: 11082.7517448   TxExt rate: 10996.0119641   TxInt rate: 10996.0119641
While executing 'Script@10 :: Script':
  no 'from_device.reset' write handler
Rx rate: 11058.7064677   TxExt rate: 10975.1243781   TxInt rate: 10975.1243781
While executing 'Script@10 :: Script':
  no 'from_device.reset' write handler
Rx rate: 12520.9580838   TxExt rate: 12423.1536926   TxInt rate: 12423.1536926
While executing 'Script@10 :: Script':
  no 'from_device.reset' write handler
Rx rate: 10973.1876862   TxExt rate: 10888.7785501   TxInt rate: 10888.7785501
While executing 'Script@10 :: Script':
  no 'from_device.reset' write handler
Rx rate: 10940.5940594   TxExt rate: 10856.4356436   TxInt rate: 10856.4356436
While executing 'Script@10 :: Script':
  no 'from_device.reset' write handler
Rx rate: 11135.4581673   TxExt rate: 11049.8007968   TxInt rate: 11049.8007968
While executing 'Script@10 :: Script':
  no 'from_device.reset' write handler
Rx rate: 10887.337986   TxExt rate: 10803.5892323   TxInt rate: 10803.5892323
While executing 'Script@10 :: Script':
  no 'from_device.reset' write handler
Rx rate: 12904   TxExt rate: 11320   TxInt rate: 11320
While executing 'Script@10 :: Script':
  no 'from_device.reset' write handler
Rx rate: 11027.9441118   TxExt rate: 10943.1137725   TxInt rate: 10943.1137725
While executing 'Script@10 :: Script':
  no 'from_device.reset' write handler
Rx rate: 12845.4636092   TxExt rate: 11266.2013958   TxInt rate: 11266.2013958
While executing 'Script@10 :: Script':
  no 'from_device.reset' write handler
Rx rate: 11050   TxExt rate: 10965   TxInt rate: 10965
While executing 'Script@10 :: Script':
  no 'from_device.reset' write handler
Rx rate: 10962.0758483   TxExt rate: 10868.3948156   TxInt rate: 10868.3948156
While executing 'Script@10 :: Script':
  no 'from_device.reset' write handler
Rx rate: 12249.2522433   TxExt rate: 12153.5393819   TxInt rate: 12153.5393819
While executing 'Script@10 :: Script':
  no 'from_device.reset' write handler
Rx rate: 10940.2390438   TxExt rate: 10857.5697211   TxInt rate: 10857.5697211
While executing 'Script@10 :: Script':
  no 'from_device.reset' write handler
Rx rate: 11049.7017893   TxExt rate: 10974.1293532   TxInt rate: 10974.1293532
While executing 'Script@10 :: Script':
  no 'from_device.reset' write handler
Rx rate: 10940.2390438   TxExt rate: 10857.5697211   TxInt rate: 10857.5697211
While executing 'Script@10 :: Script':
  no 'from_device.reset' write handler
Rx rate: 11116   TxExt rate: 11029   TxInt rate: 11029
While executing 'Script@10 :: Script':
  no 'from_device.reset' write handler
Rx rate: 13385.8424726   TxExt rate: 11505.4835494   TxInt rate: 11505.4835494
While executing 'Script@10 :: Script':
  no 'from_device.reset' write handler
Rx rate: 12083   TxExt rate: 11248   TxInt rate: 11248
While executing 'Script@10 :: Script':
  no 'from_device.reset' write handler
Rx rate: 12128   TxExt rate: 11294   TxInt rate: 11294
While executing 'Script@10 :: Script':
  no 'from_device.reset' write handler
Rx rate: 10918.4890656   TxExt rate: 10835.9840954   TxInt rate: 10835.9840954
While executing 'Script@10 :: Script':
  no 'from_device.reset' write handler
Rx rate: 11027.9441118   TxExt rate: 10943.1137725   TxInt rate: 10943.1137725
While executing 'Script@10 :: Script':
  no 'from_device.reset' write handler
Rx rate: 12207.7922078   TxExt rate: 12113.8861139   TxInt rate: 12113.8861139
While executing 'Script@10 :: Script':
  no 'from_device.reset' write handler
Rx rate: 11104.8951049   TxExt rate: 11017.982018   TxInt rate: 11017.982018
While executing 'Script@10 :: Script':
  no 'from_device.reset' write handler
Rx rate: 11038.961039   TxExt rate: 10954.045954   TxInt rate: 10954.045954
While executing 'Script@10 :: Script':
  no 'from_device.reset' write handler
Rx rate: 11016.9491525   TxExt rate: 10921.314741   TxInt rate: 10921.314741
While executing 'Script@10 :: Script':
  no 'from_device.reset' write handler
Rx rate: 11102.8971029   TxExt rate: 11018.981019   TxInt rate: 11018.981019
While executing 'Script@10 :: Script':
  no 'from_device.reset' write handler
Rx rate: 11016.9491525   TxExt rate: 10932.2033898   TxInt rate: 10932.2033898
While executing 'Script@10 :: Script':
  no 'from_device.reset' write handler
AUTOTEST_DONE
