SimpleQueue@6 :: SimpleQueue: overflow
Rx rate: 12155.2062868   TxExt rate: 10607.0726916   TxInt rate: 10607.0726916
While executing 'Script@10 :: Script':
  no 'from_device.reset' write handler
Rx rate: 10423.7123421   TxExt rate: 10342.079689   TxInt rate: 10342.079689
While executing 'Script@10 :: Script':
  no 'from_device.reset' write handler
Rx rate: 11089.4230769   TxExt rate: 10539.4230769   TxInt rate: 10539.4230769
While executing 'Script@10 :: Script':
  no 'from_device.reset' write handler
Rx rate: 11494.5155393   TxExt rate: 10728.5191956   TxInt rate: 10728.5191956
While executing 'Script@10 :: Script':
  no 'from_device.reset' write handler
Rx rate: 11738.7127762   TxExt rate: 11648.4149856   TxInt rate: 11648.4149856
While executing 'Script@10 :: Script':
  no 'from_device.reset' write handler
Rx rate: 10546.705998   TxExt rate: 10464.1101278   TxInt rate: 10464.1101278
While executing 'Script@10 :: Script':
  no 'from_device.reset' write handler
Rx rate: 10591.6585839   TxExt rate: 10510.1842871   TxInt rate: 10510.1842871
While executing 'Script@10 :: Script':
  no 'from_device.reset' write handler
Rx rate: 10401.5904573   TxExt rate: 10323.0616302   TxInt rate: 10323.0616302
While executing 'Script@10 :: Script':
  no 'from_device.reset' write handler
Rx rate: 10530   TxExt rate: 10449   TxInt rate: 10449
While executing 'Script@10 :: Script':
  no 'from_device.reset' write handler
Rx rate: 10450.9803922   TxExt rate: 10370.5882353   TxInt rate: 10370.5882353
While executing 'Script@10 :: Script':
  no 'from_device.reset' write handler
Rx rate: 12475.7665678   TxExt rate: 10910.9792285   TxInt rate: 10910.9792285
While executing 'Script@10 :: Script':
  no 'from_device.reset' write handler
Rx rate: 11019.9203187   TxExt rate: 10196.2151394   TxInt rate: 10196.2151394
While executing 'Script@10 :: Script':
  no 'from_device.reset' write handler
Rx rate: 11500   TxExt rate: 10669.6606786   TxInt rate: 10669.6606786
While executing 'Script@10 :: Script':
  no 'from_device.reset' write handler
Rx rate: 10358.5657371   TxExt rate: 10268.6567164   TxInt rate: 10268.6567164
While executing 'Script@10 :: Script':
  no 'from_device.reset' write handler
Rx rate: 11512.4378109   TxExt rate: 11423.880597   TxInt rate: 11423.880597
While executing 'Script@10 :: Script':
  no 'from_device.reset' write handler
Rx rate: 10389.6103896   TxExt rate: 10340.6813627   TxInt rate: 10340.6813627
While executing 'Script@10 :: Script':
  no 'from_device.reset' write handler
Rx rate: 10530   TxExt rate: 10449   TxInt rate: 10449
While executing 'Script@10 :: Script':
  no 'from_device.reset' write handler
Rx rate: 10432.7018943   TxExt rate: 10353.9381854   TxInt rate: 10353.9381854
While executing 'Script@10 :: Script':
  no 'from_device.reset' write handler
Rx rate: 10455.5444555   TxExt rate: 10373.6263736   TxInt rate: 10373.6263736
While executing 'Script@10 :: Script':
  no 'from_device.reset' write handler
Rx rate: 10508.9820359   TxExt rate: 10428.1437126   TxInt rate: 10428.1437126
While executing 'Script@10 :: Script':
  no 'from_device.reset' write handler
Rx rate: 11366.2674651   TxExt rate: 10538.9221557   TxInt rate: 10538.9221557
While executing 'Script@10 :: Script':
  no 'from_device.reset' write handler
Rx rate: 11383.8484546   TxExt rate: 10556.331007   TxInt rate: 10556.331007
While executing 'Script@10 :: Script':
  no 'from_device.reset' write handler
Rx rate: 11541.3758724   TxExt rate: 10711.8644068   TxInt rate: 10711.8644068
While executing 'Script@10 :: Script':
  no 'from_device.reset' write handler
Rx rate: 10596   TxExt rate: 10513   TxInt rate: 10513
While executing 'Script@10 :: Script':
  no 'from_device.reset' write handler
Rx rate: 10368.89332   TxExt rate: 10289.1326022   TxInt rate: 10289.1326022
While executing 'Script@10 :: Script':
  no 'from_device.reset' write handler
Rx rate: 11700   TxExt rate: 11610   TxInt rate: 11610
While executing 'Script@10 :: Script':
  no 'from_device.reset' write handler
Rx rate: 10348.2587065   TxExt rate: 10278.8844622   TxInt rate: 10278.8844622
While executing 'Script@10 :: Script':
  no 'from_device.reset' write handler
Rx rate: 10389.6103896   TxExt rate: 10309.6903097   TxInt rate: 10309.6903097
While executing 'Script@10 :: Script':
  no 'from_device.reset' write handler
Rx rate: 10606.9651741   TxExt rate: 10535.8565737   TxInt rate: 10535.8565737
While executing 'Script@10 :: Script':
  no 'from_device.reset' write handler
Rx rate: 10432.7018943   TxExt rate: 10353.9381854   TxInt rate: 10353.9381854
While executing 'Script@10 :: Script':
  no 'from_device.reset' write handler
Rx rate: 12928.0719281   TxExt rate: 11051.9480519   TxInt rate: 11051.9480519
While executing 'Script@10 :: Script':
  no 'from_device.reset' write handler
Rx rate: 11554.336989   TxExt rate: 10722.8315055   TxInt rate: 10722.8315055
While executing 'Script@10 :: Script':
  no 'from_device.reset' write handler
Rx rate: 11519.4029851   TxExt rate: 10694.5273632   TxInt rate: 10694.5273632
While executing 'Script@10 :: Script':
  no 'from_device.reset' write handler
Rx rate: 10553.7848606   TxExt rate: 10481.555334   TxInt rate: 10481.555334
While executing 'Script@10 :: Script':
  no 'from_device.reset' write handler
Rx rate: 10358.5657371   TxExt rate: 10278.8844622   TxInt rate: 10278.8844622
While executing 'Script@10 :: Script':
  no 'from_device.reset' write handler
Rx rate: 11834.8258706   TxExt rate: 11745.2736318   TxInt rate: 11745.2736318
While executing 'Script@10 :: Script':
  no 'from_device.reset' write handler
Rx rate: 10498.5044865   TxExt rate: 10417.7467597   TxInt rate: 10417.7467597
While executing 'Script@10 :: Script':
  no 'from_device.reset' write handler
Rx rate: 10649.3506494   TxExt rate: 10567.4325674   TxInt rate: 10567.4325674
While executing 'Script@10 :: Script':
  no 'from_device.reset' write handler
Rx rate: 10511.9047619   TxExt rate: 10429.5634921   TxInt rate: 10429.5634921
While executing 'Script@10 :: Script':
  no 'from_device.reset' write handler
Rx rate: 10477.6119403   TxExt rate: 10386.6799205   TxInt rate: 10386.6799205
While executing 'Script@10 :: Script':
  no 'from_device.reset' write handler
Rx rate: 10453.5464535   TxExt rate: 10364.2714571   TxInt rate: 10364.2714571
While executing 'Script@10 :: Script':
  no 'from_device.reset' write handler
Rx rate: 12953.0938124   TxExt rate: 10630.738523   TxInt rate: 10630.738523
While executing 'Script@10 :: Script':
  no 'from_device.reset' write handler
Rx rate: 11554.7808765   TxExt rate: 10727.0916335   TxInt rate: 10727.0916335
While executing 'Script@10 :: Script':
  no 'from_device.reset' write handler
Rx rate: 10400   TxExt rate: 10309.6903097   TxInt rate: 10309.6903097
While executing 'Script@10 :: Script':
  no 'from_device.reset' write handler
Rx rate: 10606.9651741   TxExt rate: 10525.3731343   TxInt rate: 10525.3731343
While executing 'Script@10 :: Script':
  no 'from_device.reset' write handler
Rx rate: 11564.612326   TxExt rate: 11477.1371769   TxInt rate: 11477.1371769
While executing 'Script@10 :: Script':
  no 'from_device.reset' write handler
Rx rate: 10553.7848606   TxExt rate: 10471.1155378   TxInt rate: 10471.1155378
While executing 'Script@10 :: Script':
  no 'from_device.reset' write handler
Rx rate: 10530   TxExt rate: 10449   TxInt rate: 10449
While executing 'Script@10 :: Script':
  no 'from_device.reset' write handler
Rx rate: 10498.5044865   TxExt rate: 10417.7467597   TxInt rate: 10417.7467597
While executing 'Script@10 :: Script':
  no 'from_device.reset' write handler
Rx rate: 10562.3130608   TxExt rate: 10482.552343   TxInt rate: 10482.552343
While executing 'Script@10 :: Script':
  no 'from_device.reset' write handler
Rx rate: 10519.4805195   TxExt rate: 10438.5614386   TxInt rate: 10438.5614386
While executing 'Script@10 :: Script':
  no 'from_device.reset' write handler
Rx rate: 13331.0069791   TxExt rate: 11007.9760718   TxInt rate: 11007.9760718
While executing 'Script@10 :: Script':
  no 'from_device.reset' write handler
Rx rate: 11516.9660679   TxExt rate: 10687.6247505   TxInt rate: 10687.6247505
While executing 'Script@10 :: Script':
  no 'from_device.reset' write handler
Rx rate: 10564.3070788   TxExt rate: 10481.555334   TxInt rate: 10481.555334
While executing 'Script@10 :: Script':
  no 'from_device.reset' write handler
Rx rate: 10391.2611718   TxExt rate: 10312.8103277   TxInt rate: 10312.8103277
While executing 'Script@10 :: Script':
  no 'from_device.reset' write handler
Rx rate: 11653.3864542   TxExt rate: 11563.7450199   TxInt rate: 11563.7450199
While executing 'Script@10 :: Script':
  no 'from_device.reset' write handler
Rx rate: 10403.5785288   TxExt rate: 10322.0675944   TxInt rate: 10322.0675944
While executing 'Script@10 :: Script':
  no 'from_device.reset' write handler
Rx rate: 10432.7018943   TxExt rate: 10353.9381854   TxInt rate: 10353.9381854
While executing 'Script@10 :: Script':
  no 'from_device.reset' write handler
Rx rate: 10358.5657371   TxExt rate: 10278.8844622   TxInt rate: 10278.8844622
While executing 'Script@10 :: Script':
  no 'from_device.reset' write handler
Rx rate: 10270   TxExt rate: 10191   TxInt rate: 10191
While executing 'Script@10 :: Script':
  no 'from_device.reset' write handler
Rx rate: 10315.3692615   TxExt rate: 10234.5309381   TxInt rate: 10234.5309381
While executing 'Script@10 :: Script':
  no 'from_device.reset' write handler
Rx rate: 13246.2612164   TxExt rate: 10927.218345   TxInt rate: 10927.218345
While executing 'Script@10 :: Script':
  no 'from_device.reset' write handler
Rx rate: 11592   TxExt rate: 10762   TxInt rate: 10762
While executing 'Script@10 :: Script':
  no 'from_device.reset' write handler
Rx rate: 10422.310757   TxExt rate: 10343.625498   TxInt rate: 10343.625498
While executing 'Script@10 :: Script':
  no 'from_device.reset' write handler
Rx rate: 10564.3070788   TxExt rate: 10481.555334   TxInt rate: 10481.555334
While executing 'Script@10 :: Script':
  no 'from_device.reset' write handler
Rx rate: 11653.3864542   TxExt rate: 11563.7450199   TxInt rate: 11563.7450199
While executing 'Script@10 :: Script':
  no 'from_device.reset' write handler
Rx rate: 10519.4805195   TxExt rate: 10438.5614386   TxInt rate: 10438.5614386
While executing 'Script@10 :: Script':
  no 'from_device.reset' write handler
Rx rate: 10334   TxExt rate: 10256   TxInt rate: 10256
While executing 'Script@10 :: Script':
  no 'from_device.reset' write handler
Rx rate: 10389.6103896   TxExt rate: 10309.6903097   TxInt rate: 10309.6903097
While executing 'Script@10 :: Script':
  no 'from_device.reset' write handler
Rx rate: 10455.5444555   TxExt rate: 10373.6263736   TxInt rate: 10373.6263736
While executing 'Script@10 :: Script':
  no 'from_device.reset' write handler
Rx rate: 10443.1137725   TxExt rate: 10353.9381854   TxInt rate: 10353.9381854
While executing 'Script@10 :: Script':
  no 'from_device.reset' write handler
Rx rate: 11616.63286   TxExt rate: 12042.5963489   TxInt rate: 12042.5963489
While executing 'Script@10 :: Script':
  no 'from_device.reset' write handler
AUTOTEST_DONE
