Rx rate: 0
While executing 'Script@8 :: Script':
  no 'from.reset' write handler
Rx rate: 860502.73224
While executing 'Script@8 :: Script':
  no 'from.reset' write handler
Rx rate: 865132.734531
While executing 'Script@8 :: Script':
  no 'from.reset' write handler
Rx rate: 856013.958126
While executing 'Script@8 :: Script':
  no 'from.reset' write handler
Rx rate: 859068.931069
While executing 'Script@8 :: Script':
  no 'from.reset' write handler
Rx rate: 853662
While executing 'Script@8 :: Script':
  no 'from.reset' write handler
Rx rate: 855631
While executing 'Script@8 :: Script':
  no 'from.reset' write handler
Rx rate: 855236.291127
While executing 'Script@8 :: Script':
  no 'from.reset' write handler
Rx rate: 850555
While executing 'Script@8 :: Script':
  no 'from.reset' write handler
Rx rate: 867519
While executing 'Script@8 :: Script':
  no 'from.reset' write handler
Rx rate: 860570.42957
While executing 'Script@8 :: Script':
  no 'from.reset' write handler
Rx rate: 853585.414585
While executing 'Script@8 :: Script':
  no 'from.reset' write handler
Rx rate: 855993
While executing 'Script@8 :: Script':
  no 'from.reset' write handler
Rx rate: 865704
While executing 'Script@8 :: Script':
  no 'from.reset' write handler
Rx rate: 854849
While executing 'Script@8 :: Script':
  no 'from.reset' write handler
Rx rate: 859015.984016
While executing 'Script@8 :: Script':
  no 'from.reset' write handler
Rx rate: 855504.495504
While executing 'Script@8 :: Script':
  no 'from.reset' write handler
Rx rate: 863026.973027
While executing 'Script@8 :: Script':
  no 'from.reset' write handler
Rx rate: 861647.704591
While executing 'Script@8 :: Script':
  no 'from.reset' write handler
Rx rate: 858841
While executing 'Script@8 :: Script':
  no 'from.reset' write handler
Rx rate: 860526
While executing 'Script@8 :: Script':
  no 'from.reset' write handler
Rx rate: 860394
While executing 'Script@8 :: Script':
  no 'from.reset' write handler
Rx rate: 858240.759241
While executing 'Script@8 :: Script':
  no 'from.reset' write handler
Rx rate: 858841
While executing 'Script@8 :: Script':
  no 'from.reset' write handler
Rx rate: 857628
While executing 'Script@8 :: Script':
  no 'from.reset' write handler
Rx rate: 846616
While executing 'Script@8 :: Script':
  no 'from.reset' write handler
Rx rate: 855134.730539
While executing 'Script@8 :: Script':
  no 'from.reset' write handler
Rx rate: 829577
While executing 'Script@8 :: Script':
  no 'from.reset' write handler
Rx rate: 856430.569431
While executing 'Script@8 :: Script':
  no 'from.reset' write handler
Rx rate: 857287
While executing 'Script@8 :: Script':
  no 'from.reset' write handler
Rx rate: 866516.483516
While executing 'Script@8 :: Script':
  no 'from.reset' write handler
Rx rate: 867555.444555
While executing 'Script@8 :: Script':
  no 'from.reset' write handler
Rx rate: 856641
While executing 'Script@8 :: Script':
  no 'from.reset' write handler
Rx rate: 862166.666667
While executing 'Script@8 :: Script':
  no 'from.reset' write handler
Rx rate: 858017
While executing 'Script@8 :: Script':
  no 'from.reset' write handler
Rx rate: 861359.64036
While executing 'Script@8 :: Script':
  no 'from.reset' write handler
Rx rate: 855666.333666
While executing 'Script@8 :: Script':
  no 'from.reset' write handler
Rx rate: 857159
While executing 'Script@8 :: Script':
  no 'from.reset' write handler
Rx rate: 859487
While executing 'Script@8 :: Script':
  no 'from.reset' write handler
Rx rate: 864539
While executing 'Script@8 :: Script':
  no 'from.reset' write handler
Rx rate: 862297.40519
While executing 'Script@8 :: Script':
  no 'from.reset' write handler
Rx rate: 855216
While executing 'Script@8 :: Script':
  no 'from.reset' write handler
Rx rate: 855736
While executing 'Script@8 :: Script':
  no 'from.reset' write handler
Rx rate: 864969.030969
While executing 'Script@8 :: Script':
  no 'from.reset' write handler
Rx rate: 862985
While executing 'Script@8 :: Script':
  no 'from.reset' write handler
Rx rate: 860561
While executing 'Script@8 :: Script':
  no 'from.reset' write handler
Rx rate: 854348.953141
While executing 'Script@8 :: Script':
  no 'from.reset' write handler
Rx rate: 866092
While executing 'Script@8 :: Script':
  no 'from.reset' write handler
Rx rate: 859748
While executing 'Script@8 :: Script':
  no 'from.reset' write handler
Rx rate: 862080
While executing 'Script@8 :: Script':
  no 'from.reset' write handler
Rx rate: 861688
While executing 'Script@8 :: Script':
  no 'from.reset' write handler
Rx rate: 852290.709291
While executing 'Script@8 :: Script':
  no 'from.reset' write handler
Rx rate: 854179
While executing 'Script@8 :: Script':
  no 'from.reset' write handler
Rx rate: 859102
While executing 'Script@8 :: Script':
  no 'from.reset' write handler
Rx rate: 853141
While executing 'Script@8 :: Script':
  no 'from.reset' write handler
Rx rate: 851106.893107
While executing 'Script@8 :: Script':
  no 'from.reset' write handler
Rx rate: 862418
While executing 'Script@8 :: Script':
  no 'from.reset' write handler
Rx rate: 824995.004995
While executing 'Script@8 :: Script':
  no 'from.reset' write handler
Rx rate: 858971
While executing 'Script@8 :: Script':
  no 'from.reset' write handler
Rx rate: 854181
While executing 'Script@8 :: Script':
  no 'from.reset' write handler
Rx rate: 861089.91009
While executing 'Script@8 :: Script':
  no 'from.reset' write handler
Rx rate: 858839
While executing 'Script@8 :: Script':
  no 'from.reset' write handler
Rx rate: 866873
While executing 'Script@8 :: Script':
  no 'from.reset' write handler
Rx rate: 864282
While executing 'Script@8 :: Script':
  no 'from.reset' write handler
Rx rate: 856869.261477
While executing 'Script@8 :: Script':
  no 'from.reset' write handler
Rx rate: 852041.958042
While executing 'Script@8 :: Script':
  no 'from.reset' write handler
Rx rate: 858100.798403
While executing 'Script@8 :: Script':
  no 'from.reset' write handler
Rx rate: 861301
While executing 'Script@8 :: Script':
  no 'from.reset' write handler
Rx rate: 858709
While executing 'Script@8 :: Script':
  no 'from.reset' write handler
Rx rate: 860915
While executing 'Script@8 :: Script':
  no 'from.reset' write handler
Rx rate: 861042
While executing 'Script@8 :: Script':
  no 'from.reset' write handler
Rx rate: 853012
While executing 'Script@8 :: Script':
  no 'from.reset' write handler
Rx rate: 857464.535465
While executing 'Script@8 :: Script':
  no 'from.reset' write handler
AUTOTEST_DONE
