/tmp/linux.click:2: While initializing 'from :: FromDevice':
  warning: ens7: no IPv4 address assigned
Rx rate: 0
While executing 'Script@5 :: Script':
  no 'from.reset' write handler
Rx rate: 323214.876033
While executing 'Script@5 :: Script':
  no 'from.reset' write handler
Rx rate: 362522.954092
While executing 'Script@5 :: Script':
  no 'from.reset' write handler
Rx rate: 400802
While executing 'Script@5 :: Script':
  no 'from.reset' write handler
Rx rate: 399216.350947
While executing 'Script@5 :: Script':
  no 'from.reset' write handler
Rx rate: 383206.380857
While executing 'Script@5 :: Script':
  no 'from.reset' write handler
Rx rate: 383838
While executing 'Script@5 :: Script':
  no 'from.reset' write handler
Rx rate: 400131.736527
While executing 'Script@5 :: Script':
  no 'from.reset' write handler
Rx rate: 386606.393606
While executing 'Script@5 :: Script':
  no 'from.reset' write handler
Rx rate: 402824
While executing 'Script@5 :: Script':
  no 'from.reset' write handler
Rx rate: 399755.244755
While executing 'Script@5 :: Script':
  no 'from.reset' write handler
Rx rate: 383713.286713
While executing 'Script@5 :: Script':
  no 'from.reset' write handler
Rx rate: 400155
While executing 'Script@5 :: Script':
  no 'from.reset' write handler
Rx rate: 400155
While executing 'Script@5 :: Script':
  no 'from.reset' write handler
Rx rate: 385004
While executing 'Script@5 :: Script':
  no 'from.reset' write handler
Rx rate: 405982
While executing 'Script@5 :: Script':
  no 'from.reset' write handler
Rx rate: 398601
While executing 'Script@5 :: Script':
  no 'from.reset' write handler
Rx rate: 383713.286713
While executing 'Script@5 :: Script':
  no 'from.reset' write handler
Rx rate: 406710
While executing 'Script@5 :: Script':
  no 'from.reset' write handler
Rx rate: 403813
While executing 'Script@5 :: Script':
  no 'from.reset' write handler
Rx rate: 404429
While executing 'Script@5 :: Script':
  no 'from.reset' write handler
Rx rate: 379694
While executing 'Script@5 :: Script':
  no 'from.reset' write handler
Rx rate: 405594
While executing 'Script@5 :: Script':
  no 'from.reset' write handler
Rx rate: 407517.482517
While executing 'Script@5 :: Script':
  no 'from.reset' write handler
Rx rate: 378667.332667
While executing 'Script@5 :: Script':
  no 'from.reset' write handler
Rx rate: 408961
While executing 'Script@5 :: Script':
  no 'from.reset' write handler
Rx rate: 408333.333333
While executing 'Script@5 :: Script':
  no 'from.reset' write handler
Rx rate: 382426.147705
While executing 'Script@5 :: Script':
  no 'from.reset' write handler
Rx rate: 394210
While executing 'Script@5 :: Script':
  no 'from.reset' write handler
Rx rate: 405663
While executing 'Script@5 :: Script':
  no 'from.reset' write handler
Rx rate: 405594
While executing 'Script@5 :: Script':
  no 'from.reset' write handler
Rx rate: 406242
While executing 'Script@5 :: Script':
  no 'from.reset' write handler
Rx rate: 405853
While executing 'Script@5 :: Script':
  no 'from.reset' write handler
Rx rate: 407407
While executing 'Script@5 :: Script':
  no 'from.reset' write handler
Rx rate: 411033
While executing 'Script@5 :: Script':
  no 'from.reset' write handler
Rx rate: 408831
While executing 'Script@5 :: Script':
  no 'from.reset' write handler
Rx rate: 409479
While executing 'Script@5 :: Script':
  no 'from.reset' write handler
Rx rate: 405206
While executing 'Script@5 :: Script':
  no 'from.reset' write handler
Rx rate: 411306
While executing 'Script@5 :: Script':
  no 'from.reset' write handler
Rx rate: 406630
While executing 'Script@5 :: Script':
  no 'from.reset' write handler
Rx rate: 407745
While executing 'Script@5 :: Script':
  no 'from.reset' write handler
Rx rate: 406242
While executing 'Script@5 :: Script':
  no 'from.reset' write handler
Rx rate: 409479
While executing 'Script@5 :: Script':
  no 'from.reset' write handler
Rx rate: 406241
While executing 'Script@5 :: Script':
  no 'from.reset' write handler
Rx rate: 406371
While executing 'Script@5 :: Script':
  no 'from.reset' write handler
Rx rate: 406112
While executing 'Script@5 :: Script':
  no 'from.reset' write handler
Rx rate: 402990.00999
While executing 'Script@5 :: Script':
  no 'from.reset' write handler
Rx rate: 404817
While executing 'Script@5 :: Script':
  no 'from.reset' write handler
Rx rate: 402695
While executing 'Script@5 :: Script':
  no 'from.reset' write handler
Rx rate: 402097
While executing 'Script@5 :: Script':
  no 'from.reset' write handler
Rx rate: 403469
While executing 'Script@5 :: Script':
  no 'from.reset' write handler
Rx rate: 401191
While executing 'Script@5 :: Script':
  no 'from.reset' write handler
Rx rate: 402083.916084
While executing 'Script@5 :: Script':
  no 'from.reset' write handler
Rx rate: 403910
While executing 'Script@5 :: Script':
  no 'from.reset' write handler
Rx rate: 403263
While executing 'Script@5 :: Script':
  no 'from.reset' write handler
Rx rate: 398083
While executing 'Script@5 :: Script':
  no 'from.reset' write handler
Rx rate: 401191
While executing 'Script@5 :: Script':
  no 'from.reset' write handler
Rx rate: 401682.634731
While executing 'Script@5 :: Script':
  no 'from.reset' write handler
Rx rate: 386249
While executing 'Script@5 :: Script':
  no 'from.reset' write handler
Rx rate: 400414
While executing 'Script@5 :: Script':
  no 'from.reset' write handler
Rx rate: 404138
While executing 'Script@5 :: Script':
  no 'from.reset' write handler
Rx rate: 400414
While executing 'Script@5 :: Script':
  no 'from.reset' write handler
Rx rate: 401838
While executing 'Script@5 :: Script':
  no 'from.reset' write handler
Rx rate: 399249
While executing 'Script@5 :: Script':
  no 'from.reset' write handler
Rx rate: 400142.857143
While executing 'Script@5 :: Script':
  no 'from.reset' write handler
Rx rate: 398731
While executing 'Script@5 :: Script':
  no 'from.reset' write handler
Rx rate: 398979.020979
While executing 'Script@5 :: Script':
  no 'from.reset' write handler
Rx rate: 400802
While executing 'Script@5 :: Script':
  no 'from.reset' write handler
Rx rate: 397383
While executing 'Script@5 :: Script':
  no 'from.reset' write handler
Rx rate: 397306
While executing 'Script@5 :: Script':
  no 'from.reset' write handler
Rx rate: 406580
While executing 'Script@5 :: Script':
  no 'from.reset' write handler
Rx rate: 398580.838323
While executing 'Script@5 :: Script':
  no 'from.reset' write handler
Rx rate: 397953
While executing 'Script@5 :: Script':
  no 'from.reset' write handler
AUTOTEST_DONE
