Rx rate: 0
While executing 'Script@5 :: Script':
  no 'from.reset' write handler
Rx rate: 116732.394366
While executing 'Script@5 :: Script':
  no 'from.reset' write handler
Rx rate: 117492.522433
While executing 'Script@5 :: Script':
  no 'from.reset' write handler
Rx rate: 118073.529412
While executing 'Script@5 :: Script':
  no 'from.reset' write handler
Rx rate: 117283.018868
While executing 'Script@5 :: Script':
  no 'from.reset' write handler
Rx rate: 117680.555556
While executing 'Script@5 :: Script':
  no 'from.reset' write handler
Rx rate: 117716
While executing 'Script@5 :: Script':
  no 'from.reset' write handler
Rx rate: 117715
While executing 'Script@5 :: Script':
  no 'from.reset' write handler
Rx rate: 117820.61447
While executing 'Script@5 :: Script':
  no 'from.reset' write handler
Rx rate: 117375.498008
While executing 'Script@5 :: Script':
  no 'from.reset' write handler
Rx rate: 117622.133599
While executing 'Script@5 :: Script':
  no 'from.reset' write handler
Rx rate: 117338.661339
While executing 'Script@5 :: Script':
  no 'from.reset' write handler
Rx rate: 117468.531469
While executing 'Script@5 :: Script':
  no 'from.reset' write handler
Rx rate: 117986.013986
While executing 'Script@5 :: Script':
  no 'from.reset' write handler
Rx rate: 117351.297405
While executing 'Script@5 :: Script':
  no 'from.reset' write handler
Rx rate: 117586
While executing 'Script@5 :: Script':
  no 'from.reset' write handler
Rx rate: 117598.401598
While executing 'Script@5 :: Script':
  no 'from.reset' write handler
Rx rate: 117338.661339
While executing 'Script@5 :: Script':
  no 'from.reset' write handler
Rx rate: 117468.531469
While executing 'Script@5 :: Script':
  no 'from.reset' write handler
Rx rate: 117716
While executing 'Script@5 :: Script':
  no 'from.reset' write handler
Rx rate: 117856.143856
While executing 'Script@5 :: Script':
  no 'from.reset' write handler
Rx rate: 117716
While executing 'Script@5 :: Script':
  no 'from.reset' write handler
Rx rate: 117468.531469
While executing 'Script@5 :: Script':
  no 'from.reset' write handler
Rx rate: 117338.661339
While executing 'Script@5 :: Script':
  no 'from.reset' write handler
Rx rate: 118234
While executing 'Script@5 :: Script':
  no 'from.reset' write handler
Rx rate: 117856.143856
While executing 'Script@5 :: Script':
  no 'from.reset' write handler
Rx rate: 116680
While executing 'Script@5 :: Script':
  no 'from.reset' write handler
Rx rate: 117586
While executing 'Script@5 :: Script':
  no 'from.reset' write handler
Rx rate: 117209.79021
While executing 'Script@5 :: Script':
  no 'from.reset' write handler
Rx rate: 117468.531469
While executing 'Script@5 :: Script':
  no 'from.reset' write handler
Rx rate: 117327
While executing 'Script@5 :: Script':
  no 'from.reset' write handler
Rx rate: 117856.143856
While executing 'Script@5 :: Script':
  no 'from.reset' write handler
Rx rate: 117727.272727
While executing 'Script@5 :: Script':
  no 'from.reset' write handler
Rx rate: 117727.272727
While executing 'Script@5 :: Script':
  no 'from.reset' write handler
Rx rate: 118234
While executing 'Script@5 :: Script':
  no 'from.reset' write handler
Rx rate: 118503.496503
While executing 'Script@5 :: Script':
  no 'from.reset' write handler
Rx rate: 117856.143856
While executing 'Script@5 :: Script':
  no 'from.reset' write handler
Rx rate: 117598.401598
While executing 'Script@5 :: Script':
  no 'from.reset' write handler
Rx rate: 117856.143856
While executing 'Script@5 :: Script':
  no 'from.reset' write handler
Rx rate: 117727.272727
While executing 'Script@5 :: Script':
  no 'from.reset' write handler
Rx rate: 117845
While executing 'Script@5 :: Script':
  no 'from.reset' write handler
Rx rate: 117845
While executing 'Script@5 :: Script':
  no 'from.reset' write handler
Rx rate: 117598.401598
While executing 'Script@5 :: Script':
  no 'from.reset' write handler
Rx rate: 117727.272727
While executing 'Script@5 :: Script':
  no 'from.reset' write handler
Rx rate: 118233
While executing 'Script@5 :: Script':
  no 'from.reset' write handler
Rx rate: 118234
While executing 'Script@5 :: Script':
  no 'from.reset' write handler
Rx rate: 118104
While executing 'Script@5 :: Script':
  no 'from.reset' write handler
Rx rate: 118233
While executing 'Script@5 :: Script':
  no 'from.reset' write handler
Rx rate: 117857.142857
While executing 'Script@5 :: Script':
  no 'from.reset' write handler
Rx rate: 117986.013986
While executing 'Script@5 :: Script':
  no 'from.reset' write handler
Rx rate: 117856.143856
While executing 'Script@5 :: Script':
  no 'from.reset' write handler
Rx rate: 117716
While executing 'Script@5 :: Script':
  no 'from.reset' write handler
Rx rate: 117856.143856
While executing 'Script@5 :: Script':
  no 'from.reset' write handler
Rx rate: 117727.272727
While executing 'Script@5 :: Script':
  no 'from.reset' write handler
Rx rate: 118374.625375
While executing 'Script@5 :: Script':
  no 'from.reset' write handler
Rx rate: 117986.013986
While executing 'Script@5 :: Script':
  no 'from.reset' write handler
Rx rate: 117068
While executing 'Script@5 :: Script':
  no 'from.reset' write handler
Rx rate: 117338.661339
While executing 'Script@5 :: Script':
  no 'from.reset' write handler
Rx rate: 117975
While executing 'Script@5 :: Script':
  no 'from.reset' write handler
Rx rate: 117974
While executing 'Script@5 :: Script':
  no 'from.reset' write handler
Rx rate: 117586
While executing 'Script@5 :: Script':
  no 'from.reset' write handler
Rx rate: 117845
While executing 'Script@5 :: Script':
  no 'from.reset' write handler
Rx rate: 118115.884116
While executing 'Script@5 :: Script':
  no 'from.reset' write handler
Rx rate: 117727.272727
While executing 'Script@5 :: Script':
  no 'from.reset' write handler
Rx rate: 117986.013986
While executing 'Script@5 :: Script':
  no 'from.reset' write handler
Rx rate: 118114.885115
While executing 'Script@5 :: Script':
  no 'from.reset' write handler
Rx rate: 117986.013986
While executing 'Script@5 :: Script':
  no 'from.reset' write handler
Rx rate: 117857.142857
While executing 'Script@5 :: Script':
  no 'from.reset' write handler
Rx rate: 117845
While executing 'Script@5 :: Script':
  no 'from.reset' write handler
Rx rate: 117456
While executing 'Script@5 :: Script':
  no 'from.reset' write handler
Rx rate: 117598.401598
While executing 'Script@5 :: Script':
  no 'from.reset' write handler
Rx rate: 117079.92008
While executing 'Script@5 :: Script':
  no 'from.reset' write handler
Rx rate: 117727.272727
While executing 'Script@5 :: Script':
  no 'from.reset' write handler
AUTOTEST_DONE
