/tmp/linux.click:2: While initializing 'from_device :: FromDevice':
  warning: ens7: no IPv4 address assigned
SimpleQueue@6 :: SimpleQueue: overflow
Rx rate: 304506.769826   TxExt rate: 302164.410058   TxInt rate: 302164.410058
While executing 'Script@10 :: Script':
  no 'from_device.reset' write handler
Rx rate: 233373.878365   TxExt rate: 231560.319043   TxInt rate: 231560.319043
While executing 'Script@10 :: Script':
  no 'from_device.reset' write handler
Rx rate: 306091.816367   TxExt rate: 303280.439122   TxInt rate: 303280.439122
While executing 'Script@10 :: Script':
  no 'from_device.reset' write handler
Rx rate: 303089   TxExt rate: 300380   TxInt rate: 300380
While executing 'Script@10 :: Script':
  no 'from_device.reset' write handler
Rx rate: 290289.264414   TxExt rate: 286232.604374   TxInt rate: 286232.604374
While executing 'Script@10 :: Script':
  no 'from_device.reset' write handler
Rx rate: 298120.758483   TxExt rate: 294480.03992   TxInt rate: 294480.03992
While executing 'Script@10 :: Script':
  no 'from_device.reset' write handler
Rx rate: 303828   TxExt rate: 301066   TxInt rate: 301066
While executing 'Script@10 :: Script':
  no 'from_device.reset' write handler
Rx rate: 291184.815185   TxExt rate: 288653.346653   TxInt rate: 288653.346653
While executing 'Script@10 :: Script':
  no 'from_device.reset' write handler
Rx rate: 301063   TxExt rate: 298521   TxInt rate: 298521
While executing 'Script@10 :: Script':
  no 'from_device.reset' write handler
Rx rate: 300591.408591   TxExt rate: 298004.995005   TxInt rate: 298004.995005
While executing 'Script@10 :: Script':
  no 'from_device.reset' write handler
Rx rate: 296067.932068   TxExt rate: 293473.526474   TxInt rate: 293473.526474
While executing 'Script@10 :: Script':
  no 'from_device.reset' write handler
Rx rate: 295506   TxExt rate: 293070   TxInt rate: 293070
While executing 'Script@10 :: Script':
  no 'from_device.reset' write handler
Rx rate: 301996   TxExt rate: 299401   TxInt rate: 299401
While executing 'Script@10 :: Script':
  no 'from_device.reset' write handler
Rx rate: 302785   TxExt rate: 300166   TxInt rate: 300166
While executing 'Script@10 :: Script':
  no 'from_device.reset' write handler
Rx rate: 292880   TxExt rate: 288997   TxInt rate: 288997
While executing 'Script@10 :: Script':
  no 'from_device.reset' write handler
Rx rate: 304724.275724   TxExt rate: 300794.205794   TxInt rate: 300794.205794
While executing 'Script@10 :: Script':
  no 'from_device.reset' write handler
Rx rate: 300895   TxExt rate: 298301   TxInt rate: 298301
While executing 'Script@10 :: Script':
  no 'from_device.reset' write handler
Rx rate: 290681   TxExt rate: 288183   TxInt rate: 288183
While executing 'Script@10 :: Script':
  no 'from_device.reset' write handler
Rx rate: 302824   TxExt rate: 300127   TxInt rate: 300127
While executing 'Script@10 :: Script':
  no 'from_device.reset' write handler
Rx rate: 302613   TxExt rate: 299949   TxInt rate: 299949
While executing 'Script@10 :: Script':
  no 'from_device.reset' write handler
Rx rate: 286880   TxExt rate: 284603   TxInt rate: 284603
While executing 'Script@10 :: Script':
  no 'from_device.reset' write handler
Rx rate: 301501.498501   TxExt rate: 298906.093906   TxInt rate: 298906.093906
While executing 'Script@10 :: Script':
  no 'from_device.reset' write handler
Rx rate: 302401   TxExt rate: 299773   TxInt rate: 299773
While executing 'Script@10 :: Script':
  no 'from_device.reset' write handler
Rx rate: 286719.280719   TxExt rate: 284192.807193   TxInt rate: 284192.807193
While executing 'Script@10 :: Script':
  no 'from_device.reset' write handler
Rx rate: 302960   TxExt rate: 300379   TxInt rate: 300379
While executing 'Script@10 :: Script':
  no 'from_device.reset' write handler
Rx rate: 305448   TxExt rate: 299778   TxInt rate: 299778
While executing 'Script@10 :: Script':
  no 'from_device.reset' write handler
Rx rate: 295440   TxExt rate: 292748   TxInt rate: 292748
While executing 'Script@10 :: Script':
  no 'from_device.reset' write handler
Rx rate: 293261   TxExt rate: 290783   TxInt rate: 290783
While executing 'Script@10 :: Script':
  no 'from_device.reset' write handler
Rx rate: 304243   TxExt rate: 301557   TxInt rate: 301557
While executing 'Script@10 :: Script':
  no 'from_device.reset' write handler
Rx rate: 303073   TxExt rate: 300396   TxInt rate: 300396
While executing 'Script@10 :: Script':
  no 'from_device.reset' write handler
Rx rate: 303793   TxExt rate: 301230   TxInt rate: 301230
While executing 'Script@10 :: Script':
  no 'from_device.reset' write handler
Rx rate: 303901   TxExt rate: 301381   TxInt rate: 301381
While executing 'Script@10 :: Script':
  no 'from_device.reset' write handler
Rx rate: 304724   TxExt rate: 302112   TxInt rate: 302112
While executing 'Script@10 :: Script':
  no 'from_device.reset' write handler
Rx rate: 304602   TxExt rate: 301975   TxInt rate: 301975
While executing 'Script@10 :: Script':
  no 'from_device.reset' write handler
Rx rate: 301484   TxExt rate: 298877   TxInt rate: 298877
While executing 'Script@10 :: Script':
  no 'from_device.reset' write handler
Rx rate: 304376   TxExt rate: 298619   TxInt rate: 298619
While executing 'Script@10 :: Script':
  no 'from_device.reset' write handler
Rx rate: 303115   TxExt rate: 300613   TxInt rate: 300613
While executing 'Script@10 :: Script':
  no 'from_device.reset' write handler
Rx rate: 301606   TxExt rate: 299014   TxInt rate: 299014
While executing 'Script@10 :: Script':
  no 'from_device.reset' write handler
Rx rate: 303377.622378   TxExt rate: 300782.217782   TxInt rate: 300782.217782
While executing 'Script@10 :: Script':
  no 'from_device.reset' write handler
Rx rate: 303081   TxExt rate: 300388   TxInt rate: 300388
While executing 'Script@10 :: Script':
  no 'from_device.reset' write handler
Rx rate: 303911.088911   TxExt rate: 301283.716284   TxInt rate: 301283.716284
While executing 'Script@10 :: Script':
  no 'from_device.reset' write handler
Rx rate: 302575   TxExt rate: 300117   TxInt rate: 300117
While executing 'Script@10 :: Script':
  no 'from_device.reset' write handler
Rx rate: 304079   TxExt rate: 301462   TxInt rate: 301462
While executing 'Script@10 :: Script':
  no 'from_device.reset' write handler
Rx rate: 302328   TxExt rate: 299846   TxInt rate: 299846
While executing 'Script@10 :: Script':
  no 'from_device.reset' write handler
Rx rate: 302703   TxExt rate: 300248   TxInt rate: 300248
While executing 'Script@10 :: Script':
  no 'from_device.reset' write handler
Rx rate: 302333.666334   TxExt rate: 297392.607393   TxInt rate: 297392.607393
While executing 'Script@10 :: Script':
  no 'from_device.reset' write handler
Rx rate: 302063   TxExt rate: 299334   TxInt rate: 299334
While executing 'Script@10 :: Script':
  no 'from_device.reset' write handler
Rx rate: 302987.012987   TxExt rate: 300656.343656   TxInt rate: 300656.343656
While executing 'Script@10 :: Script':
  no 'from_device.reset' write handler
Rx rate: 301499   TxExt rate: 298862   TxInt rate: 298862
While executing 'Script@10 :: Script':
  no 'from_device.reset' write handler
Rx rate: 303341.658342   TxExt rate: 300689.310689   TxInt rate: 300689.310689
While executing 'Script@10 :: Script':
  no 'from_device.reset' write handler
Rx rate: 301409   TxExt rate: 298822   TxInt rate: 298822
While executing 'Script@10 :: Script':
  no 'from_device.reset' write handler
Rx rate: 302872.127872   TxExt rate: 300252.747253   TxInt rate: 300252.747253
While executing 'Script@10 :: Script':
  no 'from_device.reset' write handler
Rx rate: 301755.244755   TxExt rate: 299040.959041   TxInt rate: 299040.959041
While executing 'Script@10 :: Script':
  no 'from_device.reset' write handler
Rx rate: 302235   TxExt rate: 299680   TxInt rate: 299680
While executing 'Script@10 :: Script':
  no 'from_device.reset' write handler
Rx rate: 301619.380619   TxExt rate: 298918.081918   TxInt rate: 298918.081918
While executing 'Script@10 :: Script':
  no 'from_device.reset' write handler
Rx rate: 303272   TxExt rate: 297542   TxInt rate: 297542
While executing 'Script@10 :: Script':
  no 'from_device.reset' write handler
Rx rate: 301824.175824   TxExt rate: 299230.769231   TxInt rate: 299230.769231
While executing 'Script@10 :: Script':
  no 'from_device.reset' write handler
Rx rate: 299450   TxExt rate: 296767   TxInt rate: 296767
While executing 'Script@10 :: Script':
  no 'from_device.reset' write handler
Rx rate: 301764   TxExt rate: 299115   TxInt rate: 299115
While executing 'Script@10 :: Script':
  no 'from_device.reset' write handler
Rx rate: 302894.105894   TxExt rate: 300230.769231   TxInt rate: 300230.769231
While executing 'Script@10 :: Script':
  no 'from_device.reset' write handler
Rx rate: 301413   TxExt rate: 298948   TxInt rate: 298948
While executing 'Script@10 :: Script':
  no 'from_device.reset' write handler
Rx rate: 303302   TxExt rate: 300685   TxInt rate: 300685
While executing 'Script@10 :: Script':
  no 'from_device.reset' write handler
Rx rate: 303674.325674   TxExt rate: 301002.997003   TxInt rate: 301002.997003
While executing 'Script@10 :: Script':
  no 'from_device.reset' write handler
Rx rate: 303648   TxExt rate: 300857   TxInt rate: 300857
While executing 'Script@10 :: Script':
  no 'from_device.reset' write handler
Rx rate: 302807   TxExt rate: 300144   TxInt rate: 300144
While executing 'Script@10 :: Script':
  no 'from_device.reset' write handler
Rx rate: 301503.496503   TxExt rate: 297556.443556   TxInt rate: 297556.443556
While executing 'Script@10 :: Script':
  no 'from_device.reset' write handler
Rx rate: 300860   TxExt rate: 296594   TxInt rate: 296594
While executing 'Script@10 :: Script':
  no 'from_device.reset' write handler
Rx rate: 299795   TxExt rate: 297199   TxInt rate: 297199
While executing 'Script@10 :: Script':
  no 'from_device.reset' write handler
Rx rate: 300502   TxExt rate: 297787   TxInt rate: 297787
While executing 'Script@10 :: Script':
  no 'from_device.reset' write handler
Rx rate: 300344   TxExt rate: 297945   TxInt rate: 297945
While executing 'Script@10 :: Script':
  no 'from_device.reset' write handler
Rx rate: 301137   TxExt rate: 298447   TxInt rate: 298447
While executing 'Script@10 :: Script':
  no 'from_device.reset' write handler
Rx rate: 301485.623003   TxExt rate: 299001.064963   TxInt rate: 299001.064963
While executing 'Script@10 :: Script':
  no 'from_device.reset' write handler
AUTOTEST_DONE
