/tmp/linux.click:2: While initializing 'from_device :: FromDevice':
  warning: ens7: no IPv4 address assigned
Rx rate: 9203.53982301   TxExt rate: 9146.23338257   TxInt rate: 9146.23338257
While executing 'Script@10 :: Script':
  no 'from_device.reset' write handler
Rx rate: 10823.7885463   TxExt rate: 10740.969163   TxInt rate: 10740.969163
While executing 'Script@10 :: Script':
  no 'from_device.reset' write handler
Rx rate: 11262.3762376   TxExt rate: 11175.2475248   TxInt rate: 11175.2475248
While executing 'Script@10 :: Script':
  no 'from_device.reset' write handler
SimpleQueue@6 :: SimpleQueue: overflow
Rx rate: 13175.0245821   TxExt rate: 11617.5024582   TxInt rate: 11617.5024582
While executing 'Script@10 :: Script':
  no 'from_device.reset' write handler
Rx rate: 10957.8544061   TxExt rate: 10873.5632184   TxInt rate: 10873.5632184
While executing 'Script@10 :: Script':
  no 'from_device.reset' write handler
Rx rate: 11436.9501466   TxExt rate: 11348.973607   TxInt rate: 11348.973607
While executing 'Script@10 :: Script':
  no 'from_device.reset' write handler
Rx rate: 10960.7843137   TxExt rate: 10876.4705882   TxInt rate: 10876.4705882
While executing 'Script@10 :: Script':
  no 'from_device.reset' write handler
Rx rate: 11182.7956989   TxExt rate: 11096.7741935   TxInt rate: 11096.7741935
While executing 'Script@10 :: Script':
  no 'from_device.reset' write handler
Rx rate: 13895.9365709   TxExt rate: 12575.8176412   TxInt rate: 12575.8176412
While executing 'Script@10 :: Script':
  no 'from_device.reset' write handler
Rx rate: 11167.8252234   TxExt rate: 11080.4369414   TxInt rate: 11080.4369414
While executing 'Script@10 :: Script':
  no 'from_device.reset' write handler
Rx rate: 11210.3688933   TxExt rate: 11125.6231306   TxInt rate: 11125.6231306
While executing 'Script@10 :: Script':
  no 'from_device.reset' write handler
Rx rate: 11038.961039   TxExt rate: 10954.045954   TxInt rate: 10954.045954
While executing 'Script@10 :: Script':
  no 'from_device.reset' write handler
Rx rate: 11276.1714855   TxExt rate: 11189.4317049   TxInt rate: 11189.4317049
While executing 'Script@10 :: Script':
  no 'from_device.reset' write handler
Rx rate: 11246   TxExt rate: 11158   TxInt rate: 11158
While executing 'Script@10 :: Script':
  no 'from_device.reset' write handler
Rx rate: 12985.0746269   TxExt rate: 11408.9552239   TxInt rate: 11408.9552239
While executing 'Script@10 :: Script':
  no 'from_device.reset' write handler
Rx rate: 11264.940239   TxExt rate: 11178.2868526   TxInt rate: 11178.2868526
While executing 'Script@10 :: Script':
  no 'from_device.reset' write handler
Rx rate: 11199.2031873   TxExt rate: 11114.5418327   TxInt rate: 11114.5418327
While executing 'Script@10 :: Script':
  no 'from_device.reset' write handler
Rx rate: 11829.1708292   TxExt rate: 10997.002997   TxInt rate: 10997.002997
While executing 'Script@10 :: Script':
  no 'from_device.reset' write handler
Rx rate: 13395   TxExt rate: 12548   TxInt rate: 12548
While executing 'Script@10 :: Script':
  no 'from_device.reset' write handler
Rx rate: 11199.2031873   TxExt rate: 11114.5418327   TxInt rate: 11114.5418327
While executing 'Script@10 :: Script':
  no 'from_device.reset' write handler
Rx rate: 10434.6959123   TxExt rate: 10352.9411765   TxInt rate: 10352.9411765
While executing 'Script@10 :: Script':
  no 'from_device.reset' write handler
Rx rate: 11135.4581673   TxExt rate: 11049.8007968   TxInt rate: 11049.8007968
While executing 'Script@10 :: Script':
  no 'from_device.reset' write handler
Rx rate: 11244   TxExt rate: 11147.8521479   TxInt rate: 11147.8521479
While executing 'Script@10 :: Script':
  no 'from_device.reset' write handler
Rx rate: 10823.5294118   TxExt rate: 10738.7836491   TxInt rate: 10738.7836491
While executing 'Script@10 :: Script':
  no 'from_device.reset' write handler
Rx rate: 12373.8783649   TxExt rate: 10801.5952144   TxInt rate: 10801.5952144
While executing 'Script@10 :: Script':
  no 'from_device.reset' write handler
Rx rate: 11069.7211155   TxExt rate: 10986.0557769   TxInt rate: 10986.0557769
While executing 'Script@10 :: Script':
  no 'from_device.reset' write handler
Rx rate: 10779.2207792   TxExt rate: 10696.3036963   TxInt rate: 10696.3036963
While executing 'Script@10 :: Script':
  no 'from_device.reset' write handler
Rx rate: 11371.257485   TxExt rate: 10542.9141717   TxInt rate: 10542.9141717
While executing 'Script@10 :: Script':
  no 'from_device.reset' write handler
Rx rate: 12216.5668663   TxExt rate: 11382.2355289   TxInt rate: 11382.2355289
While executing 'Script@10 :: Script':
  no 'from_device.reset' write handler
Rx rate: 12600.3976143   TxExt rate: 12514.4278607   TxInt rate: 12514.4278607
While executing 'Script@10 :: Script':
  no 'from_device.reset' write handler
Rx rate: 11287.4251497   TxExt rate: 11200.5988024   TxInt rate: 11200.5988024
While executing 'Script@10 :: Script':
  no 'from_device.reset' write handler
Rx rate: 11091.8163673   TxExt rate: 11007.9840319   TxInt rate: 11007.9840319
While executing 'Script@10 :: Script':
  no 'from_device.reset' write handler
Rx rate: 11287.4251497   TxExt rate: 11200.5988024   TxInt rate: 11200.5988024
While executing 'Script@10 :: Script':
  no 'from_device.reset' write handler
Rx rate: 11016.9491525   TxExt rate: 10932.2033898   TxInt rate: 10932.2033898
While executing 'Script@10 :: Script':
  no 'from_device.reset' write handler
Rx rate: 13037.962038   TxExt rate: 11454.5454545   TxInt rate: 11454.5454545
While executing 'Script@10 :: Script':
  no 'from_device.reset' write handler
Rx rate: 11135.4581673   TxExt rate: 11049.8007968   TxInt rate: 11049.8007968
While executing 'Script@10 :: Script':
  no 'from_device.reset' write handler
Rx rate: 11178.9264414   TxExt rate: 11091.4512922   TxInt rate: 11091.4512922
While executing 'Script@10 :: Script':
  no 'from_device.reset' write handler
Rx rate: 12126.746507   TxExt rate: 11281.1565304   TxInt rate: 11281.1565304
While executing 'Script@10 :: Script':
  no 'from_device.reset' write handler
Rx rate: 11993.0139721   TxExt rate: 11161.6766467   TxInt rate: 11161.6766467
While executing 'Script@10 :: Script':
  no 'from_device.reset' write handler
Rx rate: 12313.0608175   TxExt rate: 12218.3449651   TxInt rate: 12218.3449651
While executing 'Script@10 :: Script':
  no 'from_device.reset' write handler
Rx rate: 11005.9760956   TxExt rate: 10910.4477612   TxInt rate: 10910.4477612
While executing 'Script@10 :: Script':
  no 'from_device.reset' write handler
Rx rate: 11157.6846307   TxExt rate: 11071.8562874   TxInt rate: 11071.8562874
While executing 'Script@10 :: Script':
  no 'from_device.reset' write handler
Rx rate: 11157.6846307   TxExt rate: 11082.9170829   TxInt rate: 11082.9170829
While executing 'Script@10 :: Script':
  no 'from_device.reset' write handler
Rx rate: 10951.4370664   TxExt rate: 10867.1952428   TxInt rate: 10867.1952428
While executing 'Script@10 :: Script':
  no 'from_device.reset' write handler
Rx rate: 13087.8243513   TxExt rate: 11496.5104686   TxInt rate: 11496.5104686
While executing 'Script@10 :: Script':
  no 'from_device.reset' write handler
Rx rate: 11264.940239   TxExt rate: 11178.2868526   TxInt rate: 11178.2868526
While executing 'Script@10 :: Script':
  no 'from_device.reset' write handler
Rx rate: 11276.1714855   TxExt rate: 11189.4317049   TxInt rate: 11189.4317049
While executing 'Script@10 :: Script':
  no 'from_device.reset' write handler
Rx rate: 12078.3730159   TxExt rate: 11248.015873   TxInt rate: 11248.015873
While executing 'Script@10 :: Script':
  no 'from_device.reset' write handler
Rx rate: 12185.6287425   TxExt rate: 11352.2954092   TxInt rate: 11352.2954092
While executing 'Script@10 :: Script':
  no 'from_device.reset' write handler
Rx rate: 12077.9220779   TxExt rate: 11985.014985   TxInt rate: 11985.014985
While executing 'Script@10 :: Script':
  no 'from_device.reset' write handler
Rx rate: 11178.9264414   TxExt rate: 11091.4512922   TxInt rate: 11091.4512922
While executing 'Script@10 :: Script':
  no 'from_device.reset' write handler
Rx rate: 11221.5568862   TxExt rate: 11136.7265469   TxInt rate: 11136.7265469
While executing 'Script@10 :: Script':
  no 'from_device.reset' write handler
Rx rate: 11050   TxExt rate: 10965   TxInt rate: 10965
While executing 'Script@10 :: Script':
  no 'from_device.reset' write handler
Rx rate: 10986   TxExt rate: 10900   TxInt rate: 10900
While executing 'Script@10 :: Script':
  no 'from_device.reset' write handler
Rx rate: 12138.3084577   TxExt rate: 11317.7290837   TxInt rate: 11317.7290837
While executing 'Script@10 :: Script':
  no 'from_device.reset' write handler
Rx rate: 10887.337986   TxExt rate: 10814.3712575   TxInt rate: 10814.3712575
While executing 'Script@10 :: Script':
  no 'from_device.reset' write handler
Rx rate: 10747.0119522   TxExt rate: 10664.3426295   TxInt rate: 10664.3426295
While executing 'Script@10 :: Script':
  no 'from_device.reset' write handler
Rx rate: 11936   TxExt rate: 11103   TxInt rate: 11103
While executing 'Script@10 :: Script':
  no 'from_device.reset' write handler
Rx rate: 11930.3482587   TxExt rate: 11100.4975124   TxInt rate: 11100.4975124
While executing 'Script@10 :: Script':
  no 'from_device.reset' write handler
Rx rate: 12249.2522433   TxExt rate: 12153.5393819   TxInt rate: 12153.5393819
While executing 'Script@10 :: Script':
  no 'from_device.reset' write handler
Rx rate: 10984   TxExt rate: 10901   TxInt rate: 10901
While executing 'Script@10 :: Script':
  no 'from_device.reset' write handler
Rx rate: 11168.8311688   TxExt rate: 11082.9170829   TxInt rate: 11082.9170829
While executing 'Script@10 :: Script':
  no 'from_device.reset' write handler
Rx rate: 10931.3432836   TxExt rate: 10845.7711443   TxInt rate: 10845.7711443
While executing 'Script@10 :: Script':
  no 'from_device.reset' write handler
Rx rate: 11091.2698413   TxExt rate: 11005.952381   TxInt rate: 11005.952381
While executing 'Script@10 :: Script':
  no 'from_device.reset' write handler
Rx rate: 11025.7936508   TxExt rate: 10942.4603175   TxInt rate: 10942.4603175
While executing 'Script@10 :: Script':
  no 'from_device.reset' write handler
Rx rate: 12037.8109453   TxExt rate: 11206.9651741   TxInt rate: 11206.9651741
While executing 'Script@10 :: Script':
  no 'from_device.reset' write handler
Rx rate: 11146.560319   TxExt rate: 11060.8175474   TxInt rate: 11060.8175474
While executing 'Script@10 :: Script':
  no 'from_device.reset' write handler
Rx rate: 12009.9304866   TxExt rate: 11180.734856   TxInt rate: 11180.734856
While executing 'Script@10 :: Script':
  no 'from_device.reset' write handler
Rx rate: 12072.7091633   TxExt rate: 11241.0358566   TxInt rate: 11241.0358566
While executing 'Script@10 :: Script':
  no 'from_device.reset' write handler
Rx rate: 12354.2288557   TxExt rate: 12257.7114428   TxInt rate: 12257.7114428
While executing 'Script@10 :: Script':
  no 'from_device.reset' write handler
Rx rate: 11199.2031873   TxExt rate: 11114.5418327   TxInt rate: 11114.5418327
While executing 'Script@10 :: Script':
  no 'from_device.reset' write handler
AUTOTEST_DONE
