SimpleQueue@6 :: SimpleQueue: overflow
Rx rate: 211574.279379   TxExt rate: 209946.784922   TxInt rate: 209946.784922
While executing 'Script@10 :: Script':
  no 'from_device.reset' write handler
Rx rate: 218750   TxExt rate: 216699.203187   TxInt rate: 216699.203187
While executing 'Script@10 :: Script':
  no 'from_device.reset' write handler
Rx rate: 216701.789264   TxExt rate: 213095.427435   TxInt rate: 213095.427435
While executing 'Script@10 :: Script':
  no 'from_device.reset' write handler
Rx rate: 218986.055777   TxExt rate: 216979.083665   TxInt rate: 216979.083665
While executing 'Script@10 :: Script':
  no 'from_device.reset' write handler
Rx rate: 215574.277168   TxExt rate: 213595.214357   TxInt rate: 213595.214357
While executing 'Script@10 :: Script':
  no 'from_device.reset' write handler
Rx rate: 220312.37525   TxExt rate: 217708.582834   TxInt rate: 217708.582834
While executing 'Script@10 :: Script':
  no 'from_device.reset' write handler
Rx rate: 219954.045954   TxExt rate: 217351.648352   TxInt rate: 217351.648352
While executing 'Script@10 :: Script':
  no 'from_device.reset' write handler
Rx rate: 218617.382617   TxExt rate: 216713.286713   TxInt rate: 216713.286713
While executing 'Script@10 :: Script':
  no 'from_device.reset' write handler
Rx rate: 219910.08991   TxExt rate: 217879.120879   TxInt rate: 217879.120879
While executing 'Script@10 :: Script':
  no 'from_device.reset' write handler
Rx rate: 214279.72028   TxExt rate: 212383.616384   TxInt rate: 212383.616384
While executing 'Script@10 :: Script':
  no 'from_device.reset' write handler
Rx rate: 218360.639361   TxExt rate: 216323.676324   TxInt rate: 216323.676324
While executing 'Script@10 :: Script':
  no 'from_device.reset' write handler
Rx rate: 218941   TxExt rate: 216955   TxInt rate: 216955
While executing 'Script@10 :: Script':
  no 'from_device.reset' write handler
Rx rate: 221466   TxExt rate: 217711   TxInt rate: 217711
While executing 'Script@10 :: Script':
  no 'from_device.reset' write handler
Rx rate: 220038   TxExt rate: 217930   TxInt rate: 217930
While executing 'Script@10 :: Script':
  no 'from_device.reset' write handler
Rx rate: 221495.504496   TxExt rate: 219398.601399   TxInt rate: 219398.601399
While executing 'Script@10 :: Script':
  no 'from_device.reset' write handler
Rx rate: 221487.512488   TxExt rate: 218882.117882   TxInt rate: 218882.117882
While executing 'Script@10 :: Script':
  no 'from_device.reset' write handler
Rx rate: 221725   TxExt rate: 218932   TxInt rate: 218932
While executing 'Script@10 :: Script':
  no 'from_device.reset' write handler
Rx rate: 215342   TxExt rate: 213431   TxInt rate: 213431
While executing 'Script@10 :: Script':
  no 'from_device.reset' write handler
Rx rate: 220316   TxExt rate: 218300   TxInt rate: 218300
While executing 'Script@10 :: Script':
  no 'from_device.reset' write handler
Rx rate: 219525   TxExt rate: 217407   TxInt rate: 217407
While executing 'Script@10 :: Script':
  no 'from_device.reset' write handler
Rx rate: 221724   TxExt rate: 219611   TxInt rate: 219611
While executing 'Script@10 :: Script':
  no 'from_device.reset' write handler
Rx rate: 220533   TxExt rate: 218471   TxInt rate: 218471
While executing 'Script@10 :: Script':
  no 'from_device.reset' write handler
Rx rate: 221444   TxExt rate: 217665   TxInt rate: 217665
While executing 'Script@10 :: Script':
  no 'from_device.reset' write handler
Rx rate: 218250   TxExt rate: 216351   TxInt rate: 216351
While executing 'Script@10 :: Script':
  no 'from_device.reset' write handler
Rx rate: 215051   TxExt rate: 213075   TxInt rate: 213075
While executing 'Script@10 :: Script':
  no 'from_device.reset' write handler
Rx rate: 214965.034965   TxExt rate: 212151.848152   TxInt rate: 212151.848152
While executing 'Script@10 :: Script':
  no 'from_device.reset' write handler
Rx rate: 214742   TxExt rate: 211904   TxInt rate: 211904
While executing 'Script@10 :: Script':
  no 'from_device.reset' write handler
Rx rate: 212209   TxExt rate: 210348   TxInt rate: 210348
While executing 'Script@10 :: Script':
  no 'from_device.reset' write handler
Rx rate: 219510   TxExt rate: 217681   TxInt rate: 217681
While executing 'Script@10 :: Script':
  no 'from_device.reset' write handler
Rx rate: 219774   TxExt rate: 217935   TxInt rate: 217935
While executing 'Script@10 :: Script':
  no 'from_device.reset' write handler
Rx rate: 215399.6004   TxExt rate: 213463.536464   TxInt rate: 213463.536464
While executing 'Script@10 :: Script':
  no 'from_device.reset' write handler
Rx rate: 213982   TxExt rate: 212072   TxInt rate: 212072
While executing 'Script@10 :: Script':
  no 'from_device.reset' write handler
Rx rate: 219470   TxExt rate: 215834   TxInt rate: 215834
While executing 'Script@10 :: Script':
  no 'from_device.reset' write handler
Rx rate: 218806   TxExt rate: 216701   TxInt rate: 216701
While executing 'Script@10 :: Script':
  no 'from_device.reset' write handler
Rx rate: 215386   TxExt rate: 213517   TxInt rate: 213517
While executing 'Script@10 :: Script':
  no 'from_device.reset' write handler
Rx rate: 215475   TxExt rate: 212688   TxInt rate: 212688
While executing 'Script@10 :: Script':
  no 'from_device.reset' write handler
Rx rate: 220245   TxExt rate: 217500   TxInt rate: 217500
While executing 'Script@10 :: Script':
  no 'from_device.reset' write handler
Rx rate: 220042   TxExt rate: 218056   TxInt rate: 218056
While executing 'Script@10 :: Script':
  no 'from_device.reset' write handler
Rx rate: 220186   TxExt rate: 218041   TxInt rate: 218041
While executing 'Script@10 :: Script':
  no 'from_device.reset' write handler
Rx rate: 219762   TxExt rate: 217817   TxInt rate: 217817
While executing 'Script@10 :: Script':
  no 'from_device.reset' write handler
Rx rate: 220703   TxExt rate: 218690   TxInt rate: 218690
While executing 'Script@10 :: Script':
  no 'from_device.reset' write handler
Rx rate: 220477.522478   TxExt rate: 218475.524476   TxInt rate: 218475.524476
While executing 'Script@10 :: Script':
  no 'from_device.reset' write handler
Rx rate: 221384   TxExt rate: 219304   TxInt rate: 219304
While executing 'Script@10 :: Script':
  no 'from_device.reset' write handler
Rx rate: 222451   TxExt rate: 218823   TxInt rate: 218823
While executing 'Script@10 :: Script':
  no 'from_device.reset' write handler
Rx rate: 217679   TxExt rate: 215627   TxInt rate: 215627
While executing 'Script@10 :: Script':
  no 'from_device.reset' write handler
Rx rate: 217683   TxExt rate: 215026   TxInt rate: 215026
While executing 'Script@10 :: Script':
  no 'from_device.reset' write handler
Rx rate: 220507.492507   TxExt rate: 217895.104895   TxInt rate: 217895.104895
While executing 'Script@10 :: Script':
  no 'from_device.reset' write handler
Rx rate: 220568   TxExt rate: 218695   TxInt rate: 218695
While executing 'Script@10 :: Script':
  no 'from_device.reset' write handler
Rx rate: 220986   TxExt rate: 218924   TxInt rate: 218924
While executing 'Script@10 :: Script':
  no 'from_device.reset' write handler
Rx rate: 216971   TxExt rate: 215170   TxInt rate: 215170
While executing 'Script@10 :: Script':
  no 'from_device.reset' write handler
Rx rate: 215890   TxExt rate: 213790   TxInt rate: 213790
While executing 'Script@10 :: Script':
  no 'from_device.reset' write handler
Rx rate: 214067.932068   TxExt rate: 212077.922078   TxInt rate: 212077.922078
While executing 'Script@10 :: Script':
  no 'from_device.reset' write handler
Rx rate: 219351   TxExt rate: 217451   TxInt rate: 217451
While executing 'Script@10 :: Script':
  no 'from_device.reset' write handler
Rx rate: 214112   TxExt rate: 210673   TxInt rate: 210673
While executing 'Script@10 :: Script':
  no 'from_device.reset' write handler
Rx rate: 218365   TxExt rate: 216495   TxInt rate: 216495
While executing 'Script@10 :: Script':
  no 'from_device.reset' write handler
Rx rate: 220993   TxExt rate: 218386   TxInt rate: 218386
While executing 'Script@10 :: Script':
  no 'from_device.reset' write handler
Rx rate: 216666   TxExt rate: 214227   TxInt rate: 214227
While executing 'Script@10 :: Script':
  no 'from_device.reset' write handler
Rx rate: 214638   TxExt rate: 212711   TxInt rate: 212711
While executing 'Script@10 :: Script':
  no 'from_device.reset' write handler
Rx rate: 216970   TxExt rate: 215301   TxInt rate: 215301
While executing 'Script@10 :: Script':
  no 'from_device.reset' write handler
Rx rate: 221138   TxExt rate: 219161   TxInt rate: 219161
While executing 'Script@10 :: Script':
  no 'from_device.reset' write handler
Rx rate: 221636   TxExt rate: 219699   TxInt rate: 219699
While executing 'Script@10 :: Script':
  no 'from_device.reset' write handler
Rx rate: 221782   TxExt rate: 219812   TxInt rate: 219812
While executing 'Script@10 :: Script':
  no 'from_device.reset' write handler
Rx rate: 216894   TxExt rate: 215117   TxInt rate: 215117
While executing 'Script@10 :: Script':
  no 'from_device.reset' write handler
Rx rate: 219983   TxExt rate: 216429   TxInt rate: 216429
While executing 'Script@10 :: Script':
  no 'from_device.reset' write handler
Rx rate: 215752   TxExt rate: 213669   TxInt rate: 213669
While executing 'Script@10 :: Script':
  no 'from_device.reset' write handler
Rx rate: 216612.387612   TxExt rate: 213869   TxInt rate: 213869
While executing 'Script@10 :: Script':
  no 'from_device.reset' write handler
Rx rate: 220084   TxExt rate: 217288   TxInt rate: 217288
While executing 'Script@10 :: Script':
  no 'from_device.reset' write handler
Rx rate: 220848   TxExt rate: 218933   TxInt rate: 218933
While executing 'Script@10 :: Script':
  no 'from_device.reset' write handler
Rx rate: 221233   TxExt rate: 219196   TxInt rate: 219196
While executing 'Script@10 :: Script':
  no 'from_device.reset' write handler
Rx rate: 213950   TxExt rate: 212104   TxInt rate: 212104
While executing 'Script@10 :: Script':
  no 'from_device.reset' write handler
Rx rate: 219540   TxExt rate: 217651   TxInt rate: 217651
While executing 'Script@10 :: Script':
  no 'from_device.reset' write handler
Rx rate: 222271.966527   TxExt rate: 220487.447699   TxInt rate: 220487.447699
While executing 'Script@10 :: Script':
  no 'from_device.reset' write handler
AUTOTEST_DONE
