SimpleQueue@6 :: SimpleQueue: overflow
Rx rate: 300232.108317   TxExt rate: 297922.630561   TxInt rate: 297922.630561
While executing 'Script@10 :: Script':
  no 'from_device.reset' write handler
Rx rate: 301000.999001   TxExt rate: 298501.498501   TxInt rate: 298501.498501
While executing 'Script@10 :: Script':
  no 'from_device.reset' write handler
Rx rate: 301725.548902   TxExt rate: 299246.506986   TxInt rate: 299246.506986
While executing 'Script@10 :: Script':
  no 'from_device.reset' write handler
Rx rate: 302182.817183   TxExt rate: 299648.351648   TxInt rate: 299648.351648
While executing 'Script@10 :: Script':
  no 'from_device.reset' write handler
Rx rate: 300367   TxExt rate: 297922   TxInt rate: 297922
While executing 'Script@10 :: Script':
  no 'from_device.reset' write handler
Rx rate: 302445.554446   TxExt rate: 299903.096903   TxInt rate: 299903.096903
While executing 'Script@10 :: Script':
  no 'from_device.reset' write handler
Rx rate: 302364   TxExt rate: 299810   TxInt rate: 299810
While executing 'Script@10 :: Script':
  no 'from_device.reset' write handler
Rx rate: 302542   TxExt rate: 300021   TxInt rate: 300021
While executing 'Script@10 :: Script':
  no 'from_device.reset' write handler
Rx rate: 300833.333333   TxExt rate: 298199.600798   TxInt rate: 298199.600798
While executing 'Script@10 :: Script':
  no 'from_device.reset' write handler
Rx rate: 299893   TxExt rate: 296064   TxInt rate: 296064
While executing 'Script@10 :: Script':
  no 'from_device.reset' write handler
Rx rate: 300309   TxExt rate: 295706   TxInt rate: 295706
While executing 'Script@10 :: Script':
  no 'from_device.reset' write handler
Rx rate: 298211   TxExt rate: 295545   TxInt rate: 295545
While executing 'Script@10 :: Script':
  no 'from_device.reset' write handler
Rx rate: 299391   TxExt rate: 296956   TxInt rate: 296956
While executing 'Script@10 :: Script':
  no 'from_device.reset' write handler
Rx rate: 300445   TxExt rate: 297844   TxInt rate: 297844
While executing 'Script@10 :: Script':
  no 'from_device.reset' write handler
Rx rate: 300808.191808   TxExt rate: 298176.823177   TxInt rate: 298176.823177
While executing 'Script@10 :: Script':
  no 'from_device.reset' write handler
Rx rate: 300223.776224   TxExt rate: 297596.403596   TxInt rate: 297596.403596
While executing 'Script@10 :: Script':
  no 'from_device.reset' write handler
Rx rate: 299714   TxExt rate: 297151   TxInt rate: 297151
While executing 'Script@10 :: Script':
  no 'from_device.reset' write handler
Rx rate: 301061   TxExt rate: 298393   TxInt rate: 298393
While executing 'Script@10 :: Script':
  no 'from_device.reset' write handler
Rx rate: 299466   TxExt rate: 296751   TxInt rate: 296751
While executing 'Script@10 :: Script':
  no 'from_device.reset' write handler
Rx rate: 300829.170829   TxExt rate: 297170.829171   TxInt rate: 297170.829171
While executing 'Script@10 :: Script':
  no 'from_device.reset' write handler
Rx rate: 301902   TxExt rate: 298117   TxInt rate: 298117
While executing 'Script@10 :: Script':
  no 'from_device.reset' write handler
Rx rate: 303318   TxExt rate: 300669   TxInt rate: 300669
While executing 'Script@10 :: Script':
  no 'from_device.reset' write handler
Rx rate: 301470   TxExt rate: 298891   TxInt rate: 298891
While executing 'Script@10 :: Script':
  no 'from_device.reset' write handler
Rx rate: 300699.300699   TxExt rate: 298285.714286   TxInt rate: 298285.714286
While executing 'Script@10 :: Script':
  no 'from_device.reset' write handler
Rx rate: 301594   TxExt rate: 299026   TxInt rate: 299026
While executing 'Script@10 :: Script':
  no 'from_device.reset' write handler
Rx rate: 302824   TxExt rate: 300386   TxInt rate: 300386
While executing 'Script@10 :: Script':
  no 'from_device.reset' write handler
Rx rate: 303014   TxExt rate: 300455   TxInt rate: 300455
While executing 'Script@10 :: Script':
  no 'from_device.reset' write handler
Rx rate: 303657   TxExt rate: 301107   TxInt rate: 301107
While executing 'Script@10 :: Script':
  no 'from_device.reset' write handler
Rx rate: 302466.533467   TxExt rate: 299882.117882   TxInt rate: 299882.117882
While executing 'Script@10 :: Script':
  no 'from_device.reset' write handler
Rx rate: 302785   TxExt rate: 299002   TxInt rate: 299002
While executing 'Script@10 :: Script':
  no 'from_device.reset' write handler
Rx rate: 302731   TxExt rate: 300220   TxInt rate: 300220
While executing 'Script@10 :: Script':
  no 'from_device.reset' write handler
Rx rate: 303892.107892   TxExt rate: 299783.216783   TxInt rate: 299783.216783
While executing 'Script@10 :: Script':
  no 'from_device.reset' write handler
Rx rate: 300361   TxExt rate: 297928   TxInt rate: 297928
While executing 'Script@10 :: Script':
  no 'from_device.reset' write handler
Rx rate: 301026   TxExt rate: 298429   TxInt rate: 298429
While executing 'Script@10 :: Script':
  no 'from_device.reset' write handler
Rx rate: 301854   TxExt rate: 299154   TxInt rate: 299154
While executing 'Script@10 :: Script':
  no 'from_device.reset' write handler
Rx rate: 301989   TxExt rate: 299408   TxInt rate: 299408
While executing 'Script@10 :: Script':
  no 'from_device.reset' write handler
Rx rate: 302631   TxExt rate: 299932   TxInt rate: 299932
While executing 'Script@10 :: Script':
  no 'from_device.reset' write handler
Rx rate: 302096.903097   TxExt rate: 299475.524476   TxInt rate: 299475.524476
While executing 'Script@10 :: Script':
  no 'from_device.reset' write handler
Rx rate: 302895   TxExt rate: 300444   TxInt rate: 300444
While executing 'Script@10 :: Script':
  no 'from_device.reset' write handler
Rx rate: 303791   TxExt rate: 299924   TxInt rate: 299924
While executing 'Script@10 :: Script':
  no 'from_device.reset' write handler
Rx rate: 302372.627373   TxExt rate: 299717.282717   TxInt rate: 299717.282717
While executing 'Script@10 :: Script':
  no 'from_device.reset' write handler
Rx rate: 302044   TxExt rate: 297968   TxInt rate: 297968
While executing 'Script@10 :: Script':
  no 'from_device.reset' write handler
Rx rate: 301722   TxExt rate: 299157   TxInt rate: 299157
While executing 'Script@10 :: Script':
  no 'from_device.reset' write handler
Rx rate: 303416.583417   TxExt rate: 300743.256743   TxInt rate: 300743.256743
While executing 'Script@10 :: Script':
  no 'from_device.reset' write handler
Rx rate: 302548   TxExt rate: 299885   TxInt rate: 299885
While executing 'Script@10 :: Script':
  no 'from_device.reset' write handler
Rx rate: 302766   TxExt rate: 300185   TxInt rate: 300185
While executing 'Script@10 :: Script':
  no 'from_device.reset' write handler
Rx rate: 301275   TxExt rate: 298568   TxInt rate: 298568
While executing 'Script@10 :: Script':
  no 'from_device.reset' write handler
Rx rate: 302802   TxExt rate: 300149   TxInt rate: 300149
While executing 'Script@10 :: Script':
  no 'from_device.reset' write handler
Rx rate: 302829.170829   TxExt rate: 300295.704296   TxInt rate: 300295.704296
While executing 'Script@10 :: Script':
  no 'from_device.reset' write handler
Rx rate: 303304   TxExt rate: 299595   TxInt rate: 299595
While executing 'Script@10 :: Script':
  no 'from_device.reset' write handler
Rx rate: 304054   TxExt rate: 301358   TxInt rate: 301358
While executing 'Script@10 :: Script':
  no 'from_device.reset' write handler
Rx rate: 304727.272727   TxExt rate: 300327.672328   TxInt rate: 300327.672328
While executing 'Script@10 :: Script':
  no 'from_device.reset' write handler
Rx rate: 303374   TxExt rate: 300742   TxInt rate: 300742
While executing 'Script@10 :: Script':
  no 'from_device.reset' write handler
Rx rate: 301754.245754   TxExt rate: 299431.568432   TxInt rate: 299431.568432
While executing 'Script@10 :: Script':
  no 'from_device.reset' write handler
Rx rate: 302713.286713   TxExt rate: 300022.977023   TxInt rate: 300022.977023
While executing 'Script@10 :: Script':
  no 'from_device.reset' write handler
Rx rate: 303519   TxExt rate: 300986   TxInt rate: 300986
While executing 'Script@10 :: Script':
  no 'from_device.reset' write handler
Rx rate: 302008   TxExt rate: 299648   TxInt rate: 299648
While executing 'Script@10 :: Script':
  no 'from_device.reset' write handler
Rx rate: 302447   TxExt rate: 299986   TxInt rate: 299986
While executing 'Script@10 :: Script':
  no 'from_device.reset' write handler
Rx rate: 301634   TxExt rate: 299245   TxInt rate: 299245
While executing 'Script@10 :: Script':
  no 'from_device.reset' write handler
Rx rate: 301858   TxExt rate: 297600   TxInt rate: 297600
While executing 'Script@10 :: Script':
  no 'from_device.reset' write handler
Rx rate: 301588.411588   TxExt rate: 298949.050949   TxInt rate: 298949.050949
While executing 'Script@10 :: Script':
  no 'from_device.reset' write handler
Rx rate: 302335   TxExt rate: 298066   TxInt rate: 298066
While executing 'Script@10 :: Script':
  no 'from_device.reset' write handler
Rx rate: 300953   TxExt rate: 298372   TxInt rate: 298372
While executing 'Script@10 :: Script':
  no 'from_device.reset' write handler
Rx rate: 301224   TxExt rate: 298619   TxInt rate: 298619
While executing 'Script@10 :: Script':
  no 'from_device.reset' write handler
Rx rate: 302514   TxExt rate: 299919   TxInt rate: 299919
While executing 'Script@10 :: Script':
  no 'from_device.reset' write handler
Rx rate: 301770.22977   TxExt rate: 299025.974026   TxInt rate: 299025.974026
While executing 'Script@10 :: Script':
  no 'from_device.reset' write handler
Rx rate: 300913   TxExt rate: 298412   TxInt rate: 298412
While executing 'Script@10 :: Script':
  no 'from_device.reset' write handler
Rx rate: 301480   TxExt rate: 299011   TxInt rate: 299011
While executing 'Script@10 :: Script':
  no 'from_device.reset' write handler
Rx rate: 301217   TxExt rate: 298626   TxInt rate: 298626
While executing 'Script@10 :: Script':
  no 'from_device.reset' write handler
Rx rate: 301214   TxExt rate: 296792   TxInt rate: 296792
While executing 'Script@10 :: Script':
  no 'from_device.reset' write handler
Rx rate: 300298   TxExt rate: 297732   TxInt rate: 297732
While executing 'Script@10 :: Script':
  no 'from_device.reset' write handler
Rx rate: 304095.777549   TxExt rate: 301309.670782   TxInt rate: 301309.670782
While executing 'Script@10 :: Script':
  no 'from_device.reset' write handler
AUTOTEST_DONE
