Rx rate: 0
While executing 'Script@4 :: Script':
  no 'from.reset' write handler
Rx rate: 817077.981651
While executing 'Script@4 :: Script':
  no 'from.reset' write handler
Rx rate: 811527
While executing 'Script@4 :: Script':
  no 'from.reset' write handler
Rx rate: 811719
While executing 'Script@4 :: Script':
  no 'from.reset' write handler
Rx rate: 812941
While executing 'Script@4 :: Script':
  no 'from.reset' write handler
Rx rate: 813451
While executing 'Script@4 :: Script':
  no 'from.reset' write handler
Rx rate: 812989
While executing 'Script@4 :: Script':
  no 'from.reset' write handler
Rx rate: 812937
While executing 'Script@4 :: Script':
  no 'from.reset' write handler
Rx rate: 813477
While executing 'Script@4 :: Script':
  no 'from.reset' write handler
Rx rate: 813204
While executing 'Script@4 :: Script':
  no 'from.reset' write handler
Rx rate: 813285
While executing 'Script@4 :: Script':
  no 'from.reset' write handler
Rx rate: 813318
While executing 'Script@4 :: Script':
  no 'from.reset' write handler
Rx rate: 811400
While executing 'Script@4 :: Script':
  no 'from.reset' write handler
Rx rate: 813244
While executing 'Script@4 :: Script':
  no 'from.reset' write handler
Rx rate: 811782
While executing 'Script@4 :: Script':
  no 'from.reset' write handler
Rx rate: 813276
While executing 'Script@4 :: Script':
  no 'from.reset' write handler
Rx rate: 813216
While executing 'Script@4 :: Script':
  no 'from.reset' write handler
Rx rate: 813152
While executing 'Script@4 :: Script':
  no 'from.reset' write handler
Rx rate: 813260
While executing 'Script@4 :: Script':
  no 'from.reset' write handler
Rx rate: 813340
While executing 'Script@4 :: Script':
  no 'from.reset' write handler
Rx rate: 813083
While executing 'Script@4 :: Script':
  no 'from.reset' write handler
Rx rate: 813185
While executing 'Script@4 :: Script':
  no 'from.reset' write handler
Rx rate: 811745
While executing 'Script@4 :: Script':
  no 'from.reset' write handler
Rx rate: 813074
While executing 'Script@4 :: Script':
  no 'from.reset' write handler
Rx rate: 811476
While executing 'Script@4 :: Script':
  no 'from.reset' write handler
Rx rate: 813244
While executing 'Script@4 :: Script':
  no 'from.reset' write handler
Rx rate: 813190
While executing 'Script@4 :: Script':
  no 'from.reset' write handler
Rx rate: 813290
While executing 'Script@4 :: Script':
  no 'from.reset' write handler
Rx rate: 813369
While executing 'Script@4 :: Script':
  no 'from.reset' write handler
Rx rate: 813413
While executing 'Script@4 :: Script':
  no 'from.reset' write handler
Rx rate: 813386
While executing 'Script@4 :: Script':
  no 'from.reset' write handler
Rx rate: 813491
While executing 'Script@4 :: Script':
  no 'from.reset' write handler
Rx rate: 811736
While executing 'Script@4 :: Script':
  no 'from.reset' write handler
Rx rate: 813496
While executing 'Script@4 :: Script':
  no 'from.reset' write handler
Rx rate: 811817
While executing 'Script@4 :: Script':
  no 'from.reset' write handler
Rx rate: 813436
While executing 'Script@4 :: Script':
  no 'from.reset' write handler
Rx rate: 813455
While executing 'Script@4 :: Script':
  no 'from.reset' write handler
Rx rate: 812893
While executing 'Script@4 :: Script':
  no 'from.reset' write handler
Rx rate: 812457.542458
While executing 'Script@4 :: Script':
  no 'from.reset' write handler
Rx rate: 812878
While executing 'Script@4 :: Script':
  no 'from.reset' write handler
Rx rate: 813317
While executing 'Script@4 :: Script':
  no 'from.reset' write handler
Rx rate: 813022
While executing 'Script@4 :: Script':
  no 'from.reset' write handler
Rx rate: 811620
While executing 'Script@4 :: Script':
  no 'from.reset' write handler
Rx rate: 813230
While executing 'Script@4 :: Script':
  no 'from.reset' write handler
Rx rate: 811519
While executing 'Script@4 :: Script':
  no 'from.reset' write handler
Rx rate: 813439
While executing 'Script@4 :: Script':
  no 'from.reset' write handler
Rx rate: 813234
While executing 'Script@4 :: Script':
  no 'from.reset' write handler
Rx rate: 813350
While executing 'Script@4 :: Script':
  no 'from.reset' write handler
Rx rate: 812982
While executing 'Script@4 :: Script':
  no 'from.reset' write handler
Rx rate: 812895
While executing 'Script@4 :: Script':
  no 'from.reset' write handler
Rx rate: 812950
While executing 'Script@4 :: Script':
  no 'from.reset' write handler
Rx rate: 813155
While executing 'Script@4 :: Script':
  no 'from.reset' write handler
Rx rate: 812007
While executing 'Script@4 :: Script':
  no 'from.reset' write handler
Rx rate: 813332
While executing 'Script@4 :: Script':
  no 'from.reset' write handler
Rx rate: 813130
While executing 'Script@4 :: Script':
  no 'from.reset' write handler
Rx rate: 811485
While executing 'Script@4 :: Script':
  no 'from.reset' write handler
Rx rate: 813297
While executing 'Script@4 :: Script':
  no 'from.reset' write handler
Rx rate: 812953
While executing 'Script@4 :: Script':
  no 'from.reset' write handler
Rx rate: 813268
While executing 'Script@4 :: Script':
  no 'from.reset' write handler
Rx rate: 812970
While executing 'Script@4 :: Script':
  no 'from.reset' write handler
Rx rate: 813073
While executing 'Script@4 :: Script':
  no 'from.reset' write handler
Rx rate: 812946
While executing 'Script@4 :: Script':
  no 'from.reset' write handler
Rx rate: 811977
While executing 'Script@4 :: Script':
  no 'from.reset' write handler
Rx rate: 813294
While executing 'Script@4 :: Script':
  no 'from.reset' write handler
Rx rate: 813191
While executing 'Script@4 :: Script':
  no 'from.reset' write handler
Rx rate: 811738
While executing 'Script@4 :: Script':
  no 'from.reset' write handler
Rx rate: 813504
While executing 'Script@4 :: Script':
  no 'from.reset' write handler
Rx rate: 813005
While executing 'Script@4 :: Script':
  no 'from.reset' write handler
Rx rate: 813431
While executing 'Script@4 :: Script':
  no 'from.reset' write handler
Rx rate: 813369
While executing 'Script@4 :: Script':
  no 'from.reset' write handler
Rx rate: 813251
While executing 'Script@4 :: Script':
  no 'from.reset' write handler
Rx rate: 813113
While executing 'Script@4 :: Script':
  no 'from.reset' write handler
Rx rate: 811612
While executing 'Script@4 :: Script':
  no 'from.reset' write handler
AUTOTEST_DONE
