Rx rate: 0
While executing 'Script@5 :: Script':
  no 'from.reset' write handler
Rx rate: 118400
While executing 'Script@5 :: Script':
  no 'from.reset' write handler
Rx rate: 119256.835938
While executing 'Script@5 :: Script':
  no 'from.reset' write handler
Rx rate: 119309.760956
While executing 'Script@5 :: Script':
  no 'from.reset' write handler
Rx rate: 119617.443013
While executing 'Script@5 :: Script':
  no 'from.reset' write handler
Rx rate: 119340.61569
While executing 'Script@5 :: Script':
  no 'from.reset' write handler
Rx rate: 119331.013917
While executing 'Script@5 :: Script':
  no 'from.reset' write handler
Rx rate: 119330.019881
While executing 'Script@5 :: Script':
  no 'from.reset' write handler
Rx rate: 119201.789264
While executing 'Script@5 :: Script':
  no 'from.reset' write handler
Rx rate: 119300.099701
While executing 'Script@5 :: Script':
  no 'from.reset' write handler
Rx rate: 119399
While executing 'Script@5 :: Script':
  no 'from.reset' write handler
Rx rate: 119270
While executing 'Script@5 :: Script':
  no 'from.reset' write handler
Rx rate: 119149.85015
While executing 'Script@5 :: Script':
  no 'from.reset' write handler
Rx rate: 120176
While executing 'Script@5 :: Script':
  no 'from.reset' write handler
Rx rate: 119658
While executing 'Script@5 :: Script':
  no 'from.reset' write handler
Rx rate: 119936.127745
While executing 'Script@5 :: Script':
  no 'from.reset' write handler
Rx rate: 119797.202797
While executing 'Script@5 :: Script':
  no 'from.reset' write handler
Rx rate: 120047
While executing 'Script@5 :: Script':
  no 'from.reset' write handler
Rx rate: 119787
While executing 'Script@5 :: Script':
  no 'from.reset' write handler
Rx rate: 119917
While executing 'Script@5 :: Script':
  no 'from.reset' write handler
Rx rate: 119538.461538
While executing 'Script@5 :: Script':
  no 'from.reset' write handler
Rx rate: 119409.59041
While executing 'Script@5 :: Script':
  no 'from.reset' write handler
Rx rate: 120046
While executing 'Script@5 :: Script':
  no 'from.reset' write handler
Rx rate: 120314.685315
While executing 'Script@5 :: Script':
  no 'from.reset' write handler
Rx rate: 119797.202797
While executing 'Script@5 :: Script':
  no 'from.reset' write handler
Rx rate: 119917
While executing 'Script@5 :: Script':
  no 'from.reset' write handler
Rx rate: 119668.331668
While executing 'Script@5 :: Script':
  no 'from.reset' write handler
Rx rate: 119797.202797
While executing 'Script@5 :: Script':
  no 'from.reset' write handler
Rx rate: 119538.461538
While executing 'Script@5 :: Script':
  no 'from.reset' write handler
Rx rate: 119926.073926
While executing 'Script@5 :: Script':
  no 'from.reset' write handler
Rx rate: 119788
While executing 'Script@5 :: Script':
  no 'from.reset' write handler
Rx rate: 119787
While executing 'Script@5 :: Script':
  no 'from.reset' write handler
Rx rate: 119917
While executing 'Script@5 :: Script':
  no 'from.reset' write handler
Rx rate: 120047
While executing 'Script@5 :: Script':
  no 'from.reset' write handler
Rx rate: 119797.202797
While executing 'Script@5 :: Script':
  no 'from.reset' write handler
Rx rate: 119917
While executing 'Script@5 :: Script':
  no 'from.reset' write handler
Rx rate: 119787
While executing 'Script@5 :: Script':
  no 'from.reset' write handler
Rx rate: 119788
While executing 'Script@5 :: Script':
  no 'from.reset' write handler
Rx rate: 119797.202797
While executing 'Script@5 :: Script':
  no 'from.reset' write handler
Rx rate: 119797.202797
While executing 'Script@5 :: Script':
  no 'from.reset' write handler
Rx rate: 119787
While executing 'Script@5 :: Script':
  no 'from.reset' write handler
Rx rate: 120055.944056
While executing 'Script@5 :: Script':
  no 'from.reset' write handler
Rx rate: 119399
While executing 'Script@5 :: Script':
  no 'from.reset' write handler
Rx rate: 120306
While executing 'Script@5 :: Script':
  no 'from.reset' write handler
Rx rate: 119787
While executing 'Script@5 :: Script':
  no 'from.reset' write handler
Rx rate: 119797.202797
While executing 'Script@5 :: Script':
  no 'from.reset' write handler
Rx rate: 119788
While executing 'Script@5 :: Script':
  no 'from.reset' write handler
Rx rate: 119917
While executing 'Script@5 :: Script':
  no 'from.reset' write handler
Rx rate: 119797.202797
While executing 'Script@5 :: Script':
  no 'from.reset' write handler
Rx rate: 119797.202797
While executing 'Script@5 :: Script':
  no 'from.reset' write handler
Rx rate: 119926.073926
While executing 'Script@5 :: Script':
  no 'from.reset' write handler
Rx rate: 119668.331668
While executing 'Script@5 :: Script':
  no 'from.reset' write handler
Rx rate: 119926.073926
While executing 'Script@5 :: Script':
  no 'from.reset' write handler
Rx rate: 119917
While executing 'Script@5 :: Script':
  no 'from.reset' write handler
Rx rate: 120055.944056
While executing 'Script@5 :: Script':
  no 'from.reset' write handler
Rx rate: 119797.202797
While executing 'Script@5 :: Script':
  no 'from.reset' write handler
Rx rate: 119668.331668
While executing 'Script@5 :: Script':
  no 'from.reset' write handler
Rx rate: 119787
While executing 'Script@5 :: Script':
  no 'from.reset' write handler
Rx rate: 119797.202797
While executing 'Script@5 :: Script':
  no 'from.reset' write handler
Rx rate: 119797.202797
While executing 'Script@5 :: Script':
  no 'from.reset' write handler
Rx rate: 120047
While executing 'Script@5 :: Script':
  no 'from.reset' write handler
Rx rate: 119667.332667
While executing 'Script@5 :: Script':
  no 'from.reset' write handler
Rx rate: 119409.59041
While executing 'Script@5 :: Script':
  no 'from.reset' write handler
Rx rate: 119408.591409
While executing 'Script@5 :: Script':
  no 'from.reset' write handler
Rx rate: 119927.072927
While executing 'Script@5 :: Script':
  no 'from.reset' write handler
Rx rate: 119667.332667
While executing 'Script@5 :: Script':
  no 'from.reset' write handler
Rx rate: 119927.072927
While executing 'Script@5 :: Script':
  no 'from.reset' write handler
Rx rate: 119797.202797
While executing 'Script@5 :: Script':
  no 'from.reset' write handler
Rx rate: 119787
While executing 'Script@5 :: Script':
  no 'from.reset' write handler
Rx rate: 119788
While executing 'Script@5 :: Script':
  no 'from.reset' write handler
Rx rate: 119787
While executing 'Script@5 :: Script':
  no 'from.reset' write handler
Rx rate: 119668.331668
While executing 'Script@5 :: Script':
  no 'from.reset' write handler
Rx rate: 119408.591409
While executing 'Script@5 :: Script':
  no 'from.reset' write handler
AUTOTEST_DONE
