/tmp/linux.click:2: While initializing 'from :: FromDevice':
  warning: ens7: no IPv4 address assigned
Rx rate: 0
While executing 'Script@4 :: Script':
  no 'from.reset' write handler
Rx rate: 911634.361233
While executing 'Script@4 :: Script':
  no 'from.reset' write handler
Rx rate: 899002.994012
While executing 'Script@4 :: Script':
  no 'from.reset' write handler
Rx rate: 884795.204795
While executing 'Script@4 :: Script':
  no 'from.reset' write handler
Rx rate: 893458.624128
While executing 'Script@4 :: Script':
  no 'from.reset' write handler
Rx rate: 908051
While executing 'Script@4 :: Script':
  no 'from.reset' write handler
Rx rate: 902345
While executing 'Script@4 :: Script':
  no 'from.reset' write handler
Rx rate: 870872.127872
While executing 'Script@4 :: Script':
  no 'from.reset' write handler
Rx rate: 902486
While executing 'Script@4 :: Script':
  no 'from.reset' write handler
Rx rate: 901717.846461
While executing 'Script@4 :: Script':
  no 'from.reset' write handler
Rx rate: 883318
While executing 'Script@4 :: Script':
  no 'from.reset' write handler
Rx rate: 909219
While executing 'Script@4 :: Script':
  no 'from.reset' write handler
Rx rate: 916458.541459
While executing 'Script@4 :: Script':
  no 'from.reset' write handler
Rx rate: 884177
While executing 'Script@4 :: Script':
  no 'from.reset' write handler
Rx rate: 916967.065868
While executing 'Script@4 :: Script':
  no 'from.reset' write handler
Rx rate: 921247.752248
While executing 'Script@4 :: Script':
  no 'from.reset' write handler
Rx rate: 881221.778222
While executing 'Script@4 :: Script':
  no 'from.reset' write handler
Rx rate: 913986.013986
While executing 'Script@4 :: Script':
  no 'from.reset' write handler
Rx rate: 918411
While executing 'Script@4 :: Script':
  no 'from.reset' write handler
Rx rate: 872181
While executing 'Script@4 :: Script':
  no 'from.reset' write handler
Rx rate: 920195.608782
While executing 'Script@4 :: Script':
  no 'from.reset' write handler
Rx rate: 917375
While executing 'Script@4 :: Script':
  no 'from.reset' write handler
Rx rate: 910899
While executing 'Script@4 :: Script':
  no 'from.reset' write handler
Rx rate: 850035
While executing 'Script@4 :: Script':
  no 'from.reset' write handler
Rx rate: 901805
While executing 'Script@4 :: Script':
  no 'from.reset' write handler
Rx rate: 868422
While executing 'Script@4 :: Script':
  no 'from.reset' write handler
Rx rate: 848433
While executing 'Script@4 :: Script':
  no 'from.reset' write handler
Rx rate: 899600.3996
While executing 'Script@4 :: Script':
  no 'from.reset' write handler
Rx rate: 897434
While executing 'Script@4 :: Script':
  no 'from.reset' write handler
Rx rate: 895621
While executing 'Script@4 :: Script':
  no 'from.reset' write handler
Rx rate: 898605.394605
While executing 'Script@4 :: Script':
  no 'from.reset' write handler
Rx rate: 895880
While executing 'Script@4 :: Script':
  no 'from.reset' write handler
Rx rate: 900284
While executing 'Script@4 :: Script':
  no 'from.reset' write handler
Rx rate: 889276
While executing 'Script@4 :: Script':
  no 'from.reset' write handler
Rx rate: 895290
While executing 'Script@4 :: Script':
  no 'from.reset' write handler
Rx rate: 902747.252747
While executing 'Script@4 :: Script':
  no 'from.reset' write handler
Rx rate: 895762
While executing 'Script@4 :: Script':
  no 'from.reset' write handler
Rx rate: 899820
While executing 'Script@4 :: Script':
  no 'from.reset' write handler
Rx rate: 892255
While executing 'Script@4 :: Script':
  no 'from.reset' write handler
Rx rate: 895750
While executing 'Script@4 :: Script':
  no 'from.reset' write handler
Rx rate: 898601
While executing 'Script@4 :: Script':
  no 'from.reset' write handler
Rx rate: 897173
While executing 'Script@4 :: Script':
  no 'from.reset' write handler
Rx rate: 880858
While executing 'Script@4 :: Script':
  no 'from.reset' write handler
Rx rate: 892512
While executing 'Script@4 :: Script':
  no 'from.reset' write handler
Rx rate: 892672
While executing 'Script@4 :: Script':
  no 'from.reset' write handler
Rx rate: 894582
While executing 'Script@4 :: Script':
  no 'from.reset' write handler
Rx rate: 881717.282717
While executing 'Script@4 :: Script':
  no 'from.reset' write handler
Rx rate: 886016
While executing 'Script@4 :: Script':
  no 'from.reset' write handler
Rx rate: 888792.41517
While executing 'Script@4 :: Script':
  no 'from.reset' write handler
Rx rate: 888368
While executing 'Script@4 :: Script':
  no 'from.reset' write handler
Rx rate: 890438
While executing 'Script@4 :: Script':
  no 'from.reset' write handler
Rx rate: 889809.190809
While executing 'Script@4 :: Script':
  no 'from.reset' write handler
Rx rate: 889405
While executing 'Script@4 :: Script':
  no 'from.reset' write handler
Rx rate: 889292.707293
While executing 'Script@4 :: Script':
  no 'from.reset' write handler
Rx rate: 887530.938124
While executing 'Script@4 :: Script':
  no 'from.reset' write handler
Rx rate: 858843
While executing 'Script@4 :: Script':
  no 'from.reset' write handler
Rx rate: 889501.498501
While executing 'Script@4 :: Script':
  no 'from.reset' write handler
Rx rate: 896423
While executing 'Script@4 :: Script':
  no 'from.reset' write handler
Rx rate: 898349.65035
While executing 'Script@4 :: Script':
  no 'from.reset' write handler
Rx rate: 893549
While executing 'Script@4 :: Script':
  no 'from.reset' write handler
Rx rate: 895762.237762
While executing 'Script@4 :: Script':
  no 'from.reset' write handler
Rx rate: 890581.418581
While executing 'Script@4 :: Script':
  no 'from.reset' write handler
Rx rate: 886296
While executing 'Script@4 :: Script':
  no 'from.reset' write handler
Rx rate: 890698
While executing 'Script@4 :: Script':
  no 'from.reset' write handler
Rx rate: 891733
While executing 'Script@4 :: Script':
  no 'from.reset' write handler
Rx rate: 883842.157842
While executing 'Script@4 :: Script':
  no 'from.reset' write handler
Rx rate: 883994
While executing 'Script@4 :: Script':
  no 'from.reset' write handler
Rx rate: 884625
While executing 'Script@4 :: Script':
  no 'from.reset' write handler
Rx rate: 886959.040959
While executing 'Script@4 :: Script':
  no 'from.reset' write handler
Rx rate: 881893
While executing 'Script@4 :: Script':
  no 'from.reset' write handler
Rx rate: 891996
While executing 'Script@4 :: Script':
  no 'from.reset' write handler
Rx rate: 897705.588822
While executing 'Script@4 :: Script':
  no 'from.reset' write handler
Rx rate: 893030
While executing 'Script@4 :: Script':
  no 'from.reset' write handler
AUTOTEST_DONE
