/tmp/linux.click:2: While initializing 'from :: FromDevice':
  warning: ens7: no IPv4 address assigned
Rx rate: 0
While executing 'Script@5 :: Script':
  no 'from.reset' write handler
Rx rate: 100603.305785
While executing 'Script@5 :: Script':
  no 'from.reset' write handler
Rx rate: 121643.835616
While executing 'Script@5 :: Script':
  no 'from.reset' write handler
Rx rate: 121124.378109
While executing 'Script@5 :: Script':
  no 'from.reset' write handler
Rx rate: 119422.178988
While executing 'Script@5 :: Script':
  no 'from.reset' write handler
Rx rate: 112069.790628
While executing 'Script@5 :: Script':
  no 'from.reset' write handler
Rx rate: 117209.79021
While executing 'Script@5 :: Script':
  no 'from.reset' write handler
Rx rate: 117423.611111
While executing 'Script@5 :: Script':
  no 'from.reset' write handler
Rx rate: 112423.576424
While executing 'Script@5 :: Script':
  no 'from.reset' write handler
Rx rate: 117338.661339
While executing 'Script@5 :: Script':
  no 'from.reset' write handler
Rx rate: 117750.747757
While executing 'Script@5 :: Script':
  no 'from.reset' write handler
Rx rate: 112957.085828
While executing 'Script@5 :: Script':
  no 'from.reset' write handler
Rx rate: 118244.755245
While executing 'Script@5 :: Script':
  no 'from.reset' write handler
Rx rate: 117727.272727
While executing 'Script@5 :: Script':
  no 'from.reset' write handler
Rx rate: 113199.8002
While executing 'Script@5 :: Script':
  no 'from.reset' write handler
Rx rate: 117715
While executing 'Script@5 :: Script':
  no 'from.reset' write handler
Rx rate: 117857.142857
While executing 'Script@5 :: Script':
  no 'from.reset' write handler
Rx rate: 112017
While executing 'Script@5 :: Script':
  no 'from.reset' write handler
Rx rate: 118234
While executing 'Script@5 :: Script':
  no 'from.reset' write handler
Rx rate: 117986.013986
While executing 'Script@5 :: Script':
  no 'from.reset' write handler
Rx rate: 113701
While executing 'Script@5 :: Script':
  no 'from.reset' write handler
Rx rate: 115009.99001
While executing 'Script@5 :: Script':
  no 'from.reset' write handler
Rx rate: 118234
While executing 'Script@5 :: Script':
  no 'from.reset' write handler
Rx rate: 118233
While executing 'Script@5 :: Script':
  no 'from.reset' write handler
Rx rate: 110223.776224
While executing 'Script@5 :: Script':
  no 'from.reset' write handler
Rx rate: 117598.401598
While executing 'Script@5 :: Script':
  no 'from.reset' write handler
Rx rate: 117597.402597
While executing 'Script@5 :: Script':
  no 'from.reset' write handler
Rx rate: 109428
While executing 'Script@5 :: Script':
  no 'from.reset' write handler
Rx rate: 117727.272727
While executing 'Script@5 :: Script':
  no 'from.reset' write handler
Rx rate: 117079.92008
While executing 'Script@5 :: Script':
  no 'from.reset' write handler
Rx rate: 117198
While executing 'Script@5 :: Script':
  no 'from.reset' write handler
Rx rate: 117715
While executing 'Script@5 :: Script':
  no 'from.reset' write handler
Rx rate: 117716
While executing 'Script@5 :: Script':
  no 'from.reset' write handler
Rx rate: 117845
While executing 'Script@5 :: Script':
  no 'from.reset' write handler
Rx rate: 117209.79021
While executing 'Script@5 :: Script':
  no 'from.reset' write handler
Rx rate: 117327
While executing 'Script@5 :: Script':
  no 'from.reset' write handler
Rx rate: 117327
While executing 'Script@5 :: Script':
  no 'from.reset' write handler
Rx rate: 117327
While executing 'Script@5 :: Script':
  no 'from.reset' write handler
Rx rate: 117727.272727
While executing 'Script@5 :: Script':
  no 'from.reset' write handler
Rx rate: 117327
While executing 'Script@5 :: Script':
  no 'from.reset' write handler
Rx rate: 117209.79021
While executing 'Script@5 :: Script':
  no 'from.reset' write handler
Rx rate: 117456
While executing 'Script@5 :: Script':
  no 'from.reset' write handler
Rx rate: 117080.919081
While executing 'Script@5 :: Script':
  no 'from.reset' write handler
Rx rate: 117597.402597
While executing 'Script@5 :: Script':
  no 'from.reset' write handler
Rx rate: 117339.66034
While executing 'Script@5 :: Script':
  no 'from.reset' write handler
Rx rate: 117586
While executing 'Script@5 :: Script':
  no 'from.reset' write handler
Rx rate: 117468.531469
While executing 'Script@5 :: Script':
  no 'from.reset' write handler
Rx rate: 117468.531469
While executing 'Script@5 :: Script':
  no 'from.reset' write handler
Rx rate: 117974
While executing 'Script@5 :: Script':
  no 'from.reset' write handler
Rx rate: 117468.531469
While executing 'Script@5 :: Script':
  no 'from.reset' write handler
Rx rate: 117468.531469
While executing 'Script@5 :: Script':
  no 'from.reset' write handler
Rx rate: 117586
While executing 'Script@5 :: Script':
  no 'from.reset' write handler
Rx rate: 117727.272727
While executing 'Script@5 :: Script':
  no 'from.reset' write handler
Rx rate: 117716
While executing 'Script@5 :: Script':
  no 'from.reset' write handler
Rx rate: 117327
While executing 'Script@5 :: Script':
  no 'from.reset' write handler
Rx rate: 117715
While executing 'Script@5 :: Script':
  no 'from.reset' write handler
Rx rate: 117598.401598
While executing 'Script@5 :: Script':
  no 'from.reset' write handler
Rx rate: 117597.402597
While executing 'Script@5 :: Script':
  no 'from.reset' write handler
Rx rate: 117080.919081
While executing 'Script@5 :: Script':
  no 'from.reset' write handler
Rx rate: 117986.013986
While executing 'Script@5 :: Script':
  no 'from.reset' write handler
Rx rate: 117727.272727
While executing 'Script@5 :: Script':
  no 'from.reset' write handler
Rx rate: 117845
While executing 'Script@5 :: Script':
  no 'from.reset' write handler
Rx rate: 118114.885115
While executing 'Script@5 :: Script':
  no 'from.reset' write handler
Rx rate: 118244.755245
While executing 'Script@5 :: Script':
  no 'from.reset' write handler
Rx rate: 118493
While executing 'Script@5 :: Script':
  no 'from.reset' write handler
Rx rate: 118114.885115
While executing 'Script@5 :: Script':
  no 'from.reset' write handler
Rx rate: 118115.884116
While executing 'Script@5 :: Script':
  no 'from.reset' write handler
Rx rate: 117974
While executing 'Script@5 :: Script':
  no 'from.reset' write handler
Rx rate: 118503.496503
While executing 'Script@5 :: Script':
  no 'from.reset' write handler
Rx rate: 118115.884116
While executing 'Script@5 :: Script':
  no 'from.reset' write handler
Rx rate: 117727.272727
While executing 'Script@5 :: Script':
  no 'from.reset' write handler
Rx rate: 117597.402597
While executing 'Script@5 :: Script':
  no 'from.reset' write handler
Rx rate: 117716
While executing 'Script@5 :: Script':
  no 'from.reset' write handler
AUTOTEST_DONE
