Rx rate: 0
While executing 'Script@4 :: Script':
  no 'from.reset' write handler
Rx rate: 912440.366972
While executing 'Script@4 :: Script':
  no 'from.reset' write handler
Rx rate: 928102.897103
While executing 'Script@4 :: Script':
  no 'from.reset' write handler
Rx rate: 932558.441558
While executing 'Script@4 :: Script':
  no 'from.reset' write handler
Rx rate: 930537.924152
While executing 'Script@4 :: Script':
  no 'from.reset' write handler
Rx rate: 936123.876124
While executing 'Script@4 :: Script':
  no 'from.reset' write handler
Rx rate: 934572.427572
While executing 'Script@4 :: Script':
  no 'from.reset' write handler
Rx rate: 944793.206793
While executing 'Script@4 :: Script':
  no 'from.reset' write handler
Rx rate: 938193.806194
While executing 'Script@4 :: Script':
  no 'from.reset' write handler
Rx rate: 942370
While executing 'Script@4 :: Script':
  no 'from.reset' write handler
Rx rate: 940358.283433
While executing 'Script@4 :: Script':
  no 'from.reset' write handler
Rx rate: 932525
While executing 'Script@4 :: Script':
  no 'from.reset' write handler
Rx rate: 891101.898102
While executing 'Script@4 :: Script':
  no 'from.reset' write handler
Rx rate: 929828.171828
While executing 'Script@4 :: Script':
  no 'from.reset' write handler
Rx rate: 933670.658683
While executing 'Script@4 :: Script':
  no 'from.reset' write handler
Rx rate: 935634
While executing 'Script@4 :: Script':
  no 'from.reset' write handler
Rx rate: 933533.466533
While executing 'Script@4 :: Script':
  no 'from.reset' write handler
Rx rate: 930581
While executing 'Script@4 :: Script':
  no 'from.reset' write handler
Rx rate: 924108
While executing 'Script@4 :: Script':
  no 'from.reset' write handler
Rx rate: 930429.57043
While executing 'Script@4 :: Script':
  no 'from.reset' write handler
Rx rate: 931099
While executing 'Script@4 :: Script':
  no 'from.reset' write handler
Rx rate: 934729
While executing 'Script@4 :: Script':
  no 'from.reset' write handler
Rx rate: 933819
While executing 'Script@4 :: Script':
  no 'from.reset' write handler
Rx rate: 921591
While executing 'Script@4 :: Script':
  no 'from.reset' write handler
Rx rate: 926801
While executing 'Script@4 :: Script':
  no 'from.reset' write handler
Rx rate: 933171
While executing 'Script@4 :: Script':
  no 'from.reset' write handler
Rx rate: 927474
While executing 'Script@4 :: Script':
  no 'from.reset' write handler
Rx rate: 926442
While executing 'Script@4 :: Script':
  no 'from.reset' write handler
Rx rate: 929030
While executing 'Script@4 :: Script':
  no 'from.reset' write handler
Rx rate: 932914
While executing 'Script@4 :: Script':
  no 'from.reset' write handler
Rx rate: 935117
While executing 'Script@4 :: Script':
  no 'from.reset' write handler
Rx rate: 936152
While executing 'Script@4 :: Script':
  no 'from.reset' write handler
Rx rate: 930041.958042
While executing 'Script@4 :: Script':
  no 'from.reset' write handler
Rx rate: 919800
While executing 'Script@4 :: Script':
  no 'from.reset' write handler
Rx rate: 920570
While executing 'Script@4 :: Script':
  no 'from.reset' write handler
Rx rate: 937836
While executing 'Script@4 :: Script':
  no 'from.reset' write handler
Rx rate: 930067
While executing 'Script@4 :: Script':
  no 'from.reset' write handler
Rx rate: 939031.031031
While executing 'Script@4 :: Script':
  no 'from.reset' write handler
Rx rate: 937159.84016
While executing 'Script@4 :: Script':
  no 'from.reset' write handler
Rx rate: 938354
While executing 'Script@4 :: Script':
  no 'from.reset' write handler
Rx rate: 936151
While executing 'Script@4 :: Script':
  no 'from.reset' write handler
Rx rate: 931101
While executing 'Script@4 :: Script':
  no 'from.reset' write handler
Rx rate: 894064
While executing 'Script@4 :: Script':
  no 'from.reset' write handler
Rx rate: 927724.275724
While executing 'Script@4 :: Script':
  no 'from.reset' write handler
Rx rate: 931776
While executing 'Script@4 :: Script':
  no 'from.reset' write handler
Rx rate: 930327
While executing 'Script@4 :: Script':
  no 'from.reset' write handler
Rx rate: 930066
While executing 'Script@4 :: Script':
  no 'from.reset' write handler
Rx rate: 937415.584416
While executing 'Script@4 :: Script':
  no 'from.reset' write handler
Rx rate: 928641
While executing 'Script@4 :: Script':
  no 'from.reset' write handler
Rx rate: 927348
While executing 'Script@4 :: Script':
  no 'from.reset' write handler
Rx rate: 932500.4995
While executing 'Script@4 :: Script':
  no 'from.reset' write handler
Rx rate: 938615
While executing 'Script@4 :: Script':
  no 'from.reset' write handler
Rx rate: 932915
While executing 'Script@4 :: Script':
  no 'from.reset' write handler
Rx rate: 921724.275724
While executing 'Script@4 :: Script':
  no 'from.reset' write handler
Rx rate: 932138
While executing 'Script@4 :: Script':
  no 'from.reset' write handler
Rx rate: 938295
While executing 'Script@4 :: Script':
  no 'from.reset' write handler
Rx rate: 927214
While executing 'Script@4 :: Script':
  no 'from.reset' write handler
Rx rate: 938710.28971
While executing 'Script@4 :: Script':
  no 'from.reset' write handler
Rx rate: 937834
While executing 'Script@4 :: Script':
  no 'from.reset' write handler
Rx rate: 931362
While executing 'Script@4 :: Script':
  no 'from.reset' write handler
Rx rate: 926289.71029
While executing 'Script@4 :: Script':
  no 'from.reset' write handler
Rx rate: 937576
While executing 'Script@4 :: Script':
  no 'from.reset' write handler
Rx rate: 930068
While executing 'Script@4 :: Script':
  no 'from.reset' write handler
Rx rate: 922582
While executing 'Script@4 :: Script':
  no 'from.reset' write handler
Rx rate: 937965
While executing 'Script@4 :: Script':
  no 'from.reset' write handler
Rx rate: 922715
While executing 'Script@4 :: Script':
  no 'from.reset' write handler
Rx rate: 931208.791209
While executing 'Script@4 :: Script':
  no 'from.reset' write handler
Rx rate: 941981
While executing 'Script@4 :: Script':
  no 'from.reset' write handler
Rx rate: 928514
While executing 'Script@4 :: Script':
  no 'from.reset' write handler
Rx rate: 927218
While executing 'Script@4 :: Script':
  no 'from.reset' write handler
Rx rate: 925902.097902
While executing 'Script@4 :: Script':
  no 'from.reset' write handler
Rx rate: 922685
While executing 'Script@4 :: Script':
  no 'from.reset' write handler
Rx rate: 890584.415584
While executing 'Script@4 :: Script':
  no 'from.reset' write handler
AUTOTEST_DONE
