Rx rate: 0
While executing 'Script@8 :: Script':
  no 'from.reset' write handler
Rx rate: 842096.256684
While executing 'Script@8 :: Script':
  no 'from.reset' write handler
Rx rate: 835405
While executing 'Script@8 :: Script':
  no 'from.reset' write handler
Rx rate: 840069.860279
While executing 'Script@8 :: Script':
  no 'from.reset' write handler
Rx rate: 839807
While executing 'Script@8 :: Script':
  no 'from.reset' write handler
Rx rate: 839937.125749
While executing 'Script@8 :: Script':
  no 'from.reset' write handler
Rx rate: 841230
While executing 'Script@8 :: Script':
  no 'from.reset' write handler
Rx rate: 838050.949051
While executing 'Script@8 :: Script':
  no 'from.reset' write handler
Rx rate: 837741.516966
While executing 'Script@8 :: Script':
  no 'from.reset' write handler
Rx rate: 837993
While executing 'Script@8 :: Script':
  no 'from.reset' write handler
Rx rate: 837032.901296
While executing 'Script@8 :: Script':
  no 'from.reset' write handler
Rx rate: 839936
While executing 'Script@8 :: Script':
  no 'from.reset' write handler
Rx rate: 843888.888889
While executing 'Script@8 :: Script':
  no 'from.reset' write handler
Rx rate: 836570
While executing 'Script@8 :: Script':
  no 'from.reset' write handler
Rx rate: 840453
While executing 'Script@8 :: Script':
  no 'from.reset' write handler
Rx rate: 834378
While executing 'Script@8 :: Script':
  no 'from.reset' write handler
Rx rate: 838902
While executing 'Script@8 :: Script':
  no 'from.reset' write handler
Rx rate: 835497.502498
While executing 'Script@8 :: Script':
  no 'from.reset' write handler
Rx rate: 835139
While executing 'Script@8 :: Script':
  no 'from.reset' write handler
Rx rate: 840843
While executing 'Script@8 :: Script':
  no 'from.reset' write handler
Rx rate: 841231
While executing 'Script@8 :: Script':
  no 'from.reset' write handler
Rx rate: 843304
While executing 'Script@8 :: Script':
  no 'from.reset' write handler
Rx rate: 853510.978044
While executing 'Script@8 :: Script':
  no 'from.reset' write handler
Rx rate: 841879
While executing 'Script@8 :: Script':
  no 'from.reset' write handler
Rx rate: 835662
While executing 'Script@8 :: Script':
  no 'from.reset' write handler
Rx rate: 843821
While executing 'Script@8 :: Script':
  no 'from.reset' write handler
Rx rate: 817768
While executing 'Script@8 :: Script':
  no 'from.reset' write handler
Rx rate: 840445
While executing 'Script@8 :: Script':
  no 'from.reset' write handler
Rx rate: 833902
While executing 'Script@8 :: Script':
  no 'from.reset' write handler
Rx rate: 837483.033932
While executing 'Script@8 :: Script':
  no 'from.reset' write handler
Rx rate: 834627
While executing 'Script@8 :: Script':
  no 'from.reset' write handler
Rx rate: 845307.692308
While executing 'Script@8 :: Script':
  no 'from.reset' write handler
Rx rate: 861995.004995
While executing 'Script@8 :: Script':
  no 'from.reset' write handler
Rx rate: 840647.352647
While executing 'Script@8 :: Script':
  no 'from.reset' write handler
Rx rate: 838124
While executing 'Script@8 :: Script':
  no 'from.reset' write handler
Rx rate: 845376
While executing 'Script@8 :: Script':
  no 'from.reset' write handler
Rx rate: 848035
While executing 'Script@8 :: Script':
  no 'from.reset' write handler
Rx rate: 829877
While executing 'Script@8 :: Script':
  no 'from.reset' write handler
Rx rate: 844340
While executing 'Script@8 :: Script':
  no 'from.reset' write handler
Rx rate: 838185
While executing 'Script@8 :: Script':
  no 'from.reset' write handler
Rx rate: 840716.566866
While executing 'Script@8 :: Script':
  no 'from.reset' write handler
Rx rate: 843755.244755
While executing 'Script@8 :: Script':
  no 'from.reset' write handler
Rx rate: 842009
While executing 'Script@8 :: Script':
  no 'from.reset' write handler
Rx rate: 849705.294705
While executing 'Script@8 :: Script':
  no 'from.reset' write handler
Rx rate: 861944
While executing 'Script@8 :: Script':
  no 'from.reset' write handler
Rx rate: 864534
While executing 'Script@8 :: Script':
  no 'from.reset' write handler
Rx rate: 858556.443556
While executing 'Script@8 :: Script':
  no 'from.reset' write handler
Rx rate: 846713
While executing 'Script@8 :: Script':
  no 'from.reset' write handler
Rx rate: 829448
While executing 'Script@8 :: Script':
  no 'from.reset' write handler
Rx rate: 835160
While executing 'Script@8 :: Script':
  no 'from.reset' write handler
Rx rate: 838641
While executing 'Script@8 :: Script':
  no 'from.reset' write handler
Rx rate: 845115
While executing 'Script@8 :: Script':
  no 'from.reset' write handler
Rx rate: 842267
While executing 'Script@8 :: Script':
  no 'from.reset' write handler
Rx rate: 850295
While executing 'Script@8 :: Script':
  no 'from.reset' write handler
Rx rate: 844854
While executing 'Script@8 :: Script':
  no 'from.reset' write handler
Rx rate: 851202
While executing 'Script@8 :: Script':
  no 'from.reset' write handler
Rx rate: 851339
While executing 'Script@8 :: Script':
  no 'from.reset' write handler
Rx rate: 796092
While executing 'Script@8 :: Script':
  no 'from.reset' write handler
Rx rate: 838899
While executing 'Script@8 :: Script':
  no 'from.reset' write handler
Rx rate: 836281
While executing 'Script@8 :: Script':
  no 'from.reset' write handler
Rx rate: 834756
While executing 'Script@8 :: Script':
  no 'from.reset' write handler
Rx rate: 835792
While executing 'Script@8 :: Script':
  no 'from.reset' write handler
Rx rate: 833923.076923
While executing 'Script@8 :: Script':
  no 'from.reset' write handler
Rx rate: 844013.986014
While executing 'Script@8 :: Script':
  no 'from.reset' write handler
Rx rate: 836829
While executing 'Script@8 :: Script':
  no 'from.reset' write handler
Rx rate: 835146
While executing 'Script@8 :: Script':
  no 'from.reset' write handler
Rx rate: 839677
While executing 'Script@8 :: Script':
  no 'from.reset' write handler
Rx rate: 835866
While executing 'Script@8 :: Script':
  no 'from.reset' write handler
Rx rate: 837543.456543
While executing 'Script@8 :: Script':
  no 'from.reset' write handler
Rx rate: 835574
While executing 'Script@8 :: Script':
  no 'from.reset' write handler
Rx rate: 839159
While executing 'Script@8 :: Script':
  no 'from.reset' write handler
Rx rate: 841102.794411
While executing 'Script@8 :: Script':
  no 'from.reset' write handler
Rx rate: 836829
While executing 'Script@8 :: Script':
  no 'from.reset' write handler
AUTOTEST_DONE
