Rx rate: 0
While executing 'Script@4 :: Script':
  no 'from.reset' write handler
Rx rate: 899169.811321
While executing 'Script@4 :: Script':
  no 'from.reset' write handler
Rx rate: 905854.43669
While executing 'Script@4 :: Script':
  no 'from.reset' write handler
Rx rate: 919448
While executing 'Script@4 :: Script':
  no 'from.reset' write handler
Rx rate: 903909
While executing 'Script@4 :: Script':
  no 'from.reset' write handler
Rx rate: 916860
While executing 'Script@4 :: Script':
  no 'from.reset' write handler
Rx rate: 907144.278607
While executing 'Script@4 :: Script':
  no 'from.reset' write handler
Rx rate: 910377.245509
While executing 'Script@4 :: Script':
  no 'from.reset' write handler
Rx rate: 916860
While executing 'Script@4 :: Script':
  no 'from.reset' write handler
Rx rate: 882200.199203
While executing 'Script@4 :: Script':
  no 'from.reset' write handler
Rx rate: 874881.118881
While executing 'Script@4 :: Script':
  no 'from.reset' write handler
Rx rate: 895335.329341
While executing 'Script@4 :: Script':
  no 'from.reset' write handler
Rx rate: 890568
While executing 'Script@4 :: Script':
  no 'from.reset' write handler
Rx rate: 896653
While executing 'Script@4 :: Script':
  no 'from.reset' write handler
Rx rate: 907018
While executing 'Script@4 :: Script':
  no 'from.reset' write handler
Rx rate: 895762.237762
While executing 'Script@4 :: Script':
  no 'from.reset' write handler
Rx rate: 904557.442557
While executing 'Script@4 :: Script':
  no 'from.reset' write handler
Rx rate: 899880.761523
While executing 'Script@4 :: Script':
  no 'from.reset' write handler
Rx rate: 904172.654691
While executing 'Script@4 :: Script':
  no 'from.reset' write handler
Rx rate: 910742
While executing 'Script@4 :: Script':
  no 'from.reset' write handler
Rx rate: 906838.161838
While executing 'Script@4 :: Script':
  no 'from.reset' write handler
Rx rate: 910200
While executing 'Script@4 :: Script':
  no 'from.reset' write handler
Rx rate: 909344.655345
While executing 'Script@4 :: Script':
  no 'from.reset' write handler
Rx rate: 906759
While executing 'Script@4 :: Script':
  no 'from.reset' write handler
Rx rate: 897571.428571
While executing 'Script@4 :: Script':
  no 'from.reset' write handler
Rx rate: 888888
While executing 'Script@4 :: Script':
  no 'from.reset' write handler
Rx rate: 891736
While executing 'Script@4 :: Script':
  no 'from.reset' write handler
Rx rate: 896399
While executing 'Script@4 :: Script':
  no 'from.reset' write handler
Rx rate: 888887
While executing 'Script@4 :: Script':
  no 'from.reset' write handler
Rx rate: 891515
While executing 'Script@4 :: Script':
  no 'from.reset' write handler
Rx rate: 891038
While executing 'Script@4 :: Script':
  no 'from.reset' write handler
Rx rate: 900108.891109
While executing 'Script@4 :: Script':
  no 'from.reset' write handler
Rx rate: 911161
While executing 'Script@4 :: Script':
  no 'from.reset' write handler
Rx rate: 908440.559441
While executing 'Script@4 :: Script':
  no 'from.reset' write handler
Rx rate: 915046
While executing 'Script@4 :: Script':
  no 'from.reset' write handler
Rx rate: 911680
While executing 'Script@4 :: Script':
  no 'from.reset' write handler
Rx rate: 910642
While executing 'Script@4 :: Script':
  no 'from.reset' write handler
Rx rate: 905204
While executing 'Script@4 :: Script':
  no 'from.reset' write handler
Rx rate: 893289
While executing 'Script@4 :: Script':
  no 'from.reset' write handler
Rx rate: 891476
While executing 'Script@4 :: Script':
  no 'from.reset' write handler
Rx rate: 882781
While executing 'Script@4 :: Script':
  no 'from.reset' write handler
Rx rate: 904250.749251
While executing 'Script@4 :: Script':
  no 'from.reset' write handler
Rx rate: 891217
While executing 'Script@4 :: Script':
  no 'from.reset' write handler
Rx rate: 900801
While executing 'Script@4 :: Script':
  no 'from.reset' write handler
Rx rate: 910504.99002
While executing 'Script@4 :: Script':
  no 'from.reset' write handler
Rx rate: 900282
While executing 'Script@4 :: Script':
  no 'from.reset' write handler
Rx rate: 886983.033932
While executing 'Script@4 :: Script':
  no 'from.reset' write handler
Rx rate: 896137
While executing 'Script@4 :: Script':
  no 'from.reset' write handler
Rx rate: 890180
While executing 'Script@4 :: Script':
  no 'from.reset' write handler
Rx rate: 898607.392607
While executing 'Script@4 :: Script':
  no 'from.reset' write handler
Rx rate: 891845
While executing 'Script@4 :: Script':
  no 'from.reset' write handler
Rx rate: 894087
While executing 'Script@4 :: Script':
  no 'from.reset' write handler
Rx rate: 891476
While executing 'Script@4 :: Script':
  no 'from.reset' write handler
Rx rate: 898209
While executing 'Script@4 :: Script':
  no 'from.reset' write handler
Rx rate: 895103
While executing 'Script@4 :: Script':
  no 'from.reset' write handler
Rx rate: 896797.202797
While executing 'Script@4 :: Script':
  no 'from.reset' write handler
Rx rate: 889181.636727
While executing 'Script@4 :: Script':
  no 'from.reset' write handler
Rx rate: 896785
While executing 'Script@4 :: Script':
  no 'from.reset' write handler
Rx rate: 891607
While executing 'Script@4 :: Script':
  no 'from.reset' write handler
Rx rate: 894067
While executing 'Script@4 :: Script':
  no 'from.reset' write handler
Rx rate: 885842
While executing 'Script@4 :: Script':
  no 'from.reset' write handler
Rx rate: 894559.88024
While executing 'Script@4 :: Script':
  no 'from.reset' write handler
Rx rate: 895620
While executing 'Script@4 :: Script':
  no 'from.reset' write handler
Rx rate: 896397
While executing 'Script@4 :: Script':
  no 'from.reset' write handler
Rx rate: 895362
While executing 'Script@4 :: Script':
  no 'from.reset' write handler
Rx rate: 894068
While executing 'Script@4 :: Script':
  no 'from.reset' write handler
Rx rate: 894209.79021
While executing 'Script@4 :: Script':
  no 'from.reset' write handler
Rx rate: 897434
While executing 'Script@4 :: Script':
  no 'from.reset' write handler
Rx rate: 894725.274725
While executing 'Script@4 :: Script':
  no 'from.reset' write handler
Rx rate: 889033.966034
While executing 'Script@4 :: Script':
  no 'from.reset' write handler
Rx rate: 852223
While executing 'Script@4 :: Script':
  no 'from.reset' write handler
Rx rate: 888003
While executing 'Script@4 :: Script':
  no 'from.reset' write handler
Rx rate: 892253
While executing 'Script@4 :: Script':
  no 'from.reset' write handler
AUTOTEST_DONE
