Rx rate: 0
While executing 'Script@8 :: Script':
  no 'from.reset' write handler
Rx rate: 808058.252427
While executing 'Script@8 :: Script':
  no 'from.reset' write handler
Rx rate: 812862
While executing 'Script@8 :: Script':
  no 'from.reset' write handler
Rx rate: 813425
While executing 'Script@8 :: Script':
  no 'from.reset' write handler
Rx rate: 813160
While executing 'Script@8 :: Script':
  no 'from.reset' write handler
Rx rate: 813507
While executing 'Script@8 :: Script':
  no 'from.reset' write handler
Rx rate: 813099
While executing 'Script@8 :: Script':
  no 'from.reset' write handler
Rx rate: 811826
While executing 'Script@8 :: Script':
  no 'from.reset' write handler
Rx rate: 813043
While executing 'Script@8 :: Script':
  no 'from.reset' write handler
Rx rate: 813277
While executing 'Script@8 :: Script':
  no 'from.reset' write handler
Rx rate: 813195
While executing 'Script@8 :: Script':
  no 'from.reset' write handler
Rx rate: 813376
While executing 'Script@8 :: Script':
  no 'from.reset' write handler
Rx rate: 811614
While executing 'Script@8 :: Script':
  no 'from.reset' write handler
Rx rate: 813279
While executing 'Script@8 :: Script':
  no 'from.reset' write handler
Rx rate: 813263
While executing 'Script@8 :: Script':
  no 'from.reset' write handler
Rx rate: 813330
While executing 'Script@8 :: Script':
  no 'from.reset' write handler
Rx rate: 813411
While executing 'Script@8 :: Script':
  no 'from.reset' write handler
Rx rate: 811985
While executing 'Script@8 :: Script':
  no 'from.reset' write handler
Rx rate: 813354
While executing 'Script@8 :: Script':
  no 'from.reset' write handler
Rx rate: 813253
While executing 'Script@8 :: Script':
  no 'from.reset' write handler
Rx rate: 813384
While executing 'Script@8 :: Script':
  no 'from.reset' write handler
Rx rate: 813163
While executing 'Script@8 :: Script':
  no 'from.reset' write handler
Rx rate: 811318
While executing 'Script@8 :: Script':
  no 'from.reset' write handler
Rx rate: 812904
While executing 'Script@8 :: Script':
  no 'from.reset' write handler
Rx rate: 812927
While executing 'Script@8 :: Script':
  no 'from.reset' write handler
Rx rate: 812900
While executing 'Script@8 :: Script':
  no 'from.reset' write handler
Rx rate: 811641.358641
While executing 'Script@8 :: Script':
  no 'from.reset' write handler
Rx rate: 811968
While executing 'Script@8 :: Script':
  no 'from.reset' write handler
Rx rate: 813060
While executing 'Script@8 :: Script':
  no 'from.reset' write handler
Rx rate: 813332
While executing 'Script@8 :: Script':
  no 'from.reset' write handler
Rx rate: 813192
While executing 'Script@8 :: Script':
  no 'from.reset' write handler
Rx rate: 813505
While executing 'Script@8 :: Script':
  no 'from.reset' write handler
Rx rate: 811596
While executing 'Script@8 :: Script':
  no 'from.reset' write handler
Rx rate: 813400
While executing 'Script@8 :: Script':
  no 'from.reset' write handler
Rx rate: 813509
While executing 'Script@8 :: Script':
  no 'from.reset' write handler
Rx rate: 813359
While executing 'Script@8 :: Script':
  no 'from.reset' write handler
Rx rate: 813076
While executing 'Script@8 :: Script':
  no 'from.reset' write handler
Rx rate: 812067
While executing 'Script@8 :: Script':
  no 'from.reset' write handler
Rx rate: 813280
While executing 'Script@8 :: Script':
  no 'from.reset' write handler
Rx rate: 813328
While executing 'Script@8 :: Script':
  no 'from.reset' write handler
Rx rate: 812135.864136
While executing 'Script@8 :: Script':
  no 'from.reset' write handler
Rx rate: 813298
While executing 'Script@8 :: Script':
  no 'from.reset' write handler
Rx rate: 811262
While executing 'Script@8 :: Script':
  no 'from.reset' write handler
Rx rate: 812933
While executing 'Script@8 :: Script':
  no 'from.reset' write handler
Rx rate: 813231
While executing 'Script@8 :: Script':
  no 'from.reset' write handler
Rx rate: 812165.834166
While executing 'Script@8 :: Script':
  no 'from.reset' write handler
Rx rate: 813199
While executing 'Script@8 :: Script':
  no 'from.reset' write handler
Rx rate: 811675
While executing 'Script@8 :: Script':
  no 'from.reset' write handler
Rx rate: 813092
While executing 'Script@8 :: Script':
  no 'from.reset' write handler
Rx rate: 812880
While executing 'Script@8 :: Script':
  no 'from.reset' write handler
Rx rate: 812937
While executing 'Script@8 :: Script':
  no 'from.reset' write handler
Rx rate: 812913
While executing 'Script@8 :: Script':
  no 'from.reset' write handler
Rx rate: 813114
While executing 'Script@8 :: Script':
  no 'from.reset' write handler
Rx rate: 811427
While executing 'Script@8 :: Script':
  no 'from.reset' write handler
Rx rate: 813127
While executing 'Script@8 :: Script':
  no 'from.reset' write handler
Rx rate: 812995
While executing 'Script@8 :: Script':
  no 'from.reset' write handler
Rx rate: 812364.635365
While executing 'Script@8 :: Script':
  no 'from.reset' write handler
Rx rate: 811462
While executing 'Script@8 :: Script':
  no 'from.reset' write handler
Rx rate: 813241
While executing 'Script@8 :: Script':
  no 'from.reset' write handler
Rx rate: 813075
While executing 'Script@8 :: Script':
  no 'from.reset' write handler
Rx rate: 813215
While executing 'Script@8 :: Script':
  no 'from.reset' write handler
Rx rate: 813345
While executing 'Script@8 :: Script':
  no 'from.reset' write handler
Rx rate: 812970
While executing 'Script@8 :: Script':
  no 'from.reset' write handler
Rx rate: 811626
While executing 'Script@8 :: Script':
  no 'from.reset' write handler
Rx rate: 813194
While executing 'Script@8 :: Script':
  no 'from.reset' write handler
Rx rate: 813421
While executing 'Script@8 :: Script':
  no 'from.reset' write handler
Rx rate: 813072
While executing 'Script@8 :: Script':
  no 'from.reset' write handler
Rx rate: 811560
While executing 'Script@8 :: Script':
  no 'from.reset' write handler
Rx rate: 812888
While executing 'Script@8 :: Script':
  no 'from.reset' write handler
Rx rate: 812918
While executing 'Script@8 :: Script':
  no 'from.reset' write handler
Rx rate: 812914
While executing 'Script@8 :: Script':
  no 'from.reset' write handler
Rx rate: 812818
While executing 'Script@8 :: Script':
  no 'from.reset' write handler
Rx rate: 812901
While executing 'Script@8 :: Script':
  no 'from.reset' write handler
AUTOTEST_DONE
