Rx rate: 0
While executing 'Script@4 :: Script':
  no 'from.reset' write handler
Rx rate: 915129.166667
While executing 'Script@4 :: Script':
  no 'from.reset' write handler
Rx rate: 933739.780658
While executing 'Script@4 :: Script':
  no 'from.reset' write handler
Rx rate: 927215
While executing 'Script@4 :: Script':
  no 'from.reset' write handler
Rx rate: 929413.518887
While executing 'Script@4 :: Script':
  no 'from.reset' write handler
Rx rate: 938191.808192
While executing 'Script@4 :: Script':
  no 'from.reset' write handler
Rx rate: 927901.197605
While executing 'Script@4 :: Script':
  no 'from.reset' write handler
Rx rate: 930781
While executing 'Script@4 :: Script':
  no 'from.reset' write handler
Rx rate: 920315.054835
While executing 'Script@4 :: Script':
  no 'from.reset' write handler
Rx rate: 927079.92008
While executing 'Script@4 :: Script':
  no 'from.reset' write handler
Rx rate: 930969
While executing 'Script@4 :: Script':
  no 'from.reset' write handler
Rx rate: 929525.474525
While executing 'Script@4 :: Script':
  no 'from.reset' write handler
Rx rate: 931698.602794
While executing 'Script@4 :: Script':
  no 'from.reset' write handler
Rx rate: 934210
While executing 'Script@4 :: Script':
  no 'from.reset' write handler
Rx rate: 928359.64036
While executing 'Script@4 :: Script':
  no 'from.reset' write handler
Rx rate: 931102
While executing 'Script@4 :: Script':
  no 'from.reset' write handler
Rx rate: 927011.988012
While executing 'Script@4 :: Script':
  no 'from.reset' write handler
Rx rate: 927429
While executing 'Script@4 :: Script':
  no 'from.reset' write handler
Rx rate: 938225
While executing 'Script@4 :: Script':
  no 'from.reset' write handler
Rx rate: 923956.043956
While executing 'Script@4 :: Script':
  no 'from.reset' write handler
Rx rate: 931879
While executing 'Script@4 :: Script':
  no 'from.reset' write handler
Rx rate: 927477
While executing 'Script@4 :: Script':
  no 'from.reset' write handler
Rx rate: 930975
While executing 'Script@4 :: Script':
  no 'from.reset' write handler
Rx rate: 932909
While executing 'Script@4 :: Script':
  no 'from.reset' write handler
Rx rate: 934231.231231
While executing 'Script@4 :: Script':
  no 'from.reset' write handler
Rx rate: 936799
While executing 'Script@4 :: Script':
  no 'from.reset' write handler
Rx rate: 889609
While executing 'Script@4 :: Script':
  no 'from.reset' write handler
Rx rate: 935709
While executing 'Script@4 :: Script':
  no 'from.reset' write handler
Rx rate: 927992
While executing 'Script@4 :: Script':
  no 'from.reset' write handler
Rx rate: 932449
While executing 'Script@4 :: Script':
  no 'from.reset' write handler
Rx rate: 926131
While executing 'Script@4 :: Script':
  no 'from.reset' write handler
Rx rate: 925014
While executing 'Script@4 :: Script':
  no 'from.reset' write handler
Rx rate: 933431
While executing 'Script@4 :: Script':
  no 'from.reset' write handler
Rx rate: 932755.244755
While executing 'Script@4 :: Script':
  no 'from.reset' write handler
Rx rate: 938613
While executing 'Script@4 :: Script':
  no 'from.reset' write handler
Rx rate: 931205.794206
While executing 'Script@4 :: Script':
  no 'from.reset' write handler
Rx rate: 939880.239521
While executing 'Script@4 :: Script':
  no 'from.reset' write handler
Rx rate: 928467
While executing 'Script@4 :: Script':
  no 'from.reset' write handler
Rx rate: 933951
While executing 'Script@4 :: Script':
  no 'from.reset' write handler
Rx rate: 929155
While executing 'Script@4 :: Script':
  no 'from.reset' write handler
Rx rate: 934952
While executing 'Script@4 :: Script':
  no 'from.reset' write handler
Rx rate: 931490
While executing 'Script@4 :: Script':
  no 'from.reset' write handler
Rx rate: 931621
While executing 'Script@4 :: Script':
  no 'from.reset' write handler
Rx rate: 925367.265469
While executing 'Script@4 :: Script':
  no 'from.reset' write handler
Rx rate: 936380.619381
While executing 'Script@4 :: Script':
  no 'from.reset' write handler
Rx rate: 931467.532468
While executing 'Script@4 :: Script':
  no 'from.reset' write handler
Rx rate: 929476
While executing 'Script@4 :: Script':
  no 'from.reset' write handler
Rx rate: 926430
While executing 'Script@4 :: Script':
  no 'from.reset' write handler
Rx rate: 929547
While executing 'Script@4 :: Script':
  no 'from.reset' write handler
Rx rate: 926336
While executing 'Script@4 :: Script':
  no 'from.reset' write handler
Rx rate: 934818
While executing 'Script@4 :: Script':
  no 'from.reset' write handler
Rx rate: 927584.415584
While executing 'Script@4 :: Script':
  no 'from.reset' write handler
Rx rate: 938612
While executing 'Script@4 :: Script':
  no 'from.reset' write handler
Rx rate: 936279
While executing 'Script@4 :: Script':
  no 'from.reset' write handler
Rx rate: 930686.313686
While executing 'Script@4 :: Script':
  no 'from.reset' write handler
Rx rate: 934597
While executing 'Script@4 :: Script':
  no 'from.reset' write handler
Rx rate: 904248
While executing 'Script@4 :: Script':
  no 'from.reset' write handler
Rx rate: 911911.088911
While executing 'Script@4 :: Script':
  no 'from.reset' write handler
Rx rate: 926184
While executing 'Script@4 :: Script':
  no 'from.reset' write handler
Rx rate: 922296
While executing 'Script@4 :: Script':
  no 'from.reset' write handler
Rx rate: 925695.608782
While executing 'Script@4 :: Script':
  no 'from.reset' write handler
Rx rate: 936542
While executing 'Script@4 :: Script':
  no 'from.reset' write handler
Rx rate: 933174
While executing 'Script@4 :: Script':
  no 'from.reset' write handler
Rx rate: 930280.439122
While executing 'Script@4 :: Script':
  no 'from.reset' write handler
Rx rate: 929137.862138
While executing 'Script@4 :: Script':
  no 'from.reset' write handler
Rx rate: 938353
While executing 'Script@4 :: Script':
  no 'from.reset' write handler
Rx rate: 925722.277722
While executing 'Script@4 :: Script':
  no 'from.reset' write handler
Rx rate: 933743
While executing 'Script@4 :: Script':
  no 'from.reset' write handler
Rx rate: 929135.864136
While executing 'Script@4 :: Script':
  no 'from.reset' write handler
Rx rate: 927734
While executing 'Script@4 :: Script':
  no 'from.reset' write handler
Rx rate: 930216
While executing 'Script@4 :: Script':
  no 'from.reset' write handler
Rx rate: 926026.973027
While executing 'Script@4 :: Script':
  no 'from.reset' write handler
Rx rate: 930585
While executing 'Script@4 :: Script':
  no 'from.reset' write handler
AUTOTEST_DONE
