/tmp/linux.click:2: While initializing 'from :: FromDevice':
  warning: ens7: no IPv4 address assigned
Rx rate: 0
While executing 'Script@4 :: Script':
  no 'from.reset' write handler
Rx rate: 764141.843972
While executing 'Script@4 :: Script':
  no 'from.reset' write handler
Rx rate: 905081.673307
While executing 'Script@4 :: Script':
  no 'from.reset' write handler
Rx rate: 883444.555445
While executing 'Script@4 :: Script':
  no 'from.reset' write handler
Rx rate: 998524.475524
While executing 'Script@4 :: Script':
  no 'from.reset' write handler
Rx rate: 996034
While executing 'Script@4 :: Script':
  no 'from.reset' write handler
Rx rate: 966520.47952
While executing 'Script@4 :: Script':
  no 'from.reset' write handler
Rx rate: 937678.321678
While executing 'Script@4 :: Script':
  no 'from.reset' write handler
Rx rate: 982074.925075
While executing 'Script@4 :: Script':
  no 'from.reset' write handler
Rx rate: 943309
While executing 'Script@4 :: Script':
  no 'from.reset' write handler
Rx rate: 974316.683317
While executing 'Script@4 :: Script':
  no 'from.reset' write handler
Rx rate: 974549.450549
While executing 'Script@4 :: Script':
  no 'from.reset' write handler
Rx rate: 938688.311688
While executing 'Script@4 :: Script':
  no 'from.reset' write handler
Rx rate: 970433.566434
While executing 'Script@4 :: Script':
  no 'from.reset' write handler
Rx rate: 975842.157842
While executing 'Script@4 :: Script':
  no 'from.reset' write handler
Rx rate: 946899.100899
While executing 'Script@4 :: Script':
  no 'from.reset' write handler
Rx rate: 968552
While executing 'Script@4 :: Script':
  no 'from.reset' write handler
Rx rate: 976709
While executing 'Script@4 :: Script':
  no 'from.reset' write handler
Rx rate: 976845.154845
While executing 'Script@4 :: Script':
  no 'from.reset' write handler
Rx rate: 936304
While executing 'Script@4 :: Script':
  no 'from.reset' write handler
Rx rate: 973305
While executing 'Script@4 :: Script':
  no 'from.reset' write handler
Rx rate: 972415
While executing 'Script@4 :: Script':
  no 'from.reset' write handler
Rx rate: 917637
While executing 'Script@4 :: Script':
  no 'from.reset' write handler
Rx rate: 971450
While executing 'Script@4 :: Script':
  no 'from.reset' write handler
Rx rate: 973769
While executing 'Script@4 :: Script':
  no 'from.reset' write handler
Rx rate: 914917
While executing 'Script@4 :: Script':
  no 'from.reset' write handler
Rx rate: 975038
While executing 'Script@4 :: Script':
  no 'from.reset' write handler
Rx rate: 968895
While executing 'Script@4 :: Script':
  no 'from.reset' write handler
Rx rate: 925385
While executing 'Script@4 :: Script':
  no 'from.reset' write handler
Rx rate: 978123
While executing 'Script@4 :: Script':
  no 'from.reset' write handler
Rx rate: 976927
While executing 'Script@4 :: Script':
  no 'from.reset' write handler
Rx rate: 975729.270729
While executing 'Script@4 :: Script':
  no 'from.reset' write handler
Rx rate: 975175
While executing 'Script@4 :: Script':
  no 'from.reset' write handler
Rx rate: 972372
While executing 'Script@4 :: Script':
  no 'from.reset' write handler
Rx rate: 975454.545455
While executing 'Script@4 :: Script':
  no 'from.reset' write handler
Rx rate: 976116
While executing 'Script@4 :: Script':
  no 'from.reset' write handler
Rx rate: 976097
While executing 'Script@4 :: Script':
  no 'from.reset' write handler
Rx rate: 978009
While executing 'Script@4 :: Script':
  no 'from.reset' write handler
Rx rate: 977265.734266
While executing 'Script@4 :: Script':
  no 'from.reset' write handler
Rx rate: 975708
While executing 'Script@4 :: Script':
  no 'from.reset' write handler
Rx rate: 974452
While executing 'Script@4 :: Script':
  no 'from.reset' write handler
Rx rate: 977855
While executing 'Script@4 :: Script':
  no 'from.reset' write handler
Rx rate: 975473
While executing 'Script@4 :: Script':
  no 'from.reset' write handler
Rx rate: 971402.597403
While executing 'Script@4 :: Script':
  no 'from.reset' write handler
Rx rate: 974746
While executing 'Script@4 :: Script':
  no 'from.reset' write handler
Rx rate: 976134
While executing 'Script@4 :: Script':
  no 'from.reset' write handler
Rx rate: 976114
While executing 'Script@4 :: Script':
  no 'from.reset' write handler
Rx rate: 976287
While executing 'Script@4 :: Script':
  no 'from.reset' write handler
Rx rate: 975786
While executing 'Script@4 :: Script':
  no 'from.reset' write handler
Rx rate: 976001
While executing 'Script@4 :: Script':
  no 'from.reset' write handler
Rx rate: 975085
While executing 'Script@4 :: Script':
  no 'from.reset' write handler
Rx rate: 975767
While executing 'Script@4 :: Script':
  no 'from.reset' write handler
Rx rate: 977466
While executing 'Script@4 :: Script':
  no 'from.reset' write handler
Rx rate: 972802
While executing 'Script@4 :: Script':
  no 'from.reset' write handler
Rx rate: 973333.666334
While executing 'Script@4 :: Script':
  no 'from.reset' write handler
Rx rate: 975717
While executing 'Script@4 :: Script':
  no 'from.reset' write handler
Rx rate: 975155
While executing 'Script@4 :: Script':
  no 'from.reset' write handler
Rx rate: 974921.078921
While executing 'Script@4 :: Script':
  no 'from.reset' write handler
Rx rate: 971658
While executing 'Script@4 :: Script':
  no 'from.reset' write handler
Rx rate: 978405
While executing 'Script@4 :: Script':
  no 'from.reset' write handler
Rx rate: 978074
While executing 'Script@4 :: Script':
  no 'from.reset' write handler
Rx rate: 978204
While executing 'Script@4 :: Script':
  no 'from.reset' write handler
Rx rate: 978826
While executing 'Script@4 :: Script':
  no 'from.reset' write handler
Rx rate: 975527
While executing 'Script@4 :: Script':
  no 'from.reset' write handler
Rx rate: 974247.752248
While executing 'Script@4 :: Script':
  no 'from.reset' write handler
Rx rate: 975626
While executing 'Script@4 :: Script':
  no 'from.reset' write handler
Rx rate: 976758.241758
While executing 'Script@4 :: Script':
  no 'from.reset' write handler
Rx rate: 977466
While executing 'Script@4 :: Script':
  no 'from.reset' write handler
Rx rate: 979488
While executing 'Script@4 :: Script':
  no 'from.reset' write handler
Rx rate: 976756.243756
While executing 'Script@4 :: Script':
  no 'from.reset' write handler
Rx rate: 977491.508492
While executing 'Script@4 :: Script':
  no 'from.reset' write handler
Rx rate: 977466
While executing 'Script@4 :: Script':
  no 'from.reset' write handler
Rx rate: 975524
While executing 'Script@4 :: Script':
  no 'from.reset' write handler
AUTOTEST_DONE
