Rx rate: 0
While executing 'Script@4 :: Script':
  no 'from.reset' write handler
Rx rate: 817634.615385
While executing 'Script@4 :: Script':
  no 'from.reset' write handler
Rx rate: 813451
While executing 'Script@4 :: Script':
  no 'from.reset' write handler
Rx rate: 813201
While executing 'Script@4 :: Script':
  no 'from.reset' write handler
Rx rate: 813372
While executing 'Script@4 :: Script':
  no 'from.reset' write handler
Rx rate: 812232
While executing 'Script@4 :: Script':
  no 'from.reset' write handler
Rx rate: 812796
While executing 'Script@4 :: Script':
  no 'from.reset' write handler
Rx rate: 813111
While executing 'Script@4 :: Script':
  no 'from.reset' write handler
Rx rate: 813321
While executing 'Script@4 :: Script':
  no 'from.reset' write handler
Rx rate: 811591
While executing 'Script@4 :: Script':
  no 'from.reset' write handler
Rx rate: 813133
While executing 'Script@4 :: Script':
  no 'from.reset' write handler
Rx rate: 813195
While executing 'Script@4 :: Script':
  no 'from.reset' write handler
Rx rate: 813346
While executing 'Script@4 :: Script':
  no 'from.reset' write handler
Rx rate: 813214
While executing 'Script@4 :: Script':
  no 'from.reset' write handler
Rx rate: 813330
While executing 'Script@4 :: Script':
  no 'from.reset' write handler
Rx rate: 812097
While executing 'Script@4 :: Script':
  no 'from.reset' write handler
Rx rate: 812630
While executing 'Script@4 :: Script':
  no 'from.reset' write handler
Rx rate: 813274
While executing 'Script@4 :: Script':
  no 'from.reset' write handler
Rx rate: 813071
While executing 'Script@4 :: Script':
  no 'from.reset' write handler
Rx rate: 811481
While executing 'Script@4 :: Script':
  no 'from.reset' write handler
Rx rate: 813120
While executing 'Script@4 :: Script':
  no 'from.reset' write handler
Rx rate: 813436
While executing 'Script@4 :: Script':
  no 'from.reset' write handler
Rx rate: 813375
While executing 'Script@4 :: Script':
  no 'from.reset' write handler
Rx rate: 813107
While executing 'Script@4 :: Script':
  no 'from.reset' write handler
Rx rate: 813124
While executing 'Script@4 :: Script':
  no 'from.reset' write handler
Rx rate: 812083
While executing 'Script@4 :: Script':
  no 'from.reset' write handler
Rx rate: 812626
While executing 'Script@4 :: Script':
  no 'from.reset' write handler
Rx rate: 813269
While executing 'Script@4 :: Script':
  no 'from.reset' write handler
Rx rate: 812955
While executing 'Script@4 :: Script':
  no 'from.reset' write handler
Rx rate: 813258
While executing 'Script@4 :: Script':
  no 'from.reset' write handler
Rx rate: 811799
While executing 'Script@4 :: Script':
  no 'from.reset' write handler
Rx rate: 813373
While executing 'Script@4 :: Script':
  no 'from.reset' write handler
Rx rate: 813046
While executing 'Script@4 :: Script':
  no 'from.reset' write handler
Rx rate: 812889
While executing 'Script@4 :: Script':
  no 'from.reset' write handler
Rx rate: 812921
While executing 'Script@4 :: Script':
  no 'from.reset' write handler
Rx rate: 812407
While executing 'Script@4 :: Script':
  no 'from.reset' write handler
Rx rate: 812865
While executing 'Script@4 :: Script':
  no 'from.reset' write handler
Rx rate: 813217
While executing 'Script@4 :: Script':
  no 'from.reset' write handler
Rx rate: 813257
While executing 'Script@4 :: Script':
  no 'from.reset' write handler
Rx rate: 813253
While executing 'Script@4 :: Script':
  no 'from.reset' write handler
Rx rate: 811824
While executing 'Script@4 :: Script':
  no 'from.reset' write handler
Rx rate: 813102
While executing 'Script@4 :: Script':
  no 'from.reset' write handler
Rx rate: 813101
While executing 'Script@4 :: Script':
  no 'from.reset' write handler
Rx rate: 813294
While executing 'Script@4 :: Script':
  no 'from.reset' write handler
Rx rate: 813136
While executing 'Script@4 :: Script':
  no 'from.reset' write handler
Rx rate: 812525
While executing 'Script@4 :: Script':
  no 'from.reset' write handler
Rx rate: 812576
While executing 'Script@4 :: Script':
  no 'from.reset' write handler
Rx rate: 813416
While executing 'Script@4 :: Script':
  no 'from.reset' write handler
Rx rate: 813179
While executing 'Script@4 :: Script':
  no 'from.reset' write handler
Rx rate: 813208
While executing 'Script@4 :: Script':
  no 'from.reset' write handler
Rx rate: 811459
While executing 'Script@4 :: Script':
  no 'from.reset' write handler
Rx rate: 812992
While executing 'Script@4 :: Script':
  no 'from.reset' write handler
Rx rate: 813246
While executing 'Script@4 :: Script':
  no 'from.reset' write handler
Rx rate: 813427
While executing 'Script@4 :: Script':
  no 'from.reset' write handler
Rx rate: 813259
While executing 'Script@4 :: Script':
  no 'from.reset' write handler
Rx rate: 812116
While executing 'Script@4 :: Script':
  no 'from.reset' write handler
Rx rate: 812910
While executing 'Script@4 :: Script':
  no 'from.reset' write handler
Rx rate: 812943
While executing 'Script@4 :: Script':
  no 'from.reset' write handler
Rx rate: 813486
While executing 'Script@4 :: Script':
  no 'from.reset' write handler
Rx rate: 813140
While executing 'Script@4 :: Script':
  no 'from.reset' write handler
Rx rate: 811612
While executing 'Script@4 :: Script':
  no 'from.reset' write handler
Rx rate: 812971
While executing 'Script@4 :: Script':
  no 'from.reset' write handler
Rx rate: 813349
While executing 'Script@4 :: Script':
  no 'from.reset' write handler
Rx rate: 813001
While executing 'Script@4 :: Script':
  no 'from.reset' write handler
Rx rate: 813182
While executing 'Script@4 :: Script':
  no 'from.reset' write handler
Rx rate: 812447
While executing 'Script@4 :: Script':
  no 'from.reset' write handler
Rx rate: 812908
While executing 'Script@4 :: Script':
  no 'from.reset' write handler
Rx rate: 813439
While executing 'Script@4 :: Script':
  no 'from.reset' write handler
Rx rate: 813057
While executing 'Script@4 :: Script':
  no 'from.reset' write handler
Rx rate: 812504.495504
While executing 'Script@4 :: Script':
  no 'from.reset' write handler
Rx rate: 813222
While executing 'Script@4 :: Script':
  no 'from.reset' write handler
Rx rate: 811387
While executing 'Script@4 :: Script':
  no 'from.reset' write handler
Rx rate: 813111
While executing 'Script@4 :: Script':
  no 'from.reset' write handler
AUTOTEST_DONE
