Time,Device,Direction,PacketRate,Mbit,MbitWithFraming,TotalPackets,TotalBytes
1748481936,Device: id=0,RX,0.95681927010852,7746.4329691287,7899.5240523461,961955,973501496
1748481936,Device: id=0,TX,0,0,0,0,0
1748481937,Device: id=0,RX,1.1591871695229,9384.7712602069,9570.2412073306,2125706,2151216496
1748481937,Device: id=0,TX,0,0,0,0,0
1748481938,Device: id=0,RX,1.1689879933098,9464.1267938362,9651.1648727658,3300898,3340510800
1748481938,Device: id=0,TX,0,0,0,0,0
1748481939,Device: id=0,RX,1.1733412529411,9499.3868893535,9687.1214898241,4480538,4534308504
1748481939,Device: id=0,TX,0,0,0,0,0
1748481940,Device: id=0,RX,1.1713946469116,9483.594971526,9671.0181150319,5659368,5727282440
1748481940,Device: id=0,TX,0,0,0,0,0
1748481941,Device: id=0,RX,1.1740483024052,9505.1031095473,9692.9508379322,6839645,6921723776
1748481941,Device: id=0,TX,0,0,0,0,0
1748481942,Device: id=0,RX,1.1737887689772,9502.9858212378,9690.7920242742,8019789,8116028492
1748481942,Device: id=0,TX,0,0,0,0,0
1748481943,Device: id=0,RX,1.1728931813606,9495.7431962957,9683.4061053134,9198898,9309286800
1748481943,Device: id=0,TX,0,0,0,0,0
1748481944,Device: id=0,RX,1.174737832466,9510.7257684604,9698.6838216549,10380916,10505495088
1748481944,Device: id=0,TX,0,0,0,0,0
1748481945,Device: id=0,RX,1.1734597070015,9500.2734148516,9688.0269679719,11560599,11699327200
1748481945,Device: id=0,TX,0,0,0,0,0
1748481946,Device: id=0,RX,1.1745816023246,9509.420705689,9697.3537620609,12741413,12894311980
1748481946,Device: id=0,TX,0,0,0,0,0
1748481947,Device: id=0,RX,1.1734926812062,9500.5967470456,9688.3555760386,13921009,14088063132
1748481947,Device: id=0,TX,0,0,0,0,0
1748481948,Device: id=0,RX,1.1698507196199,9471.1114260424,9658.2875411816,15097805,15278980684
1748481948,Device: id=0,TX,0,0,0,0,0
1748481949,Device: id=0,RX,1.1740880858513,9505.4090893544,9693.2631830906,16278060,16473397732
1748481949,Device: id=0,TX,0,0,0,0,0
1748481950,Device: id=0,RX,1.1724056115559,9491.8038844427,9679.3887822916,17456684,17666166232
1748481950,Device: id=0,TX,0,0,0,0,0
1748481951,Device: id=0,RX,1.174164461396,9506.0274261959,9693.8937400192,18637079,18860724960
1748481951,Device: id=0,TX,0,0,0,0,0
1748481952,Device: id=0,RX,1.1710724460602,9481.0105765941,9668.3821679638,19814362,20052136368
1748481952,Device: id=0,TX,0,0,0,0,0
1748481953,Device: id=0,RX,1.1734713543604,9500.4804223902,9688.2358390878,20994801,21246747720
1748481953,Device: id=0,TX,0,0,0,0,0
1748481954,Device: id=0,RX,1.1748736776266,9511.7209240164,9699.7007124367,22175968,22442081640
1748481954,Device: id=0,TX,0,0,0,0,0
1748481955,Device: id=0,RX,1.1729254406418,9495.9963145767,9683.6643850794,23355177,23635440136
1748481955,Device: id=0,TX,0,0,0,0,0
1748481956,Device: id=0,RX,1.1777088588417,9534.7309211822,9723.1643385968,24540127,24834609536
1748481956,Device: id=0,TX,0,0,0,0,0
1748481957,Device: id=0,RX,1.1723058828491,9490.9884275461,9678.5573688019,25718651,26027275824
1748481957,Device: id=0,TX,0,0,0,0,0
1748481958,Device: id=0,RX,1.1706283744323,9477.4153731095,9664.7159130187,26895427,27218174148
1748481958,Device: id=0,TX,0,0,0,0,0
1748481959,Device: id=0,RX,1.1733012918695,9499.039205284,9686.7674119831,28074892,28411791716
1748481959,Device: id=0,TX,0,0,0,0,0
1748481960,Device: id=0,RX,1.1743678054279,9507.6898064295,9695.5886552979,29255430,29606497184
1748481960,Device: id=0,TX,0,0,0,0,0
1748481961,Device: id=0,RX,1.1709350224991,9479.8899421527,9667.2395457525,30432515,30797707204
1748481961,Device: id=0,TX,0,0,0,0,0
1748481962,Device: id=0,RX,1.1753749552661,9515.8275883422,9703.8875811848,31614681,31994058184
1748481962,Device: id=0,TX,0,0,0,0,0
1748481963,Device: id=0,RX,1.1723823544138,9491.6075413339,9679.1887180402,32793344,33186865140
1748481963,Device: id=0,TX,0,0,0,0,0
1748481964,Device: id=0,RX,1.1709619605964,9480.1160866829,9667.4700003783,33970457,34378104508
1748481964,Device: id=0,TX,0,0,0,0,0
1748481965,Device: id=0,RX,1.174959262599,9512.4621438941,9700.4556259099,35152702,35574535436
1748481965,Device: id=0,TX,0,0,0,0,0
1748481966,Device: id=0,RX,1.1746038602668,9509.5928527203,9697.529470363,36333414,36769415980
1748481966,Device: id=0,TX,0,0,0,0,0
1748481967,Device: id=0,RX,1.1726824942836,9494.0374737204,9681.6666728057,37512193,37962340328
1748481967,Device: id=0,TX,0,0,0,0,0
1748481968,Device: id=0,RX,1.1736429545522,9501.8133600548,9689.5962327831,38691938,39156242268
1748481968,Device: id=0,TX,0,0,0,0,0
1748481969,Device: id=0,RX,1.1687249785892,9461.9974266586,9648.9934232328,39866804,40345206660
1748481969,Device: id=0,TX,0,0,0,0,0
1748481970,Device: id=0,RX,1.1708494134026,9479.2049050321,9666.5408111765,41043741,41536267916
1748481970,Device: id=0,TX,0,0,0,0,0
1748481971,Device: id=0,RX,1.1741095939926,9505.5832188391,9693.440753878,42223955,42730643472
1748481971,Device: id=0,TX,0,0,0,0,0
1748481972,Device: id=0,RX,1.1737978853096,9503.0757335824,9690.8833952319,43403857,43924705308
1748481972,Device: id=0,TX,0,0,0,0,0
1748481973,Device: id=0,RX,1.1730041311077,9496.6333955433,9684.3140565205,44583578,45118581948
1748481973,Device: id=0,TX,0,0,0,0,0
1748481974,Device: id=0,RX,1.1730221161938,9496.7951068225,9684.4786454135,45762700,46311854424
1748481974,Device: id=0,TX,0,0,0,0,0
1748481975,Device: id=0,RX,1.1733596016318,9499.5112806916,9687.2488169527,46942161,47505467944
1748481975,Device: id=0,TX,0,0,0,0,0
1748481976,Device: id=0,RX,1.1715610413238,9484.9581905572,9672.407957169,48119814,48697252780
1748481976,Device: id=0,TX,0,0,0,0,0
1748481977,Device: id=0,RX,1.1739793540252,9504.5368501881,9692.3735468321,49300765,49892375192
1748481977,Device: id=0,TX,0,0,0,0,0
1748481978,Device: id=0,RX,1.1741451684628,9505.8792838752,9693.7425108293,50481015,51086788192
1748481978,Device: id=0,TX,0,0,0,0,0
1748481979,Device: id=0,RX,1.1713030921468,9482.8698340208,9670.2783287643,51658468,52278370628
1748481979,Device: id=0,TX,0,0,0,0,0
1748481980,Device: id=0,RX,1.1727301982255,9494.4236848336,9682.0605165496,52837295,53471343552
1748481980,Device: id=0,TX,0,0,0,0,0
1748481981,Device: id=0,RX,1.1713164519038,9482.9779946131,9670.3886269177,54014764,54662942180
1748481981,Device: id=0,TX,0,0,0,0,0
1748481982,Device: id=0,RX,1.1720184667816,9488.6615070635,9676.1844617485,55192880,55855195572
1748481982,Device: id=0,TX,0,0,0,0,0
1748481983,Device: id=0,RX,1.1747359217677,9510.6620226316,9698.6197701144,56374712,57051209556
1748481983,Device: id=0,TX,0,0,0,0,0
1748481984,Device: id=0,RX,1.1781884393012,9538.6136045828,9727.123754871,57559027,58249736336
1748481984,Device: id=0,TX,0,0,0,0,0
1748481985,Device: id=0,RX,1.1731829632255,9498.0892702738,9685.7985443899,58738371,59443232464
1748481985,Device: id=0,TX,0,0,0,0,0
1748481986,Device: id=0,RX,1.1707862781281,9478.6857077251,9666.0115122256,59915244,60634227940
1748481986,Device: id=0,TX,0,0,0,0,0
1748481987,Device: id=0,RX,1.1725366268611,9492.8565310673,9680.462391365,61093881,61827008584
1748481987,Device: id=0,TX,0,0,0,0,0
1748481988,Device: id=0,RX,1.1714167696973,9483.7901674696,9671.2168506212,62271389,63018646680
1748481988,Device: id=0,TX,0,0,0,0,0
1748481989,Device: id=0,RX,1.161768525926,9405.6860379246,9591.5690020728,63439502,64200778048
1748481989,Device: id=0,TX,0,0,0,0,0
1748481990,Device: id=0,RX,1.1590372445709,9383.5574779461,9569.0034370775,64604569,65379824840
1748481990,Device: id=0,TX,0,0,0,0,0
1748481991,Device: id=0,RX,1.171575470151,9485.0750063424,9672.5270815666,65783098,66572496188
1748481991,Device: id=0,TX,0,0,0,0,0
1748481992,Device: id=0,RX,1.1716272312416,9485.4940641324,9672.954421131,66960882,67764413596
1748481992,Device: id=0,TX,0,0,0,0,0
1748481993,Device: id=0,RX,1.1750703641685,9513.3696683081,9701.3809265751,68142124,68959830500
1748481993,Device: id=0,TX,0,0,0,0,0
1748481994,Device: id=0,RX,1.1727012700632,9494.1894824313,9681.8216856414,69320984,70152836820
1748481994,Device: id=0,TX,0,0,0,0,0
1748481995,Device: id=0,RX,1.1713326041853,9483.1087634838,9670.5219801534,70498471,71344453664
1748481995,Device: id=0,TX,0,0,0,0,0
1748481996,Device: id=0,RX,1.1720202092098,9488.6756137624,9676.1988472359,71676646,72536766764
1748481996,Device: id=0,TX,0,0,0,0,0
1748481997,Device: id=0,RX,1.1730125562203,9496.7096551592,9684.3916641545,72856621,73730901464
1748481997,Device: id=0,TX,0,0,0,0,0
1748481998,Device: id=0,RX,1.1705752298523,9476.9770608846,9664.269097661,74033284,74921684420
1748481998,Device: id=0,TX,0,0,0,0,0
1748481999,Device: id=0,RX,1.1688427445509,9462.9508598843,9649.9656990124,75208264,76110764180
1748481999,Device: id=0,TX,0,0,0,0,0
1748482000,Device: id=0,RX,1.1538121126351,9341.262863894,9525.8728019156,76368077,77284494936
1748482000,Device: id=0,TX,0,0,0,0,0
1748482001,Device: id=0,RX,1.1639225988892,9423.1173606073,9609.3449764296,77538112,78468570356
1748482001,Device: id=0,TX,0,0,0,0,0
1748482002,Device: id=0,RX,1.1718551310526,9487.339141002,9674.8359619704,78716987,79661591856
1748482002,Device: id=0,TX,0,0,0,0,0
1748482003,Device: id=0,RX,1.1737046072752,9502.3447153052,9690.1374524693,79896856,80855623332
1748482003,Device: id=0,TX,0,0,0,0,0
1748482004,Device: id=0,RX,1.171053409433,9480.8242416683,9668.1927871776,81074060,82046950744
1748482004,Device: id=0,TX,0,0,0,0,0
1748482005,Device: id=0,RX,1.1721901899599,9490.0437242232,9677.5941546168,82252408,83239437908
1748482005,Device: id=0,TX,0,0,0,0,0
1748482006,Device: id=0,RX,1.1718186957232,9487.0439263354,9674.5349176512,83159909,84157830944
1748482006,Device: id=0,TX,0,0,0,0,0
