Time,Device,Direction,PacketRate,Mbit,MbitWithFraming,TotalPackets,TotalBytes
1748485269,Device: id=0,RX,0.81914733276977,9869.0990495442,10000.162622787,823524,1240228650
1748485269,Device: id=0,TX,0,0,0,0,0
1748485270,Device: id=0,RX,0.81914756865911,9869.1139024538,10000.177513439,1646111,2479047684
1748485270,Device: id=0,TX,0,0,0,0,0
1748485271,Device: id=0,RX,0.81914621387276,9869.0376314368,10000.101025656,2469602,3719220612
1748485271,Device: id=0,TX,0,0,0,0,0
1748485272,Device: id=0,RX,0.81916912828756,9869.4215377687,10000.488598295,3293419,4959898050
1748485272,Device: id=0,TX,0,0,0,0,0
1748485273,Device: id=0,RX,0.81912409042922,9868.7351424168,9999.7949968854,4116974,6200162844
1748485273,Device: id=0,TX,0,0,0,0,0
1748485274,Device: id=0,RX,0.81915543904747,9869.1847296439,10000.249599891,4940693,7440683658
1748485274,Device: id=0,TX,0,0,0,0,0
1748485275,Device: id=0,RX,0.81913744636039,9868.96795375,10000.029945168,5764304,8681041824
1748485275,Device: id=0,TX,0,0,0,0,0
1748485276,Device: id=0,RX,0.81821385085979,9857.8404751588,9988.7546912963,6587203,9920327718
1748485276,Device: id=0,TX,0,0,0,0,0
1748485277,Device: id=0,RX,0.81914777053673,9869.0923394265,10000.155982712,7410611,11160380166
1748485277,Device: id=0,TX,0,0,0,0,0
1748485278,Device: id=0,RX,0.81914589159619,9869.0697019508,10000.133044606,8234059,12400492854
1748485278,Device: id=0,TX,0,0,0,0,0
1748485279,Device: id=0,RX,0.81915703850579,9869.2518849069,10000.317011068,9058468,13642058832
1748485279,Device: id=0,TX,0,0,0,0,0
1748485280,Device: id=0,RX,0.81913614120042,9868.9042964596,9999.9660790517,9882035,14882344710
1748485280,Device: id=0,TX,0,0,0,0,0
1748485281,Device: id=0,RX,0.81914875753333,9869.1521709753,10000.215972181,10705486,16122467940
1748485281,Device: id=0,TX,0,0,0,0,0
1748485282,Device: id=0,RX,0.81914479844781,9869.008594104,10000.071761856,11528978,17362640868
1748485282,Device: id=0,TX,0,0,0,0,0
1748485283,Device: id=0,RX,0.81914695082543,9869.0824635447,10000.145975677,12352945,18603535170
1748485283,Device: id=0,TX,0,0,0,0,0
1748485284,Device: id=0,RX,0.81914666082945,9869.0789696733,10000.142435406,13176395,19843650870
1748485284,Device: id=0,TX,0,0,0,0,0
1748485285,Device: id=0,RX,0.81914707457998,9869.0839545396,10000.147486472,13999844,21083765064
1748485285,Device: id=0,TX,0,0,0,0,0
1748485286,Device: id=0,RX,0.81915789265094,9869.2142906585,10000.279553483,14823304,22323895824
1748485286,Device: id=0,TX,0,0,0,0,0
1748485287,Device: id=0,RX,0.8191353551154,9868.9427584303,10000.004415249,15646786,23564059716
1748485287,Device: id=0,TX,0,0,0,0,0
1748485288,Device: id=0,RX,0.81914645633113,9869.0765058775,10000.13993889,16470753,24804954018
1748485288,Device: id=0,TX,0,0,0,0,0
1748485289,Device: id=0,RX,0.81916271459048,9869.2723853861,10000.338419721,17294346,26045285076
1748485289,Device: id=0,TX,0,0,0,0,0
1748485290,Device: id=0,RX,0.81913118714666,9868.8925427429,9999.9535326864,18117825,27285444450
1748485290,Device: id=0,TX,0,0,0,0,0
1748485291,Device: id=0,RX,0.81914679195833,9869.080549514,10000.144036227,18942051,28526728806
1748485291,Device: id=0,TX,0,0,0,0,0
1748485292,Device: id=0,RX,0.81914714743483,9869.0728472359,10000.136390825,19765500,29766841494
1748485292,Device: id=0,TX,0,0,0,0,0
1748485293,Device: id=0,RX,0.81914640412367,9869.0878625705,10000.15128723,20588905,31006890930
1748485293,Device: id=0,TX,0,0,0,0,0
1748485294,Device: id=0,RX,0.81914983336015,9869.117192323,10000.181165661,21412358,32247011148
1748485294,Device: id=0,TX,0,0,0,0,0
1748485295,Device: id=0,RX,0.81914347706058,9869.0406116258,10000.103567956,22235804,33487120824
1748485296,Device: id=0,TX,0,0,0,0,0
1748485296,Device: id=0,RX,0.81868065150876,9863.4644893775,9994.4533936189,23058786,34726531716
1748485297,Device: id=0,TX,0,0,0,0,0
1748485297,Device: id=0,RX,0.81914697575696,9869.0707782084,10000.134294329,23882190,35966576634
1748485298,Device: id=0,TX,0,0,0,0,0
1748485298,Device: id=0,RX,0.81914673975537,9869.0799205726,10000.143398934,24705640,37206692334
1748485299,Device: id=0,TX,0,0,0,0,0
1748485299,Device: id=0,RX,0.81914597837786,9869.0827281444,10000.146084685,25529391,38447262846
1748485300,Device: id=0,TX,0,0,0,0,0
1748485300,Device: id=0,RX,0.81914762008387,9869.0785417192,10000.142160933,26352841,39687377040
1748485301,Device: id=0,TX,0,0,0,0,0
1748485302,Device: id=0,RX,0.81914621499949,9869.1095553275,10000.172949727,27176247,40927430994
1748485302,Device: id=0,TX,0,0,0,0,0
1748485303,Device: id=0,RX,0.81914649424275,9869.0530013256,10000.116440404,27999998,42167996988
1748485303,Device: id=0,TX,0,0,0,0,0
1748485304,Device: id=0,RX,0.81914685601551,9869.0813212749,10000.144818237,28823447,43408111182
1748485304,Device: id=0,TX,0,0,0,0,0
1748485305,Device: id=0,RX,0.81914702275057,9869.0833300989,10000.146853739,29647589,44649269034
1748485305,Device: id=0,TX,0,0,0,0,0
1748485306,Device: id=0,RX,0.81914727796647,9869.08640494,10000.149969415,30471038,45889383228
1748485306,Device: id=0,TX,0,0,0,0,0
1748485307,Device: id=0,RX,0.81914593157533,9869.0701836196,10000.133532672,31294529,47129560674
1748485307,Device: id=0,TX,0,0,0,0,0
1748485308,Device: id=0,RX,0.81895595895845,9866.7813935314,9997.8143469648,32117746,48369325476
1748485308,Device: id=0,TX,0,0,0,0,0
1748485309,Device: id=0,RX,0.81914632781852,9869.0749575576,10000.138370009,32941195,49609439670
1748485309,Device: id=0,TX,0,0,0,0,0
1748485310,Device: id=0,RX,0.81914709840969,9869.0842416399,10000.147777385,33764601,50849489106
1748485310,Device: id=0,TX,0,0,0,0,0
1748485311,Device: id=0,RX,0.81914712967471,9869.0726326217,10000.13617337,34588006,52089535530
1748485311,Device: id=0,TX,0,0,0,0,0
1748485312,Device: id=0,RX,0.81914679101664,9869.0805381685,10000.144024731,35412146,53330690370
1748485312,Device: id=0,TX,0,0,0,0,0
1748485313,Device: id=0,RX,0.81914678103187,9869.080417872,10000.143902837,36235594,54570803058
1748485313,Device: id=0,TX,0,0,0,0,0
1748485314,Device: id=0,RX,0.81914659921067,9869.0902123121,10000.153668186,37059045,55810921770
1748485314,Device: id=0,TX,0,0,0,0,0
1748485315,Device: id=0,RX,0.81914621853647,9869.0736409274,10000.137035893,37882494,57051035964
1748485315,Device: id=0,TX,0,0,0,0,0
1748485316,Device: id=0,RX,0.81914668953321,9869.0793154961,10000.142785821,38705986,58291214916
1748485316,Device: id=0,TX,0,0,0,0,0
1748485317,Device: id=0,RX,0.81914729010895,9869.0865512326,10000.15011765,39529435,59531329110
1748485317,Device: id=0,TX,0,0,0,0,0
1748485318,Device: id=0,RX,0.81816103371659,9857.1921485653,9988.09791396,40351852,60769887606
1748485318,Device: id=0,TX,0,0,0,0,0
1748485319,Device: id=0,RX,0.819146237216,9869.0858466447,10000.149244599,41175602,62010456612
1748485319,Device: id=0,TX,0,0,0,0,0
1748485320,Device: id=0,RX,0.81914643134595,9869.076204856,10000.139633871,41999054,63250575324
1748485320,Device: id=0,TX,0,0,0,0,0
1748485321,Device: id=0,RX,0.81914739685105,9869.0878372614,10000.151420758,42823235,64491791910
1748485321,Device: id=0,TX,0,0,0,0,0
1748485322,Device: id=0,RX,0.81914665475823,9869.0669114899,10000.130376251,43646685,65731906104
1748485322,Device: id=0,TX,0,0,0,0,0
1748485323,Device: id=0,RX,0.8191460685677,9869.083819176,10000.147190147,44470132,66972018792
1748485323,Device: id=0,TX,0,0,0,0,0
1748485324,Device: id=0,RX,0.81914726445584,9869.0862421639,10000.149804477,45293626,68212200756
1748485324,Device: id=0,TX,0,0,0,0,0
1748485325,Device: id=0,RX,0.81914621853647,9869.0736409274,10000.137035893,46117075,69452314950
1748485325,Device: id=0,TX,0,0,0,0,0
1748485326,Device: id=0,RX,0.81914665380132,9869.0788849983,10000.142349606,46940439,70692301134
1748485326,Device: id=0,TX,0,0,0,0,0
1748485327,Device: id=0,RX,0.81914728403771,9869.0864780863,10000.150043532,47763888,71932415328
1748485327,Device: id=0,TX,0,0,0,0,0
1748485328,Device: id=0,RX,0.81817048267825,9857.3179753075,9988.2252525361,48587001,73172023506
1748485328,Device: id=0,TX,0,0,0,0,0
1748485329,Device: id=0,RX,0.81914685586263,9869.081319433,10000.144816371,49410410,74412077460
1748485329,Device: id=0,TX,0,0,0,0,0
1748485330,Device: id=0,RX,0.81914656714903,9869.0778410115,10000.141291755,50233816,75652126896
1748485330,Device: id=0,TX,0,0,0,0,0
1748485331,Device: id=0,RX,0.8191461496234,9869.0728106628,10000.136194603,51057264,76892239584
1748485331,Device: id=0,TX,0,0,0,0,0
1748485332,Device: id=0,RX,0.81914703724548,9869.0835047335,10000.147030693,51880714,78132355284
1748485332,Device: id=0,TX,0,0,0,0,0
1748485333,Device: id=0,RX,0.81914692067041,9869.0940853073,10000.157592615,52704162,79372469478
1748485333,Device: id=0,TX,0,0,0,0,0
1748485334,Device: id=0,RX,0.81914649429048,9869.0649775364,10000.128416623,53527568,80612517408
1748485334,Device: id=0,TX,0,0,0,0,0
1748485335,Device: id=0,RX,0.81918418702738,9869.5310853058,10000.60055523,54351616,81853533696
1748485335,Device: id=0,TX,0,0,0,0,0
1748485336,Device: id=0,RX,0.81910922464305,9868.6279384995,9999.6854144423,55175115,83093723190
1748485336,Device: id=0,TX,0,0,0,0,0
1748485337,Device: id=0,RX,0.81914652300425,9869.0773091552,10000.140752836,55998563,84333835878
1748485337,Device: id=0,TX,0,0,0,0,0
1748485338,Device: id=0,RX,0.81854396408036,9861.8176792402,9992.7847134931,56821321,85572909426
1748485338,Device: id=0,TX,0,0,0,0,0
1748485339,Device: id=0,RX,0.8191467934896,9869.0805679628,10000.144054921,57644772,86813026632
1748485339,Device: id=0,TX,0,0,0,0,0
1748485339,Device: id=0,RX,0.81908650973517,9868.354095056,9999.4079366137,58279174,87768434538
1748485339,Device: id=0,TX,0,0,0,0,0
