Time,Device,Direction,PacketRate,Mbit,MbitWithFraming,TotalPackets,TotalBytes
1748480115,Device: id=0,RX,1.259665998224,2458.8719115042,2660.41847122,1266524,309032344
1748480115,Device: id=0,TX,0,0,0,0,0
1748480116,Device: id=0,RX,1.2565432288883,2452.7704380036,2653.8173546257,2527728,616765876
1748480116,Device: id=0,TX,0,0,0,0,0
1748480117,Device: id=0,RX,1.2600394315981,2459.5969704795,2661.2032795352,3794433,925841896
1748480117,Device: id=0,TX,0,0,0,0,0
1748480118,Device: id=0,RX,1.2627929010887,2464.9717429252,2667.0186070994,5063851,1235579888
1748480118,Device: id=0,TX,0,0,0,0,0
1748480119,Device: id=0,RX,1.2611044388034,2461.6758645443,2663.4525747528,6331714,1544938460
1748480119,Device: id=0,TX,0,0,0,0,0
1748480120,Device: id=0,RX,1.2622658289118,2463.9448386174,2665.9073712433,7601407,1854743796
1748480120,Device: id=0,TX,0,0,0,0,0
1748480121,Device: id=0,RX,1.2610878008127,2461.6414457001,2663.4154938301,8869324,2164115300
1748480121,Device: id=0,TX,0,0,0,0,0
1748480122,Device: id=0,RX,1.2577487981415,2455.1237139865,2656.3635216891,10134862,2472906328
1748480122,Device: id=0,TX,0,0,0,0,0
1748480123,Device: id=0,RX,1.2671640483594,2473.5372278745,2676.283475612,11408880,2783770868
1748480123,Device: id=0,TX,0,0,0,0,0
1748480124,Device: id=0,RX,1.2578670093711,2455.3253350795,2656.5840565788,12673419,3092314480
1748480124,Device: id=0,TX,0,0,0,0,0
1748480125,Device: id=0,RX,1.2640455798481,2467.4150300643,2669.66232284,13944105,3402361620
1748480125,Device: id=0,TX,0,0,0,0,0
1748480126,Device: id=0,RX,1.2585367334566,2456.6656438843,2658.0315212373,15210311,3711316128
1748480126,Device: id=0,TX,0,0,0,0,0
1748480127,Device: id=0,RX,1.2633986257811,2466.1541175246,2668.2978976496,16480345,4021204424
1748480127,Device: id=0,TX,0,0,0,0,0
1748480128,Device: id=0,RX,1.2569386098776,2453.542224581,2654.6524021615,17743821,4329492324
1748480128,Device: id=0,TX,0,0,0,0,0
1748480129,Device: id=0,RX,1.2604519329349,2460.4060566948,2662.0783659644,19010892,4638658136
1748480129,Device: id=0,TX,0,0,0,0,0
1748480130,Device: id=0,RX,1.258771670445,2457.118417318,2658.5218845892,20276344,4947427936
1748480130,Device: id=0,TX,0,0,0,0,0
1748480131,Device: id=0,RX,1.2599810845936,2459.4830771268,2661.0800506618,21543739,5256672316
1748480131,Device: id=0,TX,0,0,0,0,0
1748480132,Device: id=0,RX,1.2614425327655,2462.3532992723,2664.1841045148,22811872,5566098964
1748480132,Device: id=0,TX,0,0,0,0,0
1748480133,Device: id=0,RX,1.2611584179753,2461.7656999244,2663.5510468005,24079854,5875484620
1748480133,Device: id=0,TX,0,0,0,0,0
1748480134,Device: id=0,RX,1.2614141690173,2462.2804579217,2664.1067249645,25348690,6185080604
1748480134,Device: id=0,TX,0,0,0,0,0
1748480135,Device: id=0,RX,1.2625177622408,2464.4327300012,2666.4355719598,26617779,6494738076
1748480135,Device: id=0,TX,0,0,0,0,0
1748480136,Device: id=0,RX,1.2589090740099,2457.3905124673,2658.8159643089,27883296,6803524224
1748480136,Device: id=0,TX,0,0,0,0,0
1748480137,Device: id=0,RX,1.259763013109,2459.0574015888,2660.6194836863,29149609,7112504596
1748480137,Device: id=0,TX,0,0,0,0,0
1748480138,Device: id=0,RX,1.2605114922481,2460.5203747706,2662.2022135302,30416675,7421668944
1748480138,Device: id=0,TX,0,0,0,0,0
1748480139,Device: id=0,RX,1.2602610009057,2460.0275331841,2661.669293329,31684350,7730981400
1748480139,Device: id=0,TX,0,0,0,0,0
1748480140,Device: id=0,RX,1.2598790860585,2459.2839759862,2660.8646297556,32950781,8039990564
1748480140,Device: id=0,TX,0,0,0,0,0
1748480141,Device: id=0,RX,1.2616828817067,2462.8166365191,2664.6858975921,34219023,8349443076
1748480141,Device: id=0,TX,0,0,0,0,0
1748480142,Device: id=0,RX,1.2617652357685,2462.9540912651,2664.836528988,35487617,8658978548
1748480142,Device: id=0,TX,0,0,0,0,0
1748480143,Device: id=0,RX,1.259454965364,2458.4560923906,2659.9688868489,36754220,8968029680
1748480143,Device: id=0,TX,0,0,0,0,0
1748480144,Device: id=0,RX,1.2625751479437,2464.5486307915,2666.5606544625,38023293,9277683736
1748480144,Device: id=0,TX,0,0,0,0,0
1748480145,Device: id=0,RX,1.2610452961519,2461.5604180885,2663.3276654728,39290960,9586994484
1748480145,Device: id=0,TX,0,0,0,0,0
1748480146,Device: id=0,RX,1.2543863057268,2448.5601279969,2649.2619369132,40552597,9894833668
1748480146,Device: id=0,TX,0,0,0,0,0
1748480147,Device: id=0,RX,1.2627470569605,2464.8822551869,2666.9217843006,41821907,10204545308
1748480147,Device: id=0,TX,0,0,0,0,0
1748480148,Device: id=0,RX,1.2592242875482,2458.0077510938,2659.4836371016,43087746,10513410268
1748480148,Device: id=0,TX,0,0,0,0,0
1748480149,Device: id=0,RX,1.2597652211502,2459.0597698873,2660.6222052714,44354130,10822407720
1748480149,Device: id=0,TX,0,0,0,0,0
1748480150,Device: id=0,RX,1.2612903164094,2462.0386976312,2663.8451482567,45621978,11131762632
1748480150,Device: id=0,TX,0,0,0,0,0
1748480151,Device: id=0,RX,1.2629627216668,2465.3032326936,2667.3772681603,46892577,11441788788
1748480151,Device: id=0,TX,0,0,0,0,0
1748480152,Device: id=0,RX,1.2625746865697,2464.5477300924,2666.5596799436,48161713,11751458216
1748480152,Device: id=0,TX,0,0,0,0,0
1748480153,Device: id=0,RX,1.2637625479529,2466.864493604,2669.0665012764,49432178,12061451676
1748480153,Device: id=0,TX,0,0,0,0,0
1748480154,Device: id=0,RX,1.2643807082673,2468.0711425377,2670.3720558605,50703137,12371565672
1748480154,Device: id=0,TX,0,0,0,0,0
1748480155,Device: id=0,RX,1.264157950099,2467.6343766856,2669.8996487014,51973865,12681623060
1748480155,Device: id=0,TX,0,0,0,0,0
1748480156,Device: id=0,RX,1.2575086848717,2454.6588947712,2655.8602843506,53237913,12990051016
1748480156,Device: id=0,TX,0,0,0,0,0
1748480157,Device: id=0,RX,1.2591196079235,2457.7995327644,2659.2586700322,54503580,13298873520
1748480157,Device: id=0,TX,0,0,0,0,0
1748480158,Device: id=0,RX,1.2585915895398,2456.7727237698,2658.1473780962,55769312,13607712372
1748480158,Device: id=0,TX,0,0,0,0,0
1748480159,Device: id=0,RX,1.2617974411305,2463.0286050868,2664.9161956677,57037804,13917224420
1748480159,Device: id=0,TX,0,0,0,0,0
1748480160,Device: id=0,RX,1.255706504522,2451.1371550276,2652.0501957511,58300107,14225226108
1748480160,Device: id=0,TX,0,0,0,0,0
1748480161,Device: id=0,RX,1.2658680223641,2470.9763204413,2673.5152040195,59573289,14535882760
1748480161,Device: id=0,TX,0,0,0,0,0
1748480162,Device: id=0,RX,1.2506611937279,2441.2984173676,2641.404208364,60830518,14842647612
1748480162,Device: id=0,TX,0,0,0,0,0
1748480163,Device: id=0,RX,1.2611018437572,2461.661089032,2663.4373840331,62098116,15151940304
1748480163,Device: id=0,TX,0,0,0,0,0
1748480164,Device: id=0,RX,1.2601268839816,2459.7676775321,2661.3879789692,63364727,15460993388
1748480164,Device: id=0,TX,0,0,0,0,0
1748480165,Device: id=0,RX,1.263250486185,2465.8668908363,2667.9869686259,64634611,15770845328
1748480165,Device: id=0,TX,0,0,0,0,0
1748480166,Device: id=0,RX,1.2577705395995,2455.1661574793,2656.4094438152,65902895,16080306380
1748480166,Device: id=0,TX,0,0,0,0,0
1748480167,Device: id=0,RX,1.2630792814458,2465.5307573822,2667.6234424135,67172544,16390100736
1748480167,Device: id=0,TX,0,0,0,0,0
1748480168,Device: id=0,RX,1.2592611152982,2458.0796390659,2659.5614175136,68438287,16698942272
1748480168,Device: id=0,TX,0,0,0,0,0
1748480169,Device: id=0,RX,1.2602037573387,2459.9177343251,2661.5503354993,69705109,17008046840
1748480169,Device: id=0,TX,0,0,0,0,0
1748480170,Device: id=0,RX,1.2600129202789,2459.5452203843,2661.1472876289,70971673,17317088456
1748480170,Device: id=0,TX,0,0,0,0,0
1748480171,Device: id=0,RX,1.2598283502494,2459.182997787,2660.7555338269,72238054,17626085176
1748480171,Device: id=0,TX,0,0,0,0,0
1748480172,Device: id=0,RX,1.2603601150589,2460.2248864971,2661.8825049066,73504968,17935212436
1748480172,Device: id=0,TX,0,0,0,0,0
1748480173,Device: id=0,RX,1.2557754311596,2451.2736416235,2652.197710609,74767337,18243230472
1748480173,Device: id=0,TX,0,0,0,0,0
1748480174,Device: id=0,RX,1.2637348270961,2466.8084406899,2669.0060130253,76037709,18553200996
1748480174,Device: id=0,TX,0,0,0,0,0
1748480175,Device: id=0,RX,1.2616407550438,2462.7227538454,2664.5852746524,77305980,18862659120
1748480175,Device: id=0,TX,0,0,0,0,0
1748480176,Device: id=0,RX,1.259211961839,2457.9836914146,2659.4576053089,78571738,19171504316
1748480176,Device: id=0,TX,0,0,0,0,0
1748480177,Device: id=0,RX,1.2601527903668,2459.8163049957,2661.4407514544,79838510,19480596440
1748480177,Device: id=0,TX,0,0,0,0,0
1748480178,Device: id=0,RX,1.2635646043969,2466.4781077827,2668.6484444863,81108646,19790509624
1748480178,Device: id=0,TX,0,0,0,0,0
1748480179,Device: id=0,RX,1.2627761423929,2464.9390299509,2666.9832127337,82378055,20100245420
1748480179,Device: id=0,TX,0,0,0,0,0
1748480180,Device: id=0,RX,1.2623330154579,2464.0740461738,2666.047328647,83647018,20409872392
1748480180,Device: id=0,TX,0,0,0,0,0
1748480181,Device: id=0,RX,1.2636348745718,2466.6152751642,2668.7968550957,84917289,20719818516
1748480181,Device: id=0,TX,0,0,0,0,0
1748480182,Device: id=0,RX,1.2564324220865,2452.5580298147,2653.5872173485,86180255,21027982464
1748480182,Device: id=0,TX,0,0,0,0,0
1748480183,Device: id=0,RX,1.2582785594846,2456.1578062125,2657.48237573,87445077,21336598788
1748480183,Device: id=0,TX,0,0,0,0,0
1748480184,Device: id=0,RX,1.2595646975508,2458.6702896191,2660.2006412272,88711260,21645547440
1748480184,Device: id=0,TX,0,0,0,0,0
1748480185,Device: id=0,RX,1.2605466379601,2460.5869810554,2662.274443129,89700165,21886840748
1748480185,Device: id=0,TX,0,0,0,0,0
