Time,Device,Direction,PacketRate,Mbit,MbitWithFraming,TotalPackets,TotalBytes
1748484358,Device: id=0,RX,0.73991479431846,8914.5293866656,9032.9157537565,744017,1120494120
1748484358,Device: id=0,TX,0,0,0,0,0
1748484359,Device: id=0,RX,0.81915210510162,9869.1565604803,10000.220897297,1566568,2359257432
1748484359,Device: id=0,TX,0,0,0,0,0
1748484360,Device: id=0,RX,0.8191493932245,9869.0759362144,10000.13983913,2390061,3599433372
1748484360,Device: id=0,TX,0,0,0,0,0
1748484361,Device: id=0,RX,0.8191513624111,9869.1475887323,10000.211806718,3214247,4840658994
1748484361,Device: id=0,TX,0,0,0,0,0
1748484362,Device: id=0,RX,0.81914303272591,9869.0232738943,10000.08615913,4037738,6080834934
1748484362,Device: id=0,TX,0,0,0,0,0
1748484363,Device: id=0,RX,0.81916503166843,9869.3122859741,10000.378691041,4861248,7321042500
1748484363,Device: id=0,TX,0,0,0,0,0
1748484364,Device: id=0,RX,0.81913302260659,9868.9026725597,9999.9639561768,5684769,8561263620
1748484364,Device: id=0,TX,0,0,0,0,0
1748484365,Device: id=0,RX,0.81816388777618,9857.2385199275,9988.1447419717,6507231,9799891392
1748484365,Device: id=0,TX,0,0,0,0,0
1748484366,Device: id=0,RX,0.81915021979555,9869.1218480967,10000.185883264,7330683,11040010104
1748484366,Device: id=0,TX,0,0,0,0,0
1748484367,Device: id=0,RX,0.8191481105199,9869.1084136783,10000.172111361,8154609,12280844166
1748484367,Device: id=0,TX,0,0,0,0,0
1748484368,Device: id=0,RX,0.81916414486072,9869.3854876351,10000.451750813,8978162,13521127032
1748484368,Device: id=0,TX,0,0,0,0,0
1748484369,Device: id=0,RX,0.81913573498298,9868.8754736335,9999.9371912308,9802160,14762058984
1748484369,Device: id=0,TX,0,0,0,0,0
1748484370,Device: id=0,RX,0.81914763382898,9869.0547523183,10000.118373731,10625956,16002691242
1748484370,Device: id=0,TX,0,0,0,0,0
1748484371,Device: id=0,RX,0.81914871503461,9869.1037187369,10000.167513142,11449407,17242808448
1748484371,Device: id=0,TX,0,0,0,0,0
1748484372,Device: id=0,RX,0.81915026420018,9869.1223830837,10000.186425356,12273550,18483967806
1748484372,Device: id=0,TX,0,0,0,0,0
1748484373,Device: id=0,RX,0.81914678666785,9869.0924702021,10000.155956069,13097042,19724148264
1748484373,Device: id=0,TX,0,0,0,0,0
1748484374,Device: id=0,RX,0.819149104811,9869.0964297335,10000.160286503,13920495,20964266976
1748484374,Device: id=0,TX,0,0,0,0,0
1748484375,Device: id=0,RX,0.81903079508711,9867.7549295665,9998.7998567805,14743827,22204214004
1748484375,Device: id=0,TX,0,0,0,0,0
1748484376,Device: id=0,RX,0.81914783299413,9869.0211853414,10000.08483862,15567320,23444385426
1748484376,Device: id=0,TX,0,0,0,0,0
1748484377,Device: id=0,RX,0.81914975837994,9869.1162889615,10000.180250302,16390772,24684504138
1748484377,Device: id=0,TX,0,0,0,0,0
1748484378,Device: id=0,RX,0.81916047361657,9869.3052736384,10000.370949417,17214754,25925428560
1748484378,Device: id=0,TX,0,0,0,0,0
1748484379,Device: id=0,RX,0.81914196233319,9868.9504632059,10000.013177179,18038328,27165721968
1748484379,Device: id=0,TX,0,0,0,0,0
1748484380,Device: id=0,RX,0.81914337146435,9869.0393394024,10000.102278837,18861817,28405896402
1748484380,Device: id=0,TX,0,0,0,0,0
1748484381,Device: id=0,RX,0.81914887755666,9869.129644439,10000.193464848,19685353,29646144630
1748484381,Device: id=0,TX,0,0,0,0,0
1748484382,Device: id=0,RX,0.8191488736062,9869.0936485608,10000.157468338,20509107,30886716648
1748484382,Device: id=0,TX,0,0,0,0,0
1748484383,Device: id=0,RX,0.81914879645379,9869.1046996753,10000.168507108,21332602,32126900118
1748484383,Device: id=0,TX,0,0,0,0,0
1748484384,Device: id=0,RX,0.81914867769805,9869.1032689061,10000.167057338,22156054,33367018830
1748484384,Device: id=0,TX,0,0,0,0,0
1748484385,Device: id=0,RX,0.81866995277784,9863.3355910674,9994.3227835119,22979541,34607190252
1748484385,Device: id=0,TX,0,0,0,0,0
1748484386,Device: id=0,RX,0.81914770204559,9869.0915142453,10000.155146573,23802991,35847305952
1748484386,Device: id=0,TX,0,0,0,0,0
1748484387,Device: id=0,RX,0.81914970980991,9869.1157037897,10000.179657359,24626443,37087424664
1748484387,Device: id=0,TX,0,0,0,0,0
1748484388,Device: id=0,RX,0.81915046901921,9869.1248507434,10000.188925786,25449898,38327547894
1748484388,Device: id=0,TX,0,0,0,0,0
1748484389,Device: id=0,RX,0.8191472406317,9869.0859551307,10000.149513632,26273348,39567663594
1748484389,Device: id=0,TX,0,0,0,0,0
1748484390,Device: id=0,RX,0.81914882918277,9869.105093994,10000.168906663,27097231,40808431392
1748484390,Device: id=0,TX,0,0,0,0,0
1748484391,Device: id=0,RX,0.81916617567421,9869.3140845229,10000.380672631,27920699,42048574200
1748484391,Device: id=0,TX,0,0,0,0,0
1748484392,Device: id=0,RX,0.81913180207295,9868.8999513749,9999.9610397066,28744176,43288730562
1748484392,Device: id=0,TX,0,0,0,0,0
1748484393,Device: id=0,RX,0.81914953981483,9869.1016706388,10000.165597009,29567628,44528847768
1748484393,Device: id=0,TX,0,0,0,0,0
1748484394,Device: id=0,RX,0.81914859612244,9869.1142523446,10000.178027724,30392372,45770913738
1748484394,Device: id=0,TX,0,0,0,0,0
1748484395,Device: id=0,RX,0.81867017621271,9863.3382830108,9994.3255112048,31215343,47010308064
1748484395,Device: id=0,TX,0,0,0,0,0
1748484396,Device: id=0,RX,0.81914912606033,9869.1086707748,10000.172530944,32038796,48250428282
1748484396,Device: id=0,TX,0,0,0,0,0
1748484397,Device: id=0,RX,0.81914882522631,9869.1050463266,10000.168858363,32862246,49490543982
1748484397,Device: id=0,TX,0,0,0,0,0
1748484398,Device: id=0,RX,0.81914916248776,9869.1091096525,10000.172975651,33685699,50730664200
1748484398,Device: id=0,TX,0,0,0,0,0
1748484399,Device: id=0,RX,0.81914933855371,9869.1112308951,10000.175125064,34509152,51970784418
1748484399,Device: id=0,TX,0,0,0,0,0
1748484400,Device: id=0,RX,0.81914827274244,9869.0983900009,10000.16211364,35332602,53210900118
1748484400,Device: id=0,TX,0,0,0,0,0
1748484401,Device: id=0,RX,0.81914915307424,9869.1089962385,10000.17286073,36156052,54451015818
1748484401,Device: id=0,TX,0,0,0,0,0
1748484402,Device: id=0,RX,0.81914866251996,9869.1030860404,10000.166872044,36979504,55691134530
1748484402,Device: id=0,TX,0,0,0,0,0
1748484403,Device: id=0,RX,0.81914932944685,9869.1111211756,10000.175013887,37802957,56931254748
1748484403,Device: id=0,TX,0,0,0,0,0
1748484404,Device: id=0,RX,0.81914912180832,9869.1086195467,10000.172479036,38626408,58171371954
1748484404,Device: id=0,TX,0,0,0,0,0
1748484405,Device: id=0,RX,0.81914879092519,9869.1046330667,10000.168439615,39449859,59411489160
1748484405,Device: id=0,TX,0,0,0,0,0
1748484406,Device: id=0,RX,0.81815570521993,9857.1399364897,9988.0448493249,40272313,60650104884
1748484406,Device: id=0,TX,0,0,0,0,0
1748484407,Device: id=0,RX,0.8191485562733,9869.1018059807,10000.165574984,41095765,61890223596
1748484407,Device: id=0,TX,0,0,0,0,0
1748484408,Device: id=0,RX,0.81914961028741,9869.1025303505,10000.166467996,41919950,63131444700
1748484408,Device: id=0,TX,0,0,0,0,0
1748484409,Device: id=0,RX,0.81914837686237,9869.1116295148,10000.175369813,42743399,64371560400
1748484409,Device: id=0,TX,0,0,0,0,0
1748484410,Device: id=0,RX,0.81914870070233,9869.1035460617,10000.167338174,43566809,65611615860
1748484410,Device: id=0,TX,0,0,0,0,0
1748484411,Device: id=0,RX,0.81914922410989,9869.1098520759,10000.173727933,44390261,66851734572
1748484411,Device: id=0,TX,0,0,0,0,0
1748484412,Device: id=0,RX,0.81914919375365,9869.109486344,10000.173357345,45213713,68091853284
1748484412,Device: id=0,TX,0,0,0,0,0
1748484413,Device: id=0,RX,0.81914873591424,9869.1039702947,10000.167768041,46037121,69331905732
1748484413,Device: id=0,TX,0,0,0,0,0
1748484414,Device: id=0,RX,0.81914906716705,9869.1079612287,10000.171811975,46860572,70572022938
1748484414,Device: id=0,TX,0,0,0,0,0
1748484415,Device: id=0,RX,0.81914899123949,9869.1070464534,10000.170885052,47684240,71812466946
1748484415,Device: id=0,TX,0,0,0,0,0
1748484416,Device: id=0,RX,0.81857345583036,9862.1729958442,9993.1447487771,48507113,73051713684
1748484416,Device: id=0,TX,0,0,0,0,0
1748484417,Device: id=0,RX,0.81914905425736,9869.1078056927,10000.171654374,49330952,74292415218
1748484417,Device: id=0,TX,0,0,0,0,0
1748484418,Device: id=0,RX,0.81914881126532,9869.1048781246,10000.168687927,50154404,75532533930
1748484418,Device: id=0,TX,0,0,0,0,0
1748484419,Device: id=0,RX,0.8191495510472,9869.1137910166,10000.177719184,50977857,76772654148
1748484419,Device: id=0,TX,0,0,0,0,0
1748484420,Device: id=0,RX,0.81914867418551,9869.103226587,10000.167014457,51801954,78013744230
1748484420,Device: id=0,TX,0,0,0,0,0
1748484421,Device: id=0,RX,0.81914911088223,9869.1084879092,10000.17234565,52625407,79253864448
1748484421,Device: id=0,TX,0,0,0,0,0
1748484422,Device: id=0,RX,0.81914858146721,9869.1021095169,10000.165882552,53448858,80493981654
1748484422,Device: id=0,TX,0,0,0,0,0
1748484423,Device: id=0,RX,0.81915258502159,9869.1503443401,10000.214757944,54272356,81734169642
1748484423,Device: id=0,TX,0,0,0,0,0
1748484424,Device: id=0,RX,0.81914511144429,9869.0603026808,10000.123520512,55095804,82974282330
1748484424,Device: id=0,TX,0,0,0,0,0
1748484425,Device: id=0,RX,0.81914979389703,9869.1167168715,10000.180683895,55919257,84214402548
1748484426,Device: id=0,TX,0,0,0,0,0
1748484426,Device: id=0,RX,0.81869430912543,9863.6290363432,9994.6201258033,56742897,85454804388
1748484427,Device: id=0,TX,0,0,0,0,0
1748484427,Device: id=0,RX,0.81914899340258,9869.1070725143,10000.170911459,57566349,86694923100
1748484428,Device: id=0,TX,0,0,0,0,0
1748484428,Device: id=0,RX,0.81908974114451,9868.3928542524,9999.4472128355,58200594,87650097576
1748484428,Device: id=0,TX,0,0,0,0,0
