Time,Device,Direction,PacketRate,Mbit,MbitWithFraming,TotalPackets,TotalBytes
1748476373,Device: id=0,RX,1.3291980438002,680.54990725186,893.22159425989,1337543,85602816
1748476373,Device: id=0,TX,0,0,0,0,0
1748476374,Device: id=0,RX,1.3249133572927,678.35563893385,890.34177610068,2668773,170801536
1748476374,Device: id=0,TX,0,0,0,0,0
1748476375,Device: id=0,RX,1.3271495255976,679.50055710595,891.84448120156,4002966,256189888
1748476375,Device: id=0,TX,0,0,0,0,0
1748476376,Device: id=0,RX,1.327157367689,679.50457225676,891.849751087,5337184,341579840
1748476376,Device: id=0,TX,0,0,0,0,0
1748476377,Device: id=0,RX,1.3252534560111,678.5297694777,890.57032243948,6670390,426905024
1748476377,Device: id=0,TX,0,0,0,0,0
1748476378,Device: id=0,RX,1.3282771840082,680.07740892712,892.60175836844,8005748,512367872
1748476378,Device: id=0,TX,0,0,0,0,0
1748476379,Device: id=0,RX,1.3219431024558,676.83486845737,888.34576485029,9334705,597421120
1748476379,Device: id=0,TX,0,0,0,0,0
1748476380,Device: id=0,RX,1.328591111543,680.23864911003,892.81322695692,10670277,682897728
1748476380,Device: id=0,TX,0,0,0,0,0
1748476381,Device: id=0,RX,1.3278902381095,679.88998097246,892.35241906998,12006117,768392768
1748476381,Device: id=0,TX,0,0,0,0,0
1748476382,Device: id=0,RX,1.3215316167682,676.61349254508,888.05855122799,13334662,853418304
1748476382,Device: id=0,TX,0,0,0,0,0
1748476383,Device: id=0,RX,1.3305900228948,681.26260059343,894.1570042566,14673433,939099712
1748476383,Device: id=0,TX,0,0,0,0,0
1748476384,Device: id=0,RX,1.32805169531,679.96246799873,892.45073924834,16008458,1024541312
1748476384,Device: id=0,TX,0,0,0,0,0
1748476385,Device: id=0,RX,1.3201707615987,675.92692061418,887.15424246998,17335564,1109476032
1748476385,Device: id=0,TX,0,0,0,0,0
1748476386,Device: id=0,RX,1.3220300530668,676.879896495,888.4047049857,18664538,1194530432
1748476386,Device: id=0,TX,0,0,0,0,0
1748476387,Device: id=0,RX,1.3231180317007,677.43643223078,889.1353173029,19994608,1279654912
1748476387,Device: id=0,TX,0,0,0,0,0
1748476388,Device: id=0,RX,1.3234036832955,677.5826858473,889.32727517458,21325033,1364802112
1748476388,Device: id=0,TX,0,0,0,0,0
1748476389,Device: id=0,RX,1.3277466269741,679.80627301076,892.24573332662,22659824,1450228736
1748476389,Device: id=0,TX,0,0,0,0,0
1748476390,Device: id=0,RX,1.3302801533926,681.10902384923,893.95384839205,24001224,1536079040
1748476390,Device: id=0,TX,0,0,0,0,0
1748476391,Device: id=0,RX,1.3199656258575,675.81628982778,887.01078996497,25328402,1621017664
1748476391,Device: id=0,TX,0,0,0,0,0
1748476392,Device: id=0,RX,1.3258948864384,678.85818185645,891.00136368659,26661261,1706320640
1748476392,Device: id=0,TX,0,0,0,0,0
1748476393,Device: id=0,RX,1.3282727026621,680.07613311349,892.59976553942,27996443,1791772352
1748476393,Device: id=0,TX,0,0,0,0,0
1748476394,Device: id=0,RX,1.3269915057992,679.4196509692,891.73829189708,29330545,1877154880
1748476394,Device: id=0,TX,0,0,0,0,0
1748476395,Device: id=0,RX,1.3285552300355,680.22027777818,892.78911458386,30666078,1962628992
1748476396,Device: id=0,TX,0,0,0,0,0
1748476396,Device: id=0,RX,1.3277432105866,679.80401449665,892.24292819051,32000798,2048051008
1748476397,Device: id=0,TX,0,0,0,0,0
1748476397,Device: id=0,RX,1.3308693764992,681.40512076762,894.3442210075,33338728,2133678528
1748476398,Device: id=0,TX,0,0,0,0,0
1748476398,Device: id=0,RX,1.3223198265964,677.02775121735,888.59892347277,34667993,2218751488
1748476399,Device: id=0,TX,0,0,0,0,0
1748476399,Device: id=0,RX,1.3250563580697,678.42885533167,890.43787262281,36000082,2304005184
1748476400,Device: id=0,TX,0,0,0,0,0
1748476401,Device: id=0,RX,1.3268872557823,679.36627496053,891.66823588569,37334147,2389385344
1748476401,Device: id=0,TX,0,0,0,0,0
1748476402,Device: id=0,RX,1.3239806726404,677.87861369023,889.7155213127,38665151,2474569664
1748476402,Device: id=0,TX,0,0,0,0,0
1748476403,Device: id=0,RX,1.3279400174245,679.90528892135,892.37569170927,40000068,2560004352
1748476403,Device: id=0,TX,0,0,0,0,0
1748476404,Device: id=0,RX,1.3305153626744,681.2233563653,894.1058143932,41337574,2645604672
1748476404,Device: id=0,TX,0,0,0,0,0
1748476405,Device: id=0,RX,1.3324660274847,682.22260607217,895.41717046972,42677038,2731330368
1748476405,Device: id=0,TX,0,0,0,0,0
1748476406,Device: id=0,RX,1.3303126134436,681.12005808313,893.97007623411,44014338,2816917568
1748476406,Device: id=0,TX,0,0,0,0,0
1748476407,Device: id=0,RX,1.3298442743548,680.88026846965,893.65535236642,45352878,2902584128
1748476407,Device: id=0,TX,0,0,0,0,0
1748476408,Device: id=0,RX,1.32753519498,679.69801982977,892.10365102657,46687428,2987995328
1748476408,Device: id=0,TX,0,0,0,0,0
1748476409,Device: id=0,RX,1.3280121880428,679.94224027794,892.42419036479,48022418,3073434688
1748476409,Device: id=0,TX,0,0,0,0,0
1748476410,Device: id=0,RX,1.3268348400247,679.339945717,891.63352012096,49360690,3159084160
1748476410,Device: id=0,TX,0,0,0,0,0
1748476411,Device: id=0,RX,1.3268042140946,679.32324829158,891.61192254672,50694463,3244445568
1748476411,Device: id=0,TX,0,0,0,0,0
1748476412,Device: id=0,RX,1.3256257149958,678.72036607784,890.82048047716,52027055,3329731456
1748476412,Device: id=0,TX,0,0,0,0,0
1748476413,Device: id=0,RX,1.3271399741205,679.49566674967,891.83806260895,53361236,3415119040
1748476413,Device: id=0,TX,0,0,0,0,0
1748476414,Device: id=0,RX,1.3313282953506,681.64059654471,894.6531238008,54699556,3500771584
1748476414,Device: id=0,TX,0,0,0,0,0
1748476415,Device: id=0,RX,1.3250267589068,678.41319123686,890.41747266194,56031546,3586018880
1748476415,Device: id=0,TX,0,0,0,0,0
1748476416,Device: id=0,RX,1.3190215383722,675.33902764658,886.38247378613,57357497,3670879744
1748476416,Device: id=0,TX,0,0,0,0,0
1748476417,Device: id=0,RX,1.3160260449868,673.80533503326,884.36950223115,58680435,3755547776
1748476417,Device: id=0,TX,0,0,0,0,0
1748476418,Device: id=0,RX,1.3193828395185,675.52452289183,886.62577721479,60007442,3840476288
1748476418,Device: id=0,TX,0,0,0,0,0
1748476419,Device: id=0,RX,1.3270181117841,679.43276391165,891.75566179711,61341438,3925851968
1748476419,Device: id=0,TX,0,0,0,0,0
1748476420,Device: id=0,RX,1.3299830440395,680.95131854821,893.74860559453,62678471,4011422080
1748476420,Device: id=0,TX,0,0,0,0,0
1748476421,Device: id=0,RX,1.3284148239559,680.14838986545,892.6947616984,64013863,4096887168
1748476421,Device: id=0,TX,0,0,0,0,0
1748476422,Device: id=0,RX,1.3295596160266,680.73452340561,893.46406196986,65350410,4182426176
1748476422,Device: id=0,TX,0,0,0,0,0
1748476423,Device: id=0,RX,1.3296991963762,680.8059885446,893.55785996478,66687094,4267973952
1748476423,Device: id=0,TX,0,0,0,0,0
1748476424,Device: id=0,RX,1.3297628330334,680.8385705131,893.60062379844,68023841,4353525760
1748476424,Device: id=0,TX,0,0,0,0,0
1748476425,Device: id=0,RX,1.3302213336964,681.07332285258,893.90873624401,69361051,4439107200
1748476425,Device: id=0,TX,0,0,0,0,0
1748476426,Device: id=0,RX,1.3268373923184,679.34074486702,891.63472763796,70694858,4524470848
1748476426,Device: id=0,TX,0,0,0,0,0
1748476427,Device: id=0,RX,1.3287048353213,680.29738500963,892.89015866104,72030541,4609954624
1748476427,Device: id=0,TX,0,0,0,0,0
1748476428,Device: id=0,RX,1.3301894501506,681.0564894195,893.8868014436,73368419,4695578752
1748476428,Device: id=0,TX,0,0,0,0,0
1748476429,Device: id=0,RX,1.3229991626338,677.3755712685,889.0554372899,74698441,4780700160
1748476429,Device: id=0,TX,0,0,0,0,0
1748476430,Device: id=0,RX,1.3310338991962,681.48935638844,894.45478025983,76036463,4866333568
1748476430,Device: id=0,TX,0,0,0,0,0
1748476431,Device: id=0,RX,1.3255038215885,678.65795665333,890.7385681075,77368861,4951607040
1748476431,Device: id=0,TX,0,0,0,0,0
1748476432,Device: id=0,RX,1.3260718405662,678.94878236988,891.12027686046,78701899,5036921472
1748476432,Device: id=0,TX,0,0,0,0,0
1748476433,Device: id=0,RX,1.3295160971425,680.71275108818,893.43532663098,80038329,5122453056
1748476433,Device: id=0,TX,0,0,0,0,0
1748476434,Device: id=0,RX,1.3279196613985,679.89435731067,892.36150313443,81373222,5207886144
1748476434,Device: id=0,TX,0,0,0,0,0
1748476435,Device: id=0,RX,1.3270643433247,679.45694378224,891.78723871419,82707192,5293260224
1748476435,Device: id=0,TX,0,0,0,0,0
1748476436,Device: id=0,RX,1.3317184293499,681.83983582716,894.91478452315,84045902,5378937664
1748476436,Device: id=0,TX,0,0,0,0,0
1748476437,Device: id=0,RX,1.3292428467466,680.57233753428,893.25119301375,85382830,5464501056
1748476437,Device: id=0,TX,0,0,0,0,0
1748476438,Device: id=0,RX,1.3295981541809,680.75476426611,893.49046893505,86719410,5550042240
1748476438,Device: id=0,TX,0,0,0,0,0
1748476439,Device: id=0,RX,1.3266707258708,679.25490232295,891.52221846227,88053054,5635395392
1748476439,Device: id=0,TX,0,0,0,0,0
1748476440,Device: id=0,RX,1.3264882286872,679.16197308783,891.40008967777,89386514,5720736832
1748476440,Device: id=0,TX,0,0,0,0,0
1748476441,Device: id=0,RX,1.329968953855,680.94461354109,893.73964615788,90723882,5806328448
1748476441,Device: id=0,TX,0,0,0,0,0
1748476442,Device: id=0,RX,1.3283539506863,680.11671342659,892.6533455364,92059213,5891789568
1748476442,Device: id=0,TX,0,0,0,0,0
1748476443,Device: id=0,RX,1.3258779293037,678.84949980348,890.98996849207,93391991,5977087360
1748476443,Device: id=0,TX,0,0,0,0,0
1748476444,Device: id=0,RX,1.3269111480969,679.3784926993,891.6842763948,94424699,6043180800
1748476444,Device: id=0,TX,0,0,0,0,0
