/tmp/linux.click:2: While initializing 'from :: FromDevice':
  warning: ens7: no IPv4 address assigned
Startup trace (nsec): main: 8872485439
Startup trace (nsec): init done: 8918073830
Rx rate: 0
While executing 'Script@7 :: Script':
  no 'from.reset' write handler
Rx rate: 117271.186441
While executing 'Script@7 :: Script':
  no 'from.reset' write handler
Rx rate: 107309.072782
While executing 'Script@7 :: Script':
  no 'from.reset' write handler
Rx rate: 122600.198413
While executing 'Script@7 :: Script':
  no 'from.reset' write handler
Rx rate: 123863.095238
While executing 'Script@7 :: Script':
  no 'from.reset' write handler
Rx rate: 118761.19403
While executing 'Script@7 :: Script':
  no 'from.reset' write handler
Rx rate: 122184.262948
While executing 'Script@7 :: Script':
  no 'from.reset' write handler
Rx rate: 120648.702595
While executing 'Script@7 :: Script':
  no 'from.reset' write handler
Rx rate: 119259.74026
While executing 'Script@7 :: Script':
  no 'from.reset' write handler
Rx rate: 121304.695305
While executing 'Script@7 :: Script':
  no 'from.reset' write handler
Rx rate: 119494.516451
While executing 'Script@7 :: Script':
  no 'from.reset' write handler
Rx rate: 120574.425574
While executing 'Script@7 :: Script':
  no 'from.reset' write handler
Rx rate: 118941
While executing 'Script@7 :: Script':
  no 'from.reset' write handler
Rx rate: 121159
While executing 'Script@7 :: Script':
  no 'from.reset' write handler
Rx rate: 122462
While executing 'Script@7 :: Script':
  no 'from.reset' write handler
Rx rate: 117799
While executing 'Script@7 :: Script':
  no 'from.reset' write handler
Rx rate: 124776.223776
While executing 'Script@7 :: Script':
  no 'from.reset' write handler
Rx rate: 122449
While executing 'Script@7 :: Script':
  no 'from.reset' write handler
Rx rate: 119987
While executing 'Script@7 :: Script':
  no 'from.reset' write handler
Rx rate: 121607
While executing 'Script@7 :: Script':
  no 'from.reset' write handler
Rx rate: 121241.758242
While executing 'Script@7 :: Script':
  no 'from.reset' write handler
Rx rate: 117002
While executing 'Script@7 :: Script':
  no 'from.reset' write handler
Rx rate: 122349
While executing 'Script@7 :: Script':
  no 'from.reset' write handler
Rx rate: 120341
While executing 'Script@7 :: Script':
  no 'from.reset' write handler
Rx rate: 113879
While executing 'Script@7 :: Script':
  no 'from.reset' write handler
Rx rate: 123831.168831
While executing 'Script@7 :: Script':
  no 'from.reset' write handler
Rx rate: 123164
While executing 'Script@7 :: Script':
  no 'from.reset' write handler
Rx rate: 120252
While executing 'Script@7 :: Script':
  no 'from.reset' write handler
Rx rate: 116461
While executing 'Script@7 :: Script':
  no 'from.reset' write handler
Rx rate: 124778
While executing 'Script@7 :: Script':
  no 'from.reset' write handler
Rx rate: 120502.502503
While executing 'Script@7 :: Script':
  no 'from.reset' write handler
Rx rate: 123000
While executing 'Script@7 :: Script':
  no 'from.reset' write handler
Rx rate: 121432
While executing 'Script@7 :: Script':
  no 'from.reset' write handler
Rx rate: 121425
While executing 'Script@7 :: Script':
  no 'from.reset' write handler
Rx rate: 124498
While executing 'Script@7 :: Script':
  no 'from.reset' write handler
Rx rate: 121328.671329
While executing 'Script@7 :: Script':
  no 'from.reset' write handler
Rx rate: 117646.353646
While executing 'Script@7 :: Script':
  no 'from.reset' write handler
Rx rate: 123125.748503
While executing 'Script@7 :: Script':
  no 'from.reset' write handler
Rx rate: 122715
While executing 'Script@7 :: Script':
  no 'from.reset' write handler
Rx rate: 120173.173173
While executing 'Script@7 :: Script':
  no 'from.reset' write handler
Rx rate: 122938
While executing 'Script@7 :: Script':
  no 'from.reset' write handler
Rx rate: 117113.113113
While executing 'Script@7 :: Script':
  no 'from.reset' write handler
Rx rate: 123375.624376
While executing 'Script@7 :: Script':
  no 'from.reset' write handler
Rx rate: 119995.004995
While executing 'Script@7 :: Script':
  no 'from.reset' write handler
Rx rate: 124045.954046
While executing 'Script@7 :: Script':
  no 'from.reset' write handler
Rx rate: 124724.275724
While executing 'Script@7 :: Script':
  no 'from.reset' write handler
Rx rate: 122431
While executing 'Script@7 :: Script':
  no 'from.reset' write handler
Rx rate: 124061
While executing 'Script@7 :: Script':
  no 'from.reset' write handler
Rx rate: 121881.118881
While executing 'Script@7 :: Script':
  no 'from.reset' write handler
Rx rate: 120640.35964
While executing 'Script@7 :: Script':
  no 'from.reset' write handler
Rx rate: 123428
While executing 'Script@7 :: Script':
  no 'from.reset' write handler
Rx rate: 122647
While executing 'Script@7 :: Script':
  no 'from.reset' write handler
Rx rate: 122929
While executing 'Script@7 :: Script':
  no 'from.reset' write handler
Rx rate: 122017.982018
While executing 'Script@7 :: Script':
  no 'from.reset' write handler
Rx rate: 120999
While executing 'Script@7 :: Script':
  no 'from.reset' write handler
Rx rate: 122443
While executing 'Script@7 :: Script':
  no 'from.reset' write handler
Rx rate: 125054.945055
While executing 'Script@7 :: Script':
  no 'from.reset' write handler
Rx rate: 115523.952096
While executing 'Script@7 :: Script':
  no 'from.reset' write handler
Rx rate: 122945
While executing 'Script@7 :: Script':
  no 'from.reset' write handler
Rx rate: 122711
While executing 'Script@7 :: Script':
  no 'from.reset' write handler
Rx rate: 124158.841159
While executing 'Script@7 :: Script':
  no 'from.reset' write handler
Rx rate: 122107.892108
While executing 'Script@7 :: Script':
  no 'from.reset' write handler
Rx rate: 119407
While executing 'Script@7 :: Script':
  no 'from.reset' write handler
Rx rate: 120001.001001
While executing 'Script@7 :: Script':
  no 'from.reset' write handler
Rx rate: 121457
While executing 'Script@7 :: Script':
  no 'from.reset' write handler
Rx rate: 123046
While executing 'Script@7 :: Script':
  no 'from.reset' write handler
Rx rate: 125155
While executing 'Script@7 :: Script':
  no 'from.reset' write handler
Rx rate: 124626.626627
While executing 'Script@7 :: Script':
  no 'from.reset' write handler
Rx rate: 119883.116883
While executing 'Script@7 :: Script':
  no 'from.reset' write handler
Rx rate: 121111.888112
While executing 'Script@7 :: Script':
  no 'from.reset' write handler
Rx rate: 120826
While executing 'Script@7 :: Script':
  no 'from.reset' write handler
Rx rate: 121153
While executing 'Script@7 :: Script':
  no 'from.reset' write handler
Rx rate: 123393
While executing 'Script@7 :: Script':
  no 'from.reset' write handler
Rx rate: 122515
While executing 'Script@7 :: Script':
  no 'from.reset' write handler
Rx rate: 122832.167832
While executing 'Script@7 :: Script':
  no 'from.reset' write handler
Rx rate: 120947
While executing 'Script@7 :: Script':
  no 'from.reset' write handler
Rx rate: 119482
While executing 'Script@7 :: Script':
  no 'from.reset' write handler
Rx rate: 121631
While executing 'Script@7 :: Script':
  no 'from.reset' write handler
Rx rate: 120756
While executing 'Script@7 :: Script':
  no 'from.reset' write handler
Rx rate: 123440.559441
While executing 'Script@7 :: Script':
  no 'from.reset' write handler
Rx rate: 122215
While executing 'Script@7 :: Script':
  no 'from.reset' write handler
Rx rate: 123214
While executing 'Script@7 :: Script':
  no 'from.reset' write handler
Rx rate: 124225
While executing 'Script@7 :: Script':
  no 'from.reset' write handler
Rx rate: 120947.052947
While executing 'Script@7 :: Script':
  no 'from.reset' write handler
Rx rate: 121026
While executing 'Script@7 :: Script':
  no 'from.reset' write handler
Rx rate: 122535
While executing 'Script@7 :: Script':
  no 'from.reset' write handler
Rx rate: 122412
While executing 'Script@7 :: Script':
  no 'from.reset' write handler
Rx rate: 120436.563437
While executing 'Script@7 :: Script':
  no 'from.reset' write handler
Rx rate: 119540.540541
While executing 'Script@7 :: Script':
  no 'from.reset' write handler
Rx rate: 121709
While executing 'Script@7 :: Script':
  no 'from.reset' write handler
Rx rate: 121095.808383
While executing 'Script@7 :: Script':
  no 'from.reset' write handler
Rx rate: 122780
While executing 'Script@7 :: Script':
  no 'from.reset' write handler
Rx rate: 121938
While executing 'Script@7 :: Script':
  no 'from.reset' write handler
Rx rate: 122754.245754
While executing 'Script@7 :: Script':
  no 'from.reset' write handler
Rx rate: 124390.609391
While executing 'Script@7 :: Script':
  no 'from.reset' write handler
Rx rate: 123265
While executing 'Script@7 :: Script':
  no 'from.reset' write handler
Rx rate: 121522
While executing 'Script@7 :: Script':
  no 'from.reset' write handler
Rx rate: 124256
While executing 'Script@7 :: Script':
  no 'from.reset' write handler
Rx rate: 122495
While executing 'Script@7 :: Script':
  no 'from.reset' write handler
Rx rate: 123967
While executing 'Script@7 :: Script':
  no 'from.reset' write handler
Rx rate: 121008
While executing 'Script@7 :: Script':
  no 'from.reset' write handler
Rx rate: 121206
While executing 'Script@7 :: Script':
  no 'from.reset' write handler
Rx rate: 120337
While executing 'Script@7 :: Script':
  no 'from.reset' write handler
Rx rate: 120371
While executing 'Script@7 :: Script':
  no 'from.reset' write handler
Rx rate: 123474.474474
While executing 'Script@7 :: Script':
  no 'from.reset' write handler
Rx rate: 120630.36963
While executing 'Script@7 :: Script':
  no 'from.reset' write handler
Rx rate: 122298
While executing 'Script@7 :: Script':
  no 'from.reset' write handler
Rx rate: 118951.951952
While executing 'Script@7 :: Script':
  no 'from.reset' write handler
Rx rate: 121355.644356
While executing 'Script@7 :: Script':
  no 'from.reset' write handler
Rx rate: 122327
While executing 'Script@7 :: Script':
  no 'from.reset' write handler
Rx rate: 120327
While executing 'Script@7 :: Script':
  no 'from.reset' write handler
Rx rate: 119481
While executing 'Script@7 :: Script':
  no 'from.reset' write handler
Rx rate: 125935
While executing 'Script@7 :: Script':
  no 'from.reset' write handler
Rx rate: 125516.483516
While executing 'Script@7 :: Script':
  no 'from.reset' write handler
Rx rate: 124711.288711
While executing 'Script@7 :: Script':
  no 'from.reset' write handler
Rx rate: 123502
While executing 'Script@7 :: Script':
  no 'from.reset' write handler
Rx rate: 124789
While executing 'Script@7 :: Script':
  no 'from.reset' write handler
Rx rate: 125025
While executing 'Script@7 :: Script':
  no 'from.reset' write handler
Rx rate: 118456
While executing 'Script@7 :: Script':
  no 'from.reset' write handler
Rx rate: 120008
While executing 'Script@7 :: Script':
  no 'from.reset' write handler
Rx rate: 119730
While executing 'Script@7 :: Script':
  no 'from.reset' write handler
Rx rate: 119038
While executing 'Script@7 :: Script':
  no 'from.reset' write handler
Rx rate: 121942
While executing 'Script@7 :: Script':
  no 'from.reset' write handler
Rx rate: 121982
While executing 'Script@7 :: Script':
  no 'from.reset' write handler
Rx rate: 121372.627373
While executing 'Script@7 :: Script':
  no 'from.reset' write handler
Rx rate: 120110
While executing 'Script@7 :: Script':
  no 'from.reset' write handler
Rx rate: 121116
While executing 'Script@7 :: Script':
  no 'from.reset' write handler
Rx rate: 122345
While executing 'Script@7 :: Script':
  no 'from.reset' write handler
Rx rate: 120755.244755
While executing 'Script@7 :: Script':
  no 'from.reset' write handler
Rx rate: 121945.054945
While executing 'Script@7 :: Script':
  no 'from.reset' write handler
Rx rate: 119837.162837
While executing 'Script@7 :: Script':
  no 'from.reset' write handler
Rx rate: 121852.147852
While executing 'Script@7 :: Script':
  no 'from.reset' write handler
Rx rate: 122517.482517
While executing 'Script@7 :: Script':
  no 'from.reset' write handler
Rx rate: 121199.8002
While executing 'Script@7 :: Script':
  no 'from.reset' write handler
Rx rate: 122121
While executing 'Script@7 :: Script':
  no 'from.reset' write handler
Rx rate: 121023
While executing 'Script@7 :: Script':
  no 'from.reset' write handler
Rx rate: 124496
While executing 'Script@7 :: Script':
  no 'from.reset' write handler
Rx rate: 120395.209581
While executing 'Script@7 :: Script':
  no 'from.reset' write handler
Rx rate: 125117
While executing 'Script@7 :: Script':
  no 'from.reset' write handler
Rx rate: 120477
While executing 'Script@7 :: Script':
  no 'from.reset' write handler
Rx rate: 124017
While executing 'Script@7 :: Script':
  no 'from.reset' write handler
Rx rate: 123945.054945
While executing 'Script@7 :: Script':
  no 'from.reset' write handler
Rx rate: 123252.49501
While executing 'Script@7 :: Script':
  no 'from.reset' write handler
Rx rate: 121998
While executing 'Script@7 :: Script':
  no 'from.reset' write handler
Rx rate: 123390
While executing 'Script@7 :: Script':
  no 'from.reset' write handler
Rx rate: 122451.548452
While executing 'Script@7 :: Script':
  no 'from.reset' write handler
Rx rate: 118934
While executing 'Script@7 :: Script':
  no 'from.reset' write handler
Rx rate: 121715
While executing 'Script@7 :: Script':
  no 'from.reset' write handler
Rx rate: 120689.68969
While executing 'Script@7 :: Script':
  no 'from.reset' write handler
Rx rate: 117883
While executing 'Script@7 :: Script':
  no 'from.reset' write handler
Rx rate: 122962.037962
While executing 'Script@7 :: Script':
  no 'from.reset' write handler
Rx rate: 122445
While executing 'Script@7 :: Script':
  no 'from.reset' write handler
Rx rate: 121841
While executing 'Script@7 :: Script':
  no 'from.reset' write handler
Rx rate: 120893
While executing 'Script@7 :: Script':
  no 'from.reset' write handler
Rx rate: 121773.226773
While executing 'Script@7 :: Script':
  no 'from.reset' write handler
Rx rate: 122481
While executing 'Script@7 :: Script':
  no 'from.reset' write handler
Rx rate: 122985.014985
While executing 'Script@7 :: Script':
  no 'from.reset' write handler
Rx rate: 121191
While executing 'Script@7 :: Script':
  no 'from.reset' write handler
Rx rate: 120898.101898
While executing 'Script@7 :: Script':
  no 'from.reset' write handler
Rx rate: 124456.543457
While executing 'Script@7 :: Script':
  no 'from.reset' write handler
Rx rate: 124638
While executing 'Script@7 :: Script':
  no 'from.reset' write handler
Rx rate: 124681
While executing 'Script@7 :: Script':
  no 'from.reset' write handler
Rx rate: 124305.694306
While executing 'Script@7 :: Script':
  no 'from.reset' write handler
Rx rate: 120941
While executing 'Script@7 :: Script':
  no 'from.reset' write handler
Rx rate: 119435.564436
While executing 'Script@7 :: Script':
  no 'from.reset' write handler
Rx rate: 122282.43513
While executing 'Script@7 :: Script':
  no 'from.reset' write handler
Rx rate: 121100
While executing 'Script@7 :: Script':
  no 'from.reset' write handler
Rx rate: 119023
While executing 'Script@7 :: Script':
  no 'from.reset' write handler
Rx rate: 126439.56044
While executing 'Script@7 :: Script':
  no 'from.reset' write handler
Rx rate: 120860
While executing 'Script@7 :: Script':
  no 'from.reset' write handler
Rx rate: 120009.99001
While executing 'Script@7 :: Script':
  no 'from.reset' write handler
Rx rate: 122325
While executing 'Script@7 :: Script':
  no 'from.reset' write handler
Rx rate: 124290.709291
While executing 'Script@7 :: Script':
  no 'from.reset' write handler
Rx rate: 120633.366633
While executing 'Script@7 :: Script':
  no 'from.reset' write handler
Rx rate: 121988
While executing 'Script@7 :: Script':
  no 'from.reset' write handler
Rx rate: 123362
While executing 'Script@7 :: Script':
  no 'from.reset' write handler
Rx rate: 123896
While executing 'Script@7 :: Script':
  no 'from.reset' write handler
Rx rate: 123619.380619
While executing 'Script@7 :: Script':
  no 'from.reset' write handler
Rx rate: 115840
While executing 'Script@7 :: Script':
  no 'from.reset' write handler
Rx rate: 124007.992008
While executing 'Script@7 :: Script':
  no 'from.reset' write handler
Rx rate: 120691
While executing 'Script@7 :: Script':
  no 'from.reset' write handler
Rx rate: 121641
While executing 'Script@7 :: Script':
  no 'from.reset' write handler
Rx rate: 126264.471058
While executing 'Script@7 :: Script':
  no 'from.reset' write handler
AUTOTEST_DONE
