Startup trace (nsec): main: 381891189393
Startup trace (nsec): init done: 381895169269
Rx rate: 0
While executing 'Script@7 :: Script':
  no 'from.reset' write handler
Rx rate: 490132.911392
While executing 'Script@7 :: Script':
  no 'from.reset' write handler
Rx rate: 478733.067729
While executing 'Script@7 :: Script':
  no 'from.reset' write handler
Rx rate: 480896
While executing 'Script@7 :: Script':
  no 'from.reset' write handler
Rx rate: 483333.000997
While executing 'Script@7 :: Script':
  no 'from.reset' write handler
Rx rate: 469219.560878
While executing 'Script@7 :: Script':
  no 'from.reset' write handler
Rx rate: 474599
While executing 'Script@7 :: Script':
  no 'from.reset' write handler
Rx rate: 468416.583417
While executing 'Script@7 :: Script':
  no 'from.reset' write handler
Rx rate: 466397.205589
While executing 'Script@7 :: Script':
  no 'from.reset' write handler
Rx rate: 477518
While executing 'Script@7 :: Script':
  no 'from.reset' write handler
Rx rate: 469328.671329
While executing 'Script@7 :: Script':
  no 'from.reset' write handler
Rx rate: 474050
While executing 'Script@7 :: Script':
  no 'from.reset' write handler
Rx rate: 474734.265734
While executing 'Script@7 :: Script':
  no 'from.reset' write handler
Rx rate: 470924.075924
While executing 'Script@7 :: Script':
  no 'from.reset' write handler
Rx rate: 474803
While executing 'Script@7 :: Script':
  no 'from.reset' write handler
Rx rate: 470943
While executing 'Script@7 :: Script':
  no 'from.reset' write handler
Rx rate: 477434.131737
While executing 'Script@7 :: Script':
  no 'from.reset' write handler
Rx rate: 453474
While executing 'Script@7 :: Script':
  no 'from.reset' write handler
Rx rate: 473834.331337
While executing 'Script@7 :: Script':
  no 'from.reset' write handler
Rx rate: 472522
While executing 'Script@7 :: Script':
  no 'from.reset' write handler
Rx rate: 473408.408408
While executing 'Script@7 :: Script':
  no 'from.reset' write handler
Rx rate: 470759.75976
While executing 'Script@7 :: Script':
  no 'from.reset' write handler
Rx rate: 473380.619381
While executing 'Script@7 :: Script':
  no 'from.reset' write handler
Rx rate: 476596
While executing 'Script@7 :: Script':
  no 'from.reset' write handler
Rx rate: 474827.345309
While executing 'Script@7 :: Script':
  no 'from.reset' write handler
Rx rate: 476367
While executing 'Script@7 :: Script':
  no 'from.reset' write handler
Rx rate: 470800
While executing 'Script@7 :: Script':
  no 'from.reset' write handler
Rx rate: 474687
While executing 'Script@7 :: Script':
  no 'from.reset' write handler
Rx rate: 472330
While executing 'Script@7 :: Script':
  no 'from.reset' write handler
Rx rate: 472547
While executing 'Script@7 :: Script':
  no 'from.reset' write handler
Rx rate: 478175
While executing 'Script@7 :: Script':
  no 'from.reset' write handler
Rx rate: 477717
While executing 'Script@7 :: Script':
  no 'from.reset' write handler
Rx rate: 472556
While executing 'Script@7 :: Script':
  no 'from.reset' write handler
Rx rate: 473144
While executing 'Script@7 :: Script':
  no 'from.reset' write handler
Rx rate: 474780
While executing 'Script@7 :: Script':
  no 'from.reset' write handler
Rx rate: 468100
While executing 'Script@7 :: Script':
  no 'from.reset' write handler
Rx rate: 474409
While executing 'Script@7 :: Script':
  no 'from.reset' write handler
Rx rate: 473492
While executing 'Script@7 :: Script':
  no 'from.reset' write handler
Rx rate: 472714.285714
While executing 'Script@7 :: Script':
  no 'from.reset' write handler
Rx rate: 472908.091908
While executing 'Script@7 :: Script':
  no 'from.reset' write handler
Rx rate: 480381
While executing 'Script@7 :: Script':
  no 'from.reset' write handler
Rx rate: 464115
While executing 'Script@7 :: Script':
  no 'from.reset' write handler
Rx rate: 477615
While executing 'Script@7 :: Script':
  no 'from.reset' write handler
Rx rate: 471050
While executing 'Script@7 :: Script':
  no 'from.reset' write handler
Rx rate: 477999
While executing 'Script@7 :: Script':
  no 'from.reset' write handler
Rx rate: 482980
While executing 'Script@7 :: Script':
  no 'from.reset' write handler
Rx rate: 471435
While executing 'Script@7 :: Script':
  no 'from.reset' write handler
Rx rate: 448307
While executing 'Script@7 :: Script':
  no 'from.reset' write handler
Rx rate: 470165
While executing 'Script@7 :: Script':
  no 'from.reset' write handler
Rx rate: 472037.962038
While executing 'Script@7 :: Script':
  no 'from.reset' write handler
Rx rate: 474180
While executing 'Script@7 :: Script':
  no 'from.reset' write handler
Rx rate: 467602
While executing 'Script@7 :: Script':
  no 'from.reset' write handler
Rx rate: 472489.51049
While executing 'Script@7 :: Script':
  no 'from.reset' write handler
Rx rate: 478803.196803
While executing 'Script@7 :: Script':
  no 'from.reset' write handler
Rx rate: 468245
While executing 'Script@7 :: Script':
  no 'from.reset' write handler
Rx rate: 478202
While executing 'Script@7 :: Script':
  no 'from.reset' write handler
Rx rate: 477056
While executing 'Script@7 :: Script':
  no 'from.reset' write handler
Rx rate: 468437.562438
While executing 'Script@7 :: Script':
  no 'from.reset' write handler
Rx rate: 484719
While executing 'Script@7 :: Script':
  no 'from.reset' write handler
Rx rate: 482945
While executing 'Script@7 :: Script':
  no 'from.reset' write handler
Rx rate: 473405
While executing 'Script@7 :: Script':
  no 'from.reset' write handler
Rx rate: 470918.163673
While executing 'Script@7 :: Script':
  no 'from.reset' write handler
Rx rate: 474554
While executing 'Script@7 :: Script':
  no 'from.reset' write handler
Rx rate: 478202
While executing 'Script@7 :: Script':
  no 'from.reset' write handler
Rx rate: 470463.073852
While executing 'Script@7 :: Script':
  no 'from.reset' write handler
Rx rate: 474812
While executing 'Script@7 :: Script':
  no 'from.reset' write handler
Rx rate: 462140
While executing 'Script@7 :: Script':
  no 'from.reset' write handler
Rx rate: 468441.441441
While executing 'Script@7 :: Script':
  no 'from.reset' write handler
Rx rate: 475155
While executing 'Script@7 :: Script':
  no 'from.reset' write handler
Rx rate: 472943
While executing 'Script@7 :: Script':
  no 'from.reset' write handler
Rx rate: 473212
While executing 'Script@7 :: Script':
  no 'from.reset' write handler
Rx rate: 481161
While executing 'Script@7 :: Script':
  no 'from.reset' write handler
Rx rate: 474755
While executing 'Script@7 :: Script':
  no 'from.reset' write handler
Rx rate: 469052.947053
While executing 'Script@7 :: Script':
  no 'from.reset' write handler
Rx rate: 469489.51049
While executing 'Script@7 :: Script':
  no 'from.reset' write handler
Rx rate: 473054.945055
While executing 'Script@7 :: Script':
  no 'from.reset' write handler
Rx rate: 475800
While executing 'Script@7 :: Script':
  no 'from.reset' write handler
Rx rate: 479580
While executing 'Script@7 :: Script':
  no 'from.reset' write handler
Rx rate: 456049
While executing 'Script@7 :: Script':
  no 'from.reset' write handler
Rx rate: 485927
While executing 'Script@7 :: Script':
  no 'from.reset' write handler
Rx rate: 485123
While executing 'Script@7 :: Script':
  no 'from.reset' write handler
Rx rate: 481101
While executing 'Script@7 :: Script':
  no 'from.reset' write handler
Rx rate: 480830
While executing 'Script@7 :: Script':
  no 'from.reset' write handler
Rx rate: 486968
While executing 'Script@7 :: Script':
  no 'from.reset' write handler
Rx rate: 480913
While executing 'Script@7 :: Script':
  no 'from.reset' write handler
Rx rate: 471521
While executing 'Script@7 :: Script':
  no 'from.reset' write handler
Rx rate: 472472.527473
While executing 'Script@7 :: Script':
  no 'from.reset' write handler
Rx rate: 474864
While executing 'Script@7 :: Script':
  no 'from.reset' write handler
Rx rate: 477111
While executing 'Script@7 :: Script':
  no 'from.reset' write handler
Rx rate: 473470
While executing 'Script@7 :: Script':
  no 'from.reset' write handler
Rx rate: 475124.875125
While executing 'Script@7 :: Script':
  no 'from.reset' write handler
Rx rate: 472507.984032
While executing 'Script@7 :: Script':
  no 'from.reset' write handler
Rx rate: 466563.436563
While executing 'Script@7 :: Script':
  no 'from.reset' write handler
Rx rate: 473725.274725
While executing 'Script@7 :: Script':
  no 'from.reset' write handler
Rx rate: 475755
While executing 'Script@7 :: Script':
  no 'from.reset' write handler
Rx rate: 469459
While executing 'Script@7 :: Script':
  no 'from.reset' write handler
Rx rate: 475171
While executing 'Script@7 :: Script':
  no 'from.reset' write handler
Rx rate: 465200.799201
While executing 'Script@7 :: Script':
  no 'from.reset' write handler
Rx rate: 470724.275724
While executing 'Script@7 :: Script':
  no 'from.reset' write handler
Rx rate: 469921.157685
While executing 'Script@7 :: Script':
  no 'from.reset' write handler
Rx rate: 469701
While executing 'Script@7 :: Script':
  no 'from.reset' write handler
Rx rate: 469521
While executing 'Script@7 :: Script':
  no 'from.reset' write handler
Rx rate: 470400.599401
While executing 'Script@7 :: Script':
  no 'from.reset' write handler
Rx rate: 476090
While executing 'Script@7 :: Script':
  no 'from.reset' write handler
Rx rate: 480104
While executing 'Script@7 :: Script':
  no 'from.reset' write handler
Rx rate: 467602.794411
While executing 'Script@7 :: Script':
  no 'from.reset' write handler
Rx rate: 470401
While executing 'Script@7 :: Script':
  no 'from.reset' write handler
Rx rate: 472882
While executing 'Script@7 :: Script':
  no 'from.reset' write handler
Rx rate: 451135
While executing 'Script@7 :: Script':
  no 'from.reset' write handler
Rx rate: 474063
While executing 'Script@7 :: Script':
  no 'from.reset' write handler
Rx rate: 479492.507493
While executing 'Script@7 :: Script':
  no 'from.reset' write handler
Rx rate: 468654
While executing 'Script@7 :: Script':
  no 'from.reset' write handler
Rx rate: 471679
While executing 'Script@7 :: Script':
  no 'from.reset' write handler
Rx rate: 467354.291417
While executing 'Script@7 :: Script':
  no 'from.reset' write handler
Rx rate: 476143.856144
While executing 'Script@7 :: Script':
  no 'from.reset' write handler
Rx rate: 468434
While executing 'Script@7 :: Script':
  no 'from.reset' write handler
Rx rate: 476156.843157
While executing 'Script@7 :: Script':
  no 'from.reset' write handler
Rx rate: 478754.245754
While executing 'Script@7 :: Script':
  no 'from.reset' write handler
Rx rate: 474307
While executing 'Script@7 :: Script':
  no 'from.reset' write handler
Rx rate: 474649
While executing 'Script@7 :: Script':
  no 'from.reset' write handler
Rx rate: 471720
While executing 'Script@7 :: Script':
  no 'from.reset' write handler
Rx rate: 478922.922923
While executing 'Script@7 :: Script':
  no 'from.reset' write handler
Rx rate: 470945.891784
While executing 'Script@7 :: Script':
  no 'from.reset' write handler
Rx rate: 467823
While executing 'Script@7 :: Script':
  no 'from.reset' write handler
Rx rate: 469383.616384
While executing 'Script@7 :: Script':
  no 'from.reset' write handler
Rx rate: 470165
While executing 'Script@7 :: Script':
  no 'from.reset' write handler
Rx rate: 473255.489022
While executing 'Script@7 :: Script':
  no 'from.reset' write handler
Rx rate: 475798
While executing 'Script@7 :: Script':
  no 'from.reset' write handler
Rx rate: 468909
While executing 'Script@7 :: Script':
  no 'from.reset' write handler
Rx rate: 469378
While executing 'Script@7 :: Script':
  no 'from.reset' write handler
Rx rate: 478047
While executing 'Script@7 :: Script':
  no 'from.reset' write handler
Rx rate: 472387
While executing 'Script@7 :: Script':
  no 'from.reset' write handler
Rx rate: 470806.193806
While executing 'Script@7 :: Script':
  no 'from.reset' write handler
Rx rate: 471374
While executing 'Script@7 :: Script':
  no 'from.reset' write handler
Rx rate: 473795
While executing 'Script@7 :: Script':
  no 'from.reset' write handler
Rx rate: 474379
While executing 'Script@7 :: Script':
  no 'from.reset' write handler
Rx rate: 481001
While executing 'Script@7 :: Script':
  no 'from.reset' write handler
Rx rate: 475666
While executing 'Script@7 :: Script':
  no 'from.reset' write handler
Rx rate: 443523.952096
While executing 'Script@7 :: Script':
  no 'from.reset' write handler
Rx rate: 466778.221778
While executing 'Script@7 :: Script':
  no 'from.reset' write handler
Rx rate: 469514
While executing 'Script@7 :: Script':
  no 'from.reset' write handler
Rx rate: 472886
While executing 'Script@7 :: Script':
  no 'from.reset' write handler
Rx rate: 476004
While executing 'Script@7 :: Script':
  no 'from.reset' write handler
Rx rate: 473863.273453
While executing 'Script@7 :: Script':
  no 'from.reset' write handler
Rx rate: 470882.117882
While executing 'Script@7 :: Script':
  no 'from.reset' write handler
Rx rate: 475720
While executing 'Script@7 :: Script':
  no 'from.reset' write handler
Rx rate: 473917
While executing 'Script@7 :: Script':
  no 'from.reset' write handler
Rx rate: 471795
While executing 'Script@7 :: Script':
  no 'from.reset' write handler
Rx rate: 471817
While executing 'Script@7 :: Script':
  no 'from.reset' write handler
Rx rate: 476354
While executing 'Script@7 :: Script':
  no 'from.reset' write handler
Rx rate: 478244
While executing 'Script@7 :: Script':
  no 'from.reset' write handler
Rx rate: 486644
While executing 'Script@7 :: Script':
  no 'from.reset' write handler
Rx rate: 487727.272727
While executing 'Script@7 :: Script':
  no 'from.reset' write handler
Rx rate: 479917
While executing 'Script@7 :: Script':
  no 'from.reset' write handler
Rx rate: 462855.144855
While executing 'Script@7 :: Script':
  no 'from.reset' write handler
Rx rate: 470661
While executing 'Script@7 :: Script':
  no 'from.reset' write handler
Rx rate: 479295
While executing 'Script@7 :: Script':
  no 'from.reset' write handler
Rx rate: 473758.241758
While executing 'Script@7 :: Script':
  no 'from.reset' write handler
Rx rate: 466675
While executing 'Script@7 :: Script':
  no 'from.reset' write handler
Rx rate: 483518.481518
While executing 'Script@7 :: Script':
  no 'from.reset' write handler
Rx rate: 481842
While executing 'Script@7 :: Script':
  no 'from.reset' write handler
Rx rate: 478651
While executing 'Script@7 :: Script':
  no 'from.reset' write handler
Rx rate: 483681.318681
While executing 'Script@7 :: Script':
  no 'from.reset' write handler
Rx rate: 484304
While executing 'Script@7 :: Script':
  no 'from.reset' write handler
Rx rate: 470811
While executing 'Script@7 :: Script':
  no 'from.reset' write handler
Rx rate: 476992
While executing 'Script@7 :: Script':
  no 'from.reset' write handler
Rx rate: 481754
While executing 'Script@7 :: Script':
  no 'from.reset' write handler
Rx rate: 481586.413586
While executing 'Script@7 :: Script':
  no 'from.reset' write handler
Rx rate: 459555.444555
While executing 'Script@7 :: Script':
  no 'from.reset' write handler
Rx rate: 474266
While executing 'Script@7 :: Script':
  no 'from.reset' write handler
Rx rate: 475639
While executing 'Script@7 :: Script':
  no 'from.reset' write handler
Rx rate: 473012
While executing 'Script@7 :: Script':
  no 'from.reset' write handler
Rx rate: 467462
While executing 'Script@7 :: Script':
  no 'from.reset' write handler
Rx rate: 472920
While executing 'Script@7 :: Script':
  no 'from.reset' write handler
Rx rate: 479241
While executing 'Script@7 :: Script':
  no 'from.reset' write handler
Rx rate: 480926.073926
While executing 'Script@7 :: Script':
  no 'from.reset' write handler
Rx rate: 483409
While executing 'Script@7 :: Script':
  no 'from.reset' write handler
Rx rate: 485166.666667
While executing 'Script@7 :: Script':
  no 'from.reset' write handler
Rx rate: 484556.443556
While executing 'Script@7 :: Script':
  no 'from.reset' write handler
Rx rate: 481175
While executing 'Script@7 :: Script':
  no 'from.reset' write handler
Rx rate: 470061
While executing 'Script@7 :: Script':
  no 'from.reset' write handler
Rx rate: 479471
While executing 'Script@7 :: Script':
  no 'from.reset' write handler
Rx rate: 471202.202202
While executing 'Script@7 :: Script':
  no 'from.reset' write handler
AUTOTEST_DONE
