Startup trace (nsec): main: 381809863188
Startup trace (nsec): init done: 381811196575
Rx rate: 0
While executing 'Script@7 :: Script':
  no 'from.reset' write handler
Rx rate: 846623.655914
While executing 'Script@7 :: Script':
  no 'from.reset' write handler
Rx rate: 851917
While executing 'Script@7 :: Script':
  no 'from.reset' write handler
Rx rate: 853841.158841
While executing 'Script@7 :: Script':
  no 'from.reset' write handler
Rx rate: 852228.542914
While executing 'Script@7 :: Script':
  no 'from.reset' write handler
Rx rate: 853716.566866
While executing 'Script@7 :: Script':
  no 'from.reset' write handler
Rx rate: 855392.607393
While executing 'Script@7 :: Script':
  no 'from.reset' write handler
Rx rate: 853456.543457
While executing 'Script@7 :: Script':
  no 'from.reset' write handler
Rx rate: 852237
While executing 'Script@7 :: Script':
  no 'from.reset' write handler
Rx rate: 853012
While executing 'Script@7 :: Script':
  no 'from.reset' write handler
Rx rate: 856736.526946
While executing 'Script@7 :: Script':
  no 'from.reset' write handler
Rx rate: 847934.934935
While executing 'Script@7 :: Script':
  no 'from.reset' write handler
Rx rate: 855736
While executing 'Script@7 :: Script':
  no 'from.reset' write handler
Rx rate: 854181
While executing 'Script@7 :: Script':
  no 'from.reset' write handler
Rx rate: 852494
While executing 'Script@7 :: Script':
  no 'from.reset' write handler
Rx rate: 856199
While executing 'Script@7 :: Script':
  no 'from.reset' write handler
Rx rate: 849738
While executing 'Script@7 :: Script':
  no 'from.reset' write handler
Rx rate: 809633
While executing 'Script@7 :: Script':
  no 'from.reset' write handler
Rx rate: 849000
While executing 'Script@7 :: Script':
  no 'from.reset' write handler
Rx rate: 850553
While executing 'Script@7 :: Script':
  no 'from.reset' write handler
Rx rate: 853660
While executing 'Script@7 :: Script':
  no 'from.reset' write handler
Rx rate: 852624
While executing 'Script@7 :: Script':
  no 'from.reset' write handler
Rx rate: 855538
While executing 'Script@7 :: Script':
  no 'from.reset' write handler
Rx rate: 864278
While executing 'Script@7 :: Script':
  no 'from.reset' write handler
Rx rate: 855290
While executing 'Script@7 :: Script':
  no 'from.reset' write handler
Rx rate: 845582
While executing 'Script@7 :: Script':
  no 'from.reset' write handler
Rx rate: 860522
While executing 'Script@7 :: Script':
  no 'from.reset' write handler
Rx rate: 857597
While executing 'Script@7 :: Script':
  no 'from.reset' write handler
Rx rate: 847964
While executing 'Script@7 :: Script':
  no 'from.reset' write handler
Rx rate: 859357
While executing 'Script@7 :: Script':
  no 'from.reset' write handler
Rx rate: 853142
While executing 'Script@7 :: Script':
  no 'from.reset' write handler
Rx rate: 857980.01998
While executing 'Script@7 :: Script':
  no 'from.reset' write handler
Rx rate: 863154
While executing 'Script@7 :: Script':
  no 'from.reset' write handler
Rx rate: 854954
While executing 'Script@7 :: Script':
  no 'from.reset' write handler
Rx rate: 853347
While executing 'Script@7 :: Script':
  no 'from.reset' write handler
Rx rate: 863089
While executing 'Script@7 :: Script':
  no 'from.reset' write handler
Rx rate: 861089.91009
While executing 'Script@7 :: Script':
  no 'from.reset' write handler
Rx rate: 852357
While executing 'Script@7 :: Script':
  no 'from.reset' write handler
Rx rate: 858837
While executing 'Script@7 :: Script':
  no 'from.reset' write handler
Rx rate: 853919
While executing 'Script@7 :: Script':
  no 'from.reset' write handler
Rx rate: 866262.737263
While executing 'Script@7 :: Script':
  no 'from.reset' write handler
Rx rate: 877934.131737
While executing 'Script@7 :: Script':
  no 'from.reset' write handler
Rx rate: 865593
While executing 'Script@7 :: Script':
  no 'from.reset' write handler
Rx rate: 863929.070929
While executing 'Script@7 :: Script':
  no 'from.reset' write handler
Rx rate: 856454
While executing 'Script@7 :: Script':
  no 'from.reset' write handler
Rx rate: 851989
While executing 'Script@7 :: Script':
  no 'from.reset' write handler
Rx rate: 857549
While executing 'Script@7 :: Script':
  no 'from.reset' write handler
Rx rate: 843882.117882
While executing 'Script@7 :: Script':
  no 'from.reset' write handler
Rx rate: 843302
While executing 'Script@7 :: Script':
  no 'from.reset' write handler
Rx rate: 850033
While executing 'Script@7 :: Script':
  no 'from.reset' write handler
Rx rate: 856942.057942
While executing 'Script@7 :: Script':
  no 'from.reset' write handler
Rx rate: 860783
While executing 'Script@7 :: Script':
  no 'from.reset' write handler
Rx rate: 854655.344655
While executing 'Script@7 :: Script':
  no 'from.reset' write handler
Rx rate: 859357
While executing 'Script@7 :: Script':
  no 'from.reset' write handler
Rx rate: 856234
While executing 'Script@7 :: Script':
  no 'from.reset' write handler
Rx rate: 859795.204795
While executing 'Script@7 :: Script':
  no 'from.reset' write handler
Rx rate: 865314
While executing 'Script@7 :: Script':
  no 'from.reset' write handler
Rx rate: 860867
While executing 'Script@7 :: Script':
  no 'from.reset' write handler
Rx rate: 857802
While executing 'Script@7 :: Script':
  no 'from.reset' write handler
Rx rate: 858835
While executing 'Script@7 :: Script':
  no 'from.reset' write handler
Rx rate: 852365
While executing 'Script@7 :: Script':
  no 'from.reset' write handler
Rx rate: 854284.431138
While executing 'Script@7 :: Script':
  no 'from.reset' write handler
Rx rate: 851950.04995
While executing 'Script@7 :: Script':
  no 'from.reset' write handler
Rx rate: 859614
While executing 'Script@7 :: Script':
  no 'from.reset' write handler
Rx rate: 855682
While executing 'Script@7 :: Script':
  no 'from.reset' write handler
Rx rate: 853534.465534
While executing 'Script@7 :: Script':
  no 'from.reset' write handler
Rx rate: 851069
While executing 'Script@7 :: Script':
  no 'from.reset' write handler
Rx rate: 860133
While executing 'Script@7 :: Script':
  no 'from.reset' write handler
Rx rate: 855001.994018
While executing 'Script@7 :: Script':
  no 'from.reset' write handler
Rx rate: 858322
While executing 'Script@7 :: Script':
  no 'from.reset' write handler
Rx rate: 851513.486513
While executing 'Script@7 :: Script':
  no 'from.reset' write handler
Rx rate: 854694
While executing 'Script@7 :: Script':
  no 'from.reset' write handler
Rx rate: 856172.827173
While executing 'Script@7 :: Script':
  no 'from.reset' write handler
Rx rate: 851769
While executing 'Script@7 :: Script':
  no 'from.reset' write handler
Rx rate: 858171.656687
While executing 'Script@7 :: Script':
  no 'from.reset' write handler
Rx rate: 861900
While executing 'Script@7 :: Script':
  no 'from.reset' write handler
Rx rate: 867390
While executing 'Script@7 :: Script':
  no 'from.reset' write handler
Rx rate: 854957
While executing 'Script@7 :: Script':
  no 'from.reset' write handler
Rx rate: 833050
While executing 'Script@7 :: Script':
  no 'from.reset' write handler
Rx rate: 865577
While executing 'Script@7 :: Script':
  no 'from.reset' write handler
Rx rate: 862985
While executing 'Script@7 :: Script':
  no 'from.reset' write handler
Rx rate: 850423
While executing 'Script@7 :: Script':
  no 'from.reset' write handler
Rx rate: 859230
While executing 'Script@7 :: Script':
  no 'from.reset' write handler
Rx rate: 862511
While executing 'Script@7 :: Script':
  no 'from.reset' write handler
Rx rate: 857885
While executing 'Script@7 :: Script':
  no 'from.reset' write handler
Rx rate: 869671
While executing 'Script@7 :: Script':
  no 'from.reset' write handler
Rx rate: 863031.968032
While executing 'Script@7 :: Script':
  no 'from.reset' write handler
Rx rate: 867907
While executing 'Script@7 :: Script':
  no 'from.reset' write handler
Rx rate: 857490
While executing 'Script@7 :: Script':
  no 'from.reset' write handler
Rx rate: 852679.320679
While executing 'Script@7 :: Script':
  no 'from.reset' write handler
Rx rate: 859878
While executing 'Script@7 :: Script':
  no 'from.reset' write handler
Rx rate: 855734
While executing 'Script@7 :: Script':
  no 'from.reset' write handler
Rx rate: 866262.737263
While executing 'Script@7 :: Script':
  no 'from.reset' write handler
Rx rate: 856150
While executing 'Script@7 :: Script':
  no 'from.reset' write handler
Rx rate: 852347
While executing 'Script@7 :: Script':
  no 'from.reset' write handler
Rx rate: 858897
While executing 'Script@7 :: Script':
  no 'from.reset' write handler
Rx rate: 853065.934066
While executing 'Script@7 :: Script':
  no 'from.reset' write handler
Rx rate: 855394.605395
While executing 'Script@7 :: Script':
  no 'from.reset' write handler
Rx rate: 849407
While executing 'Script@7 :: Script':
  no 'from.reset' write handler
Rx rate: 853400
While executing 'Script@7 :: Script':
  no 'from.reset' write handler
Rx rate: 854180
While executing 'Script@7 :: Script':
  no 'from.reset' write handler
Rx rate: 861170
While executing 'Script@7 :: Script':
  no 'from.reset' write handler
Rx rate: 862978
While executing 'Script@7 :: Script':
  no 'from.reset' write handler
Rx rate: 856730
While executing 'Script@7 :: Script':
  no 'from.reset' write handler
Rx rate: 855102.897103
While executing 'Script@7 :: Script':
  no 'from.reset' write handler
Rx rate: 850301
While executing 'Script@7 :: Script':
  no 'from.reset' write handler
Rx rate: 858581
While executing 'Script@7 :: Script':
  no 'from.reset' write handler
Rx rate: 852473.053892
While executing 'Script@7 :: Script':
  no 'from.reset' write handler
Rx rate: 812309
While executing 'Script@7 :: Script':
  no 'from.reset' write handler
Rx rate: 847187
While executing 'Script@7 :: Script':
  no 'from.reset' write handler
Rx rate: 855394.605395
While executing 'Script@7 :: Script':
  no 'from.reset' write handler
Rx rate: 847705
While executing 'Script@7 :: Script':
  no 'from.reset' write handler
Rx rate: 862726
While executing 'Script@7 :: Script':
  no 'from.reset' write handler
Rx rate: 869699.900299
While executing 'Script@7 :: Script':
  no 'from.reset' write handler
Rx rate: 852452
While executing 'Script@7 :: Script':
  no 'from.reset' write handler
Rx rate: 848290.419162
While executing 'Script@7 :: Script':
  no 'from.reset' write handler
Rx rate: 854358.641359
While executing 'Script@7 :: Script':
  no 'from.reset' write handler
Rx rate: 853914
While executing 'Script@7 :: Script':
  no 'from.reset' write handler
Rx rate: 855213
While executing 'Script@7 :: Script':
  no 'from.reset' write handler
Rx rate: 854650
While executing 'Script@7 :: Script':
  no 'from.reset' write handler
Rx rate: 857383.233533
While executing 'Script@7 :: Script':
  no 'from.reset' write handler
Rx rate: 858065
While executing 'Script@7 :: Script':
  no 'from.reset' write handler
Rx rate: 852623
While executing 'Script@7 :: Script':
  no 'from.reset' write handler
Rx rate: 851254.745255
While executing 'Script@7 :: Script':
  no 'from.reset' write handler
Rx rate: 849449
While executing 'Script@7 :: Script':
  no 'from.reset' write handler
Rx rate: 855819
While executing 'Script@7 :: Script':
  no 'from.reset' write handler
Rx rate: 860184.815185
While executing 'Script@7 :: Script':
  no 'from.reset' write handler
Rx rate: 857286
While executing 'Script@7 :: Script':
  no 'from.reset' write handler
Rx rate: 867818.181818
While executing 'Script@7 :: Script':
  no 'from.reset' write handler
Rx rate: 862496
While executing 'Script@7 :: Script':
  no 'from.reset' write handler
Rx rate: 861086.913087
While executing 'Script@7 :: Script':
  no 'from.reset' write handler
Rx rate: 854694
While executing 'Script@7 :: Script':
  no 'from.reset' write handler
Rx rate: 860391
While executing 'Script@7 :: Script':
  no 'from.reset' write handler
Rx rate: 857540
While executing 'Script@7 :: Script':
  no 'from.reset' write handler
Rx rate: 848718
While executing 'Script@7 :: Script':
  no 'from.reset' write handler
Rx rate: 864458
While executing 'Script@7 :: Script':
  no 'from.reset' write handler
Rx rate: 860310.689311
While executing 'Script@7 :: Script':
  no 'from.reset' write handler
Rx rate: 854048
While executing 'Script@7 :: Script':
  no 'from.reset' write handler
Rx rate: 806396
While executing 'Script@7 :: Script':
  no 'from.reset' write handler
Rx rate: 856505
While executing 'Script@7 :: Script':
  no 'from.reset' write handler
Rx rate: 858325
While executing 'Script@7 :: Script':
  no 'from.reset' write handler
Rx rate: 855087
While executing 'Script@7 :: Script':
  no 'from.reset' write handler
Rx rate: 854829
While executing 'Script@7 :: Script':
  no 'from.reset' write handler
Rx rate: 852291.708292
While executing 'Script@7 :: Script':
  no 'from.reset' write handler
Rx rate: 846161
While executing 'Script@7 :: Script':
  no 'from.reset' write handler
Rx rate: 853004.99002
While executing 'Script@7 :: Script':
  no 'from.reset' write handler
Rx rate: 847186
While executing 'Script@7 :: Script':
  no 'from.reset' write handler
Rx rate: 859873
While executing 'Script@7 :: Script':
  no 'from.reset' write handler
Rx rate: 861171
While executing 'Script@7 :: Script':
  no 'from.reset' write handler
Rx rate: 851048.902196
While executing 'Script@7 :: Script':
  no 'from.reset' write handler
Rx rate: 855472
While executing 'Script@7 :: Script':
  no 'from.reset' write handler
Rx rate: 854024.9501
While executing 'Script@7 :: Script':
  no 'from.reset' write handler
Rx rate: 854436
While executing 'Script@7 :: Script':
  no 'from.reset' write handler
Rx rate: 857206.793207
While executing 'Script@7 :: Script':
  no 'from.reset' write handler
Rx rate: 851530
While executing 'Script@7 :: Script':
  no 'from.reset' write handler
Rx rate: 853247
While executing 'Script@7 :: Script':
  no 'from.reset' write handler
Rx rate: 855736
While executing 'Script@7 :: Script':
  no 'from.reset' write handler
Rx rate: 861174
While executing 'Script@7 :: Script':
  no 'from.reset' write handler
Rx rate: 865318
While executing 'Script@7 :: Script':
  no 'from.reset' write handler
Rx rate: 856510
While executing 'Script@7 :: Script':
  no 'from.reset' write handler
Rx rate: 856452
While executing 'Script@7 :: Script':
  no 'from.reset' write handler
Rx rate: 850814
While executing 'Script@7 :: Script':
  no 'from.reset' write handler
Rx rate: 853321.678322
While executing 'Script@7 :: Script':
  no 'from.reset' write handler
Rx rate: 860393
While executing 'Script@7 :: Script':
  no 'from.reset' write handler
Rx rate: 852755.244755
While executing 'Script@7 :: Script':
  no 'from.reset' write handler
Rx rate: 845703
While executing 'Script@7 :: Script':
  no 'from.reset' write handler
Rx rate: 851068
While executing 'Script@7 :: Script':
  no 'from.reset' write handler
Rx rate: 868425
While executing 'Script@7 :: Script':
  no 'from.reset' write handler
Rx rate: 830300.699301
While executing 'Script@7 :: Script':
  no 'from.reset' write handler
Rx rate: 866354
While executing 'Script@7 :: Script':
  no 'from.reset' write handler
Rx rate: 870061
While executing 'Script@7 :: Script':
  no 'from.reset' write handler
Rx rate: 854955
While executing 'Script@7 :: Script':
  no 'from.reset' write handler
Rx rate: 856560.43956
While executing 'Script@7 :: Script':
  no 'from.reset' write handler
Rx rate: 854823
While executing 'Script@7 :: Script':
  no 'from.reset' write handler
Rx rate: 848500
While executing 'Script@7 :: Script':
  no 'from.reset' write handler
Rx rate: 848910
While executing 'Script@7 :: Script':
  no 'from.reset' write handler
Rx rate: 851071
While executing 'Script@7 :: Script':
  no 'from.reset' write handler
Rx rate: 861816
While executing 'Script@7 :: Script':
  no 'from.reset' write handler
Rx rate: 848410.589411
While executing 'Script@7 :: Script':
  no 'from.reset' write handler
Rx rate: 863377
While executing 'Script@7 :: Script':
  no 'from.reset' write handler
Rx rate: 855218
While executing 'Script@7 :: Script':
  no 'from.reset' write handler
Rx rate: 857283
While executing 'Script@7 :: Script':
  no 'from.reset' write handler
Rx rate: 853142
While executing 'Script@7 :: Script':
  no 'from.reset' write handler
AUTOTEST_DONE
