Startup trace (nsec): main: 195352804731
Startup trace (nsec): init done: 195355176812
Rx rate: 0
While executing 'Script@7 :: Script':
  no 'from.reset' write handler
Rx rate: 869370.629371
While executing 'Script@7 :: Script':
  no 'from.reset' write handler
Rx rate: 859336
While executing 'Script@7 :: Script':
  no 'from.reset' write handler
Rx rate: 864955.134596
While executing 'Script@7 :: Script':
  no 'from.reset' write handler
Rx rate: 862901.098901
While executing 'Script@7 :: Script':
  no 'from.reset' write handler
Rx rate: 868335.664336
While executing 'Script@7 :: Script':
  no 'from.reset' write handler
Rx rate: 876057.768924
While executing 'Script@7 :: Script':
  no 'from.reset' write handler
Rx rate: 873116.883117
While executing 'Script@7 :: Script':
  no 'from.reset' write handler
Rx rate: 860440.559441
While executing 'Script@7 :: Script':
  no 'from.reset' write handler
Rx rate: 871663
While executing 'Script@7 :: Script':
  no 'from.reset' write handler
Rx rate: 863028.971029
While executing 'Script@7 :: Script':
  no 'from.reset' write handler
Rx rate: 861561
While executing 'Script@7 :: Script':
  no 'from.reset' write handler
Rx rate: 864808.383234
While executing 'Script@7 :: Script':
  no 'from.reset' write handler
Rx rate: 862303
While executing 'Script@7 :: Script':
  no 'from.reset' write handler
Rx rate: 862766.233766
While executing 'Script@7 :: Script':
  no 'from.reset' write handler
Rx rate: 862685.628743
While executing 'Script@7 :: Script':
  no 'from.reset' write handler
Rx rate: 864409
While executing 'Script@7 :: Script':
  no 'from.reset' write handler
Rx rate: 856358
While executing 'Script@7 :: Script':
  no 'from.reset' write handler
Rx rate: 854959
While executing 'Script@7 :: Script':
  no 'from.reset' write handler
Rx rate: 854801.397206
While executing 'Script@7 :: Script':
  no 'from.reset' write handler
Rx rate: 855449.101796
While executing 'Script@7 :: Script':
  no 'from.reset' write handler
Rx rate: 856933
While executing 'Script@7 :: Script':
  no 'from.reset' write handler
Rx rate: 827584
While executing 'Script@7 :: Script':
  no 'from.reset' write handler
Rx rate: 862987
While executing 'Script@7 :: Script':
  no 'from.reset' write handler
Rx rate: 859225
While executing 'Script@7 :: Script':
  no 'from.reset' write handler
Rx rate: 867126
While executing 'Script@7 :: Script':
  no 'from.reset' write handler
Rx rate: 856506
While executing 'Script@7 :: Script':
  no 'from.reset' write handler
Rx rate: 856182.817183
While executing 'Script@7 :: Script':
  no 'from.reset' write handler
Rx rate: 859101
While executing 'Script@7 :: Script':
  no 'from.reset' write handler
Rx rate: 860227.54491
While executing 'Script@7 :: Script':
  no 'from.reset' write handler
Rx rate: 857283
While executing 'Script@7 :: Script':
  no 'from.reset' write handler
Rx rate: 860832
While executing 'Script@7 :: Script':
  no 'from.reset' write handler
Rx rate: 856133
While executing 'Script@7 :: Script':
  no 'from.reset' write handler
Rx rate: 857031
While executing 'Script@7 :: Script':
  no 'from.reset' write handler
Rx rate: 864179
While executing 'Script@7 :: Script':
  no 'from.reset' write handler
Rx rate: 870755
While executing 'Script@7 :: Script':
  no 'from.reset' write handler
Rx rate: 869070
While executing 'Script@7 :: Script':
  no 'from.reset' write handler
Rx rate: 861402.597403
While executing 'Script@7 :: Script':
  no 'from.reset' write handler
Rx rate: 855475
While executing 'Script@7 :: Script':
  no 'from.reset' write handler
Rx rate: 860828.171828
While executing 'Script@7 :: Script':
  no 'from.reset' write handler
Rx rate: 864282
While executing 'Script@7 :: Script':
  no 'from.reset' write handler
Rx rate: 860255
While executing 'Script@7 :: Script':
  no 'from.reset' write handler
Rx rate: 857755
While executing 'Script@7 :: Script':
  no 'from.reset' write handler
Rx rate: 862986
While executing 'Script@7 :: Script':
  no 'from.reset' write handler
Rx rate: 851341.317365
While executing 'Script@7 :: Script':
  no 'from.reset' write handler
Rx rate: 862208
While executing 'Script@7 :: Script':
  no 'from.reset' write handler
Rx rate: 863756
While executing 'Script@7 :: Script':
  no 'from.reset' write handler
Rx rate: 852362
While executing 'Script@7 :: Script':
  no 'from.reset' write handler
Rx rate: 865977
While executing 'Script@7 :: Script':
  no 'from.reset' write handler
Rx rate: 867387
While executing 'Script@7 :: Script':
  no 'from.reset' write handler
Rx rate: 864452.547453
While executing 'Script@7 :: Script':
  no 'from.reset' write handler
Rx rate: 849393.606394
While executing 'Script@7 :: Script':
  no 'from.reset' write handler
Rx rate: 816444
While executing 'Script@7 :: Script':
  no 'from.reset' write handler
Rx rate: 857677
While executing 'Script@7 :: Script':
  no 'from.reset' write handler
Rx rate: 856958
While executing 'Script@7 :: Script':
  no 'from.reset' write handler
Rx rate: 851847
While executing 'Script@7 :: Script':
  no 'from.reset' write handler
Rx rate: 854620.37962
While executing 'Script@7 :: Script':
  no 'from.reset' write handler
Rx rate: 865138.722555
While executing 'Script@7 :: Script':
  no 'from.reset' write handler
Rx rate: 856555
While executing 'Script@7 :: Script':
  no 'from.reset' write handler
Rx rate: 860311.688312
While executing 'Script@7 :: Script':
  no 'from.reset' write handler
Rx rate: 872051
While executing 'Script@7 :: Script':
  no 'from.reset' write handler
Rx rate: 873708
While executing 'Script@7 :: Script':
  no 'from.reset' write handler
Rx rate: 847731
While executing 'Script@7 :: Script':
  no 'from.reset' write handler
Rx rate: 856170.829171
While executing 'Script@7 :: Script':
  no 'from.reset' write handler
Rx rate: 861260.479042
While executing 'Script@7 :: Script':
  no 'from.reset' write handler
Rx rate: 853422
While executing 'Script@7 :: Script':
  no 'from.reset' write handler
Rx rate: 857029
While executing 'Script@7 :: Script':
  no 'from.reset' write handler
Rx rate: 864280
While executing 'Script@7 :: Script':
  no 'from.reset' write handler
Rx rate: 862882.117882
While executing 'Script@7 :: Script':
  no 'from.reset' write handler
Rx rate: 859618
While executing 'Script@7 :: Script':
  no 'from.reset' write handler
Rx rate: 858499.5005
While executing 'Script@7 :: Script':
  no 'from.reset' write handler
Rx rate: 858790
While executing 'Script@7 :: Script':
  no 'from.reset' write handler
Rx rate: 860151
While executing 'Script@7 :: Script':
  no 'from.reset' write handler
Rx rate: 867647
While executing 'Script@7 :: Script':
  no 'from.reset' write handler
Rx rate: 858067
While executing 'Script@7 :: Script':
  no 'from.reset' write handler
Rx rate: 858259.74026
While executing 'Script@7 :: Script':
  no 'from.reset' write handler
Rx rate: 863763
While executing 'Script@7 :: Script':
  no 'from.reset' write handler
Rx rate: 865487.512488
While executing 'Script@7 :: Script':
  no 'from.reset' write handler
Rx rate: 860121
While executing 'Script@7 :: Script':
  no 'from.reset' write handler
Rx rate: 866262.737263
While executing 'Script@7 :: Script':
  no 'from.reset' write handler
Rx rate: 866094
While executing 'Script@7 :: Script':
  no 'from.reset' write handler
Rx rate: 859144.710579
While executing 'Script@7 :: Script':
  no 'from.reset' write handler
Rx rate: 851073.926074
While executing 'Script@7 :: Script':
  no 'from.reset' write handler
Rx rate: 830613
While executing 'Script@7 :: Script':
  no 'from.reset' write handler
Rx rate: 865057
While executing 'Script@7 :: Script':
  no 'from.reset' write handler
Rx rate: 856058
While executing 'Script@7 :: Script':
  no 'from.reset' write handler
Rx rate: 861172
While executing 'Script@7 :: Script':
  no 'from.reset' write handler
Rx rate: 855598
While executing 'Script@7 :: Script':
  no 'from.reset' write handler
Rx rate: 860785
While executing 'Script@7 :: Script':
  no 'from.reset' write handler
Rx rate: 861716.283716
While executing 'Script@7 :: Script':
  no 'from.reset' write handler
Rx rate: 856766
While executing 'Script@7 :: Script':
  no 'from.reset' write handler
Rx rate: 858354.935194
While executing 'Script@7 :: Script':
  no 'from.reset' write handler
Rx rate: 853351
While executing 'Script@7 :: Script':
  no 'from.reset' write handler
Rx rate: 861949
While executing 'Script@7 :: Script':
  no 'from.reset' write handler
Rx rate: 859273.726274
While executing 'Script@7 :: Script':
  no 'from.reset' write handler
Rx rate: 858748
While executing 'Script@7 :: Script':
  no 'from.reset' write handler
Rx rate: 859794.205794
While executing 'Script@7 :: Script':
  no 'from.reset' write handler
Rx rate: 865311
While executing 'Script@7 :: Script':
  no 'from.reset' write handler
Rx rate: 865832
While executing 'Script@7 :: Script':
  no 'from.reset' write handler
Rx rate: 872152.694611
While executing 'Script@7 :: Script':
  no 'from.reset' write handler
Rx rate: 879044
While executing 'Script@7 :: Script':
  no 'from.reset' write handler
Rx rate: 867707
While executing 'Script@7 :: Script':
  no 'from.reset' write handler
Rx rate: 864489
While executing 'Script@7 :: Script':
  no 'from.reset' write handler
Rx rate: 860397
While executing 'Script@7 :: Script':
  no 'from.reset' write handler
Rx rate: 857804
While executing 'Script@7 :: Script':
  no 'from.reset' write handler
Rx rate: 853400
While executing 'Script@7 :: Script':
  no 'from.reset' write handler
Rx rate: 854855
While executing 'Script@7 :: Script':
  no 'from.reset' write handler
Rx rate: 865831
While executing 'Script@7 :: Script':
  no 'from.reset' write handler
Rx rate: 863761
While executing 'Script@7 :: Script':
  no 'from.reset' write handler
Rx rate: 857896.207585
While executing 'Script@7 :: Script':
  no 'from.reset' write handler
Rx rate: 861080.919081
While executing 'Script@7 :: Script':
  no 'from.reset' write handler
Rx rate: 850467.532468
While executing 'Script@7 :: Script':
  no 'from.reset' write handler
Rx rate: 855290
While executing 'Script@7 :: Script':
  no 'from.reset' write handler
Rx rate: 810409
While executing 'Script@7 :: Script':
  no 'from.reset' write handler
Rx rate: 855651.348651
While executing 'Script@7 :: Script':
  no 'from.reset' write handler
Rx rate: 876584
While executing 'Script@7 :: Script':
  no 'from.reset' write handler
Rx rate: 861592.407592
While executing 'Script@7 :: Script':
  no 'from.reset' write handler
Rx rate: 856253
While executing 'Script@7 :: Script':
  no 'from.reset' write handler
Rx rate: 850293
While executing 'Script@7 :: Script':
  no 'from.reset' write handler
Rx rate: 860437.562438
While executing 'Script@7 :: Script':
  no 'from.reset' write handler
Rx rate: 859327
While executing 'Script@7 :: Script':
  no 'from.reset' write handler
Rx rate: 856305.694306
While executing 'Script@7 :: Script':
  no 'from.reset' write handler
Rx rate: 861696
While executing 'Script@7 :: Script':
  no 'from.reset' write handler
Rx rate: 859713.572854
While executing 'Script@7 :: Script':
  no 'from.reset' write handler
Rx rate: 861686
While executing 'Script@7 :: Script':
  no 'from.reset' write handler
Rx rate: 863241
While executing 'Script@7 :: Script':
  no 'from.reset' write handler
Rx rate: 856404
While executing 'Script@7 :: Script':
  no 'from.reset' write handler
Rx rate: 862722
While executing 'Script@7 :: Script':
  no 'from.reset' write handler
Rx rate: 862202
While executing 'Script@7 :: Script':
  no 'from.reset' write handler
Rx rate: 852215.568862
While executing 'Script@7 :: Script':
  no 'from.reset' write handler
Rx rate: 859630
While executing 'Script@7 :: Script':
  no 'from.reset' write handler
Rx rate: 869128.871129
While executing 'Script@7 :: Script':
  no 'from.reset' write handler
Rx rate: 865263
While executing 'Script@7 :: Script':
  no 'from.reset' write handler
Rx rate: 856252
While executing 'Script@7 :: Script':
  no 'from.reset' write handler
Rx rate: 857029
While executing 'Script@7 :: Script':
  no 'from.reset' write handler
Rx rate: 857803
While executing 'Script@7 :: Script':
  no 'from.reset' write handler
Rx rate: 853818
While executing 'Script@7 :: Script':
  no 'from.reset' write handler
Rx rate: 864020
While executing 'Script@7 :: Script':
  no 'from.reset' write handler
Rx rate: 858712
While executing 'Script@7 :: Script':
  no 'from.reset' write handler
Rx rate: 863980.980981
While executing 'Script@7 :: Script':
  no 'from.reset' write handler
Rx rate: 857858
While executing 'Script@7 :: Script':
  no 'from.reset' write handler
Rx rate: 860019
While executing 'Script@7 :: Script':
  no 'from.reset' write handler
Rx rate: 863584
While executing 'Script@7 :: Script':
  no 'from.reset' write handler
Rx rate: 816624
While executing 'Script@7 :: Script':
  no 'from.reset' write handler
Rx rate: 877231
While executing 'Script@7 :: Script':
  no 'from.reset' write handler
Rx rate: 878684.315684
While executing 'Script@7 :: Script':
  no 'from.reset' write handler
Rx rate: 865124.875125
While executing 'Script@7 :: Script':
  no 'from.reset' write handler
Rx rate: 859099
While executing 'Script@7 :: Script':
  no 'from.reset' write handler
Rx rate: 861172
While executing 'Script@7 :: Script':
  no 'from.reset' write handler
Rx rate: 862985
While executing 'Script@7 :: Script':
  no 'from.reset' write handler
Rx rate: 859104.895105
While executing 'Script@7 :: Script':
  no 'from.reset' write handler
Rx rate: 853040.959041
While executing 'Script@7 :: Script':
  no 'from.reset' write handler
Rx rate: 856329
While executing 'Script@7 :: Script':
  no 'from.reset' write handler
Rx rate: 860566.433566
While executing 'Script@7 :: Script':
  no 'from.reset' write handler
Rx rate: 855213
While executing 'Script@7 :: Script':
  no 'from.reset' write handler
Rx rate: 852363
While executing 'Script@7 :: Script':
  no 'from.reset' write handler
Rx rate: 858064
While executing 'Script@7 :: Script':
  no 'from.reset' write handler
Rx rate: 856310
While executing 'Script@7 :: Script':
  no 'from.reset' write handler
Rx rate: 855654.345654
While executing 'Script@7 :: Script':
  no 'from.reset' write handler
Rx rate: 859099
While executing 'Script@7 :: Script':
  no 'from.reset' write handler
Rx rate: 872049
While executing 'Script@7 :: Script':
  no 'from.reset' write handler
Rx rate: 859459.54046
While executing 'Script@7 :: Script':
  no 'from.reset' write handler
Rx rate: 850758
While executing 'Script@7 :: Script':
  no 'from.reset' write handler
Rx rate: 863929.070929
While executing 'Script@7 :: Script':
  no 'from.reset' write handler
Rx rate: 863111
While executing 'Script@7 :: Script':
  no 'from.reset' write handler
Rx rate: 859232
While executing 'Script@7 :: Script':
  no 'from.reset' write handler
Rx rate: 851589
While executing 'Script@7 :: Script':
  no 'from.reset' write handler
Rx rate: 854262.737263
While executing 'Script@7 :: Script':
  no 'from.reset' write handler
Rx rate: 870239
While executing 'Script@7 :: Script':
  no 'from.reset' write handler
Rx rate: 863590.818363
While executing 'Script@7 :: Script':
  no 'from.reset' write handler
Rx rate: 858840
While executing 'Script@7 :: Script':
  no 'from.reset' write handler
Rx rate: 849601
While executing 'Script@7 :: Script':
  no 'from.reset' write handler
Rx rate: 858319
While executing 'Script@7 :: Script':
  no 'from.reset' write handler
Rx rate: 820768
While executing 'Script@7 :: Script':
  no 'from.reset' write handler
Rx rate: 857028
While executing 'Script@7 :: Script':
  no 'from.reset' write handler
Rx rate: 859619
While executing 'Script@7 :: Script':
  no 'from.reset' write handler
Rx rate: 860310.689311
While executing 'Script@7 :: Script':
  no 'from.reset' write handler
Rx rate: 856151
While executing 'Script@7 :: Script':
  no 'from.reset' write handler
Rx rate: 860224.550898
While executing 'Script@7 :: Script':
  no 'from.reset' write handler
Rx rate: 863243
While executing 'Script@7 :: Script':
  no 'from.reset' write handler
Rx rate: 864018
While executing 'Script@7 :: Script':
  no 'from.reset' write handler
Rx rate: 847903.096903
While executing 'Script@7 :: Script':
  no 'from.reset' write handler
Rx rate: 860520
While executing 'Script@7 :: Script':
  no 'from.reset' write handler
AUTOTEST_DONE
