Startup trace (nsec): main: 195365526052
Startup trace (nsec): init done: 195404175540
Rx rate: 0
While executing 'Script@7 :: Script':
  no 'from.reset' write handler
Rx rate: 123621.621622
While executing 'Script@7 :: Script':
  no 'from.reset' write handler
Rx rate: 122706.467662
While executing 'Script@7 :: Script':
  no 'from.reset' write handler
Rx rate: 122024.875622
While executing 'Script@7 :: Script':
  no 'from.reset' write handler
Rx rate: 123838.484546
While executing 'Script@7 :: Script':
  no 'from.reset' write handler
Rx rate: 121422.04568
While executing 'Script@7 :: Script':
  no 'from.reset' write handler
Rx rate: 124185.628743
While executing 'Script@7 :: Script':
  no 'from.reset' write handler
Rx rate: 122307.38523
While executing 'Script@7 :: Script':
  no 'from.reset' write handler
Rx rate: 122206.793207
While executing 'Script@7 :: Script':
  no 'from.reset' write handler
Rx rate: 118709
While executing 'Script@7 :: Script':
  no 'from.reset' write handler
Rx rate: 122655
While executing 'Script@7 :: Script':
  no 'from.reset' write handler
Rx rate: 123614
While executing 'Script@7 :: Script':
  no 'from.reset' write handler
Rx rate: 121796
While executing 'Script@7 :: Script':
  no 'from.reset' write handler
Rx rate: 119888
While executing 'Script@7 :: Script':
  no 'from.reset' write handler
Rx rate: 119295
While executing 'Script@7 :: Script':
  no 'from.reset' write handler
Rx rate: 124668.331668
While executing 'Script@7 :: Script':
  no 'from.reset' write handler
Rx rate: 121691.308691
While executing 'Script@7 :: Script':
  no 'from.reset' write handler
Rx rate: 121486.513487
While executing 'Script@7 :: Script':
  no 'from.reset' write handler
Rx rate: 121537.462537
While executing 'Script@7 :: Script':
  no 'from.reset' write handler
Rx rate: 120307
While executing 'Script@7 :: Script':
  no 'from.reset' write handler
Rx rate: 120924
While executing 'Script@7 :: Script':
  no 'from.reset' write handler
Rx rate: 123024
While executing 'Script@7 :: Script':
  no 'from.reset' write handler
Rx rate: 121677
While executing 'Script@7 :: Script':
  no 'from.reset' write handler
Rx rate: 121353.353353
While executing 'Script@7 :: Script':
  no 'from.reset' write handler
Rx rate: 125174.825175
While executing 'Script@7 :: Script':
  no 'from.reset' write handler
Rx rate: 123198
While executing 'Script@7 :: Script':
  no 'from.reset' write handler
Rx rate: 124746
While executing 'Script@7 :: Script':
  no 'from.reset' write handler
Rx rate: 121412
While executing 'Script@7 :: Script':
  no 'from.reset' write handler
Rx rate: 124951
While executing 'Script@7 :: Script':
  no 'from.reset' write handler
Rx rate: 123436.563437
While executing 'Script@7 :: Script':
  no 'from.reset' write handler
Rx rate: 123612.387612
While executing 'Script@7 :: Script':
  no 'from.reset' write handler
Rx rate: 121410
While executing 'Script@7 :: Script':
  no 'from.reset' write handler
Rx rate: 122158
While executing 'Script@7 :: Script':
  no 'from.reset' write handler
Rx rate: 120891.108891
While executing 'Script@7 :: Script':
  no 'from.reset' write handler
Rx rate: 123903.096903
While executing 'Script@7 :: Script':
  no 'from.reset' write handler
Rx rate: 122964
While executing 'Script@7 :: Script':
  no 'from.reset' write handler
Rx rate: 120916
While executing 'Script@7 :: Script':
  no 'from.reset' write handler
Rx rate: 122661
While executing 'Script@7 :: Script':
  no 'from.reset' write handler
Rx rate: 119833
While executing 'Script@7 :: Script':
  no 'from.reset' write handler
Rx rate: 123503.503504
While executing 'Script@7 :: Script':
  no 'from.reset' write handler
Rx rate: 122390
While executing 'Script@7 :: Script':
  no 'from.reset' write handler
Rx rate: 122387.612388
While executing 'Script@7 :: Script':
  no 'from.reset' write handler
Rx rate: 120811
While executing 'Script@7 :: Script':
  no 'from.reset' write handler
Rx rate: 117937.125749
While executing 'Script@7 :: Script':
  no 'from.reset' write handler
Rx rate: 121119
While executing 'Script@7 :: Script':
  no 'from.reset' write handler
Rx rate: 122035
While executing 'Script@7 :: Script':
  no 'from.reset' write handler
Rx rate: 121164
While executing 'Script@7 :: Script':
  no 'from.reset' write handler
Rx rate: 122169.83017
While executing 'Script@7 :: Script':
  no 'from.reset' write handler
Rx rate: 121873
While executing 'Script@7 :: Script':
  no 'from.reset' write handler
Rx rate: 122598
While executing 'Script@7 :: Script':
  no 'from.reset' write handler
Rx rate: 119810.18981
While executing 'Script@7 :: Script':
  no 'from.reset' write handler
Rx rate: 119878.121878
While executing 'Script@7 :: Script':
  no 'from.reset' write handler
Rx rate: 116583
While executing 'Script@7 :: Script':
  no 'from.reset' write handler
Rx rate: 121440
While executing 'Script@7 :: Script':
  no 'from.reset' write handler
Rx rate: 121595
While executing 'Script@7 :: Script':
  no 'from.reset' write handler
Rx rate: 122911
While executing 'Script@7 :: Script':
  no 'from.reset' write handler
Rx rate: 122460.539461
While executing 'Script@7 :: Script':
  no 'from.reset' write handler
Rx rate: 123010
While executing 'Script@7 :: Script':
  no 'from.reset' write handler
Rx rate: 124702
While executing 'Script@7 :: Script':
  no 'from.reset' write handler
Rx rate: 120595
While executing 'Script@7 :: Script':
  no 'from.reset' write handler
Rx rate: 119564.435564
While executing 'Script@7 :: Script':
  no 'from.reset' write handler
Rx rate: 122742.257742
While executing 'Script@7 :: Script':
  no 'from.reset' write handler
Rx rate: 122775.224775
While executing 'Script@7 :: Script':
  no 'from.reset' write handler
Rx rate: 121367
While executing 'Script@7 :: Script':
  no 'from.reset' write handler
Rx rate: 125039
While executing 'Script@7 :: Script':
  no 'from.reset' write handler
Rx rate: 120531.468531
While executing 'Script@7 :: Script':
  no 'from.reset' write handler
Rx rate: 121866
While executing 'Script@7 :: Script':
  no 'from.reset' write handler
Rx rate: 120980.01998
While executing 'Script@7 :: Script':
  no 'from.reset' write handler
Rx rate: 119295
While executing 'Script@7 :: Script':
  no 'from.reset' write handler
Rx rate: 121971
While executing 'Script@7 :: Script':
  no 'from.reset' write handler
Rx rate: 120965
While executing 'Script@7 :: Script':
  no 'from.reset' write handler
Rx rate: 120822.177822
While executing 'Script@7 :: Script':
  no 'from.reset' write handler
Rx rate: 121688
While executing 'Script@7 :: Script':
  no 'from.reset' write handler
Rx rate: 121635.364635
While executing 'Script@7 :: Script':
  no 'from.reset' write handler
Rx rate: 121249
While executing 'Script@7 :: Script':
  no 'from.reset' write handler
Rx rate: 120214.785215
While executing 'Script@7 :: Script':
  no 'from.reset' write handler
Rx rate: 120106.893107
While executing 'Script@7 :: Script':
  no 'from.reset' write handler
Rx rate: 122489.51049
While executing 'Script@7 :: Script':
  no 'from.reset' write handler
Rx rate: 120348.651349
While executing 'Script@7 :: Script':
  no 'from.reset' write handler
Rx rate: 121726.273726
While executing 'Script@7 :: Script':
  no 'from.reset' write handler
Rx rate: 123240
While executing 'Script@7 :: Script':
  no 'from.reset' write handler
Rx rate: 121724
While executing 'Script@7 :: Script':
  no 'from.reset' write handler
Rx rate: 121174
While executing 'Script@7 :: Script':
  no 'from.reset' write handler
Rx rate: 121681
While executing 'Script@7 :: Script':
  no 'from.reset' write handler
Rx rate: 122839
While executing 'Script@7 :: Script':
  no 'from.reset' write handler
Rx rate: 123903
While executing 'Script@7 :: Script':
  no 'from.reset' write handler
Rx rate: 120305
While executing 'Script@7 :: Script':
  no 'from.reset' write handler
Rx rate: 122050
While executing 'Script@7 :: Script':
  no 'from.reset' write handler
Rx rate: 123391
While executing 'Script@7 :: Script':
  no 'from.reset' write handler
Rx rate: 123771
While executing 'Script@7 :: Script':
  no 'from.reset' write handler
Rx rate: 124393
While executing 'Script@7 :: Script':
  no 'from.reset' write handler
Rx rate: 124519.480519
While executing 'Script@7 :: Script':
  no 'from.reset' write handler
Rx rate: 122627
While executing 'Script@7 :: Script':
  no 'from.reset' write handler
Rx rate: 122183
While executing 'Script@7 :: Script':
  no 'from.reset' write handler
Rx rate: 122554
While executing 'Script@7 :: Script':
  no 'from.reset' write handler
Rx rate: 122023
While executing 'Script@7 :: Script':
  no 'from.reset' write handler
Rx rate: 124630
While executing 'Script@7 :: Script':
  no 'from.reset' write handler
Rx rate: 121295
While executing 'Script@7 :: Script':
  no 'from.reset' write handler
Rx rate: 123175
While executing 'Script@7 :: Script':
  no 'from.reset' write handler
Rx rate: 120470
While executing 'Script@7 :: Script':
  no 'from.reset' write handler
Rx rate: 121644
While executing 'Script@7 :: Script':
  no 'from.reset' write handler
Rx rate: 123107.892108
While executing 'Script@7 :: Script':
  no 'from.reset' write handler
Rx rate: 123911
While executing 'Script@7 :: Script':
  no 'from.reset' write handler
Rx rate: 119259
While executing 'Script@7 :: Script':
  no 'from.reset' write handler
Rx rate: 122417
While executing 'Script@7 :: Script':
  no 'from.reset' write handler
Rx rate: 120319.68032
While executing 'Script@7 :: Script':
  no 'from.reset' write handler
Rx rate: 121371.628372
While executing 'Script@7 :: Script':
  no 'from.reset' write handler
Rx rate: 121510
While executing 'Script@7 :: Script':
  no 'from.reset' write handler
Rx rate: 123934
While executing 'Script@7 :: Script':
  no 'from.reset' write handler
Rx rate: 123521
While executing 'Script@7 :: Script':
  no 'from.reset' write handler
Rx rate: 122071.928072
While executing 'Script@7 :: Script':
  no 'from.reset' write handler
Rx rate: 120229
While executing 'Script@7 :: Script':
  no 'from.reset' write handler
Rx rate: 123835
While executing 'Script@7 :: Script':
  no 'from.reset' write handler
Rx rate: 114391
While executing 'Script@7 :: Script':
  no 'from.reset' write handler
Rx rate: 122842
While executing 'Script@7 :: Script':
  no 'from.reset' write handler
Rx rate: 122740
While executing 'Script@7 :: Script':
  no 'from.reset' write handler
Rx rate: 122441.117764
While executing 'Script@7 :: Script':
  no 'from.reset' write handler
Rx rate: 125236
While executing 'Script@7 :: Script':
  no 'from.reset' write handler
Rx rate: 122138.861139
While executing 'Script@7 :: Script':
  no 'from.reset' write handler
Rx rate: 119061
While executing 'Script@7 :: Script':
  no 'from.reset' write handler
Rx rate: 123112
While executing 'Script@7 :: Script':
  no 'from.reset' write handler
Rx rate: 124452
While executing 'Script@7 :: Script':
  no 'from.reset' write handler
Rx rate: 123045.908184
While executing 'Script@7 :: Script':
  no 'from.reset' write handler
Rx rate: 122411.588412
While executing 'Script@7 :: Script':
  no 'from.reset' write handler
Rx rate: 122776
While executing 'Script@7 :: Script':
  no 'from.reset' write handler
Rx rate: 120949
While executing 'Script@7 :: Script':
  no 'from.reset' write handler
Rx rate: 122510
While executing 'Script@7 :: Script':
  no 'from.reset' write handler
Rx rate: 123514
While executing 'Script@7 :: Script':
  no 'from.reset' write handler
Rx rate: 121436
While executing 'Script@7 :: Script':
  no 'from.reset' write handler
Rx rate: 118523
While executing 'Script@7 :: Script':
  no 'from.reset' write handler
Rx rate: 125836.836837
While executing 'Script@7 :: Script':
  no 'from.reset' write handler
Rx rate: 124206.206206
While executing 'Script@7 :: Script':
  no 'from.reset' write handler
Rx rate: 121515.484515
While executing 'Script@7 :: Script':
  no 'from.reset' write handler
Rx rate: 120812.187812
While executing 'Script@7 :: Script':
  no 'from.reset' write handler
Rx rate: 121454.545455
While executing 'Script@7 :: Script':
  no 'from.reset' write handler
Rx rate: 122790
While executing 'Script@7 :: Script':
  no 'from.reset' write handler
Rx rate: 119663.336663
While executing 'Script@7 :: Script':
  no 'from.reset' write handler
Rx rate: 124046
While executing 'Script@7 :: Script':
  no 'from.reset' write handler
Rx rate: 121537.537538
While executing 'Script@7 :: Script':
  no 'from.reset' write handler
Rx rate: 124162.837163
While executing 'Script@7 :: Script':
  no 'from.reset' write handler
Rx rate: 122563.436563
While executing 'Script@7 :: Script':
  no 'from.reset' write handler
Rx rate: 125399
While executing 'Script@7 :: Script':
  no 'from.reset' write handler
Rx rate: 125302
While executing 'Script@7 :: Script':
  no 'from.reset' write handler
Rx rate: 116664
While executing 'Script@7 :: Script':
  no 'from.reset' write handler
Rx rate: 122705.705706
While executing 'Script@7 :: Script':
  no 'from.reset' write handler
Rx rate: 122749
While executing 'Script@7 :: Script':
  no 'from.reset' write handler
Rx rate: 123958
While executing 'Script@7 :: Script':
  no 'from.reset' write handler
Rx rate: 119147.147147
While executing 'Script@7 :: Script':
  no 'from.reset' write handler
Rx rate: 122118
While executing 'Script@7 :: Script':
  no 'from.reset' write handler
Rx rate: 121481.037924
While executing 'Script@7 :: Script':
  no 'from.reset' write handler
Rx rate: 121919
While executing 'Script@7 :: Script':
  no 'from.reset' write handler
Rx rate: 123673
While executing 'Script@7 :: Script':
  no 'from.reset' write handler
Rx rate: 123707.292707
While executing 'Script@7 :: Script':
  no 'from.reset' write handler
Rx rate: 120719
While executing 'Script@7 :: Script':
  no 'from.reset' write handler
Rx rate: 121357
While executing 'Script@7 :: Script':
  no 'from.reset' write handler
Rx rate: 121421.578422
While executing 'Script@7 :: Script':
  no 'from.reset' write handler
Rx rate: 122099.099099
While executing 'Script@7 :: Script':
  no 'from.reset' write handler
Rx rate: 122069
While executing 'Script@7 :: Script':
  no 'from.reset' write handler
Rx rate: 120749
While executing 'Script@7 :: Script':
  no 'from.reset' write handler
Rx rate: 122486
While executing 'Script@7 :: Script':
  no 'from.reset' write handler
Rx rate: 121504
While executing 'Script@7 :: Script':
  no 'from.reset' write handler
Rx rate: 121241.758242
While executing 'Script@7 :: Script':
  no 'from.reset' write handler
Rx rate: 123713
While executing 'Script@7 :: Script':
  no 'from.reset' write handler
Rx rate: 123250
While executing 'Script@7 :: Script':
  no 'from.reset' write handler
Rx rate: 126158
While executing 'Script@7 :: Script':
  no 'from.reset' write handler
Rx rate: 121672.672673
While executing 'Script@7 :: Script':
  no 'from.reset' write handler
Rx rate: 123488
While executing 'Script@7 :: Script':
  no 'from.reset' write handler
Rx rate: 124794.205794
While executing 'Script@7 :: Script':
  no 'from.reset' write handler
Rx rate: 122386
While executing 'Script@7 :: Script':
  no 'from.reset' write handler
Rx rate: 122799.200799
While executing 'Script@7 :: Script':
  no 'from.reset' write handler
Rx rate: 123008.982036
While executing 'Script@7 :: Script':
  no 'from.reset' write handler
Rx rate: 122410
While executing 'Script@7 :: Script':
  no 'from.reset' write handler
Rx rate: 120370.629371
While executing 'Script@7 :: Script':
  no 'from.reset' write handler
Rx rate: 116799
While executing 'Script@7 :: Script':
  no 'from.reset' write handler
Rx rate: 121603.603604
While executing 'Script@7 :: Script':
  no 'from.reset' write handler
Rx rate: 121431
While executing 'Script@7 :: Script':
  no 'from.reset' write handler
Rx rate: 119296
While executing 'Script@7 :: Script':
  no 'from.reset' write handler
Rx rate: 122592
While executing 'Script@7 :: Script':
  no 'from.reset' write handler
Rx rate: 122689.310689
While executing 'Script@7 :: Script':
  no 'from.reset' write handler
Rx rate: 123855
While executing 'Script@7 :: Script':
  no 'from.reset' write handler
Rx rate: 121752.752753
While executing 'Script@7 :: Script':
  no 'from.reset' write handler
Rx rate: 124363
While executing 'Script@7 :: Script':
  no 'from.reset' write handler
Rx rate: 121855
While executing 'Script@7 :: Script':
  no 'from.reset' write handler
AUTOTEST_DONE
