Startup trace (nsec): main: 381860390461
Startup trace (nsec): init done: 381899178763
Rx rate: 0
While executing 'Script@7 :: Script':
  no 'from.reset' write handler
Rx rate: 125448.275862
While executing 'Script@7 :: Script':
  no 'from.reset' write handler
Rx rate: 121784.93558
While executing 'Script@7 :: Script':
  no 'from.reset' write handler
Rx rate: 124636.454183
While executing 'Script@7 :: Script':
  no 'from.reset' write handler
Rx rate: 121986.013986
While executing 'Script@7 :: Script':
  no 'from.reset' write handler
Rx rate: 121008.964143
While executing 'Script@7 :: Script':
  no 'from.reset' write handler
Rx rate: 122293.120638
While executing 'Script@7 :: Script':
  no 'from.reset' write handler
Rx rate: 123806.387226
While executing 'Script@7 :: Script':
  no 'from.reset' write handler
Rx rate: 123754.245754
While executing 'Script@7 :: Script':
  no 'from.reset' write handler
Rx rate: 120696.303696
While executing 'Script@7 :: Script':
  no 'from.reset' write handler
Rx rate: 122354
While executing 'Script@7 :: Script':
  no 'from.reset' write handler
Rx rate: 123093
While executing 'Script@7 :: Script':
  no 'from.reset' write handler
Rx rate: 119550
While executing 'Script@7 :: Script':
  no 'from.reset' write handler
Rx rate: 126888
While executing 'Script@7 :: Script':
  no 'from.reset' write handler
Rx rate: 123083
While executing 'Script@7 :: Script':
  no 'from.reset' write handler
Rx rate: 121847.847848
While executing 'Script@7 :: Script':
  no 'from.reset' write handler
Rx rate: 119486.513487
While executing 'Script@7 :: Script':
  no 'from.reset' write handler
Rx rate: 116876
While executing 'Script@7 :: Script':
  no 'from.reset' write handler
Rx rate: 123583
While executing 'Script@7 :: Script':
  no 'from.reset' write handler
Rx rate: 122727
While executing 'Script@7 :: Script':
  no 'from.reset' write handler
Rx rate: 121540.45954
While executing 'Script@7 :: Script':
  no 'from.reset' write handler
Rx rate: 121905
While executing 'Script@7 :: Script':
  no 'from.reset' write handler
Rx rate: 123277.44511
While executing 'Script@7 :: Script':
  no 'from.reset' write handler
Rx rate: 124095
While executing 'Script@7 :: Script':
  no 'from.reset' write handler
Rx rate: 122466
While executing 'Script@7 :: Script':
  no 'from.reset' write handler
Rx rate: 120634
While executing 'Script@7 :: Script':
  no 'from.reset' write handler
Rx rate: 123068.068068
While executing 'Script@7 :: Script':
  no 'from.reset' write handler
Rx rate: 122288
While executing 'Script@7 :: Script':
  no 'from.reset' write handler
Rx rate: 121737
While executing 'Script@7 :: Script':
  no 'from.reset' write handler
Rx rate: 121269.73027
While executing 'Script@7 :: Script':
  no 'from.reset' write handler
Rx rate: 123195.804196
While executing 'Script@7 :: Script':
  no 'from.reset' write handler
Rx rate: 120855
While executing 'Script@7 :: Script':
  no 'from.reset' write handler
Rx rate: 123163
While executing 'Script@7 :: Script':
  no 'from.reset' write handler
Rx rate: 121764.764765
While executing 'Script@7 :: Script':
  no 'from.reset' write handler
Rx rate: 120695
While executing 'Script@7 :: Script':
  no 'from.reset' write handler
Rx rate: 122362.637363
While executing 'Script@7 :: Script':
  no 'from.reset' write handler
Rx rate: 121704.295704
While executing 'Script@7 :: Script':
  no 'from.reset' write handler
Rx rate: 123022.022022
While executing 'Script@7 :: Script':
  no 'from.reset' write handler
Rx rate: 123060
While executing 'Script@7 :: Script':
  no 'from.reset' write handler
Rx rate: 124232
While executing 'Script@7 :: Script':
  no 'from.reset' write handler
Rx rate: 124634
While executing 'Script@7 :: Script':
  no 'from.reset' write handler
Rx rate: 122231.768232
While executing 'Script@7 :: Script':
  no 'from.reset' write handler
Rx rate: 122821.178821
While executing 'Script@7 :: Script':
  no 'from.reset' write handler
Rx rate: 121436.436436
While executing 'Script@7 :: Script':
  no 'from.reset' write handler
Rx rate: 122423
While executing 'Script@7 :: Script':
  no 'from.reset' write handler
Rx rate: 122787
While executing 'Script@7 :: Script':
  no 'from.reset' write handler
Rx rate: 123326
While executing 'Script@7 :: Script':
  no 'from.reset' write handler
Rx rate: 117328
While executing 'Script@7 :: Script':
  no 'from.reset' write handler
Rx rate: 121816.183816
While executing 'Script@7 :: Script':
  no 'from.reset' write handler
Rx rate: 125262
While executing 'Script@7 :: Script':
  no 'from.reset' write handler
Rx rate: 124686
While executing 'Script@7 :: Script':
  no 'from.reset' write handler
Rx rate: 120912
While executing 'Script@7 :: Script':
  no 'from.reset' write handler
Rx rate: 121592.592593
While executing 'Script@7 :: Script':
  no 'from.reset' write handler
Rx rate: 125066
While executing 'Script@7 :: Script':
  no 'from.reset' write handler
Rx rate: 123472.527473
While executing 'Script@7 :: Script':
  no 'from.reset' write handler
Rx rate: 119266.467066
While executing 'Script@7 :: Script':
  no 'from.reset' write handler
Rx rate: 121739.260739
While executing 'Script@7 :: Script':
  no 'from.reset' write handler
Rx rate: 123124
While executing 'Script@7 :: Script':
  no 'from.reset' write handler
Rx rate: 122952.047952
While executing 'Script@7 :: Script':
  no 'from.reset' write handler
Rx rate: 122647.352647
While executing 'Script@7 :: Script':
  no 'from.reset' write handler
Rx rate: 123614
While executing 'Script@7 :: Script':
  no 'from.reset' write handler
Rx rate: 120874
While executing 'Script@7 :: Script':
  no 'from.reset' write handler
Rx rate: 121715.284715
While executing 'Script@7 :: Script':
  no 'from.reset' write handler
Rx rate: 121126.873127
While executing 'Script@7 :: Script':
  no 'from.reset' write handler
Rx rate: 120640
While executing 'Script@7 :: Script':
  no 'from.reset' write handler
Rx rate: 121796
While executing 'Script@7 :: Script':
  no 'from.reset' write handler
Rx rate: 122182
While executing 'Script@7 :: Script':
  no 'from.reset' write handler
Rx rate: 122286
While executing 'Script@7 :: Script':
  no 'from.reset' write handler
Rx rate: 122233
While executing 'Script@7 :: Script':
  no 'from.reset' write handler
Rx rate: 124919.080919
While executing 'Script@7 :: Script':
  no 'from.reset' write handler
Rx rate: 120982
While executing 'Script@7 :: Script':
  no 'from.reset' write handler
Rx rate: 123751.751752
While executing 'Script@7 :: Script':
  no 'from.reset' write handler
Rx rate: 122847
While executing 'Script@7 :: Script':
  no 'from.reset' write handler
Rx rate: 121122.877123
While executing 'Script@7 :: Script':
  no 'from.reset' write handler
Rx rate: 123730
While executing 'Script@7 :: Script':
  no 'from.reset' write handler
Rx rate: 121886.886887
While executing 'Script@7 :: Script':
  no 'from.reset' write handler
Rx rate: 120745.254745
While executing 'Script@7 :: Script':
  no 'from.reset' write handler
Rx rate: 124272
While executing 'Script@7 :: Script':
  no 'from.reset' write handler
Rx rate: 117342
While executing 'Script@7 :: Script':
  no 'from.reset' write handler
Rx rate: 123690
While executing 'Script@7 :: Script':
  no 'from.reset' write handler
Rx rate: 120821
While executing 'Script@7 :: Script':
  no 'from.reset' write handler
Rx rate: 122564.435564
While executing 'Script@7 :: Script':
  no 'from.reset' write handler
Rx rate: 124844
While executing 'Script@7 :: Script':
  no 'from.reset' write handler
Rx rate: 124086
While executing 'Script@7 :: Script':
  no 'from.reset' write handler
Rx rate: 122931
While executing 'Script@7 :: Script':
  no 'from.reset' write handler
Rx rate: 123372
While executing 'Script@7 :: Script':
  no 'from.reset' write handler
Rx rate: 124783.433134
While executing 'Script@7 :: Script':
  no 'from.reset' write handler
Rx rate: 122897
While executing 'Script@7 :: Script':
  no 'from.reset' write handler
Rx rate: 121145
While executing 'Script@7 :: Script':
  no 'from.reset' write handler
Rx rate: 124106
While executing 'Script@7 :: Script':
  no 'from.reset' write handler
Rx rate: 119586
While executing 'Script@7 :: Script':
  no 'from.reset' write handler
Rx rate: 122028
While executing 'Script@7 :: Script':
  no 'from.reset' write handler
Rx rate: 121323
While executing 'Script@7 :: Script':
  no 'from.reset' write handler
Rx rate: 122523.476523
While executing 'Script@7 :: Script':
  no 'from.reset' write handler
Rx rate: 122796.203796
While executing 'Script@7 :: Script':
  no 'from.reset' write handler
Rx rate: 120856.143856
While executing 'Script@7 :: Script':
  no 'from.reset' write handler
Rx rate: 120413.413413
While executing 'Script@7 :: Script':
  no 'from.reset' write handler
Rx rate: 124193
While executing 'Script@7 :: Script':
  no 'from.reset' write handler
Rx rate: 121888
While executing 'Script@7 :: Script':
  no 'from.reset' write handler
Rx rate: 122625
While executing 'Script@7 :: Script':
  no 'from.reset' write handler
Rx rate: 121381
While executing 'Script@7 :: Script':
  no 'from.reset' write handler
Rx rate: 120166.833167
While executing 'Script@7 :: Script':
  no 'from.reset' write handler
Rx rate: 121508
While executing 'Script@7 :: Script':
  no 'from.reset' write handler
Rx rate: 121285
While executing 'Script@7 :: Script':
  no 'from.reset' write handler
Rx rate: 119745
While executing 'Script@7 :: Script':
  no 'from.reset' write handler
Rx rate: 121009
While executing 'Script@7 :: Script':
  no 'from.reset' write handler
Rx rate: 123587
While executing 'Script@7 :: Script':
  no 'from.reset' write handler
Rx rate: 121607
While executing 'Script@7 :: Script':
  no 'from.reset' write handler
Rx rate: 115973
While executing 'Script@7 :: Script':
  no 'from.reset' write handler
Rx rate: 121041
While executing 'Script@7 :: Script':
  no 'from.reset' write handler
Rx rate: 121963
While executing 'Script@7 :: Script':
  no 'from.reset' write handler
Rx rate: 122246
While executing 'Script@7 :: Script':
  no 'from.reset' write handler
Rx rate: 123043
While executing 'Script@7 :: Script':
  no 'from.reset' write handler
Rx rate: 122694
While executing 'Script@7 :: Script':
  no 'from.reset' write handler
Rx rate: 121063.872255
While executing 'Script@7 :: Script':
  no 'from.reset' write handler
Rx rate: 123528
While executing 'Script@7 :: Script':
  no 'from.reset' write handler
Rx rate: 122670
While executing 'Script@7 :: Script':
  no 'from.reset' write handler
Rx rate: 123846
While executing 'Script@7 :: Script':
  no 'from.reset' write handler
Rx rate: 122701
While executing 'Script@7 :: Script':
  no 'from.reset' write handler
Rx rate: 122375
While executing 'Script@7 :: Script':
  no 'from.reset' write handler
Rx rate: 123097
While executing 'Script@7 :: Script':
  no 'from.reset' write handler
Rx rate: 123202.797203
While executing 'Script@7 :: Script':
  no 'from.reset' write handler
Rx rate: 124775
While executing 'Script@7 :: Script':
  no 'from.reset' write handler
Rx rate: 122154
While executing 'Script@7 :: Script':
  no 'from.reset' write handler
Rx rate: 120071.928072
While executing 'Script@7 :: Script':
  no 'from.reset' write handler
Rx rate: 122415
While executing 'Script@7 :: Script':
  no 'from.reset' write handler
Rx rate: 121090
While executing 'Script@7 :: Script':
  no 'from.reset' write handler
Rx rate: 121482
While executing 'Script@7 :: Script':
  no 'from.reset' write handler
Rx rate: 120598
While executing 'Script@7 :: Script':
  no 'from.reset' write handler
Rx rate: 125278
While executing 'Script@7 :: Script':
  no 'from.reset' write handler
Rx rate: 121740.25974
While executing 'Script@7 :: Script':
  no 'from.reset' write handler
Rx rate: 121870.12987
While executing 'Script@7 :: Script':
  no 'from.reset' write handler
Rx rate: 122206
While executing 'Script@7 :: Script':
  no 'from.reset' write handler
Rx rate: 123996
While executing 'Script@7 :: Script':
  no 'from.reset' write handler
Rx rate: 121691
While executing 'Script@7 :: Script':
  no 'from.reset' write handler
Rx rate: 121368
While executing 'Script@7 :: Script':
  no 'from.reset' write handler
Rx rate: 122000.999001
While executing 'Script@7 :: Script':
  no 'from.reset' write handler
Rx rate: 120549.450549
While executing 'Script@7 :: Script':
  no 'from.reset' write handler
Rx rate: 118111
While executing 'Script@7 :: Script':
  no 'from.reset' write handler
Rx rate: 118626
While executing 'Script@7 :: Script':
  no 'from.reset' write handler
Rx rate: 120632
While executing 'Script@7 :: Script':
  no 'from.reset' write handler
Rx rate: 122135
While executing 'Script@7 :: Script':
  no 'from.reset' write handler
Rx rate: 121799.200799
While executing 'Script@7 :: Script':
  no 'from.reset' write handler
Rx rate: 122870
While executing 'Script@7 :: Script':
  no 'from.reset' write handler
Rx rate: 120804
While executing 'Script@7 :: Script':
  no 'from.reset' write handler
Rx rate: 123933.133733
While executing 'Script@7 :: Script':
  no 'from.reset' write handler
Rx rate: 121864
While executing 'Script@7 :: Script':
  no 'from.reset' write handler
Rx rate: 120991
While executing 'Script@7 :: Script':
  no 'from.reset' write handler
Rx rate: 122290
While executing 'Script@7 :: Script':
  no 'from.reset' write handler
Rx rate: 122942
While executing 'Script@7 :: Script':
  no 'from.reset' write handler
Rx rate: 121603
While executing 'Script@7 :: Script':
  no 'from.reset' write handler
Rx rate: 119913.086913
While executing 'Script@7 :: Script':
  no 'from.reset' write handler
Rx rate: 123292
While executing 'Script@7 :: Script':
  no 'from.reset' write handler
Rx rate: 121839
While executing 'Script@7 :: Script':
  no 'from.reset' write handler
Rx rate: 124128
While executing 'Script@7 :: Script':
  no 'from.reset' write handler
Rx rate: 124150
While executing 'Script@7 :: Script':
  no 'from.reset' write handler
Rx rate: 122060.939061
While executing 'Script@7 :: Script':
  no 'from.reset' write handler
Rx rate: 122679.320679
While executing 'Script@7 :: Script':
  no 'from.reset' write handler
Rx rate: 120793.206793
While executing 'Script@7 :: Script':
  no 'from.reset' write handler
Rx rate: 122139.720559
While executing 'Script@7 :: Script':
  no 'from.reset' write handler
Rx rate: 124360.639361
While executing 'Script@7 :: Script':
  no 'from.reset' write handler
Rx rate: 122101
While executing 'Script@7 :: Script':
  no 'from.reset' write handler
Rx rate: 123210
While executing 'Script@7 :: Script':
  no 'from.reset' write handler
Rx rate: 120760
While executing 'Script@7 :: Script':
  no 'from.reset' write handler
Rx rate: 120864
While executing 'Script@7 :: Script':
  no 'from.reset' write handler
Rx rate: 123056
While executing 'Script@7 :: Script':
  no 'from.reset' write handler
Rx rate: 120629.370629
While executing 'Script@7 :: Script':
  no 'from.reset' write handler
Rx rate: 124234
While executing 'Script@7 :: Script':
  no 'from.reset' write handler
Rx rate: 118773
While executing 'Script@7 :: Script':
  no 'from.reset' write handler
Rx rate: 119601
While executing 'Script@7 :: Script':
  no 'from.reset' write handler
Rx rate: 122449
While executing 'Script@7 :: Script':
  no 'from.reset' write handler
Rx rate: 122301.698302
While executing 'Script@7 :: Script':
  no 'from.reset' write handler
Rx rate: 122301
While executing 'Script@7 :: Script':
  no 'from.reset' write handler
Rx rate: 122700
While executing 'Script@7 :: Script':
  no 'from.reset' write handler
Rx rate: 121581.418581
While executing 'Script@7 :: Script':
  no 'from.reset' write handler
Rx rate: 121050.949051
While executing 'Script@7 :: Script':
  no 'from.reset' write handler
Rx rate: 123285.714286
While executing 'Script@7 :: Script':
  no 'from.reset' write handler
Rx rate: 125779.220779
While executing 'Script@7 :: Script':
  no 'from.reset' write handler
Rx rate: 124464
While executing 'Script@7 :: Script':
  no 'from.reset' write handler
Rx rate: 122708
While executing 'Script@7 :: Script':
  no 'from.reset' write handler
Rx rate: 120365.634366
While executing 'Script@7 :: Script':
  no 'from.reset' write handler
Rx rate: 122740
While executing 'Script@7 :: Script':
  no 'from.reset' write handler
Rx rate: 122111
While executing 'Script@7 :: Script':
  no 'from.reset' write handler
AUTOTEST_DONE
