Startup trace (nsec): main: 8893399022
Startup trace (nsec): init done: 16313126831
Rx rate: 16416.6666667
While executing 'Script@7 :: Script':
  no 'from.reset' write handler
Rx rate: 15750.2439024
While executing 'Script@7 :: Script':
  no 'from.reset' write handler
Rx rate: 15943.1137725
While executing 'Script@7 :: Script':
  no 'from.reset' write handler
Rx rate: 15986.7424242
While executing 'Script@7 :: Script':
  no 'from.reset' write handler
Rx rate: 15624.0458015
While executing 'Script@7 :: Script':
  no 'from.reset' write handler
Rx rate: 15207.6023392
While executing 'Script@7 :: Script':
  no 'from.reset' write handler
Rx rate: 15657.8947368
While executing 'Script@7 :: Script':
  no 'from.reset' write handler
Rx rate: 15105.7884232
While executing 'Script@7 :: Script':
  no 'from.reset' write handler
Rx rate: 15943.7314906
While executing 'Script@7 :: Script':
  no 'from.reset' write handler
Rx rate: 16250.7462687
While executing 'Script@7 :: Script':
  no 'from.reset' write handler
Rx rate: 15171.4855434
While executing 'Script@7 :: Script':
  no 'from.reset' write handler
Rx rate: 15729.0836653
While executing 'Script@7 :: Script':
  no 'from.reset' write handler
Rx rate: 15893.8938939
While executing 'Script@7 :: Script':
  no 'from.reset' write handler
Rx rate: 15621.6216216
While executing 'Script@7 :: Script':
  no 'from.reset' write handler
Rx rate: 15325.6743257
While executing 'Script@7 :: Script':
  no 'from.reset' write handler
Rx rate: 16119.760479
While executing 'Script@7 :: Script':
  no 'from.reset' write handler
Rx rate: 16008.0160321
While executing 'Script@7 :: Script':
  no 'from.reset' write handler
Rx rate: 15288.4231537
While executing 'Script@7 :: Script':
  no 'from.reset' write handler
Rx rate: 16460.6181456
While executing 'Script@7 :: Script':
  no 'from.reset' write handler
Rx rate: 15569.8602794
While executing 'Script@7 :: Script':
  no 'from.reset' write handler
Rx rate: 14723
While executing 'Script@7 :: Script':
  no 'from.reset' write handler
Rx rate: 16042.8286853
While executing 'Script@7 :: Script':
  no 'from.reset' write handler
Rx rate: 14700.1992032
While executing 'Script@7 :: Script':
  no 'from.reset' write handler
Rx rate: 14823
While executing 'Script@7 :: Script':
  no 'from.reset' write handler
Rx rate: 16054.8354935
While executing 'Script@7 :: Script':
  no 'from.reset' write handler
Rx rate: 16409.9502488
While executing 'Script@7 :: Script':
  no 'from.reset' write handler
Rx rate: 15701
While executing 'Script@7 :: Script':
  no 'from.reset' write handler
Rx rate: 15695.6087824
While executing 'Script@7 :: Script':
  no 'from.reset' write handler
Rx rate: 15996.996997
While executing 'Script@7 :: Script':
  no 'from.reset' write handler
Rx rate: 15795
While executing 'Script@7 :: Script':
  no 'from.reset' write handler
Rx rate: 16182.0895522
While executing 'Script@7 :: Script':
  no 'from.reset' write handler
Rx rate: 16021.0631896
While executing 'Script@7 :: Script':
  no 'from.reset' write handler
Rx rate: 16249
While executing 'Script@7 :: Script':
  no 'from.reset' write handler
Rx rate: 15280.876494
While executing 'Script@7 :: Script':
  no 'from.reset' write handler
Rx rate: 16264
While executing 'Script@7 :: Script':
  no 'from.reset' write handler
Rx rate: 16820.3592814
While executing 'Script@7 :: Script':
  no 'from.reset' write handler
Rx rate: 16795
While executing 'Script@7 :: Script':
  no 'from.reset' write handler
Rx rate: 15758
While executing 'Script@7 :: Script':
  no 'from.reset' write handler
Rx rate: 15751.7447657
While executing 'Script@7 :: Script':
  no 'from.reset' write handler
Rx rate: 17081.6733068
While executing 'Script@7 :: Script':
  no 'from.reset' write handler
Rx rate: 16376.247505
While executing 'Script@7 :: Script':
  no 'from.reset' write handler
Rx rate: 17222
While executing 'Script@7 :: Script':
  no 'from.reset' write handler
Rx rate: 16519
While executing 'Script@7 :: Script':
  no 'from.reset' write handler
Rx rate: 16550
While executing 'Script@7 :: Script':
  no 'from.reset' write handler
Rx rate: 15650.3496503
While executing 'Script@7 :: Script':
  no 'from.reset' write handler
Rx rate: 15818.1818182
While executing 'Script@7 :: Script':
  no 'from.reset' write handler
Rx rate: 16548.5485485
While executing 'Script@7 :: Script':
  no 'from.reset' write handler
Rx rate: 15880.5970149
While executing 'Script@7 :: Script':
  no 'from.reset' write handler
Rx rate: 16334.3313373
While executing 'Script@7 :: Script':
  no 'from.reset' write handler
Rx rate: 15754
While executing 'Script@7 :: Script':
  no 'from.reset' write handler
Rx rate: 15260
While executing 'Script@7 :: Script':
  no 'from.reset' write handler
Rx rate: 16374.501992
While executing 'Script@7 :: Script':
  no 'from.reset' write handler
Rx rate: 16608.1754736
While executing 'Script@7 :: Script':
  no 'from.reset' write handler
Rx rate: 15120.1201201
While executing 'Script@7 :: Script':
  no 'from.reset' write handler
Rx rate: 15761
While executing 'Script@7 :: Script':
  no 'from.reset' write handler
Rx rate: 16033
While executing 'Script@7 :: Script':
  no 'from.reset' write handler
Rx rate: 15263.4730539
While executing 'Script@7 :: Script':
  no 'from.reset' write handler
Rx rate: 15979
While executing 'Script@7 :: Script':
  no 'from.reset' write handler
Rx rate: 15942.8857715
While executing 'Script@7 :: Script':
  no 'from.reset' write handler
Rx rate: 16530.9381238
While executing 'Script@7 :: Script':
  no 'from.reset' write handler
Rx rate: 15721.5568862
While executing 'Script@7 :: Script':
  no 'from.reset' write handler
Rx rate: 16382
While executing 'Script@7 :: Script':
  no 'from.reset' write handler
Rx rate: 16769.7697698
While executing 'Script@7 :: Script':
  no 'from.reset' write handler
Rx rate: 16945.1645065
While executing 'Script@7 :: Script':
  no 'from.reset' write handler
Rx rate: 16423.5764236
While executing 'Script@7 :: Script':
  no 'from.reset' write handler
Rx rate: 15869.8698699
While executing 'Script@7 :: Script':
  no 'from.reset' write handler
Rx rate: 15161.8381618
While executing 'Script@7 :: Script':
  no 'from.reset' write handler
Rx rate: 15719.2807193
While executing 'Script@7 :: Script':
  no 'from.reset' write handler
Rx rate: 16379.5180723
While executing 'Script@7 :: Script':
  no 'from.reset' write handler
Rx rate: 16769.9203187
While executing 'Script@7 :: Script':
  no 'from.reset' write handler
Rx rate: 15887.1128871
While executing 'Script@7 :: Script':
  no 'from.reset' write handler
Rx rate: 15569.8602794
While executing 'Script@7 :: Script':
  no 'from.reset' write handler
Rx rate: 16202.4048096
While executing 'Script@7 :: Script':
  no 'from.reset' write handler
Rx rate: 17121
While executing 'Script@7 :: Script':
  no 'from.reset' write handler
Rx rate: 15303.7848606
While executing 'Script@7 :: Script':
  no 'from.reset' write handler
Rx rate: 16504
While executing 'Script@7 :: Script':
  no 'from.reset' write handler
Rx rate: 16025.974026
While executing 'Script@7 :: Script':
  no 'from.reset' write handler
Rx rate: 14545.9081836
While executing 'Script@7 :: Script':
  no 'from.reset' write handler
Rx rate: 16288.2882883
While executing 'Script@7 :: Script':
  no 'from.reset' write handler
Rx rate: 16688.6227545
While executing 'Script@7 :: Script':
  no 'from.reset' write handler
Rx rate: 15566.3010967
While executing 'Script@7 :: Script':
  no 'from.reset' write handler
Rx rate: 16563.4365634
While executing 'Script@7 :: Script':
  no 'from.reset' write handler
Rx rate: 16700.5988024
While executing 'Script@7 :: Script':
  no 'from.reset' write handler
Rx rate: 15532.5325325
While executing 'Script@7 :: Script':
  no 'from.reset' write handler
Rx rate: 16226.2262262
While executing 'Script@7 :: Script':
  no 'from.reset' write handler
Rx rate: 15998.998999
While executing 'Script@7 :: Script':
  no 'from.reset' write handler
Rx rate: 17036.108325
While executing 'Script@7 :: Script':
  no 'from.reset' write handler
Rx rate: 15922
While executing 'Script@7 :: Script':
  no 'from.reset' write handler
Rx rate: 16418.5814186
While executing 'Script@7 :: Script':
  no 'from.reset' write handler
Rx rate: 16194.4167498
While executing 'Script@7 :: Script':
  no 'from.reset' write handler
Rx rate: 16170.1701702
While executing 'Script@7 :: Script':
  no 'from.reset' write handler
Rx rate: 16373.3733734
While executing 'Script@7 :: Script':
  no 'from.reset' write handler
Rx rate: 16140.7185629
While executing 'Script@7 :: Script':
  no 'from.reset' write handler
Rx rate: 16207
While executing 'Script@7 :: Script':
  no 'from.reset' write handler
Rx rate: 15478
While executing 'Script@7 :: Script':
  no 'from.reset' write handler
Rx rate: 16405.5944056
While executing 'Script@7 :: Script':
  no 'from.reset' write handler
Rx rate: 15344.0320963
While executing 'Script@7 :: Script':
  no 'from.reset' write handler
Rx rate: 15809.1908092
While executing 'Script@7 :: Script':
  no 'from.reset' write handler
Rx rate: 16033.1325301
While executing 'Script@7 :: Script':
  no 'from.reset' write handler
Rx rate: 15852.2954092
While executing 'Script@7 :: Script':
  no 'from.reset' write handler
Rx rate: 15916.0839161
While executing 'Script@7 :: Script':
  no 'from.reset' write handler
Rx rate: 15141.5752742
While executing 'Script@7 :: Script':
  no 'from.reset' write handler
Rx rate: 16742.5149701
While executing 'Script@7 :: Script':
  no 'from.reset' write handler
Rx rate: 16577.7331996
While executing 'Script@7 :: Script':
  no 'from.reset' write handler
Rx rate: 15701
While executing 'Script@7 :: Script':
  no 'from.reset' write handler
Rx rate: 15265.7973922
While executing 'Script@7 :: Script':
  no 'from.reset' write handler
Rx rate: 15454.5454545
While executing 'Script@7 :: Script':
  no 'from.reset' write handler
Rx rate: 16183.0845771
While executing 'Script@7 :: Script':
  no 'from.reset' write handler
Rx rate: 15619.760479
While executing 'Script@7 :: Script':
  no 'from.reset' write handler
Rx rate: 15849.1508492
While executing 'Script@7 :: Script':
  no 'from.reset' write handler
Rx rate: 14906.2811565
While executing 'Script@7 :: Script':
  no 'from.reset' write handler
Rx rate: 15889.5582329
While executing 'Script@7 :: Script':
  no 'from.reset' write handler
Rx rate: 15881
While executing 'Script@7 :: Script':
  no 'from.reset' write handler
Rx rate: 15594
While executing 'Script@7 :: Script':
  no 'from.reset' write handler
Rx rate: 16969
While executing 'Script@7 :: Script':
  no 'from.reset' write handler
Rx rate: 15983.983984
While executing 'Script@7 :: Script':
  no 'from.reset' write handler
Rx rate: 15851.2974052
While executing 'Script@7 :: Script':
  no 'from.reset' write handler
Rx rate: 15089.8203593
While executing 'Script@7 :: Script':
  no 'from.reset' write handler
Rx rate: 16398.3983984
While executing 'Script@7 :: Script':
  no 'from.reset' write handler
Rx rate: 16476.0479042
While executing 'Script@7 :: Script':
  no 'from.reset' write handler
Rx rate: 15794.5891784
While executing 'Script@7 :: Script':
  no 'from.reset' write handler
Rx rate: 15516
While executing 'Script@7 :: Script':
  no 'from.reset' write handler
Rx rate: 15899.7995992
While executing 'Script@7 :: Script':
  no 'from.reset' write handler
Rx rate: 16001.998002
While executing 'Script@7 :: Script':
  no 'from.reset' write handler
Rx rate: 16014.9700599
While executing 'Script@7 :: Script':
  no 'from.reset' write handler
Rx rate: 16767.4650699
While executing 'Script@7 :: Script':
  no 'from.reset' write handler
Rx rate: 16641
While executing 'Script@7 :: Script':
  no 'from.reset' write handler
Rx rate: 15537.0741483
While executing 'Script@7 :: Script':
  no 'from.reset' write handler
Rx rate: 16040.8773679
While executing 'Script@7 :: Script':
  no 'from.reset' write handler
Rx rate: 15742.5149701
While executing 'Script@7 :: Script':
  no 'from.reset' write handler
Rx rate: 15314
While executing 'Script@7 :: Script':
  no 'from.reset' write handler
Rx rate: 16100.1001001
While executing 'Script@7 :: Script':
  no 'from.reset' write handler
Rx rate: 16167.6646707
While executing 'Script@7 :: Script':
  no 'from.reset' write handler
Rx rate: 15912.1756487
While executing 'Script@7 :: Script':
  no 'from.reset' write handler
Rx rate: 16124.8751249
While executing 'Script@7 :: Script':
  no 'from.reset' write handler
Rx rate: 16003.9840637
While executing 'Script@7 :: Script':
  no 'from.reset' write handler
Rx rate: 15375.6243756
While executing 'Script@7 :: Script':
  no 'from.reset' write handler
Rx rate: 16207
While executing 'Script@7 :: Script':
  no 'from.reset' write handler
Rx rate: 15711.4228457
While executing 'Script@7 :: Script':
  no 'from.reset' write handler
Rx rate: 16418.3266932
While executing 'Script@7 :: Script':
  no 'from.reset' write handler
Rx rate: 16223
While executing 'Script@7 :: Script':
  no 'from.reset' write handler
Rx rate: 16889.4422311
While executing 'Script@7 :: Script':
  no 'from.reset' write handler
Rx rate: 15507.4925075
While executing 'Script@7 :: Script':
  no 'from.reset' write handler
Rx rate: 15727
While executing 'Script@7 :: Script':
  no 'from.reset' write handler
Rx rate: 15742.2577423
While executing 'Script@7 :: Script':
  no 'from.reset' write handler
Rx rate: 15501.4985015
While executing 'Script@7 :: Script':
  no 'from.reset' write handler
Rx rate: 16618.762475
While executing 'Script@7 :: Script':
  no 'from.reset' write handler
Rx rate: 15535.0701403
While executing 'Script@7 :: Script':
  no 'from.reset' write handler
Rx rate: 15439
While executing 'Script@7 :: Script':
  no 'from.reset' write handler
Rx rate: 15648.3516484
While executing 'Script@7 :: Script':
  no 'from.reset' write handler
Rx rate: 15958.2089552
While executing 'Script@7 :: Script':
  no 'from.reset' write handler
Rx rate: 15707
While executing 'Script@7 :: Script':
  no 'from.reset' write handler
Rx rate: 16110.2204409
While executing 'Script@7 :: Script':
  no 'from.reset' write handler
Rx rate: 16542.3728814
While executing 'Script@7 :: Script':
  no 'from.reset' write handler
Rx rate: 16529.4117647
While executing 'Script@7 :: Script':
  no 'from.reset' write handler
Rx rate: 14871.1288711
While executing 'Script@7 :: Script':
  no 'from.reset' write handler
Rx rate: 16550.4495504
While executing 'Script@7 :: Script':
  no 'from.reset' write handler
Rx rate: 15900.1996008
While executing 'Script@7 :: Script':
  no 'from.reset' write handler
Rx rate: 15292.7072927
While executing 'Script@7 :: Script':
  no 'from.reset' write handler
Rx rate: 14783.2167832
While executing 'Script@7 :: Script':
  no 'from.reset' write handler
Rx rate: 16677.9661017
While executing 'Script@7 :: Script':
  no 'from.reset' write handler
Rx rate: 15821.8218218
While executing 'Script@7 :: Script':
  no 'from.reset' write handler
Rx rate: 16328.3283283
While executing 'Script@7 :: Script':
  no 'from.reset' write handler
Rx rate: 16199.0049751
While executing 'Script@7 :: Script':
  no 'from.reset' write handler
Rx rate: 15571.5705765
While executing 'Script@7 :: Script':
  no 'from.reset' write handler
Rx rate: 16205.7942058
While executing 'Script@7 :: Script':
  no 'from.reset' write handler
Rx rate: 16437.4374374
While executing 'Script@7 :: Script':
  no 'from.reset' write handler
Rx rate: 16118
While executing 'Script@7 :: Script':
  no 'from.reset' write handler
Rx rate: 16552.8942116
While executing 'Script@7 :: Script':
  no 'from.reset' write handler
Rx rate: 14854.1458541
While executing 'Script@7 :: Script':
  no 'from.reset' write handler
Rx rate: 15324
While executing 'Script@7 :: Script':
  no 'from.reset' write handler
Rx rate: 15443.3399602
While executing 'Script@7 :: Script':
  no 'from.reset' write handler
Rx rate: 15602.6026026
While executing 'Script@7 :: Script':
  no 'from.reset' write handler
Rx rate: 16761
While executing 'Script@7 :: Script':
  no 'from.reset' write handler
Rx rate: 15704.5908184
While executing 'Script@7 :: Script':
  no 'from.reset' write handler
AUTOTEST_DONE
