Startup trace (nsec): main: 195352399768
Startup trace (nsec): init done: 195357169421
Rx rate: 0
While executing 'Script@7 :: Script':
  no 'from.reset' write handler
Rx rate: 357648.4375
While executing 'Script@7 :: Script':
  no 'from.reset' write handler
Rx rate: 359537
While executing 'Script@7 :: Script':
  no 'from.reset' write handler
Rx rate: 363635
While executing 'Script@7 :: Script':
  no 'from.reset' write handler
Rx rate: 361638.085743
While executing 'Script@7 :: Script':
  no 'from.reset' write handler
Rx rate: 353249.75025
While executing 'Script@7 :: Script':
  no 'from.reset' write handler
Rx rate: 350511
While executing 'Script@7 :: Script':
  no 'from.reset' write handler
Rx rate: 352959.040959
While executing 'Script@7 :: Script':
  no 'from.reset' write handler
Rx rate: 355823.176823
While executing 'Script@7 :: Script':
  no 'from.reset' write handler
Rx rate: 358981.018981
While executing 'Script@7 :: Script':
  no 'from.reset' write handler
Rx rate: 359222
While executing 'Script@7 :: Script':
  no 'from.reset' write handler
Rx rate: 351307
While executing 'Script@7 :: Script':
  no 'from.reset' write handler
Rx rate: 352163
While executing 'Script@7 :: Script':
  no 'from.reset' write handler
Rx rate: 354995
While executing 'Script@7 :: Script':
  no 'from.reset' write handler
Rx rate: 350707
While executing 'Script@7 :: Script':
  no 'from.reset' write handler
Rx rate: 357209.371884
While executing 'Script@7 :: Script':
  no 'from.reset' write handler
Rx rate: 355210.789211
While executing 'Script@7 :: Script':
  no 'from.reset' write handler
Rx rate: 353812
While executing 'Script@7 :: Script':
  no 'from.reset' write handler
Rx rate: 354882
While executing 'Script@7 :: Script':
  no 'from.reset' write handler
Rx rate: 352362
While executing 'Script@7 :: Script':
  no 'from.reset' write handler
Rx rate: 360104
While executing 'Script@7 :: Script':
  no 'from.reset' write handler
Rx rate: 353597.597598
While executing 'Script@7 :: Script':
  no 'from.reset' write handler
Rx rate: 333691.691692
While executing 'Script@7 :: Script':
  no 'from.reset' write handler
Rx rate: 354338.661339
While executing 'Script@7 :: Script':
  no 'from.reset' write handler
Rx rate: 349888
While executing 'Script@7 :: Script':
  no 'from.reset' write handler
Rx rate: 350248
While executing 'Script@7 :: Script':
  no 'from.reset' write handler
Rx rate: 353916
While executing 'Script@7 :: Script':
  no 'from.reset' write handler
Rx rate: 355572
While executing 'Script@7 :: Script':
  no 'from.reset' write handler
Rx rate: 355050.949051
While executing 'Script@7 :: Script':
  no 'from.reset' write handler
Rx rate: 354857
While executing 'Script@7 :: Script':
  no 'from.reset' write handler
Rx rate: 354197
While executing 'Script@7 :: Script':
  no 'from.reset' write handler
Rx rate: 348690
While executing 'Script@7 :: Script':
  no 'from.reset' write handler
Rx rate: 350665
While executing 'Script@7 :: Script':
  no 'from.reset' write handler
Rx rate: 350772.227772
While executing 'Script@7 :: Script':
  no 'from.reset' write handler
Rx rate: 353784
While executing 'Script@7 :: Script':
  no 'from.reset' write handler
Rx rate: 354333
While executing 'Script@7 :: Script':
  no 'from.reset' write handler
Rx rate: 355183
While executing 'Script@7 :: Script':
  no 'from.reset' write handler
Rx rate: 356845.154845
While executing 'Script@7 :: Script':
  no 'from.reset' write handler
Rx rate: 362364.635365
While executing 'Script@7 :: Script':
  no 'from.reset' write handler
Rx rate: 356752
While executing 'Script@7 :: Script':
  no 'from.reset' write handler
Rx rate: 361259
While executing 'Script@7 :: Script':
  no 'from.reset' write handler
Rx rate: 353359.64036
While executing 'Script@7 :: Script':
  no 'from.reset' write handler
Rx rate: 350085
While executing 'Script@7 :: Script':
  no 'from.reset' write handler
Rx rate: 349863.136863
While executing 'Script@7 :: Script':
  no 'from.reset' write handler
Rx rate: 358017
While executing 'Script@7 :: Script':
  no 'from.reset' write handler
Rx rate: 343956.043956
While executing 'Script@7 :: Script':
  no 'from.reset' write handler
Rx rate: 354924
While executing 'Script@7 :: Script':
  no 'from.reset' write handler
Rx rate: 346527
While executing 'Script@7 :: Script':
  no 'from.reset' write handler
Rx rate: 358501
While executing 'Script@7 :: Script':
  no 'from.reset' write handler
Rx rate: 354749
While executing 'Script@7 :: Script':
  no 'from.reset' write handler
Rx rate: 355792
While executing 'Script@7 :: Script':
  no 'from.reset' write handler
Rx rate: 356627
While executing 'Script@7 :: Script':
  no 'from.reset' write handler
Rx rate: 346257
While executing 'Script@7 :: Script':
  no 'from.reset' write handler
Rx rate: 342194.610778
While executing 'Script@7 :: Script':
  no 'from.reset' write handler
Rx rate: 350345
While executing 'Script@7 :: Script':
  no 'from.reset' write handler
Rx rate: 355969.061876
While executing 'Script@7 :: Script':
  no 'from.reset' write handler
Rx rate: 356634
While executing 'Script@7 :: Script':
  no 'from.reset' write handler
Rx rate: 359774
While executing 'Script@7 :: Script':
  no 'from.reset' write handler
Rx rate: 353188
While executing 'Script@7 :: Script':
  no 'from.reset' write handler
Rx rate: 354781
While executing 'Script@7 :: Script':
  no 'from.reset' write handler
Rx rate: 354105
While executing 'Script@7 :: Script':
  no 'from.reset' write handler
Rx rate: 358824.175824
While executing 'Script@7 :: Script':
  no 'from.reset' write handler
Rx rate: 351695
While executing 'Script@7 :: Script':
  no 'from.reset' write handler
Rx rate: 353737
While executing 'Script@7 :: Script':
  no 'from.reset' write handler
Rx rate: 355643.356643
While executing 'Script@7 :: Script':
  no 'from.reset' write handler
Rx rate: 354109.89011
While executing 'Script@7 :: Script':
  no 'from.reset' write handler
Rx rate: 354590.818363
While executing 'Script@7 :: Script':
  no 'from.reset' write handler
Rx rate: 357438
While executing 'Script@7 :: Script':
  no 'from.reset' write handler
Rx rate: 351252
While executing 'Script@7 :: Script':
  no 'from.reset' write handler
Rx rate: 354023
While executing 'Script@7 :: Script':
  no 'from.reset' write handler
Rx rate: 352345.309381
While executing 'Script@7 :: Script':
  no 'from.reset' write handler
Rx rate: 352467
While executing 'Script@7 :: Script':
  no 'from.reset' write handler
Rx rate: 351681
While executing 'Script@7 :: Script':
  no 'from.reset' write handler
Rx rate: 353640
While executing 'Script@7 :: Script':
  no 'from.reset' write handler
Rx rate: 354487
While executing 'Script@7 :: Script':
  no 'from.reset' write handler
Rx rate: 353936
While executing 'Script@7 :: Script':
  no 'from.reset' write handler
Rx rate: 355710
While executing 'Script@7 :: Script':
  no 'from.reset' write handler
Rx rate: 358172
While executing 'Script@7 :: Script':
  no 'from.reset' write handler
Rx rate: 351349.65035
While executing 'Script@7 :: Script':
  no 'from.reset' write handler
Rx rate: 349898.203593
While executing 'Script@7 :: Script':
  no 'from.reset' write handler
Rx rate: 355499
While executing 'Script@7 :: Script':
  no 'from.reset' write handler
Rx rate: 352003.996004
While executing 'Script@7 :: Script':
  no 'from.reset' write handler
Rx rate: 354624
While executing 'Script@7 :: Script':
  no 'from.reset' write handler
Rx rate: 335772.227772
While executing 'Script@7 :: Script':
  no 'from.reset' write handler
Rx rate: 357980.01998
While executing 'Script@7 :: Script':
  no 'from.reset' write handler
Rx rate: 354642
While executing 'Script@7 :: Script':
  no 'from.reset' write handler
Rx rate: 357248
While executing 'Script@7 :: Script':
  no 'from.reset' write handler
Rx rate: 358571
While executing 'Script@7 :: Script':
  no 'from.reset' write handler
Rx rate: 351257.742258
While executing 'Script@7 :: Script':
  no 'from.reset' write handler
Rx rate: 355740.25974
While executing 'Script@7 :: Script':
  no 'from.reset' write handler
Rx rate: 353100
While executing 'Script@7 :: Script':
  no 'from.reset' write handler
Rx rate: 357408
While executing 'Script@7 :: Script':
  no 'from.reset' write handler
Rx rate: 351385.614386
While executing 'Script@7 :: Script':
  no 'from.reset' write handler
Rx rate: 355697.302697
While executing 'Script@7 :: Script':
  no 'from.reset' write handler
Rx rate: 353490
While executing 'Script@7 :: Script':
  no 'from.reset' write handler
Rx rate: 357645
While executing 'Script@7 :: Script':
  no 'from.reset' write handler
Rx rate: 356157
While executing 'Script@7 :: Script':
  no 'from.reset' write handler
Rx rate: 350657
While executing 'Script@7 :: Script':
  no 'from.reset' write handler
Rx rate: 356854
While executing 'Script@7 :: Script':
  no 'from.reset' write handler
Rx rate: 354946.107784
While executing 'Script@7 :: Script':
  no 'from.reset' write handler
Rx rate: 355340
While executing 'Script@7 :: Script':
  no 'from.reset' write handler
Rx rate: 361752.247752
While executing 'Script@7 :: Script':
  no 'from.reset' write handler
Rx rate: 355385.614386
While executing 'Script@7 :: Script':
  no 'from.reset' write handler
Rx rate: 353568
While executing 'Script@7 :: Script':
  no 'from.reset' write handler
Rx rate: 354731
While executing 'Script@7 :: Script':
  no 'from.reset' write handler
Rx rate: 360955
While executing 'Script@7 :: Script':
  no 'from.reset' write handler
Rx rate: 359642
While executing 'Script@7 :: Script':
  no 'from.reset' write handler
Rx rate: 357150
While executing 'Script@7 :: Script':
  no 'from.reset' write handler
Rx rate: 355503
While executing 'Script@7 :: Script':
  no 'from.reset' write handler
Rx rate: 353444
While executing 'Script@7 :: Script':
  no 'from.reset' write handler
Rx rate: 349574
While executing 'Script@7 :: Script':
  no 'from.reset' write handler
Rx rate: 350827.172827
While executing 'Script@7 :: Script':
  no 'from.reset' write handler
Rx rate: 359936
While executing 'Script@7 :: Script':
  no 'from.reset' write handler
Rx rate: 334825.174825
While executing 'Script@7 :: Script':
  no 'from.reset' write handler
Rx rate: 360746
While executing 'Script@7 :: Script':
  no 'from.reset' write handler
Rx rate: 359452
While executing 'Script@7 :: Script':
  no 'from.reset' write handler
Rx rate: 362378.243513
While executing 'Script@7 :: Script':
  no 'from.reset' write handler
Rx rate: 362871
While executing 'Script@7 :: Script':
  no 'from.reset' write handler
Rx rate: 355894
While executing 'Script@7 :: Script':
  no 'from.reset' write handler
Rx rate: 349621
While executing 'Script@7 :: Script':
  no 'from.reset' write handler
Rx rate: 354629
While executing 'Script@7 :: Script':
  no 'from.reset' write handler
Rx rate: 354288.711289
While executing 'Script@7 :: Script':
  no 'from.reset' write handler
Rx rate: 350528.471528
While executing 'Script@7 :: Script':
  no 'from.reset' write handler
Rx rate: 355088
While executing 'Script@7 :: Script':
  no 'from.reset' write handler
Rx rate: 359869
While executing 'Script@7 :: Script':
  no 'from.reset' write handler
Rx rate: 352543
While executing 'Script@7 :: Script':
  no 'from.reset' write handler
Rx rate: 351588
While executing 'Script@7 :: Script':
  no 'from.reset' write handler
Rx rate: 354421.157685
While executing 'Script@7 :: Script':
  no 'from.reset' write handler
Rx rate: 354315
While executing 'Script@7 :: Script':
  no 'from.reset' write handler
Rx rate: 356202.797203
While executing 'Script@7 :: Script':
  no 'from.reset' write handler
Rx rate: 353803
While executing 'Script@7 :: Script':
  no 'from.reset' write handler
Rx rate: 352510.978044
While executing 'Script@7 :: Script':
  no 'from.reset' write handler
Rx rate: 350547
While executing 'Script@7 :: Script':
  no 'from.reset' write handler
Rx rate: 352824
While executing 'Script@7 :: Script':
  no 'from.reset' write handler
Rx rate: 360507
While executing 'Script@7 :: Script':
  no 'from.reset' write handler
Rx rate: 359339
While executing 'Script@7 :: Script':
  no 'from.reset' write handler
Rx rate: 356185
While executing 'Script@7 :: Script':
  no 'from.reset' write handler
Rx rate: 350725
While executing 'Script@7 :: Script':
  no 'from.reset' write handler
Rx rate: 354288
While executing 'Script@7 :: Script':
  no 'from.reset' write handler
Rx rate: 352440.559441
While executing 'Script@7 :: Script':
  no 'from.reset' write handler
Rx rate: 351813
While executing 'Script@7 :: Script':
  no 'from.reset' write handler
Rx rate: 356533.466533
While executing 'Script@7 :: Script':
  no 'from.reset' write handler
Rx rate: 353377
While executing 'Script@7 :: Script':
  no 'from.reset' write handler
Rx rate: 336815
While executing 'Script@7 :: Script':
  no 'from.reset' write handler
Rx rate: 353755
While executing 'Script@7 :: Script':
  no 'from.reset' write handler
Rx rate: 356400
While executing 'Script@7 :: Script':
  no 'from.reset' write handler
Rx rate: 355405
While executing 'Script@7 :: Script':
  no 'from.reset' write handler
Rx rate: 357098.901099
While executing 'Script@7 :: Script':
  no 'from.reset' write handler
Rx rate: 351031.968032
While executing 'Script@7 :: Script':
  no 'from.reset' write handler
Rx rate: 354388
While executing 'Script@7 :: Script':
  no 'from.reset' write handler
Rx rate: 357542
While executing 'Script@7 :: Script':
  no 'from.reset' write handler
Rx rate: 355249
While executing 'Script@7 :: Script':
  no 'from.reset' write handler
Rx rate: 349092
While executing 'Script@7 :: Script':
  no 'from.reset' write handler
Rx rate: 354910
While executing 'Script@7 :: Script':
  no 'from.reset' write handler
Rx rate: 351456.087824
While executing 'Script@7 :: Script':
  no 'from.reset' write handler
Rx rate: 354335
While executing 'Script@7 :: Script':
  no 'from.reset' write handler
Rx rate: 354363
While executing 'Script@7 :: Script':
  no 'from.reset' write handler
Rx rate: 351800
While executing 'Script@7 :: Script':
  no 'from.reset' write handler
Rx rate: 353800.1998
While executing 'Script@7 :: Script':
  no 'from.reset' write handler
Rx rate: 350433.566434
While executing 'Script@7 :: Script':
  no 'from.reset' write handler
Rx rate: 355143
While executing 'Script@7 :: Script':
  no 'from.reset' write handler
Rx rate: 355384.615385
While executing 'Script@7 :: Script':
  no 'from.reset' write handler
Rx rate: 352447.552448
While executing 'Script@7 :: Script':
  no 'from.reset' write handler
Rx rate: 357416
While executing 'Script@7 :: Script':
  no 'from.reset' write handler
Rx rate: 349682.317682
While executing 'Script@7 :: Script':
  no 'from.reset' write handler
Rx rate: 351511
While executing 'Script@7 :: Script':
  no 'from.reset' write handler
Rx rate: 352543.456543
While executing 'Script@7 :: Script':
  no 'from.reset' write handler
Rx rate: 350473
While executing 'Script@7 :: Script':
  no 'from.reset' write handler
Rx rate: 357936
While executing 'Script@7 :: Script':
  no 'from.reset' write handler
Rx rate: 354826
While executing 'Script@7 :: Script':
  no 'from.reset' write handler
Rx rate: 351261
While executing 'Script@7 :: Script':
  no 'from.reset' write handler
Rx rate: 348541.458541
While executing 'Script@7 :: Script':
  no 'from.reset' write handler
Rx rate: 350673
While executing 'Script@7 :: Script':
  no 'from.reset' write handler
Rx rate: 347268.463074
While executing 'Script@7 :: Script':
  no 'from.reset' write handler
Rx rate: 334209
While executing 'Script@7 :: Script':
  no 'from.reset' write handler
Rx rate: 353090
While executing 'Script@7 :: Script':
  no 'from.reset' write handler
Rx rate: 358120
While executing 'Script@7 :: Script':
  no 'from.reset' write handler
Rx rate: 351702.297702
While executing 'Script@7 :: Script':
  no 'from.reset' write handler
Rx rate: 357776
While executing 'Script@7 :: Script':
  no 'from.reset' write handler
Rx rate: 351747.252747
While executing 'Script@7 :: Script':
  no 'from.reset' write handler
Rx rate: 359925
While executing 'Script@7 :: Script':
  no 'from.reset' write handler
Rx rate: 354275
While executing 'Script@7 :: Script':
  no 'from.reset' write handler
Rx rate: 358545
While executing 'Script@7 :: Script':
  no 'from.reset' write handler
AUTOTEST_DONE
