/tmp/linux.click:2: While initializing 'from :: FromDevice':
  warning: ens7: no IPv4 address assigned
Startup trace (nsec): main: 8869513333
Startup trace (nsec): init done: 8879204223
Rx rate: 0
While executing 'Script@7 :: Script':
  no 'from.reset' write handler
Rx rate: 872093.75
While executing 'Script@7 :: Script':
  no 'from.reset' write handler
Rx rate: 612923
While executing 'Script@7 :: Script':
  no 'from.reset' write handler
Rx rate: 875608.782435
While executing 'Script@7 :: Script':
  no 'from.reset' write handler
Rx rate: 871932.270916
While executing 'Script@7 :: Script':
  no 'from.reset' write handler
Rx rate: 811019.96008
While executing 'Script@7 :: Script':
  no 'from.reset' write handler
Rx rate: 871794
While executing 'Script@7 :: Script':
  no 'from.reset' write handler
Rx rate: 865140
While executing 'Script@7 :: Script':
  no 'from.reset' write handler
Rx rate: 836167
While executing 'Script@7 :: Script':
  no 'from.reset' write handler
Rx rate: 863028.971029
While executing 'Script@7 :: Script':
  no 'from.reset' write handler
Rx rate: 866654.345654
While executing 'Script@7 :: Script':
  no 'from.reset' write handler
Rx rate: 862988
While executing 'Script@7 :: Script':
  no 'from.reset' write handler
Rx rate: 841749
While executing 'Script@7 :: Script':
  no 'from.reset' write handler
Rx rate: 864412
While executing 'Script@7 :: Script':
  no 'from.reset' write handler
Rx rate: 867429.57043
While executing 'Script@7 :: Script':
  no 'from.reset' write handler
Rx rate: 844984
While executing 'Script@7 :: Script':
  no 'from.reset' write handler
Rx rate: 864956
While executing 'Script@7 :: Script':
  no 'from.reset' write handler
Rx rate: 867195.804196
While executing 'Script@7 :: Script':
  no 'from.reset' write handler
Rx rate: 834891.108891
While executing 'Script@7 :: Script':
  no 'from.reset' write handler
Rx rate: 862640.35964
While executing 'Script@7 :: Script':
  no 'from.reset' write handler
Rx rate: 867389
While executing 'Script@7 :: Script':
  no 'from.reset' write handler
Rx rate: 809212.787213
While executing 'Script@7 :: Script':
  no 'from.reset' write handler
Rx rate: 862080
While executing 'Script@7 :: Script':
  no 'from.reset' write handler
Rx rate: 860656
While executing 'Script@7 :: Script':
  no 'from.reset' write handler
Rx rate: 811705
While executing 'Script@7 :: Script':
  no 'from.reset' write handler
Rx rate: 856688.311688
While executing 'Script@7 :: Script':
  no 'from.reset' write handler
Rx rate: 858727
While executing 'Script@7 :: Script':
  no 'from.reset' write handler
Rx rate: 823488
While executing 'Script@7 :: Script':
  no 'from.reset' write handler
Rx rate: 800907.092907
While executing 'Script@7 :: Script':
  no 'from.reset' write handler
Rx rate: 858710
While executing 'Script@7 :: Script':
  no 'from.reset' write handler
Rx rate: 863758
While executing 'Script@7 :: Script':
  no 'from.reset' write handler
Rx rate: 860830.16983
While executing 'Script@7 :: Script':
  no 'from.reset' write handler
Rx rate: 860656
While executing 'Script@7 :: Script':
  no 'from.reset' write handler
Rx rate: 866264.735265
While executing 'Script@7 :: Script':
  no 'from.reset' write handler
Rx rate: 861345.654346
While executing 'Script@7 :: Script':
  no 'from.reset' write handler
Rx rate: 863673.326673
While executing 'Script@7 :: Script':
  no 'from.reset' write handler
Rx rate: 846855
While executing 'Script@7 :: Script':
  no 'from.reset' write handler
Rx rate: 856709
While executing 'Script@7 :: Script':
  no 'from.reset' write handler
Rx rate: 858900.0999
While executing 'Script@7 :: Script':
  no 'from.reset' write handler
Rx rate: 860429
While executing 'Script@7 :: Script':
  no 'from.reset' write handler
Rx rate: 862337
While executing 'Script@7 :: Script':
  no 'from.reset' write handler
Rx rate: 855993
While executing 'Script@7 :: Script':
  no 'from.reset' write handler
Rx rate: 861040
While executing 'Script@7 :: Script':
  no 'from.reset' write handler
Rx rate: 858065
While executing 'Script@7 :: Script':
  no 'from.reset' write handler
Rx rate: 858755.244755
While executing 'Script@7 :: Script':
  no 'from.reset' write handler
Rx rate: 846408
While executing 'Script@7 :: Script':
  no 'from.reset' write handler
Rx rate: 850897
While executing 'Script@7 :: Script':
  no 'from.reset' write handler
Rx rate: 851798
While executing 'Script@7 :: Script':
  no 'from.reset' write handler
Rx rate: 851021
While executing 'Script@7 :: Script':
  no 'from.reset' write handler
Rx rate: 858410
While executing 'Script@7 :: Script':
  no 'from.reset' write handler
Rx rate: 858498.501499
While executing 'Script@7 :: Script':
  no 'from.reset' write handler
Rx rate: 860654
While executing 'Script@7 :: Script':
  no 'from.reset' write handler
Rx rate: 853328.671329
While executing 'Script@7 :: Script':
  no 'from.reset' write handler
Rx rate: 854439
While executing 'Script@7 :: Script':
  no 'from.reset' write handler
Rx rate: 852550.44955
While executing 'Script@7 :: Script':
  no 'from.reset' write handler
Rx rate: 860135
While executing 'Script@7 :: Script':
  no 'from.reset' write handler
Rx rate: 852442.557443
While executing 'Script@7 :: Script':
  no 'from.reset' write handler
Rx rate: 811394
While executing 'Script@7 :: Script':
  no 'from.reset' write handler
Rx rate: 848688
While executing 'Script@7 :: Script':
  no 'from.reset' write handler
Rx rate: 854919
While executing 'Script@7 :: Script':
  no 'from.reset' write handler
Rx rate: 848924.075924
While executing 'Script@7 :: Script':
  no 'from.reset' write handler
Rx rate: 852108
While executing 'Script@7 :: Script':
  no 'from.reset' write handler
Rx rate: 853659
While executing 'Script@7 :: Script':
  no 'from.reset' write handler
Rx rate: 853271
While executing 'Script@7 :: Script':
  no 'from.reset' write handler
Rx rate: 863635
While executing 'Script@7 :: Script':
  no 'from.reset' write handler
Rx rate: 869276.447106
While executing 'Script@7 :: Script':
  no 'from.reset' write handler
Rx rate: 857461.538462
While executing 'Script@7 :: Script':
  no 'from.reset' write handler
Rx rate: 854547
While executing 'Script@7 :: Script':
  no 'from.reset' write handler
Rx rate: 857751
While executing 'Script@7 :: Script':
  no 'from.reset' write handler
Rx rate: 859536.463536
While executing 'Script@7 :: Script':
  no 'from.reset' write handler
Rx rate: 849450
While executing 'Script@7 :: Script':
  no 'from.reset' write handler
Rx rate: 852886
While executing 'Script@7 :: Script':
  no 'from.reset' write handler
Rx rate: 852627
While executing 'Script@7 :: Script':
  no 'from.reset' write handler
Rx rate: 854959
While executing 'Script@7 :: Script':
  no 'from.reset' write handler
Rx rate: 848481
While executing 'Script@7 :: Script':
  no 'from.reset' write handler
Rx rate: 856890
While executing 'Script@7 :: Script':
  no 'from.reset' write handler
Rx rate: 854229.77023
While executing 'Script@7 :: Script':
  no 'from.reset' write handler
Rx rate: 847336
While executing 'Script@7 :: Script':
  no 'from.reset' write handler
Rx rate: 850534
While executing 'Script@7 :: Script':
  no 'from.reset' write handler
Rx rate: 851592
While executing 'Script@7 :: Script':
  no 'from.reset' write handler
Rx rate: 853903
While executing 'Script@7 :: Script':
  no 'from.reset' write handler
Rx rate: 859617
While executing 'Script@7 :: Script':
  no 'from.reset' write handler
Rx rate: 857089
While executing 'Script@7 :: Script':
  no 'from.reset' write handler
Rx rate: 859485
While executing 'Script@7 :: Script':
  no 'from.reset' write handler
Rx rate: 846926
While executing 'Script@7 :: Script':
  no 'from.reset' write handler
Rx rate: 856041.958042
While executing 'Script@7 :: Script':
  no 'from.reset' write handler
Rx rate: 847706
While executing 'Script@7 :: Script':
  no 'from.reset' write handler
Rx rate: 841378
While executing 'Script@7 :: Script':
  no 'from.reset' write handler
Rx rate: 816553
While executing 'Script@7 :: Script':
  no 'from.reset' write handler
Rx rate: 851387.612388
While executing 'Script@7 :: Script':
  no 'from.reset' write handler
Rx rate: 856005
While executing 'Script@7 :: Script':
  no 'from.reset' write handler
Rx rate: 855215
While executing 'Script@7 :: Script':
  no 'from.reset' write handler
Rx rate: 850993.006993
While executing 'Script@7 :: Script':
  no 'from.reset' write handler
Rx rate: 849514
While executing 'Script@7 :: Script':
  no 'from.reset' write handler
Rx rate: 861945
While executing 'Script@7 :: Script':
  no 'from.reset' write handler
Rx rate: 861945
While executing 'Script@7 :: Script':
  no 'from.reset' write handler
Rx rate: 848924.075924
While executing 'Script@7 :: Script':
  no 'from.reset' write handler
Rx rate: 844460
While executing 'Script@7 :: Script':
  no 'from.reset' write handler
Rx rate: 859858
While executing 'Script@7 :: Script':
  no 'from.reset' write handler
Rx rate: 857025
While executing 'Script@7 :: Script':
  no 'from.reset' write handler
Rx rate: 854159
While executing 'Script@7 :: Script':
  no 'from.reset' write handler
Rx rate: 855993
While executing 'Script@7 :: Script':
  no 'from.reset' write handler
Rx rate: 857289
While executing 'Script@7 :: Script':
  no 'from.reset' write handler
Rx rate: 851461
While executing 'Script@7 :: Script':
  no 'from.reset' write handler
Rx rate: 849576.423576
While executing 'Script@7 :: Script':
  no 'from.reset' write handler
Rx rate: 848670.32967
While executing 'Script@7 :: Script':
  no 'from.reset' write handler
Rx rate: 848743
While executing 'Script@7 :: Script':
  no 'from.reset' write handler
Rx rate: 838848
While executing 'Script@7 :: Script':
  no 'from.reset' write handler
Rx rate: 847595
While executing 'Script@7 :: Script':
  no 'from.reset' write handler
Rx rate: 858843
While executing 'Script@7 :: Script':
  no 'from.reset' write handler
Rx rate: 848739
While executing 'Script@7 :: Script':
  no 'from.reset' write handler
Rx rate: 852338.661339
While executing 'Script@7 :: Script':
  no 'from.reset' write handler
Rx rate: 854698
While executing 'Script@7 :: Script':
  no 'from.reset' write handler
Rx rate: 851591
While executing 'Script@7 :: Script':
  no 'from.reset' write handler
Rx rate: 843691
While executing 'Script@7 :: Script':
  no 'from.reset' write handler
Rx rate: 849131
While executing 'Script@7 :: Script':
  no 'from.reset' write handler
Rx rate: 855316.367265
While executing 'Script@7 :: Script':
  no 'from.reset' write handler
Rx rate: 864994
While executing 'Script@7 :: Script':
  no 'from.reset' write handler
Rx rate: 821802
While executing 'Script@7 :: Script':
  no 'from.reset' write handler
Rx rate: 860568.431568
While executing 'Script@7 :: Script':
  no 'from.reset' write handler
Rx rate: 859620
While executing 'Script@7 :: Script':
  no 'from.reset' write handler
Rx rate: 858641
While executing 'Script@7 :: Script':
  no 'from.reset' write handler
Rx rate: 852880
While executing 'Script@7 :: Script':
  no 'from.reset' write handler
Rx rate: 854952
While executing 'Script@7 :: Script':
  no 'from.reset' write handler
Rx rate: 853663
While executing 'Script@7 :: Script':
  no 'from.reset' write handler
Rx rate: 852029.97003
While executing 'Script@7 :: Script':
  no 'from.reset' write handler
Rx rate: 858496.503497
While executing 'Script@7 :: Script':
  no 'from.reset' write handler
Rx rate: 852738
While executing 'Script@7 :: Script':
  no 'from.reset' write handler
Rx rate: 853815
While executing 'Script@7 :: Script':
  no 'from.reset' write handler
Rx rate: 841488
While executing 'Script@7 :: Script':
  no 'from.reset' write handler
Rx rate: 856763
While executing 'Script@7 :: Script':
  no 'from.reset' write handler
Rx rate: 845971.057884
While executing 'Script@7 :: Script':
  no 'from.reset' write handler
Rx rate: 855992
While executing 'Script@7 :: Script':
  no 'from.reset' write handler
Rx rate: 859358
While executing 'Script@7 :: Script':
  no 'from.reset' write handler
Rx rate: 857027
While executing 'Script@7 :: Script':
  no 'from.reset' write handler
Rx rate: 859874
While executing 'Script@7 :: Script':
  no 'from.reset' write handler
Rx rate: 849778
While executing 'Script@7 :: Script':
  no 'from.reset' write handler
Rx rate: 849795.204795
While executing 'Script@7 :: Script':
  no 'from.reset' write handler
Rx rate: 852633
While executing 'Script@7 :: Script':
  no 'from.reset' write handler
Rx rate: 863111
While executing 'Script@7 :: Script':
  no 'from.reset' write handler
Rx rate: 849703.296703
While executing 'Script@7 :: Script':
  no 'from.reset' write handler
Rx rate: 852893
While executing 'Script@7 :: Script':
  no 'from.reset' write handler
Rx rate: 852552.447552
While executing 'Script@7 :: Script':
  no 'from.reset' write handler
Rx rate: 850294
While executing 'Script@7 :: Script':
  no 'from.reset' write handler
Rx rate: 848741
While executing 'Script@7 :: Script':
  no 'from.reset' write handler
Rx rate: 851590
While executing 'Script@7 :: Script':
  no 'from.reset' write handler
Rx rate: 853400
While executing 'Script@7 :: Script':
  no 'from.reset' write handler
Rx rate: 848950
While executing 'Script@7 :: Script':
  no 'from.reset' write handler
Rx rate: 808528.471528
While executing 'Script@7 :: Script':
  no 'from.reset' write handler
Rx rate: 862108
While executing 'Script@7 :: Script':
  no 'from.reset' write handler
Rx rate: 854616.383616
While executing 'Script@7 :: Script':
  no 'from.reset' write handler
Rx rate: 857806
While executing 'Script@7 :: Script':
  no 'from.reset' write handler
Rx rate: 842553
While executing 'Script@7 :: Script':
  no 'from.reset' write handler
Rx rate: 852549.450549
While executing 'Script@7 :: Script':
  no 'from.reset' write handler
Rx rate: 853922
While executing 'Script@7 :: Script':
  no 'from.reset' write handler
Rx rate: 846340.659341
While executing 'Script@7 :: Script':
  no 'from.reset' write handler
Rx rate: 844597
While executing 'Script@7 :: Script':
  no 'from.reset' write handler
Rx rate: 849654.345654
While executing 'Script@7 :: Script':
  no 'from.reset' write handler
Rx rate: 857495
While executing 'Script@7 :: Script':
  no 'from.reset' write handler
Rx rate: 852312
While executing 'Script@7 :: Script':
  no 'from.reset' write handler
Rx rate: 859269.73027
While executing 'Script@7 :: Script':
  no 'from.reset' write handler
Rx rate: 852549.450549
While executing 'Script@7 :: Script':
  no 'from.reset' write handler
Rx rate: 851264.735265
While executing 'Script@7 :: Script':
  no 'from.reset' write handler
Rx rate: 847965
While executing 'Script@7 :: Script':
  no 'from.reset' write handler
Rx rate: 853176.470588
While executing 'Script@7 :: Script':
  no 'from.reset' write handler
Rx rate: 856948.051948
While executing 'Script@7 :: Script':
  no 'from.reset' write handler
Rx rate: 854177
While executing 'Script@7 :: Script':
  no 'from.reset' write handler
Rx rate: 850245
While executing 'Script@7 :: Script':
  no 'from.reset' write handler
Rx rate: 854102
While executing 'Script@7 :: Script':
  no 'from.reset' write handler
Rx rate: 846879
While executing 'Script@7 :: Script':
  no 'from.reset' write handler
Rx rate: 861433
While executing 'Script@7 :: Script':
  no 'from.reset' write handler
Rx rate: 848415
While executing 'Script@7 :: Script':
  no 'from.reset' write handler
Rx rate: 862981
While executing 'Script@7 :: Script':
  no 'from.reset' write handler
Rx rate: 849876.123876
While executing 'Script@7 :: Script':
  no 'from.reset' write handler
Rx rate: 851458
While executing 'Script@7 :: Script':
  no 'from.reset' write handler
Rx rate: 851384.615385
While executing 'Script@7 :: Script':
  no 'from.reset' write handler
Rx rate: 861686
While executing 'Script@7 :: Script':
  no 'from.reset' write handler
Rx rate: 844994.005994
While executing 'Script@7 :: Script':
  no 'from.reset' write handler
Rx rate: 830044
While executing 'Script@7 :: Script':
  no 'from.reset' write handler
Rx rate: 856962
While executing 'Script@7 :: Script':
  no 'from.reset' write handler
Rx rate: 849646
While executing 'Script@7 :: Script':
  no 'from.reset' write handler
Rx rate: 843434
While executing 'Script@7 :: Script':
  no 'from.reset' write handler
Rx rate: 844012.987013
While executing 'Script@7 :: Script':
  no 'from.reset' write handler
AUTOTEST_DONE
