/tmp/linux.click:2: While initializing 'from :: FromDevice':
  warning: ens7: no IPv4 address assigned
Startup trace (nsec): main: 8886073802
Startup trace (nsec): init done: 8898073754
Rx rate: 0
While executing 'Script@7 :: Script':
  no 'from.reset' write handler
Rx rate: 364413.22314
While executing 'Script@7 :: Script':
  no 'from.reset' write handler
Rx rate: 250832.669323
While executing 'Script@7 :: Script':
  no 'from.reset' write handler
Rx rate: 363066.799601
While executing 'Script@7 :: Script':
  no 'from.reset' write handler
Rx rate: 360201.596806
While executing 'Script@7 :: Script':
  no 'from.reset' write handler
Rx rate: 347618.381618
While executing 'Script@7 :: Script':
  no 'from.reset' write handler
Rx rate: 355398
While executing 'Script@7 :: Script':
  no 'from.reset' write handler
Rx rate: 362048
While executing 'Script@7 :: Script':
  no 'from.reset' write handler
Rx rate: 345388
While executing 'Script@7 :: Script':
  no 'from.reset' write handler
Rx rate: 358170.829171
While executing 'Script@7 :: Script':
  no 'from.reset' write handler
Rx rate: 365601
While executing 'Script@7 :: Script':
  no 'from.reset' write handler
Rx rate: 362167
While executing 'Script@7 :: Script':
  no 'from.reset' write handler
Rx rate: 346954.045954
While executing 'Script@7 :: Script':
  no 'from.reset' write handler
Rx rate: 356865.134865
While executing 'Script@7 :: Script':
  no 'from.reset' write handler
Rx rate: 360705
While executing 'Script@7 :: Script':
  no 'from.reset' write handler
Rx rate: 349789
While executing 'Script@7 :: Script':
  no 'from.reset' write handler
Rx rate: 362285
While executing 'Script@7 :: Script':
  no 'from.reset' write handler
Rx rate: 367845.845846
While executing 'Script@7 :: Script':
  no 'from.reset' write handler
Rx rate: 342930
While executing 'Script@7 :: Script':
  no 'from.reset' write handler
Rx rate: 358610
While executing 'Script@7 :: Script':
  no 'from.reset' write handler
Rx rate: 359343
While executing 'Script@7 :: Script':
  no 'from.reset' write handler
Rx rate: 337533
While executing 'Script@7 :: Script':
  no 'from.reset' write handler
Rx rate: 358124.875125
While executing 'Script@7 :: Script':
  no 'from.reset' write handler
Rx rate: 366667
While executing 'Script@7 :: Script':
  no 'from.reset' write handler
Rx rate: 339632.367632
While executing 'Script@7 :: Script':
  no 'from.reset' write handler
Rx rate: 354245
While executing 'Script@7 :: Script':
  no 'from.reset' write handler
Rx rate: 360578
While executing 'Script@7 :: Script':
  no 'from.reset' write handler
Rx rate: 347207
While executing 'Script@7 :: Script':
  no 'from.reset' write handler
Rx rate: 342032
While executing 'Script@7 :: Script':
  no 'from.reset' write handler
Rx rate: 356991.008991
While executing 'Script@7 :: Script':
  no 'from.reset' write handler
Rx rate: 363454
While executing 'Script@7 :: Script':
  no 'from.reset' write handler
Rx rate: 358573.426573
While executing 'Script@7 :: Script':
  no 'from.reset' write handler
Rx rate: 357557
While executing 'Script@7 :: Script':
  no 'from.reset' write handler
Rx rate: 361306
While executing 'Script@7 :: Script':
  no 'from.reset' write handler
Rx rate: 363658
While executing 'Script@7 :: Script':
  no 'from.reset' write handler
Rx rate: 359550
While executing 'Script@7 :: Script':
  no 'from.reset' write handler
Rx rate: 366051.948052
While executing 'Script@7 :: Script':
  no 'from.reset' write handler
Rx rate: 354652
While executing 'Script@7 :: Script':
  no 'from.reset' write handler
Rx rate: 362064
While executing 'Script@7 :: Script':
  no 'from.reset' write handler
Rx rate: 362542
While executing 'Script@7 :: Script':
  no 'from.reset' write handler
Rx rate: 351738
While executing 'Script@7 :: Script':
  no 'from.reset' write handler
Rx rate: 361563
While executing 'Script@7 :: Script':
  no 'from.reset' write handler
Rx rate: 363835
While executing 'Script@7 :: Script':
  no 'from.reset' write handler
Rx rate: 365104
While executing 'Script@7 :: Script':
  no 'from.reset' write handler
Rx rate: 359989
While executing 'Script@7 :: Script':
  no 'from.reset' write handler
Rx rate: 361789
While executing 'Script@7 :: Script':
  no 'from.reset' write handler
Rx rate: 358293
While executing 'Script@7 :: Script':
  no 'from.reset' write handler
Rx rate: 359325.674326
While executing 'Script@7 :: Script':
  no 'from.reset' write handler
Rx rate: 359675
While executing 'Script@7 :: Script':
  no 'from.reset' write handler
Rx rate: 364516
While executing 'Script@7 :: Script':
  no 'from.reset' write handler
Rx rate: 356690.690691
While executing 'Script@7 :: Script':
  no 'from.reset' write handler
Rx rate: 362440
While executing 'Script@7 :: Script':
  no 'from.reset' write handler
Rx rate: 356925
While executing 'Script@7 :: Script':
  no 'from.reset' write handler
Rx rate: 360645
While executing 'Script@7 :: Script':
  no 'from.reset' write handler
Rx rate: 356278.721279
While executing 'Script@7 :: Script':
  no 'from.reset' write handler
Rx rate: 354462
While executing 'Script@7 :: Script':
  no 'from.reset' write handler
Rx rate: 358921
While executing 'Script@7 :: Script':
  no 'from.reset' write handler
Rx rate: 352382
While executing 'Script@7 :: Script':
  no 'from.reset' write handler
Rx rate: 350921
While executing 'Script@7 :: Script':
  no 'from.reset' write handler
Rx rate: 359031.968032
While executing 'Script@7 :: Script':
  no 'from.reset' write handler
Rx rate: 362499
While executing 'Script@7 :: Script':
  no 'from.reset' write handler
Rx rate: 360236
While executing 'Script@7 :: Script':
  no 'from.reset' write handler
Rx rate: 357425
While executing 'Script@7 :: Script':
  no 'from.reset' write handler
Rx rate: 363711.288711
While executing 'Script@7 :: Script':
  no 'from.reset' write handler
Rx rate: 363111
While executing 'Script@7 :: Script':
  no 'from.reset' write handler
Rx rate: 353241
While executing 'Script@7 :: Script':
  no 'from.reset' write handler
Rx rate: 353964
While executing 'Script@7 :: Script':
  no 'from.reset' write handler
Rx rate: 355020.979021
While executing 'Script@7 :: Script':
  no 'from.reset' write handler
Rx rate: 362779
While executing 'Script@7 :: Script':
  no 'from.reset' write handler
Rx rate: 359178
While executing 'Script@7 :: Script':
  no 'from.reset' write handler
Rx rate: 359556.443556
While executing 'Script@7 :: Script':
  no 'from.reset' write handler
Rx rate: 353297
While executing 'Script@7 :: Script':
  no 'from.reset' write handler
Rx rate: 357531
While executing 'Script@7 :: Script':
  no 'from.reset' write handler
Rx rate: 358234.765235
While executing 'Script@7 :: Script':
  no 'from.reset' write handler
Rx rate: 357589
While executing 'Script@7 :: Script':
  no 'from.reset' write handler
Rx rate: 360307
While executing 'Script@7 :: Script':
  no 'from.reset' write handler
Rx rate: 356633
While executing 'Script@7 :: Script':
  no 'from.reset' write handler
Rx rate: 357623
While executing 'Script@7 :: Script':
  no 'from.reset' write handler
Rx rate: 358435
While executing 'Script@7 :: Script':
  no 'from.reset' write handler
Rx rate: 354111
While executing 'Script@7 :: Script':
  no 'from.reset' write handler
Rx rate: 357895
While executing 'Script@7 :: Script':
  no 'from.reset' write handler
Rx rate: 360815
While executing 'Script@7 :: Script':
  no 'from.reset' write handler
Rx rate: 360322
While executing 'Script@7 :: Script':
  no 'from.reset' write handler
Rx rate: 360732
While executing 'Script@7 :: Script':
  no 'from.reset' write handler
Rx rate: 362429.57043
While executing 'Script@7 :: Script':
  no 'from.reset' write handler
Rx rate: 362389
While executing 'Script@7 :: Script':
  no 'from.reset' write handler
Rx rate: 359845
While executing 'Script@7 :: Script':
  no 'from.reset' write handler
Rx rate: 359345
While executing 'Script@7 :: Script':
  no 'from.reset' write handler
Rx rate: 347854
While executing 'Script@7 :: Script':
  no 'from.reset' write handler
Rx rate: 362102
While executing 'Script@7 :: Script':
  no 'from.reset' write handler
Rx rate: 360748
While executing 'Script@7 :: Script':
  no 'from.reset' write handler
Rx rate: 362522
While executing 'Script@7 :: Script':
  no 'from.reset' write handler
Rx rate: 363207
While executing 'Script@7 :: Script':
  no 'from.reset' write handler
Rx rate: 360729
While executing 'Script@7 :: Script':
  no 'from.reset' write handler
Rx rate: 364538
While executing 'Script@7 :: Script':
  no 'from.reset' write handler
Rx rate: 356538
While executing 'Script@7 :: Script':
  no 'from.reset' write handler
Rx rate: 362415.584416
While executing 'Script@7 :: Script':
  no 'from.reset' write handler
Rx rate: 356921
While executing 'Script@7 :: Script':
  no 'from.reset' write handler
Rx rate: 355210
While executing 'Script@7 :: Script':
  no 'from.reset' write handler
Rx rate: 357276
While executing 'Script@7 :: Script':
  no 'from.reset' write handler
Rx rate: 355701.596806
While executing 'Script@7 :: Script':
  no 'from.reset' write handler
Rx rate: 357496
While executing 'Script@7 :: Script':
  no 'from.reset' write handler
Rx rate: 355151.848152
While executing 'Script@7 :: Script':
  no 'from.reset' write handler
Rx rate: 356700
While executing 'Script@7 :: Script':
  no 'from.reset' write handler
Rx rate: 361871
While executing 'Script@7 :: Script':
  no 'from.reset' write handler
Rx rate: 359451
While executing 'Script@7 :: Script':
  no 'from.reset' write handler
Rx rate: 352882
While executing 'Script@7 :: Script':
  no 'from.reset' write handler
Rx rate: 356377
While executing 'Script@7 :: Script':
  no 'from.reset' write handler
Rx rate: 358896
While executing 'Script@7 :: Script':
  no 'from.reset' write handler
Rx rate: 362552.447552
While executing 'Script@7 :: Script':
  no 'from.reset' write handler
Rx rate: 356834
While executing 'Script@7 :: Script':
  no 'from.reset' write handler
Rx rate: 358458.541459
While executing 'Script@7 :: Script':
  no 'from.reset' write handler
Rx rate: 355663.336663
While executing 'Script@7 :: Script':
  no 'from.reset' write handler
Rx rate: 359758
While executing 'Script@7 :: Script':
  no 'from.reset' write handler
Rx rate: 361519
While executing 'Script@7 :: Script':
  no 'from.reset' write handler
Rx rate: 357955
While executing 'Script@7 :: Script':
  no 'from.reset' write handler
Rx rate: 362940
While executing 'Script@7 :: Script':
  no 'from.reset' write handler
Rx rate: 361596
While executing 'Script@7 :: Script':
  no 'from.reset' write handler
Rx rate: 345042
While executing 'Script@7 :: Script':
  no 'from.reset' write handler
Rx rate: 359110
While executing 'Script@7 :: Script':
  no 'from.reset' write handler
Rx rate: 358582
While executing 'Script@7 :: Script':
  no 'from.reset' write handler
Rx rate: 359566
While executing 'Script@7 :: Script':
  no 'from.reset' write handler
Rx rate: 355266
While executing 'Script@7 :: Script':
  no 'from.reset' write handler
Rx rate: 360165
While executing 'Script@7 :: Script':
  no 'from.reset' write handler
Rx rate: 361762.711864
While executing 'Script@7 :: Script':
  no 'from.reset' write handler
Rx rate: 358677
While executing 'Script@7 :: Script':
  no 'from.reset' write handler
Rx rate: 354862
While executing 'Script@7 :: Script':
  no 'from.reset' write handler
Rx rate: 355147
While executing 'Script@7 :: Script':
  no 'from.reset' write handler
Rx rate: 367327
While executing 'Script@7 :: Script':
  no 'from.reset' write handler
Rx rate: 366754
While executing 'Script@7 :: Script':
  no 'from.reset' write handler
Rx rate: 357493
While executing 'Script@7 :: Script':
  no 'from.reset' write handler
Rx rate: 355774
While executing 'Script@7 :: Script':
  no 'from.reset' write handler
Rx rate: 357140.859141
While executing 'Script@7 :: Script':
  no 'from.reset' write handler
Rx rate: 352808
While executing 'Script@7 :: Script':
  no 'from.reset' write handler
Rx rate: 358400
While executing 'Script@7 :: Script':
  no 'from.reset' write handler
Rx rate: 358580
While executing 'Script@7 :: Script':
  no 'from.reset' write handler
Rx rate: 351857.142857
While executing 'Script@7 :: Script':
  no 'from.reset' write handler
Rx rate: 365316
While executing 'Script@7 :: Script':
  no 'from.reset' write handler
Rx rate: 357559
While executing 'Script@7 :: Script':
  no 'from.reset' write handler
Rx rate: 355503
While executing 'Script@7 :: Script':
  no 'from.reset' write handler
Rx rate: 356105.894106
While executing 'Script@7 :: Script':
  no 'from.reset' write handler
Rx rate: 357977.022977
While executing 'Script@7 :: Script':
  no 'from.reset' write handler
Rx rate: 355305
While executing 'Script@7 :: Script':
  no 'from.reset' write handler
Rx rate: 353490
While executing 'Script@7 :: Script':
  no 'from.reset' write handler
Rx rate: 359031
While executing 'Script@7 :: Script':
  no 'from.reset' write handler
Rx rate: 359991
While executing 'Script@7 :: Script':
  no 'from.reset' write handler
Rx rate: 352794
While executing 'Script@7 :: Script':
  no 'from.reset' write handler
Rx rate: 361349
While executing 'Script@7 :: Script':
  no 'from.reset' write handler
Rx rate: 339553
While executing 'Script@7 :: Script':
  no 'from.reset' write handler
Rx rate: 357269
While executing 'Script@7 :: Script':
  no 'from.reset' write handler
Rx rate: 355664
While executing 'Script@7 :: Script':
  no 'from.reset' write handler
Rx rate: 352483.516484
While executing 'Script@7 :: Script':
  no 'from.reset' write handler
Rx rate: 349076
While executing 'Script@7 :: Script':
  no 'from.reset' write handler
Rx rate: 354046.953047
While executing 'Script@7 :: Script':
  no 'from.reset' write handler
Rx rate: 357606
While executing 'Script@7 :: Script':
  no 'from.reset' write handler
Rx rate: 354409
While executing 'Script@7 :: Script':
  no 'from.reset' write handler
Rx rate: 358790
While executing 'Script@7 :: Script':
  no 'from.reset' write handler
Rx rate: 361432
While executing 'Script@7 :: Script':
  no 'from.reset' write handler
Rx rate: 354852
While executing 'Script@7 :: Script':
  no 'from.reset' write handler
Rx rate: 360928
While executing 'Script@7 :: Script':
  no 'from.reset' write handler
Rx rate: 357263
While executing 'Script@7 :: Script':
  no 'from.reset' write handler
Rx rate: 357475
While executing 'Script@7 :: Script':
  no 'from.reset' write handler
Rx rate: 356955.044955
While executing 'Script@7 :: Script':
  no 'from.reset' write handler
Rx rate: 364669
While executing 'Script@7 :: Script':
  no 'from.reset' write handler
Rx rate: 362542
While executing 'Script@7 :: Script':
  no 'from.reset' write handler
Rx rate: 367325
While executing 'Script@7 :: Script':
  no 'from.reset' write handler
Rx rate: 359774
While executing 'Script@7 :: Script':
  no 'from.reset' write handler
Rx rate: 354289
While executing 'Script@7 :: Script':
  no 'from.reset' write handler
Rx rate: 365047
While executing 'Script@7 :: Script':
  no 'from.reset' write handler
Rx rate: 356357
While executing 'Script@7 :: Script':
  no 'from.reset' write handler
Rx rate: 356677
While executing 'Script@7 :: Script':
  no 'from.reset' write handler
Rx rate: 360159
While executing 'Script@7 :: Script':
  no 'from.reset' write handler
Rx rate: 355560
While executing 'Script@7 :: Script':
  no 'from.reset' write handler
Rx rate: 358325
While executing 'Script@7 :: Script':
  no 'from.reset' write handler
Rx rate: 356848.151848
While executing 'Script@7 :: Script':
  no 'from.reset' write handler
Rx rate: 353165
While executing 'Script@7 :: Script':
  no 'from.reset' write handler
Rx rate: 354422
While executing 'Script@7 :: Script':
  no 'from.reset' write handler
Rx rate: 353896
While executing 'Script@7 :: Script':
  no 'from.reset' write handler
Rx rate: 345078.842315
While executing 'Script@7 :: Script':
  no 'from.reset' write handler
Rx rate: 337186
While executing 'Script@7 :: Script':
  no 'from.reset' write handler
Rx rate: 358950
While executing 'Script@7 :: Script':
  no 'from.reset' write handler
Rx rate: 357534.39681
While executing 'Script@7 :: Script':
  no 'from.reset' write handler
Rx rate: 356858
While executing 'Script@7 :: Script':
  no 'from.reset' write handler
AUTOTEST_DONE
