Startup trace (nsec): main: 195437062924
Startup trace (nsec): init done: 202354101223
Rx rate: 16028.0373832
While executing 'Script@7 :: Script':
  no 'from.reset' write handler
Rx rate: 15295.8257713
While executing 'Script@7 :: Script':
  no 'from.reset' write handler
Rx rate: 16170.1081613
While executing 'Script@7 :: Script':
  no 'from.reset' write handler
Rx rate: 15918.1905679
While executing 'Script@7 :: Script':
  no 'from.reset' write handler
Rx rate: 15753.4791252
While executing 'Script@7 :: Script':
  no 'from.reset' write handler
Rx rate: 17103.2448378
While executing 'Script@7 :: Script':
  no 'from.reset' write handler
Rx rate: 16141.453831
While executing 'Script@7 :: Script':
  no 'from.reset' write handler
Rx rate: 15897.5124378
While executing 'Script@7 :: Script':
  no 'from.reset' write handler
Rx rate: 16716.5510406
While executing 'Script@7 :: Script':
  no 'from.reset' write handler
Rx rate: 16070.7171315
While executing 'Script@7 :: Script':
  no 'from.reset' write handler
Rx rate: 16137.040715
While executing 'Script@7 :: Script':
  no 'from.reset' write handler
Rx rate: 16083
While executing 'Script@7 :: Script':
  no 'from.reset' write handler
Rx rate: 16754.491018
While executing 'Script@7 :: Script':
  no 'from.reset' write handler
Rx rate: 16206.7932068
While executing 'Script@7 :: Script':
  no 'from.reset' write handler
Rx rate: 15510.4895105
While executing 'Script@7 :: Script':
  no 'from.reset' write handler
Rx rate: 16134.5962114
While executing 'Script@7 :: Script':
  no 'from.reset' write handler
Rx rate: 16363.5458167
While executing 'Script@7 :: Script':
  no 'from.reset' write handler
Rx rate: 16015.920398
While executing 'Script@7 :: Script':
  no 'from.reset' write handler
Rx rate: 15627.744511
While executing 'Script@7 :: Script':
  no 'from.reset' write handler
Rx rate: 16150.5483549
While executing 'Script@7 :: Script':
  no 'from.reset' write handler
Rx rate: 15747.50499
While executing 'Script@7 :: Script':
  no 'from.reset' write handler
Rx rate: 15372
While executing 'Script@7 :: Script':
  no 'from.reset' write handler
Rx rate: 16210.7892108
While executing 'Script@7 :: Script':
  no 'from.reset' write handler
Rx rate: 17128.358209
While executing 'Script@7 :: Script':
  no 'from.reset' write handler
Rx rate: 15816.1838162
While executing 'Script@7 :: Script':
  no 'from.reset' write handler
Rx rate: 15841
While executing 'Script@7 :: Script':
  no 'from.reset' write handler
Rx rate: 16108.1081081
While executing 'Script@7 :: Script':
  no 'from.reset' write handler
Rx rate: 16157.8421578
While executing 'Script@7 :: Script':
  no 'from.reset' write handler
Rx rate: 16428.1437126
While executing 'Script@7 :: Script':
  no 'from.reset' write handler
Rx rate: 15954.0918164
While executing 'Script@7 :: Script':
  no 'from.reset' write handler
Rx rate: 16722.2777223
While executing 'Script@7 :: Script':
  no 'from.reset' write handler
Rx rate: 15774.7747748
While executing 'Script@7 :: Script':
  no 'from.reset' write handler
Rx rate: 16770.7707708
While executing 'Script@7 :: Script':
  no 'from.reset' write handler
Rx rate: 16153.8461538
While executing 'Script@7 :: Script':
  no 'from.reset' write handler
Rx rate: 15939.1217565
While executing 'Script@7 :: Script':
  no 'from.reset' write handler
Rx rate: 15802.1978022
While executing 'Script@7 :: Script':
  no 'from.reset' write handler
Rx rate: 15949
While executing 'Script@7 :: Script':
  no 'from.reset' write handler
Rx rate: 15851.5936255
While executing 'Script@7 :: Script':
  no 'from.reset' write handler
Rx rate: 15785.4291417
While executing 'Script@7 :: Script':
  no 'from.reset' write handler
Rx rate: 15908.1836327
While executing 'Script@7 :: Script':
  no 'from.reset' write handler
Rx rate: 15087
While executing 'Script@7 :: Script':
  no 'from.reset' write handler
Rx rate: 15986.0279441
While executing 'Script@7 :: Script':
  no 'from.reset' write handler
Rx rate: 15666
While executing 'Script@7 :: Script':
  no 'from.reset' write handler
Rx rate: 15814.3712575
While executing 'Script@7 :: Script':
  no 'from.reset' write handler
Rx rate: 16245.7372116
While executing 'Script@7 :: Script':
  no 'from.reset' write handler
Rx rate: 15556.5565566
While executing 'Script@7 :: Script':
  no 'from.reset' write handler
Rx rate: 16424.8756219
While executing 'Script@7 :: Script':
  no 'from.reset' write handler
Rx rate: 16162.8371628
While executing 'Script@7 :: Script':
  no 'from.reset' write handler
Rx rate: 15698.9032901
While executing 'Script@7 :: Script':
  no 'from.reset' write handler
Rx rate: 16966.1016949
While executing 'Script@7 :: Script':
  no 'from.reset' write handler
Rx rate: 15900
While executing 'Script@7 :: Script':
  no 'from.reset' write handler
Rx rate: 15840
While executing 'Script@7 :: Script':
  no 'from.reset' write handler
Rx rate: 15999.001996
While executing 'Script@7 :: Script':
  no 'from.reset' write handler
Rx rate: 16337.3134328
While executing 'Script@7 :: Script':
  no 'from.reset' write handler
Rx rate: 16779.4411178
While executing 'Script@7 :: Script':
  no 'from.reset' write handler
Rx rate: 15545.4545455
While executing 'Script@7 :: Script':
  no 'from.reset' write handler
Rx rate: 15950.1495513
While executing 'Script@7 :: Script':
  no 'from.reset' write handler
Rx rate: 15608
While executing 'Script@7 :: Script':
  no 'from.reset' write handler
Rx rate: 16671.9840479
While executing 'Script@7 :: Script':
  no 'from.reset' write handler
Rx rate: 17043.8683948
While executing 'Script@7 :: Script':
  no 'from.reset' write handler
Rx rate: 15311.3772455
While executing 'Script@7 :: Script':
  no 'from.reset' write handler
Rx rate: 16513
While executing 'Script@7 :: Script':
  no 'from.reset' write handler
Rx rate: 15714.7147147
While executing 'Script@7 :: Script':
  no 'from.reset' write handler
Rx rate: 17412.7617149
While executing 'Script@7 :: Script':
  no 'from.reset' write handler
Rx rate: 15943.1137725
While executing 'Script@7 :: Script':
  no 'from.reset' write handler
Rx rate: 16500
While executing 'Script@7 :: Script':
  no 'from.reset' write handler
Rx rate: 14948.0519481
While executing 'Script@7 :: Script':
  no 'from.reset' write handler
Rx rate: 16622.754491
While executing 'Script@7 :: Script':
  no 'from.reset' write handler
Rx rate: 16877.8778779
While executing 'Script@7 :: Script':
  no 'from.reset' write handler
Rx rate: 16118.5258964
While executing 'Script@7 :: Script':
  no 'from.reset' write handler
Rx rate: 16118.8811189
While executing 'Script@7 :: Script':
  no 'from.reset' write handler
Rx rate: 16069.7906281
While executing 'Script@7 :: Script':
  no 'from.reset' write handler
Rx rate: 16336
While executing 'Script@7 :: Script':
  no 'from.reset' write handler
Rx rate: 16399.8005982
While executing 'Script@7 :: Script':
  no 'from.reset' write handler
Rx rate: 16233.7662338
While executing 'Script@7 :: Script':
  no 'from.reset' write handler
Rx rate: 15302
While executing 'Script@7 :: Script':
  no 'from.reset' write handler
Rx rate: 16994.9748744
While executing 'Script@7 :: Script':
  no 'from.reset' write handler
Rx rate: 16055
While executing 'Script@7 :: Script':
  no 'from.reset' write handler
Rx rate: 16266.2662663
While executing 'Script@7 :: Script':
  no 'from.reset' write handler
Rx rate: 16070.7171315
While executing 'Script@7 :: Script':
  no 'from.reset' write handler
Rx rate: 15488
While executing 'Script@7 :: Script':
  no 'from.reset' write handler
Rx rate: 15727.8165503
While executing 'Script@7 :: Script':
  no 'from.reset' write handler
Rx rate: 15721.8344965
While executing 'Script@7 :: Script':
  no 'from.reset' write handler
Rx rate: 15929.2828685
While executing 'Script@7 :: Script':
  no 'from.reset' write handler
Rx rate: 16885
While executing 'Script@7 :: Script':
  no 'from.reset' write handler
Rx rate: 15007
While executing 'Script@7 :: Script':
  no 'from.reset' write handler
Rx rate: 16401
While executing 'Script@7 :: Script':
  no 'from.reset' write handler
Rx rate: 15849
While executing 'Script@7 :: Script':
  no 'from.reset' write handler
Rx rate: 15047.0941884
While executing 'Script@7 :: Script':
  no 'from.reset' write handler
Rx rate: 16580.2592223
While executing 'Script@7 :: Script':
  no 'from.reset' write handler
Rx rate: 15951.1465603
While executing 'Script@7 :: Script':
  no 'from.reset' write handler
Rx rate: 15305.3892216
While executing 'Script@7 :: Script':
  no 'from.reset' write handler
Rx rate: 15965.0698603
While executing 'Script@7 :: Script':
  no 'from.reset' write handler
Rx rate: 15953.046953
While executing 'Script@7 :: Script':
  no 'from.reset' write handler
Rx rate: 15443.4434434
While executing 'Script@7 :: Script':
  no 'from.reset' write handler
Rx rate: 15899
While executing 'Script@7 :: Script':
  no 'from.reset' write handler
Rx rate: 15652.6526527
While executing 'Script@7 :: Script':
  no 'from.reset' write handler
Rx rate: 15781.5631263
While executing 'Script@7 :: Script':
  no 'from.reset' write handler
Rx rate: 16371.11334
While executing 'Script@7 :: Script':
  no 'from.reset' write handler
Rx rate: 15371.743487
While executing 'Script@7 :: Script':
  no 'from.reset' write handler
Rx rate: 16280.5611222
While executing 'Script@7 :: Script':
  no 'from.reset' write handler
Rx rate: 16713.8554217
While executing 'Script@7 :: Script':
  no 'from.reset' write handler
Rx rate: 16824
While executing 'Script@7 :: Script':
  no 'from.reset' write handler
Rx rate: 15747.7477477
While executing 'Script@7 :: Script':
  no 'from.reset' write handler
Rx rate: 15585.5855856
While executing 'Script@7 :: Script':
  no 'from.reset' write handler
Rx rate: 16000
While executing 'Script@7 :: Script':
  no 'from.reset' write handler
Rx rate: 16855
While executing 'Script@7 :: Script':
  no 'from.reset' write handler
Rx rate: 16106.5737052
While executing 'Script@7 :: Script':
  no 'from.reset' write handler
Rx rate: 16643.3566434
While executing 'Script@7 :: Script':
  no 'from.reset' write handler
Rx rate: 16061.2449799
While executing 'Script@7 :: Script':
  no 'from.reset' write handler
Rx rate: 15489.0219561
While executing 'Script@7 :: Script':
  no 'from.reset' write handler
Rx rate: 16143
While executing 'Script@7 :: Script':
  no 'from.reset' write handler
Rx rate: 15647.4103586
While executing 'Script@7 :: Script':
  no 'from.reset' write handler
Rx rate: 15838
While executing 'Script@7 :: Script':
  no 'from.reset' write handler
Rx rate: 15263.4730539
While executing 'Script@7 :: Script':
  no 'from.reset' write handler
Rx rate: 16476.0479042
While executing 'Script@7 :: Script':
  no 'from.reset' write handler
Rx rate: 16299.4011976
While executing 'Script@7 :: Script':
  no 'from.reset' write handler
Rx rate: 16040.959041
While executing 'Script@7 :: Script':
  no 'from.reset' write handler
Rx rate: 15186
While executing 'Script@7 :: Script':
  no 'from.reset' write handler
Rx rate: 15706.2937063
While executing 'Script@7 :: Script':
  no 'from.reset' write handler
Rx rate: 16731.2687313
While executing 'Script@7 :: Script':
  no 'from.reset' write handler
Rx rate: 16149.1491491
While executing 'Script@7 :: Script':
  no 'from.reset' write handler
Rx rate: 16039
While executing 'Script@7 :: Script':
  no 'from.reset' write handler
Rx rate: 15478.9579158
While executing 'Script@7 :: Script':
  no 'from.reset' write handler
Rx rate: 15062.8115653
While executing 'Script@7 :: Script':
  no 'from.reset' write handler
Rx rate: 16268.1954138
While executing 'Script@7 :: Script':
  no 'from.reset' write handler
Rx rate: 15383.4661355
While executing 'Script@7 :: Script':
  no 'from.reset' write handler
Rx rate: 16622.3776224
While executing 'Script@7 :: Script':
  no 'from.reset' write handler
Rx rate: 16608.3916084
While executing 'Script@7 :: Script':
  no 'from.reset' write handler
Rx rate: 16193
While executing 'Script@7 :: Script':
  no 'from.reset' write handler
Rx rate: 15321.0368893
While executing 'Script@7 :: Script':
  no 'from.reset' write handler
Rx rate: 16217.1314741
While executing 'Script@7 :: Script':
  no 'from.reset' write handler
Rx rate: 16178.4646062
While executing 'Script@7 :: Script':
  no 'from.reset' write handler
Rx rate: 16045.8624128
While executing 'Script@7 :: Script':
  no 'from.reset' write handler
Rx rate: 16320.9628887
While executing 'Script@7 :: Script':
  no 'from.reset' write handler
Rx rate: 17189
While executing 'Script@7 :: Script':
  no 'from.reset' write handler
Rx rate: 15060.1202405
While executing 'Script@7 :: Script':
  no 'from.reset' write handler
Rx rate: 15898.1018981
While executing 'Script@7 :: Script':
  no 'from.reset' write handler
Rx rate: 16076.9230769
While executing 'Script@7 :: Script':
  no 'from.reset' write handler
Rx rate: 16045.954046
While executing 'Script@7 :: Script':
  no 'from.reset' write handler
Rx rate: 16143.4262948
While executing 'Script@7 :: Script':
  no 'from.reset' write handler
Rx rate: 15379.8604187
While executing 'Script@7 :: Script':
  no 'from.reset' write handler
Rx rate: 15976.023976
While executing 'Script@7 :: Script':
  no 'from.reset' write handler
Rx rate: 16259.7402597
While executing 'Script@7 :: Script':
  no 'from.reset' write handler
Rx rate: 16407.1856287
While executing 'Script@7 :: Script':
  no 'from.reset' write handler
Rx rate: 16869.261477
While executing 'Script@7 :: Script':
  no 'from.reset' write handler
Rx rate: 15534.4655345
While executing 'Script@7 :: Script':
  no 'from.reset' write handler
Rx rate: 15577
While executing 'Script@7 :: Script':
  no 'from.reset' write handler
Rx rate: 16341.6833667
While executing 'Script@7 :: Script':
  no 'from.reset' write handler
Rx rate: 17051.2562814
While executing 'Script@7 :: Script':
  no 'from.reset' write handler
Rx rate: 16225.5489022
While executing 'Script@7 :: Script':
  no 'from.reset' write handler
Rx rate: 15302.3023023
While executing 'Script@7 :: Script':
  no 'from.reset' write handler
Rx rate: 16454.0918164
While executing 'Script@7 :: Script':
  no 'from.reset' write handler
Rx rate: 15700.2997003
While executing 'Script@7 :: Script':
  no 'from.reset' write handler
Rx rate: 16029.9401198
While executing 'Script@7 :: Script':
  no 'from.reset' write handler
Rx rate: 15441.2350598
While executing 'Script@7 :: Script':
  no 'from.reset' write handler
Rx rate: 15865.1348651
While executing 'Script@7 :: Script':
  no 'from.reset' write handler
Rx rate: 15865.5378486
While executing 'Script@7 :: Script':
  no 'from.reset' write handler
Rx rate: 16219.5608782
While executing 'Script@7 :: Script':
  no 'from.reset' write handler
Rx rate: 15681.3186813
While executing 'Script@7 :: Script':
  no 'from.reset' write handler
Rx rate: 15990
While executing 'Script@7 :: Script':
  no 'from.reset' write handler
Rx rate: 16615.1545364
While executing 'Script@7 :: Script':
  no 'from.reset' write handler
Rx rate: 16144
While executing 'Script@7 :: Script':
  no 'from.reset' write handler
Rx rate: 15594.4055944
While executing 'Script@7 :: Script':
  no 'from.reset' write handler
Rx rate: 15660
While executing 'Script@7 :: Script':
  no 'from.reset' write handler
Rx rate: 16567.8642715
While executing 'Script@7 :: Script':
  no 'from.reset' write handler
Rx rate: 14980.0399202
While executing 'Script@7 :: Script':
  no 'from.reset' write handler
Rx rate: 15933.1337325
While executing 'Script@7 :: Script':
  no 'from.reset' write handler
Rx rate: 16504.99002
While executing 'Script@7 :: Script':
  no 'from.reset' write handler
Rx rate: 15920.1596806
While executing 'Script@7 :: Script':
  no 'from.reset' write handler
Rx rate: 15840.8408408
While executing 'Script@7 :: Script':
  no 'from.reset' write handler
Rx rate: 15633.2665331
While executing 'Script@7 :: Script':
  no 'from.reset' write handler
Rx rate: 15756.4870259
While executing 'Script@7 :: Script':
  no 'from.reset' write handler
Rx rate: 15611
While executing 'Script@7 :: Script':
  no 'from.reset' write handler
Rx rate: 15956.1316052
While executing 'Script@7 :: Script':
  no 'from.reset' write handler
Rx rate: 16459.0163934
While executing 'Script@7 :: Script':
  no 'from.reset' write handler
AUTOTEST_DONE
