Startup trace (nsec): main: 381861678576
Startup trace (nsec): init done: 381866168145
Rx rate: 0
While executing 'Script@7 :: Script':
  no 'from.reset' write handler
Rx rate: 365372.413793
While executing 'Script@7 :: Script':
  no 'from.reset' write handler
Rx rate: 355489.043825
While executing 'Script@7 :: Script':
  no 'from.reset' write handler
Rx rate: 354647.410359
While executing 'Script@7 :: Script':
  no 'from.reset' write handler
Rx rate: 357405
While executing 'Script@7 :: Script':
  no 'from.reset' write handler
Rx rate: 367414.585415
While executing 'Script@7 :: Script':
  no 'from.reset' write handler
Rx rate: 364976
While executing 'Script@7 :: Script':
  no 'from.reset' write handler
Rx rate: 358956
While executing 'Script@7 :: Script':
  no 'from.reset' write handler
Rx rate: 360601
While executing 'Script@7 :: Script':
  no 'from.reset' write handler
Rx rate: 357592.407592
While executing 'Script@7 :: Script':
  no 'from.reset' write handler
Rx rate: 353862.412762
While executing 'Script@7 :: Script':
  no 'from.reset' write handler
Rx rate: 358626
While executing 'Script@7 :: Script':
  no 'from.reset' write handler
Rx rate: 359527.944112
While executing 'Script@7 :: Script':
  no 'from.reset' write handler
Rx rate: 358327
While executing 'Script@7 :: Script':
  no 'from.reset' write handler
Rx rate: 355618.381618
While executing 'Script@7 :: Script':
  no 'from.reset' write handler
Rx rate: 356794
While executing 'Script@7 :: Script':
  no 'from.reset' write handler
Rx rate: 353651
While executing 'Script@7 :: Script':
  no 'from.reset' write handler
Rx rate: 337513
While executing 'Script@7 :: Script':
  no 'from.reset' write handler
Rx rate: 357619.380619
While executing 'Script@7 :: Script':
  no 'from.reset' write handler
Rx rate: 358676
While executing 'Script@7 :: Script':
  no 'from.reset' write handler
Rx rate: 353859
While executing 'Script@7 :: Script':
  no 'from.reset' write handler
Rx rate: 361437.562438
While executing 'Script@7 :: Script':
  no 'from.reset' write handler
Rx rate: 361391.217565
While executing 'Script@7 :: Script':
  no 'from.reset' write handler
Rx rate: 359539
While executing 'Script@7 :: Script':
  no 'from.reset' write handler
Rx rate: 358068
While executing 'Script@7 :: Script':
  no 'from.reset' write handler
Rx rate: 359846.153846
While executing 'Script@7 :: Script':
  no 'from.reset' write handler
Rx rate: 358808
While executing 'Script@7 :: Script':
  no 'from.reset' write handler
Rx rate: 355886.227545
While executing 'Script@7 :: Script':
  no 'from.reset' write handler
Rx rate: 361987
While executing 'Script@7 :: Script':
  no 'from.reset' write handler
Rx rate: 358720
While executing 'Script@7 :: Script':
  no 'from.reset' write handler
Rx rate: 361263.736264
While executing 'Script@7 :: Script':
  no 'from.reset' write handler
Rx rate: 358985
While executing 'Script@7 :: Script':
  no 'from.reset' write handler
Rx rate: 355654.345654
While executing 'Script@7 :: Script':
  no 'from.reset' write handler
Rx rate: 355361
While executing 'Script@7 :: Script':
  no 'from.reset' write handler
Rx rate: 359174
While executing 'Script@7 :: Script':
  no 'from.reset' write handler
Rx rate: 362169
While executing 'Script@7 :: Script':
  no 'from.reset' write handler
Rx rate: 358476
While executing 'Script@7 :: Script':
  no 'from.reset' write handler
Rx rate: 367012
While executing 'Script@7 :: Script':
  no 'from.reset' write handler
Rx rate: 359099.099099
While executing 'Script@7 :: Script':
  no 'from.reset' write handler
Rx rate: 356599
While executing 'Script@7 :: Script':
  no 'from.reset' write handler
Rx rate: 360785
While executing 'Script@7 :: Script':
  no 'from.reset' write handler
Rx rate: 353828
While executing 'Script@7 :: Script':
  no 'from.reset' write handler
Rx rate: 358306.306306
While executing 'Script@7 :: Script':
  no 'from.reset' write handler
Rx rate: 357160
While executing 'Script@7 :: Script':
  no 'from.reset' write handler
Rx rate: 364499
While executing 'Script@7 :: Script':
  no 'from.reset' write handler
Rx rate: 363701
While executing 'Script@7 :: Script':
  no 'from.reset' write handler
Rx rate: 368059
While executing 'Script@7 :: Script':
  no 'from.reset' write handler
Rx rate: 357030.938124
While executing 'Script@7 :: Script':
  no 'from.reset' write handler
Rx rate: 345395
While executing 'Script@7 :: Script':
  no 'from.reset' write handler
Rx rate: 363320.679321
While executing 'Script@7 :: Script':
  no 'from.reset' write handler
Rx rate: 355563
While executing 'Script@7 :: Script':
  no 'from.reset' write handler
Rx rate: 360247
While executing 'Script@7 :: Script':
  no 'from.reset' write handler
Rx rate: 359521
While executing 'Script@7 :: Script':
  no 'from.reset' write handler
Rx rate: 359051
While executing 'Script@7 :: Script':
  no 'from.reset' write handler
Rx rate: 362144
While executing 'Script@7 :: Script':
  no 'from.reset' write handler
Rx rate: 366064
While executing 'Script@7 :: Script':
  no 'from.reset' write handler
Rx rate: 354332
While executing 'Script@7 :: Script':
  no 'from.reset' write handler
Rx rate: 363695.304695
While executing 'Script@7 :: Script':
  no 'from.reset' write handler
Rx rate: 358568
While executing 'Script@7 :: Script':
  no 'from.reset' write handler
Rx rate: 355717
While executing 'Script@7 :: Script':
  no 'from.reset' write handler
Rx rate: 355763
While executing 'Script@7 :: Script':
  no 'from.reset' write handler
Rx rate: 360084
While executing 'Script@7 :: Script':
  no 'from.reset' write handler
Rx rate: 359712
While executing 'Script@7 :: Script':
  no 'from.reset' write handler
Rx rate: 357820
While executing 'Script@7 :: Script':
  no 'from.reset' write handler
Rx rate: 355708.416834
While executing 'Script@7 :: Script':
  no 'from.reset' write handler
Rx rate: 358356
While executing 'Script@7 :: Script':
  no 'from.reset' write handler
Rx rate: 357222
While executing 'Script@7 :: Script':
  no 'from.reset' write handler
Rx rate: 356713
While executing 'Script@7 :: Script':
  no 'from.reset' write handler
Rx rate: 356609
While executing 'Script@7 :: Script':
  no 'from.reset' write handler
Rx rate: 362676
While executing 'Script@7 :: Script':
  no 'from.reset' write handler
Rx rate: 355359.281437
While executing 'Script@7 :: Script':
  no 'from.reset' write handler
Rx rate: 353911.088911
While executing 'Script@7 :: Script':
  no 'from.reset' write handler
Rx rate: 359579.840319
While executing 'Script@7 :: Script':
  no 'from.reset' write handler
Rx rate: 350623
While executing 'Script@7 :: Script':
  no 'from.reset' write handler
Rx rate: 358390.609391
While executing 'Script@7 :: Script':
  no 'from.reset' write handler
Rx rate: 360280
While executing 'Script@7 :: Script':
  no 'from.reset' write handler
Rx rate: 359615.384615
While executing 'Script@7 :: Script':
  no 'from.reset' write handler
Rx rate: 357435
While executing 'Script@7 :: Script':
  no 'from.reset' write handler
Rx rate: 344337
While executing 'Script@7 :: Script':
  no 'from.reset' write handler
Rx rate: 361146
While executing 'Script@7 :: Script':
  no 'from.reset' write handler
Rx rate: 362051
While executing 'Script@7 :: Script':
  no 'from.reset' write handler
Rx rate: 359902
While executing 'Script@7 :: Script':
  no 'from.reset' write handler
Rx rate: 357427.572428
While executing 'Script@7 :: Script':
  no 'from.reset' write handler
Rx rate: 362183
While executing 'Script@7 :: Script':
  no 'from.reset' write handler
Rx rate: 359559.440559
While executing 'Script@7 :: Script':
  no 'from.reset' write handler
Rx rate: 356869
While executing 'Script@7 :: Script':
  no 'from.reset' write handler
Rx rate: 358295
While executing 'Script@7 :: Script':
  no 'from.reset' write handler
Rx rate: 356550
While executing 'Script@7 :: Script':
  no 'from.reset' write handler
Rx rate: 362401.598402
While executing 'Script@7 :: Script':
  no 'from.reset' write handler
Rx rate: 357032
While executing 'Script@7 :: Script':
  no 'from.reset' write handler
Rx rate: 355719
While executing 'Script@7 :: Script':
  no 'from.reset' write handler
Rx rate: 362126
While executing 'Script@7 :: Script':
  no 'from.reset' write handler
Rx rate: 363190
While executing 'Script@7 :: Script':
  no 'from.reset' write handler
Rx rate: 355334
While executing 'Script@7 :: Script':
  no 'from.reset' write handler
Rx rate: 359996
While executing 'Script@7 :: Script':
  no 'from.reset' write handler
Rx rate: 352708.291708
While executing 'Script@7 :: Script':
  no 'from.reset' write handler
Rx rate: 355089
While executing 'Script@7 :: Script':
  no 'from.reset' write handler
Rx rate: 358221.556886
While executing 'Script@7 :: Script':
  no 'from.reset' write handler
Rx rate: 355585
While executing 'Script@7 :: Script':
  no 'from.reset' write handler
Rx rate: 358302
While executing 'Script@7 :: Script':
  no 'from.reset' write handler
Rx rate: 350163
While executing 'Script@7 :: Script':
  no 'from.reset' write handler
Rx rate: 356686
While executing 'Script@7 :: Script':
  no 'from.reset' write handler
Rx rate: 357372.255489
While executing 'Script@7 :: Script':
  no 'from.reset' write handler
Rx rate: 354482
While executing 'Script@7 :: Script':
  no 'from.reset' write handler
Rx rate: 359435.129741
While executing 'Script@7 :: Script':
  no 'from.reset' write handler
Rx rate: 353841
While executing 'Script@7 :: Script':
  no 'from.reset' write handler
Rx rate: 361288
While executing 'Script@7 :: Script':
  no 'from.reset' write handler
Rx rate: 363487
While executing 'Script@7 :: Script':
  no 'from.reset' write handler
Rx rate: 345475
While executing 'Script@7 :: Script':
  no 'from.reset' write handler
Rx rate: 355428
While executing 'Script@7 :: Script':
  no 'from.reset' write handler
Rx rate: 355693
While executing 'Script@7 :: Script':
  no 'from.reset' write handler
Rx rate: 354775
While executing 'Script@7 :: Script':
  no 'from.reset' write handler
Rx rate: 354722
While executing 'Script@7 :: Script':
  no 'from.reset' write handler
Rx rate: 361292
While executing 'Script@7 :: Script':
  no 'from.reset' write handler
Rx rate: 360231.768232
While executing 'Script@7 :: Script':
  no 'from.reset' write handler
Rx rate: 361569
While executing 'Script@7 :: Script':
  no 'from.reset' write handler
Rx rate: 354892
While executing 'Script@7 :: Script':
  no 'from.reset' write handler
Rx rate: 363765
While executing 'Script@7 :: Script':
  no 'from.reset' write handler
Rx rate: 362551
While executing 'Script@7 :: Script':
  no 'from.reset' write handler
Rx rate: 357265
While executing 'Script@7 :: Script':
  no 'from.reset' write handler
Rx rate: 357433
While executing 'Script@7 :: Script':
  no 'from.reset' write handler
Rx rate: 363069.93007
While executing 'Script@7 :: Script':
  no 'from.reset' write handler
Rx rate: 363370
While executing 'Script@7 :: Script':
  no 'from.reset' write handler
Rx rate: 352427
While executing 'Script@7 :: Script':
  no 'from.reset' write handler
Rx rate: 355400.4004
While executing 'Script@7 :: Script':
  no 'from.reset' write handler
Rx rate: 350919
While executing 'Script@7 :: Script':
  no 'from.reset' write handler
Rx rate: 356214.785215
While executing 'Script@7 :: Script':
  no 'from.reset' write handler
Rx rate: 357331
While executing 'Script@7 :: Script':
  no 'from.reset' write handler
Rx rate: 357323
While executing 'Script@7 :: Script':
  no 'from.reset' write handler
Rx rate: 355899
While executing 'Script@7 :: Script':
  no 'from.reset' write handler
Rx rate: 352402.195609
While executing 'Script@7 :: Script':
  no 'from.reset' write handler
Rx rate: 355544
While executing 'Script@7 :: Script':
  no 'from.reset' write handler
Rx rate: 353521
While executing 'Script@7 :: Script':
  no 'from.reset' write handler
Rx rate: 352811.188811
While executing 'Script@7 :: Script':
  no 'from.reset' write handler
Rx rate: 357498
While executing 'Script@7 :: Script':
  no 'from.reset' write handler
Rx rate: 352998
While executing 'Script@7 :: Script':
  no 'from.reset' write handler
Rx rate: 358430
While executing 'Script@7 :: Script':
  no 'from.reset' write handler
Rx rate: 355193
While executing 'Script@7 :: Script':
  no 'from.reset' write handler
Rx rate: 344172
While executing 'Script@7 :: Script':
  no 'from.reset' write handler
Rx rate: 361963
While executing 'Script@7 :: Script':
  no 'from.reset' write handler
Rx rate: 358555.444555
While executing 'Script@7 :: Script':
  no 'from.reset' write handler
Rx rate: 361973
While executing 'Script@7 :: Script':
  no 'from.reset' write handler
Rx rate: 357705
While executing 'Script@7 :: Script':
  no 'from.reset' write handler
Rx rate: 362508
While executing 'Script@7 :: Script':
  no 'from.reset' write handler
Rx rate: 363706
While executing 'Script@7 :: Script':
  no 'from.reset' write handler
Rx rate: 358419
While executing 'Script@7 :: Script':
  no 'from.reset' write handler
Rx rate: 354572.427572
While executing 'Script@7 :: Script':
  no 'from.reset' write handler
Rx rate: 359283
While executing 'Script@7 :: Script':
  no 'from.reset' write handler
Rx rate: 358514
While executing 'Script@7 :: Script':
  no 'from.reset' write handler
Rx rate: 360349
While executing 'Script@7 :: Script':
  no 'from.reset' write handler
Rx rate: 357406.593407
While executing 'Script@7 :: Script':
  no 'from.reset' write handler
Rx rate: 357421.157685
While executing 'Script@7 :: Script':
  no 'from.reset' write handler
Rx rate: 357149.85015
While executing 'Script@7 :: Script':
  no 'from.reset' write handler
Rx rate: 361381
While executing 'Script@7 :: Script':
  no 'from.reset' write handler
Rx rate: 354960
While executing 'Script@7 :: Script':
  no 'from.reset' write handler
Rx rate: 359704
While executing 'Script@7 :: Script':
  no 'from.reset' write handler
Rx rate: 359212
While executing 'Script@7 :: Script':
  no 'from.reset' write handler
Rx rate: 354360
While executing 'Script@7 :: Script':
  no 'from.reset' write handler
Rx rate: 355232
While executing 'Script@7 :: Script':
  no 'from.reset' write handler
Rx rate: 358141
While executing 'Script@7 :: Script':
  no 'from.reset' write handler
Rx rate: 359228.771229
While executing 'Script@7 :: Script':
  no 'from.reset' write handler
Rx rate: 365940
While executing 'Script@7 :: Script':
  no 'from.reset' write handler
Rx rate: 361470
While executing 'Script@7 :: Script':
  no 'from.reset' write handler
Rx rate: 359817
While executing 'Script@7 :: Script':
  no 'from.reset' write handler
Rx rate: 359282
While executing 'Script@7 :: Script':
  no 'from.reset' write handler
Rx rate: 360371
While executing 'Script@7 :: Script':
  no 'from.reset' write handler
Rx rate: 353834
While executing 'Script@7 :: Script':
  no 'from.reset' write handler
Rx rate: 361839
While executing 'Script@7 :: Script':
  no 'from.reset' write handler
Rx rate: 355640
While executing 'Script@7 :: Script':
  no 'from.reset' write handler
Rx rate: 339119.88012
While executing 'Script@7 :: Script':
  no 'from.reset' write handler
Rx rate: 358194
While executing 'Script@7 :: Script':
  no 'from.reset' write handler
Rx rate: 357828
While executing 'Script@7 :: Script':
  no 'from.reset' write handler
Rx rate: 354802
While executing 'Script@7 :: Script':
  no 'from.reset' write handler
Rx rate: 356934
While executing 'Script@7 :: Script':
  no 'from.reset' write handler
Rx rate: 354706
While executing 'Script@7 :: Script':
  no 'from.reset' write handler
Rx rate: 362453
While executing 'Script@7 :: Script':
  no 'from.reset' write handler
Rx rate: 353929
While executing 'Script@7 :: Script':
  no 'from.reset' write handler
Rx rate: 359722.55489
While executing 'Script@7 :: Script':
  no 'from.reset' write handler
Rx rate: 361552
While executing 'Script@7 :: Script':
  no 'from.reset' write handler
Rx rate: 360149.85015
While executing 'Script@7 :: Script':
  no 'from.reset' write handler
Rx rate: 364029
While executing 'Script@7 :: Script':
  no 'from.reset' write handler
Rx rate: 359291.708292
While executing 'Script@7 :: Script':
  no 'from.reset' write handler
Rx rate: 359568
While executing 'Script@7 :: Script':
  no 'from.reset' write handler
AUTOTEST_DONE
