path '/home/okelmann/appclick-ubpf/benchmark' does not contain a 'flake.nix', searching up
warning: Git tree '/home/okelmann/appclick-ubpf' is dirty
Using saved setting for 'extra-substituters = https://tum-dse.cachix.org' from ~/.local/share/nix/trusted-settings.json.
Using saved setting for 'extra-trusted-public-keys = tum-dse.cachix.org-1:v67rK18oLwgO0Z4b69l30SrV1yRtqxKpiHodG4YxhNM=' from ~/.local/share/nix/trusted-settings.json.
    Finished `dev` profile [unoptimized + debuginfo] target(s) in 0.24s
     Running `target/debug/bench-helper`
c[?7l[2J[0mSeaBIOS (version rel-1.16.2-0-gea1b7a073390-prebuilt.qemu.org)


iPXE (http://ipxe.org) 00:03.0 CA00 PCI2.10 PnP PMM+BEFD0F40+BEF30F40 CA00
Press Ctrl-B to configure iPXE (PCI 00:03.0)...                                                                               


Booting from ROM..Powered by
o.   .o       _ _               __ _
Oo   Oo  ___ (_) | __ __  __ _ ' _) :_
oO   oO ' _ `| | |/ /  _)' _` | |_|  _)
oOo oOO| | | | |   (| | | (_) |  _) :_
 OoOoO ._, ._:_:_,\_._,  .__,_:_, \___)
                         Telesto 0.16.3
Startup trace (nsec): click main(): 107867270
Startup trace (nsec): print config: 109366636
Received config (length 5697):
define($MAC0 52:54:00:12:34:56);
/* End unikraft-provided MAC preamble */
// From: https://github.com/kohler/click/blob/master/conf/thomer-nat.click
// Slightly modified to be compatible with Click on Unikraft. Functionality not guaranteed.
//
// This Click configuration implements a firewall and NAT, roughly based on the
// mazu-nat.click example.
//
// This example assumes there is one interface that is IP-aliased.  In this
// example, dev0 and dev0:0 have IP addresses 66.68.65.90 and 192.168.1.1,
// respectively.  There is a local network, 192.168.1.0/24, and an upstream
// gateway, 66.58.65.89.  Traffic from the local network is NATed.
//
// Connections can be initiated from the NAT box itself, also.
// 
// For bugs, suggestions, and, corrections, please email me.
//
// Author: Thomer M. Gil (click@thomer.com)

define($DEV0 0)

AddressInfo(
    dev0-in     172.44.0.2    172.44.0.2/24    00:0d:87:9d:1c:e9,
    dev0-ex     172.44.0.3                     00:0d:87:9d:1c:e9,
    gw-addr     172.44.0.1                     00:20:6f:14:54:c2
);


elementclass SniffGatewayDevice {
  $device |
  from :: FromDevice($device)
    -> Print2('Received packet from device')
    -> t1 :: Tee
    -> output;
  input -> q :: Queue(1024)
    -> t2 :: PullTee
    -> to :: ToDevice($device);
  t1[1] -> ToDevice;
  t2[1] -> ToDevice($device);
  ScheduleInfo(from .1, to 1);
}


device :: SniffGatewayDevice($DEV0);
arpq_in :: ARPQuerier(dev0-in) -> device;
ip_to_extern :: GetIPAddress(16)
        -> CheckIPHeader
        -> EtherEncap(0x800, dev0-ex, gw-addr)
        -> device;
ip_to_host :: EtherEncap(0x800, gw-addr, dev0-ex)
        -> ToDevice;
ip_to_intern :: GetIPAddress(16)
        -> CheckIPHeader
        -> arpq_in;

                 
arp_class :: Classifier(
        12/0806 20/0001,        // [0] ARP requests
        12/0806 20/0002,        // [1] ARP replies to host
        12/0800);               // [2] IP packets

device -> arp_class;

// ARP crap
arp_class[0] -> ARPResponder(dev0-in, dev0-ex) -> device;
arp_class[1] -> arp_t :: Tee;
                arp_t[0] -> ToDevice;
                arp_t[1] -> [1]arpq_in;


// IP packets
arp_class[2] -> Strip(14)
   -> CheckIPHeader
   -> ipclass :: IPClassifier(dst host dev0-ex,
                              dst host dev0-in,
                              src net dev0-in);

// Define pattern NAT
iprw :: IPRewriterPatterns(NAT dev0-ex 50000-65535 - -);

// Rewriting rules for UDP/TCP packets
// output[0] rewritten to go into the wild
// output[1] rewritten to come back from the wild or no match
rw :: IPRewriter(pattern NAT 0 1,
                 pass 1);

// Rewriting rules for ICMP packets
irw :: ICMPPingRewriter(pass);
irw[0] -> ip_to_extern;
irw[1] -> icmp_me_or_intern :: IPClassifier(dst host dev0-ex, -);
          icmp_me_or_intern[0] -> ip_to_host;
          icmp_me_or_intern[1] -> ip_to_intern;

// Rewriting rules for ICMP error packets
ierw :: ICMPRewriter(rw irw);
ierw[0] -> icmp_me_or_intern;
ierw[1] -> icmp_me_or_intern;


// Packets directed at dev0-ex.
// Send it through IPRewriter(pass).  If there was a mapping, it will be
// rewritten such that dst is dev0-in:net, otherwise dst will still be for
// dev0-ex.
ipclass[0] -> Print("->1x") -> [1]rw;

// packets that were rewritten, heading into the wild world.
rw[0] -> Print("0->") -> ip_to_extern;

// packets that come back from the wild or are not part of an established
// connection.
rw[1] -> Print("1->") -> established_class :: IPClassifier(dst host dev0-ex,
                                           dst net dev0-in);

         // not established yet or returning packets for a connection that was
         // established from this host itself.
         established_class[0] ->
           firewall :: IPClassifier(dst tcp port ssh,
                                    dst tcp port smtp,
                                    dst tcp port domain,
                                    dst udp port domain,
                                    icmp type echo-reply,
                                    proto icmp,
                                    port > 4095,
                                    -);

                                    firewall[0] -> ip_to_host; // ssh
                                    firewall[1] -> ip_to_host; // smtp
                                    firewall[2] -> ip_to_host; // domain (t)
                                    firewall[3] -> ip_to_host; // domain (u)
                                    firewall[4] -> [0]irw;     // icmp reply
                                    firewall[5] -> [0]ierw;    // other icmp
                                    firewall[6] -> ip_to_host; // port > 4095, probably for connection
                                                               // originating from host itself
                                    firewall[7] -> Discard;    // don't allow incoming for port <= 4095

        // established connection
        established_class[1] -> ip_to_intern;

// To dev0-in.  Only accept from inside network.
ipclass[1] -> IPClassifier(src net dev0-in) -> ip_to_host;

// Packets from dev0-in:net either stay on local network or go to the wild.
// Those that go into the wild need to go through the appropriate rewriting
// element.  (Either UDP/TCP rewriter or ICMP rewriter.)
ipclass[2] -> inter_class :: IPClassifier(dst net dev0-in, -);
              inter_class[0] -> ip_to_intern;
              inter_class[1] -> ip_udp_class :: IPClassifier(tcp or udp,
                                                             icmp type echo);
                                ip_udp_class[0] -> Print("->0") -> [0]rw;
                                ip_udp_class[1] -> [0]irw;

Startup trace (nsec): print config done: 552705958
Startup trace (nsec): initialize elements: 556330424
[    0.560290] ERR:  [libvirtio_net] <virtio_net.c @  334> Failed to add a buffer to receive virtqueue 0x400064020: -28
Startup trace (nsec): initialize elements done: 567932398
[router_thread:310] Starting driver...


Received packet from device: 578712875 ns:   64 | 01005e00 0016767e 90d49854 080046c0 00280000 40000102
qemu-system-x86_64: terminating on signal 1 from pid 195364 (/nix/store/h3b1h0p481wd0zrbkq71gw2m7gq13m83-sudo-1.9.17p2/bin/sudo)
Bench-helper startup time (nsec): 921630605
path '/home/okelmann/appclick-ubpf/benchmark' does not contain a 'flake.nix', searching up
warning: Git tree '/home/okelmann/appclick-ubpf' is dirty
Using saved setting for 'extra-substituters = https://tum-dse.cachix.org' from ~/.local/share/nix/trusted-settings.json.
Using saved setting for 'extra-trusted-public-keys = tum-dse.cachix.org-1:v67rK18oLwgO0Z4b69l30SrV1yRtqxKpiHodG4YxhNM=' from ~/.local/share/nix/trusted-settings.json.
    Finished `dev` profile [unoptimized + debuginfo] target(s) in 0.08s
     Running `target/debug/bench-helper`
c[?7l[2J[0mSeaBIOS (version rel-1.16.2-0-gea1b7a073390-prebuilt.qemu.org)


iPXE (http://ipxe.org) 00:03.0 CA00 PCI2.10 PnP PMM+BEFD0F40+BEF30F40 CA00
Press Ctrl-B to configure iPXE (PCI 00:03.0)...                                                                               


Booting from ROM..Powered by
o.   .o       _ _               __ _
Oo   Oo  ___ (_) | __ __  __ _ ' _) :_
oO   oO ' _ `| | |/ /  _)' _` | |_|  _)
oOo oOO| | | | |   (| | | (_) |  _) :_
 OoOoO ._, ._:_:_,\_._,  .__,_:_, \___)
                         Telesto 0.16.3
Startup trace (nsec): click main(): 107742355
Startup trace (nsec): print config: 109231881
Received config (length 5697):
define($MAC0 52:54:00:12:34:56);
/* End unikraft-provided MAC preamble */
// From: https://github.com/kohler/click/blob/master/conf/thomer-nat.click
// Slightly modified to be compatible with Click on Unikraft. Functionality not guaranteed.
//
// This Click configuration implements a firewall and NAT, roughly based on the
// mazu-nat.click example.
//
// This example assumes there is one interface that is IP-aliased.  In this
// example, dev0 and dev0:0 have IP addresses 66.68.65.90 and 192.168.1.1,
// respectively.  There is a local network, 192.168.1.0/24, and an upstream
// gateway, 66.58.65.89.  Traffic from the local network is NATed.
//
// Connections can be initiated from the NAT box itself, also.
// 
// For bugs, suggestions, and, corrections, please email me.
//
// Author: Thomer M. Gil (click@thomer.com)

define($DEV0 0)

AddressInfo(
    dev0-in     172.44.0.2    172.44.0.2/24    00:0d:87:9d:1c:e9,
    dev0-ex     172.44.0.3                     00:0d:87:9d:1c:e9,
    gw-addr     172.44.0.1                     00:20:6f:14:54:c2
);


elementclass SniffGatewayDevice {
  $device |
  from :: FromDevice($device)
    -> Print2('Received packet from device')
    -> t1 :: Tee
    -> output;
  input -> q :: Queue(1024)
    -> t2 :: PullTee
    -> to :: ToDevice($device);
  t1[1] -> ToDevice;
  t2[1] -> ToDevice($device);
  ScheduleInfo(from .1, to 1);
}


device :: SniffGatewayDevice($DEV0);
arpq_in :: ARPQuerier(dev0-in) -> device;
ip_to_extern :: GetIPAddress(16)
        -> CheckIPHeader
        -> EtherEncap(0x800, dev0-ex, gw-addr)
        -> device;
ip_to_host :: EtherEncap(0x800, gw-addr, dev0-ex)
        -> ToDevice;
ip_to_intern :: GetIPAddress(16)
        -> CheckIPHeader
        -> arpq_in;

                 
arp_class :: Classifier(
        12/0806 20/0001,        // [0] ARP requests
        12/0806 20/0002,        // [1] ARP replies to host
        12/0800);               // [2] IP packets

device -> arp_class;

// ARP crap
arp_class[0] -> ARPResponder(dev0-in, dev0-ex) -> device;
arp_class[1] -> arp_t :: Tee;
                arp_t[0] -> ToDevice;
                arp_t[1] -> [1]arpq_in;


// IP packets
arp_class[2] -> Strip(14)
   -> CheckIPHeader
   -> ipclass :: IPClassifier(dst host dev0-ex,
                              dst host dev0-in,
                              src net dev0-in);

// Define pattern NAT
iprw :: IPRewriterPatterns(NAT dev0-ex 50000-65535 - -);

// Rewriting rules for UDP/TCP packets
// output[0] rewritten to go into the wild
// output[1] rewritten to come back from the wild or no match
rw :: IPRewriter(pattern NAT 0 1,
                 pass 1);

// Rewriting rules for ICMP packets
irw :: ICMPPingRewriter(pass);
irw[0] -> ip_to_extern;
irw[1] -> icmp_me_or_intern :: IPClassifier(dst host dev0-ex, -);
          icmp_me_or_intern[0] -> ip_to_host;
          icmp_me_or_intern[1] -> ip_to_intern;

// Rewriting rules for ICMP error packets
ierw :: ICMPRewriter(rw irw);
ierw[0] -> icmp_me_or_intern;
ierw[1] -> icmp_me_or_intern;


// Packets directed at dev0-ex.
// Send it through IPRewriter(pass).  If there was a mapping, it will be
// rewritten such that dst is dev0-in:net, otherwise dst will still be for
// dev0-ex.
ipclass[0] -> Print("->1x") -> [1]rw;

// packets that were rewritten, heading into the wild world.
rw[0] -> Print("0->") -> ip_to_extern;

// packets that come back from the wild or are not part of an established
// connection.
rw[1] -> Print("1->") -> established_class :: IPClassifier(dst host dev0-ex,
                                           dst net dev0-in);

         // not established yet or returning packets for a connection that was
         // established from this host itself.
         established_class[0] ->
           firewall :: IPClassifier(dst tcp port ssh,
                                    dst tcp port smtp,
                                    dst tcp port domain,
                                    dst udp port domain,
                                    icmp type echo-reply,
                                    proto icmp,
                                    port > 4095,
                                    -);

                                    firewall[0] -> ip_to_host; // ssh
                                    firewall[1] -> ip_to_host; // smtp
                                    firewall[2] -> ip_to_host; // domain (t)
                                    firewall[3] -> ip_to_host; // domain (u)
                                    firewall[4] -> [0]irw;     // icmp reply
                                    firewall[5] -> [0]ierw;    // other icmp
                                    firewall[6] -> ip_to_host; // port > 4095, probably for connection
                                                               // originating from host itself
                                    firewall[7] -> Discard;    // don't allow incoming for port <= 4095

        // established connection
        established_class[1] -> ip_to_intern;

// To dev0-in.  Only accept from inside network.
ipclass[1] -> IPClassifier(src net dev0-in) -> ip_to_host;

// Packets from dev0-in:net either stay on local network or go to the wild.
// Those that go into the wild need to go through the appropriate rewriting
// element.  (Either UDP/TCP rewriter or ICMP rewriter.)
ipclass[2] -> inter_class :: IPClassifier(dst net dev0-in, -);
              inter_class[0] -> ip_to_intern;
              inter_class[1] -> ip_udp_class :: IPClassifier(tcp or udp,
                                                             icmp type echo);
                                ip_udp_class[0] -> Print("->0") -> [0]rw;
                                ip_udp_class[1] -> [0]irw;

Startup trace (nsec): print config done: 547458690
Startup trace (nsec): initialize elements: 551052616
[    0.554977] ERR:  [libvirtio_net] <virtio_net.c @  334> Failed to add a buffer to receive virtqueue 0x400064020: -28
Startup trace (nsec): initialize elements done: 562439590
[router_thread:310] Starting driver...


Received packet from device: 573199511 ns:   64 | 01005e00 0016767e 90d49854 080046c0 00280000 40000102
qemu-system-x86_64: terminating on signal 1 from pid 195439 (/nix/store/h3b1h0p481wd0zrbkq71gw2m7gq13m83-sudo-1.9.17p2/bin/sudo)
Bench-helper startup time (nsec): 918844493
path '/home/okelmann/appclick-ubpf/benchmark' does not contain a 'flake.nix', searching up
warning: Git tree '/home/okelmann/appclick-ubpf' is dirty
Using saved setting for 'extra-substituters = https://tum-dse.cachix.org' from ~/.local/share/nix/trusted-settings.json.
Using saved setting for 'extra-trusted-public-keys = tum-dse.cachix.org-1:v67rK18oLwgO0Z4b69l30SrV1yRtqxKpiHodG4YxhNM=' from ~/.local/share/nix/trusted-settings.json.
    Finished `dev` profile [unoptimized + debuginfo] target(s) in 0.08s
     Running `target/debug/bench-helper`
c[?7l[2J[0mSeaBIOS (version rel-1.16.2-0-gea1b7a073390-prebuilt.qemu.org)


iPXE (http://ipxe.org) 00:03.0 CA00 PCI2.10 PnP PMM+BEFD0F40+BEF30F40 CA00
Press Ctrl-B to configure iPXE (PCI 00:03.0)...                                                                               


Booting from ROM..Powered by
o.   .o       _ _               __ _
Oo   Oo  ___ (_) | __ __  __ _ ' _) :_
oO   oO ' _ `| | |/ /  _)' _` | |_|  _)
oOo oOO| | | | |   (| | | (_) |  _) :_
 OoOoO ._, ._:_:_,\_._,  .__,_:_, \___)
                         Telesto 0.16.3
Startup trace (nsec): click main(): 107902943
Startup trace (nsec): print config: 109390921
Received config (length 5697):
define($MAC0 52:54:00:12:34:56);
/* End unikraft-provided MAC preamble */
// From: https://github.com/kohler/click/blob/master/conf/thomer-nat.click
// Slightly modified to be compatible with Click on Unikraft. Functionality not guaranteed.
//
// This Click configuration implements a firewall and NAT, roughly based on the
// mazu-nat.click example.
//
// This example assumes there is one interface that is IP-aliased.  In this
// example, dev0 and dev0:0 have IP addresses 66.68.65.90 and 192.168.1.1,
// respectively.  There is a local network, 192.168.1.0/24, and an upstream
// gateway, 66.58.65.89.  Traffic from the local network is NATed.
//
// Connections can be initiated from the NAT box itself, also.
// 
// For bugs, suggestions, and, corrections, please email me.
//
// Author: Thomer M. Gil (click@thomer.com)

define($DEV0 0)

AddressInfo(
    dev0-in     172.44.0.2    172.44.0.2/24    00:0d:87:9d:1c:e9,
    dev0-ex     172.44.0.3                     00:0d:87:9d:1c:e9,
    gw-addr     172.44.0.1                     00:20:6f:14:54:c2
);


elementclass SniffGatewayDevice {
  $device |
  from :: FromDevice($device)
    -> Print2('Received packet from device')
    -> t1 :: Tee
    -> output;
  input -> q :: Queue(1024)
    -> t2 :: PullTee
    -> to :: ToDevice($device);
  t1[1] -> ToDevice;
  t2[1] -> ToDevice($device);
  ScheduleInfo(from .1, to 1);
}


device :: SniffGatewayDevice($DEV0);
arpq_in :: ARPQuerier(dev0-in) -> device;
ip_to_extern :: GetIPAddress(16)
        -> CheckIPHeader
        -> EtherEncap(0x800, dev0-ex, gw-addr)
        -> device;
ip_to_host :: EtherEncap(0x800, gw-addr, dev0-ex)
        -> ToDevice;
ip_to_intern :: GetIPAddress(16)
        -> CheckIPHeader
        -> arpq_in;

                 
arp_class :: Classifier(
        12/0806 20/0001,        // [0] ARP requests
        12/0806 20/0002,        // [1] ARP replies to host
        12/0800);               // [2] IP packets

device -> arp_class;

// ARP crap
arp_class[0] -> ARPResponder(dev0-in, dev0-ex) -> device;
arp_class[1] -> arp_t :: Tee;
                arp_t[0] -> ToDevice;
                arp_t[1] -> [1]arpq_in;


// IP packets
arp_class[2] -> Strip(14)
   -> CheckIPHeader
   -> ipclass :: IPClassifier(dst host dev0-ex,
                              dst host dev0-in,
                              src net dev0-in);

// Define pattern NAT
iprw :: IPRewriterPatterns(NAT dev0-ex 50000-65535 - -);

// Rewriting rules for UDP/TCP packets
// output[0] rewritten to go into the wild
// output[1] rewritten to come back from the wild or no match
rw :: IPRewriter(pattern NAT 0 1,
                 pass 1);

// Rewriting rules for ICMP packets
irw :: ICMPPingRewriter(pass);
irw[0] -> ip_to_extern;
irw[1] -> icmp_me_or_intern :: IPClassifier(dst host dev0-ex, -);
          icmp_me_or_intern[0] -> ip_to_host;
          icmp_me_or_intern[1] -> ip_to_intern;

// Rewriting rules for ICMP error packets
ierw :: ICMPRewriter(rw irw);
ierw[0] -> icmp_me_or_intern;
ierw[1] -> icmp_me_or_intern;


// Packets directed at dev0-ex.
// Send it through IPRewriter(pass).  If there was a mapping, it will be
// rewritten such that dst is dev0-in:net, otherwise dst will still be for
// dev0-ex.
ipclass[0] -> Print("->1x") -> [1]rw;

// packets that were rewritten, heading into the wild world.
rw[0] -> Print("0->") -> ip_to_extern;

// packets that come back from the wild or are not part of an established
// connection.
rw[1] -> Print("1->") -> established_class :: IPClassifier(dst host dev0-ex,
                                           dst net dev0-in);

         // not established yet or returning packets for a connection that was
         // established from this host itself.
         established_class[0] ->
           firewall :: IPClassifier(dst tcp port ssh,
                                    dst tcp port smtp,
                                    dst tcp port domain,
                                    dst udp port domain,
                                    icmp type echo-reply,
                                    proto icmp,
                                    port > 4095,
                                    -);

                                    firewall[0] -> ip_to_host; // ssh
                                    firewall[1] -> ip_to_host; // smtp
                                    firewall[2] -> ip_to_host; // domain (t)
                                    firewall[3] -> ip_to_host; // domain (u)
                                    firewall[4] -> [0]irw;     // icmp reply
                                    firewall[5] -> [0]ierw;    // other icmp
                                    firewall[6] -> ip_to_host; // port > 4095, probably for connection
                                                               // originating from host itself
                                    firewall[7] -> Discard;    // don't allow incoming for port <= 4095

        // established connection
        established_class[1] -> ip_to_intern;

// To dev0-in.  Only accept from inside network.
ipclass[1] -> IPClassifier(src net dev0-in) -> ip_to_host;

// Packets from dev0-in:net either stay on local network or go to the wild.
// Those that go into the wild need to go through the appropriate rewriting
// element.  (Either UDP/TCP rewriter or ICMP rewriter.)
ipclass[2] -> inter_class :: IPClassifier(dst net dev0-in, -);
              inter_class[0] -> ip_to_intern;
              inter_class[1] -> ip_udp_class :: IPClassifier(tcp or udp,
                                                             icmp type echo);
                                ip_udp_class[0] -> Print("->0") -> [0]rw;
                                ip_udp_class[1] -> [0]irw;

Startup trace (nsec): print config done: 545295831
Startup trace (nsec): initialize elements: 548869209
[    0.552776] ERR:  [libvirtio_net] <virtio_net.c @  334> Failed to add a buffer to receive virtqueue 0x400064020: -28
Startup trace (nsec): initialize elements done: 560229668
[router_thread:310] Starting driver...


Received packet from device: 570879014 ns:   64 | 01005e00 0016767e 90d49854 080046c0 00280000 40000102
qemu-system-x86_64: terminating on signal 1 from pid 195530 (/nix/store/h3b1h0p481wd0zrbkq71gw2m7gq13m83-sudo-1.9.17p2/bin/sudo)
Bench-helper startup time (nsec): 913536371
path '/home/okelmann/appclick-ubpf/benchmark' does not contain a 'flake.nix', searching up
warning: Git tree '/home/okelmann/appclick-ubpf' is dirty
Using saved setting for 'extra-substituters = https://tum-dse.cachix.org' from ~/.local/share/nix/trusted-settings.json.
Using saved setting for 'extra-trusted-public-keys = tum-dse.cachix.org-1:v67rK18oLwgO0Z4b69l30SrV1yRtqxKpiHodG4YxhNM=' from ~/.local/share/nix/trusted-settings.json.
    Finished `dev` profile [unoptimized + debuginfo] target(s) in 0.08s
     Running `target/debug/bench-helper`
c[?7l[2J[0mSeaBIOS (version rel-1.16.2-0-gea1b7a073390-prebuilt.qemu.org)


iPXE (http://ipxe.org) 00:03.0 CA00 PCI2.10 PnP PMM+BEFD0F40+BEF30F40 CA00
Press Ctrl-B to configure iPXE (PCI 00:03.0)...                                                                               


Booting from ROM..Powered by
o.   .o       _ _               __ _
Oo   Oo  ___ (_) | __ __  __ _ ' _) :_
oO   oO ' _ `| | |/ /  _)' _` | |_|  _)
oOo oOO| | | | |   (| | | (_) |  _) :_
 OoOoO ._, ._:_:_,\_._,  .__,_:_, \___)
                         Telesto 0.16.3
Startup trace (nsec): click main(): 107950939
Startup trace (nsec): print config: 109442479
Received config (length 5697):
define($MAC0 52:54:00:12:34:56);
/* End unikraft-provided MAC preamble */
// From: https://github.com/kohler/click/blob/master/conf/thomer-nat.click
// Slightly modified to be compatible with Click on Unikraft. Functionality not guaranteed.
//
// This Click configuration implements a firewall and NAT, roughly based on the
// mazu-nat.click example.
//
// This example assumes there is one interface that is IP-aliased.  In this
// example, dev0 and dev0:0 have IP addresses 66.68.65.90 and 192.168.1.1,
// respectively.  There is a local network, 192.168.1.0/24, and an upstream
// gateway, 66.58.65.89.  Traffic from the local network is NATed.
//
// Connections can be initiated from the NAT box itself, also.
// 
// For bugs, suggestions, and, corrections, please email me.
//
// Author: Thomer M. Gil (click@thomer.com)

define($DEV0 0)

AddressInfo(
    dev0-in     172.44.0.2    172.44.0.2/24    00:0d:87:9d:1c:e9,
    dev0-ex     172.44.0.3                     00:0d:87:9d:1c:e9,
    gw-addr     172.44.0.1                     00:20:6f:14:54:c2
);


elementclass SniffGatewayDevice {
  $device |
  from :: FromDevice($device)
    -> Print2('Received packet from device')
    -> t1 :: Tee
    -> output;
  input -> q :: Queue(1024)
    -> t2 :: PullTee
    -> to :: ToDevice($device);
  t1[1] -> ToDevice;
  t2[1] -> ToDevice($device);
  ScheduleInfo(from .1, to 1);
}


device :: SniffGatewayDevice($DEV0);
arpq_in :: ARPQuerier(dev0-in) -> device;
ip_to_extern :: GetIPAddress(16)
        -> CheckIPHeader
        -> EtherEncap(0x800, dev0-ex, gw-addr)
        -> device;
ip_to_host :: EtherEncap(0x800, gw-addr, dev0-ex)
        -> ToDevice;
ip_to_intern :: GetIPAddress(16)
        -> CheckIPHeader
        -> arpq_in;

                 
arp_class :: Classifier(
        12/0806 20/0001,        // [0] ARP requests
        12/0806 20/0002,        // [1] ARP replies to host
        12/0800);               // [2] IP packets

device -> arp_class;

// ARP crap
arp_class[0] -> ARPResponder(dev0-in, dev0-ex) -> device;
arp_class[1] -> arp_t :: Tee;
                arp_t[0] -> ToDevice;
                arp_t[1] -> [1]arpq_in;


// IP packets
arp_class[2] -> Strip(14)
   -> CheckIPHeader
   -> ipclass :: IPClassifier(dst host dev0-ex,
                              dst host dev0-in,
                              src net dev0-in);

// Define pattern NAT
iprw :: IPRewriterPatterns(NAT dev0-ex 50000-65535 - -);

// Rewriting rules for UDP/TCP packets
// output[0] rewritten to go into the wild
// output[1] rewritten to come back from the wild or no match
rw :: IPRewriter(pattern NAT 0 1,
                 pass 1);

// Rewriting rules for ICMP packets
irw :: ICMPPingRewriter(pass);
irw[0] -> ip_to_extern;
irw[1] -> icmp_me_or_intern :: IPClassifier(dst host dev0-ex, -);
          icmp_me_or_intern[0] -> ip_to_host;
          icmp_me_or_intern[1] -> ip_to_intern;

// Rewriting rules for ICMP error packets
ierw :: ICMPRewriter(rw irw);
ierw[0] -> icmp_me_or_intern;
ierw[1] -> icmp_me_or_intern;


// Packets directed at dev0-ex.
// Send it through IPRewriter(pass).  If there was a mapping, it will be
// rewritten such that dst is dev0-in:net, otherwise dst will still be for
// dev0-ex.
ipclass[0] -> Print("->1x") -> [1]rw;

// packets that were rewritten, heading into the wild world.
rw[0] -> Print("0->") -> ip_to_extern;

// packets that come back from the wild or are not part of an established
// connection.
rw[1] -> Print("1->") -> established_class :: IPClassifier(dst host dev0-ex,
                                           dst net dev0-in);

         // not established yet or returning packets for a connection that was
         // established from this host itself.
         established_class[0] ->
           firewall :: IPClassifier(dst tcp port ssh,
                                    dst tcp port smtp,
                                    dst tcp port domain,
                                    dst udp port domain,
                                    icmp type echo-reply,
                                    proto icmp,
                                    port > 4095,
                                    -);

                                    firewall[0] -> ip_to_host; // ssh
                                    firewall[1] -> ip_to_host; // smtp
                                    firewall[2] -> ip_to_host; // domain (t)
                                    firewall[3] -> ip_to_host; // domain (u)
                                    firewall[4] -> [0]irw;     // icmp reply
                                    firewall[5] -> [0]ierw;    // other icmp
                                    firewall[6] -> ip_to_host; // port > 4095, probably for connection
                                                               // originating from host itself
                                    firewall[7] -> Discard;    // don't allow incoming for port <= 4095

        // established connection
        established_class[1] -> ip_to_intern;

// To dev0-in.  Only accept from inside network.
ipclass[1] -> IPClassifier(src net dev0-in) -> ip_to_host;

// Packets from dev0-in:net either stay on local network or go to the wild.
// Those that go into the wild need to go through the appropriate rewriting
// element.  (Either UDP/TCP rewriter or ICMP rewriter.)
ipclass[2] -> inter_class :: IPClassifier(dst net dev0-in, -);
              inter_class[0] -> ip_to_intern;
              inter_class[1] -> ip_udp_class :: IPClassifier(tcp or udp,
                                                             icmp type echo);
                                ip_udp_class[0] -> Print("->0") -> [0]rw;
                                ip_udp_class[1] -> [0]irw;

Startup trace (nsec): print config done: 546501732
Startup trace (nsec): initialize elements: 550080409
[    0.553987] ERR:  [libvirtio_net] <virtio_net.c @  334> Failed to add a buffer to receive virtqueue 0x400064020: -28
Startup trace (nsec): initialize elements done: 561476714
[router_thread:310] Starting driver...


Received packet from device: 572163128 ns:   64 | 01005e00 0016767e 90d49854 080046c0 00280000 40000102
qemu-system-x86_64: terminating on signal 1 from pid 195609 (/nix/store/h3b1h0p481wd0zrbkq71gw2m7gq13m83-sudo-1.9.17p2/bin/sudo)
Bench-helper startup time (nsec): 915790586
path '/home/okelmann/appclick-ubpf/benchmark' does not contain a 'flake.nix', searching up
warning: Git tree '/home/okelmann/appclick-ubpf' is dirty
Using saved setting for 'extra-substituters = https://tum-dse.cachix.org' from ~/.local/share/nix/trusted-settings.json.
Using saved setting for 'extra-trusted-public-keys = tum-dse.cachix.org-1:v67rK18oLwgO0Z4b69l30SrV1yRtqxKpiHodG4YxhNM=' from ~/.local/share/nix/trusted-settings.json.
    Finished `dev` profile [unoptimized + debuginfo] target(s) in 0.08s
     Running `target/debug/bench-helper`
c[?7l[2J[0mSeaBIOS (version rel-1.16.2-0-gea1b7a073390-prebuilt.qemu.org)


iPXE (http://ipxe.org) 00:03.0 CA00 PCI2.10 PnP PMM+BEFD0F40+BEF30F40 CA00
Press Ctrl-B to configure iPXE (PCI 00:03.0)...                                                                               


Booting from ROM..Powered by
o.   .o       _ _               __ _
Oo   Oo  ___ (_) | __ __  __ _ ' _) :_
oO   oO ' _ `| | |/ /  _)' _` | |_|  _)
oOo oOO| | | | |   (| | | (_) |  _) :_
 OoOoO ._, ._:_:_,\_._,  .__,_:_, \___)
                         Telesto 0.16.3
Startup trace (nsec): click main(): 107885509
Startup trace (nsec): print config: 109390879
Received config (length 5697):
define($MAC0 52:54:00:12:34:56);
/* End unikraft-provided MAC preamble */
// From: https://github.com/kohler/click/blob/master/conf/thomer-nat.click
// Slightly modified to be compatible with Click on Unikraft. Functionality not guaranteed.
//
// This Click configuration implements a firewall and NAT, roughly based on the
// mazu-nat.click example.
//
// This example assumes there is one interface that is IP-aliased.  In this
// example, dev0 and dev0:0 have IP addresses 66.68.65.90 and 192.168.1.1,
// respectively.  There is a local network, 192.168.1.0/24, and an upstream
// gateway, 66.58.65.89.  Traffic from the local network is NATed.
//
// Connections can be initiated from the NAT box itself, also.
// 
// For bugs, suggestions, and, corrections, please email me.
//
// Author: Thomer M. Gil (click@thomer.com)

define($DEV0 0)

AddressInfo(
    dev0-in     172.44.0.2    172.44.0.2/24    00:0d:87:9d:1c:e9,
    dev0-ex     172.44.0.3                     00:0d:87:9d:1c:e9,
    gw-addr     172.44.0.1                     00:20:6f:14:54:c2
);


elementclass SniffGatewayDevice {
  $device |
  from :: FromDevice($device)
    -> Print2('Received packet from device')
    -> t1 :: Tee
    -> output;
  input -> q :: Queue(1024)
    -> t2 :: PullTee
    -> to :: ToDevice($device);
  t1[1] -> ToDevice;
  t2[1] -> ToDevice($device);
  ScheduleInfo(from .1, to 1);
}


device :: SniffGatewayDevice($DEV0);
arpq_in :: ARPQuerier(dev0-in) -> device;
ip_to_extern :: GetIPAddress(16)
        -> CheckIPHeader
        -> EtherEncap(0x800, dev0-ex, gw-addr)
        -> device;
ip_to_host :: EtherEncap(0x800, gw-addr, dev0-ex)
        -> ToDevice;
ip_to_intern :: GetIPAddress(16)
        -> CheckIPHeader
        -> arpq_in;

                 
arp_class :: Classifier(
        12/0806 20/0001,        // [0] ARP requests
        12/0806 20/0002,        // [1] ARP replies to host
        12/0800);               // [2] IP packets

device -> arp_class;

// ARP crap
arp_class[0] -> ARPResponder(dev0-in, dev0-ex) -> device;
arp_class[1] -> arp_t :: Tee;
                arp_t[0] -> ToDevice;
                arp_t[1] -> [1]arpq_in;


// IP packets
arp_class[2] -> Strip(14)
   -> CheckIPHeader
   -> ipclass :: IPClassifier(dst host dev0-ex,
                              dst host dev0-in,
                              src net dev0-in);

// Define pattern NAT
iprw :: IPRewriterPatterns(NAT dev0-ex 50000-65535 - -);

// Rewriting rules for UDP/TCP packets
// output[0] rewritten to go into the wild
// output[1] rewritten to come back from the wild or no match
rw :: IPRewriter(pattern NAT 0 1,
                 pass 1);

// Rewriting rules for ICMP packets
irw :: ICMPPingRewriter(pass);
irw[0] -> ip_to_extern;
irw[1] -> icmp_me_or_intern :: IPClassifier(dst host dev0-ex, -);
          icmp_me_or_intern[0] -> ip_to_host;
          icmp_me_or_intern[1] -> ip_to_intern;

// Rewriting rules for ICMP error packets
ierw :: ICMPRewriter(rw irw);
ierw[0] -> icmp_me_or_intern;
ierw[1] -> icmp_me_or_intern;


// Packets directed at dev0-ex.
// Send it through IPRewriter(pass).  If there was a mapping, it will be
// rewritten such that dst is dev0-in:net, otherwise dst will still be for
// dev0-ex.
ipclass[0] -> Print("->1x") -> [1]rw;

// packets that were rewritten, heading into the wild world.
rw[0] -> Print("0->") -> ip_to_extern;

// packets that come back from the wild or are not part of an established
// connection.
rw[1] -> Print("1->") -> established_class :: IPClassifier(dst host dev0-ex,
                                           dst net dev0-in);

         // not established yet or returning packets for a connection that was
         // established from this host itself.
         established_class[0] ->
           firewall :: IPClassifier(dst tcp port ssh,
                                    dst tcp port smtp,
                                    dst tcp port domain,
                                    dst udp port domain,
                                    icmp type echo-reply,
                                    proto icmp,
                                    port > 4095,
                                    -);

                                    firewall[0] -> ip_to_host; // ssh
                                    firewall[1] -> ip_to_host; // smtp
                                    firewall[2] -> ip_to_host; // domain (t)
                                    firewall[3] -> ip_to_host; // domain (u)
                                    firewall[4] -> [0]irw;     // icmp reply
                                    firewall[5] -> [0]ierw;    // other icmp
                                    firewall[6] -> ip_to_host; // port > 4095, probably for connection
                                                               // originating from host itself
                                    firewall[7] -> Discard;    // don't allow incoming for port <= 4095

        // established connection
        established_class[1] -> ip_to_intern;

// To dev0-in.  Only accept from inside network.
ipclass[1] -> IPClassifier(src net dev0-in) -> ip_to_host;

// Packets from dev0-in:net either stay on local network or go to the wild.
// Those that go into the wild need to go through the appropriate rewriting
// element.  (Either UDP/TCP rewriter or ICMP rewriter.)
ipclass[2] -> inter_class :: IPClassifier(dst net dev0-in, -);
              inter_class[0] -> ip_to_intern;
              inter_class[1] -> ip_udp_class :: IPClassifier(tcp or udp,
                                                             icmp type echo);
                                ip_udp_class[0] -> Print("->0") -> [0]rw;
                                ip_udp_class[1] -> [0]irw;

Startup trace (nsec): print config done: 552905571
Startup trace (nsec): initialize elements: 556534201
[    0.560498] ERR:  [libvirtio_net] <virtio_net.c @  334> Failed to add a buffer to receive virtqueue 0x400064020: -28
Startup trace (nsec): initialize elements done: 568138236
[router_thread:310] Starting driver...


Received packet from device: 578918152 ns:   64 | 01005e00 0016767e 90d49854 080046c0 00280000 40000102
qemu-system-x86_64: terminating on signal 1 from pid 195686 (/nix/store/h3b1h0p481wd0zrbkq71gw2m7gq13m83-sudo-1.9.17p2/bin/sudo)
Bench-helper startup time (nsec): 924400577
path '/home/okelmann/appclick-ubpf/benchmark' does not contain a 'flake.nix', searching up
warning: Git tree '/home/okelmann/appclick-ubpf' is dirty
Using saved setting for 'extra-substituters = https://tum-dse.cachix.org' from ~/.local/share/nix/trusted-settings.json.
Using saved setting for 'extra-trusted-public-keys = tum-dse.cachix.org-1:v67rK18oLwgO0Z4b69l30SrV1yRtqxKpiHodG4YxhNM=' from ~/.local/share/nix/trusted-settings.json.
    Finished `dev` profile [unoptimized + debuginfo] target(s) in 0.08s
     Running `target/debug/bench-helper`
c[?7l[2J[0mSeaBIOS (version rel-1.16.2-0-gea1b7a073390-prebuilt.qemu.org)


iPXE (http://ipxe.org) 00:03.0 CA00 PCI2.10 PnP PMM+BEFD0F40+BEF30F40 CA00
Press Ctrl-B to configure iPXE (PCI 00:03.0)...                                                                               


Booting from ROM..Powered by
o.   .o       _ _               __ _
Oo   Oo  ___ (_) | __ __  __ _ ' _) :_
oO   oO ' _ `| | |/ /  _)' _` | |_|  _)
oOo oOO| | | | |   (| | | (_) |  _) :_
 OoOoO ._, ._:_:_,\_._,  .__,_:_, \___)
                         Telesto 0.16.3
Startup trace (nsec): click main(): 107789116
Startup trace (nsec): print config: 109275380
Received config (length 5697):
define($MAC0 52:54:00:12:34:56);
/* End unikraft-provided MAC preamble */
// From: https://github.com/kohler/click/blob/master/conf/thomer-nat.click
// Slightly modified to be compatible with Click on Unikraft. Functionality not guaranteed.
//
// This Click configuration implements a firewall and NAT, roughly based on the
// mazu-nat.click example.
//
// This example assumes there is one interface that is IP-aliased.  In this
// example, dev0 and dev0:0 have IP addresses 66.68.65.90 and 192.168.1.1,
// respectively.  There is a local network, 192.168.1.0/24, and an upstream
// gateway, 66.58.65.89.  Traffic from the local network is NATed.
//
// Connections can be initiated from the NAT box itself, also.
// 
// For bugs, suggestions, and, corrections, please email me.
//
// Author: Thomer M. Gil (click@thomer.com)

define($DEV0 0)

AddressInfo(
    dev0-in     172.44.0.2    172.44.0.2/24    00:0d:87:9d:1c:e9,
    dev0-ex     172.44.0.3                     00:0d:87:9d:1c:e9,
    gw-addr     172.44.0.1                     00:20:6f:14:54:c2
);


elementclass SniffGatewayDevice {
  $device |
  from :: FromDevice($device)
    -> Print2('Received packet from device')
    -> t1 :: Tee
    -> output;
  input -> q :: Queue(1024)
    -> t2 :: PullTee
    -> to :: ToDevice($device);
  t1[1] -> ToDevice;
  t2[1] -> ToDevice($device);
  ScheduleInfo(from .1, to 1);
}


device :: SniffGatewayDevice($DEV0);
arpq_in :: ARPQuerier(dev0-in) -> device;
ip_to_extern :: GetIPAddress(16)
        -> CheckIPHeader
        -> EtherEncap(0x800, dev0-ex, gw-addr)
        -> device;
ip_to_host :: EtherEncap(0x800, gw-addr, dev0-ex)
        -> ToDevice;
ip_to_intern :: GetIPAddress(16)
        -> CheckIPHeader
        -> arpq_in;

                 
arp_class :: Classifier(
        12/0806 20/0001,        // [0] ARP requests
        12/0806 20/0002,        // [1] ARP replies to host
        12/0800);               // [2] IP packets

device -> arp_class;

// ARP crap
arp_class[0] -> ARPResponder(dev0-in, dev0-ex) -> device;
arp_class[1] -> arp_t :: Tee;
                arp_t[0] -> ToDevice;
                arp_t[1] -> [1]arpq_in;


// IP packets
arp_class[2] -> Strip(14)
   -> CheckIPHeader
   -> ipclass :: IPClassifier(dst host dev0-ex,
                              dst host dev0-in,
                              src net dev0-in);

// Define pattern NAT
iprw :: IPRewriterPatterns(NAT dev0-ex 50000-65535 - -);

// Rewriting rules for UDP/TCP packets
// output[0] rewritten to go into the wild
// output[1] rewritten to come back from the wild or no match
rw :: IPRewriter(pattern NAT 0 1,
                 pass 1);

// Rewriting rules for ICMP packets
irw :: ICMPPingRewriter(pass);
irw[0] -> ip_to_extern;
irw[1] -> icmp_me_or_intern :: IPClassifier(dst host dev0-ex, -);
          icmp_me_or_intern[0] -> ip_to_host;
          icmp_me_or_intern[1] -> ip_to_intern;

// Rewriting rules for ICMP error packets
ierw :: ICMPRewriter(rw irw);
ierw[0] -> icmp_me_or_intern;
ierw[1] -> icmp_me_or_intern;


// Packets directed at dev0-ex.
// Send it through IPRewriter(pass).  If there was a mapping, it will be
// rewritten such that dst is dev0-in:net, otherwise dst will still be for
// dev0-ex.
ipclass[0] -> Print("->1x") -> [1]rw;

// packets that were rewritten, heading into the wild world.
rw[0] -> Print("0->") -> ip_to_extern;

// packets that come back from the wild or are not part of an established
// connection.
rw[1] -> Print("1->") -> established_class :: IPClassifier(dst host dev0-ex,
                                           dst net dev0-in);

         // not established yet or returning packets for a connection that was
         // established from this host itself.
         established_class[0] ->
           firewall :: IPClassifier(dst tcp port ssh,
                                    dst tcp port smtp,
                                    dst tcp port domain,
                                    dst udp port domain,
                                    icmp type echo-reply,
                                    proto icmp,
                                    port > 4095,
                                    -);

                                    firewall[0] -> ip_to_host; // ssh
                                    firewall[1] -> ip_to_host; // smtp
                                    firewall[2] -> ip_to_host; // domain (t)
                                    firewall[3] -> ip_to_host; // domain (u)
                                    firewall[4] -> [0]irw;     // icmp reply
                                    firewall[5] -> [0]ierw;    // other icmp
                                    firewall[6] -> ip_to_host; // port > 4095, probably for connection
                                                               // originating from host itself
                                    firewall[7] -> Discard;    // don't allow incoming for port <= 4095

        // established connection
        established_class[1] -> ip_to_intern;

// To dev0-in.  Only accept from inside network.
ipclass[1] -> IPClassifier(src net dev0-in) -> ip_to_host;

// Packets from dev0-in:net either stay on local network or go to the wild.
// Those that go into the wild need to go through the appropriate rewriting
// element.  (Either UDP/TCP rewriter or ICMP rewriter.)
ipclass[2] -> inter_class :: IPClassifier(dst net dev0-in, -);
              inter_class[0] -> ip_to_intern;
              inter_class[1] -> ip_udp_class :: IPClassifier(tcp or udp,
                                                             icmp type echo);
                                ip_udp_class[0] -> Print("->0") -> [0]rw;
                                ip_udp_class[1] -> [0]irw;

Startup trace (nsec): print config done: 547324918
Startup trace (nsec): initialize elements: 550910986
[    0.554829] ERR:  [libvirtio_net] <virtio_net.c @  334> Failed to add a buffer to receive virtqueue 0x400064020: -28
Startup trace (nsec): initialize elements done: 562402800
[router_thread:310] Starting driver...


Received packet from device: 573112150 ns:   64 | 01005e00 0016767e 90d49854 080046c0 00280000 40000102
qemu-system-x86_64: terminating on signal 1 from pid 195762 (/nix/store/h3b1h0p481wd0zrbkq71gw2m7gq13m83-sudo-1.9.17p2/bin/sudo)
Bench-helper startup time (nsec): 917397415
path '/home/okelmann/appclick-ubpf/benchmark' does not contain a 'flake.nix', searching up
warning: Git tree '/home/okelmann/appclick-ubpf' is dirty
Using saved setting for 'extra-substituters = https://tum-dse.cachix.org' from ~/.local/share/nix/trusted-settings.json.
Using saved setting for 'extra-trusted-public-keys = tum-dse.cachix.org-1:v67rK18oLwgO0Z4b69l30SrV1yRtqxKpiHodG4YxhNM=' from ~/.local/share/nix/trusted-settings.json.
    Finished `dev` profile [unoptimized + debuginfo] target(s) in 0.08s
     Running `target/debug/bench-helper`
c[?7l[2J[0mSeaBIOS (version rel-1.16.2-0-gea1b7a073390-prebuilt.qemu.org)


iPXE (http://ipxe.org) 00:03.0 CA00 PCI2.10 PnP PMM+BEFD0F40+BEF30F40 CA00
Press Ctrl-B to configure iPXE (PCI 00:03.0)...                                                                               


Booting from ROM..Powered by
o.   .o       _ _               __ _
Oo   Oo  ___ (_) | __ __  __ _ ' _) :_
oO   oO ' _ `| | |/ /  _)' _` | |_|  _)
oOo oOO| | | | |   (| | | (_) |  _) :_
 OoOoO ._, ._:_:_,\_._,  .__,_:_, \___)
                         Telesto 0.16.3
Startup trace (nsec): click main(): 107801120
Startup trace (nsec): print config: 109288366
Received config (length 5697):
define($MAC0 52:54:00:12:34:56);
/* End unikraft-provided MAC preamble */
// From: https://github.com/kohler/click/blob/master/conf/thomer-nat.click
// Slightly modified to be compatible with Click on Unikraft. Functionality not guaranteed.
//
// This Click configuration implements a firewall and NAT, roughly based on the
// mazu-nat.click example.
//
// This example assumes there is one interface that is IP-aliased.  In this
// example, dev0 and dev0:0 have IP addresses 66.68.65.90 and 192.168.1.1,
// respectively.  There is a local network, 192.168.1.0/24, and an upstream
// gateway, 66.58.65.89.  Traffic from the local network is NATed.
//
// Connections can be initiated from the NAT box itself, also.
// 
// For bugs, suggestions, and, corrections, please email me.
//
// Author: Thomer M. Gil (click@thomer.com)

define($DEV0 0)

AddressInfo(
    dev0-in     172.44.0.2    172.44.0.2/24    00:0d:87:9d:1c:e9,
    dev0-ex     172.44.0.3                     00:0d:87:9d:1c:e9,
    gw-addr     172.44.0.1                     00:20:6f:14:54:c2
);


elementclass SniffGatewayDevice {
  $device |
  from :: FromDevice($device)
    -> Print2('Received packet from device')
    -> t1 :: Tee
    -> output;
  input -> q :: Queue(1024)
    -> t2 :: PullTee
    -> to :: ToDevice($device);
  t1[1] -> ToDevice;
  t2[1] -> ToDevice($device);
  ScheduleInfo(from .1, to 1);
}


device :: SniffGatewayDevice($DEV0);
arpq_in :: ARPQuerier(dev0-in) -> device;
ip_to_extern :: GetIPAddress(16)
        -> CheckIPHeader
        -> EtherEncap(0x800, dev0-ex, gw-addr)
        -> device;
ip_to_host :: EtherEncap(0x800, gw-addr, dev0-ex)
        -> ToDevice;
ip_to_intern :: GetIPAddress(16)
        -> CheckIPHeader
        -> arpq_in;

                 
arp_class :: Classifier(
        12/0806 20/0001,        // [0] ARP requests
        12/0806 20/0002,        // [1] ARP replies to host
        12/0800);               // [2] IP packets

device -> arp_class;

// ARP crap
arp_class[0] -> ARPResponder(dev0-in, dev0-ex) -> device;
arp_class[1] -> arp_t :: Tee;
                arp_t[0] -> ToDevice;
                arp_t[1] -> [1]arpq_in;


// IP packets
arp_class[2] -> Strip(14)
   -> CheckIPHeader
   -> ipclass :: IPClassifier(dst host dev0-ex,
                              dst host dev0-in,
                              src net dev0-in);

// Define pattern NAT
iprw :: IPRewriterPatterns(NAT dev0-ex 50000-65535 - -);

// Rewriting rules for UDP/TCP packets
// output[0] rewritten to go into the wild
// output[1] rewritten to come back from the wild or no match
rw :: IPRewriter(pattern NAT 0 1,
                 pass 1);

// Rewriting rules for ICMP packets
irw :: ICMPPingRewriter(pass);
irw[0] -> ip_to_extern;
irw[1] -> icmp_me_or_intern :: IPClassifier(dst host dev0-ex, -);
          icmp_me_or_intern[0] -> ip_to_host;
          icmp_me_or_intern[1] -> ip_to_intern;

// Rewriting rules for ICMP error packets
ierw :: ICMPRewriter(rw irw);
ierw[0] -> icmp_me_or_intern;
ierw[1] -> icmp_me_or_intern;


// Packets directed at dev0-ex.
// Send it through IPRewriter(pass).  If there was a mapping, it will be
// rewritten such that dst is dev0-in:net, otherwise dst will still be for
// dev0-ex.
ipclass[0] -> Print("->1x") -> [1]rw;

// packets that were rewritten, heading into the wild world.
rw[0] -> Print("0->") -> ip_to_extern;

// packets that come back from the wild or are not part of an established
// connection.
rw[1] -> Print("1->") -> established_class :: IPClassifier(dst host dev0-ex,
                                           dst net dev0-in);

         // not established yet or returning packets for a connection that was
         // established from this host itself.
         established_class[0] ->
           firewall :: IPClassifier(dst tcp port ssh,
                                    dst tcp port smtp,
                                    dst tcp port domain,
                                    dst udp port domain,
                                    icmp type echo-reply,
                                    proto icmp,
                                    port > 4095,
                                    -);

                                    firewall[0] -> ip_to_host; // ssh
                                    firewall[1] -> ip_to_host; // smtp
                                    firewall[2] -> ip_to_host; // domain (t)
                                    firewall[3] -> ip_to_host; // domain (u)
                                    firewall[4] -> [0]irw;     // icmp reply
                                    firewall[5] -> [0]ierw;    // other icmp
                                    firewall[6] -> ip_to_host; // port > 4095, probably for connection
                                                               // originating from host itself
                                    firewall[7] -> Discard;    // don't allow incoming for port <= 4095

        // established connection
        established_class[1] -> ip_to_intern;

// To dev0-in.  Only accept from inside network.
ipclass[1] -> IPClassifier(src net dev0-in) -> ip_to_host;

// Packets from dev0-in:net either stay on local network or go to the wild.
// Those that go into the wild need to go through the appropriate rewriting
// element.  (Either UDP/TCP rewriter or ICMP rewriter.)
ipclass[2] -> inter_class :: IPClassifier(dst net dev0-in, -);
              inter_class[0] -> ip_to_intern;
              inter_class[1] -> ip_udp_class :: IPClassifier(tcp or udp,
                                                             icmp type echo);
                                ip_udp_class[0] -> Print("->0") -> [0]rw;
                                ip_udp_class[1] -> [0]irw;

Startup trace (nsec): print config done: 546770253
Startup trace (nsec): initialize elements: 550357833
[    0.554276] ERR:  [libvirtio_net] <virtio_net.c @  334> Failed to add a buffer to receive virtqueue 0x400064020: -28
Startup trace (nsec): initialize elements done: 561775394
[router_thread:310] Starting driver...


Received packet from device: 572439576 ns:  180 | 33330000 0016767e 90d49854 86dd6000 00000074 0001fe80
qemu-system-x86_64: terminating on signal 1 from pid 195842 (/nix/store/h3b1h0p481wd0zrbkq71gw2m7gq13m83-sudo-1.9.17p2/bin/sudo)
Bench-helper startup time (nsec): 916069119
path '/home/okelmann/appclick-ubpf/benchmark' does not contain a 'flake.nix', searching up
warning: Git tree '/home/okelmann/appclick-ubpf' is dirty
Using saved setting for 'extra-substituters = https://tum-dse.cachix.org' from ~/.local/share/nix/trusted-settings.json.
Using saved setting for 'extra-trusted-public-keys = tum-dse.cachix.org-1:v67rK18oLwgO0Z4b69l30SrV1yRtqxKpiHodG4YxhNM=' from ~/.local/share/nix/trusted-settings.json.
    Finished `dev` profile [unoptimized + debuginfo] target(s) in 0.08s
     Running `target/debug/bench-helper`
c[?7l[2J[0mSeaBIOS (version rel-1.16.2-0-gea1b7a073390-prebuilt.qemu.org)


iPXE (http://ipxe.org) 00:03.0 CA00 PCI2.10 PnP PMM+BEFD0F40+BEF30F40 CA00
Press Ctrl-B to configure iPXE (PCI 00:03.0)...                                                                               


Booting from ROM..Powered by
o.   .o       _ _               __ _
Oo   Oo  ___ (_) | __ __  __ _ ' _) :_
oO   oO ' _ `| | |/ /  _)' _` | |_|  _)
oOo oOO| | | | |   (| | | (_) |  _) :_
 OoOoO ._, ._:_:_,\_._,  .__,_:_, \___)
                         Telesto 0.16.3
Startup trace (nsec): click main(): 107754627
Startup trace (nsec): print config: 109244317
Received config (length 5697):
define($MAC0 52:54:00:12:34:56);
/* End unikraft-provided MAC preamble */
// From: https://github.com/kohler/click/blob/master/conf/thomer-nat.click
// Slightly modified to be compatible with Click on Unikraft. Functionality not guaranteed.
//
// This Click configuration implements a firewall and NAT, roughly based on the
// mazu-nat.click example.
//
// This example assumes there is one interface that is IP-aliased.  In this
// example, dev0 and dev0:0 have IP addresses 66.68.65.90 and 192.168.1.1,
// respectively.  There is a local network, 192.168.1.0/24, and an upstream
// gateway, 66.58.65.89.  Traffic from the local network is NATed.
//
// Connections can be initiated from the NAT box itself, also.
// 
// For bugs, suggestions, and, corrections, please email me.
//
// Author: Thomer M. Gil (click@thomer.com)

define($DEV0 0)

AddressInfo(
    dev0-in     172.44.0.2    172.44.0.2/24    00:0d:87:9d:1c:e9,
    dev0-ex     172.44.0.3                     00:0d:87:9d:1c:e9,
    gw-addr     172.44.0.1                     00:20:6f:14:54:c2
);


elementclass SniffGatewayDevice {
  $device |
  from :: FromDevice($device)
    -> Print2('Received packet from device')
    -> t1 :: Tee
    -> output;
  input -> q :: Queue(1024)
    -> t2 :: PullTee
    -> to :: ToDevice($device);
  t1[1] -> ToDevice;
  t2[1] -> ToDevice($device);
  ScheduleInfo(from .1, to 1);
}


device :: SniffGatewayDevice($DEV0);
arpq_in :: ARPQuerier(dev0-in) -> device;
ip_to_extern :: GetIPAddress(16)
        -> CheckIPHeader
        -> EtherEncap(0x800, dev0-ex, gw-addr)
        -> device;
ip_to_host :: EtherEncap(0x800, gw-addr, dev0-ex)
        -> ToDevice;
ip_to_intern :: GetIPAddress(16)
        -> CheckIPHeader
        -> arpq_in;

                 
arp_class :: Classifier(
        12/0806 20/0001,        // [0] ARP requests
        12/0806 20/0002,        // [1] ARP replies to host
        12/0800);               // [2] IP packets

device -> arp_class;

// ARP crap
arp_class[0] -> ARPResponder(dev0-in, dev0-ex) -> device;
arp_class[1] -> arp_t :: Tee;
                arp_t[0] -> ToDevice;
                arp_t[1] -> [1]arpq_in;


// IP packets
arp_class[2] -> Strip(14)
   -> CheckIPHeader
   -> ipclass :: IPClassifier(dst host dev0-ex,
                              dst host dev0-in,
                              src net dev0-in);

// Define pattern NAT
iprw :: IPRewriterPatterns(NAT dev0-ex 50000-65535 - -);

// Rewriting rules for UDP/TCP packets
// output[0] rewritten to go into the wild
// output[1] rewritten to come back from the wild or no match
rw :: IPRewriter(pattern NAT 0 1,
                 pass 1);

// Rewriting rules for ICMP packets
irw :: ICMPPingRewriter(pass);
irw[0] -> ip_to_extern;
irw[1] -> icmp_me_or_intern :: IPClassifier(dst host dev0-ex, -);
          icmp_me_or_intern[0] -> ip_to_host;
          icmp_me_or_intern[1] -> ip_to_intern;

// Rewriting rules for ICMP error packets
ierw :: ICMPRewriter(rw irw);
ierw[0] -> icmp_me_or_intern;
ierw[1] -> icmp_me_or_intern;


// Packets directed at dev0-ex.
// Send it through IPRewriter(pass).  If there was a mapping, it will be
// rewritten such that dst is dev0-in:net, otherwise dst will still be for
// dev0-ex.
ipclass[0] -> Print("->1x") -> [1]rw;

// packets that were rewritten, heading into the wild world.
rw[0] -> Print("0->") -> ip_to_extern;

// packets that come back from the wild or are not part of an established
// connection.
rw[1] -> Print("1->") -> established_class :: IPClassifier(dst host dev0-ex,
                                           dst net dev0-in);

         // not established yet or returning packets for a connection that was
         // established from this host itself.
         established_class[0] ->
           firewall :: IPClassifier(dst tcp port ssh,
                                    dst tcp port smtp,
                                    dst tcp port domain,
                                    dst udp port domain,
                                    icmp type echo-reply,
                                    proto icmp,
                                    port > 4095,
                                    -);

                                    firewall[0] -> ip_to_host; // ssh
                                    firewall[1] -> ip_to_host; // smtp
                                    firewall[2] -> ip_to_host; // domain (t)
                                    firewall[3] -> ip_to_host; // domain (u)
                                    firewall[4] -> [0]irw;     // icmp reply
                                    firewall[5] -> [0]ierw;    // other icmp
                                    firewall[6] -> ip_to_host; // port > 4095, probably for connection
                                                               // originating from host itself
                                    firewall[7] -> Discard;    // don't allow incoming for port <= 4095

        // established connection
        established_class[1] -> ip_to_intern;

// To dev0-in.  Only accept from inside network.
ipclass[1] -> IPClassifier(src net dev0-in) -> ip_to_host;

// Packets from dev0-in:net either stay on local network or go to the wild.
// Those that go into the wild need to go through the appropriate rewriting
// element.  (Either UDP/TCP rewriter or ICMP rewriter.)
ipclass[2] -> inter_class :: IPClassifier(dst net dev0-in, -);
              inter_class[0] -> ip_to_intern;
              inter_class[1] -> ip_udp_class :: IPClassifier(tcp or udp,
                                                             icmp type echo);
                                ip_udp_class[0] -> Print("->0") -> [0]rw;
                                ip_udp_class[1] -> [0]irw;

Startup trace (nsec): print config done: 547488424
Startup trace (nsec): initialize elements: 551072054
[    0.554989] ERR:  [libvirtio_net] <virtio_net.c @  334> Failed to add a buffer to receive virtqueue 0x400064020: -28
Startup trace (nsec): initialize elements done: 562494959
[router_thread:310] Starting driver...


Received packet from device: 573141724 ns:   64 | 01005e00 0016767e 90d49854 080046c0 00280000 40000102
qemu-system-x86_64: terminating on signal 1 from pid 195921 (/nix/store/h3b1h0p481wd0zrbkq71gw2m7gq13m83-sudo-1.9.17p2/bin/sudo)
Bench-helper startup time (nsec): 917811662
path '/home/okelmann/appclick-ubpf/benchmark' does not contain a 'flake.nix', searching up
warning: Git tree '/home/okelmann/appclick-ubpf' is dirty
Using saved setting for 'extra-substituters = https://tum-dse.cachix.org' from ~/.local/share/nix/trusted-settings.json.
Using saved setting for 'extra-trusted-public-keys = tum-dse.cachix.org-1:v67rK18oLwgO0Z4b69l30SrV1yRtqxKpiHodG4YxhNM=' from ~/.local/share/nix/trusted-settings.json.
    Finished `dev` profile [unoptimized + debuginfo] target(s) in 0.08s
     Running `target/debug/bench-helper`
c[?7l[2J[0mSeaBIOS (version rel-1.16.2-0-gea1b7a073390-prebuilt.qemu.org)


iPXE (http://ipxe.org) 00:03.0 CA00 PCI2.10 PnP PMM+BEFD0F40+BEF30F40 CA00
Press Ctrl-B to configure iPXE (PCI 00:03.0)...                                                                               


Booting from ROM..Powered by
o.   .o       _ _               __ _
Oo   Oo  ___ (_) | __ __  __ _ ' _) :_
oO   oO ' _ `| | |/ /  _)' _` | |_|  _)
oOo oOO| | | | |   (| | | (_) |  _) :_
 OoOoO ._, ._:_:_,\_._,  .__,_:_, \___)
                         Telesto 0.16.3
Startup trace (nsec): click main(): 107749207
Startup trace (nsec): print config: 109246837
Received config (length 5697):
define($MAC0 52:54:00:12:34:56);
/* End unikraft-provided MAC preamble */
// From: https://github.com/kohler/click/blob/master/conf/thomer-nat.click
// Slightly modified to be compatible with Click on Unikraft. Functionality not guaranteed.
//
// This Click configuration implements a firewall and NAT, roughly based on the
// mazu-nat.click example.
//
// This example assumes there is one interface that is IP-aliased.  In this
// example, dev0 and dev0:0 have IP addresses 66.68.65.90 and 192.168.1.1,
// respectively.  There is a local network, 192.168.1.0/24, and an upstream
// gateway, 66.58.65.89.  Traffic from the local network is NATed.
//
// Connections can be initiated from the NAT box itself, also.
// 
// For bugs, suggestions, and, corrections, please email me.
//
// Author: Thomer M. Gil (click@thomer.com)

define($DEV0 0)

AddressInfo(
    dev0-in     172.44.0.2    172.44.0.2/24    00:0d:87:9d:1c:e9,
    dev0-ex     172.44.0.3                     00:0d:87:9d:1c:e9,
    gw-addr     172.44.0.1                     00:20:6f:14:54:c2
);


elementclass SniffGatewayDevice {
  $device |
  from :: FromDevice($device)
    -> Print2('Received packet from device')
    -> t1 :: Tee
    -> output;
  input -> q :: Queue(1024)
    -> t2 :: PullTee
    -> to :: ToDevice($device);
  t1[1] -> ToDevice;
  t2[1] -> ToDevice($device);
  ScheduleInfo(from .1, to 1);
}


device :: SniffGatewayDevice($DEV0);
arpq_in :: ARPQuerier(dev0-in) -> device;
ip_to_extern :: GetIPAddress(16)
        -> CheckIPHeader
        -> EtherEncap(0x800, dev0-ex, gw-addr)
        -> device;
ip_to_host :: EtherEncap(0x800, gw-addr, dev0-ex)
        -> ToDevice;
ip_to_intern :: GetIPAddress(16)
        -> CheckIPHeader
        -> arpq_in;

                 
arp_class :: Classifier(
        12/0806 20/0001,        // [0] ARP requests
        12/0806 20/0002,        // [1] ARP replies to host
        12/0800);               // [2] IP packets

device -> arp_class;

// ARP crap
arp_class[0] -> ARPResponder(dev0-in, dev0-ex) -> device;
arp_class[1] -> arp_t :: Tee;
                arp_t[0] -> ToDevice;
                arp_t[1] -> [1]arpq_in;


// IP packets
arp_class[2] -> Strip(14)
   -> CheckIPHeader
   -> ipclass :: IPClassifier(dst host dev0-ex,
                              dst host dev0-in,
                              src net dev0-in);

// Define pattern NAT
iprw :: IPRewriterPatterns(NAT dev0-ex 50000-65535 - -);

// Rewriting rules for UDP/TCP packets
// output[0] rewritten to go into the wild
// output[1] rewritten to come back from the wild or no match
rw :: IPRewriter(pattern NAT 0 1,
                 pass 1);

// Rewriting rules for ICMP packets
irw :: ICMPPingRewriter(pass);
irw[0] -> ip_to_extern;
irw[1] -> icmp_me_or_intern :: IPClassifier(dst host dev0-ex, -);
          icmp_me_or_intern[0] -> ip_to_host;
          icmp_me_or_intern[1] -> ip_to_intern;

// Rewriting rules for ICMP error packets
ierw :: ICMPRewriter(rw irw);
ierw[0] -> icmp_me_or_intern;
ierw[1] -> icmp_me_or_intern;


// Packets directed at dev0-ex.
// Send it through IPRewriter(pass).  If there was a mapping, it will be
// rewritten such that dst is dev0-in:net, otherwise dst will still be for
// dev0-ex.
ipclass[0] -> Print("->1x") -> [1]rw;

// packets that were rewritten, heading into the wild world.
rw[0] -> Print("0->") -> ip_to_extern;

// packets that come back from the wild or are not part of an established
// connection.
rw[1] -> Print("1->") -> established_class :: IPClassifier(dst host dev0-ex,
                                           dst net dev0-in);

         // not established yet or returning packets for a connection that was
         // established from this host itself.
         established_class[0] ->
           firewall :: IPClassifier(dst tcp port ssh,
                                    dst tcp port smtp,
                                    dst tcp port domain,
                                    dst udp port domain,
                                    icmp type echo-reply,
                                    proto icmp,
                                    port > 4095,
                                    -);

                                    firewall[0] -> ip_to_host; // ssh
                                    firewall[1] -> ip_to_host; // smtp
                                    firewall[2] -> ip_to_host; // domain (t)
                                    firewall[3] -> ip_to_host; // domain (u)
                                    firewall[4] -> [0]irw;     // icmp reply
                                    firewall[5] -> [0]ierw;    // other icmp
                                    firewall[6] -> ip_to_host; // port > 4095, probably for connection
                                                               // originating from host itself
                                    firewall[7] -> Discard;    // don't allow incoming for port <= 4095

        // established connection
        established_class[1] -> ip_to_intern;

// To dev0-in.  Only accept from inside network.
ipclass[1] -> IPClassifier(src net dev0-in) -> ip_to_host;

// Packets from dev0-in:net either stay on local network or go to the wild.
// Those that go into the wild need to go through the appropriate rewriting
// element.  (Either UDP/TCP rewriter or ICMP rewriter.)
ipclass[2] -> inter_class :: IPClassifier(dst net dev0-in, -);
              inter_class[0] -> ip_to_intern;
              inter_class[1] -> ip_udp_class :: IPClassifier(tcp or udp,
                                                             icmp type echo);
                                ip_udp_class[0] -> Print("->0") -> [0]rw;
                                ip_udp_class[1] -> [0]irw;

Startup trace (nsec): print config done: 545751821
Startup trace (nsec): initialize elements: 549317156
[    0.553222] ERR:  [libvirtio_net] <virtio_net.c @  334> Failed to add a buffer to receive virtqueue 0x400064020: -28
Startup trace (nsec): initialize elements done: 560774556
[router_thread:310] Starting driver...


Received packet from device: 571431960 ns:  120 | 33330000 0016fed3 a63f9500 86dd6000 00000038 00010000
qemu-system-x86_64: terminating on signal 1 from pid 195999 (/nix/store/h3b1h0p481wd0zrbkq71gw2m7gq13m83-sudo-1.9.17p2/bin/sudo)
Bench-helper startup time (nsec): 915741463
path '/home/okelmann/appclick-ubpf/benchmark' does not contain a 'flake.nix', searching up
warning: Git tree '/home/okelmann/appclick-ubpf' is dirty
Using saved setting for 'extra-substituters = https://tum-dse.cachix.org' from ~/.local/share/nix/trusted-settings.json.
Using saved setting for 'extra-trusted-public-keys = tum-dse.cachix.org-1:v67rK18oLwgO0Z4b69l30SrV1yRtqxKpiHodG4YxhNM=' from ~/.local/share/nix/trusted-settings.json.
    Finished `dev` profile [unoptimized + debuginfo] target(s) in 0.08s
     Running `target/debug/bench-helper`
c[?7l[2J[0mSeaBIOS (version rel-1.16.2-0-gea1b7a073390-prebuilt.qemu.org)


iPXE (http://ipxe.org) 00:03.0 CA00 PCI2.10 PnP PMM+BEFD0F40+BEF30F40 CA00
Press Ctrl-B to configure iPXE (PCI 00:03.0)...                                                                               


Booting from ROM..Powered by
o.   .o       _ _               __ _
Oo   Oo  ___ (_) | __ __  __ _ ' _) :_
oO   oO ' _ `| | |/ /  _)' _` | |_|  _)
oOo oOO| | | | |   (| | | (_) |  _) :_
 OoOoO ._, ._:_:_,\_._,  .__,_:_, \___)
                         Telesto 0.16.3
Startup trace (nsec): click main(): 107715357
Startup trace (nsec): print config: 109196642
Received config (length 5697):
define($MAC0 52:54:00:12:34:56);
/* End unikraft-provided MAC preamble */
// From: https://github.com/kohler/click/blob/master/conf/thomer-nat.click
// Slightly modified to be compatible with Click on Unikraft. Functionality not guaranteed.
//
// This Click configuration implements a firewall and NAT, roughly based on the
// mazu-nat.click example.
//
// This example assumes there is one interface that is IP-aliased.  In this
// example, dev0 and dev0:0 have IP addresses 66.68.65.90 and 192.168.1.1,
// respectively.  There is a local network, 192.168.1.0/24, and an upstream
// gateway, 66.58.65.89.  Traffic from the local network is NATed.
//
// Connections can be initiated from the NAT box itself, also.
// 
// For bugs, suggestions, and, corrections, please email me.
//
// Author: Thomer M. Gil (click@thomer.com)

define($DEV0 0)

AddressInfo(
    dev0-in     172.44.0.2    172.44.0.2/24    00:0d:87:9d:1c:e9,
    dev0-ex     172.44.0.3                     00:0d:87:9d:1c:e9,
    gw-addr     172.44.0.1                     00:20:6f:14:54:c2
);


elementclass SniffGatewayDevice {
  $device |
  from :: FromDevice($device)
    -> Print2('Received packet from device')
    -> t1 :: Tee
    -> output;
  input -> q :: Queue(1024)
    -> t2 :: PullTee
    -> to :: ToDevice($device);
  t1[1] -> ToDevice;
  t2[1] -> ToDevice($device);
  ScheduleInfo(from .1, to 1);
}


device :: SniffGatewayDevice($DEV0);
arpq_in :: ARPQuerier(dev0-in) -> device;
ip_to_extern :: GetIPAddress(16)
        -> CheckIPHeader
        -> EtherEncap(0x800, dev0-ex, gw-addr)
        -> device;
ip_to_host :: EtherEncap(0x800, gw-addr, dev0-ex)
        -> ToDevice;
ip_to_intern :: GetIPAddress(16)
        -> CheckIPHeader
        -> arpq_in;

                 
arp_class :: Classifier(
        12/0806 20/0001,        // [0] ARP requests
        12/0806 20/0002,        // [1] ARP replies to host
        12/0800);               // [2] IP packets

device -> arp_class;

// ARP crap
arp_class[0] -> ARPResponder(dev0-in, dev0-ex) -> device;
arp_class[1] -> arp_t :: Tee;
                arp_t[0] -> ToDevice;
                arp_t[1] -> [1]arpq_in;


// IP packets
arp_class[2] -> Strip(14)
   -> CheckIPHeader
   -> ipclass :: IPClassifier(dst host dev0-ex,
                              dst host dev0-in,
                              src net dev0-in);

// Define pattern NAT
iprw :: IPRewriterPatterns(NAT dev0-ex 50000-65535 - -);

// Rewriting rules for UDP/TCP packets
// output[0] rewritten to go into the wild
// output[1] rewritten to come back from the wild or no match
rw :: IPRewriter(pattern NAT 0 1,
                 pass 1);

// Rewriting rules for ICMP packets
irw :: ICMPPingRewriter(pass);
irw[0] -> ip_to_extern;
irw[1] -> icmp_me_or_intern :: IPClassifier(dst host dev0-ex, -);
          icmp_me_or_intern[0] -> ip_to_host;
          icmp_me_or_intern[1] -> ip_to_intern;

// Rewriting rules for ICMP error packets
ierw :: ICMPRewriter(rw irw);
ierw[0] -> icmp_me_or_intern;
ierw[1] -> icmp_me_or_intern;


// Packets directed at dev0-ex.
// Send it through IPRewriter(pass).  If there was a mapping, it will be
// rewritten such that dst is dev0-in:net, otherwise dst will still be for
// dev0-ex.
ipclass[0] -> Print("->1x") -> [1]rw;

// packets that were rewritten, heading into the wild world.
rw[0] -> Print("0->") -> ip_to_extern;

// packets that come back from the wild or are not part of an established
// connection.
rw[1] -> Print("1->") -> established_class :: IPClassifier(dst host dev0-ex,
                                           dst net dev0-in);

         // not established yet or returning packets for a connection that was
         // established from this host itself.
         established_class[0] ->
           firewall :: IPClassifier(dst tcp port ssh,
                                    dst tcp port smtp,
                                    dst tcp port domain,
                                    dst udp port domain,
                                    icmp type echo-reply,
                                    proto icmp,
                                    port > 4095,
                                    -);

                                    firewall[0] -> ip_to_host; // ssh
                                    firewall[1] -> ip_to_host; // smtp
                                    firewall[2] -> ip_to_host; // domain (t)
                                    firewall[3] -> ip_to_host; // domain (u)
                                    firewall[4] -> [0]irw;     // icmp reply
                                    firewall[5] -> [0]ierw;    // other icmp
                                    firewall[6] -> ip_to_host; // port > 4095, probably for connection
                                                               // originating from host itself
                                    firewall[7] -> Discard;    // don't allow incoming for port <= 4095

        // established connection
        established_class[1] -> ip_to_intern;

// To dev0-in.  Only accept from inside network.
ipclass[1] -> IPClassifier(src net dev0-in) -> ip_to_host;

// Packets from dev0-in:net either stay on local network or go to the wild.
// Those that go into the wild need to go through the appropriate rewriting
// element.  (Either UDP/TCP rewriter or ICMP rewriter.)
ipclass[2] -> inter_class :: IPClassifier(dst net dev0-in, -);
              inter_class[0] -> ip_to_intern;
              inter_class[1] -> ip_udp_class :: IPClassifier(tcp or udp,
                                                             icmp type echo);
                                ip_udp_class[0] -> Print("->0") -> [0]rw;
                                ip_udp_class[1] -> [0]irw;

Startup trace (nsec): print config done: 545766165
Startup trace (nsec): initialize elements: 549338223
[    0.553240] ERR:  [libvirtio_net] <virtio_net.c @  334> Failed to add a buffer to receive virtqueue 0x400064020: -28
Startup trace (nsec): initialize elements done: 560827483
[router_thread:310] Starting driver...


Received packet from device: 571535183 ns:  120 | 33330000 0016feea 72a24d5a 86dd6000 00000038 00010000
qemu-system-x86_64: terminating on signal 1 from pid 196078 (/nix/store/h3b1h0p481wd0zrbkq71gw2m7gq13m83-sudo-1.9.17p2/bin/sudo)
Bench-helper startup time (nsec): 915510792
