                                                                       nsec                                                                                                  
                                                                      count          mean           std           min           25%           50%           75%           max
repetitions num_vms vnf           system    label                                                                                                                            
3           1       empty         linux     first packet               30.0  4.150531e+14  5.491418e+10  4.149640e+14  4.150064e+14  4.150531e+14  4.150999e+14  4.151423e+14
                                            init done                  30.0  4.150531e+14  5.491419e+10  4.149640e+14  4.150064e+14  4.150531e+14  4.150999e+14  4.151423e+14
                                            main                       30.0  4.150531e+14  5.491419e+10  4.149640e+14  4.150064e+14  4.150531e+14  4.150999e+14  4.151423e+14
                                            total startup time         30.0  1.482794e+07  1.769956e+05  1.449368e+07  1.470556e+07  1.482143e+07  1.492998e+07  1.514668e+07
                                  uk        click main()               30.0  1.072818e+08  2.836333e+04  1.072294e+08  1.072645e+08  1.072861e+08  1.072995e+08  1.073421e+08
                                            first packet               30.0  1.432382e+08  1.113262e+05  1.430255e+08  1.431627e+08  1.432285e+08  1.432925e+08  1.434831e+08
                                            initialize elements        30.0  1.294141e+08  8.541686e+04  1.292513e+08  1.293655e+08  1.294146e+08  1.294531e+08  1.295841e+08
                                            initialize elements done   30.0  1.329931e+08  9.727203e+04  1.327390e+08  1.329616e+08  1.330030e+08  1.330252e+08  1.332089e+08
                                            print config               30.0  1.087121e+08  3.427002e+04  1.086516e+08  1.086874e+08  1.087160e+08  1.087346e+08  1.087960e+08
                                            print config done          30.0  1.261683e+08  7.750799e+04  1.260254e+08  1.261218e+08  1.261640e+08  1.262036e+08  1.263277e+08
                                            total startup time         30.0  2.725779e+08  8.685842e+05  2.711083e+08  2.719663e+08  2.724693e+08  2.730624e+08  2.756189e+08
                                  ukebpfjit click main()                3.0  1.084863e+08  3.530306e+03  1.084823e+08  1.084850e+08  1.084878e+08  1.084883e+08  1.084888e+08
                                            init ebpf done            984.0  4.319985e+09  2.376980e+09  1.847677e+08  2.267237e+09  4.319542e+09  6.377380e+09  8.438201e+09
                                            init ebpf vm              984.0  4.316376e+09  2.376980e+09  1.798101e+08  2.263639e+09  4.315941e+09  6.373771e+09  8.434594e+09
                                            initialize elements         3.0  1.763741e+08  1.195344e+05  1.762723e+08  1.763083e+08  1.763443e+08  1.764250e+08  1.765057e+08
                                            initialize elements done    3.0  2.067539e+08  1.863494e+05  2.065813e+08  2.066550e+08  2.067287e+08  2.068401e+08  2.069515e+08
                                            jit                       984.0  1.565479e+05  3.397774e+04  1.500070e+05  1.512138e+05  1.521580e+05  1.554435e+05  7.586840e+05
                                            load elf                  984.0  1.419713e+03  2.215172e+02  1.100000e+03  1.355000e+03  1.401000e+03  1.446250e+03  6.131000e+03
                                            lock                      984.0  1.819573e+02  2.340568e+03  4.200000e+01  4.700000e+01  4.900000e+01  5.300000e+01  4.276400e+04
                                            print                     984.0  1.842711e+07  9.980253e+04  1.829734e+07  1.839655e+07  1.842447e+07  1.844889e+07  2.099477e+07
                                            print config                3.0  1.101339e+08  5.934288e+03  1.101287e+08  1.101306e+08  1.101325e+08  1.101364e+08  1.101404e+08
                                            print config done           3.0  1.728430e+08  1.138256e+05  1.727474e+08  1.727801e+08  1.728128e+08  1.728909e+08  1.729689e+08
                                            read program              984.0  4.655765e+03  2.884915e+02  4.336000e+03  4.537500e+03  4.628000e+03  4.723500e+03  9.170000e+03
                                            signature                 984.0  1.381470e+05  4.135990e+04  1.328980e+05  1.344038e+05  1.351265e+05  1.363230e+05  8.989700e+05
                                            total                     600.0  2.509884e+07  8.472588e+04  2.500526e+07  2.507100e+07  2.508781e+07  2.511284e+07  2.636048e+07
                                  uktrace   click main()               30.0  1.077209e+08  5.290247e+04  1.076527e+08  1.076777e+08  1.077078e+08  1.077733e+08  1.078149e+08
                                            first packet               30.0  1.453454e+08  2.799253e+05  1.450059e+08  1.451008e+08  1.452936e+08  1.455792e+08  1.461217e+08
                                            initialize elements        30.0  1.309752e+08  2.068769e+05  1.307156e+08  1.308161e+08  1.309055e+08  1.311886e+08  1.315136e+08
                                            initialize elements done   30.0  1.346951e+08  2.331672e+05  1.343960e+08  1.344994e+08  1.346642e+08  1.349220e+08  1.352933e+08
                                            print config               30.0  1.092288e+08  6.362053e+04  1.091439e+08  1.091781e+08  1.092125e+08  1.092932e+08  1.093491e+08
                                            print config done          30.0  1.275896e+08  1.869835e+05  1.273576e+08  1.274453e+08  1.275305e+08  1.277876e+08  1.280527e+08
                                            qemu kvm entry             30.0  4.154413e+14  5.599803e+10  4.153519e+14  4.153920e+14  4.154413e+14  4.154906e+14  4.155308e+14
                                            qemu kvm port 253          30.0  4.154415e+14  5.599799e+10  4.153521e+14  4.153922e+14  4.154415e+14  4.154908e+14  4.155310e+14
                                            qemu kvm port 254          30.0  4.154415e+14  5.599800e+10  4.153521e+14  4.153922e+14  4.154415e+14  4.154908e+14  4.155310e+14
                                            qemu kvm port 255          30.0  4.154414e+14  5.599800e+10  4.153520e+14  4.153921e+14  4.154413e+14  4.154907e+14  4.155309e+14
                                            qemu start                 30.0  4.154413e+14  5.599813e+10  4.153519e+14  4.153920e+14  4.154412e+14  4.154905e+14  4.155308e+14
                                            total startup time         30.0  2.771894e+08  1.228291e+06  2.750393e+08  2.763593e+08  2.770628e+08  2.776931e+08  2.805351e+08
                                  xdp       total                      90.0  1.730000e+07  4.432895e+06  8.000000e+06  1.400000e+07  1.700000e+07  2.000000e+07  2.800000e+07
                    filter        linux     first packet               30.0  4.156985e+14  5.489526e+10  4.156094e+14  4.156518e+14  4.156986e+14  4.157452e+14  4.157877e+14
                                            init done                  30.0  4.156985e+14  5.489526e+10  4.156094e+14  4.156518e+14  4.156986e+14  4.157452e+14  4.157877e+14
                                            main                       30.0  4.156985e+14  5.489524e+10  4.156094e+14  4.156518e+14  4.156986e+14  4.157452e+14  4.157877e+14
                                            total startup time         30.0  1.496272e+07  2.413388e+05  1.450093e+07  1.483159e+07  1.499247e+07  1.508573e+07  1.551680e+07
                                  uk        click main()               30.0  1.072748e+08  2.718978e+04  1.072295e+08  1.072578e+08  1.072677e+08  1.072831e+08  1.073317e+08
                                            first packet               30.0  1.702309e+08  2.598287e+05  1.698851e+08  1.700269e+08  1.701677e+08  1.703924e+08  1.708910e+08
                                            initialize elements        30.0  1.563694e+08  2.234050e+05  1.560872e+08  1.561754e+08  1.563214e+08  1.565053e+08  1.569335e+08
                                            initialize elements done   30.0  1.599904e+08  2.385447e+05  1.596948e+08  1.598076e+08  1.599235e+08  1.601516e+08  1.605862e+08
                                            print config               30.0  1.087065e+08  3.139301e+04  1.086554e+08  1.086903e+08  1.086978e+08  1.087193e+08  1.087772e+08
                                            print config done          30.0  1.530995e+08  2.055700e+05  1.528415e+08  1.529279e+08  1.530615e+08  1.532316e+08  1.536326e+08
                                            total startup time         30.0  2.996556e+08  1.023639e+06  2.982469e+08  2.990334e+08  2.993862e+08  2.999935e+08  3.033286e+08
                                  ukebpfjit click main()                3.0  1.085521e+08  1.921300e+04  1.085301e+08  1.085452e+08  1.085602e+08  1.085630e+08  1.085659e+08
                                            init ebpf done            984.0  4.355143e+09  2.383276e+09  1.856015e+08  2.296728e+09  4.354990e+09  6.412551e+09  8.473451e+09
                                            init ebpf vm              984.0  4.351521e+09  2.383279e+09  1.806421e+08  2.293112e+09  4.351384e+09  6.408928e+09  8.469814e+09
                                            initialize elements         3.0  1.771115e+08  3.701296e+04  1.770897e+08  1.770901e+08  1.770906e+08  1.771224e+08  1.771542e+08
                                            initialize elements done    3.0  2.075739e+08  8.833234e+04  2.074789e+08  2.075340e+08  2.075891e+08  2.076214e+08  2.076536e+08
                                            jit                       984.0  1.608616e+05  3.549960e+04  1.547040e+05  1.558305e+05  1.561225e+05  1.567810e+05  7.550920e+05
                                            load elf                  984.0  1.657345e+03  1.833403e+02  1.405000e+03  1.588000e+03  1.637000e+03  1.689000e+03  5.075000e+03
                                            lock                      984.0  1.881321e+02  2.349742e+03  4.700000e+01  5.000000e+01  5.200000e+01  6.900000e+01  4.382600e+04
                                            print                     984.0  1.847177e+07  1.186037e+05  1.831155e+07  1.844472e+07  1.846642e+07  1.849041e+07  2.098065e+07
                                            print config                3.0  1.102044e+08  3.053294e+04  1.101695e+08  1.101936e+08  1.102177e+08  1.102218e+08  1.102260e+08
                                            print config done           3.0  1.735757e+08  3.502298e+04  1.735495e+08  1.735558e+08  1.735621e+08  1.735888e+08  1.736155e+08
                                            read program              984.0  5.006637e+03  5.219533e+02  4.514000e+03  4.865000e+03  4.951500e+03  5.030250e+03  1.421600e+04
                                            signature                 984.0  1.399596e+05  4.077098e+04  1.342910e+05  1.362275e+05  1.368095e+05  1.379172e+05  8.839710e+05
                                            total                     600.0  2.515838e+07  8.118652e+04  2.507387e+07  2.512732e+07  2.514946e+07  2.517758e+07  2.642656e+07
                                  uktrace   click main()               30.0  1.077166e+08  4.347755e+04  1.076552e+08  1.076865e+08  1.077005e+08  1.077539e+08  1.077957e+08
                                            first packet               30.0  1.733821e+08  3.474300e+05  1.728136e+08  1.731455e+08  1.733160e+08  1.736511e+08  1.740838e+08
                                            initialize elements        30.0  1.590116e+08  2.893597e+05  1.585521e+08  1.587974e+08  1.589555e+08  1.592329e+08  1.595941e+08
                                            initialize elements done   30.0  1.627554e+08  3.006200e+05  1.622819e+08  1.625533e+08  1.627160e+08  1.630081e+08  1.633924e+08
                                            print config               30.0  1.092244e+08  5.122048e+04  1.091563e+08  1.091865e+08  1.092069e+08  1.092633e+08  1.093212e+08
                                            print config done          30.0  1.556090e+08  2.705478e+05  1.551679e+08  1.554107e+08  1.555606e+08  1.558216e+08  1.561600e+08
                                            qemu kvm entry             30.0  4.160867e+14  5.598344e+10  4.159973e+14  4.160375e+14  4.160867e+14  4.161360e+14  4.161762e+14
                                            qemu kvm port 253          30.0  4.160870e+14  5.598348e+10  4.159975e+14  4.160377e+14  4.160870e+14  4.161362e+14  4.161764e+14
                                            qemu kvm port 254          30.0  4.160869e+14  5.598347e+10  4.159975e+14  4.160376e+14  4.160869e+14  4.161362e+14  4.161764e+14
                                            qemu kvm port 255          30.0  4.160868e+14  5.598348e+10  4.159974e+14  4.160375e+14  4.160868e+14  4.161361e+14  4.161763e+14
                                            qemu start                 30.0  4.160867e+14  5.598342e+10  4.159972e+14  4.160374e+14  4.160867e+14  4.161360e+14  4.161762e+14
                                            total startup time         30.0  3.045452e+08  1.034839e+06  3.026201e+08  3.039103e+08  3.045098e+08  3.053727e+08  3.067133e+08
                                  xdp       total                      90.0  1.545556e+07  4.659559e+06  8.000000e+06  1.200000e+07  1.500000e+07  1.900000e+07  2.400000e+07
                    firewall-1000 linux     first packet               30.0  4.189042e+14  5.489422e+10  4.188151e+14  4.188575e+14  4.189042e+14  4.189509e+14  4.189934e+14
                                            init done                  30.0  4.189042e+14  5.489422e+10  4.188151e+14  4.188575e+14  4.189042e+14  4.189509e+14  4.189934e+14
                                            main                       30.0  4.189042e+14  5.489421e+10  4.188150e+14  4.188575e+14  4.189042e+14  4.189508e+14  4.189933e+14
                                            total startup time         30.0  4.998862e+07  3.041437e+05  4.923777e+07  4.976957e+07  5.000384e+07  5.024028e+07  5.046550e+07
                                  uk        click main()               30.0  1.072846e+08  3.551293e+04  1.072261e+08  1.072527e+08  1.072863e+08  1.073049e+08  1.073617e+08
                                            first packet               30.0  2.730626e+09  7.234975e+06  2.719963e+09  2.726676e+09  2.729569e+09  2.733245e+09  2.760377e+09
                                            initialize elements        30.0  2.669814e+09  7.193848e+06  2.659265e+09  2.665931e+09  2.668827e+09  2.672445e+09  2.699459e+09
                                            initialize elements done   30.0  2.720330e+09  7.196242e+06  2.709763e+09  2.716426e+09  2.719301e+09  2.722949e+09  2.749909e+09
                                            print config               30.0  1.087190e+08  3.970049e+04  1.086519e+08  1.086828e+08  1.087216e+08  1.087426e+08  1.088082e+08
                                            print config done          30.0  2.666444e+09  7.186162e+06  2.655904e+09  2.662566e+09  2.665457e+09  2.669077e+09  2.696054e+09
                                            total startup time         30.0  2.859991e+09  7.709698e+06  2.849527e+09  2.855702e+09  2.858869e+09  2.863051e+09  2.891799e+09
                                  ukebpfjit click main()                3.0  1.085294e+08  4.559960e+04  1.084891e+08  1.085046e+08  1.085201e+08  1.085495e+08  1.085789e+08
                                            init ebpf done            984.0  4.345814e+09  2.388318e+09  1.857316e+08  2.279318e+09  4.343804e+09  6.411939e+09  8.480308e+09
                                            init ebpf vm              984.0  4.342152e+09  2.388320e+09  1.807018e+08  2.275666e+09  4.340147e+09  6.408269e+09  8.476652e+09
                                            initialize elements         3.0  1.772613e+08  9.835838e+04  1.771478e+08  1.772311e+08  1.773145e+08  1.773180e+08  1.773216e+08
                                            initialize elements done    3.0  2.078575e+08  1.010680e+05  2.077411e+08  2.078248e+08  2.079084e+08  2.079157e+08  2.079230e+08
                                            jit                       984.0  1.823627e+05  3.466673e+04  1.745070e+05  1.768112e+05  1.794935e+05  1.802010e+05  7.946180e+05
                                            load elf                  984.0  1.060180e+04  5.359839e+02  1.024800e+04  1.043600e+04  1.050400e+04  1.059000e+04  1.596400e+04
                                            lock                      984.0  1.857866e+02  2.327671e+03  2.600000e+01  4.900000e+01  5.100000e+01  6.800000e+01  4.280600e+04
                                            print                     984.0  1.848522e+07  1.200045e+05  1.833285e+07  1.846091e+07  1.848329e+07  1.850289e+07  2.101912e+07
                                            print config                3.0  1.101818e+08  6.102283e+04  1.101228e+08  1.101503e+08  1.101779e+08  1.102113e+08  1.102447e+08
                                            print config done           3.0  1.737279e+08  9.723262e+04  1.736156e+08  1.736994e+08  1.737831e+08  1.737840e+08  1.737849e+08
                                            read program              984.0  8.364091e+03  3.609980e+02  7.910000e+03  8.210000e+03  8.332500e+03  8.449000e+03  1.287100e+04
                                            signature                 984.0  1.499208e+05  4.077064e+04  1.442170e+05  1.461555e+05  1.468475e+05  1.482310e+05  8.889890e+05
                                            total                     600.0  2.521806e+07  7.800852e+04  2.513200e+07  2.519499e+07  2.521080e+07  2.523397e+07  2.645250e+07
                                  uktrace   click main()               30.0  1.077298e+08  5.667673e+04  1.076446e+08  1.076898e+08  1.077098e+08  1.077817e+08  1.078510e+08
                                            first packet               30.0  2.828788e+09  1.520177e+07  2.812489e+09  2.817098e+09  2.823614e+09  2.837252e+09  2.877650e+09
                                            initialize elements        30.0  2.767448e+09  1.513493e+07  2.751271e+09  2.755808e+09  2.762326e+09  2.775837e+09  2.816081e+09
                                            initialize elements done   30.0  2.818118e+09  1.513114e+07  2.801819e+09  2.806485e+09  2.812906e+09  2.826485e+09  2.866720e+09
                                            print config               30.0  1.092436e+08  6.550623e+04  1.091488e+08  1.091941e+08  1.092215e+08  1.092991e+08  1.093843e+08
                                            print config done          30.0  2.763938e+09  1.511575e+07  2.747785e+09  2.752315e+09  2.758801e+09  2.772319e+09  2.812512e+09
                                            qemu kvm entry             30.0  4.194005e+14  7.745876e+10  4.192757e+14  4.193335e+14  4.194005e+14  4.194675e+14  4.195253e+14
                                            qemu kvm port 253          30.0  4.194033e+14  7.745827e+10  4.192785e+14  4.193363e+14  4.194033e+14  4.194703e+14  4.195282e+14
                                            qemu kvm port 254          30.0  4.194006e+14  7.745871e+10  4.192758e+14  4.193336e+14  4.194006e+14  4.194676e+14  4.195255e+14
                                            qemu kvm port 255          30.0  4.194005e+14  7.745876e+10  4.192757e+14  4.193335e+14  4.194005e+14  4.194675e+14  4.195253e+14
                                            qemu start                 30.0  4.194004e+14  7.745869e+10  4.192756e+14  4.193334e+14  4.194004e+14  4.194674e+14  4.195252e+14
                                            total startup time         30.0  2.961918e+09  1.555356e+07  2.943609e+09  2.949381e+09  2.956400e+09  2.970650e+09  3.011279e+09
                                  xdp       total                      90.0  1.664444e+07  4.424932e+06  8.000000e+06  1.300000e+07  1.700000e+07  2.000000e+07  2.900000e+07
                    firewall-2    linux     first packet               30.0  4.182591e+14  5.484786e+10  4.181700e+14  4.182125e+14  4.182591e+14  4.183058e+14  4.183482e+14
                                            init done                  30.0  4.182591e+14  5.484786e+10  4.181700e+14  4.182125e+14  4.182591e+14  4.183058e+14  4.183482e+14
                                            main                       30.0  4.182591e+14  5.484786e+10  4.181700e+14  4.182125e+14  4.182591e+14  4.183058e+14  4.183482e+14
                                            total startup time         30.0  1.488356e+07  2.453662e+05  1.435667e+07  1.477028e+07  1.489819e+07  1.500777e+07  1.539446e+07
                                  uk        click main()               30.0  1.072749e+08  2.558504e+04  1.072237e+08  1.072632e+08  1.072730e+08  1.072841e+08  1.073495e+08
                                            first packet               30.0  1.532996e+08  1.298843e+05  1.528460e+08  1.532464e+08  1.532989e+08  1.533621e+08  1.535939e+08
                                            initialize elements        30.0  1.394079e+08  1.145857e+05  1.391018e+08  1.393762e+08  1.394101e+08  1.394595e+08  1.397259e+08
                                            initialize elements done   30.0  1.430243e+08  1.097262e+05  1.426763e+08  1.429937e+08  1.430306e+08  1.430761e+08  1.432760e+08
                                            print config               30.0  1.087037e+08  3.006603e+04  1.086426e+08  1.086863e+08  1.087033e+08  1.087162e+08  1.087921e+08
                                            print config done          30.0  1.361590e+08  1.059658e+05  1.358806e+08  1.361266e+08  1.361623e+08  1.362041e+08  1.364589e+08
                                            total startup time         30.0  2.828946e+08  1.303902e+06  2.813931e+08  2.817485e+08  2.823004e+08  2.836728e+08  2.854169e+08
                                  ukebpfjit click main()                3.0  1.085518e+08  7.535943e+04  1.084822e+08  1.085117e+08  1.085412e+08  1.085865e+08  1.086318e+08
                                            init ebpf done            984.0  4.336218e+09  2.382993e+09  1.856522e+08  2.276873e+09  4.335001e+09  6.396276e+09  8.456429e+09
                                            init ebpf vm              984.0  4.332597e+09  2.382995e+09  1.807232e+08  2.273262e+09  4.331381e+09  6.392656e+09  8.452810e+09
                                            initialize elements         3.0  1.772352e+08  1.044420e+05  1.771658e+08  1.771751e+08  1.771845e+08  1.772699e+08  1.773553e+08
                                            initialize elements done    3.0  2.077426e+08  1.740566e+05  2.075865e+08  2.076488e+08  2.077110e+08  2.078206e+08  2.079303e+08
                                            jit                       984.0  1.591142e+05  3.559965e+04  1.506370e+05  1.529900e+05  1.544905e+05  1.573872e+05  7.577920e+05
                                            load elf                  984.0  2.211943e+03  2.911646e+02  1.969000e+03  2.119000e+03  2.165000e+03  2.229000e+03  6.519000e+03
                                            lock                      984.0  1.878222e+02  2.264044e+03  4.100000e+01  5.500000e+01  6.500000e+01  6.900000e+01  4.262900e+04
                                            print                     984.0  1.847173e+07  1.042953e+05  1.835142e+07  1.844563e+07  1.846793e+07  1.848701e+07  2.093203e+07
                                            print config                3.0  1.102138e+08  7.087467e+04  1.101550e+08  1.101745e+08  1.101940e+08  1.102432e+08  1.102925e+08
                                            print config done           3.0  1.736900e+08  9.741462e+04  1.736316e+08  1.736337e+08  1.736359e+08  1.737192e+08  1.738024e+08
                                            read program              984.0  5.056308e+03  4.945430e+02  4.651000e+03  4.890000e+03  4.989500e+03  5.106000e+03  1.149100e+04
                                            signature                 984.0  1.398505e+05  4.015967e+04  1.336630e+05  1.359028e+05  1.367280e+05  1.379555e+05  8.683350e+05
                                            total                     600.0  2.516425e+07  7.802663e+04  2.508574e+07  2.513816e+07  2.515430e+07  2.516867e+07  2.600784e+07
                                  uktrace   click main()               30.0  1.077273e+08  5.436845e+04  1.076592e+08  1.076890e+08  1.077121e+08  1.077569e+08  1.078490e+08
                                            first packet               30.0  1.558511e+08  3.598623e+05  1.554761e+08  1.555840e+08  1.556599e+08  1.560405e+08  1.566721e+08
                                            initialize elements        30.0  1.414100e+08  2.684908e+05  1.410591e+08  1.412278e+08  1.412891e+08  1.415802e+08  1.420033e+08
                                            initialize elements done   30.0  1.451807e+08  3.060426e+05  1.447253e+08  1.449725e+08  1.450440e+08  1.453622e+08  1.458327e+08
                                            print config               30.0  1.092361e+08  6.532812e+04  1.091519e+08  1.091911e+08  1.092145e+08  1.092698e+08  1.093791e+08
                                            print config done          30.0  1.380180e+08  2.476038e+05  1.376987e+08  1.378506e+08  1.379013e+08  1.381798e+08  1.385723e+08
                                            qemu kvm entry             30.0  4.186470e+14  5.597966e+10  4.185577e+14  4.185977e+14  4.186470e+14  4.186963e+14  4.187365e+14
                                            qemu kvm port 253          30.0  4.186472e+14  5.597977e+10  4.185579e+14  4.185979e+14  4.186472e+14  4.186965e+14  4.187367e+14
                                            qemu kvm port 254          30.0  4.186472e+14  5.597978e+10  4.185578e+14  4.185979e+14  4.186472e+14  4.186964e+14  4.187367e+14
                                            qemu kvm port 255          30.0  4.186471e+14  5.597978e+10  4.185577e+14  4.185978e+14  4.186471e+14  4.186963e+14  4.187366e+14
                                            qemu start                 30.0  4.186470e+14  5.597958e+10  4.185576e+14  4.185977e+14  4.186470e+14  4.186962e+14  4.187365e+14
                                            total startup time         30.0  2.891303e+08  5.300739e+06  2.854099e+08  2.868953e+08  2.872918e+08  2.887679e+08  3.112487e+08
                                  xdp       total                      90.0  1.728889e+07  5.117154e+06  8.000000e+06  1.225000e+07  1.800000e+07  2.100000e+07  2.900000e+07
                    ids           linux     first packet               30.0  4.163437e+14  5.485342e+10  4.162546e+14  4.162970e+14  4.163437e+14  4.163903e+14  4.164328e+14
                                            init done                  30.0  4.163437e+14  5.485342e+10  4.162546e+14  4.162970e+14  4.163437e+14  4.163903e+14  4.164328e+14
                                            main                       30.0  4.163437e+14  5.485341e+10  4.162546e+14  4.162970e+14  4.163437e+14  4.163903e+14  4.164328e+14
                                            total startup time         30.0  1.494665e+07  2.084197e+05  1.434509e+07  1.486841e+07  1.491586e+07  1.510206e+07  1.531578e+07
                                  uk        click main()               30.0  1.072822e+08  3.885075e+04  1.072239e+08  1.072541e+08  1.072775e+08  1.072948e+08  1.073841e+08
                                            first packet               30.0  1.441724e+08  1.750012e+05  1.439009e+08  1.440736e+08  1.441388e+08  1.442519e+08  1.446490e+08
                                            initialize elements        30.0  1.303201e+08  1.207171e+05  1.301449e+08  1.302251e+08  1.303117e+08  1.303898e+08  1.306297e+08
                                            initialize elements done   30.0  1.339163e+08  1.356836e+05  1.336913e+08  1.338241e+08  1.338921e+08  1.339786e+08  1.342738e+08
                                            print config               30.0  1.087113e+08  4.360394e+04  1.086462e+08  1.086821e+08  1.087099e+08  1.087273e+08  1.088225e+08
                                            print config done          30.0  1.270725e+08  1.129637e+05  1.269034e+08  1.269793e+08  1.270617e+08  1.271335e+08  1.273605e+08
                                            total startup time         30.0  2.737209e+08  9.272477e+05  2.724378e+08  2.731181e+08  2.733954e+08  2.742053e+08  2.760515e+08
                                  ukebpfjit click main()                3.0  1.086261e+08  1.359210e+05  1.084694e+08  1.085833e+08  1.086973e+08  1.087044e+08  1.087116e+08
                                            init ebpf done            984.0  4.329346e+09  2.381442e+09  1.854536e+08  2.271372e+09  4.326778e+09  6.387570e+09  8.452682e+09
                                            init ebpf vm              984.0  4.325730e+09  2.381444e+09  1.805179e+08  2.267758e+09  4.323159e+09  6.383950e+09  8.449066e+09
                                            initialize elements         3.0  1.772053e+08  1.943058e+05  1.769836e+08  1.771350e+08  1.772865e+08  1.773162e+08  1.773458e+08
                                            initialize elements done    3.0  2.076584e+08  2.417035e+05  2.073797e+08  2.075825e+08  2.077852e+08  2.077978e+08  2.078104e+08
                                            jit                       984.0  1.591465e+05  3.332813e+04  1.516080e+05  1.533218e+05  1.566250e+05  1.573480e+05  7.574530e+05
                                            load elf                  984.0  1.832266e+03  1.338583e+02  1.627000e+03  1.783000e+03  1.821000e+03  1.855000e+03  3.998000e+03
                                            lock                      984.0  1.881657e+02  2.353399e+03  4.300000e+01  4.900000e+01  5.300000e+01  6.900000e+01  4.324700e+04
                                            print                     984.0  1.846122e+07  1.221956e+05  1.832845e+07  1.842524e+07  1.845204e+07  1.848863e+07  2.099685e+07
                                            print config                3.0  1.102813e+08  1.387580e+05  1.101211e+08  1.102394e+08  1.103576e+08  1.103614e+08  1.103651e+08
                                            print config done           3.0  1.736741e+08  1.926822e+05  1.734539e+08  1.736050e+08  1.737561e+08  1.737841e+08  1.738122e+08
                                            read program              984.0  4.975260e+03  2.733650e+02  4.575000e+03  4.831750e+03  4.971500e+03  5.066250e+03  8.563000e+03
                                            signature                 984.0  1.392063e+05  4.040995e+04  1.341940e+05  1.355608e+05  1.363520e+05  1.373702e+05  8.762280e+05
                                            total                     600.0  2.514259e+07  8.702941e+04  2.504128e+07  2.509336e+07  2.513382e+07  2.518237e+07  2.636150e+07
                                  uktrace   click main()               30.0  1.077443e+08  5.666598e+04  1.076286e+08  1.077165e+08  1.077365e+08  1.077759e+08  1.078767e+08
                                            first packet               30.0  1.464373e+08  2.692862e+05  1.459322e+08  1.462391e+08  1.464521e+08  1.465497e+08  1.471702e+08
                                            initialize elements        30.0  1.320176e+08  1.945750e+05  1.316952e+08  1.318764e+08  1.320005e+08  1.321378e+08  1.325731e+08
                                            initialize elements done   30.0  1.357642e+08  2.155832e+05  1.353947e+08  1.356056e+08  1.357552e+08  1.358878e+08  1.363753e+08
                                            print config               30.0  1.092546e+08  6.629210e+04  1.091254e+08  1.092228e+08  1.092496e+08  1.092923e+08  1.094173e+08
                                            print config done          30.0  1.286222e+08  1.760056e+05  1.283277e+08  1.284989e+08  1.286103e+08  1.287377e+08  1.291196e+08
                                            qemu kvm entry             30.0  4.167317e+14  5.595922e+10  4.166423e+14  4.166824e+14  4.167317e+14  4.167809e+14  4.168212e+14
                                            qemu kvm port 253          30.0  4.167319e+14  5.595912e+10  4.166425e+14  4.166826e+14  4.167319e+14  4.167811e+14  4.168214e+14
                                            qemu kvm port 254          30.0  4.167319e+14  5.595915e+10  4.166425e+14  4.166826e+14  4.167318e+14  4.167811e+14  4.168213e+14
                                            qemu kvm port 255          30.0  4.167317e+14  5.595916e+10  4.166424e+14  4.166825e+14  4.167317e+14  4.167810e+14  4.168212e+14
                                            qemu start                 30.0  4.167316e+14  5.595924e+10  4.166423e+14  4.166824e+14  4.167316e+14  4.167809e+14  4.168211e+14
                                            total startup time         30.0  2.788919e+08  2.799514e+06  2.764898e+08  2.775216e+08  2.783112e+08  2.790876e+08  2.922124e+08
                                  xdp       total                      90.0  1.684444e+07  5.304039e+06  8.000000e+06  1.300000e+07  1.600000e+07  2.100000e+07  2.900000e+07
                    mirror        linux     first packet               30.0  4.169888e+14  5.494053e+10  4.168996e+14  4.169421e+14  4.169888e+14  4.170355e+14  4.170781e+14
                                            init done                  30.0  4.169888e+14  5.494053e+10  4.168996e+14  4.169421e+14  4.169888e+14  4.170355e+14  4.170781e+14
                                            main                       30.0  4.169888e+14  5.494052e+10  4.168996e+14  4.169421e+14  4.169888e+14  4.170355e+14  4.170781e+14
                                            total startup time         30.0  1.478866e+07  2.575138e+05  1.440643e+07  1.461845e+07  1.471993e+07  1.491943e+07  1.539561e+07
                                  uk        click main()               30.0  1.072755e+08  3.169270e+04  1.072169e+08  1.072519e+08  1.072669e+08  1.073037e+08  1.073345e+08
                                            first packet               30.0  1.436582e+08  1.717552e+05  1.433834e+08  1.435049e+08  1.436386e+08  1.437952e+08  1.440360e+08
                                            initialize elements        30.0  1.298258e+08  9.680267e+04  1.296480e+08  1.297496e+08  1.298272e+08  1.298949e+08  1.300367e+08
                                            initialize elements done   30.0  1.334222e+08  1.365721e+05  1.331990e+08  1.333123e+08  1.334409e+08  1.335056e+08  1.337549e+08
                                            print config               30.0  1.087049e+08  3.570283e+04  1.086409e+08  1.086761e+08  1.086973e+08  1.087371e+08  1.087731e+08
                                            print config done          30.0  1.265780e+08  8.986873e+04  1.264115e+08  1.265139e+08  1.265733e+08  1.266479e+08  1.267751e+08
                                            total startup time         30.0  2.731072e+08  1.102826e+06  2.717720e+08  2.722674e+08  2.727626e+08  2.737935e+08  2.766400e+08
                                  ukebpfjit click main()                3.0  1.086043e+08  1.001196e+05  1.085203e+08  1.085489e+08  1.085776e+08  1.086463e+08  1.087151e+08
                                            init ebpf done            984.0  4.346756e+09  2.390000e+09  1.855385e+08  2.280794e+09  4.349106e+09  6.413336e+09  8.513332e+09
                                            init ebpf vm              984.0  4.343130e+09  2.390001e+09  1.806207e+08  2.277173e+09  4.345483e+09  6.409707e+09  8.509701e+09
                                            initialize elements         3.0  1.774462e+08  4.337532e+05  1.770772e+08  1.772073e+08  1.773374e+08  1.776307e+08  1.779240e+08
                                            initialize elements done    3.0  2.078823e+08  4.954185e+05  2.074320e+08  2.076169e+08  2.078018e+08  2.081074e+08  2.084130e+08
                                            jit                       984.0  1.589245e+05  3.404309e+04  1.510820e+05  1.531905e+05  1.560830e+05  1.570055e+05  7.690470e+05
                                            load elf                  984.0  1.642602e+03  1.130564e+02  1.407000e+03  1.596000e+03  1.635000e+03  1.671000e+03  3.405000e+03
                                            lock                      984.0  1.852388e+02  2.300540e+03  4.400000e+01  4.900000e+01  5.100000e+01  7.000000e+01  4.296300e+04
                                            print                     984.0  1.853172e+07  1.134658e+05  1.837860e+07  1.847339e+07  1.850150e+07  1.859826e+07  2.102459e+07
                                            print config                3.0  1.102656e+08  1.042123e+05  1.101777e+08  1.102081e+08  1.102385e+08  1.103096e+08  1.103807e+08
                                            print config done           3.0  1.739030e+08  4.248880e+05  1.735416e+08  1.736690e+08  1.737964e+08  1.740837e+08  1.743710e+08
                                            read program              984.0  4.939070e+03  3.268432e+02  4.526000e+03  4.824000e+03  4.895500e+03  4.983000e+03  8.517000e+03
                                            signature                 984.0  1.392220e+05  4.056373e+04  1.339130e+05  1.355118e+05  1.362480e+05  1.374232e+05  8.756310e+05
                                            total                     600.0  2.524184e+07  9.722171e+04  2.511890e+07  2.516887e+07  2.520031e+07  2.533827e+07  2.552373e+07
                                  uktrace   click main()               30.0  1.077205e+08  4.532589e+04  1.076522e+08  1.076886e+08  1.077037e+08  1.077518e+08  1.078512e+08
                                            first packet               30.0  1.458675e+08  2.404338e+05  1.455444e+08  1.456982e+08  1.458656e+08  1.459914e+08  1.464416e+08
                                            initialize elements        30.0  1.314655e+08  1.745086e+05  1.312199e+08  1.313259e+08  1.314383e+08  1.315675e+08  1.318941e+08
                                            initialize elements done   30.0  1.352032e+08  1.849144e+05  1.349282e+08  1.350784e+08  1.351630e+08  1.353185e+08  1.356649e+08
                                            print config               30.0  1.092314e+08  5.445475e+04  1.091497e+08  1.091923e+08  1.092121e+08  1.092667e+08  1.093887e+08
                                            print config done          30.0  1.280692e+08  1.568952e+05  1.278489e+08  1.279482e+08  1.280431e+08  1.281461e+08  1.284612e+08
                                            qemu kvm entry             30.0  4.173771e+14  5.600092e+10  4.172877e+14  4.173278e+14  4.173771e+14  4.174264e+14  4.174666e+14
                                            qemu kvm port 253          30.0  4.173773e+14  5.600106e+10  4.172879e+14  4.173280e+14  4.173772e+14  4.174266e+14  4.174668e+14
                                            qemu kvm port 254          30.0  4.173772e+14  5.600101e+10  4.172879e+14  4.173279e+14  4.173772e+14  4.174265e+14  4.174667e+14
                                            qemu kvm port 255          30.0  4.173771e+14  5.600096e+10  4.172877e+14  4.173278e+14  4.173771e+14  4.174264e+14  4.174666e+14
                                            qemu start                 30.0  4.173770e+14  5.600096e+10  4.172876e+14  4.173277e+14  4.173770e+14  4.174263e+14  4.174665e+14
                                            total startup time         30.0  2.781753e+08  3.360109e+06  2.754276e+08  2.770714e+08  2.777030e+08  2.783504e+08  2.951552e+08
                                  xdp       total                      90.0  1.684444e+07  5.458549e+06  8.000000e+06  1.200000e+07  1.550000e+07  2.100000e+07  3.100000e+07
                    nat           linux     first packet               30.0  4.176309e+14  5.294894e+10  4.175450e+14  4.175858e+14  4.176309e+14  4.176760e+14  4.177169e+14
                                            init done                  30.0  4.176309e+14  5.294894e+10  4.175450e+14  4.175858e+14  4.176309e+14  4.176760e+14  4.177169e+14
                                            main                       30.0  4.176308e+14  5.294908e+10  4.175449e+14  4.175857e+14  4.176308e+14  4.176759e+14  4.177168e+14
                                            total startup time         30.0  1.265737e+08  8.543149e+05  1.250182e+08  1.259164e+08  1.262860e+08  1.274568e+08  1.281147e+08
                                  uk        click main()               30.0  1.073648e+08  7.035018e+04  1.072872e+08  1.073235e+08  1.073399e+08  1.073839e+08  1.075873e+08
                                            first packet               30.0  5.545197e+08  1.302481e+06  5.521621e+08  5.535148e+08  5.546214e+08  5.554779e+08  5.572475e+08
                                            initialize elements        30.0  5.332331e+08  1.241129e+06  5.310284e+08  5.323093e+08  5.333241e+08  5.340995e+08  5.358649e+08
                                            initialize elements done   30.0  5.442129e+08  1.287574e+06  5.418753e+08  5.432037e+08  5.443264e+08  5.451547e+08  5.469149e+08
                                            print config               30.0  1.087773e+08  7.412680e+04  1.086909e+08  1.087334e+08  1.087546e+08  1.087993e+08  1.090051e+08
                                            print config done          30.0  5.297846e+08  1.231672e+06  5.275975e+08  5.288697e+08  5.298824e+08  5.306472e+08  5.323969e+08
                                            total startup time         30.0  8.958733e+08  1.874443e+06  8.927080e+08  8.946474e+08  8.953717e+08  8.971596e+08  9.007076e+08
                                  ukebpfjit click main()                3.0  1.085829e+08  4.893275e+04  1.085271e+08  1.085653e+08  1.086036e+08  1.086109e+08  1.086182e+08
                                            init ebpf done            984.0  4.393607e+09  2.383546e+09  1.917817e+08  2.335747e+09  4.391664e+09  6.452039e+09  8.516015e+09
                                            init ebpf vm              984.0  4.389953e+09  2.383585e+09  1.799903e+08  2.332118e+09  4.388033e+09  6.448403e+09  8.512377e+09
                                            initialize elements         3.0  1.766580e+08  1.917373e+05  1.764369e+08  1.765980e+08  1.767592e+08  1.767686e+08  1.767781e+08
                                            initialize elements done    3.0  2.140919e+08  3.482436e+05  2.137154e+08  2.139367e+08  2.141581e+08  2.142802e+08  2.144023e+08
                                            jit                       984.0  1.660024e+05  3.658811e+04  1.560970e+05  1.589058e+05  1.633925e+05  1.640185e+05  7.778540e+05
                                            load elf                  984.0  2.591390e+04  3.796309e+05  4.488000e+03  4.727000e+03  4.823000e+03  4.973000e+03  6.929056e+06
                                            load elf > relocate map     6.0  8.968333e+02  3.668686e+02  5.220000e+02  5.852500e+02  8.535000e+02  1.199750e+03  1.341000e+03
                                            lock                      984.0  1.856677e+02  2.267868e+03  2.700000e+01  4.900000e+01  5.800000e+01  6.700000e+01  4.301300e+04
                                            print                     984.0  1.846781e+07  1.026558e+05  1.833309e+07  1.843950e+07  1.846131e+07  1.848321e+07  2.093792e+07
                                            print config                3.0  1.102392e+08  4.187528e+04  1.101910e+08  1.102259e+08  1.102608e+08  1.102634e+08  1.102660e+08
                                            print config done           3.0  1.731241e+08  1.845348e+05  1.729114e+08  1.730659e+08  1.732205e+08  1.732305e+08  1.732406e+08
                                            read program              984.0  6.069115e+03  5.504495e+02  5.574000e+03  5.888000e+03  5.980500e+03  6.087250e+03  1.161200e+04
                                            signature                 984.0  1.433136e+05  3.992119e+04  1.376360e+05  1.393570e+05  1.400985e+05  1.415635e+05  8.693770e+05
                                            total                     600.0  2.517426e+07  9.211214e+04  2.508658e+07  2.513880e+07  2.516468e+07  2.518995e+07  2.636594e+07
                                  uktrace   click main()               30.0  1.078207e+08  7.964567e+04  1.076930e+08  1.077644e+08  1.078049e+08  1.078654e+08  1.080862e+08
                                            first packet               30.0  5.741864e+08  2.469765e+06  5.708790e+08  5.724450e+08  5.733842e+08  5.758682e+08  5.794208e+08
                                            initialize elements        30.0  5.519996e+08  2.356383e+06  5.488692e+08  5.503613e+08  5.512614e+08  5.536891e+08  5.569655e+08
                                            initialize elements done   30.0  5.634628e+08  2.423953e+06  5.602297e+08  5.617365e+08  5.626840e+08  5.651660e+08  5.685564e+08
                                            print config               30.0  1.093130e+08  8.628569e+04  1.091659e+08  1.092518e+08  1.092926e+08  1.093582e+08  1.095980e+08
                                            print config done          30.0  5.484065e+08  2.338237e+06  5.452958e+08  5.467765e+08  5.476750e+08  5.500947e+08  5.533377e+08
                                            qemu kvm entry             30.0  4.180055e+14  5.400144e+10  4.179193e+14  4.179578e+14  4.180054e+14  4.180530e+14  4.180917e+14
                                            qemu kvm port 253          30.0  4.180063e+14  5.400200e+10  4.179201e+14  4.179587e+14  4.180063e+14  4.180539e+14  4.180925e+14
                                            qemu kvm port 254          30.0  4.180058e+14  5.400163e+10  4.179197e+14  4.179582e+14  4.180058e+14  4.180534e+14  4.180921e+14
                                            qemu kvm port 255          30.0  4.180055e+14  5.400124e+10  4.179193e+14  4.179579e+14  4.180055e+14  4.180531e+14  4.180918e+14
                                            qemu start                 30.0  4.180054e+14  5.400148e+10  4.179192e+14  4.179578e+14  4.180054e+14  4.180530e+14  4.180916e+14
                                            total startup time         30.0  9.191054e+08  5.948395e+06  9.135364e+08  9.155513e+08  9.176045e+08  9.201832e+08  9.445096e+08
                                  xdp       total                      90.0  1.662222e+07  4.961827e+06  9.000000e+06  1.200000e+07  1.600000e+07  2.000000e+07  2.900000e+07
                    reflector     xdp       total                      90.0  1.613333e+07  4.702856e+06  8.000000e+06  1.200000e+07  1.600000e+07  2.000000e+07  2.500000e+07