path '/home/okelmann/appclick-ubpf/benchmark' does not contain a 'flake.nix', searching up
warning: Git tree '/home/okelmann/appclick-ubpf' is dirty
Using saved setting for 'extra-substituters = https://tum-dse.cachix.org' from ~/.local/share/nix/trusted-settings.json.
Using saved setting for 'extra-trusted-public-keys = tum-dse.cachix.org-1:v67rK18oLwgO0Z4b69l30SrV1yRtqxKpiHodG4YxhNM=' from ~/.local/share/nix/trusted-settings.json.
    Finished `dev` profile [unoptimized + debuginfo] target(s) in 0.20s
     Running `target/debug/bench-helper`
Startup trace (nsec): main: 418295548405234
Startup trace (nsec): init done: 418295549338496
sleeping first increases startup time
CheckIPHeader@4: IP header check failed: bad IP version
       wait 5ms
Rx rate: 0
Received packet from device: 418295549388064 ns:   76 | 60000000 00240001 fe800000 00000000 ece94eb3 bcc1194a
Bench-helper startup time (nsec): 15089836
path '/home/okelmann/appclick-ubpf/benchmark' does not contain a 'flake.nix', searching up
warning: Git tree '/home/okelmann/appclick-ubpf' is dirty
Using saved setting for 'extra-substituters = https://tum-dse.cachix.org' from ~/.local/share/nix/trusted-settings.json.
Using saved setting for 'extra-trusted-public-keys = tum-dse.cachix.org-1:v67rK18oLwgO0Z4b69l30SrV1yRtqxKpiHodG4YxhNM=' from ~/.local/share/nix/trusted-settings.json.
    Finished `dev` profile [unoptimized + debuginfo] target(s) in 0.18s
     Running `target/debug/bench-helper`
Startup trace (nsec): main: 418301388397342
Startup trace (nsec): init done: 418301389325442
CheckIPHeader@4: IP header check failed: bad IP version
sleeping first increases startup time
       wait 5ms
Rx rate: 0
Received packet from device: 418301389374421 ns:   76 | 60000000 00240001 fe800000 00000000 214fd9e9 c95bd483
Bench-helper startup time (nsec): 14557857
path '/home/okelmann/appclick-ubpf/benchmark' does not contain a 'flake.nix', searching up
warning: Git tree '/home/okelmann/appclick-ubpf' is dirty
Using saved setting for 'extra-substituters = https://tum-dse.cachix.org' from ~/.local/share/nix/trusted-settings.json.
Using saved setting for 'extra-trusted-public-keys = tum-dse.cachix.org-1:v67rK18oLwgO0Z4b69l30SrV1yRtqxKpiHodG4YxhNM=' from ~/.local/share/nix/trusted-settings.json.
    Finished `dev` profile [unoptimized + debuginfo] target(s) in 0.18s
     Running `target/debug/bench-helper`
CheckIPHeader@4: IP header check failed: bad IP version
Startup trace (nsec): main: 418307268779425
Startup trace (nsec): init done: 418307269421128
Received packet from device: 418307269440303 ns:   76 | 60000000 00240001 fe800000 00000000 0b4575c7 3c2a6206
Bench-helper startup time (nsec): 14733043
path '/home/okelmann/appclick-ubpf/benchmark' does not contain a 'flake.nix', searching up
warning: Git tree '/home/okelmann/appclick-ubpf' is dirty
Using saved setting for 'extra-substituters = https://tum-dse.cachix.org' from ~/.local/share/nix/trusted-settings.json.
Using saved setting for 'extra-trusted-public-keys = tum-dse.cachix.org-1:v67rK18oLwgO0Z4b69l30SrV1yRtqxKpiHodG4YxhNM=' from ~/.local/share/nix/trusted-settings.json.
    Finished `dev` profile [unoptimized + debuginfo] target(s) in 0.18s
     Running `target/debug/bench-helper`
CheckIPHeader@4: IP header check failed: bad IP version
Startup trace (nsec): main: 418313123628502
Startup trace (nsec): init done: 418313124552341
Received packet from device: 418313124573183 ns:   76 | 60000000 00240001 fe800000 00000000 89cfe196 1aad96c5
Bench-helper startup time (nsec): 14807617
path '/home/okelmann/appclick-ubpf/benchmark' does not contain a 'flake.nix', searching up
warning: Git tree '/home/okelmann/appclick-ubpf' is dirty
Using saved setting for 'extra-substituters = https://tum-dse.cachix.org' from ~/.local/share/nix/trusted-settings.json.
Using saved setting for 'extra-trusted-public-keys = tum-dse.cachix.org-1:v67rK18oLwgO0Z4b69l30SrV1yRtqxKpiHodG4YxhNM=' from ~/.local/share/nix/trusted-settings.json.
    Finished `dev` profile [unoptimized + debuginfo] target(s) in 0.18s
     Running `target/debug/bench-helper`
Startup trace (nsec): main: 418318965671277
Startup trace (nsec): init done: 418318966591721
sleeping first increases startup time
       wait 5ms
Rx rate: 0
Received packet from device: 418318966643767 ns:   76 | 60000000 00240001 fe800000 00000000 a4ae4a8f 5bc777fd
CheckIPHeader@4: IP header check failed: bad IP version
Bench-helper startup time (nsec): 14750385
path '/home/okelmann/appclick-ubpf/benchmark' does not contain a 'flake.nix', searching up
warning: Git tree '/home/okelmann/appclick-ubpf' is dirty
Using saved setting for 'extra-substituters = https://tum-dse.cachix.org' from ~/.local/share/nix/trusted-settings.json.
Using saved setting for 'extra-trusted-public-keys = tum-dse.cachix.org-1:v67rK18oLwgO0Z4b69l30SrV1yRtqxKpiHodG4YxhNM=' from ~/.local/share/nix/trusted-settings.json.
    Finished `dev` profile [unoptimized + debuginfo] target(s) in 0.18s
     Running `target/debug/bench-helper`
Startup trace (nsec): main: 418324818861307
Startup trace (nsec): init done: 418324819781429
sleeping first increases startup time
CheckIPHeader@4: IP header check failed: bad IP version
       wait 5ms
Rx rate: 0
Received packet from device: 418324819829723 ns:   76 | 60000000 00240001 fe800000 00000000 9d339bc1 a518a5fa
Bench-helper startup time (nsec): 14982897
path '/home/okelmann/appclick-ubpf/benchmark' does not contain a 'flake.nix', searching up
warning: Git tree '/home/okelmann/appclick-ubpf' is dirty
Using saved setting for 'extra-substituters = https://tum-dse.cachix.org' from ~/.local/share/nix/trusted-settings.json.
Using saved setting for 'extra-trusted-public-keys = tum-dse.cachix.org-1:v67rK18oLwgO0Z4b69l30SrV1yRtqxKpiHodG4YxhNM=' from ~/.local/share/nix/trusted-settings.json.
    Finished `dev` profile [unoptimized + debuginfo] target(s) in 0.18s
     Running `target/debug/bench-helper`
Startup trace (nsec): main: 418330665101425
Startup trace (nsec): init done: 418330666025922
CheckIPHeader@4: IP header check failed: bad IP version
sleeping first increases startup time
       wait 5ms
Rx rate: 0
Received packet from device: 418330666075878 ns:   76 | 60000000 00240001 fe800000 00000000 449985da 114012c2
Bench-helper startup time (nsec): 14776951
path '/home/okelmann/appclick-ubpf/benchmark' does not contain a 'flake.nix', searching up
warning: Git tree '/home/okelmann/appclick-ubpf' is dirty
Using saved setting for 'extra-substituters = https://tum-dse.cachix.org' from ~/.local/share/nix/trusted-settings.json.
Using saved setting for 'extra-trusted-public-keys = tum-dse.cachix.org-1:v67rK18oLwgO0Z4b69l30SrV1yRtqxKpiHodG4YxhNM=' from ~/.local/share/nix/trusted-settings.json.
    Finished `dev` profile [unoptimized + debuginfo] target(s) in 0.18s
     Running `target/debug/bench-helper`
Startup trace (nsec): main: 418336503157178
CheckIPHeader@4: IP header check failed: bad IP version
Startup trace (nsec): init done: 418336504077979
sleeping first increases startup time
       wait 5ms
Rx rate: 0
Received packet from device: 418336504128788 ns:   76 | 60000000 00240001 fe800000 00000000 54ba1966 9273bd8a
Bench-helper startup time (nsec): 14787776
path '/home/okelmann/appclick-ubpf/benchmark' does not contain a 'flake.nix', searching up
warning: Git tree '/home/okelmann/appclick-ubpf' is dirty
Using saved setting for 'extra-substituters = https://tum-dse.cachix.org' from ~/.local/share/nix/trusted-settings.json.
Using saved setting for 'extra-trusted-public-keys = tum-dse.cachix.org-1:v67rK18oLwgO0Z4b69l30SrV1yRtqxKpiHodG4YxhNM=' from ~/.local/share/nix/trusted-settings.json.
    Finished `dev` profile [unoptimized + debuginfo] target(s) in 0.18s
     Running `target/debug/bench-helper`
Startup trace (nsec): main: 418342374368773
Startup trace (nsec): init done: 418342375284516
sleeping first increases startup time
       wait 5ms
Rx rate: 0
Received packet from device: 418342375339131 ns:   76 | 60000000 00240001 fe800000 00000000 70d821a6 84a35ba2
CheckIPHeader@4: IP header check failed: bad IP version
Bench-helper startup time (nsec): 15011429
path '/home/okelmann/appclick-ubpf/benchmark' does not contain a 'flake.nix', searching up
warning: Git tree '/home/okelmann/appclick-ubpf' is dirty
Using saved setting for 'extra-substituters = https://tum-dse.cachix.org' from ~/.local/share/nix/trusted-settings.json.
Using saved setting for 'extra-trusted-public-keys = tum-dse.cachix.org-1:v67rK18oLwgO0Z4b69l30SrV1yRtqxKpiHodG4YxhNM=' from ~/.local/share/nix/trusted-settings.json.
    Finished `dev` profile [unoptimized + debuginfo] target(s) in 0.18s
     Running `target/debug/bench-helper`
Startup trace (nsec): main: 418348223188120
Startup trace (nsec): init done: 418348224163061
sleeping first increases startup time
       wait 5ms
CheckIPHeader@4: IP header check failed: bad IP version
Rx rate: 0
Received packet from device: 418348224212565 ns:   76 | 60000000 00240001 fe800000 00000000 c6b7ab27 d1495a32
Bench-helper startup time (nsec): 14864316
