warning: Git tree '/home/okelmann/appclick-ubpf' is dirty
Using saved setting for 'extra-substituters = https://tum-dse.cachix.org' from ~/.local/share/nix/trusted-settings.json.
Using saved setting for 'extra-trusted-public-keys = tum-dse.cachix.org-1:v67rK18oLwgO0Z4b69l30SrV1yRtqxKpiHodG4YxhNM=' from ~/.local/share/nix/trusted-settings.json.
Attaching 4 probes...
qemu start ns 416126378160154
filename /nix/store/311zsfnwl2vggdz8xdfmlxc168qksamk-qemu-host-cpu-only-8.1.5/bin/qemu-system-x86_64
qemu kvm entry ns 416126441245313
qemu kvm port 255 ns 416126488037854
qemu kvm port 254 ns 416126603368615
qemu kvm port 253 ns 416126658589915
qemu start ns 416131799755464
filename /nix/store/311zsfnwl2vggdz8xdfmlxc168qksamk-qemu-host-cpu-only-8.1.5/bin/qemu-system-x86_64
qemu kvm entry ns 416131862814039
qemu kvm port 255 ns 416131909851086
qemu kvm port 254 ns 416132025105008
qemu kvm port 253 ns 416132079921912
qemu start ns 416137356749001
filename /nix/store/311zsfnwl2vggdz8xdfmlxc168qksamk-qemu-host-cpu-only-8.1.5/bin/qemu-system-x86_64
qemu kvm entry ns 416137418901876
qemu kvm port 255 ns 416137464883065
qemu kvm port 254 ns 416137580291919
qemu kvm port 253 ns 416137635093318
qemu start ns 416142899046304
filename /nix/store/311zsfnwl2vggdz8xdfmlxc168qksamk-qemu-host-cpu-only-8.1.5/bin/qemu-system-x86_64
qemu kvm entry ns 416142962639045
qemu kvm port 255 ns 416143009070991
qemu kvm port 254 ns 416143124410432
qemu kvm port 253 ns 416143179439322
qemu start ns 416148419631129
filename /nix/store/311zsfnwl2vggdz8xdfmlxc168qksamk-qemu-host-cpu-only-8.1.5/bin/qemu-system-x86_64
qemu kvm entry ns 416148482833770
qemu kvm port 255 ns 416148528858856
qemu kvm port 254 ns 416148644073341
qemu kvm port 253 ns 416148698905436
qemu start ns 416153965588276
filename /nix/store/311zsfnwl2vggdz8xdfmlxc168qksamk-qemu-host-cpu-only-8.1.5/bin/qemu-system-x86_64
qemu kvm entry ns 416154030860263
qemu kvm port 255 ns 416154076815009
qemu kvm port 254 ns 416154192078350
qemu kvm port 253 ns 416154247013832
qemu start ns 416159530301162
filename /nix/store/311zsfnwl2vggdz8xdfmlxc168qksamk-qemu-host-cpu-only-8.1.5/bin/qemu-system-x86_64
qemu kvm entry ns 416159593371911
qemu kvm port 255 ns 416159638813650
qemu kvm port 254 ns 416159754451617
qemu kvm port 253 ns 416159809339289
qemu start ns 416165057597079
filename /nix/store/311zsfnwl2vggdz8xdfmlxc168qksamk-qemu-host-cpu-only-8.1.5/bin/qemu-system-x86_64
qemu kvm entry ns 416165120513367
qemu kvm port 255 ns 416165167055876
qemu kvm port 254 ns 416165282444895
qemu kvm port 253 ns 416165337644246
qemu start ns 416170604321491
filename /nix/store/311zsfnwl2vggdz8xdfmlxc168qksamk-qemu-host-cpu-only-8.1.5/bin/qemu-system-x86_64
qemu kvm entry ns 416170666729586
qemu kvm port 255 ns 416170713039777
qemu kvm port 254 ns 416170828407714
qemu kvm port 253 ns 416170883417820
qemu start ns 416176151835727
filename /nix/store/311zsfnwl2vggdz8xdfmlxc168qksamk-qemu-host-cpu-only-8.1.5/bin/qemu-system-x86_64
qemu kvm entry ns 416176216527239
qemu kvm port 255 ns 416176263817965
qemu kvm port 254 ns 416176379059955
qemu kvm port 253 ns 416176433796644
