path '/home/okelmann/appclick-ubpf/benchmark' does not contain a 'flake.nix', searching up
warning: Git tree '/home/okelmann/appclick-ubpf' is dirty
Using saved setting for 'extra-substituters = https://tum-dse.cachix.org' from ~/.local/share/nix/trusted-settings.json.
Using saved setting for 'extra-trusted-public-keys = tum-dse.cachix.org-1:v67rK18oLwgO0Z4b69l30SrV1yRtqxKpiHodG4YxhNM=' from ~/.local/share/nix/trusted-settings.json.
    Finished `dev` profile [unoptimized + debuginfo] target(s) in 0.20s
     Running `target/debug/bench-helper`
Startup trace (nsec): main: 416317374942589
Startup trace (nsec): init done: 416317375562975
Received packet from device: 416317375582806 ns:   76 | 60000000 00240001 fe800000 00000000 77680209 4f0c3363
Bench-helper startup time (nsec): 15114582
path '/home/okelmann/appclick-ubpf/benchmark' does not contain a 'flake.nix', searching up
warning: Git tree '/home/okelmann/appclick-ubpf' is dirty
Using saved setting for 'extra-substituters = https://tum-dse.cachix.org' from ~/.local/share/nix/trusted-settings.json.
Using saved setting for 'extra-trusted-public-keys = tum-dse.cachix.org-1:v67rK18oLwgO0Z4b69l30SrV1yRtqxKpiHodG4YxhNM=' from ~/.local/share/nix/trusted-settings.json.
    Finished `dev` profile [unoptimized + debuginfo] target(s) in 0.18s
     Running `target/debug/bench-helper`
Startup trace (nsec): main: 416323203196046
Startup trace (nsec): init done: 416323204103917
sleeping first increases startup time
       wait 5ms
Rx rate: 0
Received packet from device: 416323204151092 ns:   76 | 60000000 00240001 fe800000 00000000 8fdeb79a a73ae186
Bench-helper startup time (nsec): 14927042
path '/home/okelmann/appclick-ubpf/benchmark' does not contain a 'flake.nix', searching up
warning: Git tree '/home/okelmann/appclick-ubpf' is dirty
Using saved setting for 'extra-substituters = https://tum-dse.cachix.org' from ~/.local/share/nix/trusted-settings.json.
Using saved setting for 'extra-trusted-public-keys = tum-dse.cachix.org-1:v67rK18oLwgO0Z4b69l30SrV1yRtqxKpiHodG4YxhNM=' from ~/.local/share/nix/trusted-settings.json.
    Finished `dev` profile [unoptimized + debuginfo] target(s) in 0.18s
     Running `target/debug/bench-helper`
Startup trace (nsec): main: 416329024826786
Startup trace (nsec): init done: 416329025733933
sleeping first increases startup time
       wait 5ms
Rx rate: 0
Received packet from device: 416329025783859 ns:   76 | 60000000 00240001 fe800000 00000000 6ac0269b f4f0c56f
Bench-helper startup time (nsec): 14886356
path '/home/okelmann/appclick-ubpf/benchmark' does not contain a 'flake.nix', searching up
warning: Git tree '/home/okelmann/appclick-ubpf' is dirty
Using saved setting for 'extra-substituters = https://tum-dse.cachix.org' from ~/.local/share/nix/trusted-settings.json.
Using saved setting for 'extra-trusted-public-keys = tum-dse.cachix.org-1:v67rK18oLwgO0Z4b69l30SrV1yRtqxKpiHodG4YxhNM=' from ~/.local/share/nix/trusted-settings.json.
    Finished `dev` profile [unoptimized + debuginfo] target(s) in 0.18s
     Running `target/debug/bench-helper`
Startup trace (nsec): main: 416334928154264
Startup trace (nsec): init done: 416334929078275
sleeping first increases startup time
       wait 5ms
Rx rate: 0
Received packet from device: 416334929127515 ns:   76 | 60000000 00240001 fe800000 00000000 12163e9e 5747c7ca
Bench-helper startup time (nsec): 15193126
path '/home/okelmann/appclick-ubpf/benchmark' does not contain a 'flake.nix', searching up
warning: Git tree '/home/okelmann/appclick-ubpf' is dirty
Using saved setting for 'extra-substituters = https://tum-dse.cachix.org' from ~/.local/share/nix/trusted-settings.json.
Using saved setting for 'extra-trusted-public-keys = tum-dse.cachix.org-1:v67rK18oLwgO0Z4b69l30SrV1yRtqxKpiHodG4YxhNM=' from ~/.local/share/nix/trusted-settings.json.
    Finished `dev` profile [unoptimized + debuginfo] target(s) in 0.18s
     Running `target/debug/bench-helper`
Startup trace (nsec): main: 416340773583104
Startup trace (nsec): init done: 416340774509140
sleeping first increases startup time
       wait 5ms
Rx rate: 0
Received packet from device: 416340774556320 ns:   76 | 60000000 00240001 fe800000 00000000 600d98c7 c4861e0c
Bench-helper startup time (nsec): 14883789
path '/home/okelmann/appclick-ubpf/benchmark' does not contain a 'flake.nix', searching up
warning: Git tree '/home/okelmann/appclick-ubpf' is dirty
Using saved setting for 'extra-substituters = https://tum-dse.cachix.org' from ~/.local/share/nix/trusted-settings.json.
Using saved setting for 'extra-trusted-public-keys = tum-dse.cachix.org-1:v67rK18oLwgO0Z4b69l30SrV1yRtqxKpiHodG4YxhNM=' from ~/.local/share/nix/trusted-settings.json.
    Finished `dev` profile [unoptimized + debuginfo] target(s) in 0.18s
     Running `target/debug/bench-helper`
Startup trace (nsec): main: 416346619130642
Startup trace (nsec): init done: 416346620030290
sleeping first increases startup time
       wait 5ms
Rx rate: 0
Received packet from device: 416346620079793 ns:   76 | 60000000 00240001 fe800000 00000000 033742ac 86474b7d
Bench-helper startup time (nsec): 14968639
path '/home/okelmann/appclick-ubpf/benchmark' does not contain a 'flake.nix', searching up
warning: Git tree '/home/okelmann/appclick-ubpf' is dirty
Using saved setting for 'extra-substituters = https://tum-dse.cachix.org' from ~/.local/share/nix/trusted-settings.json.
Using saved setting for 'extra-trusted-public-keys = tum-dse.cachix.org-1:v67rK18oLwgO0Z4b69l30SrV1yRtqxKpiHodG4YxhNM=' from ~/.local/share/nix/trusted-settings.json.
    Finished `dev` profile [unoptimized + debuginfo] target(s) in 0.18s
     Running `target/debug/bench-helper`
Startup trace (nsec): main: 416352454378102
Startup trace (nsec): init done: 416352455283780
sleeping first increases startup time
       wait 5ms
Rx rate: 0
Received packet from device: 416352455332887 ns:   76 | 60000000 00240001 fe800000 00000000 a2387783 bb306149
Bench-helper startup time (nsec): 14860141
path '/home/okelmann/appclick-ubpf/benchmark' does not contain a 'flake.nix', searching up
warning: Git tree '/home/okelmann/appclick-ubpf' is dirty
Using saved setting for 'extra-substituters = https://tum-dse.cachix.org' from ~/.local/share/nix/trusted-settings.json.
Using saved setting for 'extra-trusted-public-keys = tum-dse.cachix.org-1:v67rK18oLwgO0Z4b69l30SrV1yRtqxKpiHodG4YxhNM=' from ~/.local/share/nix/trusted-settings.json.
    Finished `dev` profile [unoptimized + debuginfo] target(s) in 0.18s
     Running `target/debug/bench-helper`
Startup trace (nsec): main: 416358359378733
Startup trace (nsec): init done: 416358360292122
sleeping first increases startup time
       wait 5ms
Rx rate: 0
Received packet from device: 416358360344034 ns:   76 | 60000000 00240001 fe800000 00000000 20a9c839 2a3fba8b
Bench-helper startup time (nsec): 15273095
path '/home/okelmann/appclick-ubpf/benchmark' does not contain a 'flake.nix', searching up
warning: Git tree '/home/okelmann/appclick-ubpf' is dirty
Using saved setting for 'extra-substituters = https://tum-dse.cachix.org' from ~/.local/share/nix/trusted-settings.json.
Using saved setting for 'extra-trusted-public-keys = tum-dse.cachix.org-1:v67rK18oLwgO0Z4b69l30SrV1yRtqxKpiHodG4YxhNM=' from ~/.local/share/nix/trusted-settings.json.
    Finished `dev` profile [unoptimized + debuginfo] target(s) in 0.17s
     Running `target/debug/bench-helper`
Startup trace (nsec): main: 416364203857825
Startup trace (nsec): init done: 416364204521622
Received packet from device: 416364204542257 ns:   76 | 60000000 00240001 fe800000 00000000 0fedd2e9 202dbfaf
Bench-helper startup time (nsec): 14832684
path '/home/okelmann/appclick-ubpf/benchmark' does not contain a 'flake.nix', searching up
warning: Git tree '/home/okelmann/appclick-ubpf' is dirty
Using saved setting for 'extra-substituters = https://tum-dse.cachix.org' from ~/.local/share/nix/trusted-settings.json.
Using saved setting for 'extra-trusted-public-keys = tum-dse.cachix.org-1:v67rK18oLwgO0Z4b69l30SrV1yRtqxKpiHodG4YxhNM=' from ~/.local/share/nix/trusted-settings.json.
    Finished `dev` profile [unoptimized + debuginfo] target(s) in 0.18s
     Running `target/debug/bench-helper`
Startup trace (nsec): main: 416370048692719
Startup trace (nsec): init done: 416370049597392
sleeping first increases startup time
       wait 5ms
Rx rate: 0
Received packet from device: 416370049645641 ns:   76 | 60000000 00240001 fe800000 00000000 d2a533d1 81716f9d
Bench-helper startup time (nsec): 15064488
