path '/home/okelmann/appclick-ubpf/benchmark' does not contain a 'flake.nix', searching up
warning: Git tree '/home/okelmann/appclick-ubpf' is dirty
Using saved setting for 'extra-substituters = https://tum-dse.cachix.org' from ~/.local/share/nix/trusted-settings.json.
Using saved setting for 'extra-trusted-public-keys = tum-dse.cachix.org-1:v67rK18oLwgO0Z4b69l30SrV1yRtqxKpiHodG4YxhNM=' from ~/.local/share/nix/trusted-settings.json.
    Finished `dev` profile [unoptimized + debuginfo] target(s) in 0.20s
     Running `target/debug/bench-helper`
Startup trace (nsec): main: 415672144573004
Startup trace (nsec): init done: 415672145494681
sleeping first increases startup time
       wait 5ms
Rx rate: 0
Received packet from device: 415672145542546 ns:   76 | 60000000 00240001 fe800000 00000000 e8a85ff8 5d338800
Bench-helper startup time (nsec): 15060635
path '/home/okelmann/appclick-ubpf/benchmark' does not contain a 'flake.nix', searching up
warning: Git tree '/home/okelmann/appclick-ubpf' is dirty
Using saved setting for 'extra-substituters = https://tum-dse.cachix.org' from ~/.local/share/nix/trusted-settings.json.
Using saved setting for 'extra-trusted-public-keys = tum-dse.cachix.org-1:v67rK18oLwgO0Z4b69l30SrV1yRtqxKpiHodG4YxhNM=' from ~/.local/share/nix/trusted-settings.json.
    Finished `dev` profile [unoptimized + debuginfo] target(s) in 0.18s
     Running `target/debug/bench-helper`
Startup trace (nsec): main: 415678014048306
Startup trace (nsec): init done: 415678014985342
Received packet from device: 415678015015349 ns:   76 | 60000000 00240001 fe800000 00000000 e2f00a95 93ab5bd8
Bench-helper startup time (nsec): 14941246
path '/home/okelmann/appclick-ubpf/benchmark' does not contain a 'flake.nix', searching up
warning: Git tree '/home/okelmann/appclick-ubpf' is dirty
Using saved setting for 'extra-substituters = https://tum-dse.cachix.org' from ~/.local/share/nix/trusted-settings.json.
Using saved setting for 'extra-trusted-public-keys = tum-dse.cachix.org-1:v67rK18oLwgO0Z4b69l30SrV1yRtqxKpiHodG4YxhNM=' from ~/.local/share/nix/trusted-settings.json.
    Finished `dev` profile [unoptimized + debuginfo] target(s) in 0.18s
     Running `target/debug/bench-helper`
Startup trace (nsec): main: 415683911143992
Startup trace (nsec): init done: 415683912074143
Received packet from device: 415683912098275 ns:   76 | 60000000 00240001 fe800000 00000000 754a9a99 7d172792
Bench-helper startup time (nsec): 14945384
path '/home/okelmann/appclick-ubpf/benchmark' does not contain a 'flake.nix', searching up
warning: Git tree '/home/okelmann/appclick-ubpf' is dirty
Using saved setting for 'extra-substituters = https://tum-dse.cachix.org' from ~/.local/share/nix/trusted-settings.json.
Using saved setting for 'extra-trusted-public-keys = tum-dse.cachix.org-1:v67rK18oLwgO0Z4b69l30SrV1yRtqxKpiHodG4YxhNM=' from ~/.local/share/nix/trusted-settings.json.
    Finished `dev` profile [unoptimized + debuginfo] target(s) in 0.18s
     Running `target/debug/bench-helper`
Startup trace (nsec): main: 415689799928674
Startup trace (nsec): init done: 415689800872244
Received packet from device: 415689800892395 ns:   76 | 60000000 00240001 fe800000 00000000 c848b429 b7706e83
Bench-helper startup time (nsec): 15055266
path '/home/okelmann/appclick-ubpf/benchmark' does not contain a 'flake.nix', searching up
warning: Git tree '/home/okelmann/appclick-ubpf' is dirty
Using saved setting for 'extra-substituters = https://tum-dse.cachix.org' from ~/.local/share/nix/trusted-settings.json.
Using saved setting for 'extra-trusted-public-keys = tum-dse.cachix.org-1:v67rK18oLwgO0Z4b69l30SrV1yRtqxKpiHodG4YxhNM=' from ~/.local/share/nix/trusted-settings.json.
    Finished `dev` profile [unoptimized + debuginfo] target(s) in 0.19s
     Running `target/debug/bench-helper`
Startup trace (nsec): main: 415695654313824
Startup trace (nsec): init done: 415695655255934
Received packet from device: 415695655276483 ns:   76 | 60000000 00240001 fe800000 00000000 86f47672 7f7cf61e
Bench-helper startup time (nsec): 15031059
path '/home/okelmann/appclick-ubpf/benchmark' does not contain a 'flake.nix', searching up
warning: Git tree '/home/okelmann/appclick-ubpf' is dirty
Using saved setting for 'extra-substituters = https://tum-dse.cachix.org' from ~/.local/share/nix/trusted-settings.json.
Using saved setting for 'extra-trusted-public-keys = tum-dse.cachix.org-1:v67rK18oLwgO0Z4b69l30SrV1yRtqxKpiHodG4YxhNM=' from ~/.local/share/nix/trusted-settings.json.
    Finished `dev` profile [unoptimized + debuginfo] target(s) in 0.18s
     Running `target/debug/bench-helper`
Startup trace (nsec): main: 415701474392101
Startup trace (nsec): init done: 415701475322931
sleeping first increases startup time
       wait 5ms
Rx rate: 0
Received packet from device: 415701475375691 ns:   76 | 60000000 00240001 fe800000 00000000 c6f0e177 074ff9fa
Bench-helper startup time (nsec): 15085340
path '/home/okelmann/appclick-ubpf/benchmark' does not contain a 'flake.nix', searching up
warning: Git tree '/home/okelmann/appclick-ubpf' is dirty
Using saved setting for 'extra-substituters = https://tum-dse.cachix.org' from ~/.local/share/nix/trusted-settings.json.
Using saved setting for 'extra-trusted-public-keys = tum-dse.cachix.org-1:v67rK18oLwgO0Z4b69l30SrV1yRtqxKpiHodG4YxhNM=' from ~/.local/share/nix/trusted-settings.json.
    Finished `dev` profile [unoptimized + debuginfo] target(s) in 0.18s
     Running `target/debug/bench-helper`
Startup trace (nsec): main: 415707361084562
Startup trace (nsec): init done: 415707362058896
Received packet from device: 415707362078895 ns:   76 | 60000000 00240001 fe800000 00000000 9527d054 5b32a387
Bench-helper startup time (nsec): 15041468
path '/home/okelmann/appclick-ubpf/benchmark' does not contain a 'flake.nix', searching up
warning: Git tree '/home/okelmann/appclick-ubpf' is dirty
Using saved setting for 'extra-substituters = https://tum-dse.cachix.org' from ~/.local/share/nix/trusted-settings.json.
Using saved setting for 'extra-trusted-public-keys = tum-dse.cachix.org-1:v67rK18oLwgO0Z4b69l30SrV1yRtqxKpiHodG4YxhNM=' from ~/.local/share/nix/trusted-settings.json.
    Finished `dev` profile [unoptimized + debuginfo] target(s) in 0.18s
     Running `target/debug/bench-helper`
Startup trace (nsec): main: 415713252508930
Startup trace (nsec): init done: 415713253440688
sleeping first increases startup time
       wait 5ms
Rx rate: 0
Received packet from device: 415713253491536 ns:   76 | 60000000 00240001 fe800000 00000000 9a0f55d9 1a85d627
Bench-helper startup time (nsec): 15007724
path '/home/okelmann/appclick-ubpf/benchmark' does not contain a 'flake.nix', searching up
warning: Git tree '/home/okelmann/appclick-ubpf' is dirty
Using saved setting for 'extra-substituters = https://tum-dse.cachix.org' from ~/.local/share/nix/trusted-settings.json.
Using saved setting for 'extra-trusted-public-keys = tum-dse.cachix.org-1:v67rK18oLwgO0Z4b69l30SrV1yRtqxKpiHodG4YxhNM=' from ~/.local/share/nix/trusted-settings.json.
    Finished `dev` profile [unoptimized + debuginfo] target(s) in 0.18s
     Running `target/debug/bench-helper`
Startup trace (nsec): main: 415719062905809
Startup trace (nsec): init done: 415719063536427
Received packet from device: 415719063556641 ns:   76 | 60000000 00240001 fe800000 00000000 95940637 43415995
Bench-helper startup time (nsec): 14561404
path '/home/okelmann/appclick-ubpf/benchmark' does not contain a 'flake.nix', searching up
warning: Git tree '/home/okelmann/appclick-ubpf' is dirty
Using saved setting for 'extra-substituters = https://tum-dse.cachix.org' from ~/.local/share/nix/trusted-settings.json.
Using saved setting for 'extra-trusted-public-keys = tum-dse.cachix.org-1:v67rK18oLwgO0Z4b69l30SrV1yRtqxKpiHodG4YxhNM=' from ~/.local/share/nix/trusted-settings.json.
    Finished `dev` profile [unoptimized + debuginfo] target(s) in 0.18s
     Running `target/debug/bench-helper`
Startup trace (nsec): main: 415724926046357
Startup trace (nsec): init done: 415724926972027
sleeping first increases startup time
       wait 5ms
Rx rate: 0
Received packet from device: 415724927027599 ns:   76 | 60000000 00240001 fe800000 00000000 d0513df6 382cec30
Bench-helper startup time (nsec): 15516799
