path '/home/okelmann/appclick-ubpf/benchmark' does not contain a 'flake.nix', searching up
warning: Git tree '/home/okelmann/appclick-ubpf' is dirty
Using saved setting for 'extra-substituters = https://tum-dse.cachix.org' from ~/.local/share/nix/trusted-settings.json.
Using saved setting for 'extra-trusted-public-keys = tum-dse.cachix.org-1:v67rK18oLwgO0Z4b69l30SrV1yRtqxKpiHodG4YxhNM=' from ~/.local/share/nix/trusted-settings.json.
    Finished `dev` profile [unoptimized + debuginfo] target(s) in 0.20s
     Running `target/debug/bench-helper`
c[?7l[2J[0mSeaBIOS (version rel-1.16.2-0-gea1b7a073390-prebuilt.qemu.org)


iPXE (http://ipxe.org) 00:03.0 CA00 PCI2.10 PnP PMM+BEFD0F40+BEF30F40 CA00
Press Ctrl-B to configure iPXE (PCI 00:03.0)...                                                                               


Booting from ROM..Powered by
o.   .o       _ _               __ _
Oo   Oo  ___ (_) | __ __  __ _ ' _) :_
oO   oO ' _ `| | |/ /  _)' _` | |_|  _)
oOo oOO| | | | |   (| | | (_) |  _) :_
 OoOoO ._, ._:_:_,\_._,  .__,_:_, \___)
                         Telesto 0.16.3
Startup trace (nsec): click main(): 107304123
Startup trace (nsec): print config: 108731912
Received config (length 390):
define($MAC0 52:54:00:12:34:56);
/* End unikraft-provided MAC preamble */

from :: FromDevice(0)
 -> Print2('Received packet from device') -> EtherMirror()
-> ic0 :: AverageCounter()
-> Discard;

Script(TYPE ACTIVE,
       print "sleeping first increases startup time"
       wait 5ms,
       label start,
       print "Rx rate: $(ic0.rate)",
       wait 1s,
       goto start
       )
    
Startup trace (nsec): print config done: 126652151
Startup trace (nsec): initialize elements: 129897142
Startup trace (nsec): initialize elements done: 133545906
[router_thread:310] Starting driver...


Received packet from device: 143827543 ns:  140 | 33330000 0016767e 90d49854 86dd6000 0000004c 00010000
qemu-system-x86_64: terminating on signal 1 from pid 168372 (/nix/store/h3b1h0p481wd0zrbkq71gw2m7gq13m83-sudo-1.9.17p2/bin/sudo)
Bench-helper startup time (nsec): 274165860
path '/home/okelmann/appclick-ubpf/benchmark' does not contain a 'flake.nix', searching up
warning: Git tree '/home/okelmann/appclick-ubpf' is dirty
Using saved setting for 'extra-substituters = https://tum-dse.cachix.org' from ~/.local/share/nix/trusted-settings.json.
Using saved setting for 'extra-trusted-public-keys = tum-dse.cachix.org-1:v67rK18oLwgO0Z4b69l30SrV1yRtqxKpiHodG4YxhNM=' from ~/.local/share/nix/trusted-settings.json.
    Finished `dev` profile [unoptimized + debuginfo] target(s) in 0.18s
     Running `target/debug/bench-helper`
c[?7l[2J[0mSeaBIOS (version rel-1.16.2-0-gea1b7a073390-prebuilt.qemu.org)


iPXE (http://ipxe.org) 00:03.0 CA00 PCI2.10 PnP PMM+BEFD0F40+BEF30F40 CA00
Press Ctrl-B to configure iPXE (PCI 00:03.0)...                                                                               


Booting from ROM..Powered by
o.   .o       _ _               __ _
Oo   Oo  ___ (_) | __ __  __ _ ' _) :_
oO   oO ' _ `| | |/ /  _)' _` | |_|  _)
oOo oOO| | | | |   (| | | (_) |  _) :_
 OoOoO ._, ._:_:_,\_._,  .__,_:_, \___)
                         Telesto 0.16.3
Startup trace (nsec): click main(): 107305323
Startup trace (nsec): print config: 108736710
Received config (length 390):
define($MAC0 52:54:00:12:34:56);
/* End unikraft-provided MAC preamble */

from :: FromDevice(0)
 -> Print2('Received packet from device') -> EtherMirror()
-> ic0 :: AverageCounter()
-> Discard;

Script(TYPE ACTIVE,
       print "sleeping first increases startup time"
       wait 5ms,
       label start,
       print "Rx rate: $(ic0.rate)",
       wait 1s,
       goto start
       )
    
Startup trace (nsec): print config done: 126640240
Startup trace (nsec): initialize elements: 129888200
Startup trace (nsec): initialize elements done: 133465220
[router_thread:310] Starting driver...


Received packet from device: 143681946 ns:  120 | 33330000 0016fe09 c445b2e7 86dd6000 00000038 00010000
qemu-system-x86_64: terminating on signal 1 from pid 168602 (/nix/store/h3b1h0p481wd0zrbkq71gw2m7gq13m83-sudo-1.9.17p2/bin/sudo)
Bench-helper startup time (nsec): 273335408
path '/home/okelmann/appclick-ubpf/benchmark' does not contain a 'flake.nix', searching up
warning: Git tree '/home/okelmann/appclick-ubpf' is dirty
Using saved setting for 'extra-substituters = https://tum-dse.cachix.org' from ~/.local/share/nix/trusted-settings.json.
Using saved setting for 'extra-trusted-public-keys = tum-dse.cachix.org-1:v67rK18oLwgO0Z4b69l30SrV1yRtqxKpiHodG4YxhNM=' from ~/.local/share/nix/trusted-settings.json.
    Finished `dev` profile [unoptimized + debuginfo] target(s) in 0.18s
     Running `target/debug/bench-helper`
c[?7l[2J[0mSeaBIOS (version rel-1.16.2-0-gea1b7a073390-prebuilt.qemu.org)


iPXE (http://ipxe.org) 00:03.0 CA00 PCI2.10 PnP PMM+BEFD0F40+BEF30F40 CA00
Press Ctrl-B to configure iPXE (PCI 00:03.0)...                                                                               


Booting from ROM..Powered by
o.   .o       _ _               __ _
Oo   Oo  ___ (_) | __ __  __ _ ' _) :_
oO   oO ' _ `| | |/ /  _)' _` | |_|  _)
oOo oOO| | | | |   (| | | (_) |  _) :_
 OoOoO ._, ._:_:_,\_._,  .__,_:_, \___)
                         Telesto 0.16.3
Startup trace (nsec): click main(): 107264339
Startup trace (nsec): print config: 108686137
Received config (length 390):
define($MAC0 52:54:00:12:34:56);
/* End unikraft-provided MAC preamble */

from :: FromDevice(0)
 -> Print2('Received packet from device') -> EtherMirror()
-> ic0 :: AverageCounter()
-> Discard;

Script(TYPE ACTIVE,
       print "sleeping first increases startup time"
       wait 5ms,
       label start,
       print "Rx rate: $(ic0.rate)",
       wait 1s,
       goto start
       )
    
Startup trace (nsec): print config done: 126526867
Startup trace (nsec): initialize elements: 129770241
Startup trace (nsec): initialize elements done: 133312214
[router_thread:310] Starting driver...


Received packet from device: 143492944 ns:   64 | 01005e00 0016767e 90d49854 080046c0 00280000 40000102
qemu-system-x86_64: terminating on signal 1 from pid 168829 (/nix/store/h3b1h0p481wd0zrbkq71gw2m7gq13m83-sudo-1.9.17p2/bin/sudo)
Bench-helper startup time (nsec): 272195604
path '/home/okelmann/appclick-ubpf/benchmark' does not contain a 'flake.nix', searching up
warning: Git tree '/home/okelmann/appclick-ubpf' is dirty
Using saved setting for 'extra-substituters = https://tum-dse.cachix.org' from ~/.local/share/nix/trusted-settings.json.
Using saved setting for 'extra-trusted-public-keys = tum-dse.cachix.org-1:v67rK18oLwgO0Z4b69l30SrV1yRtqxKpiHodG4YxhNM=' from ~/.local/share/nix/trusted-settings.json.
    Finished `dev` profile [unoptimized + debuginfo] target(s) in 0.18s
     Running `target/debug/bench-helper`
c[?7l[2J[0mSeaBIOS (version rel-1.16.2-0-gea1b7a073390-prebuilt.qemu.org)


iPXE (http://ipxe.org) 00:03.0 CA00 PCI2.10 PnP PMM+BEFD0F40+BEF30F40 CA00
Press Ctrl-B to configure iPXE (PCI 00:03.0)...                                                                               


Booting from ROM..Powered by
o.   .o       _ _               __ _
Oo   Oo  ___ (_) | __ __  __ _ ' _) :_
oO   oO ' _ `| | |/ /  _)' _` | |_|  _)
oOo oOO| | | | |   (| | | (_) |  _) :_
 OoOoO ._, ._:_:_,\_._,  .__,_:_, \___)
                         Telesto 0.16.3
Startup trace (nsec): click main(): 107310611
Startup trace (nsec): print config: 108746762
Received config (length 390):
define($MAC0 52:54:00:12:34:56);
/* End unikraft-provided MAC preamble */

from :: FromDevice(0)
 -> Print2('Received packet from device') -> EtherMirror()
-> ic0 :: AverageCounter()
-> Discard;

Script(TYPE ACTIVE,
       print "sleeping first increases startup time"
       wait 5ms,
       label start,
       print "Rx rate: $(ic0.rate)",
       wait 1s,
       goto start
       )
    
Startup trace (nsec): print config done: 126691025
Startup trace (nsec): initialize elements: 129948467
Startup trace (nsec): initialize elements done: 133612948
[router_thread:310] Starting driver...


Received packet from device: 143938924 ns:  120 | 33330000 0016fe47 8947d7d5 86dd6000 00000038 00010000
qemu-system-x86_64: terminating on signal 1 from pid 169056 (/nix/store/h3b1h0p481wd0zrbkq71gw2m7gq13m83-sudo-1.9.17p2/bin/sudo)
Bench-helper startup time (nsec): 272630064
path '/home/okelmann/appclick-ubpf/benchmark' does not contain a 'flake.nix', searching up
warning: Git tree '/home/okelmann/appclick-ubpf' is dirty
Using saved setting for 'extra-substituters = https://tum-dse.cachix.org' from ~/.local/share/nix/trusted-settings.json.
Using saved setting for 'extra-trusted-public-keys = tum-dse.cachix.org-1:v67rK18oLwgO0Z4b69l30SrV1yRtqxKpiHodG4YxhNM=' from ~/.local/share/nix/trusted-settings.json.
    Finished `dev` profile [unoptimized + debuginfo] target(s) in 0.18s
     Running `target/debug/bench-helper`
c[?7l[2J[0mSeaBIOS (version rel-1.16.2-0-gea1b7a073390-prebuilt.qemu.org)


iPXE (http://ipxe.org) 00:03.0 CA00 PCI2.10 PnP PMM+BEFD0F40+BEF30F40 CA00
Press Ctrl-B to configure iPXE (PCI 00:03.0)...                                                                               


Booting from ROM..Powered by
o.   .o       _ _               __ _
Oo   Oo  ___ (_) | __ __  __ _ ' _) :_
oO   oO ' _ `| | |/ /  _)' _` | |_|  _)
oOo oOO| | | | |   (| | | (_) |  _) :_
 OoOoO ._, ._:_:_,\_._,  .__,_:_, \___)
                         Telesto 0.16.3
Startup trace (nsec): click main(): 107251364
Startup trace (nsec): print config: 108675030
Received config (length 390):
define($MAC0 52:54:00:12:34:56);
/* End unikraft-provided MAC preamble */

from :: FromDevice(0)
 -> Print2('Received packet from device') -> EtherMirror()
-> ic0 :: AverageCounter()
-> Discard;

Script(TYPE ACTIVE,
       print "sleeping first increases startup time"
       wait 5ms,
       label start,
       print "Rx rate: $(ic0.rate)",
       wait 1s,
       goto start
       )
    
Startup trace (nsec): print config done: 126561351
Startup trace (nsec): initialize elements: 129805330
Startup trace (nsec): initialize elements done: 133477857
[router_thread:310] Starting driver...


Received packet from device: 143778787 ns:  180 | 33330000 0016767e 90d49854 86dd6000 00000074 0001fe80
qemu-system-x86_64: terminating on signal 1 from pid 169284 (/nix/store/h3b1h0p481wd0zrbkq71gw2m7gq13m83-sudo-1.9.17p2/bin/sudo)
Bench-helper startup time (nsec): 273931111
path '/home/okelmann/appclick-ubpf/benchmark' does not contain a 'flake.nix', searching up
warning: Git tree '/home/okelmann/appclick-ubpf' is dirty
Using saved setting for 'extra-substituters = https://tum-dse.cachix.org' from ~/.local/share/nix/trusted-settings.json.
Using saved setting for 'extra-trusted-public-keys = tum-dse.cachix.org-1:v67rK18oLwgO0Z4b69l30SrV1yRtqxKpiHodG4YxhNM=' from ~/.local/share/nix/trusted-settings.json.
    Finished `dev` profile [unoptimized + debuginfo] target(s) in 0.18s
     Running `target/debug/bench-helper`
c[?7l[2J[0mSeaBIOS (version rel-1.16.2-0-gea1b7a073390-prebuilt.qemu.org)


iPXE (http://ipxe.org) 00:03.0 CA00 PCI2.10 PnP PMM+BEFD0F40+BEF30F40 CA00
Press Ctrl-B to configure iPXE (PCI 00:03.0)...                                                                               


Booting from ROM..Powered by
o.   .o       _ _               __ _
Oo   Oo  ___ (_) | __ __  __ _ ' _) :_
oO   oO ' _ `| | |/ /  _)' _` | |_|  _)
oOo oOO| | | | |   (| | | (_) |  _) :_
 OoOoO ._, ._:_:_,\_._,  .__,_:_, \___)
                         Telesto 0.16.3
Startup trace (nsec): click main(): 107234203
Startup trace (nsec): print config: 108660148
Received config (length 390):
define($MAC0 52:54:00:12:34:56);
/* End unikraft-provided MAC preamble */

from :: FromDevice(0)
 -> Print2('Received packet from device') -> EtherMirror()
-> ic0 :: AverageCounter()
-> Discard;

Script(TYPE ACTIVE,
       print "sleeping first increases startup time"
       wait 5ms,
       label start,
       print "Rx rate: $(ic0.rate)",
       wait 1s,
       goto start
       )
    
Startup trace (nsec): print config done: 126495937
Startup trace (nsec): initialize elements: 129742516
Startup trace (nsec): initialize elements done: 133312693
[router_thread:310] Starting driver...


Received packet from device: 143521608 ns:   64 | 01005e00 0016767e 90d49854 080046c0 00280000 40000102
qemu-system-x86_64: terminating on signal 1 from pid 169513 (/nix/store/h3b1h0p481wd0zrbkq71gw2m7gq13m83-sudo-1.9.17p2/bin/sudo)
Bench-helper startup time (nsec): 274676237
path '/home/okelmann/appclick-ubpf/benchmark' does not contain a 'flake.nix', searching up
warning: Git tree '/home/okelmann/appclick-ubpf' is dirty
Using saved setting for 'extra-substituters = https://tum-dse.cachix.org' from ~/.local/share/nix/trusted-settings.json.
Using saved setting for 'extra-trusted-public-keys = tum-dse.cachix.org-1:v67rK18oLwgO0Z4b69l30SrV1yRtqxKpiHodG4YxhNM=' from ~/.local/share/nix/trusted-settings.json.
    Finished `dev` profile [unoptimized + debuginfo] target(s) in 0.18s
     Running `target/debug/bench-helper`
c[?7l[2J[0mSeaBIOS (version rel-1.16.2-0-gea1b7a073390-prebuilt.qemu.org)


iPXE (http://ipxe.org) 00:03.0 CA00 PCI2.10 PnP PMM+BEFD0F40+BEF30F40 CA00
Press Ctrl-B to configure iPXE (PCI 00:03.0)...                                                                               


Booting from ROM..Powered by
o.   .o       _ _               __ _
Oo   Oo  ___ (_) | __ __  __ _ ' _) :_
oO   oO ' _ `| | |/ /  _)' _` | |_|  _)
oOo oOO| | | | |   (| | | (_) |  _) :_
 OoOoO ._, ._:_:_,\_._,  .__,_:_, \___)
                         Telesto 0.16.3
Startup trace (nsec): click main(): 107216870
Startup trace (nsec): print config: 108640882
Received config (length 390):
define($MAC0 52:54:00:12:34:56);
/* End unikraft-provided MAC preamble */

from :: FromDevice(0)
 -> Print2('Received packet from device') -> EtherMirror()
-> ic0 :: AverageCounter()
-> Discard;

Script(TYPE ACTIVE,
       print "sleeping first increases startup time"
       wait 5ms,
       label start,
       print "Rx rate: $(ic0.rate)",
       wait 1s,
       goto start
       )
    
Startup trace (nsec): print config done: 126411535
Startup trace (nsec): initialize elements: 129647964
Startup trace (nsec): initialize elements done: 133216703
[router_thread:310] Starting driver...


Received packet from device: 143383358 ns:  180 | 33330000 0016767e 90d49854 86dd6000 00000074 0001fe80
qemu-system-x86_64: terminating on signal 1 from pid 169742 (/nix/store/h3b1h0p481wd0zrbkq71gw2m7gq13m83-sudo-1.9.17p2/bin/sudo)
Bench-helper startup time (nsec): 273008822
path '/home/okelmann/appclick-ubpf/benchmark' does not contain a 'flake.nix', searching up
warning: Git tree '/home/okelmann/appclick-ubpf' is dirty
Using saved setting for 'extra-substituters = https://tum-dse.cachix.org' from ~/.local/share/nix/trusted-settings.json.
Using saved setting for 'extra-trusted-public-keys = tum-dse.cachix.org-1:v67rK18oLwgO0Z4b69l30SrV1yRtqxKpiHodG4YxhNM=' from ~/.local/share/nix/trusted-settings.json.
    Finished `dev` profile [unoptimized + debuginfo] target(s) in 0.19s
     Running `target/debug/bench-helper`
c[?7l[2J[0mSeaBIOS (version rel-1.16.2-0-gea1b7a073390-prebuilt.qemu.org)


iPXE (http://ipxe.org) 00:03.0 CA00 PCI2.10 PnP PMM+BEFD0F40+BEF30F40 CA00
Press Ctrl-B to configure iPXE (PCI 00:03.0)...                                                                               


Booting from ROM..Powered by
o.   .o       _ _               __ _
Oo   Oo  ___ (_) | __ __  __ _ ' _) :_
oO   oO ' _ `| | |/ /  _)' _` | |_|  _)
oOo oOO| | | | |   (| | | (_) |  _) :_
 OoOoO ._, ._:_:_,\_._,  .__,_:_, \___)
                         Telesto 0.16.3
Startup trace (nsec): click main(): 107244461
Startup trace (nsec): print config: 108667556
Received config (length 390):
define($MAC0 52:54:00:12:34:56);
/* End unikraft-provided MAC preamble */

from :: FromDevice(0)
 -> Print2('Received packet from device') -> EtherMirror()
-> ic0 :: AverageCounter()
-> Discard;

Script(TYPE ACTIVE,
       print "sleeping first increases startup time"
       wait 5ms,
       label start,
       print "Rx rate: $(ic0.rate)",
       wait 1s,
       goto start
       )
    
Startup trace (nsec): print config done: 126460535
Startup trace (nsec): initialize elements: 129707810
Startup trace (nsec): initialize elements done: 133264898
[router_thread:310] Starting driver...


Received packet from device: 143497935 ns:   64 | 01005e00 0016767e 90d49854 080046c0 00280000 40000102
qemu-system-x86_64: terminating on signal 1 from pid 169972 (/nix/store/h3b1h0p481wd0zrbkq71gw2m7gq13m83-sudo-1.9.17p2/bin/sudo)
Bench-helper startup time (nsec): 272518332
path '/home/okelmann/appclick-ubpf/benchmark' does not contain a 'flake.nix', searching up
warning: Git tree '/home/okelmann/appclick-ubpf' is dirty
Using saved setting for 'extra-substituters = https://tum-dse.cachix.org' from ~/.local/share/nix/trusted-settings.json.
Using saved setting for 'extra-trusted-public-keys = tum-dse.cachix.org-1:v67rK18oLwgO0Z4b69l30SrV1yRtqxKpiHodG4YxhNM=' from ~/.local/share/nix/trusted-settings.json.
    Finished `dev` profile [unoptimized + debuginfo] target(s) in 0.18s
     Running `target/debug/bench-helper`
c[?7l[2J[0mSeaBIOS (version rel-1.16.2-0-gea1b7a073390-prebuilt.qemu.org)


iPXE (http://ipxe.org) 00:03.0 CA00 PCI2.10 PnP PMM+BEFD0F40+BEF30F40 CA00
Press Ctrl-B to configure iPXE (PCI 00:03.0)...                                                                               


Booting from ROM..Powered by
o.   .o       _ _               __ _
Oo   Oo  ___ (_) | __ __  __ _ ' _) :_
oO   oO ' _ `| | |/ /  _)' _` | |_|  _)
oOo oOO| | | | |   (| | | (_) |  _) :_
 OoOoO ._, ._:_:_,\_._,  .__,_:_, \___)
                         Telesto 0.16.3
Startup trace (nsec): click main(): 107235902
Startup trace (nsec): print config: 108661167
Received config (length 390):
define($MAC0 52:54:00:12:34:56);
/* End unikraft-provided MAC preamble */

from :: FromDevice(0)
 -> Print2('Received packet from device') -> EtherMirror()
-> ic0 :: AverageCounter()
-> Discard;

Script(TYPE ACTIVE,
       print "sleeping first increases startup time"
       wait 5ms,
       label start,
       print "Rx rate: $(ic0.rate)",
       wait 1s,
       goto start
       )
    
Startup trace (nsec): print config done: 126561457
Startup trace (nsec): initialize elements: 129824265
Startup trace (nsec): initialize elements done: 133414450
[router_thread:310] Starting driver...


Received packet from device: 143704269 ns:  180 | 33330000 0016767e 90d49854 86dd6000 00000074 0001fe80
qemu-system-x86_64: terminating on signal 1 from pid 170199 (/nix/store/h3b1h0p481wd0zrbkq71gw2m7gq13m83-sudo-1.9.17p2/bin/sudo)
Bench-helper startup time (nsec): 272081939
path '/home/okelmann/appclick-ubpf/benchmark' does not contain a 'flake.nix', searching up
warning: Git tree '/home/okelmann/appclick-ubpf' is dirty
Using saved setting for 'extra-substituters = https://tum-dse.cachix.org' from ~/.local/share/nix/trusted-settings.json.
Using saved setting for 'extra-trusted-public-keys = tum-dse.cachix.org-1:v67rK18oLwgO0Z4b69l30SrV1yRtqxKpiHodG4YxhNM=' from ~/.local/share/nix/trusted-settings.json.
    Finished `dev` profile [unoptimized + debuginfo] target(s) in 0.18s
     Running `target/debug/bench-helper`
c[?7l[2J[0mSeaBIOS (version rel-1.16.2-0-gea1b7a073390-prebuilt.qemu.org)


iPXE (http://ipxe.org) 00:03.0 CA00 PCI2.10 PnP PMM+BEFD0F40+BEF30F40 CA00
Press Ctrl-B to configure iPXE (PCI 00:03.0)...                                                                               


Booting from ROM..Powered by
o.   .o       _ _               __ _
Oo   Oo  ___ (_) | __ __  __ _ ' _) :_
oO   oO ' _ `| | |/ /  _)' _` | |_|  _)
oOo oOO| | | | |   (| | | (_) |  _) :_
 OoOoO ._, ._:_:_,\_._,  .__,_:_, \___)
                         Telesto 0.16.3
Startup trace (nsec): click main(): 107285383
Startup trace (nsec): print config: 108713625
Received config (length 390):
define($MAC0 52:54:00:12:34:56);
/* End unikraft-provided MAC preamble */

from :: FromDevice(0)
 -> Print2('Received packet from device') -> EtherMirror()
-> ic0 :: AverageCounter()
-> Discard;

Script(TYPE ACTIVE,
       print "sleeping first increases startup time"
       wait 5ms,
       label start,
       print "Rx rate: $(ic0.rate)",
       wait 1s,
       goto start
       )
    
Startup trace (nsec): print config done: 126584319
Startup trace (nsec): initialize elements: 129842897
Startup trace (nsec): initialize elements done: 133506961
[router_thread:310] Starting driver...


Received packet from device: 143817219 ns:   64 | 01005e00 0016767e 90d49854 080046c0 00280000 40000102
qemu-system-x86_64: terminating on signal 1 from pid 170427 (/nix/store/h3b1h0p481wd0zrbkq71gw2m7gq13m83-sudo-1.9.17p2/bin/sudo)
Bench-helper startup time (nsec): 274712699
