path '/home/okelmann/appclick-ubpf/benchmark' does not contain a 'flake.nix', searching up
warning: Git tree '/home/okelmann/appclick-ubpf' is dirty
Using saved setting for 'extra-substituters = https://tum-dse.cachix.org' from ~/.local/share/nix/trusted-settings.json.
Using saved setting for 'extra-trusted-public-keys = tum-dse.cachix.org-1:v67rK18oLwgO0Z4b69l30SrV1yRtqxKpiHodG4YxhNM=' from ~/.local/share/nix/trusted-settings.json.
    Finished `dev` profile [unoptimized + debuginfo] target(s) in 0.23s
     Running `target/debug/bench-helper`
c[?7l[2J[0mSeaBIOS (version rel-1.16.2-0-gea1b7a073390-prebuilt.qemu.org)


iPXE (http://ipxe.org) 00:03.0 CA00 PCI2.10 PnP PMM+BEFD0F40+BEF30F40 CA00
Press Ctrl-B to configure iPXE (PCI 00:03.0)...                                                                               


Booting from ROM..Powered by
o.   .o       _ _               __ _
Oo   Oo  ___ (_) | __ __  __ _ ' _) :_
oO   oO ' _ `| | |/ /  _)' _` | |_|  _)
oOo oOO| | | | |   (| | | (_) |  _) :_
 OoOoO ._, ._:_:_,\_._,  .__,_:_, \___)
                         Telesto 0.16.3
Startup trace (nsec): click main(): 107751168
Startup trace (nsec): print config: 109266933
Received config (length 467):
define($MAC0 52:54:00:12:34:56);
/* End unikraft-provided MAC preamble */

from :: FromDevice(0)
 -> Print2('Received packet from device') -> Strip(14) -> CheckIPHeader -> IPFilter(
    allow dst port 1000,
    deny dst port 1001,
)
-> ic0 :: AverageCounter()
-> Discard;

Script(TYPE ACTIVE,
       print "sleeping first increases startup time"
       wait 5ms,
       label start,
       print "Rx rate: $(ic0.rate)",
       wait 1s,
       goto start
       )
    
Startup trace (nsec): print config done: 138134546
Startup trace (nsec): initialize elements: 141538686
Startup trace (nsec): initialize elements done: 145247777
[router_thread:310] Starting driver...


Received packet from device: 155971883 ns:   64 | 01005e00 0016767e 90d49854 080046c0 00280000 40000102
qemu-system-x86_64: terminating on signal 1 from pid 215538 (/nix/store/h3b1h0p481wd0zrbkq71gw2m7gq13m83-sudo-1.9.17p2/bin/sudo)
Bench-helper startup time (nsec): 287792547
path '/home/okelmann/appclick-ubpf/benchmark' does not contain a 'flake.nix', searching up
warning: Git tree '/home/okelmann/appclick-ubpf' is dirty
Using saved setting for 'extra-substituters = https://tum-dse.cachix.org' from ~/.local/share/nix/trusted-settings.json.
Using saved setting for 'extra-trusted-public-keys = tum-dse.cachix.org-1:v67rK18oLwgO0Z4b69l30SrV1yRtqxKpiHodG4YxhNM=' from ~/.local/share/nix/trusted-settings.json.
    Finished `dev` profile [unoptimized + debuginfo] target(s) in 0.08s
     Running `target/debug/bench-helper`
c[?7l[2J[0mSeaBIOS (version rel-1.16.2-0-gea1b7a073390-prebuilt.qemu.org)


iPXE (http://ipxe.org) 00:03.0 CA00 PCI2.10 PnP PMM+BEFD0F40+BEF30F40 CA00
Press Ctrl-B to configure iPXE (PCI 00:03.0)...                                                                               


Booting from ROM..Powered by
o.   .o       _ _               __ _
Oo   Oo  ___ (_) | __ __  __ _ ' _) :_
oO   oO ' _ `| | |/ /  _)' _` | |_|  _)
oOo oOO| | | | |   (| | | (_) |  _) :_
 OoOoO ._, ._:_:_,\_._,  .__,_:_, \___)
                         Telesto 0.16.3
Startup trace (nsec): click main(): 107722327
Startup trace (nsec): print config: 109235364
Received config (length 467):
define($MAC0 52:54:00:12:34:56);
/* End unikraft-provided MAC preamble */

from :: FromDevice(0)
 -> Print2('Received packet from device') -> Strip(14) -> CheckIPHeader -> IPFilter(
    allow dst port 1000,
    deny dst port 1001,
)
-> ic0 :: AverageCounter()
-> Discard;

Script(TYPE ACTIVE,
       print "sleeping first increases startup time"
       wait 5ms,
       label start,
       print "Rx rate: $(ic0.rate)",
       wait 1s,
       goto start
       )
    
Startup trace (nsec): print config done: 137960028
Startup trace (nsec): initialize elements: 141342350
Startup trace (nsec): initialize elements done: 145084465
[router_thread:310] Starting driver...


Received packet from device: 155701544 ns:   64 | 01005e00 0016767e 90d49854 080046c0 00280000 40000102
qemu-system-x86_64: terminating on signal 1 from pid 215619 (/nix/store/h3b1h0p481wd0zrbkq71gw2m7gq13m83-sudo-1.9.17p2/bin/sudo)
Bench-helper startup time (nsec): 286815797
path '/home/okelmann/appclick-ubpf/benchmark' does not contain a 'flake.nix', searching up
warning: Git tree '/home/okelmann/appclick-ubpf' is dirty
Using saved setting for 'extra-substituters = https://tum-dse.cachix.org' from ~/.local/share/nix/trusted-settings.json.
Using saved setting for 'extra-trusted-public-keys = tum-dse.cachix.org-1:v67rK18oLwgO0Z4b69l30SrV1yRtqxKpiHodG4YxhNM=' from ~/.local/share/nix/trusted-settings.json.
    Finished `dev` profile [unoptimized + debuginfo] target(s) in 0.08s
     Running `target/debug/bench-helper`
c[?7l[2J[0mSeaBIOS (version rel-1.16.2-0-gea1b7a073390-prebuilt.qemu.org)


iPXE (http://ipxe.org) 00:03.0 CA00 PCI2.10 PnP PMM+BEFD0F40+BEF30F40 CA00
Press Ctrl-B to configure iPXE (PCI 00:03.0)...                                                                               


Booting from ROM..Powered by
o.   .o       _ _               __ _
Oo   Oo  ___ (_) | __ __  __ _ ' _) :_
oO   oO ' _ `| | |/ /  _)' _` | |_|  _)
oOo oOO| | | | |   (| | | (_) |  _) :_
 OoOoO ._, ._:_:_,\_._,  .__,_:_, \___)
                         Telesto 0.16.3
Startup trace (nsec): click main(): 107673883
Startup trace (nsec): print config: 109169029
Received config (length 467):
define($MAC0 52:54:00:12:34:56);
/* End unikraft-provided MAC preamble */

from :: FromDevice(0)
 -> Print2('Received packet from device') -> Strip(14) -> CheckIPHeader -> IPFilter(
    allow dst port 1000,
    deny dst port 1001,
)
-> ic0 :: AverageCounter()
-> Discard;

Script(TYPE ACTIVE,
       print "sleeping first increases startup time"
       wait 5ms,
       label start,
       print "Rx rate: $(ic0.rate)",
       wait 1s,
       goto start
       )
    
Startup trace (nsec): print config done: 137726043
Startup trace (nsec): initialize elements: 141090085
Startup trace (nsec): initialize elements done: 144762151
[router_thread:310] Starting driver...


Received packet from device: 155568316 ns:   64 | 01005e00 0016767e 90d49854 080046c0 00280000 40000102
qemu-system-x86_64: terminating on signal 1 from pid 215704 (/nix/store/h3b1h0p481wd0zrbkq71gw2m7gq13m83-sudo-1.9.17p2/bin/sudo)
Bench-helper startup time (nsec): 287045389
path '/home/okelmann/appclick-ubpf/benchmark' does not contain a 'flake.nix', searching up
warning: Git tree '/home/okelmann/appclick-ubpf' is dirty
Using saved setting for 'extra-substituters = https://tum-dse.cachix.org' from ~/.local/share/nix/trusted-settings.json.
Using saved setting for 'extra-trusted-public-keys = tum-dse.cachix.org-1:v67rK18oLwgO0Z4b69l30SrV1yRtqxKpiHodG4YxhNM=' from ~/.local/share/nix/trusted-settings.json.
    Finished `dev` profile [unoptimized + debuginfo] target(s) in 0.08s
     Running `target/debug/bench-helper`
c[?7l[2J[0mSeaBIOS (version rel-1.16.2-0-gea1b7a073390-prebuilt.qemu.org)


iPXE (http://ipxe.org) 00:03.0 CA00 PCI2.10 PnP PMM+BEFD0F40+BEF30F40 CA00
Press Ctrl-B to configure iPXE (PCI 00:03.0)...                                                                               


Booting from ROM..Powered by
o.   .o       _ _               __ _
Oo   Oo  ___ (_) | __ __  __ _ ' _) :_
oO   oO ' _ `| | |/ /  _)' _` | |_|  _)
oOo oOO| | | | |   (| | | (_) |  _) :_
 OoOoO ._, ._:_:_,\_._,  .__,_:_, \___)
                         Telesto 0.16.3
Startup trace (nsec): click main(): 107806366
Startup trace (nsec): print config: 109332761
Received config (length 467):
define($MAC0 52:54:00:12:34:56);
/* End unikraft-provided MAC preamble */

from :: FromDevice(0)
 -> Print2('Received packet from device') -> Strip(14) -> CheckIPHeader -> IPFilter(
    allow dst port 1000,
    deny dst port 1001,
)
-> ic0 :: AverageCounter()
-> Discard;

Script(TYPE ACTIVE,
       print "sleeping first increases startup time"
       wait 5ms,
       label start,
       print "Rx rate: $(ic0.rate)",
       wait 1s,
       goto start
       )
    
Startup trace (nsec): print config done: 138371075
Startup trace (nsec): initialize elements: 141784766
Startup trace (nsec): initialize elements done: 145688970
[router_thread:310] Starting driver...


Received packet from device: 156510628 ns:  120 | 33330000 0016fe2a c5a4e456 86dd6000 00000038 00010000
qemu-system-x86_64: terminating on signal 1 from pid 215789 (/nix/store/h3b1h0p481wd0zrbkq71gw2m7gq13m83-sudo-1.9.17p2/bin/sudo)
Bench-helper startup time (nsec): 287855833
path '/home/okelmann/appclick-ubpf/benchmark' does not contain a 'flake.nix', searching up
warning: Git tree '/home/okelmann/appclick-ubpf' is dirty
Using saved setting for 'extra-substituters = https://tum-dse.cachix.org' from ~/.local/share/nix/trusted-settings.json.
Using saved setting for 'extra-trusted-public-keys = tum-dse.cachix.org-1:v67rK18oLwgO0Z4b69l30SrV1yRtqxKpiHodG4YxhNM=' from ~/.local/share/nix/trusted-settings.json.
    Finished `dev` profile [unoptimized + debuginfo] target(s) in 0.08s
     Running `target/debug/bench-helper`
c[?7l[2J[0mSeaBIOS (version rel-1.16.2-0-gea1b7a073390-prebuilt.qemu.org)


iPXE (http://ipxe.org) 00:03.0 CA00 PCI2.10 PnP PMM+BEFD0F40+BEF30F40 CA00
Press Ctrl-B to configure iPXE (PCI 00:03.0)...                                                                               


Booting from ROM..Powered by
o.   .o       _ _               __ _
Oo   Oo  ___ (_) | __ __  __ _ ' _) :_
oO   oO ' _ `| | |/ /  _)' _` | |_|  _)
oOo oOO| | | | |   (| | | (_) |  _) :_
 OoOoO ._, ._:_:_,\_._,  .__,_:_, \___)
                         Telesto 0.16.3
Startup trace (nsec): click main(): 107713150
Startup trace (nsec): print config: 109217680
Received config (length 467):
define($MAC0 52:54:00:12:34:56);
/* End unikraft-provided MAC preamble */

from :: FromDevice(0)
 -> Print2('Received packet from device') -> Strip(14) -> CheckIPHeader -> IPFilter(
    allow dst port 1000,
    deny dst port 1001,
)
-> ic0 :: AverageCounter()
-> Discard;

Script(TYPE ACTIVE,
       print "sleeping first increases startup time"
       wait 5ms,
       label start,
       print "Rx rate: $(ic0.rate)",
       wait 1s,
       goto start
       )
    
Startup trace (nsec): print config done: 137898495
Startup trace (nsec): initialize elements: 141283929
Startup trace (nsec): initialize elements done: 145034452
[router_thread:310] Starting driver...


Received packet from device: 155638596 ns:   64 | 01005e00 0016767e 90d49854 080046c0 00280000 40000102
qemu-system-x86_64: terminating on signal 1 from pid 215874 (/nix/store/h3b1h0p481wd0zrbkq71gw2m7gq13m83-sudo-1.9.17p2/bin/sudo)
Bench-helper startup time (nsec): 287396941
path '/home/okelmann/appclick-ubpf/benchmark' does not contain a 'flake.nix', searching up
warning: Git tree '/home/okelmann/appclick-ubpf' is dirty
Using saved setting for 'extra-substituters = https://tum-dse.cachix.org' from ~/.local/share/nix/trusted-settings.json.
Using saved setting for 'extra-trusted-public-keys = tum-dse.cachix.org-1:v67rK18oLwgO0Z4b69l30SrV1yRtqxKpiHodG4YxhNM=' from ~/.local/share/nix/trusted-settings.json.
    Finished `dev` profile [unoptimized + debuginfo] target(s) in 0.08s
     Running `target/debug/bench-helper`
c[?7l[2J[0mSeaBIOS (version rel-1.16.2-0-gea1b7a073390-prebuilt.qemu.org)


iPXE (http://ipxe.org) 00:03.0 CA00 PCI2.10 PnP PMM+BEFD0F40+BEF30F40 CA00
Press Ctrl-B to configure iPXE (PCI 00:03.0)...                                                                               


Booting from ROM..Powered by
o.   .o       _ _               __ _
Oo   Oo  ___ (_) | __ __  __ _ ' _) :_
oO   oO ' _ `| | |/ /  _)' _` | |_|  _)
oOo oOO| | | | |   (| | | (_) |  _) :_
 OoOoO ._, ._:_:_,\_._,  .__,_:_, \___)
                         Telesto 0.16.3
Startup trace (nsec): click main(): 107681958
Startup trace (nsec): print config: 109187651
Received config (length 467):
define($MAC0 52:54:00:12:34:56);
/* End unikraft-provided MAC preamble */

from :: FromDevice(0)
 -> Print2('Received packet from device') -> Strip(14) -> CheckIPHeader -> IPFilter(
    allow dst port 1000,
    deny dst port 1001,
)
-> ic0 :: AverageCounter()
-> Discard;

Script(TYPE ACTIVE,
       print "sleeping first increases startup time"
       wait 5ms,
       label start,
       print "Rx rate: $(ic0.rate)",
       wait 1s,
       goto start
       )
    
Startup trace (nsec): print config done: 137859606
Startup trace (nsec): initialize elements: 141237798
Startup trace (nsec): initialize elements done: 144977407
[router_thread:310] Starting driver...


Received packet from device: 155583591 ns:   64 | 01005e00 0016767e 90d49854 080046c0 00280000 40000102
qemu-system-x86_64: terminating on signal 1 from pid 215970 (/nix/store/h3b1h0p481wd0zrbkq71gw2m7gq13m83-sudo-1.9.17p2/bin/sudo)
Bench-helper startup time (nsec): 286693439
path '/home/okelmann/appclick-ubpf/benchmark' does not contain a 'flake.nix', searching up
warning: Git tree '/home/okelmann/appclick-ubpf' is dirty
Using saved setting for 'extra-substituters = https://tum-dse.cachix.org' from ~/.local/share/nix/trusted-settings.json.
Using saved setting for 'extra-trusted-public-keys = tum-dse.cachix.org-1:v67rK18oLwgO0Z4b69l30SrV1yRtqxKpiHodG4YxhNM=' from ~/.local/share/nix/trusted-settings.json.
    Finished `dev` profile [unoptimized + debuginfo] target(s) in 0.08s
     Running `target/debug/bench-helper`
c[?7l[2J[0mSeaBIOS (version rel-1.16.2-0-gea1b7a073390-prebuilt.qemu.org)


iPXE (http://ipxe.org) 00:03.0 CA00 PCI2.10 PnP PMM+BEFD0F40+BEF30F40 CA00
Press Ctrl-B to configure iPXE (PCI 00:03.0)...                                                                               


Booting from ROM..Powered by
o.   .o       _ _               __ _
Oo   Oo  ___ (_) | __ __  __ _ ' _) :_
oO   oO ' _ `| | |/ /  _)' _` | |_|  _)
oOo oOO| | | | |   (| | | (_) |  _) :_
 OoOoO ._, ._:_:_,\_._,  .__,_:_, \___)
                         Telesto 0.16.3
Startup trace (nsec): click main(): 107691034
Startup trace (nsec): print config: 109192052
Received config (length 467):
define($MAC0 52:54:00:12:34:56);
/* End unikraft-provided MAC preamble */

from :: FromDevice(0)
 -> Print2('Received packet from device') -> Strip(14) -> CheckIPHeader -> IPFilter(
    allow dst port 1000,
    deny dst port 1001,
)
-> ic0 :: AverageCounter()
-> Discard;

Script(TYPE ACTIVE,
       print "sleeping first increases startup time"
       wait 5ms,
       label start,
       print "Rx rate: $(ic0.rate)",
       wait 1s,
       goto start
       )
    
Startup trace (nsec): print config done: 137859081
Startup trace (nsec): initialize elements: 141235689
Startup trace (nsec): initialize elements done: 144981856
[router_thread:310] Starting driver...


Received packet from device: 155585244 ns:   64 | 01005e00 0016767e 90d49854 080046c0 00280000 40000102
qemu-system-x86_64: terminating on signal 1 from pid 216056 (/nix/store/h3b1h0p481wd0zrbkq71gw2m7gq13m83-sudo-1.9.17p2/bin/sudo)
Bench-helper startup time (nsec): 311248683
path '/home/okelmann/appclick-ubpf/benchmark' does not contain a 'flake.nix', searching up
warning: Git tree '/home/okelmann/appclick-ubpf' is dirty
Using saved setting for 'extra-substituters = https://tum-dse.cachix.org' from ~/.local/share/nix/trusted-settings.json.
Using saved setting for 'extra-trusted-public-keys = tum-dse.cachix.org-1:v67rK18oLwgO0Z4b69l30SrV1yRtqxKpiHodG4YxhNM=' from ~/.local/share/nix/trusted-settings.json.
    Finished `dev` profile [unoptimized + debuginfo] target(s) in 0.08s
     Running `target/debug/bench-helper`
c[?7l[2J[0mSeaBIOS (version rel-1.16.2-0-gea1b7a073390-prebuilt.qemu.org)


iPXE (http://ipxe.org) 00:03.0 CA00 PCI2.10 PnP PMM+BEFD0F40+BEF30F40 CA00
Press Ctrl-B to configure iPXE (PCI 00:03.0)...                                                                               


Booting from ROM..Powered by
o.   .o       _ _               __ _
Oo   Oo  ___ (_) | __ __  __ _ ' _) :_
oO   oO ' _ `| | |/ /  _)' _` | |_|  _)
oOo oOO| | | | |   (| | | (_) |  _) :_
 OoOoO ._, ._:_:_,\_._,  .__,_:_, \___)
                         Telesto 0.16.3
Startup trace (nsec): click main(): 107669407
Startup trace (nsec): print config: 109165962
Received config (length 467):
define($MAC0 52:54:00:12:34:56);
/* End unikraft-provided MAC preamble */

from :: FromDevice(0)
 -> Print2('Received packet from device') -> Strip(14) -> CheckIPHeader -> IPFilter(
    allow dst port 1000,
    deny dst port 1001,
)
-> ic0 :: AverageCounter()
-> Discard;

Script(TYPE ACTIVE,
       print "sleeping first increases startup time"
       wait 5ms,
       label start,
       print "Rx rate: $(ic0.rate)",
       wait 1s,
       goto start
       )
    
Startup trace (nsec): print config done: 137760668
Startup trace (nsec): initialize elements: 141128291
Startup trace (nsec): initialize elements done: 144965870
[router_thread:310] Starting driver...


Received packet from device: 155624390 ns:  180 | 33330000 0016767e 90d49854 86dd6000 00000074 0001fe80
qemu-system-x86_64: terminating on signal 1 from pid 216138 (/nix/store/h3b1h0p481wd0zrbkq71gw2m7gq13m83-sudo-1.9.17p2/bin/sudo)
Bench-helper startup time (nsec): 287895674
path '/home/okelmann/appclick-ubpf/benchmark' does not contain a 'flake.nix', searching up
warning: Git tree '/home/okelmann/appclick-ubpf' is dirty
Using saved setting for 'extra-substituters = https://tum-dse.cachix.org' from ~/.local/share/nix/trusted-settings.json.
Using saved setting for 'extra-trusted-public-keys = tum-dse.cachix.org-1:v67rK18oLwgO0Z4b69l30SrV1yRtqxKpiHodG4YxhNM=' from ~/.local/share/nix/trusted-settings.json.
    Finished `dev` profile [unoptimized + debuginfo] target(s) in 0.08s
     Running `target/debug/bench-helper`
c[?7l[2J[0mSeaBIOS (version rel-1.16.2-0-gea1b7a073390-prebuilt.qemu.org)


iPXE (http://ipxe.org) 00:03.0 CA00 PCI2.10 PnP PMM+BEFD0F40+BEF30F40 CA00
Press Ctrl-B to configure iPXE (PCI 00:03.0)...                                                                               


Booting from ROM..Powered by
o.   .o       _ _               __ _
Oo   Oo  ___ (_) | __ __  __ _ ' _) :_
oO   oO ' _ `| | |/ /  _)' _` | |_|  _)
oOo oOO| | | | |   (| | | (_) |  _) :_
 OoOoO ._, ._:_:_,\_._,  .__,_:_, \___)
                         Telesto 0.16.3
Startup trace (nsec): click main(): 107688289
Startup trace (nsec): print config: 109191776
Received config (length 467):
define($MAC0 52:54:00:12:34:56);
/* End unikraft-provided MAC preamble */

from :: FromDevice(0)
 -> Print2('Received packet from device') -> Strip(14) -> CheckIPHeader -> IPFilter(
    allow dst port 1000,
    deny dst port 1001,
)
-> ic0 :: AverageCounter()
-> Discard;

Script(TYPE ACTIVE,
       print "sleeping first increases startup time"
       wait 5ms,
       label start,
       print "Rx rate: $(ic0.rate)",
       wait 1s,
       goto start
       )
    
Startup trace (nsec): print config done: 137852409
Startup trace (nsec): initialize elements: 141227747
Startup trace (nsec): initialize elements done: 144970858
[router_thread:310] Starting driver...


Received packet from device: 155577092 ns:  120 | 33330000 0016fe53 438692fa 86dd6000 00000038 00010000
qemu-system-x86_64: terminating on signal 1 from pid 216225 (/nix/store/h3b1h0p481wd0zrbkq71gw2m7gq13m83-sudo-1.9.17p2/bin/sudo)
Bench-helper startup time (nsec): 289290274
path '/home/okelmann/appclick-ubpf/benchmark' does not contain a 'flake.nix', searching up
warning: Git tree '/home/okelmann/appclick-ubpf' is dirty
Using saved setting for 'extra-substituters = https://tum-dse.cachix.org' from ~/.local/share/nix/trusted-settings.json.
Using saved setting for 'extra-trusted-public-keys = tum-dse.cachix.org-1:v67rK18oLwgO0Z4b69l30SrV1yRtqxKpiHodG4YxhNM=' from ~/.local/share/nix/trusted-settings.json.
    Finished `dev` profile [unoptimized + debuginfo] target(s) in 0.08s
     Running `target/debug/bench-helper`
c[?7l[2J[0mSeaBIOS (version rel-1.16.2-0-gea1b7a073390-prebuilt.qemu.org)


iPXE (http://ipxe.org) 00:03.0 CA00 PCI2.10 PnP PMM+BEFD0F40+BEF30F40 CA00
Press Ctrl-B to configure iPXE (PCI 00:03.0)...                                                                               


Booting from ROM..Powered by
o.   .o       _ _               __ _
Oo   Oo  ___ (_) | __ __  __ _ ' _) :_
oO   oO ' _ `| | |/ /  _)' _` | |_|  _)
oOo oOO| | | | |   (| | | (_) |  _) :_
 OoOoO ._, ._:_:_,\_._,  .__,_:_, \___)
                         Telesto 0.16.3
Startup trace (nsec): click main(): 107806207
Startup trace (nsec): print config: 109324514
Received config (length 467):
define($MAC0 52:54:00:12:34:56);
/* End unikraft-provided MAC preamble */

from :: FromDevice(0)
 -> Print2('Received packet from device') -> Strip(14) -> CheckIPHeader -> IPFilter(
    allow dst port 1000,
    deny dst port 1001,
)
-> ic0 :: AverageCounter()
-> Discard;

Script(TYPE ACTIVE,
       print "sleeping first increases startup time"
       wait 5ms,
       label start,
       print "Rx rate: $(ic0.rate)",
       wait 1s,
       goto start
       )
    
Startup trace (nsec): print config done: 138421616
Startup trace (nsec): initialize elements: 141842773
Startup trace (nsec): initialize elements done: 145623750
[router_thread:310] Starting driver...


Received packet from device: 156371202 ns:  180 | 33330000 0016767e 90d49854 86dd6000 00000074 0001fe80
qemu-system-x86_64: terminating on signal 1 from pid 216312 (/nix/store/h3b1h0p481wd0zrbkq71gw2m7gq13m83-sudo-1.9.17p2/bin/sudo)
Bench-helper startup time (nsec): 290088830
