path '/home/okelmann/appclick-ubpf/benchmark' does not contain a 'flake.nix', searching up
warning: Git tree '/home/okelmann/appclick-ubpf' is dirty
Using saved setting for 'extra-substituters = https://tum-dse.cachix.org' from ~/.local/share/nix/trusted-settings.json.
Using saved setting for 'extra-trusted-public-keys = tum-dse.cachix.org-1:v67rK18oLwgO0Z4b69l30SrV1yRtqxKpiHodG4YxhNM=' from ~/.local/share/nix/trusted-settings.json.
    Finished `dev` profile [unoptimized + debuginfo] target(s) in 0.20s
     Running `target/debug/bench-helper`
c[?7l[2J[0mSeaBIOS (version rel-1.16.2-0-gea1b7a073390-prebuilt.qemu.org)


iPXE (http://ipxe.org) 00:03.0 CA00 PCI2.10 PnP PMM+BEFD0F40+BEF30F40 CA00
Press Ctrl-B to configure iPXE (PCI 00:03.0)...                                                                               


Booting from ROM..Powered by
o.   .o       _ _               __ _
Oo   Oo  ___ (_) | __ __  __ _ ' _) :_
oO   oO ' _ `| | |/ /  _)' _` | |_|  _)
oOo oOO| | | | |   (| | | (_) |  _) :_
 OoOoO ._, ._:_:_,\_._,  .__,_:_, \___)
                         Telesto 0.16.3
Startup trace (nsec): click main(): 107674641
Startup trace (nsec): print config: 109176454
Received config (length 374):
define($MAC0 52:54:00:12:34:56);
/* End unikraft-provided MAC preamble */

from :: FromDevice(0)
 -> Print2('Received packet from device') 
-> ic0 :: AverageCounter()
-> Discard;

Script(TYPE ACTIVE,
       print "sleeping first increases startup time"
       wait 5ms,
       label start,
       print "Rx rate: $(ic0.rate)",
       wait 1s,
       goto start
       )
    
Startup trace (nsec): print config done: 127499205
Startup trace (nsec): initialize elements: 130873996
Startup trace (nsec): initialize elements done: 134687921
[router_thread:310] Starting driver...


Received packet from device: 145366429 ns:  120 | 33330000 0016fe72 567b974f 86dd6000 00000038 00010000
qemu-system-x86_64: terminating on signal 1 from pid 117999 (/nix/store/h3b1h0p481wd0zrbkq71gw2m7gq13m83-sudo-1.9.17p2/bin/sudo)
Bench-helper startup time (nsec): 275967408
path '/home/okelmann/appclick-ubpf/benchmark' does not contain a 'flake.nix', searching up
warning: Git tree '/home/okelmann/appclick-ubpf' is dirty
Using saved setting for 'extra-substituters = https://tum-dse.cachix.org' from ~/.local/share/nix/trusted-settings.json.
Using saved setting for 'extra-trusted-public-keys = tum-dse.cachix.org-1:v67rK18oLwgO0Z4b69l30SrV1yRtqxKpiHodG4YxhNM=' from ~/.local/share/nix/trusted-settings.json.
    Finished `dev` profile [unoptimized + debuginfo] target(s) in 0.08s
     Running `target/debug/bench-helper`
c[?7l[2J[0mSeaBIOS (version rel-1.16.2-0-gea1b7a073390-prebuilt.qemu.org)


iPXE (http://ipxe.org) 00:03.0 CA00 PCI2.10 PnP PMM+BEFD0F40+BEF30F40 CA00
Press Ctrl-B to configure iPXE (PCI 00:03.0)...                                                                               


Booting from ROM..Powered by
o.   .o       _ _               __ _
Oo   Oo  ___ (_) | __ __  __ _ ' _) :_
oO   oO ' _ `| | |/ /  _)' _` | |_|  _)
oOo oOO| | | | |   (| | | (_) |  _) :_
 OoOoO ._, ._:_:_,\_._,  .__,_:_, \___)
                         Telesto 0.16.3
Startup trace (nsec): click main(): 107684656
Startup trace (nsec): print config: 109182996
Received config (length 374):
define($MAC0 52:54:00:12:34:56);
/* End unikraft-provided MAC preamble */

from :: FromDevice(0)
 -> Print2('Received packet from device') 
-> ic0 :: AverageCounter()
-> Discard;

Script(TYPE ACTIVE,
       print "sleeping first increases startup time"
       wait 5ms,
       label start,
       print "Rx rate: $(ic0.rate)",
       wait 1s,
       goto start
       )
    
Startup trace (nsec): print config done: 127403862
Startup trace (nsec): initialize elements: 130766714
Startup trace (nsec): initialize elements done: 134396000
[router_thread:310] Starting driver...


Received packet from device: 145005948 ns:  180 | 33330000 0016767e 90d49854 86dd6000 00000074 0001fe80
qemu-system-x86_64: terminating on signal 1 from pid 118081 (/nix/store/h3b1h0p481wd0zrbkq71gw2m7gq13m83-sudo-1.9.17p2/bin/sudo)
Bench-helper startup time (nsec): 276937161
path '/home/okelmann/appclick-ubpf/benchmark' does not contain a 'flake.nix', searching up
warning: Git tree '/home/okelmann/appclick-ubpf' is dirty
Using saved setting for 'extra-substituters = https://tum-dse.cachix.org' from ~/.local/share/nix/trusted-settings.json.
Using saved setting for 'extra-trusted-public-keys = tum-dse.cachix.org-1:v67rK18oLwgO0Z4b69l30SrV1yRtqxKpiHodG4YxhNM=' from ~/.local/share/nix/trusted-settings.json.
    Finished `dev` profile [unoptimized + debuginfo] target(s) in 0.08s
     Running `target/debug/bench-helper`
c[?7l[2J[0mSeaBIOS (version rel-1.16.2-0-gea1b7a073390-prebuilt.qemu.org)


iPXE (http://ipxe.org) 00:03.0 CA00 PCI2.10 PnP PMM+BEFD0F40+BEF30F40 CA00
Press Ctrl-B to configure iPXE (PCI 00:03.0)...                                                                               


Booting from ROM..Powered by
o.   .o       _ _               __ _
Oo   Oo  ___ (_) | __ __  __ _ ' _) :_
oO   oO ' _ `| | |/ /  _)' _` | |_|  _)
oOo oOO| | | | |   (| | | (_) |  _) :_
 OoOoO ._, ._:_:_,\_._,  .__,_:_, \___)
                         Telesto 0.16.3
Startup trace (nsec): click main(): 107796905
Startup trace (nsec): print config: 109324606
Received config (length 374):
define($MAC0 52:54:00:12:34:56);
/* End unikraft-provided MAC preamble */

from :: FromDevice(0)
 -> Print2('Received packet from device') 
-> ic0 :: AverageCounter()
-> Discard;

Script(TYPE ACTIVE,
       print "sleeping first increases startup time"
       wait 5ms,
       label start,
       print "Rx rate: $(ic0.rate)",
       wait 1s,
       goto start
       )
    
Startup trace (nsec): print config done: 127831336
Startup trace (nsec): initialize elements: 131241783
Startup trace (nsec): initialize elements done: 134997820
[router_thread:310] Starting driver...


Received packet from device: 145664659 ns:   64 | 01005e00 0016767e 90d49854 080046c0 00280000 40000102
qemu-system-x86_64: terminating on signal 1 from pid 118165 (/nix/store/h3b1h0p481wd0zrbkq71gw2m7gq13m83-sudo-1.9.17p2/bin/sudo)
Bench-helper startup time (nsec): 276293607
path '/home/okelmann/appclick-ubpf/benchmark' does not contain a 'flake.nix', searching up
warning: Git tree '/home/okelmann/appclick-ubpf' is dirty
Using saved setting for 'extra-substituters = https://tum-dse.cachix.org' from ~/.local/share/nix/trusted-settings.json.
Using saved setting for 'extra-trusted-public-keys = tum-dse.cachix.org-1:v67rK18oLwgO0Z4b69l30SrV1yRtqxKpiHodG4YxhNM=' from ~/.local/share/nix/trusted-settings.json.
    Finished `dev` profile [unoptimized + debuginfo] target(s) in 0.08s
     Running `target/debug/bench-helper`
c[?7l[2J[0mSeaBIOS (version rel-1.16.2-0-gea1b7a073390-prebuilt.qemu.org)


iPXE (http://ipxe.org) 00:03.0 CA00 PCI2.10 PnP PMM+BEFD0F40+BEF30F40 CA00
Press Ctrl-B to configure iPXE (PCI 00:03.0)...                                                                               


Booting from ROM..Powered by
o.   .o       _ _               __ _
Oo   Oo  ___ (_) | __ __  __ _ ' _) :_
oO   oO ' _ `| | |/ /  _)' _` | |_|  _)
oOo oOO| | | | |   (| | | (_) |  _) :_
 OoOoO ._, ._:_:_,\_._,  .__,_:_, \___)
                         Telesto 0.16.3
Startup trace (nsec): click main(): 107779365
Startup trace (nsec): print config: 109306133
Received config (length 374):
define($MAC0 52:54:00:12:34:56);
/* End unikraft-provided MAC preamble */

from :: FromDevice(0)
 -> Print2('Received packet from device') 
-> ic0 :: AverageCounter()
-> Discard;

Script(TYPE ACTIVE,
       print "sleeping first increases startup time"
       wait 5ms,
       label start,
       print "Rx rate: $(ic0.rate)",
       wait 1s,
       goto start
       )
    
Startup trace (nsec): print config done: 127807403
Startup trace (nsec): initialize elements: 131220355
Startup trace (nsec): initialize elements done: 134948044
[router_thread:310] Starting driver...


Received packet from device: 145605172 ns:   64 | 01005e00 0016767e 90d49854 080046c0 00280000 40000102
qemu-system-x86_64: terminating on signal 1 from pid 118256 (/nix/store/h3b1h0p481wd0zrbkq71gw2m7gq13m83-sudo-1.9.17p2/bin/sudo)
Bench-helper startup time (nsec): 276656237
path '/home/okelmann/appclick-ubpf/benchmark' does not contain a 'flake.nix', searching up
warning: Git tree '/home/okelmann/appclick-ubpf' is dirty
Using saved setting for 'extra-substituters = https://tum-dse.cachix.org' from ~/.local/share/nix/trusted-settings.json.
Using saved setting for 'extra-trusted-public-keys = tum-dse.cachix.org-1:v67rK18oLwgO0Z4b69l30SrV1yRtqxKpiHodG4YxhNM=' from ~/.local/share/nix/trusted-settings.json.
    Finished `dev` profile [unoptimized + debuginfo] target(s) in 0.08s
     Running `target/debug/bench-helper`
c[?7l[2J[0mSeaBIOS (version rel-1.16.2-0-gea1b7a073390-prebuilt.qemu.org)


iPXE (http://ipxe.org) 00:03.0 CA00 PCI2.10 PnP PMM+BEFD0F40+BEF30F40 CA00
Press Ctrl-B to configure iPXE (PCI 00:03.0)...                                                                               


Booting from ROM..Powered by
o.   .o       _ _               __ _
Oo   Oo  ___ (_) | __ __  __ _ ' _) :_
oO   oO ' _ `| | |/ /  _)' _` | |_|  _)
oOo oOO| | | | |   (| | | (_) |  _) :_
 OoOoO ._, ._:_:_,\_._,  .__,_:_, \___)
                         Telesto 0.16.3
Startup trace (nsec): click main(): 107774886
Startup trace (nsec): print config: 109293984
Received config (length 374):
define($MAC0 52:54:00:12:34:56);
/* End unikraft-provided MAC preamble */

from :: FromDevice(0)
 -> Print2('Received packet from device') 
-> ic0 :: AverageCounter()
-> Discard;

Script(TYPE ACTIVE,
       print "sleeping first increases startup time"
       wait 5ms,
       label start,
       print "Rx rate: $(ic0.rate)",
       wait 1s,
       goto start
       )
    
Startup trace (nsec): print config done: 127794202
Startup trace (nsec): initialize elements: 131206178
Startup trace (nsec): initialize elements done: 134972540
[router_thread:310] Starting driver...


Received packet from device: 145646143 ns:   64 | 01005e00 0016767e 90d49854 080046c0 00280000 40000102
qemu-system-x86_64: terminating on signal 1 from pid 118340 (/nix/store/h3b1h0p481wd0zrbkq71gw2m7gq13m83-sudo-1.9.17p2/bin/sudo)
Bench-helper startup time (nsec): 279718877
path '/home/okelmann/appclick-ubpf/benchmark' does not contain a 'flake.nix', searching up
warning: Git tree '/home/okelmann/appclick-ubpf' is dirty
Using saved setting for 'extra-substituters = https://tum-dse.cachix.org' from ~/.local/share/nix/trusted-settings.json.
Using saved setting for 'extra-trusted-public-keys = tum-dse.cachix.org-1:v67rK18oLwgO0Z4b69l30SrV1yRtqxKpiHodG4YxhNM=' from ~/.local/share/nix/trusted-settings.json.
    Finished `dev` profile [unoptimized + debuginfo] target(s) in 0.08s
     Running `target/debug/bench-helper`
c[?7l[2J[0mSeaBIOS (version rel-1.16.2-0-gea1b7a073390-prebuilt.qemu.org)


iPXE (http://ipxe.org) 00:03.0 CA00 PCI2.10 PnP PMM+BEFD0F40+BEF30F40 CA00
Press Ctrl-B to configure iPXE (PCI 00:03.0)...                                                                               


Booting from ROM..Powered by
o.   .o       _ _               __ _
Oo   Oo  ___ (_) | __ __  __ _ ' _) :_
oO   oO ' _ `| | |/ /  _)' _` | |_|  _)
oOo oOO| | | | |   (| | | (_) |  _) :_
 OoOoO ._, ._:_:_,\_._,  .__,_:_, \___)
                         Telesto 0.16.3
Startup trace (nsec): click main(): 107697306
Startup trace (nsec): print config: 109197099
Received config (length 374):
define($MAC0 52:54:00:12:34:56);
/* End unikraft-provided MAC preamble */

from :: FromDevice(0)
 -> Print2('Received packet from device') 
-> ic0 :: AverageCounter()
-> Discard;

Script(TYPE ACTIVE,
       print "sleeping first increases startup time"
       wait 5ms,
       label start,
       print "Rx rate: $(ic0.rate)",
       wait 1s,
       goto start
       )
    
Startup trace (nsec): print config done: 127442701
Startup trace (nsec): initialize elements: 130814981
Startup trace (nsec): initialize elements done: 134518147
[router_thread:310] Starting driver...


Received packet from device: 145067393 ns:  180 | 33330000 0016767e 90d49854 86dd6000 00000074 0001fe80
qemu-system-x86_64: terminating on signal 1 from pid 118425 (/nix/store/h3b1h0p481wd0zrbkq71gw2m7gq13m83-sudo-1.9.17p2/bin/sudo)
Bench-helper startup time (nsec): 277958414
path '/home/okelmann/appclick-ubpf/benchmark' does not contain a 'flake.nix', searching up
warning: Git tree '/home/okelmann/appclick-ubpf' is dirty
Using saved setting for 'extra-substituters = https://tum-dse.cachix.org' from ~/.local/share/nix/trusted-settings.json.
Using saved setting for 'extra-trusted-public-keys = tum-dse.cachix.org-1:v67rK18oLwgO0Z4b69l30SrV1yRtqxKpiHodG4YxhNM=' from ~/.local/share/nix/trusted-settings.json.
    Finished `dev` profile [unoptimized + debuginfo] target(s) in 0.08s
     Running `target/debug/bench-helper`
c[?7l[2J[0mSeaBIOS (version rel-1.16.2-0-gea1b7a073390-prebuilt.qemu.org)


iPXE (http://ipxe.org) 00:03.0 CA00 PCI2.10 PnP PMM+BEFD0F40+BEF30F40 CA00
Press Ctrl-B to configure iPXE (PCI 00:03.0)...                                                                               


Booting from ROM..Powered by
o.   .o       _ _               __ _
Oo   Oo  ___ (_) | __ __  __ _ ' _) :_
oO   oO ' _ `| | |/ /  _)' _` | |_|  _)
oOo oOO| | | | |   (| | | (_) |  _) :_
 OoOoO ._, ._:_:_,\_._,  .__,_:_, \___)
                         Telesto 0.16.3
Startup trace (nsec): click main(): 107793116
Startup trace (nsec): print config: 109309600
Received config (length 374):
define($MAC0 52:54:00:12:34:56);
/* End unikraft-provided MAC preamble */

from :: FromDevice(0)
 -> Print2('Received packet from device') 
-> ic0 :: AverageCounter()
-> Discard;

Script(TYPE ACTIVE,
       print "sleeping first increases startup time"
       wait 5ms,
       label start,
       print "Rx rate: $(ic0.rate)",
       wait 1s,
       goto start
       )
    
Startup trace (nsec): print config done: 127794184
Startup trace (nsec): initialize elements: 131195861
Startup trace (nsec): initialize elements done: 134930062
[router_thread:310] Starting driver...


Received packet from device: 145579366 ns:   64 | 01005e00 0016767e 90d49854 080046c0 00280000 40000102
qemu-system-x86_64: terminating on signal 1 from pid 118509 (/nix/store/h3b1h0p481wd0zrbkq71gw2m7gq13m83-sudo-1.9.17p2/bin/sudo)
Bench-helper startup time (nsec): 279313329
path '/home/okelmann/appclick-ubpf/benchmark' does not contain a 'flake.nix', searching up
warning: Git tree '/home/okelmann/appclick-ubpf' is dirty
Using saved setting for 'extra-substituters = https://tum-dse.cachix.org' from ~/.local/share/nix/trusted-settings.json.
Using saved setting for 'extra-trusted-public-keys = tum-dse.cachix.org-1:v67rK18oLwgO0Z4b69l30SrV1yRtqxKpiHodG4YxhNM=' from ~/.local/share/nix/trusted-settings.json.
    Finished `dev` profile [unoptimized + debuginfo] target(s) in 0.08s
     Running `target/debug/bench-helper`
c[?7l[2J[0mSeaBIOS (version rel-1.16.2-0-gea1b7a073390-prebuilt.qemu.org)


iPXE (http://ipxe.org) 00:03.0 CA00 PCI2.10 PnP PMM+BEFD0F40+BEF30F40 CA00
Press Ctrl-B to configure iPXE (PCI 00:03.0)...                                                                               


Booting from ROM..Powered by
o.   .o       _ _               __ _
Oo   Oo  ___ (_) | __ __  __ _ ' _) :_
oO   oO ' _ `| | |/ /  _)' _` | |_|  _)
oOo oOO| | | | |   (| | | (_) |  _) :_
 OoOoO ._, ._:_:_,\_._,  .__,_:_, \___)
                         Telesto 0.16.3
Startup trace (nsec): click main(): 107692994
Startup trace (nsec): print config: 109192008
Received config (length 374):
define($MAC0 52:54:00:12:34:56);
/* End unikraft-provided MAC preamble */

from :: FromDevice(0)
 -> Print2('Received packet from device') 
-> ic0 :: AverageCounter()
-> Discard;

Script(TYPE ACTIVE,
       print "sleeping first increases startup time"
       wait 5ms,
       label start,
       print "Rx rate: $(ic0.rate)",
       wait 1s,
       goto start
       )
    
Startup trace (nsec): print config done: 127453087
Startup trace (nsec): initialize elements: 130819521
Startup trace (nsec): initialize elements done: 134523931
[router_thread:310] Starting driver...


Received packet from device: 145122672 ns:   64 | 01005e00 0016767e 90d49854 080046c0 00280000 40000102
qemu-system-x86_64: terminating on signal 1 from pid 118596 (/nix/store/h3b1h0p481wd0zrbkq71gw2m7gq13m83-sudo-1.9.17p2/bin/sudo)
Bench-helper startup time (nsec): 277398305
path '/home/okelmann/appclick-ubpf/benchmark' does not contain a 'flake.nix', searching up
warning: Git tree '/home/okelmann/appclick-ubpf' is dirty
Using saved setting for 'extra-substituters = https://tum-dse.cachix.org' from ~/.local/share/nix/trusted-settings.json.
Using saved setting for 'extra-trusted-public-keys = tum-dse.cachix.org-1:v67rK18oLwgO0Z4b69l30SrV1yRtqxKpiHodG4YxhNM=' from ~/.local/share/nix/trusted-settings.json.
    Finished `dev` profile [unoptimized + debuginfo] target(s) in 0.08s
     Running `target/debug/bench-helper`
c[?7l[2J[0mSeaBIOS (version rel-1.16.2-0-gea1b7a073390-prebuilt.qemu.org)


iPXE (http://ipxe.org) 00:03.0 CA00 PCI2.10 PnP PMM+BEFD0F40+BEF30F40 CA00
Press Ctrl-B to configure iPXE (PCI 00:03.0)...                                                                               


Booting from ROM..Powered by
o.   .o       _ _               __ _
Oo   Oo  ___ (_) | __ __  __ _ ' _) :_
oO   oO ' _ `| | |/ /  _)' _` | |_|  _)
oOo oOO| | | | |   (| | | (_) |  _) :_
 OoOoO ._, ._:_:_,\_._,  .__,_:_, \___)
                         Telesto 0.16.3
Startup trace (nsec): click main(): 107666270
Startup trace (nsec): print config: 109168396
Received config (length 374):
define($MAC0 52:54:00:12:34:56);
/* End unikraft-provided MAC preamble */

from :: FromDevice(0)
 -> Print2('Received packet from device') 
-> ic0 :: AverageCounter()
-> Discard;

Script(TYPE ACTIVE,
       print "sleeping first increases startup time"
       wait 5ms,
       label start,
       print "Rx rate: $(ic0.rate)",
       wait 1s,
       goto start
       )
    
Startup trace (nsec): print config done: 127402717
Startup trace (nsec): initialize elements: 130773856
Startup trace (nsec): initialize elements done: 134469740
[router_thread:310] Starting driver...


Received packet from device: 145039442 ns:   64 | 01005e00 0016767e 90d49854 080046c0 00280000 40000102
qemu-system-x86_64: terminating on signal 1 from pid 118680 (/nix/store/h3b1h0p481wd0zrbkq71gw2m7gq13m83-sudo-1.9.17p2/bin/sudo)
Bench-helper startup time (nsec): 275838376
path '/home/okelmann/appclick-ubpf/benchmark' does not contain a 'flake.nix', searching up
warning: Git tree '/home/okelmann/appclick-ubpf' is dirty
Using saved setting for 'extra-substituters = https://tum-dse.cachix.org' from ~/.local/share/nix/trusted-settings.json.
Using saved setting for 'extra-trusted-public-keys = tum-dse.cachix.org-1:v67rK18oLwgO0Z4b69l30SrV1yRtqxKpiHodG4YxhNM=' from ~/.local/share/nix/trusted-settings.json.
    Finished `dev` profile [unoptimized + debuginfo] target(s) in 0.08s
     Running `target/debug/bench-helper`
c[?7l[2J[0mSeaBIOS (version rel-1.16.2-0-gea1b7a073390-prebuilt.qemu.org)


iPXE (http://ipxe.org) 00:03.0 CA00 PCI2.10 PnP PMM+BEFD0F40+BEF30F40 CA00
Press Ctrl-B to configure iPXE (PCI 00:03.0)...                                                                               


Booting from ROM..Powered by
o.   .o       _ _               __ _
Oo   Oo  ___ (_) | __ __  __ _ ' _) :_
oO   oO ' _ `| | |/ /  _)' _` | |_|  _)
oOo oOO| | | | |   (| | | (_) |  _) :_
 OoOoO ._, ._:_:_,\_._,  .__,_:_, \___)
                         Telesto 0.16.3
Startup trace (nsec): click main(): 107652675
Startup trace (nsec): print config: 109143931
Received config (length 374):
define($MAC0 52:54:00:12:34:56);
/* End unikraft-provided MAC preamble */

from :: FromDevice(0)
 -> Print2('Received packet from device') 
-> ic0 :: AverageCounter()
-> Discard;

Script(TYPE ACTIVE,
       print "sleeping first increases startup time"
       wait 5ms,
       label start,
       print "Rx rate: $(ic0.rate)",
       wait 1s,
       goto start
       )
    
Startup trace (nsec): print config done: 127357593
Startup trace (nsec): initialize elements: 130715574
Startup trace (nsec): initialize elements done: 134493092
[router_thread:310] Starting driver...


Received packet from device: 145114670 ns:   64 | 01005e00 0016767e 90d49854 080046c0 00280000 40000102
qemu-system-x86_64: terminating on signal 1 from pid 118763 (/nix/store/h3b1h0p481wd0zrbkq71gw2m7gq13m83-sudo-1.9.17p2/bin/sudo)
Bench-helper startup time (nsec): 277716987
