path '/home/okelmann/appclick-ubpf/benchmark' does not contain a 'flake.nix', searching up
warning: Git tree '/home/okelmann/appclick-ubpf' is dirty
Using saved setting for 'extra-substituters = https://tum-dse.cachix.org' from ~/.local/share/nix/trusted-settings.json.
Using saved setting for 'extra-trusted-public-keys = tum-dse.cachix.org-1:v67rK18oLwgO0Z4b69l30SrV1yRtqxKpiHodG4YxhNM=' from ~/.local/share/nix/trusted-settings.json.
    Finished `dev` profile [unoptimized + debuginfo] target(s) in 0.22s
     Running `target/debug/bench-helper`
Startup trace (nsec): main: 416254554315917
Startup trace (nsec): init done: 416254555237199
sleeping first increases startup time
       wait 5ms
Rx rate: 0
Received packet from device: 416254555284612 ns:   76 | 60000000 00240001 fe800000 00000000 b474c60d cd0d7aa7
Bench-helper startup time (nsec): 14802694
path '/home/okelmann/appclick-ubpf/benchmark' does not contain a 'flake.nix', searching up
warning: Git tree '/home/okelmann/appclick-ubpf' is dirty
Using saved setting for 'extra-substituters = https://tum-dse.cachix.org' from ~/.local/share/nix/trusted-settings.json.
Using saved setting for 'extra-trusted-public-keys = tum-dse.cachix.org-1:v67rK18oLwgO0Z4b69l30SrV1yRtqxKpiHodG4YxhNM=' from ~/.local/share/nix/trusted-settings.json.
    Finished `dev` profile [unoptimized + debuginfo] target(s) in 0.18s
     Running `target/debug/bench-helper`
Startup trace (nsec): main: 416260377246568
Startup trace (nsec): init done: 416260378178844
Received packet from device: 416260378199249 ns:   76 | 60000000 00240001 fe800000 00000000 30a6225b 987a3383
Bench-helper startup time (nsec): 14931780
path '/home/okelmann/appclick-ubpf/benchmark' does not contain a 'flake.nix', searching up
warning: Git tree '/home/okelmann/appclick-ubpf' is dirty
Using saved setting for 'extra-substituters = https://tum-dse.cachix.org' from ~/.local/share/nix/trusted-settings.json.
Using saved setting for 'extra-trusted-public-keys = tum-dse.cachix.org-1:v67rK18oLwgO0Z4b69l30SrV1yRtqxKpiHodG4YxhNM=' from ~/.local/share/nix/trusted-settings.json.
    Finished `dev` profile [unoptimized + debuginfo] target(s) in 0.18s
     Running `target/debug/bench-helper`
Startup trace (nsec): main: 416266243159252
Startup trace (nsec): init done: 416266244049847
sleeping first increases startup time
       wait 5ms
Rx rate: 0
Received packet from device: 416266244103031 ns:   76 | 60000000 00240001 fe800000 00000000 c5ce0ef5 9bed05b8
Bench-helper startup time (nsec): 14986387
path '/home/okelmann/appclick-ubpf/benchmark' does not contain a 'flake.nix', searching up
warning: Git tree '/home/okelmann/appclick-ubpf' is dirty
Using saved setting for 'extra-substituters = https://tum-dse.cachix.org' from ~/.local/share/nix/trusted-settings.json.
Using saved setting for 'extra-trusted-public-keys = tum-dse.cachix.org-1:v67rK18oLwgO0Z4b69l30SrV1yRtqxKpiHodG4YxhNM=' from ~/.local/share/nix/trusted-settings.json.
    Finished `dev` profile [unoptimized + debuginfo] target(s) in 0.18s
     Running `target/debug/bench-helper`
Startup trace (nsec): main: 416272106478188
Startup trace (nsec): init done: 416272107373434
sleeping first increases startup time
       wait 5ms
Rx rate: 0
Received packet from device: 416272107425676 ns:   76 | 60000000 00240001 fe800000 00000000 25a0cc42 a962539b
Bench-helper startup time (nsec): 14871038
path '/home/okelmann/appclick-ubpf/benchmark' does not contain a 'flake.nix', searching up
warning: Git tree '/home/okelmann/appclick-ubpf' is dirty
Using saved setting for 'extra-substituters = https://tum-dse.cachix.org' from ~/.local/share/nix/trusted-settings.json.
Using saved setting for 'extra-trusted-public-keys = tum-dse.cachix.org-1:v67rK18oLwgO0Z4b69l30SrV1yRtqxKpiHodG4YxhNM=' from ~/.local/share/nix/trusted-settings.json.
    Finished `dev` profile [unoptimized + debuginfo] target(s) in 0.18s
     Running `target/debug/bench-helper`
Startup trace (nsec): main: 416277981647450
Startup trace (nsec): init done: 416277982549609
sleeping first increases startup time
       wait 5ms
Rx rate: 0
Received packet from device: 416277982601835 ns:   76 | 60000000 00240001 fe800000 00000000 90d5cb3b 40f1e798
Bench-helper startup time (nsec): 14932851
path '/home/okelmann/appclick-ubpf/benchmark' does not contain a 'flake.nix', searching up
warning: Git tree '/home/okelmann/appclick-ubpf' is dirty
Using saved setting for 'extra-substituters = https://tum-dse.cachix.org' from ~/.local/share/nix/trusted-settings.json.
Using saved setting for 'extra-trusted-public-keys = tum-dse.cachix.org-1:v67rK18oLwgO0Z4b69l30SrV1yRtqxKpiHodG4YxhNM=' from ~/.local/share/nix/trusted-settings.json.
    Finished `dev` profile [unoptimized + debuginfo] target(s) in 0.19s
     Running `target/debug/bench-helper`
Startup trace (nsec): main: 416283866051725
Startup trace (nsec): init done: 416283866940075
sleeping first increases startup time
       wait 5ms
Rx rate: 0
Received packet from device: 416283866987999 ns:   76 | 60000000 00240001 fe800000 00000000 5651483c 4fb3f94f
Bench-helper startup time (nsec): 15296772
path '/home/okelmann/appclick-ubpf/benchmark' does not contain a 'flake.nix', searching up
warning: Git tree '/home/okelmann/appclick-ubpf' is dirty
Using saved setting for 'extra-substituters = https://tum-dse.cachix.org' from ~/.local/share/nix/trusted-settings.json.
Using saved setting for 'extra-trusted-public-keys = tum-dse.cachix.org-1:v67rK18oLwgO0Z4b69l30SrV1yRtqxKpiHodG4YxhNM=' from ~/.local/share/nix/trusted-settings.json.
    Finished `dev` profile [unoptimized + debuginfo] target(s) in 0.18s
     Running `target/debug/bench-helper`
Startup trace (nsec): main: 416289711370649
Startup trace (nsec): init done: 416289712121942
sleeping first increases startup time
       wait 5ms
Rx rate: 0
Received packet from device: 416289712176041 ns:   76 | 60000000 00240001 fe800000 00000000 62f5964d 50238750
Bench-helper startup time (nsec): 14595672
path '/home/okelmann/appclick-ubpf/benchmark' does not contain a 'flake.nix', searching up
warning: Git tree '/home/okelmann/appclick-ubpf' is dirty
Using saved setting for 'extra-substituters = https://tum-dse.cachix.org' from ~/.local/share/nix/trusted-settings.json.
Using saved setting for 'extra-trusted-public-keys = tum-dse.cachix.org-1:v67rK18oLwgO0Z4b69l30SrV1yRtqxKpiHodG4YxhNM=' from ~/.local/share/nix/trusted-settings.json.
    Finished `dev` profile [unoptimized + debuginfo] target(s) in 0.18s
     Running `target/debug/bench-helper`
Startup trace (nsec): main: 416295584873108
Startup trace (nsec): init done: 416295585488472
Received packet from device: 416295585508598 ns:   76 | 60000000 00240001 fe800000 00000000 8ac6312d e001bbf1
Bench-helper startup time (nsec): 14345087
path '/home/okelmann/appclick-ubpf/benchmark' does not contain a 'flake.nix', searching up
warning: Git tree '/home/okelmann/appclick-ubpf' is dirty
Using saved setting for 'extra-substituters = https://tum-dse.cachix.org' from ~/.local/share/nix/trusted-settings.json.
Using saved setting for 'extra-trusted-public-keys = tum-dse.cachix.org-1:v67rK18oLwgO0Z4b69l30SrV1yRtqxKpiHodG4YxhNM=' from ~/.local/share/nix/trusted-settings.json.
    Finished `dev` profile [unoptimized + debuginfo] target(s) in 0.18s
     Running `target/debug/bench-helper`
Startup trace (nsec): main: 416301441418958
Startup trace (nsec): init done: 416301442314626
sleeping first increases startup time
       wait 5ms
Rx rate: 0
Received packet from device: 416301442361661 ns:   76 | 60000000 00240001 fe800000 00000000 158eb59a 170d07d4
Bench-helper startup time (nsec): 14894954
path '/home/okelmann/appclick-ubpf/benchmark' does not contain a 'flake.nix', searching up
warning: Git tree '/home/okelmann/appclick-ubpf' is dirty
Using saved setting for 'extra-substituters = https://tum-dse.cachix.org' from ~/.local/share/nix/trusted-settings.json.
Using saved setting for 'extra-trusted-public-keys = tum-dse.cachix.org-1:v67rK18oLwgO0Z4b69l30SrV1yRtqxKpiHodG4YxhNM=' from ~/.local/share/nix/trusted-settings.json.
    Finished `dev` profile [unoptimized + debuginfo] target(s) in 0.18s
     Running `target/debug/bench-helper`
Startup trace (nsec): main: 416307302374101
Startup trace (nsec): init done: 416307303286669
sleeping first increases startup time
       wait 5ms
Rx rate: 0
Received packet from device: 416307303339198 ns:   76 | 60000000 00240001 fe800000 00000000 034c5b2e e83f4d6f
Bench-helper startup time (nsec): 14736443
