warning: Git tree '/home/okelmann/appclick-ubpf' is dirty
Using saved setting for 'extra-substituters = https://tum-dse.cachix.org' from ~/.local/share/nix/trusted-settings.json.
Using saved setting for 'extra-trusted-public-keys = tum-dse.cachix.org-1:v67rK18oLwgO0Z4b69l30SrV1yRtqxKpiHodG4YxhNM=' from ~/.local/share/nix/trusted-settings.json.
Attaching 4 probes...
qemu start ns 419364585326438
filename /nix/store/311zsfnwl2vggdz8xdfmlxc168qksamk-qemu-host-cpu-only-8.1.5/bin/qemu-system-x86_64
qemu kvm entry ns 419364648710595
qemu kvm port 255 ns 419364695798903
qemu kvm port 254 ns 419364811316448
qemu kvm port 253 ns 419367545242781
qemu start ns 419372443906458
filename /nix/store/311zsfnwl2vggdz8xdfmlxc168qksamk-qemu-host-cpu-only-8.1.5/bin/qemu-system-x86_64
qemu kvm entry ns 419372506844135
qemu kvm port 255 ns 419372555866870
qemu kvm port 254 ns 419372671396491
qemu kvm port 253 ns 419375368129535
qemu start ns 419380429660232
filename /nix/store/311zsfnwl2vggdz8xdfmlxc168qksamk-qemu-host-cpu-only-8.1.5/bin/qemu-system-x86_64
qemu kvm entry ns 419380493991056
qemu kvm port 255 ns 419380541036556
qemu kvm port 254 ns 419380656520230
qemu kvm port 253 ns 419383376242890
qemu start ns 419388454760649
filename /nix/store/311zsfnwl2vggdz8xdfmlxc168qksamk-qemu-host-cpu-only-8.1.5/bin/qemu-system-x86_64
qemu kvm entry ns 419388518637478
qemu kvm port 255 ns 419388564992752
qemu kvm port 254 ns 419388680517795
qemu kvm port 253 ns 419391396881184
qemu start ns 419396413108913
filename /nix/store/311zsfnwl2vggdz8xdfmlxc168qksamk-qemu-host-cpu-only-8.1.5/bin/qemu-system-x86_64
qemu kvm entry ns 419396477055100
qemu kvm port 255 ns 419396522823436
qemu kvm port 254 ns 419396638453670
qemu kvm port 253 ns 419399341191218
qemu start ns 419404419873400
filename /nix/store/311zsfnwl2vggdz8xdfmlxc168qksamk-qemu-host-cpu-only-8.1.5/bin/qemu-system-x86_64
qemu kvm entry ns 419404484401650
qemu kvm port 255 ns 419404530998647
qemu kvm port 254 ns 419404646468417
qemu kvm port 253 ns 419407352703729
qemu start ns 419412364655390
filename /nix/store/311zsfnwl2vggdz8xdfmlxc168qksamk-qemu-host-cpu-only-8.1.5/bin/qemu-system-x86_64
qemu kvm entry ns 419412428424437
qemu kvm port 255 ns 419412475098539
qemu kvm port 254 ns 419412590511082
qemu kvm port 253 ns 419415293863302
qemu start ns 419420366675515
filename /nix/store/311zsfnwl2vggdz8xdfmlxc168qksamk-qemu-host-cpu-only-8.1.5/bin/qemu-system-x86_64
qemu kvm entry ns 419420431287494
qemu kvm port 255 ns 419420478088716
qemu kvm port 254 ns 419420593373382
qemu kvm port 253 ns 419423291026518
qemu start ns 419428388094529
filename /nix/store/311zsfnwl2vggdz8xdfmlxc168qksamk-qemu-host-cpu-only-8.1.5/bin/qemu-system-x86_64
qemu kvm entry ns 419428452995701
qemu kvm port 255 ns 419428498784063
qemu kvm port 254 ns 419428614550696
qemu kvm port 253 ns 419431342582385
qemu start ns 419436354278075
filename /nix/store/311zsfnwl2vggdz8xdfmlxc168qksamk-qemu-host-cpu-only-8.1.5/bin/qemu-system-x86_64
qemu kvm entry ns 419436417463773
qemu kvm port 255 ns 419436464072647
qemu kvm port 254 ns 419436579529384
qemu kvm port 253 ns 419439299839210
