warning: Git tree '/home/okelmann/appclick-ubpf' is dirty
Using saved setting for 'extra-substituters = https://tum-dse.cachix.org' from ~/.local/share/nix/trusted-settings.json.
Using saved setting for 'extra-trusted-public-keys = tum-dse.cachix.org-1:v67rK18oLwgO0Z4b69l30SrV1yRtqxKpiHodG4YxhNM=' from ~/.local/share/nix/trusted-settings.json.
Attaching 4 probes...
qemu start ns 417919220530683
filename /nix/store/311zsfnwl2vggdz8xdfmlxc168qksamk-qemu-host-cpu-only-8.1.5/bin/qemu-system-x86_64
qemu kvm entry ns 417919284108813
qemu kvm port 255 ns 417919330973309
qemu kvm port 254 ns 417919656800082
qemu kvm port 253 ns 417920110245574
qemu start ns 417924426103243
filename /nix/store/311zsfnwl2vggdz8xdfmlxc168qksamk-qemu-host-cpu-only-8.1.5/bin/qemu-system-x86_64
qemu kvm entry ns 417924491080676
qemu kvm port 255 ns 417924538813237
qemu kvm port 254 ns 417924864345160
qemu kvm port 253 ns 417925321082224
qemu start ns 417929752561228
filename /nix/store/311zsfnwl2vggdz8xdfmlxc168qksamk-qemu-host-cpu-only-8.1.5/bin/qemu-system-x86_64
qemu kvm entry ns 417929817634159
qemu kvm port 255 ns 417929863813453
qemu kvm port 254 ns 417930189765080
qemu kvm port 253 ns 417930643664239
qemu start ns 417935076133617
filename /nix/store/311zsfnwl2vggdz8xdfmlxc168qksamk-qemu-host-cpu-only-8.1.5/bin/qemu-system-x86_64
qemu kvm entry ns 417935140886998
qemu kvm port 255 ns 417935188021053
qemu kvm port 254 ns 417935515033976
qemu kvm port 253 ns 417935971243470
qemu start ns 417940403130634
filename /nix/store/311zsfnwl2vggdz8xdfmlxc168qksamk-qemu-host-cpu-only-8.1.5/bin/qemu-system-x86_64
qemu kvm entry ns 417940467490032
qemu kvm port 255 ns 417940514055840
qemu kvm port 254 ns 417940839428904
qemu kvm port 253 ns 417941294490708
qemu start ns 417945766277818
filename /nix/store/311zsfnwl2vggdz8xdfmlxc168qksamk-qemu-host-cpu-only-8.1.5/bin/qemu-system-x86_64
qemu kvm entry ns 417945830250689
qemu kvm port 255 ns 417945877132180
qemu kvm port 254 ns 417946204712614
qemu kvm port 253 ns 417946661082825
qemu start ns 417951142956128
filename /nix/store/311zsfnwl2vggdz8xdfmlxc168qksamk-qemu-host-cpu-only-8.1.5/bin/qemu-system-x86_64
qemu kvm entry ns 417951207062854
qemu kvm port 255 ns 417951253902122
qemu kvm port 254 ns 417951581185707
qemu kvm port 253 ns 417952039748130
qemu start ns 417956414672338
filename /nix/store/311zsfnwl2vggdz8xdfmlxc168qksamk-qemu-host-cpu-only-8.1.5/bin/qemu-system-x86_64
qemu kvm entry ns 417956479417272
qemu kvm port 255 ns 417956524825376
qemu kvm port 254 ns 417956851144258
qemu kvm port 253 ns 417957305434857
qemu start ns 417961792833263
filename /nix/store/311zsfnwl2vggdz8xdfmlxc168qksamk-qemu-host-cpu-only-8.1.5/bin/qemu-system-x86_64
qemu kvm entry ns 417961856586803
qemu kvm port 255 ns 417961903020406
qemu kvm port 254 ns 417962229623949
qemu kvm port 253 ns 417962685691934
qemu start ns 417967066048209
filename /nix/store/311zsfnwl2vggdz8xdfmlxc168qksamk-qemu-host-cpu-only-8.1.5/bin/qemu-system-x86_64
qemu kvm entry ns 417967128354359
qemu kvm port 255 ns 417967175095904
qemu kvm port 254 ns 417967502612584
qemu kvm port 253 ns 417967955477485
