warning: Git tree '/home/okelmann/appclick-ubpf' is dirty
Using saved setting for 'extra-substituters = https://tum-dse.cachix.org' from ~/.local/share/nix/trusted-settings.json.
Using saved setting for 'extra-trusted-public-keys = tum-dse.cachix.org-1:v67rK18oLwgO0Z4b69l30SrV1yRtqxKpiHodG4YxhNM=' from ~/.local/share/nix/trusted-settings.json.
Attaching 4 probes...
qemu start ns 418557622096724
filename /nix/store/311zsfnwl2vggdz8xdfmlxc168qksamk-qemu-host-cpu-only-8.1.5/bin/qemu-system-x86_64
qemu kvm entry ns 418557685188000
qemu kvm port 255 ns 418557730749206
qemu kvm port 254 ns 418557846210777
qemu kvm port 253 ns 418557883432701
qemu start ns 418563068538800
filename /nix/store/311zsfnwl2vggdz8xdfmlxc168qksamk-qemu-host-cpu-only-8.1.5/bin/qemu-system-x86_64
qemu kvm entry ns 418563131970012
qemu kvm port 255 ns 418563178803096
qemu kvm port 254 ns 418563294073566
qemu kvm port 253 ns 418563331141746
qemu start ns 418568576306303
filename /nix/store/311zsfnwl2vggdz8xdfmlxc168qksamk-qemu-host-cpu-only-8.1.5/bin/qemu-system-x86_64
qemu kvm entry ns 418568640613478
qemu kvm port 255 ns 418568687068598
qemu kvm port 254 ns 418568802409555
qemu kvm port 253 ns 418568839607294
qemu start ns 418574122940234
filename /nix/store/311zsfnwl2vggdz8xdfmlxc168qksamk-qemu-host-cpu-only-8.1.5/bin/qemu-system-x86_64
qemu kvm entry ns 418574186743261
qemu kvm port 255 ns 418574234798992
qemu kvm port 254 ns 418574350139138
qemu kvm port 253 ns 418574387973543
qemu start ns 418579649101100
filename /nix/store/311zsfnwl2vggdz8xdfmlxc168qksamk-qemu-host-cpu-only-8.1.5/bin/qemu-system-x86_64
qemu kvm entry ns 418579712571033
qemu kvm port 255 ns 418579759075359
qemu kvm port 254 ns 418579874444200
qemu kvm port 253 ns 418579911623952
qemu start ns 418585196628750
filename /nix/store/311zsfnwl2vggdz8xdfmlxc168qksamk-qemu-host-cpu-only-8.1.5/bin/qemu-system-x86_64
qemu kvm entry ns 418585260205174
qemu kvm port 255 ns 418585305814769
qemu kvm port 254 ns 418585421453620
qemu kvm port 253 ns 418585458657607
qemu start ns 418590771332171
filename /nix/store/311zsfnwl2vggdz8xdfmlxc168qksamk-qemu-host-cpu-only-8.1.5/bin/qemu-system-x86_64
qemu kvm entry ns 418590835372794
qemu kvm port 255 ns 418590882057605
qemu kvm port 254 ns 418590997510700
qemu kvm port 253 ns 418591035421922
qemu start ns 418596285385135
filename /nix/store/311zsfnwl2vggdz8xdfmlxc168qksamk-qemu-host-cpu-only-8.1.5/bin/qemu-system-x86_64
qemu kvm entry ns 418596348998533
qemu kvm port 255 ns 418596394836789
qemu kvm port 254 ns 418596510449530
qemu kvm port 253 ns 418596547728625
qemu start ns 418601830268593
filename /nix/store/311zsfnwl2vggdz8xdfmlxc168qksamk-qemu-host-cpu-only-8.1.5/bin/qemu-system-x86_64
qemu kvm entry ns 418601893979633
qemu kvm port 255 ns 418601939839331
qemu kvm port 254 ns 418602055414162
qemu kvm port 253 ns 418602092669277
qemu start ns 418607412137426
filename /nix/store/311zsfnwl2vggdz8xdfmlxc168qksamk-qemu-host-cpu-only-8.1.5/bin/qemu-system-x86_64
qemu kvm entry ns 418607478044296
qemu kvm port 255 ns 418607523819307
qemu kvm port 254 ns 418607639179734
qemu kvm port 253 ns 418607676706512
