Startup trace (nsec): main: 85282320221
Startup trace (nsec): init done: 85286172542
Rx rate: 0
While executing 'Script@4 :: Script':
  no 'from.reset' write handler
Rx rate: 954516.853933
While executing 'Script@4 :: Script':
  no 'from.reset' write handler
Rx rate: 967996.003996
While executing 'Script@4 :: Script':
  no 'from.reset' write handler
Rx rate: 967289.421158
While executing 'Script@4 :: Script':
  no 'from.reset' write handler
Rx rate: 968436
While executing 'Script@4 :: Script':
  no 'from.reset' write handler
Rx rate: 966908
While executing 'Script@4 :: Script':
  no 'from.reset' write handler
Rx rate: 967570
While executing 'Script@4 :: Script':
  no 'from.reset' write handler
Rx rate: 969807.38523
While executing 'Script@4 :: Script':
  no 'from.reset' write handler
Rx rate: 970659.340659
While executing 'Script@4 :: Script':
  no 'from.reset' write handler
Rx rate: 967851.148851
While executing 'Script@4 :: Script':
  no 'from.reset' write handler
Rx rate: 970463
While executing 'Script@4 :: Script':
  no 'from.reset' write handler
Rx rate: 960748.251748
While executing 'Script@4 :: Script':
  no 'from.reset' write handler
Rx rate: 968325
While executing 'Script@4 :: Script':
  no 'from.reset' write handler
Rx rate: 970539
While executing 'Script@4 :: Script':
  no 'from.reset' write handler
Rx rate: 969273
While executing 'Script@4 :: Script':
  no 'from.reset' write handler
Rx rate: 965842
While executing 'Script@4 :: Script':
  no 'from.reset' write handler
Rx rate: 967925
While executing 'Script@4 :: Script':
  no 'from.reset' write handler
Rx rate: 971210
While executing 'Script@4 :: Script':
  no 'from.reset' write handler
Rx rate: 968061
While executing 'Script@4 :: Script':
  no 'from.reset' write handler
Rx rate: 968607
While executing 'Script@4 :: Script':
  no 'from.reset' write handler
Rx rate: 968605
While executing 'Script@4 :: Script':
  no 'from.reset' write handler
Rx rate: 967023
While executing 'Script@4 :: Script':
  no 'from.reset' write handler
Rx rate: 967539
While executing 'Script@4 :: Script':
  no 'from.reset' write handler
Rx rate: 968648.351648
While executing 'Script@4 :: Script':
  no 'from.reset' write handler
Rx rate: 967982
While executing 'Script@4 :: Script':
  no 'from.reset' write handler
Rx rate: 967092
While executing 'Script@4 :: Script':
  no 'from.reset' write handler
Rx rate: 966981
While executing 'Script@4 :: Script':
  no 'from.reset' write handler
Rx rate: 970585
While executing 'Script@4 :: Script':
  no 'from.reset' write handler
Rx rate: 964084
While executing 'Script@4 :: Script':
  no 'from.reset' write handler
Rx rate: 971068
While executing 'Script@4 :: Script':
  no 'from.reset' write handler
Rx rate: 966837.162837
While executing 'Script@4 :: Script':
  no 'from.reset' write handler
Rx rate: 966080.919081
While executing 'Script@4 :: Script':
  no 'from.reset' write handler
Rx rate: 969775
While executing 'Script@4 :: Script':
  no 'from.reset' write handler
Rx rate: 968479
While executing 'Script@4 :: Script':
  no 'from.reset' write handler
Rx rate: 966504
While executing 'Script@4 :: Script':
  no 'from.reset' write handler
Rx rate: 966889
While executing 'Script@4 :: Script':
  no 'from.reset' write handler
Rx rate: 969469
While executing 'Script@4 :: Script':
  no 'from.reset' write handler
Rx rate: 968478
While executing 'Script@4 :: Script':
  no 'from.reset' write handler
Rx rate: 968163.836164
While executing 'Script@4 :: Script':
  no 'from.reset' write handler
Rx rate: 970609
While executing 'Script@4 :: Script':
  no 'from.reset' write handler
Rx rate: 970109.89011
While executing 'Script@4 :: Script':
  no 'from.reset' write handler
Rx rate: 969698
While executing 'Script@4 :: Script':
  no 'from.reset' write handler
Rx rate: 961855
While executing 'Script@4 :: Script':
  no 'from.reset' write handler
Rx rate: 968596.403596
While executing 'Script@4 :: Script':
  no 'from.reset' write handler
Rx rate: 969444
While executing 'Script@4 :: Script':
  no 'from.reset' write handler
Rx rate: 966953
While executing 'Script@4 :: Script':
  no 'from.reset' write handler
Rx rate: 966376
While executing 'Script@4 :: Script':
  no 'from.reset' write handler
Rx rate: 966533.466533
While executing 'Script@4 :: Script':
  no 'from.reset' write handler
Rx rate: 969998
While executing 'Script@4 :: Script':
  no 'from.reset' write handler
Rx rate: 968514
While executing 'Script@4 :: Script':
  no 'from.reset' write handler
Rx rate: 967325
While executing 'Script@4 :: Script':
  no 'from.reset' write handler
Rx rate: 966530
While executing 'Script@4 :: Script':
  no 'from.reset' write handler
Rx rate: 966430
While executing 'Script@4 :: Script':
  no 'from.reset' write handler
Rx rate: 967753
While executing 'Script@4 :: Script':
  no 'from.reset' write handler
Rx rate: 967616
While executing 'Script@4 :: Script':
  no 'from.reset' write handler
Rx rate: 967482.517483
While executing 'Script@4 :: Script':
  no 'from.reset' write handler
Rx rate: 965104.895105
While executing 'Script@4 :: Script':
  no 'from.reset' write handler
Rx rate: 966409.59041
While executing 'Script@4 :: Script':
  no 'from.reset' write handler
Rx rate: 969855
While executing 'Script@4 :: Script':
  no 'from.reset' write handler
Rx rate: 970865
While executing 'Script@4 :: Script':
  no 'from.reset' write handler
Rx rate: 972940.05994
While executing 'Script@4 :: Script':
  no 'from.reset' write handler
Rx rate: 971953
While executing 'Script@4 :: Script':
  no 'from.reset' write handler
Rx rate: 975289
While executing 'Script@4 :: Script':
  no 'from.reset' write handler
Rx rate: 973613
While executing 'Script@4 :: Script':
  no 'from.reset' write handler
Rx rate: 971774
While executing 'Script@4 :: Script':
  no 'from.reset' write handler
Rx rate: 970273
While executing 'Script@4 :: Script':
  no 'from.reset' write handler
Rx rate: 967201
While executing 'Script@4 :: Script':
  no 'from.reset' write handler
Rx rate: 968824
While executing 'Script@4 :: Script':
  no 'from.reset' write handler
Rx rate: 970319
While executing 'Script@4 :: Script':
  no 'from.reset' write handler
Rx rate: 971342.657343
While executing 'Script@4 :: Script':
  no 'from.reset' write handler
Rx rate: 971380
While executing 'Script@4 :: Script':
  no 'from.reset' write handler
Rx rate: 969758.241758
While executing 'Script@4 :: Script':
  no 'from.reset' write handler
Rx rate: 964635
While executing 'Script@4 :: Script':
  no 'from.reset' write handler
AUTOTEST_DONE
