/tmp/linux.click:2: While initializing 'from :: FromDevice':
  warning: ens7: no IPv4 address assigned
Startup trace (nsec): main: 8938640841
Startup trace (nsec): init done: 8948050135
Rx rate: 0
While executing 'Script@5 :: Script':
  no 'from.reset' write handler
Rx rate: 134400
While executing 'Script@5 :: Script':
  no 'from.reset' write handler
Rx rate: 119371.287129
While executing 'Script@5 :: Script':
  no 'from.reset' write handler
Rx rate: 129887.225549
While executing 'Script@5 :: Script':
  no 'from.reset' write handler
Rx rate: 129757.455268
While executing 'Script@5 :: Script':
  no 'from.reset' write handler
Rx rate: 126428.853755
While executing 'Script@5 :: Script':
  no 'from.reset' write handler
Rx rate: 129629.370629
While executing 'Script@5 :: Script':
  no 'from.reset' write handler
Rx rate: 130016.966068
While executing 'Script@5 :: Script':
  no 'from.reset' write handler
Rx rate: 120444.555445
While executing 'Script@5 :: Script':
  no 'from.reset' write handler
Rx rate: 128982.017982
While executing 'Script@5 :: Script':
  no 'from.reset' write handler
Rx rate: 128853.146853
While executing 'Script@5 :: Script':
  no 'from.reset' write handler
Rx rate: 126398.203593
While executing 'Script@5 :: Script':
  no 'from.reset' write handler
Rx rate: 127559.440559
While executing 'Script@5 :: Script':
  no 'from.reset' write handler
Rx rate: 128982
While executing 'Script@5 :: Script':
  no 'from.reset' write handler
Rx rate: 128723
While executing 'Script@5 :: Script':
  no 'from.reset' write handler
Rx rate: 124972.027972
While executing 'Script@5 :: Script':
  no 'from.reset' write handler
Rx rate: 129112
While executing 'Script@5 :: Script':
  no 'from.reset' write handler
Rx rate: 129241
While executing 'Script@5 :: Script':
  no 'from.reset' write handler
Rx rate: 124708
While executing 'Script@5 :: Script':
  no 'from.reset' write handler
Rx rate: 128464
While executing 'Script@5 :: Script':
  no 'from.reset' write handler
Rx rate: 128076.923077
While executing 'Script@5 :: Script':
  no 'from.reset' write handler
Rx rate: 123031.968032
While executing 'Script@5 :: Script':
  no 'from.reset' write handler
Rx rate: 128594.405594
While executing 'Script@5 :: Script':
  no 'from.reset' write handler
Rx rate: 128852
While executing 'Script@5 :: Script':
  no 'from.reset' write handler
Rx rate: 122896
While executing 'Script@5 :: Script':
  no 'from.reset' write handler
Rx rate: 128982
While executing 'Script@5 :: Script':
  no 'from.reset' write handler
Rx rate: 129111
While executing 'Script@5 :: Script':
  no 'from.reset' write handler
Rx rate: 124709
While executing 'Script@5 :: Script':
  no 'from.reset' write handler
Rx rate: 126910
While executing 'Script@5 :: Script':
  no 'from.reset' write handler
Rx rate: 128335.664336
While executing 'Script@5 :: Script':
  no 'from.reset' write handler
Rx rate: 128982
While executing 'Script@5 :: Script':
  no 'from.reset' write handler
Rx rate: 128205.794206
While executing 'Script@5 :: Script':
  no 'from.reset' write handler
Rx rate: 128853.146853
While executing 'Script@5 :: Script':
  no 'from.reset' write handler
Rx rate: 128853
While executing 'Script@5 :: Script':
  no 'from.reset' write handler
Rx rate: 128853.146853
While executing 'Script@5 :: Script':
  no 'from.reset' write handler
Rx rate: 128723.276723
While executing 'Script@5 :: Script':
  no 'from.reset' write handler
Rx rate: 128982
While executing 'Script@5 :: Script':
  no 'from.reset' write handler
Rx rate: 128982
While executing 'Script@5 :: Script':
  no 'from.reset' write handler
Rx rate: 129112
While executing 'Script@5 :: Script':
  no 'from.reset' write handler
Rx rate: 128464.535465
While executing 'Script@5 :: Script':
  no 'from.reset' write handler
Rx rate: 128723
While executing 'Script@5 :: Script':
  no 'from.reset' write handler
Rx rate: 128853
While executing 'Script@5 :: Script':
  no 'from.reset' write handler
Rx rate: 128853.146853
While executing 'Script@5 :: Script':
  no 'from.reset' write handler
Rx rate: 128853.146853
While executing 'Script@5 :: Script':
  no 'from.reset' write handler
Rx rate: 128982.017982
While executing 'Script@5 :: Script':
  no 'from.reset' write handler
Rx rate: 128853
While executing 'Script@5 :: Script':
  no 'from.reset' write handler
Rx rate: 129111
While executing 'Script@5 :: Script':
  no 'from.reset' write handler
Rx rate: 128982
While executing 'Script@5 :: Script':
  no 'from.reset' write handler
Rx rate: 128853
While executing 'Script@5 :: Script':
  no 'from.reset' write handler
Rx rate: 128593
While executing 'Script@5 :: Script':
  no 'from.reset' write handler
Rx rate: 129241
While executing 'Script@5 :: Script':
  no 'from.reset' write handler
Rx rate: 129112
While executing 'Script@5 :: Script':
  no 'from.reset' write handler
Rx rate: 128723.276723
While executing 'Script@5 :: Script':
  no 'from.reset' write handler
Rx rate: 128723
While executing 'Script@5 :: Script':
  no 'from.reset' write handler
Rx rate: 128724.275724
While executing 'Script@5 :: Script':
  no 'from.reset' write handler
Rx rate: 128852
While executing 'Script@5 :: Script':
  no 'from.reset' write handler
Rx rate: 128594
While executing 'Script@5 :: Script':
  no 'from.reset' write handler
Rx rate: 128205
While executing 'Script@5 :: Script':
  no 'from.reset' write handler
Rx rate: 128853.146853
While executing 'Script@5 :: Script':
  no 'from.reset' write handler
Rx rate: 128464
While executing 'Script@5 :: Script':
  no 'from.reset' write handler
Rx rate: 128853.146853
While executing 'Script@5 :: Script':
  no 'from.reset' write handler
Rx rate: 128335.664336
While executing 'Script@5 :: Script':
  no 'from.reset' write handler
Rx rate: 128205.794206
While executing 'Script@5 :: Script':
  no 'from.reset' write handler
Rx rate: 128594.405594
While executing 'Script@5 :: Script':
  no 'from.reset' write handler
Rx rate: 128594.405594
While executing 'Script@5 :: Script':
  no 'from.reset' write handler
Rx rate: 128853.146853
While executing 'Script@5 :: Script':
  no 'from.reset' write handler
Rx rate: 128853
While executing 'Script@5 :: Script':
  no 'from.reset' write handler
Rx rate: 128982
While executing 'Script@5 :: Script':
  no 'from.reset' write handler
Rx rate: 128852
While executing 'Script@5 :: Script':
  no 'from.reset' write handler
Rx rate: 128853
While executing 'Script@5 :: Script':
  no 'from.reset' write handler
Rx rate: 128464
While executing 'Script@5 :: Script':
  no 'from.reset' write handler
Rx rate: 128852
While executing 'Script@5 :: Script':
  no 'from.reset' write handler
Rx rate: 128853
While executing 'Script@5 :: Script':
  no 'from.reset' write handler
AUTOTEST_DONE
