Startup trace (nsec): main: 85395821455
Startup trace (nsec): init done: 85399178018
Rx rate: 0
While executing 'Script@5 :: Script':
  no 'from.reset' write handler
Rx rate: 437746.478873
While executing 'Script@5 :: Script':
  no 'from.reset' write handler
Rx rate: 427958.041958
While executing 'Script@5 :: Script':
  no 'from.reset' write handler
Rx rate: 426497.005988
While executing 'Script@5 :: Script':
  no 'from.reset' write handler
Rx rate: 432364.635365
While executing 'Script@5 :: Script':
  no 'from.reset' write handler
Rx rate: 427998.003992
While executing 'Script@5 :: Script':
  no 'from.reset' write handler
Rx rate: 427660.678643
While executing 'Script@5 :: Script':
  no 'from.reset' write handler
Rx rate: 424242
While executing 'Script@5 :: Script':
  no 'from.reset' write handler
Rx rate: 422912.087912
While executing 'Script@5 :: Script':
  no 'from.reset' write handler
Rx rate: 421911
While executing 'Script@5 :: Script':
  no 'from.reset' write handler
Rx rate: 423206
While executing 'Script@5 :: Script':
  no 'from.reset' write handler
Rx rate: 410181.818182
While executing 'Script@5 :: Script':
  no 'from.reset' write handler
Rx rate: 428515
While executing 'Script@5 :: Script':
  no 'from.reset' write handler
Rx rate: 425185.185185
While executing 'Script@5 :: Script':
  no 'from.reset' write handler
Rx rate: 425370.629371
While executing 'Script@5 :: Script':
  no 'from.reset' write handler
Rx rate: 422363.363363
While executing 'Script@5 :: Script':
  no 'from.reset' write handler
Rx rate: 426275.724276
While executing 'Script@5 :: Script':
  no 'from.reset' write handler
Rx rate: 429034
While executing 'Script@5 :: Script':
  no 'from.reset' write handler
Rx rate: 432097.902098
While executing 'Script@5 :: Script':
  no 'from.reset' write handler
Rx rate: 429163
While executing 'Script@5 :: Script':
  no 'from.reset' write handler
Rx rate: 428127
While executing 'Script@5 :: Script':
  no 'from.reset' write handler
Rx rate: 429890
While executing 'Script@5 :: Script':
  no 'from.reset' write handler
Rx rate: 427609
While executing 'Script@5 :: Script':
  no 'from.reset' write handler
Rx rate: 429769.230769
While executing 'Script@5 :: Script':
  no 'from.reset' write handler
Rx rate: 426443
While executing 'Script@5 :: Script':
  no 'from.reset' write handler
Rx rate: 425096
While executing 'Script@5 :: Script':
  no 'from.reset' write handler
Rx rate: 427350
While executing 'Script@5 :: Script':
  no 'from.reset' write handler
Rx rate: 433566
While executing 'Script@5 :: Script':
  no 'from.reset' write handler
Rx rate: 422265.734266
While executing 'Script@5 :: Script':
  no 'from.reset' write handler
Rx rate: 427958.041958
While executing 'Script@5 :: Script':
  no 'from.reset' write handler
Rx rate: 428127
While executing 'Script@5 :: Script':
  no 'from.reset' write handler
Rx rate: 427892
While executing 'Script@5 :: Script':
  no 'from.reset' write handler
Rx rate: 428516
While executing 'Script@5 :: Script':
  no 'from.reset' write handler
Rx rate: 429510.48951
While executing 'Script@5 :: Script':
  no 'from.reset' write handler
Rx rate: 430976
While executing 'Script@5 :: Script':
  no 'from.reset' write handler
Rx rate: 428595
While executing 'Script@5 :: Script':
  no 'from.reset' write handler
Rx rate: 428013
While executing 'Script@5 :: Script':
  no 'from.reset' write handler
Rx rate: 427958.041958
While executing 'Script@5 :: Script':
  no 'from.reset' write handler
Rx rate: 429422
While executing 'Script@5 :: Script':
  no 'from.reset' write handler
Rx rate: 427440.559441
While executing 'Script@5 :: Script':
  no 'from.reset' write handler
Rx rate: 425796
While executing 'Script@5 :: Script':
  no 'from.reset' write handler
Rx rate: 417199
While executing 'Script@5 :: Script':
  no 'from.reset' write handler
Rx rate: 429163
While executing 'Script@5 :: Script':
  no 'from.reset' write handler
Rx rate: 427350
While executing 'Script@5 :: Script':
  no 'from.reset' write handler
Rx rate: 431235
While executing 'Script@5 :: Script':
  no 'from.reset' write handler
Rx rate: 428645
While executing 'Script@5 :: Script':
  no 'from.reset' write handler
Rx rate: 422635
While executing 'Script@5 :: Script':
  no 'from.reset' write handler
Rx rate: 428386
While executing 'Script@5 :: Script':
  no 'from.reset' write handler
Rx rate: 428645
While executing 'Script@5 :: Script':
  no 'from.reset' write handler
Rx rate: 426108.782435
While executing 'Script@5 :: Script':
  no 'from.reset' write handler
Rx rate: 426314
While executing 'Script@5 :: Script':
  no 'from.reset' write handler
Rx rate: 424581
While executing 'Script@5 :: Script':
  no 'from.reset' write handler
Rx rate: 427479
While executing 'Script@5 :: Script':
  no 'from.reset' write handler
Rx rate: 425796
While executing 'Script@5 :: Script':
  no 'from.reset' write handler
Rx rate: 419192
While executing 'Script@5 :: Script':
  no 'from.reset' write handler
Rx rate: 426055
While executing 'Script@5 :: Script':
  no 'from.reset' write handler
Rx rate: 428336
While executing 'Script@5 :: Script':
  no 'from.reset' write handler
Rx rate: 424205.794206
While executing 'Script@5 :: Script':
  no 'from.reset' write handler
Rx rate: 422041
While executing 'Script@5 :: Script':
  no 'from.reset' write handler
Rx rate: 426314
While executing 'Script@5 :: Script':
  no 'from.reset' write handler
Rx rate: 425796
While executing 'Script@5 :: Script':
  no 'from.reset' write handler
Rx rate: 428940.05994
While executing 'Script@5 :: Script':
  no 'from.reset' write handler
Rx rate: 422006.993007
While executing 'Script@5 :: Script':
  no 'from.reset' write handler
Rx rate: 422040
While executing 'Script@5 :: Script':
  no 'from.reset' write handler
Rx rate: 427350
While executing 'Script@5 :: Script':
  no 'from.reset' write handler
Rx rate: 428257
While executing 'Script@5 :: Script':
  no 'from.reset' write handler
Rx rate: 425397
While executing 'Script@5 :: Script':
  no 'from.reset' write handler
Rx rate: 428336
While executing 'Script@5 :: Script':
  no 'from.reset' write handler
Rx rate: 429681
While executing 'Script@5 :: Script':
  no 'from.reset' write handler
Rx rate: 425537
While executing 'Script@5 :: Script':
  no 'from.reset' write handler
Rx rate: 428127
While executing 'Script@5 :: Script':
  no 'from.reset' write handler
Rx rate: 429545.908184
While executing 'Script@5 :: Script':
  no 'from.reset' write handler
Rx rate: 413727.272727
While executing 'Script@5 :: Script':
  no 'from.reset' write handler
AUTOTEST_DONE
