/tmp/linux.click:2: While initializing 'from :: FromDevice':
  warning: ens7: no IPv4 address assigned
Startup trace (nsec): main: 8819103004
Startup trace (nsec): init done: 8828312871
Rx rate: 0
While executing 'Script@4 :: Script':
  no 'from.reset' write handler
Rx rate: 669380.28169
While executing 'Script@4 :: Script':
  no 'from.reset' write handler
Rx rate: 644608.782435
While executing 'Script@4 :: Script':
  no 'from.reset' write handler
Rx rate: 893832.335329
While executing 'Script@4 :: Script':
  no 'from.reset' write handler
Rx rate: 892652.347652
While executing 'Script@4 :: Script':
  no 'from.reset' write handler
Rx rate: 890210.578842
While executing 'Script@4 :: Script':
  no 'from.reset' write handler
Rx rate: 880700.199203
While executing 'Script@4 :: Script':
  no 'from.reset' write handler
Rx rate: 886506
While executing 'Script@4 :: Script':
  no 'from.reset' write handler
Rx rate: 876648.351648
While executing 'Script@4 :: Script':
  no 'from.reset' write handler
Rx rate: 907143
While executing 'Script@4 :: Script':
  no 'from.reset' write handler
Rx rate: 908179.82018
While executing 'Script@4 :: Script':
  no 'from.reset' write handler
Rx rate: 897479.041916
While executing 'Script@4 :: Script':
  no 'from.reset' write handler
Rx rate: 874392
While executing 'Script@4 :: Script':
  no 'from.reset' write handler
Rx rate: 899900.0999
While executing 'Script@4 :: Script':
  no 'from.reset' write handler
Rx rate: 903907
While executing 'Script@4 :: Script':
  no 'from.reset' write handler
Rx rate: 881270.729271
While executing 'Script@4 :: Script':
  no 'from.reset' write handler
Rx rate: 896786
While executing 'Script@4 :: Script':
  no 'from.reset' write handler
Rx rate: 896456
While executing 'Script@4 :: Script':
  no 'from.reset' write handler
Rx rate: 871354
While executing 'Script@4 :: Script':
  no 'from.reset' write handler
Rx rate: 899575
While executing 'Script@4 :: Script':
  no 'from.reset' write handler
Rx rate: 898986
While executing 'Script@4 :: Script':
  no 'from.reset' write handler
Rx rate: 846044
While executing 'Script@4 :: Script':
  no 'from.reset' write handler
Rx rate: 893848.303393
While executing 'Script@4 :: Script':
  no 'from.reset' write handler
Rx rate: 902356
While executing 'Script@4 :: Script':
  no 'from.reset' write handler
Rx rate: 852291.708292
While executing 'Script@4 :: Script':
  no 'from.reset' write handler
Rx rate: 877231
While executing 'Script@4 :: Script':
  no 'from.reset' write handler
Rx rate: 904553
While executing 'Script@4 :: Script':
  no 'from.reset' write handler
Rx rate: 864490
While executing 'Script@4 :: Script':
  no 'from.reset' write handler
Rx rate: 845919
While executing 'Script@4 :: Script':
  no 'from.reset' write handler
Rx rate: 888369
While executing 'Script@4 :: Script':
  no 'from.reset' write handler
Rx rate: 891101.898102
While executing 'Script@4 :: Script':
  no 'from.reset' write handler
Rx rate: 895750
While executing 'Script@4 :: Script':
  no 'from.reset' write handler
Rx rate: 892498
While executing 'Script@4 :: Script':
  no 'from.reset' write handler
Rx rate: 895479
While executing 'Script@4 :: Script':
  no 'from.reset' write handler
Rx rate: 893808
While executing 'Script@4 :: Script':
  no 'from.reset' write handler
Rx rate: 893169.83017
While executing 'Script@4 :: Script':
  no 'from.reset' write handler
Rx rate: 893287
While executing 'Script@4 :: Script':
  no 'from.reset' write handler
Rx rate: 892578
While executing 'Script@4 :: Script':
  no 'from.reset' write handler
Rx rate: 890594
While executing 'Script@4 :: Script':
  no 'from.reset' write handler
Rx rate: 887738.261738
While executing 'Script@4 :: Script':
  no 'from.reset' write handler
Rx rate: 888627
While executing 'Script@4 :: Script':
  no 'from.reset' write handler
Rx rate: 888111
While executing 'Script@4 :: Script':
  no 'from.reset' write handler
Rx rate: 878683
While executing 'Script@4 :: Script':
  no 'from.reset' write handler
Rx rate: 882542.542543
While executing 'Script@4 :: Script':
  no 'from.reset' write handler
Rx rate: 886575.424575
While executing 'Script@4 :: Script':
  no 'from.reset' write handler
Rx rate: 889922
While executing 'Script@4 :: Script':
  no 'from.reset' write handler
Rx rate: 890441
While executing 'Script@4 :: Script':
  no 'from.reset' write handler
Rx rate: 878240.759241
While executing 'Script@4 :: Script':
  no 'from.reset' write handler
Rx rate: 884953
While executing 'Script@4 :: Script':
  no 'from.reset' write handler
Rx rate: 886166
While executing 'Script@4 :: Script':
  no 'from.reset' write handler
Rx rate: 886428
While executing 'Script@4 :: Script':
  no 'from.reset' write handler
Rx rate: 885151.848152
While executing 'Script@4 :: Script':
  no 'from.reset' write handler
Rx rate: 881123
While executing 'Script@4 :: Script':
  no 'from.reset' write handler
Rx rate: 900663
While executing 'Script@4 :: Script':
  no 'from.reset' write handler
Rx rate: 887592
While executing 'Script@4 :: Script':
  no 'from.reset' write handler
Rx rate: 888368
While executing 'Script@4 :: Script':
  no 'from.reset' write handler
Rx rate: 905205
While executing 'Script@4 :: Script':
  no 'from.reset' write handler
Rx rate: 838847
While executing 'Script@4 :: Script':
  no 'from.reset' write handler
Rx rate: 890406
While executing 'Script@4 :: Script':
  no 'from.reset' write handler
Rx rate: 890697
While executing 'Script@4 :: Script':
  no 'from.reset' write handler
Rx rate: 882046.953047
While executing 'Script@4 :: Script':
  no 'from.reset' write handler
Rx rate: 895363
While executing 'Script@4 :: Script':
  no 'from.reset' write handler
Rx rate: 885864
While executing 'Script@4 :: Script':
  no 'from.reset' write handler
Rx rate: 897104
While executing 'Script@4 :: Script':
  no 'from.reset' write handler
Rx rate: 886687
While executing 'Script@4 :: Script':
  no 'from.reset' write handler
Rx rate: 884223
While executing 'Script@4 :: Script':
  no 'from.reset' write handler
Rx rate: 889142
While executing 'Script@4 :: Script':
  no 'from.reset' write handler
Rx rate: 882363
While executing 'Script@4 :: Script':
  no 'from.reset' write handler
Rx rate: 880807
While executing 'Script@4 :: Script':
  no 'from.reset' write handler
Rx rate: 888000
While executing 'Script@4 :: Script':
  no 'from.reset' write handler
Rx rate: 882931
While executing 'Script@4 :: Script':
  no 'from.reset' write handler
Rx rate: 885001
While executing 'Script@4 :: Script':
  no 'from.reset' write handler
Rx rate: 881322.033898
While executing 'Script@4 :: Script':
  no 'from.reset' write handler
AUTOTEST_DONE
