Startup trace (nsec): main: 161922286797
Startup trace (nsec): init done: 161926172227
Rx rate: 0
While executing 'Script@8 :: Script':
  no 'from.reset' write handler
Rx rate: 849180.327869
While executing 'Script@8 :: Script':
  no 'from.reset' write handler
Rx rate: 881451.645065
While executing 'Script@8 :: Script':
  no 'from.reset' write handler
Rx rate: 884655.688623
While executing 'Script@8 :: Script':
  no 'from.reset' write handler
Rx rate: 881412.175649
While executing 'Script@8 :: Script':
  no 'from.reset' write handler
Rx rate: 879485
While executing 'Script@8 :: Script':
  no 'from.reset' write handler
Rx rate: 877806.387226
While executing 'Script@8 :: Script':
  no 'from.reset' write handler
Rx rate: 878938
While executing 'Script@8 :: Script':
  no 'from.reset' write handler
Rx rate: 881116
While executing 'Script@8 :: Script':
  no 'from.reset' write handler
Rx rate: 879069.93007
While executing 'Script@8 :: Script':
  no 'from.reset' write handler
Rx rate: 881112
While executing 'Script@8 :: Script':
  no 'from.reset' write handler
Rx rate: 882564.435564
While executing 'Script@8 :: Script':
  no 'from.reset' write handler
Rx rate: 872085.914086
While executing 'Script@8 :: Script':
  no 'from.reset' write handler
Rx rate: 878708.582834
While executing 'Script@8 :: Script':
  no 'from.reset' write handler
Rx rate: 873453
While executing 'Script@8 :: Script':
  no 'from.reset' write handler
Rx rate: 884206.793207
While executing 'Script@8 :: Script':
  no 'from.reset' write handler
Rx rate: 876802.592223
While executing 'Script@8 :: Script':
  no 'from.reset' write handler
Rx rate: 877143
While executing 'Script@8 :: Script':
  no 'from.reset' write handler
Rx rate: 875577.422577
While executing 'Script@8 :: Script':
  no 'from.reset' write handler
Rx rate: 881246
While executing 'Script@8 :: Script':
  no 'from.reset' write handler
Rx rate: 885517
While executing 'Script@8 :: Script':
  no 'from.reset' write handler
Rx rate: 882516.516517
While executing 'Script@8 :: Script':
  no 'from.reset' write handler
Rx rate: 875935
While executing 'Script@8 :: Script':
  no 'from.reset' write handler
Rx rate: 882281
While executing 'Script@8 :: Script':
  no 'from.reset' write handler
Rx rate: 877748
While executing 'Script@8 :: Script':
  no 'from.reset' write handler
Rx rate: 870967
While executing 'Script@8 :: Script':
  no 'from.reset' write handler
Rx rate: 853403
While executing 'Script@8 :: Script':
  no 'from.reset' write handler
Rx rate: 886250
While executing 'Script@8 :: Script':
  no 'from.reset' write handler
Rx rate: 873562
While executing 'Script@8 :: Script':
  no 'from.reset' write handler
Rx rate: 875416
While executing 'Script@8 :: Script':
  no 'from.reset' write handler
Rx rate: 870756
While executing 'Script@8 :: Script':
  no 'from.reset' write handler
Rx rate: 883706
While executing 'Script@8 :: Script':
  no 'from.reset' write handler
Rx rate: 866613
While executing 'Script@8 :: Script':
  no 'from.reset' write handler
Rx rate: 876196
While executing 'Script@8 :: Script':
  no 'from.reset' write handler
Rx rate: 871794.205794
While executing 'Script@8 :: Script':
  no 'from.reset' write handler
Rx rate: 888396
While executing 'Script@8 :: Script':
  no 'from.reset' write handler
Rx rate: 877944
While executing 'Script@8 :: Script':
  no 'from.reset' write handler
Rx rate: 884483
While executing 'Script@8 :: Script':
  no 'from.reset' write handler
Rx rate: 884929
While executing 'Script@8 :: Script':
  no 'from.reset' write handler
Rx rate: 876425.425425
While executing 'Script@8 :: Script':
  no 'from.reset' write handler
Rx rate: 880906.187625
While executing 'Script@8 :: Script':
  no 'from.reset' write handler
Rx rate: 886294
While executing 'Script@8 :: Script':
  no 'from.reset' write handler
Rx rate: 883187
While executing 'Script@8 :: Script':
  no 'from.reset' write handler
Rx rate: 874253
While executing 'Script@8 :: Script':
  no 'from.reset' write handler
Rx rate: 878349
While executing 'Script@8 :: Script':
  no 'from.reset' write handler
Rx rate: 879741.258741
While executing 'Script@8 :: Script':
  no 'from.reset' write handler
Rx rate: 878787
While executing 'Script@8 :: Script':
  no 'from.reset' write handler
Rx rate: 881890
While executing 'Script@8 :: Script':
  no 'from.reset' write handler
Rx rate: 882107
While executing 'Script@8 :: Script':
  no 'from.reset' write handler
Rx rate: 879305
While executing 'Script@8 :: Script':
  no 'from.reset' write handler
Rx rate: 879173
While executing 'Script@8 :: Script':
  no 'from.reset' write handler
Rx rate: 879435
While executing 'Script@8 :: Script':
  no 'from.reset' write handler
Rx rate: 870920.07992
While executing 'Script@8 :: Script':
  no 'from.reset' write handler
Rx rate: 878008
While executing 'Script@8 :: Script':
  no 'from.reset' write handler
Rx rate: 873972.027972
While executing 'Script@8 :: Script':
  no 'from.reset' write handler
Rx rate: 881715.568862
While executing 'Script@8 :: Script':
  no 'from.reset' write handler
Rx rate: 850552
While executing 'Script@8 :: Script':
  no 'from.reset' write handler
Rx rate: 881116
While executing 'Script@8 :: Script':
  no 'from.reset' write handler
Rx rate: 877180.819181
While executing 'Script@8 :: Script':
  no 'from.reset' write handler
Rx rate: 872828
While executing 'Script@8 :: Script':
  no 'from.reset' write handler
Rx rate: 875482.035928
While executing 'Script@8 :: Script':
  no 'from.reset' write handler
Rx rate: 884482
While executing 'Script@8 :: Script':
  no 'from.reset' write handler
Rx rate: 886359
While executing 'Script@8 :: Script':
  no 'from.reset' write handler
Rx rate: 881918.081918
While executing 'Script@8 :: Script':
  no 'from.reset' write handler
Rx rate: 872298
While executing 'Script@8 :: Script':
  no 'from.reset' write handler
Rx rate: 870399.6004
While executing 'Script@8 :: Script':
  no 'from.reset' write handler
Rx rate: 875838.161838
While executing 'Script@8 :: Script':
  no 'from.reset' write handler
Rx rate: 875419
While executing 'Script@8 :: Script':
  no 'from.reset' write handler
Rx rate: 883661
While executing 'Script@8 :: Script':
  no 'from.reset' write handler
Rx rate: 874186.813187
While executing 'Script@8 :: Script':
  no 'from.reset' write handler
Rx rate: 876196
While executing 'Script@8 :: Script':
  no 'from.reset' write handler
Rx rate: 885001
While executing 'Script@8 :: Script':
  no 'from.reset' write handler
Rx rate: 880340
While executing 'Script@8 :: Script':
  no 'from.reset' write handler
AUTOTEST_DONE
