Time,Device,Direction,PacketRate,Mbit,MbitWithFraming,TotalPackets,TotalBytes
1761101309,Device: id=0,RX,0.76149956368429,1486.4374479842,1608.2773781737,766212,186955484
1761101309,Device: id=0,TX,0,0,0,0,0
1761101310,Device: id=0,RX,0.77318821788074,1509.2653443298,1632.9754591907,1542971,376484924
1761101310,Device: id=0,TX,0,0,0,0,0
1761101311,Device: id=0,RX,0.77775851577152,1518.184622786,1642.6259853094,2324855,567264620
1761101311,Device: id=0,TX,0,0,0,0,0
1761101312,Device: id=0,RX,0.76657024182454,1496.3470537431,1618.998292435,3095491,755300048
1761101312,Device: id=0,TX,0,0,0,0,0
1761101313,Device: id=0,RX,0.77024724749474,1503.5206854069,1626.7602450061,3869823,944236812
1761101313,Device: id=0,TX,0,0,0,0,0
1761101314,Device: id=0,RX,0.7684548552749,1500.025819162,1622.978596006,4642368,1132738036
1761101314,Device: id=0,TX,0,0,0,0,0
1761101315,Device: id=0,RX,0.75822324680412,1480.0498361245,1601.3655556131,5404638,1318731672
1761101315,Device: id=0,TX,0,0,0,0,0
1761101316,Device: id=0,RX,0.7774257710378,1517.5351050658,1641.9232284318,6186188,1509429872
1761101316,Device: id=0,TX,0,0,0,0,0
1761101317,Device: id=0,RX,0.77992428167244,1522.4121978246,1647.2000828922,6970251,1700741244
1761101317,Device: id=0,TX,0,0,0,0,0
1761101318,Device: id=0,RX,0.76655852282254,1496.3222365496,1618.9716002012,7740873,1888773012
1761101318,Device: id=0,TX,0,0,0,0,0
1761101319,Device: id=0,RX,0.76964227182803,1502.3533623536,1625.4961258461,8514761,2077603148
1761101319,Device: id=0,TX,0,0,0,0,0
1761101320,Device: id=0,RX,0.77386490201575,1510.5726531177,1634.3910374402,9293706,2267664264
1761101320,Device: id=0,TX,0,0,0,0,0
1761101321,Device: id=0,RX,0.77816615443018,1518.9803334477,1643.4869181565,10076041,2458554004
1761101321,Device: id=0,TX,0,0,0,0,0
1761101322,Device: id=0,RX,0.74885975150052,1461.7752376623,1581.5927979024,10828834,2642235622
1761101322,Device: id=0,TX,0,0,0,0,0
1761101323,Device: id=0,RX,0.76580770261384,1494.8566355022,1617.3858679204,11598663,2830073898
1761101323,Device: id=0,TX,0,0,0,0,0
1761101324,Device: id=0,RX,0.77031987953265,1503.6644048477,1626.915585573,12373068,3019028718
1761101324,Device: id=0,TX,0,0,0,0,0
1761101325,Device: id=0,RX,0.75580864192063,1475.3365284454,1596.2659111527,13133323,3204530694
1761101325,Device: id=0,TX,0,0,0,0,0
1761101326,Device: id=0,RX,0.76929870058449,1501.6730053427,1624.7607974362,13906662,3393225654
1761101326,Device: id=0,TX,0,0,0,0,0
1761101327,Device: id=0,RX,0.77053056783557,1504.075668415,1627.3605592687,14681240,3582222686
1761101327,Device: id=0,TX,0,0,0,0,0
1761101328,Device: id=0,RX,0.7732038358188,1509.2919457124,1633.0045594434,15458503,3771874614
1761101328,Device: id=0,TX,0,0,0,0,0
1761101329,Device: id=0,RX,0.77571483016455,1514.2069992894,1638.3213721158,16238292,3962144594
1761101329,Device: id=0,TX,0,0,0,0,0
1761101330,Device: id=0,RX,0.77264255475245,1508.1885639589,1631.8113727193,17015480,4151777246
1761101330,Device: id=0,TX,0,0,0,0,0
1761101331,Device: id=0,RX,0.77456485992829,1511.95060658,1635.8809841686,17794153,4341773458
1761101331,Device: id=0,TX,0,0,0,0,0
1761101332,Device: id=0,RX,0.77373006557138,1510.3191462943,1634.1159567857,18571987,4531564710
1761101332,Device: id=0,TX,0,0,0,0,0
1761101333,Device: id=0,RX,0.77435024295432,1511.5336150341,1635.4296539068,19350811,4721598010
1761101333,Device: id=0,TX,0,0,0,0,0
1761101334,Device: id=0,RX,0.77283845937051,1508.5806726912,1632.2348261905,20127709,4911161122
1761101334,Device: id=0,TX,0,0,0,0,0
1761101335,Device: id=0,RX,0.78042318271232,1523.3860526544,1648.2537618884,20912230,5102584246
1761101335,Device: id=0,TX,0,0,0,0,0
1761101336,Device: id=0,RX,0.77597905525344,1514.7130576576,1638.8697064982,21692284,5292917666
1761101336,Device: id=0,TX,0,0,0,0,0
1761101337,Device: id=0,RX,0.77802100684534,1518.6950641681,1643.1784252634,22474636,5483811310
1761101337,Device: id=0,TX,0,0,0,0,0
1761101338,Device: id=0,RX,0.77508254371459,1512.9611253309,1636.9743323252,23253789,5673924642
1761101338,Device: id=0,TX,0,0,0,0,0
1761101339,Device: id=0,RX,0.77672738591847,1516.1718573129,1640.4482390598,24034595,5864441306
1761101339,Device: id=0,TX,0,0,0,0,0
1761101340,Device: id=0,RX,0.77421783712342,1511.2732180649,1635.1480720047,24813411,6054472410
1761101340,Device: id=0,TX,0,0,0,0,0
1761101341,Device: id=0,RX,0.77378331664874,1510.4250340983,1634.2303647621,25591297,6244276594
1761101341,Device: id=0,TX,0,0,0,0,0
1761101342,Device: id=0,RX,0.77160669384263,1506.1762663808,1629.6333373956,26366957,6433537634
1761101342,Device: id=0,TX,0,0,0,0,0
1761101343,Device: id=0,RX,0.77218491274251,1507.3049496734,1630.8545357122,27143195,6622939706
1761101343,Device: id=0,TX,0,0,0,0,0
1761101344,Device: id=0,RX,0.77338602394756,1509.6495187456,1633.3912825772,27920643,6812637018
1761101344,Device: id=0,TX,0,0,0,0,0
1761101345,Device: id=0,RX,0.77598883650928,1514.7302088661,1638.8884227076,28700911,7003022410
1761101345,Device: id=0,TX,0,0,0,0,0
1761101346,Device: id=0,RX,0.77209810474528,1507.1355004628,1630.671197222,29477064,7192403742
1761101346,Device: id=0,TX,0,0,0,0,0
1761101347,Device: id=0,RX,0.77421325296111,1511.2642697801,1635.1383902539,30255547,7382353594
1761101347,Device: id=0,TX,0,0,0,0,0
1761101348,Device: id=0,RX,0.77624715630581,1515.2344491089,1639.4339941179,31035870,7572752406
1761101348,Device: id=0,TX,0,0,0,0,0
1761101349,Device: id=0,RX,0.77279246563493,1508.4889527481,1632.1357472497,31813374,7762463138
1761101349,Device: id=0,TX,0,0,0,0,0
1761101350,Device: id=0,RX,0.77476283300765,1512.3389917326,1636.3010450138,32592246,7952508150
1761101350,Device: id=0,TX,0,0,0,0,0
1761101351,Device: id=0,RX,0.7713351449899,1505.6462030203,1629.0598262187,33367675,8141712826
1761101351,Device: id=0,TX,0,0,0,0,0
1761101352,Device: id=0,RX,0.76997223451284,1502.9858017691,1626.1813592911,34141686,8330571510
1761101352,Device: id=0,TX,0,0,0,0,0
1761101353,Device: id=0,RX,0.76849170715668,1500.0958123698,1623.0544855149,34914254,8519078102
1761101353,Device: id=0,TX,0,0,0,0,0
1761101354,Device: id=0,RX,0.76748999254129,1498.1414681715,1620.9398669781,35685777,8707329840
1761101354,Device: id=0,TX,0,0,0,0,0
1761101355,Device: id=0,RX,0.77111485841754,1505.216203631,1628.5945809778,36461182,8896528660
1761101355,Device: id=0,TX,0,0,0,0,0
1761101356,Device: id=0,RX,0.77604345055666,1514.8348736893,1639.0018257784,37241303,9086877940
1761101356,Device: id=0,TX,0,0,0,0,0
1761101357,Device: id=0,RX,0.77991418512129,1522.3944296371,1647.1806992565,38025928,9278326684
1761101357,Device: id=0,TX,0,0,0,0,0
1761101358,Device: id=0,RX,0.77933642866344,1521.2627669506,1645.9565955368,38809358,9469483360
1761101358,Device: id=0,TX,0,0,0,0,0
1761101359,Device: id=0,RX,0.77317743065934,1509.2442863541,1632.9526752596,39586634,9659138948
1761101359,Device: id=0,TX,0,0,0,0,0
1761101360,Device: id=0,RX,0.77633491308627,1515.4057503444,1639.6193364382,40367088,9849569724
1761101360,Device: id=0,TX,0,0,0,0,0
1761101361,Device: id=0,RX,0.7778881287884,1518.4356855943,1642.8977862004,41149062,10040371136
1761101361,Device: id=0,TX,0,0,0,0,0
1761101362,Device: id=0,RX,0.77678690554162,1516.2899814204,1640.575886307,41929928,10230902684
1761101362,Device: id=0,TX,0,0,0,0,0
1761101363,Device: id=0,RX,0.77790833917574,1518.4770780711,1642.9424123392,42712334,10421809748
1761101363,Device: id=0,TX,0,0,0,0,0
1761101364,Device: id=0,RX,0.77561715088277,1514.0046785232,1638.1034226644,43492019,10612052888
1761101364,Device: id=0,TX,0,0,0,0,0
1761101365,Device: id=0,RX,0.77423296468035,1511.3008053586,1635.1780797074,44270360,10801967848
1761101365,Device: id=0,TX,0,0,0,0,0
1761101366,Device: id=0,RX,0.77774797963867,1518.167936814,1642.6076135562,45052806,10992885160
1761101366,Device: id=0,TX,0,0,0,0,0
1761101367,Device: id=0,RX,0.78150001605115,1525.486089534,1650.5260921022,45838412,11184572780
1761101367,Device: id=0,TX,0,0,0,0,0
1761101368,Device: id=0,RX,0.77563417789829,1514.0379152575,1638.1393837212,46618117,11374820800
1761101368,Device: id=0,TX,0,0,0,0,0
1761101369,Device: id=0,RX,0.77560754102064,1513.9859200723,1638.0831266356,47397798,11565062964
1761101369,Device: id=0,TX,0,0,0,0,0
1761101370,Device: id=0,RX,0.77859981191022,1519.8248910446,1644.4008609502,48180486,11756038592
1761101370,Device: id=0,TX,0,0,0,0,0
1761101371,Device: id=0,RX,0.78117064577239,1524.8470423478,1649.8343456713,48965760,11947645692
1761101371,Device: id=0,TX,0,0,0,0,0
1761101372,Device: id=0,RX,0.77930234088128,1521.1962275955,1645.8846021365,49749154,12138793584
1761101372,Device: id=0,TX,0,0,0,0,0
1761101373,Device: id=0,RX,0.77646969378542,1515.6707823451,1639.9059333508,50530396,12329416876
1761101373,Device: id=0,TX,0,0,0,0,0
1761101374,Device: id=0,RX,0.77582222866687,1514.4049903577,1638.5365469444,51310334,12519721748
1761101374,Device: id=0,TX,0,0,0,0,0
1761101375,Device: id=0,RX,0.77807406519791,1518.8005752663,1643.292425698,52092494,12710568788
1761101375,Device: id=0,TX,0,0,0,0,0
1761101376,Device: id=0,RX,0.77570933855545,1514.1846288602,1638.2981230291,52872276,12900835596
1761101376,Device: id=0,TX,0,0,0,0,0
1761101377,Device: id=0,RX,0.77790091384144,1518.4625838185,1642.9267300331,53654263,13091640424
1761101377,Device: id=0,TX,0,0,0,0,0
1761101378,Device: id=0,RX,0.77393178226862,1510.7148389883,1634.5439241513,54432261,13281471936
1761101378,Device: id=0,TX,0,0,0,0,0
1761101379,Device: id=0,RX,0.77359888839972,1510.0650875896,1633.8409097335,55030263,13427384424
1761101379,Device: id=0,TX,0,0,0,0,0
