/tmp/linux.click:2: While initializing 'from :: FromDevice':
  warning: ens7: no IPv4 address assigned
Startup trace (nsec): main: 8863318091
Startup trace (nsec): init done: 8872099796
Rx rate: 0
While executing 'Script@4 :: Script':
  no 'from.reset' write handler
Rx rate: 1034250
While executing 'Script@4 :: Script':
  no 'from.reset' write handler
Rx rate: 911471.528472
While executing 'Script@4 :: Script':
  no 'from.reset' write handler
Rx rate: 990436
While executing 'Script@4 :: Script':
  no 'from.reset' write handler
Rx rate: 990833.166833
While executing 'Script@4 :: Script':
  no 'from.reset' write handler
Rx rate: 953638.361638
While executing 'Script@4 :: Script':
  no 'from.reset' write handler
Rx rate: 990337
While executing 'Script@4 :: Script':
  no 'from.reset' write handler
Rx rate: 931540
While executing 'Script@4 :: Script':
  no 'from.reset' write handler
Rx rate: 939207
While executing 'Script@4 :: Script':
  no 'from.reset' write handler
Rx rate: 966268
While executing 'Script@4 :: Script':
  no 'from.reset' write handler
Rx rate: 969888
While executing 'Script@4 :: Script':
  no 'from.reset' write handler
Rx rate: 968846
While executing 'Script@4 :: Script':
  no 'from.reset' write handler
Rx rate: 937355
While executing 'Script@4 :: Script':
  no 'from.reset' write handler
Rx rate: 970344
While executing 'Script@4 :: Script':
  no 'from.reset' write handler
Rx rate: 971403.596404
While executing 'Script@4 :: Script':
  no 'from.reset' write handler
Rx rate: 932090.909091
While executing 'Script@4 :: Script':
  no 'from.reset' write handler
Rx rate: 969589.410589
While executing 'Script@4 :: Script':
  no 'from.reset' write handler
Rx rate: 966914
While executing 'Script@4 :: Script':
  no 'from.reset' write handler
Rx rate: 923252
While executing 'Script@4 :: Script':
  no 'from.reset' write handler
Rx rate: 966425
While executing 'Script@4 :: Script':
  no 'from.reset' write handler
Rx rate: 966579
While executing 'Script@4 :: Script':
  no 'from.reset' write handler
Rx rate: 916469
While executing 'Script@4 :: Script':
  no 'from.reset' write handler
Rx rate: 968530.46953
While executing 'Script@4 :: Script':
  no 'from.reset' write handler
Rx rate: 967724
While executing 'Script@4 :: Script':
  no 'from.reset' write handler
Rx rate: 908278
While executing 'Script@4 :: Script':
  no 'from.reset' write handler
Rx rate: 968443
While executing 'Script@4 :: Script':
  no 'from.reset' write handler
Rx rate: 969881.118881
While executing 'Script@4 :: Script':
  no 'from.reset' write handler
Rx rate: 959870
While executing 'Script@4 :: Script':
  no 'from.reset' write handler
Rx rate: 916983
While executing 'Script@4 :: Script':
  no 'from.reset' write handler
Rx rate: 970230.769231
While executing 'Script@4 :: Script':
  no 'from.reset' write handler
Rx rate: 968226.773227
While executing 'Script@4 :: Script':
  no 'from.reset' write handler
Rx rate: 967161
While executing 'Script@4 :: Script':
  no 'from.reset' write handler
Rx rate: 969538
While executing 'Script@4 :: Script':
  no 'from.reset' write handler
Rx rate: 970829.170829
While executing 'Script@4 :: Script':
  no 'from.reset' write handler
Rx rate: 969963
While executing 'Script@4 :: Script':
  no 'from.reset' write handler
Rx rate: 968871
While executing 'Script@4 :: Script':
  no 'from.reset' write handler
Rx rate: 971485
While executing 'Script@4 :: Script':
  no 'from.reset' write handler
Rx rate: 968055
While executing 'Script@4 :: Script':
  no 'from.reset' write handler
Rx rate: 969878
While executing 'Script@4 :: Script':
  no 'from.reset' write handler
Rx rate: 968310
While executing 'Script@4 :: Script':
  no 'from.reset' write handler
Rx rate: 964784
While executing 'Script@4 :: Script':
  no 'from.reset' write handler
Rx rate: 966196.803197
While executing 'Script@4 :: Script':
  no 'from.reset' write handler
Rx rate: 967724.275724
While executing 'Script@4 :: Script':
  no 'from.reset' write handler
Rx rate: 969626
While executing 'Script@4 :: Script':
  no 'from.reset' write handler
Rx rate: 969606
While executing 'Script@4 :: Script':
  no 'from.reset' write handler
Rx rate: 967303
While executing 'Script@4 :: Script':
  no 'from.reset' write handler
Rx rate: 966905
While executing 'Script@4 :: Script':
  no 'from.reset' write handler
Rx rate: 971070
While executing 'Script@4 :: Script':
  no 'from.reset' write handler
Rx rate: 970106
While executing 'Script@4 :: Script':
  no 'from.reset' write handler
Rx rate: 972336
While executing 'Script@4 :: Script':
  no 'from.reset' write handler
Rx rate: 968096.903097
While executing 'Script@4 :: Script':
  no 'from.reset' write handler
Rx rate: 970328
While executing 'Script@4 :: Script':
  no 'from.reset' write handler
Rx rate: 973543
While executing 'Script@4 :: Script':
  no 'from.reset' write handler
Rx rate: 974729
While executing 'Script@4 :: Script':
  no 'from.reset' write handler
Rx rate: 973914
While executing 'Script@4 :: Script':
  no 'from.reset' write handler
Rx rate: 973362
While executing 'Script@4 :: Script':
  no 'from.reset' write handler
Rx rate: 972863
While executing 'Script@4 :: Script':
  no 'from.reset' write handler
Rx rate: 960798
While executing 'Script@4 :: Script':
  no 'from.reset' write handler
Rx rate: 967196
While executing 'Script@4 :: Script':
  no 'from.reset' write handler
Rx rate: 967976
While executing 'Script@4 :: Script':
  no 'from.reset' write handler
Rx rate: 965906
While executing 'Script@4 :: Script':
  no 'from.reset' write handler
Rx rate: 967203.796204
While executing 'Script@4 :: Script':
  no 'from.reset' write handler
Rx rate: 971023
While executing 'Script@4 :: Script':
  no 'from.reset' write handler
Rx rate: 972215
While executing 'Script@4 :: Script':
  no 'from.reset' write handler
Rx rate: 968564.435564
While executing 'Script@4 :: Script':
  no 'from.reset' write handler
Rx rate: 970105.894106
While executing 'Script@4 :: Script':
  no 'from.reset' write handler
Rx rate: 971715
While executing 'Script@4 :: Script':
  no 'from.reset' write handler
Rx rate: 969054
While executing 'Script@4 :: Script':
  no 'from.reset' write handler
Rx rate: 967644
While executing 'Script@4 :: Script':
  no 'from.reset' write handler
Rx rate: 967172
While executing 'Script@4 :: Script':
  no 'from.reset' write handler
Rx rate: 967225
While executing 'Script@4 :: Script':
  no 'from.reset' write handler
Rx rate: 966203
While executing 'Script@4 :: Script':
  no 'from.reset' write handler
Rx rate: 967890
While executing 'Script@4 :: Script':
  no 'from.reset' write handler
AUTOTEST_DONE
