Time,Device,Direction,PacketRate,Mbit,MbitWithFraming,TotalPackets,TotalBytes
1761093491,Device: id=0,RX,0,0,0,0,0
1761093491,Device: id=0,TX,0,0,0,0,0
1761093492,Device: id=0,RX,0,0,0,0,0
1761093492,Device: id=0,TX,0,0,0,0,0
1761093493,Device: id=0,RX,0,0,0,0,0
1761093493,Device: id=0,TX,0,0,0,0,0
1761093494,Device: id=0,RX,0,0,0,0,0
1761093494,Device: id=0,TX,0,0,0,0,0
1761093495,Device: id=0,RX,0,0,0,0,0
1761093496,Device: id=0,TX,0,0,0,0,0
1761093496,Device: id=0,RX,0,0,0,0,0
1761093497,Device: id=0,TX,0,0,0,0,0
1761093497,Device: id=0,RX,0,0,0,0,0
1761093498,Device: id=0,TX,0,0,0,0,0
1761093498,Device: id=0,RX,0,0,0,0,0
1761093499,Device: id=0,TX,0,0,0,0,0
1761093499,Device: id=0,RX,0,0,0,0,0
1761093500,Device: id=0,TX,0,0,0,0,0
1761093500,Device: id=0,RX,0,0,0,0,0
1761093501,Device: id=0,TX,0,0,0,0,0
1761093502,Device: id=0,RX,0,0,0,0,0
1761093502,Device: id=0,TX,0,0,0,0,0
1761093503,Device: id=0,RX,0,0,0,0,0
1761093503,Device: id=0,TX,0,0,0,0,0
1761093504,Device: id=0,RX,0,0,0,0,0
1761093504,Device: id=0,TX,0,0,0,0,0
1761093505,Device: id=0,RX,0,0,0,0,0
1761093505,Device: id=0,TX,0,0,0,0,0
1761093506,Device: id=0,RX,0,0,0,0,0
1761093506,Device: id=0,TX,0,0,0,0,0
1761093507,Device: id=0,RX,0,0,0,0,0
1761093507,Device: id=0,TX,0,0,0,0,0
1761093508,Device: id=0,RX,0,0,0,0,0
1761093508,Device: id=0,TX,0,0,0,0,0
1761093509,Device: id=0,RX,0,0,0,0,0
1761093509,Device: id=0,TX,0,0,0,0,0
1761093510,Device: id=0,RX,0,0,0,0,0
1761093510,Device: id=0,TX,0,0,0,0,0
1761093511,Device: id=0,RX,0,0,0,0,0
1761093511,Device: id=0,TX,0,0,0,0,0
1761093512,Device: id=0,RX,0,0,0,0,0
1761093512,Device: id=0,TX,0,0,0,0,0
1761093513,Device: id=0,RX,0,0,0,0,0
1761093513,Device: id=0,TX,0,0,0,0,0
1761093514,Device: id=0,RX,0,0,0,0,0
1761093514,Device: id=0,TX,0,0,0,0,0
1761093515,Device: id=0,RX,0,0,0,0,0
1761093515,Device: id=0,TX,0,0,0,0,0
1761093516,Device: id=0,RX,0,0,0,0,0
1761093516,Device: id=0,TX,0,0,0,0,0
1761093517,Device: id=0,RX,0,0,0,0,0
1761093517,Device: id=0,TX,0,0,0,0,0
1761093518,Device: id=0,RX,0,0,0,0,0
1761093518,Device: id=0,TX,0,0,0,0,0
1761093519,Device: id=0,RX,0,0,0,0,0
1761093519,Device: id=0,TX,0,0,0,0,0
1761093520,Device: id=0,RX,0,0,0,0,0
1761093520,Device: id=0,TX,0,0,0,0,0
1761093521,Device: id=0,RX,0,0,0,0,0
1761093521,Device: id=0,TX,0,0,0,0,0
1761093522,Device: id=0,RX,0,0,0,0,0
1761093522,Device: id=0,TX,0,0,0,0,0
1761093523,Device: id=0,RX,0,0,0,0,0
1761093523,Device: id=0,TX,0,0,0,0,0
1761093524,Device: id=0,RX,0,0,0,0,0
1761093524,Device: id=0,TX,0,0,0,0,0
1761093525,Device: id=0,RX,0,0,0,0,0
1761093525,Device: id=0,TX,0,0,0,0,0
1761093526,Device: id=0,RX,0,0,0,0,0
1761093526,Device: id=0,TX,0,0,0,0,0
1761093527,Device: id=0,RX,0,0,0,0,0
1761093527,Device: id=0,TX,0,0,0,0,0
1761093528,Device: id=0,RX,0,0,0,0,0
1761093528,Device: id=0,TX,0,0,0,0,0
1761093529,Device: id=0,RX,0,0,0,0,0
1761093529,Device: id=0,TX,0,0,0,0,0
1761093530,Device: id=0,RX,0,0,0,0,0
1761093530,Device: id=0,TX,0,0,0,0,0
1761093531,Device: id=0,RX,0,0,0,0,0
1761093531,Device: id=0,TX,0,0,0,0,0
1761093532,Device: id=0,RX,0,0,0,0,0
1761093532,Device: id=0,TX,0,0,0,0,0
1761093533,Device: id=0,RX,0,0,0,0,0
1761093533,Device: id=0,TX,0,0,0,0,0
1761093534,Device: id=0,RX,0,0,0,0,0
1761093534,Device: id=0,TX,0,0,0,0,0
1761093535,Device: id=0,RX,0,0,0,0,0
1761093535,Device: id=0,TX,0,0,0,0,0
1761093536,Device: id=0,RX,0,0,0,0,0
1761093536,Device: id=0,TX,0,0,0,0,0
1761093537,Device: id=0,RX,0,0,0,0,0
1761093537,Device: id=0,TX,0,0,0,0,0
1761093538,Device: id=0,RX,0,0,0,0,0
1761093538,Device: id=0,TX,0,0,0,0,0
1761093539,Device: id=0,RX,0,0,0,0,0
1761093539,Device: id=0,TX,0,0,0,0,0
1761093540,Device: id=0,RX,0,0,0,0,0
1761093540,Device: id=0,TX,0,0,0,0,0
1761093541,Device: id=0,RX,0,0,0,0,0
1761093541,Device: id=0,TX,0,0,0,0,0
1761093542,Device: id=0,RX,0,0,0,0,0
1761093542,Device: id=0,TX,0,0,0,0,0
1761093543,Device: id=0,RX,0,0,0,0,0
1761093543,Device: id=0,TX,0,0,0,0,0
1761093544,Device: id=0,RX,0,0,0,0,0
1761093544,Device: id=0,TX,0,0,0,0,0
1761093545,Device: id=0,RX,0,0,0,0,0
1761093545,Device: id=0,TX,0,0,0,0,0
1761093546,Device: id=0,RX,0,0,0,0,0
1761093546,Device: id=0,TX,0,0,0,0,0
1761093547,Device: id=0,RX,0,0,0,0,0
1761093547,Device: id=0,TX,0,0,0,0,0
1761093548,Device: id=0,RX,0,0,0,0,0
1761093548,Device: id=0,TX,0,0,0,0,0
1761093549,Device: id=0,RX,0,0,0,0,0
1761093549,Device: id=0,TX,0,0,0,0,0
1761093550,Device: id=0,RX,0,0,0,0,0
1761093550,Device: id=0,TX,0,0,0,0,0
1761093551,Device: id=0,RX,0,0,0,0,0
1761093551,Device: id=0,TX,0,0,0,0,0
1761093552,Device: id=0,RX,0,0,0,0,0
1761093552,Device: id=0,TX,0,0,0,0,0
1761093553,Device: id=0,RX,0,0,0,0,0
1761093553,Device: id=0,TX,0,0,0,0,0
1761093554,Device: id=0,RX,0,0,0,0,0
1761093554,Device: id=0,TX,0,0,0,0,0
1761093555,Device: id=0,RX,0,0,0,0,0
1761093555,Device: id=0,TX,0,0,0,0,0
1761093556,Device: id=0,RX,0,0,0,0,0
1761093556,Device: id=0,TX,0,0,0,0,0
1761093557,Device: id=0,RX,0,0,0,0,0
1761093557,Device: id=0,TX,0,0,0,0,0
1761093558,Device: id=0,RX,0,0,0,0,0
1761093558,Device: id=0,TX,0,0,0,0,0
1761093559,Device: id=0,RX,0,0,0,0,0
1761093559,Device: id=0,TX,0,0,0,0,0
1761093560,Device: id=0,RX,0,0,0,0,0
1761093560,Device: id=0,TX,0,0,0,0,0
1761093561,Device: id=0,RX,0,0,0,0,0
1761093561,Device: id=0,TX,0,0,0,0,0
1761093562,Device: id=0,RX,0,0,0,0,0
1761093562,Device: id=0,TX,0,0,0,0,0
