Startup trace (nsec): main: 161852491985
Startup trace (nsec): init done: 161856173596
Rx rate: 0
While executing 'Script@5 :: Script':
  no 'from.reset' write handler
Rx rate: 409846.153846
While executing 'Script@5 :: Script':
  no 'from.reset' write handler
Rx rate: 429300.099701
While executing 'Script@5 :: Script':
  no 'from.reset' write handler
Rx rate: 428007.976072
While executing 'Script@5 :: Script':
  no 'from.reset' write handler
Rx rate: 430062.874251
While executing 'Script@5 :: Script':
  no 'from.reset' write handler
Rx rate: 432183.632735
While executing 'Script@5 :: Script':
  no 'from.reset' write handler
Rx rate: 426497.005988
While executing 'Script@5 :: Script':
  no 'from.reset' write handler
Rx rate: 429122.877123
While executing 'Script@5 :: Script':
  no 'from.reset' write handler
Rx rate: 424723.276723
While executing 'Script@5 :: Script':
  no 'from.reset' write handler
Rx rate: 429041.874377
While executing 'Script@5 :: Script':
  no 'from.reset' write handler
Rx rate: 430537
While executing 'Script@5 :: Script':
  no 'from.reset' write handler
Rx rate: 427815
While executing 'Script@5 :: Script':
  no 'from.reset' write handler
Rx rate: 427998
While executing 'Script@5 :: Script':
  no 'from.reset' write handler
Rx rate: 428256
While executing 'Script@5 :: Script':
  no 'from.reset' write handler
Rx rate: 432739
While executing 'Script@5 :: Script':
  no 'from.reset' write handler
Rx rate: 426314
While executing 'Script@5 :: Script':
  no 'from.reset' write handler
Rx rate: 427879.361914
While executing 'Script@5 :: Script':
  no 'from.reset' write handler
Rx rate: 428775
While executing 'Script@5 :: Script':
  no 'from.reset' write handler
Rx rate: 426832
While executing 'Script@5 :: Script':
  no 'from.reset' write handler
Rx rate: 430458
While executing 'Script@5 :: Script':
  no 'from.reset' write handler
Rx rate: 426573
While executing 'Script@5 :: Script':
  no 'from.reset' write handler
Rx rate: 425487
While executing 'Script@5 :: Script':
  no 'from.reset' write handler
Rx rate: 428216.783217
While executing 'Script@5 :: Script':
  no 'from.reset' write handler
Rx rate: 427738
While executing 'Script@5 :: Script':
  no 'from.reset' write handler
Rx rate: 424930.06993
While executing 'Script@5 :: Script':
  no 'from.reset' write handler
Rx rate: 410256
While executing 'Script@5 :: Script':
  no 'from.reset' write handler
Rx rate: 426314
While executing 'Script@5 :: Script':
  no 'from.reset' write handler
Rx rate: 429598.802395
While executing 'Script@5 :: Script':
  no 'from.reset' write handler
Rx rate: 429422
While executing 'Script@5 :: Script':
  no 'from.reset' write handler
Rx rate: 428734.265734
While executing 'Script@5 :: Script':
  no 'from.reset' write handler
Rx rate: 431494
While executing 'Script@5 :: Script':
  no 'from.reset' write handler
Rx rate: 430706
While executing 'Script@5 :: Script':
  no 'from.reset' write handler
Rx rate: 427480
While executing 'Script@5 :: Script':
  no 'from.reset' write handler
Rx rate: 426832
While executing 'Script@5 :: Script':
  no 'from.reset' write handler
Rx rate: 429341
While executing 'Script@5 :: Script':
  no 'from.reset' write handler
Rx rate: 433437
While executing 'Script@5 :: Script':
  no 'from.reset' write handler
Rx rate: 429940
While executing 'Script@5 :: Script':
  no 'from.reset' write handler
Rx rate: 430027.972028
While executing 'Script@5 :: Script':
  no 'from.reset' write handler
Rx rate: 427350
While executing 'Script@5 :: Script':
  no 'from.reset' write handler
Rx rate: 423076
While executing 'Script@5 :: Script':
  no 'from.reset' write handler
Rx rate: 428386
While executing 'Script@5 :: Script':
  no 'from.reset' write handler
Rx rate: 422565
While executing 'Script@5 :: Script':
  no 'from.reset' write handler
Rx rate: 425111.888112
While executing 'Script@5 :: Script':
  no 'from.reset' write handler
Rx rate: 424925.925926
While executing 'Script@5 :: Script':
  no 'from.reset' write handler
Rx rate: 426523
While executing 'Script@5 :: Script':
  no 'from.reset' write handler
Rx rate: 427868
While executing 'Script@5 :: Script':
  no 'from.reset' write handler
Rx rate: 426055
While executing 'Script@5 :: Script':
  no 'from.reset' write handler
Rx rate: 428386
While executing 'Script@5 :: Script':
  no 'from.reset' write handler
Rx rate: 425537
While executing 'Script@5 :: Script':
  no 'from.reset' write handler
Rx rate: 425111.888112
While executing 'Script@5 :: Script':
  no 'from.reset' write handler
Rx rate: 428516
While executing 'Script@5 :: Script':
  no 'from.reset' write handler
Rx rate: 428854
While executing 'Script@5 :: Script':
  no 'from.reset' write handler
Rx rate: 427131.868132
While executing 'Script@5 :: Script':
  no 'from.reset' write handler
Rx rate: 425796
While executing 'Script@5 :: Script':
  no 'from.reset' write handler
Rx rate: 424100
While executing 'Script@5 :: Script':
  no 'from.reset' write handler
Rx rate: 431623
While executing 'Script@5 :: Script':
  no 'from.reset' write handler
Rx rate: 410645
While executing 'Script@5 :: Script':
  no 'from.reset' write handler
Rx rate: 423983
While executing 'Script@5 :: Script':
  no 'from.reset' write handler
Rx rate: 428863.136863
While executing 'Script@5 :: Script':
  no 'from.reset' write handler
Rx rate: 420584.415584
While executing 'Script@5 :: Script':
  no 'from.reset' write handler
Rx rate: 427868
While executing 'Script@5 :: Script':
  no 'from.reset' write handler
Rx rate: 431364
While executing 'Script@5 :: Script':
  no 'from.reset' write handler
Rx rate: 424319
While executing 'Script@5 :: Script':
  no 'from.reset' write handler
Rx rate: 427699.300699
While executing 'Script@5 :: Script':
  no 'from.reset' write handler
Rx rate: 428203
While executing 'Script@5 :: Script':
  no 'from.reset' write handler
Rx rate: 428775
While executing 'Script@5 :: Script':
  no 'from.reset' write handler
Rx rate: 425019
While executing 'Script@5 :: Script':
  no 'from.reset' write handler
Rx rate: 423300.699301
While executing 'Script@5 :: Script':
  no 'from.reset' write handler
Rx rate: 426443
While executing 'Script@5 :: Script':
  no 'from.reset' write handler
Rx rate: 428775
While executing 'Script@5 :: Script':
  no 'from.reset' write handler
Rx rate: 425537
While executing 'Script@5 :: Script':
  no 'from.reset' write handler
Rx rate: 423465
While executing 'Script@5 :: Script':
  no 'from.reset' write handler
Rx rate: 426991
While executing 'Script@5 :: Script':
  no 'from.reset' write handler
AUTOTEST_DONE
