/tmp/linux.click:2: While initializing 'from :: FromDevice':
  warning: ens7: no IPv4 address assigned
Startup trace (nsec): main: 8851898374
Startup trace (nsec): init done: 8861075813
Rx rate: 0
While executing 'Script@4 :: Script':
  no 'from.reset' write handler
Rx rate: 969441.340782
While executing 'Script@4 :: Script':
  no 'from.reset' write handler
Rx rate: 654089.820359
While executing 'Script@4 :: Script':
  no 'from.reset' write handler
Rx rate: 929141
While executing 'Script@4 :: Script':
  no 'from.reset' write handler
Rx rate: 933075.848303
While executing 'Script@4 :: Script':
  no 'from.reset' write handler
Rx rate: 901516.483516
While executing 'Script@4 :: Script':
  no 'from.reset' write handler
Rx rate: 922939.060939
While executing 'Script@4 :: Script':
  no 'from.reset' write handler
Rx rate: 899979.020979
While executing 'Script@4 :: Script':
  no 'from.reset' write handler
Rx rate: 900361
While executing 'Script@4 :: Script':
  no 'from.reset' write handler
Rx rate: 925537
While executing 'Script@4 :: Script':
  no 'from.reset' write handler
Rx rate: 923705.294705
While executing 'Script@4 :: Script':
  no 'from.reset' write handler
Rx rate: 934183.816184
While executing 'Script@4 :: Script':
  no 'from.reset' write handler
Rx rate: 906369.63037
While executing 'Script@4 :: Script':
  no 'from.reset' write handler
Rx rate: 926679.320679
While executing 'Script@4 :: Script':
  no 'from.reset' write handler
Rx rate: 921603
While executing 'Script@4 :: Script':
  no 'from.reset' write handler
Rx rate: 900936.063936
While executing 'Script@4 :: Script':
  no 'from.reset' write handler
Rx rate: 924968
While executing 'Script@4 :: Script':
  no 'from.reset' write handler
Rx rate: 930807
While executing 'Script@4 :: Script':
  no 'from.reset' write handler
Rx rate: 894155.844156
While executing 'Script@4 :: Script':
  no 'from.reset' write handler
Rx rate: 921346
While executing 'Script@4 :: Script':
  no 'from.reset' write handler
Rx rate: 923332
While executing 'Script@4 :: Script':
  no 'from.reset' write handler
Rx rate: 873735
While executing 'Script@4 :: Script':
  no 'from.reset' write handler
Rx rate: 917586.413586
While executing 'Script@4 :: Script':
  no 'from.reset' write handler
Rx rate: 930195
While executing 'Script@4 :: Script':
  no 'from.reset' write handler
Rx rate: 877361
While executing 'Script@4 :: Script':
  no 'from.reset' write handler
Rx rate: 916860
While executing 'Script@4 :: Script':
  no 'from.reset' write handler
Rx rate: 919129
While executing 'Script@4 :: Script':
  no 'from.reset' write handler
Rx rate: 884220.558882
While executing 'Script@4 :: Script':
  no 'from.reset' write handler
Rx rate: 873490
While executing 'Script@4 :: Script':
  no 'from.reset' write handler
Rx rate: 923589
While executing 'Script@4 :: Script':
  no 'from.reset' write handler
Rx rate: 922328
While executing 'Script@4 :: Script':
  no 'from.reset' write handler
Rx rate: 930325
While executing 'Script@4 :: Script':
  no 'from.reset' write handler
Rx rate: 927990
While executing 'Script@4 :: Script':
  no 'from.reset' write handler
Rx rate: 927087.912088
While executing 'Script@4 :: Script':
  no 'from.reset' write handler
Rx rate: 916469
While executing 'Script@4 :: Script':
  no 'from.reset' write handler
Rx rate: 915694
While executing 'Script@4 :: Script':
  no 'from.reset' write handler
Rx rate: 913804.195804
While executing 'Script@4 :: Script':
  no 'from.reset' write handler
Rx rate: 919000
While executing 'Script@4 :: Script':
  no 'from.reset' write handler
Rx rate: 924011.988012
While executing 'Script@4 :: Script':
  no 'from.reset' write handler
Rx rate: 911934
While executing 'Script@4 :: Script':
  no 'from.reset' write handler
Rx rate: 914267
While executing 'Script@4 :: Script':
  no 'from.reset' write handler
Rx rate: 925666
While executing 'Script@4 :: Script':
  no 'from.reset' write handler
Rx rate: 918906.187625
While executing 'Script@4 :: Script':
  no 'from.reset' write handler
Rx rate: 919574
While executing 'Script@4 :: Script':
  no 'from.reset' write handler
Rx rate: 924241
While executing 'Script@4 :: Script':
  no 'from.reset' write handler
Rx rate: 915823
While executing 'Script@4 :: Script':
  no 'from.reset' write handler
Rx rate: 916872
While executing 'Script@4 :: Script':
  no 'from.reset' write handler
Rx rate: 917972
While executing 'Script@4 :: Script':
  no 'from.reset' write handler
Rx rate: 916406.593407
While executing 'Script@4 :: Script':
  no 'from.reset' write handler
Rx rate: 918669
While executing 'Script@4 :: Script':
  no 'from.reset' write handler
Rx rate: 923964.035964
While executing 'Script@4 :: Script':
  no 'from.reset' write handler
Rx rate: 915822
While executing 'Script@4 :: Script':
  no 'from.reset' write handler
Rx rate: 923593
While executing 'Script@4 :: Script':
  no 'from.reset' write handler
Rx rate: 919045.954046
While executing 'Script@4 :: Script':
  no 'from.reset' write handler
Rx rate: 911415
While executing 'Script@4 :: Script':
  no 'from.reset' write handler
Rx rate: 918259.481038
While executing 'Script@4 :: Script':
  no 'from.reset' write handler
Rx rate: 903334
While executing 'Script@4 :: Script':
  no 'from.reset' write handler
Rx rate: 880547
While executing 'Script@4 :: Script':
  no 'from.reset' write handler
Rx rate: 916287
While executing 'Script@4 :: Script':
  no 'from.reset' write handler
Rx rate: 911801.198801
While executing 'Script@4 :: Script':
  no 'from.reset' write handler
Rx rate: 912197
While executing 'Script@4 :: Script':
  no 'from.reset' write handler
Rx rate: 914787
While executing 'Script@4 :: Script':
  no 'from.reset' write handler
Rx rate: 912752.247752
While executing 'Script@4 :: Script':
  no 'from.reset' write handler
Rx rate: 923024
While executing 'Script@4 :: Script':
  no 'from.reset' write handler
Rx rate: 913745
While executing 'Script@4 :: Script':
  no 'from.reset' write handler
Rx rate: 920690
While executing 'Script@4 :: Script':
  no 'from.reset' write handler
Rx rate: 914266
While executing 'Script@4 :: Script':
  no 'from.reset' write handler
Rx rate: 914111.888112
While executing 'Script@4 :: Script':
  no 'from.reset' write handler
Rx rate: 917148
While executing 'Script@4 :: Script':
  no 'from.reset' write handler
Rx rate: 914129.87013
While executing 'Script@4 :: Script':
  no 'from.reset' write handler
Rx rate: 910903
While executing 'Script@4 :: Script':
  no 'from.reset' write handler
Rx rate: 919705
While executing 'Script@4 :: Script':
  no 'from.reset' write handler
Rx rate: 917708
While executing 'Script@4 :: Script':
  no 'from.reset' write handler
AUTOTEST_DONE
