/tmp/linux.click:2: While initializing 'from :: FromDevice':
  warning: ens7: no IPv4 address assigned
Startup trace (nsec): main: 8954571254
Startup trace (nsec): init done: 8964040481
Rx rate: 0
While executing 'Script@8 :: Script':
  no 'from.reset' write handler
Rx rate: 910424.242424
While executing 'Script@8 :: Script':
  no 'from.reset' write handler
Rx rate: 831928.143713
While executing 'Script@8 :: Script':
  no 'from.reset' write handler
Rx rate: 889422.577423
While executing 'Script@8 :: Script':
  no 'from.reset' write handler
Rx rate: 902104.790419
While executing 'Script@8 :: Script':
  no 'from.reset' write handler
Rx rate: 862128.486056
While executing 'Script@8 :: Script':
  no 'from.reset' write handler
Rx rate: 890068.931069
While executing 'Script@8 :: Script':
  no 'from.reset' write handler
Rx rate: 885908.091908
While executing 'Script@8 :: Script':
  no 'from.reset' write handler
Rx rate: 834740
While executing 'Script@8 :: Script':
  no 'from.reset' write handler
Rx rate: 895247.752248
While executing 'Script@8 :: Script':
  no 'from.reset' write handler
Rx rate: 898469
While executing 'Script@8 :: Script':
  no 'from.reset' write handler
Rx rate: 887482.517483
While executing 'Script@8 :: Script':
  no 'from.reset' write handler
Rx rate: 870888
While executing 'Script@8 :: Script':
  no 'from.reset' write handler
Rx rate: 889017
While executing 'Script@8 :: Script':
  no 'from.reset' write handler
Rx rate: 891117.764471
While executing 'Script@8 :: Script':
  no 'from.reset' write handler
Rx rate: 873735
While executing 'Script@8 :: Script':
  no 'from.reset' write handler
Rx rate: 889404
While executing 'Script@8 :: Script':
  no 'from.reset' write handler
Rx rate: 879327
While executing 'Script@8 :: Script':
  no 'from.reset' write handler
Rx rate: 859346.959123
While executing 'Script@8 :: Script':
  no 'from.reset' write handler
Rx rate: 885780
While executing 'Script@8 :: Script':
  no 'from.reset' write handler
Rx rate: 892773
While executing 'Script@8 :: Script':
  no 'from.reset' write handler
Rx rate: 841167.167167
While executing 'Script@8 :: Script':
  no 'from.reset' write handler
Rx rate: 892384
While executing 'Script@8 :: Script':
  no 'from.reset' write handler
Rx rate: 881895
While executing 'Script@8 :: Script':
  no 'from.reset' write handler
Rx rate: 831002
While executing 'Script@8 :: Script':
  no 'from.reset' write handler
Rx rate: 885735
While executing 'Script@8 :: Script':
  no 'from.reset' write handler
Rx rate: 893159
While executing 'Script@8 :: Script':
  no 'from.reset' write handler
Rx rate: 840355.711423
While executing 'Script@8 :: Script':
  no 'from.reset' write handler
Rx rate: 846315
While executing 'Script@8 :: Script':
  no 'from.reset' write handler
Rx rate: 888888
While executing 'Script@8 :: Script':
  no 'from.reset' write handler
Rx rate: 884505.494505
While executing 'Script@8 :: Script':
  no 'from.reset' write handler
Rx rate: 879691
While executing 'Script@8 :: Script':
  no 'from.reset' write handler
Rx rate: 885818.363273
While executing 'Script@8 :: Script':
  no 'from.reset' write handler
Rx rate: 886428
While executing 'Script@8 :: Script':
  no 'from.reset' write handler
Rx rate: 887204
While executing 'Script@8 :: Script':
  no 'from.reset' write handler
Rx rate: 882259.259259
While executing 'Script@8 :: Script':
  no 'from.reset' write handler
Rx rate: 885283.716284
While executing 'Script@8 :: Script':
  no 'from.reset' write handler
Rx rate: 886634
While executing 'Script@8 :: Script':
  no 'from.reset' write handler
Rx rate: 888467.532468
While executing 'Script@8 :: Script':
  no 'from.reset' write handler
Rx rate: 885650
While executing 'Script@8 :: Script':
  no 'from.reset' write handler
Rx rate: 882696.303696
While executing 'Script@8 :: Script':
  no 'from.reset' write handler
Rx rate: 890069.93007
While executing 'Script@8 :: Script':
  no 'from.reset' write handler
Rx rate: 884376.623377
While executing 'Script@8 :: Script':
  no 'from.reset' write handler
Rx rate: 895104
While executing 'Script@8 :: Script':
  no 'from.reset' write handler
Rx rate: 879562
While executing 'Script@8 :: Script':
  no 'from.reset' write handler
Rx rate: 884225
While executing 'Script@8 :: Script':
  no 'from.reset' write handler
Rx rate: 881917.082917
While executing 'Script@8 :: Script':
  no 'from.reset' write handler
Rx rate: 884846.153846
While executing 'Script@8 :: Script':
  no 'from.reset' write handler
Rx rate: 880240
While executing 'Script@8 :: Script':
  no 'from.reset' write handler
Rx rate: 880340
While executing 'Script@8 :: Script':
  no 'from.reset' write handler
Rx rate: 887630.738523
While executing 'Script@8 :: Script':
  no 'from.reset' write handler
Rx rate: 889406
While executing 'Script@8 :: Script':
  no 'from.reset' write handler
Rx rate: 886816
While executing 'Script@8 :: Script':
  no 'from.reset' write handler
Rx rate: 883342.657343
While executing 'Script@8 :: Script':
  no 'from.reset' write handler
Rx rate: 891735
While executing 'Script@8 :: Script':
  no 'from.reset' write handler
Rx rate: 896279.72028
While executing 'Script@8 :: Script':
  no 'from.reset' write handler
Rx rate: 881635
While executing 'Script@8 :: Script':
  no 'from.reset' write handler
Rx rate: 852116
While executing 'Script@8 :: Script':
  no 'from.reset' write handler
Rx rate: 871014.97006
While executing 'Script@8 :: Script':
  no 'from.reset' write handler
Rx rate: 880496.503497
While executing 'Script@8 :: Script':
  no 'from.reset' write handler
Rx rate: 878426.573427
While executing 'Script@8 :: Script':
  no 'from.reset' write handler
Rx rate: 886816
While executing 'Script@8 :: Script':
  no 'from.reset' write handler
Rx rate: 878426.573427
While executing 'Script@8 :: Script':
  no 'from.reset' write handler
Rx rate: 881272.727273
While executing 'Script@8 :: Script':
  no 'from.reset' write handler
Rx rate: 883189
While executing 'Script@8 :: Script':
  no 'from.reset' write handler
Rx rate: 885780
While executing 'Script@8 :: Script':
  no 'from.reset' write handler
Rx rate: 875938
While executing 'Script@8 :: Script':
  no 'from.reset' write handler
Rx rate: 879015.984016
While executing 'Script@8 :: Script':
  no 'from.reset' write handler
Rx rate: 877428.143713
While executing 'Script@8 :: Script':
  no 'from.reset' write handler
Rx rate: 883189
While executing 'Script@8 :: Script':
  no 'from.reset' write handler
Rx rate: 879564
While executing 'Script@8 :: Script':
  no 'from.reset' write handler
Rx rate: 889406
While executing 'Script@8 :: Script':
  no 'from.reset' write handler
Rx rate: 889033.966034
While executing 'Script@8 :: Script':
  no 'from.reset' write handler
AUTOTEST_DONE
