SimpleQueue@7 :: SimpleQueue: overflow
Startup trace (nsec): main: 85361651832
Startup trace (nsec): init done: 85365180051
Rx rate: 280844.357977   TxExt rate: 277463.035019   TxInt rate: 277463.035019
While executing 'Script@11 :: Script':
  no 'from_device.reset' write handler
Rx rate: 280538.461538   TxExt rate: 277055.944056   TxInt rate: 277055.944056
While executing 'Script@11 :: Script':
  no 'from_device.reset' write handler
Rx rate: 278592.22333   TxExt rate: 274457.627119   TxInt rate: 274457.627119
While executing 'Script@11 :: Script':
  no 'from_device.reset' write handler
Rx rate: 277825   TxExt rate: 274880   TxInt rate: 274880
While executing 'Script@11 :: Script':
  no 'from_device.reset' write handler
Rx rate: 276592.407592   TxExt rate: 274007.992008   TxInt rate: 274007.992008
While executing 'Script@11 :: Script':
  no 'from_device.reset' write handler
Rx rate: 280013.972056   TxExt rate: 277274.451098   TxInt rate: 277274.451098
While executing 'Script@11 :: Script':
  no 'from_device.reset' write handler
Rx rate: 279574   TxExt rate: 276757   TxInt rate: 276757
While executing 'Script@11 :: Script':
  no 'from_device.reset' write handler
Rx rate: 277136.726547   TxExt rate: 274206.586826   TxInt rate: 274206.586826
While executing 'Script@11 :: Script':
  no 'from_device.reset' write handler
Rx rate: 276588.411588   TxExt rate: 273883.116883   TxInt rate: 273883.116883
While executing 'Script@11 :: Script':
  no 'from_device.reset' write handler
Rx rate: 276679   TxExt rate: 273954   TxInt rate: 273954
While executing 'Script@11 :: Script':
  no 'from_device.reset' write handler
Rx rate: 276252   TxExt rate: 272668   TxInt rate: 272668
While executing 'Script@11 :: Script':
  no 'from_device.reset' write handler
Rx rate: 280352.647353   TxExt rate: 277064.935065   TxInt rate: 277064.935065
While executing 'Script@11 :: Script':
  no 'from_device.reset' write handler
Rx rate: 280316   TxExt rate: 277698   TxInt rate: 277698
While executing 'Script@11 :: Script':
  no 'from_device.reset' write handler
Rx rate: 279344   TxExt rate: 275826   TxInt rate: 275826
While executing 'Script@11 :: Script':
  no 'from_device.reset' write handler
Rx rate: 278239.76024   TxExt rate: 275465.534466   TxInt rate: 275465.534466
While executing 'Script@11 :: Script':
  no 'from_device.reset' write handler
Rx rate: 278965   TxExt rate: 276201   TxInt rate: 276201
While executing 'Script@11 :: Script':
  no 'from_device.reset' write handler
Rx rate: 278348   TxExt rate: 275652   TxInt rate: 275652
While executing 'Script@11 :: Script':
  no 'from_device.reset' write handler
Rx rate: 279281.718282   TxExt rate: 276493.506494   TxInt rate: 276493.506494
While executing 'Script@11 :: Script':
  no 'from_device.reset' write handler
Rx rate: 277638   TxExt rate: 274808   TxInt rate: 274808
While executing 'Script@11 :: Script':
  no 'from_device.reset' write handler
Rx rate: 276897   TxExt rate: 273995   TxInt rate: 273995
While executing 'Script@11 :: Script':
  no 'from_device.reset' write handler
Rx rate: 281458.541459   TxExt rate: 277946.053946   TxInt rate: 277946.053946
While executing 'Script@11 :: Script':
  no 'from_device.reset' write handler
Rx rate: 279038.961039   TxExt rate: 275725.274725   TxInt rate: 275725.274725
While executing 'Script@11 :: Script':
  no 'from_device.reset' write handler
Rx rate: 278665   TxExt rate: 275982   TxInt rate: 275982
While executing 'Script@11 :: Script':
  no 'from_device.reset' write handler
Rx rate: 278554   TxExt rate: 275087   TxInt rate: 275087
While executing 'Script@11 :: Script':
  no 'from_device.reset' write handler
Rx rate: 277658   TxExt rate: 274788   TxInt rate: 274788
While executing 'Script@11 :: Script':
  no 'from_device.reset' write handler
Rx rate: 279895   TxExt rate: 276954   TxInt rate: 276954
While executing 'Script@11 :: Script':
  no 'from_device.reset' write handler
Rx rate: 281255   TxExt rate: 278443   TxInt rate: 278443
While executing 'Script@11 :: Script':
  no 'from_device.reset' write handler
Rx rate: 280085   TxExt rate: 277282   TxInt rate: 277282
While executing 'Script@11 :: Script':
  no 'from_device.reset' write handler
Rx rate: 279863.136863   TxExt rate: 276947.052947   TxInt rate: 276947.052947
While executing 'Script@11 :: Script':
  no 'from_device.reset' write handler
Rx rate: 279311   TxExt rate: 276502   TxInt rate: 276502
While executing 'Script@11 :: Script':
  no 'from_device.reset' write handler
Rx rate: 280451   TxExt rate: 276873   TxInt rate: 276873
While executing 'Script@11 :: Script':
  no 'from_device.reset' write handler
Rx rate: 277923   TxExt rate: 274391   TxInt rate: 274391
While executing 'Script@11 :: Script':
  no 'from_device.reset' write handler
Rx rate: 278660   TxExt rate: 275987   TxInt rate: 275987
While executing 'Script@11 :: Script':
  no 'from_device.reset' write handler
Rx rate: 281142   TxExt rate: 276914   TxInt rate: 276914
While executing 'Script@11 :: Script':
  no 'from_device.reset' write handler
Rx rate: 279727   TxExt rate: 276993   TxInt rate: 276993
While executing 'Script@11 :: Script':
  no 'from_device.reset' write handler
Rx rate: 280312   TxExt rate: 277573   TxInt rate: 277573
While executing 'Script@11 :: Script':
  no 'from_device.reset' write handler
Rx rate: 278886   TxExt rate: 276020   TxInt rate: 276020
While executing 'Script@11 :: Script':
  no 'from_device.reset' write handler
Rx rate: 279274   TxExt rate: 276539   TxInt rate: 276539
While executing 'Script@11 :: Script':
  no 'from_device.reset' write handler
Rx rate: 278632   TxExt rate: 275886   TxInt rate: 275886
While executing 'Script@11 :: Script':
  no 'from_device.reset' write handler
Rx rate: 276781   TxExt rate: 274111   TxInt rate: 274111
While executing 'Script@11 :: Script':
  no 'from_device.reset' write handler
Rx rate: 276160   TxExt rate: 272804   TxInt rate: 272804
While executing 'Script@11 :: Script':
  no 'from_device.reset' write handler
Rx rate: 280882   TxExt rate: 277209   TxInt rate: 277209
While executing 'Script@11 :: Script':
  no 'from_device.reset' write handler
Rx rate: 279270   TxExt rate: 276543   TxInt rate: 276543
While executing 'Script@11 :: Script':
  no 'from_device.reset' write handler
Rx rate: 280152   TxExt rate: 275779   TxInt rate: 275779
While executing 'Script@11 :: Script':
  no 'from_device.reset' write handler
Rx rate: 279045   TxExt rate: 276250   TxInt rate: 276250
While executing 'Script@11 :: Script':
  no 'from_device.reset' write handler
Rx rate: 279744   TxExt rate: 276846   TxInt rate: 276846
While executing 'Script@11 :: Script':
  no 'from_device.reset' write handler
Rx rate: 279516   TxExt rate: 276815   TxInt rate: 276815
While executing 'Script@11 :: Script':
  no 'from_device.reset' write handler
Rx rate: 281743   TxExt rate: 278991   TxInt rate: 278991
While executing 'Script@11 :: Script':
  no 'from_device.reset' write handler
Rx rate: 280153.846154   TxExt rate: 277432.567433   TxInt rate: 277432.567433
While executing 'Script@11 :: Script':
  no 'from_device.reset' write handler
Rx rate: 279017   TxExt rate: 276278   TxInt rate: 276278
While executing 'Script@11 :: Script':
  no 'from_device.reset' write handler
Rx rate: 281578   TxExt rate: 278087   TxInt rate: 278087
While executing 'Script@11 :: Script':
  no 'from_device.reset' write handler
Rx rate: 280832.167832   TxExt rate: 277537.462537   TxInt rate: 277537.462537
While executing 'Script@11 :: Script':
  no 'from_device.reset' write handler
Rx rate: 279727   TxExt rate: 276863   TxInt rate: 276863
While executing 'Script@11 :: Script':
  no 'from_device.reset' write handler
Rx rate: 277585   TxExt rate: 274861   TxInt rate: 274861
While executing 'Script@11 :: Script':
  no 'from_device.reset' write handler
Rx rate: 279699   TxExt rate: 275631   TxInt rate: 275631
While executing 'Script@11 :: Script':
  no 'from_device.reset' write handler
Rx rate: 279873.126873   TxExt rate: 277066.933067   TxInt rate: 277066.933067
While executing 'Script@11 :: Script':
  no 'from_device.reset' write handler
Rx rate: 278980   TxExt rate: 276185   TxInt rate: 276185
While executing 'Script@11 :: Script':
  no 'from_device.reset' write handler
Rx rate: 279062   TxExt rate: 276492   TxInt rate: 276492
While executing 'Script@11 :: Script':
  no 'from_device.reset' write handler
Rx rate: 279774   TxExt rate: 276946   TxInt rate: 276946
While executing 'Script@11 :: Script':
  no 'from_device.reset' write handler
Rx rate: 279861   TxExt rate: 277247   TxInt rate: 277247
While executing 'Script@11 :: Script':
  no 'from_device.reset' write handler
Rx rate: 278987   TxExt rate: 275574   TxInt rate: 275574
While executing 'Script@11 :: Script':
  no 'from_device.reset' write handler
Rx rate: 279872   TxExt rate: 276599   TxInt rate: 276599
While executing 'Script@11 :: Script':
  no 'from_device.reset' write handler
Rx rate: 278475.524476   TxExt rate: 275747.252747   TxInt rate: 275747.252747
While executing 'Script@11 :: Script':
  no 'from_device.reset' write handler
Rx rate: 280882.117882   TxExt rate: 277998.001998   TxInt rate: 277998.001998
While executing 'Script@11 :: Script':
  no 'from_device.reset' write handler
Rx rate: 279992   TxExt rate: 276114   TxInt rate: 276114
While executing 'Script@11 :: Script':
  no 'from_device.reset' write handler
Rx rate: 279752   TxExt rate: 276838   TxInt rate: 276838
While executing 'Script@11 :: Script':
  no 'from_device.reset' write handler
Rx rate: 278246.753247   TxExt rate: 275458.541459   TxInt rate: 275458.541459
While executing 'Script@11 :: Script':
  no 'from_device.reset' write handler
Rx rate: 278280   TxExt rate: 275461   TxInt rate: 275461
While executing 'Script@11 :: Script':
  no 'from_device.reset' write handler
Rx rate: 279208   TxExt rate: 276605   TxInt rate: 276605
While executing 'Script@11 :: Script':
  no 'from_device.reset' write handler
Rx rate: 279502   TxExt rate: 276829   TxInt rate: 276829
While executing 'Script@11 :: Script':
  no 'from_device.reset' write handler
Rx rate: 280669   TxExt rate: 277020   TxInt rate: 277020
While executing 'Script@11 :: Script':
  no 'from_device.reset' write handler
Rx rate: 278933.066933   TxExt rate: 275403.596404   TxInt rate: 275403.596404
While executing 'Script@11 :: Script':
  no 'from_device.reset' write handler
AUTOTEST_DONE
