/tmp/linux.click:2: While initializing 'from :: FromDevice':
  warning: ens7: no IPv4 address assigned
Startup trace (nsec): main: 8847332901
Startup trace (nsec): init done: 8857034327
Rx rate: 0
While executing 'Script@8 :: Script':
  no 'from.reset' write handler
Rx rate: 994102.941176
While executing 'Script@8 :: Script':
  no 'from.reset' write handler
Rx rate: 782230.769231
While executing 'Script@8 :: Script':
  no 'from.reset' write handler
Rx rate: 863098
While executing 'Script@8 :: Script':
  no 'from.reset' write handler
Rx rate: 950064.870259
While executing 'Script@8 :: Script':
  no 'from.reset' write handler
Rx rate: 915757.242757
While executing 'Script@8 :: Script':
  no 'from.reset' write handler
Rx rate: 949425
While executing 'Script@8 :: Script':
  no 'from.reset' write handler
Rx rate: 894874
While executing 'Script@8 :: Script':
  no 'from.reset' write handler
Rx rate: 893834.165834
While executing 'Script@8 :: Script':
  no 'from.reset' write handler
Rx rate: 926662.337662
While executing 'Script@8 :: Script':
  no 'from.reset' write handler
Rx rate: 929128.871129
While executing 'Script@8 :: Script':
  no 'from.reset' write handler
Rx rate: 925199.8002
While executing 'Script@8 :: Script':
  no 'from.reset' write handler
Rx rate: 893081
While executing 'Script@8 :: Script':
  no 'from.reset' write handler
Rx rate: 926968
While executing 'Script@8 :: Script':
  no 'from.reset' write handler
Rx rate: 927325.674326
While executing 'Script@8 :: Script':
  no 'from.reset' write handler
Rx rate: 890851.148851
While executing 'Script@8 :: Script':
  no 'from.reset' write handler
Rx rate: 929148
While executing 'Script@8 :: Script':
  no 'from.reset' write handler
Rx rate: 928821
While executing 'Script@8 :: Script':
  no 'from.reset' write handler
Rx rate: 884008
While executing 'Script@8 :: Script':
  no 'from.reset' write handler
Rx rate: 926468
While executing 'Script@8 :: Script':
  no 'from.reset' write handler
Rx rate: 926559.440559
While executing 'Script@8 :: Script':
  no 'from.reset' write handler
Rx rate: 873828
While executing 'Script@8 :: Script':
  no 'from.reset' write handler
Rx rate: 929082
While executing 'Script@8 :: Script':
  no 'from.reset' write handler
Rx rate: 929097
While executing 'Script@8 :: Script':
  no 'from.reset' write handler
Rx rate: 870890
While executing 'Script@8 :: Script':
  no 'from.reset' write handler
Rx rate: 930200
While executing 'Script@8 :: Script':
  no 'from.reset' write handler
Rx rate: 930895
While executing 'Script@8 :: Script':
  no 'from.reset' write handler
Rx rate: 921522.477522
While executing 'Script@8 :: Script':
  no 'from.reset' write handler
Rx rate: 875048
While executing 'Script@8 :: Script':
  no 'from.reset' write handler
Rx rate: 928938
While executing 'Script@8 :: Script':
  no 'from.reset' write handler
Rx rate: 929136
While executing 'Script@8 :: Script':
  no 'from.reset' write handler
Rx rate: 923425
While executing 'Script@8 :: Script':
  no 'from.reset' write handler
Rx rate: 928686.313686
While executing 'Script@8 :: Script':
  no 'from.reset' write handler
Rx rate: 929798
While executing 'Script@8 :: Script':
  no 'from.reset' write handler
Rx rate: 930340
While executing 'Script@8 :: Script':
  no 'from.reset' write handler
Rx rate: 930870
While executing 'Script@8 :: Script':
  no 'from.reset' write handler
Rx rate: 928191
While executing 'Script@8 :: Script':
  no 'from.reset' write handler
Rx rate: 927884
While executing 'Script@8 :: Script':
  no 'from.reset' write handler
Rx rate: 928175.824176
While executing 'Script@8 :: Script':
  no 'from.reset' write handler
Rx rate: 929076
While executing 'Script@8 :: Script':
  no 'from.reset' write handler
Rx rate: 928896
While executing 'Script@8 :: Script':
  no 'from.reset' write handler
Rx rate: 927309
While executing 'Script@8 :: Script':
  no 'from.reset' write handler
Rx rate: 927667
While executing 'Script@8 :: Script':
  no 'from.reset' write handler
Rx rate: 928108
While executing 'Script@8 :: Script':
  no 'from.reset' write handler
Rx rate: 928181.818182
While executing 'Script@8 :: Script':
  no 'from.reset' write handler
Rx rate: 930270
While executing 'Script@8 :: Script':
  no 'from.reset' write handler
Rx rate: 929050
While executing 'Script@8 :: Script':
  no 'from.reset' write handler
Rx rate: 928469.53047
While executing 'Script@8 :: Script':
  no 'from.reset' write handler
Rx rate: 929258.741259
While executing 'Script@8 :: Script':
  no 'from.reset' write handler
Rx rate: 928510
While executing 'Script@8 :: Script':
  no 'from.reset' write handler
Rx rate: 926482
While executing 'Script@8 :: Script':
  no 'from.reset' write handler
Rx rate: 929820
While executing 'Script@8 :: Script':
  no 'from.reset' write handler
Rx rate: 926228.771229
While executing 'Script@8 :: Script':
  no 'from.reset' write handler
Rx rate: 926090
While executing 'Script@8 :: Script':
  no 'from.reset' write handler
Rx rate: 925620
While executing 'Script@8 :: Script':
  no 'from.reset' write handler
Rx rate: 927526
While executing 'Script@8 :: Script':
  no 'from.reset' write handler
Rx rate: 925093
While executing 'Script@8 :: Script':
  no 'from.reset' write handler
Rx rate: 915466.533467
While executing 'Script@8 :: Script':
  no 'from.reset' write handler
Rx rate: 925443
While executing 'Script@8 :: Script':
  no 'from.reset' write handler
Rx rate: 926111
While executing 'Script@8 :: Script':
  no 'from.reset' write handler
Rx rate: 924087
While executing 'Script@8 :: Script':
  no 'from.reset' write handler
Rx rate: 925287.712288
While executing 'Script@8 :: Script':
  no 'from.reset' write handler
Rx rate: 922327.672328
While executing 'Script@8 :: Script':
  no 'from.reset' write handler
Rx rate: 926912
While executing 'Script@8 :: Script':
  no 'from.reset' write handler
Rx rate: 926085
While executing 'Script@8 :: Script':
  no 'from.reset' write handler
Rx rate: 927294
While executing 'Script@8 :: Script':
  no 'from.reset' write handler
Rx rate: 922565
While executing 'Script@8 :: Script':
  no 'from.reset' write handler
Rx rate: 926533.466533
While executing 'Script@8 :: Script':
  no 'from.reset' write handler
Rx rate: 928779.220779
While executing 'Script@8 :: Script':
  no 'from.reset' write handler
Rx rate: 932786
While executing 'Script@8 :: Script':
  no 'from.reset' write handler
Rx rate: 933895
While executing 'Script@8 :: Script':
  no 'from.reset' write handler
Rx rate: 933502
While executing 'Script@8 :: Script':
  no 'from.reset' write handler
Rx rate: 930056
While executing 'Script@8 :: Script':
  no 'from.reset' write handler
AUTOTEST_DONE
