Startup trace (nsec): main: 85430118829
Startup trace (nsec): init done: 85433173500
Rx rate: 0
While executing 'Script@8 :: Script':
  no 'from.reset' write handler
Rx rate: 854106.870229
While executing 'Script@8 :: Script':
  no 'from.reset' write handler
Rx rate: 863577.844311
While executing 'Script@8 :: Script':
  no 'from.reset' write handler
Rx rate: 867637.088734
While executing 'Script@8 :: Script':
  no 'from.reset' write handler
Rx rate: 863678.321678
While executing 'Script@8 :: Script':
  no 'from.reset' write handler
Rx rate: 865916.167665
While executing 'Script@8 :: Script':
  no 'from.reset' write handler
Rx rate: 865399.201597
While executing 'Script@8 :: Script':
  no 'from.reset' write handler
Rx rate: 861183
While executing 'Script@8 :: Script':
  no 'from.reset' write handler
Rx rate: 867558.441558
While executing 'Script@8 :: Script':
  no 'from.reset' write handler
Rx rate: 870273.726274
While executing 'Script@8 :: Script':
  no 'from.reset' write handler
Rx rate: 867385
While executing 'Script@8 :: Script':
  no 'from.reset' write handler
Rx rate: 832486
While executing 'Script@8 :: Script':
  no 'from.reset' write handler
Rx rate: 864376.247505
While executing 'Script@8 :: Script':
  no 'from.reset' write handler
Rx rate: 874513
While executing 'Script@8 :: Script':
  no 'from.reset' write handler
Rx rate: 871439.56044
While executing 'Script@8 :: Script':
  no 'from.reset' write handler
Rx rate: 860398
While executing 'Script@8 :: Script':
  no 'from.reset' write handler
Rx rate: 869463
While executing 'Script@8 :: Script':
  no 'from.reset' write handler
Rx rate: 871311.688312
While executing 'Script@8 :: Script':
  no 'from.reset' write handler
Rx rate: 867897
While executing 'Script@8 :: Script':
  no 'from.reset' write handler
Rx rate: 865836
While executing 'Script@8 :: Script':
  no 'from.reset' write handler
Rx rate: 866003.996004
While executing 'Script@8 :: Script':
  no 'from.reset' write handler
Rx rate: 861085
While executing 'Script@8 :: Script':
  no 'from.reset' write handler
Rx rate: 849310
While executing 'Script@8 :: Script':
  no 'from.reset' write handler
Rx rate: 856949.050949
While executing 'Script@8 :: Script':
  no 'from.reset' write handler
Rx rate: 855994
While executing 'Script@8 :: Script':
  no 'from.reset' write handler
Rx rate: 865576
While executing 'Script@8 :: Script':
  no 'from.reset' write handler
Rx rate: 868076.923077
While executing 'Script@8 :: Script':
  no 'from.reset' write handler
Rx rate: 868944
While executing 'Script@8 :: Script':
  no 'from.reset' write handler
Rx rate: 855650.698603
While executing 'Script@8 :: Script':
  no 'from.reset' write handler
Rx rate: 862643.356643
While executing 'Script@8 :: Script':
  no 'from.reset' write handler
Rx rate: 862988
While executing 'Script@8 :: Script':
  no 'from.reset' write handler
Rx rate: 862079
While executing 'Script@8 :: Script':
  no 'from.reset' write handler
Rx rate: 854346
While executing 'Script@8 :: Script':
  no 'from.reset' write handler
Rx rate: 873607
While executing 'Script@8 :: Script':
  no 'from.reset' write handler
Rx rate: 870496
While executing 'Script@8 :: Script':
  no 'from.reset' write handler
Rx rate: 860394
While executing 'Script@8 :: Script':
  no 'from.reset' write handler
Rx rate: 866350
While executing 'Script@8 :: Script':
  no 'from.reset' write handler
Rx rate: 856512
While executing 'Script@8 :: Script':
  no 'from.reset' write handler
Rx rate: 861433
While executing 'Script@8 :: Script':
  no 'from.reset' write handler
Rx rate: 848210.789211
While executing 'Script@8 :: Script':
  no 'from.reset' write handler
Rx rate: 857986.013986
While executing 'Script@8 :: Script':
  no 'from.reset' write handler
Rx rate: 858922
While executing 'Script@8 :: Script':
  no 'from.reset' write handler
Rx rate: 848303
While executing 'Script@8 :: Script':
  no 'from.reset' write handler
Rx rate: 856860.13986
While executing 'Script@8 :: Script':
  no 'from.reset' write handler
Rx rate: 866873
While executing 'Script@8 :: Script':
  no 'from.reset' write handler
Rx rate: 864283
While executing 'Script@8 :: Script':
  no 'from.reset' write handler
Rx rate: 861952
While executing 'Script@8 :: Script':
  no 'from.reset' write handler
Rx rate: 865837
While executing 'Script@8 :: Script':
  no 'from.reset' write handler
Rx rate: 860397
While executing 'Script@8 :: Script':
  no 'from.reset' write handler
Rx rate: 864693
While executing 'Script@8 :: Script':
  no 'from.reset' write handler
Rx rate: 857024
While executing 'Script@8 :: Script':
  no 'from.reset' write handler
Rx rate: 860303
While executing 'Script@8 :: Script':
  no 'from.reset' write handler
Rx rate: 859099
While executing 'Script@8 :: Script':
  no 'from.reset' write handler
Rx rate: 863317
While executing 'Script@8 :: Script':
  no 'from.reset' write handler
Rx rate: 860397
While executing 'Script@8 :: Script':
  no 'from.reset' write handler
Rx rate: 870400.599401
While executing 'Script@8 :: Script':
  no 'from.reset' write handler
Rx rate: 854441
While executing 'Script@8 :: Script':
  no 'from.reset' write handler
Rx rate: 859879
While executing 'Script@8 :: Script':
  no 'from.reset' write handler
Rx rate: 868426
While executing 'Script@8 :: Script':
  no 'from.reset' write handler
Rx rate: 861196.410768
While executing 'Script@8 :: Script':
  no 'from.reset' write handler
Rx rate: 870758
While executing 'Script@8 :: Script':
  no 'from.reset' write handler
Rx rate: 857381
While executing 'Script@8 :: Script':
  no 'from.reset' write handler
Rx rate: 861090.909091
While executing 'Script@8 :: Script':
  no 'from.reset' write handler
Rx rate: 863568
While executing 'Script@8 :: Script':
  no 'from.reset' write handler
Rx rate: 858853.439681
While executing 'Script@8 :: Script':
  no 'from.reset' write handler
Rx rate: 867131
While executing 'Script@8 :: Script':
  no 'from.reset' write handler
Rx rate: 859358
While executing 'Script@8 :: Script':
  no 'from.reset' write handler
Rx rate: 866910.08991
While executing 'Script@8 :: Script':
  no 'from.reset' write handler
Rx rate: 867518
While executing 'Script@8 :: Script':
  no 'from.reset' write handler
Rx rate: 861959
While executing 'Script@8 :: Script':
  no 'from.reset' write handler
Rx rate: 861086.913087
While executing 'Script@8 :: Script':
  no 'from.reset' write handler
Rx rate: 862412.587413
While executing 'Script@8 :: Script':
  no 'from.reset' write handler
Rx rate: 825045
While executing 'Script@8 :: Script':
  no 'from.reset' write handler
AUTOTEST_DONE
