SimpleQueue@7 :: SimpleQueue: overflow
Startup trace (nsec): main: 161898755077
Startup trace (nsec): init done: 161902178529
Rx rate: 206818.181818   TxExt rate: 205227.272727   TxInt rate: 205227.272727
While executing 'Script@11 :: Script':
  no 'from_device.reset' write handler
Rx rate: 209556.886228   TxExt rate: 207246.506986   TxInt rate: 207246.506986
While executing 'Script@11 :: Script':
  no 'from_device.reset' write handler
Rx rate: 215408.183633   TxExt rate: 213025.948104   TxInt rate: 213025.948104
While executing 'Script@11 :: Script':
  no 'from_device.reset' write handler
Rx rate: 215920.159681   TxExt rate: 212599.800399   TxInt rate: 212599.800399
While executing 'Script@11 :: Script':
  no 'from_device.reset' write handler
Rx rate: 215524.42672   TxExt rate: 212553.33998   TxInt rate: 212553.33998
While executing 'Script@11 :: Script':
  no 'from_device.reset' write handler
Rx rate: 214493.506494   TxExt rate: 212040.959041   TxInt rate: 212040.959041
While executing 'Script@11 :: Script':
  no 'from_device.reset' write handler
Rx rate: 214025.974026   TxExt rate: 211472.527473   TxInt rate: 211472.527473
While executing 'Script@11 :: Script':
  no 'from_device.reset' write handler
Rx rate: 208637.362637   TxExt rate: 206253.746254   TxInt rate: 206253.746254
While executing 'Script@11 :: Script':
  no 'from_device.reset' write handler
Rx rate: 208968   TxExt rate: 206855   TxInt rate: 206855
While executing 'Script@11 :: Script':
  no 'from_device.reset' write handler
Rx rate: 212723.276723   TxExt rate: 209378.621379   TxInt rate: 209378.621379
While executing 'Script@11 :: Script':
  no 'from_device.reset' write handler
Rx rate: 211510.48951   TxExt rate: 209201.798202   TxInt rate: 209201.798202
While executing 'Script@11 :: Script':
  no 'from_device.reset' write handler
Rx rate: 214929.070929   TxExt rate: 212510.48951   TxInt rate: 212510.48951
While executing 'Script@11 :: Script':
  no 'from_device.reset' write handler
Rx rate: 214270.729271   TxExt rate: 211875.124875   TxInt rate: 211875.124875
While executing 'Script@11 :: Script':
  no 'from_device.reset' write handler
Rx rate: 211949.050949   TxExt rate: 208944.055944   TxInt rate: 208944.055944
While executing 'Script@11 :: Script':
  no 'from_device.reset' write handler
Rx rate: 212706.293706   TxExt rate: 209900.0999   TxInt rate: 209900.0999
While executing 'Script@11 :: Script':
  no 'from_device.reset' write handler
Rx rate: 215706.293706   TxExt rate: 213285.714286   TxInt rate: 213285.714286
While executing 'Script@11 :: Script':
  no 'from_device.reset' write handler
Rx rate: 211903   TxExt rate: 209748   TxInt rate: 209748
While executing 'Script@11 :: Script':
  no 'from_device.reset' write handler
Rx rate: 214719   TxExt rate: 212371   TxInt rate: 212371
While executing 'Script@11 :: Script':
  no 'from_device.reset' write handler
Rx rate: 212438   TxExt rate: 209990   TxInt rate: 209990
While executing 'Script@11 :: Script':
  no 'from_device.reset' write handler
Rx rate: 214938   TxExt rate: 211784   TxInt rate: 211784
While executing 'Script@11 :: Script':
  no 'from_device.reset' write handler
Rx rate: 217651   TxExt rate: 215396   TxInt rate: 215396
While executing 'Script@11 :: Script':
  no 'from_device.reset' write handler
Rx rate: 216489   TxExt rate: 214227   TxInt rate: 214227
While executing 'Script@11 :: Script':
  no 'from_device.reset' write handler
Rx rate: 213472   TxExt rate: 211028   TxInt rate: 211028
While executing 'Script@11 :: Script':
  no 'from_device.reset' write handler
Rx rate: 215497   TxExt rate: 212575   TxInt rate: 212575
While executing 'Script@11 :: Script':
  no 'from_device.reset' write handler
Rx rate: 212047.952048   TxExt rate: 208696.303696   TxInt rate: 208696.303696
While executing 'Script@11 :: Script':
  no 'from_device.reset' write handler
Rx rate: 209758   TxExt rate: 207749   TxInt rate: 207749
While executing 'Script@11 :: Script':
  no 'from_device.reset' write handler
Rx rate: 209083   TxExt rate: 206870   TxInt rate: 206870
While executing 'Script@11 :: Script':
  no 'from_device.reset' write handler
Rx rate: 210720   TxExt rate: 208341   TxInt rate: 208341
While executing 'Script@11 :: Script':
  no 'from_device.reset' write handler
Rx rate: 212529.470529   TxExt rate: 209994.005994   TxInt rate: 209994.005994
While executing 'Script@11 :: Script':
  no 'from_device.reset' write handler
Rx rate: 214842   TxExt rate: 211246   TxInt rate: 211246
While executing 'Script@11 :: Script':
  no 'from_device.reset' write handler
Rx rate: 213291   TxExt rate: 210950   TxInt rate: 210950
While executing 'Script@11 :: Script':
  no 'from_device.reset' write handler
Rx rate: 214574.425574   TxExt rate: 212217.782218   TxInt rate: 212217.782218
While executing 'Script@11 :: Script':
  no 'from_device.reset' write handler
Rx rate: 213697   TxExt rate: 211451   TxInt rate: 211451
While executing 'Script@11 :: Script':
  no 'from_device.reset' write handler
Rx rate: 213427   TxExt rate: 210265   TxInt rate: 210265
While executing 'Script@11 :: Script':
  no 'from_device.reset' write handler
Rx rate: 214329.67033   TxExt rate: 210886.113886   TxInt rate: 210886.113886
While executing 'Script@11 :: Script':
  no 'from_device.reset' write handler
Rx rate: 214477   TxExt rate: 212095   TxInt rate: 212095
While executing 'Script@11 :: Script':
  no 'from_device.reset' write handler
Rx rate: 216401   TxExt rate: 213926   TxInt rate: 213926
While executing 'Script@11 :: Script':
  no 'from_device.reset' write handler
Rx rate: 213076   TxExt rate: 210906   TxInt rate: 210906
While executing 'Script@11 :: Script':
  no 'from_device.reset' write handler
Rx rate: 214865   TxExt rate: 212484   TxInt rate: 212484
While executing 'Script@11 :: Script':
  no 'from_device.reset' write handler
Rx rate: 215113   TxExt rate: 211119   TxInt rate: 211119
While executing 'Script@11 :: Script':
  no 'from_device.reset' write handler
Rx rate: 214733   TxExt rate: 212228   TxInt rate: 212228
While executing 'Script@11 :: Script':
  no 'from_device.reset' write handler
Rx rate: 213053   TxExt rate: 210670   TxInt rate: 210670
While executing 'Script@11 :: Script':
  no 'from_device.reset' write handler
Rx rate: 212375   TxExt rate: 210182   TxInt rate: 210182
While executing 'Script@11 :: Script':
  no 'from_device.reset' write handler
Rx rate: 213435   TxExt rate: 210287   TxInt rate: 210287
While executing 'Script@11 :: Script':
  no 'from_device.reset' write handler
Rx rate: 211706   TxExt rate: 208438   TxInt rate: 208438
While executing 'Script@11 :: Script':
  no 'from_device.reset' write handler
Rx rate: 212657   TxExt rate: 210289   TxInt rate: 210289
While executing 'Script@11 :: Script':
  no 'from_device.reset' write handler
Rx rate: 213993   TxExt rate: 211672   TxInt rate: 211672
While executing 'Script@11 :: Script':
  no 'from_device.reset' write handler
Rx rate: 216130   TxExt rate: 213680   TxInt rate: 213680
While executing 'Script@11 :: Script':
  no 'from_device.reset' write handler
Rx rate: 215573   TxExt rate: 213459   TxInt rate: 213459
While executing 'Script@11 :: Script':
  no 'from_device.reset' write handler
Rx rate: 213326   TxExt rate: 210915   TxInt rate: 210915
While executing 'Script@11 :: Script':
  no 'from_device.reset' write handler
Rx rate: 216598   TxExt rate: 212802   TxInt rate: 212802
While executing 'Script@11 :: Script':
  no 'from_device.reset' write handler
Rx rate: 214431   TxExt rate: 212141   TxInt rate: 212141
While executing 'Script@11 :: Script':
  no 'from_device.reset' write handler
Rx rate: 213923.076923   TxExt rate: 211575.424575   TxInt rate: 211575.424575
While executing 'Script@11 :: Script':
  no 'from_device.reset' write handler
Rx rate: 212605.394605   TxExt rate: 209768.231768   TxInt rate: 209768.231768
While executing 'Script@11 :: Script':
  no 'from_device.reset' write handler
Rx rate: 215295   TxExt rate: 212398   TxInt rate: 212398
While executing 'Script@11 :: Script':
  no 'from_device.reset' write handler
Rx rate: 214518.481518   TxExt rate: 212144.855145   TxInt rate: 212144.855145
While executing 'Script@11 :: Script':
  no 'from_device.reset' write handler
Rx rate: 217583   TxExt rate: 215076   TxInt rate: 215076
While executing 'Script@11 :: Script':
  no 'from_device.reset' write handler
Rx rate: 214947   TxExt rate: 212402   TxInt rate: 212402
While executing 'Script@11 :: Script':
  no 'from_device.reset' write handler
Rx rate: 212238   TxExt rate: 210190   TxInt rate: 210190
While executing 'Script@11 :: Script':
  no 'from_device.reset' write handler
Rx rate: 213701   TxExt rate: 211058   TxInt rate: 211058
While executing 'Script@11 :: Script':
  no 'from_device.reset' write handler
Rx rate: 215297   TxExt rate: 211761   TxInt rate: 211761
While executing 'Script@11 :: Script':
  no 'from_device.reset' write handler
Rx rate: 213506   TxExt rate: 211253   TxInt rate: 211253
While executing 'Script@11 :: Script':
  no 'from_device.reset' write handler
Rx rate: 209931   TxExt rate: 207576   TxInt rate: 207576
While executing 'Script@11 :: Script':
  no 'from_device.reset' write handler
Rx rate: 215286   TxExt rate: 212057   TxInt rate: 212057
While executing 'Script@11 :: Script':
  no 'from_device.reset' write handler
Rx rate: 216093.906094   TxExt rate: 213066.933067   TxInt rate: 213066.933067
While executing 'Script@11 :: Script':
  no 'from_device.reset' write handler
Rx rate: 211504   TxExt rate: 208982   TxInt rate: 208982
While executing 'Script@11 :: Script':
  no 'from_device.reset' write handler
Rx rate: 210368   TxExt rate: 208304   TxInt rate: 208304
While executing 'Script@11 :: Script':
  no 'from_device.reset' write handler
Rx rate: 212884   TxExt rate: 210451   TxInt rate: 210451
While executing 'Script@11 :: Script':
  no 'from_device.reset' write handler
Rx rate: 214689   TxExt rate: 212530   TxInt rate: 212530
While executing 'Script@11 :: Script':
  no 'from_device.reset' write handler
Rx rate: 215149.85015   TxExt rate: 212807.192807   TxInt rate: 212807.192807
While executing 'Script@11 :: Script':
  no 'from_device.reset' write handler
Rx rate: 212852   TxExt rate: 209110   TxInt rate: 209110
While executing 'Script@11 :: Script':
  no 'from_device.reset' write handler
Rx rate: 212400   TxExt rate: 210287   TxInt rate: 210287
While executing 'Script@11 :: Script':
  no 'from_device.reset' write handler
AUTOTEST_DONE
