Time,Device,Direction,PacketRate,Mbit,MbitWithFraming,TotalPackets,TotalBytes
1761098256,Device: id=0,RX,1.1090230579718,567.81929644027,745.26298571575,1115063,71364032
1761098256,Device: id=0,TX,0,0,0,0,0
1761098257,Device: id=0,RX,1.1054820911823,566.00734019382,742.884474783,2225951,142460928
1761098257,Device: id=0,TX,0,0,0,0,0
1761098258,Device: id=0,RX,1.1028826619275,564.67592290688,741.13714881528,3335555,213475584
1761098258,Device: id=0,TX,0,0,0,0,0
1761098259,Device: id=0,RX,1.1060342379806,566.29054840278,743.25602647967,4447500,284640192
1761098259,Device: id=0,TX,0,0,0,0,0
1761098260,Device: id=0,RX,1.1059903855751,566.28693766152,743.24539935353,5559491,355810112
1761098260,Device: id=0,TX,0,0,0,0,0
1761098261,Device: id=0,RX,1.1064192808836,566.46835327014,743.49543821152,6672763,427057216
1761098261,Device: id=0,TX,0,0,0,0,0
1761098262,Device: id=0,RX,1.0994130170332,562.89691823382,738.80300095914,7778010,497792704
1761098262,Device: id=0,TX,0,0,0,0,0
1761098263,Device: id=0,RX,1.1017362158837,564.08894253245,740.36673707385,8885591,568677888
1761098263,Device: id=0,TX,0,0,0,0,0
1761098264,Device: id=0,RX,1.1027257403336,564.59659770475,741.03271615812,9994104,639622848
1761098264,Device: id=0,TX,0,0,0,0,0
1761098265,Device: id=0,RX,1.1047455028017,565.62817081942,742.38745126768,11105641,710761024
1761098265,Device: id=0,TX,0,0,0,0,0
1761098266,Device: id=0,RX,1.1064337558277,566.49408298381,743.52348391625,12217942,781948288
1761098266,Device: id=0,TX,0,0,0,0,0
1761098267,Device: id=0,RX,1.1034088550919,564.94533380703,741.49075062173,13327203,852940992
1761098267,Device: id=0,TX,0,0,0,0,0
1761098268,Device: id=0,RX,1.1027185918519,564.5919190282,741.02689372451,14435713,923885632
1761098268,Device: id=0,TX,0,0,0,0,0
1761098269,Device: id=0,RX,1.102821617588,564.64772367737,741.09918249145,15544500,994848384
1761098269,Device: id=0,TX,0,0,0,0,0
1761098270,Device: id=0,RX,1.1040466414891,565.26882544995,741.91628808821,16654693,1065900352
1761098270,Device: id=0,TX,0,0,0,0,0
1761098271,Device: id=0,RX,1.1042273976252,565.36442758412,742.04081120416,17765591,1136997824
1761098271,Device: id=0,TX,0,0,0,0,0
1761098272,Device: id=0,RX,1.1071499348178,566.86127592458,744.00526549542,18878615,1208231424
1761098272,Device: id=0,TX,0,0,0,0,0
1761098273,Device: id=0,RX,1.0958488103702,561.07408163759,736.40989129682,19980334,1278741376
1761098273,Device: id=0,TX,0,0,0,0,0
1761098274,Device: id=0,RX,1.1052958146342,565.91196641855,742.75929676001,21091433,1349851776
1761098274,Device: id=0,TX,0,0,0,0,0
1761098275,Device: id=0,RX,1.1015864086826,564.01173194718,740.2655573364,22198863,1420727232
1761098275,Device: id=0,TX,0,0,0,0,0
1761098276,Device: id=0,RX,1.1008695106373,563.64518944629,739.78431114825,23306208,1491597312
1761098276,Device: id=0,TX,0,0,0,0,0
1761098277,Device: id=0,RX,1.1059173261981,566.23018031126,743.17695250296,24417993,1562751616
1761098277,Device: id=0,TX,0,0,0,0,0
1761098278,Device: id=0,RX,1.1036112776485,565.04846483081,741.62626925457,25527400,1633753600
1761098278,Device: id=0,TX,0,0,0,0,0
1761098279,Device: id=0,RX,1.1027481243032,564.60754888912,741.04724877763,26636112,1704711232
1761098279,Device: id=0,TX,0,0,0,0,0
1761098280,Device: id=0,RX,1.1051353646523,565.82879777707,742.65045612143,27747925,1775867200
1761098280,Device: id=0,TX,0,0,0,0,0
1761098281,Device: id=0,RX,1.1063549514078,566.45424444607,743.47103667132,28860090,1847045824
1761098281,Device: id=0,TX,0,0,0,0,0
1761098282,Device: id=0,RX,1.1014006653309,563.91663132428,740.14073777722,29967275,1917905600
1761098282,Device: id=0,TX,0,0,0,0,0
1761098283,Device: id=0,RX,1.1014500266513,563.94241364547,740.17441790968,31074567,1988772288
1761098283,Device: id=0,TX,0,0,0,0,0
1761098284,Device: id=0,RX,1.0986882419602,562.52837988361,738.31849859723,32179025,2059457600
1761098284,Device: id=0,TX,0,0,0,0,0
1761098285,Device: id=0,RX,1.1024489075563,564.45384066881,740.84566587781,33287265,2130384960
1761098285,Device: id=0,TX,0,0,0,0,0
1761098286,Device: id=0,RX,1.1065505958985,566.55390510002,743.60200044377,34399626,2201576064
1761098286,Device: id=0,TX,0,0,0,0,0
1761098287,Device: id=0,RX,1.106016571404,566.28048455883,743.24313598347,35512210,2272781440
1761098287,Device: id=0,TX,0,0,0,0,0
1761098288,Device: id=0,RX,1.1039375766466,565.21603924306,741.84605150652,36622001,2343808064
1761098288,Device: id=0,TX,0,0,0,0,0
1761098289,Device: id=0,RX,1.1048545818649,565.68554591483,742.46227901321,37732719,2414894016
1761098289,Device: id=0,TX,0,0,0,0,0
1761098290,Device: id=0,RX,1.0986192903106,562.49307663904,738.27216308874,38837109,2485574976
1761098291,Device: id=0,TX,0,0,0,0,0
1761098291,Device: id=0,RX,1.1041192995417,565.30908136533,741.968169292,39947894,2556665216
1761098292,Device: id=0,TX,0,0,0,0,0
1761098292,Device: id=0,RX,1.1012439610908,563.83690807849,740.03594185302,41054920,2627514880
1761098293,Device: id=0,TX,0,0,0,0,0
1761098293,Device: id=0,RX,1.1030966243135,564.78496232393,741.28042221409,42163811,2698483840
1761098294,Device: id=0,TX,0,0,0,0,0
1761098294,Device: id=0,RX,1.1014009401492,563.91779067891,740.14194110279,43271002,2769344128
1761098295,Device: id=0,TX,0,0,0,0,0
1761098295,Device: id=0,RX,1.1014115646508,563.92272110122,740.14857144535,44378250,2840208000
1761098296,Device: id=0,TX,0,0,0,0,0
1761098297,Device: id=0,RX,1.1028829096419,564.67604973667,741.13731527937,45486925,2911163200
1761098297,Device: id=0,TX,0,0,0,0,0
1761098298,Device: id=0,RX,1.1023202660122,564.38797619824,740.75921876019,46595614,2982119296
1761098298,Device: id=0,TX,0,0,0,0,0
1761098299,Device: id=0,RX,1.099257005303,562.81958671515,738.70070756363,47700644,3052841216
1761098299,Device: id=0,TX,0,0,0,0,0
1761098300,Device: id=0,RX,1.1028475072581,564.65792371615,741.11352487745,48809286,3123794304
1761098300,Device: id=0,TX,0,0,0,0,0
1761098301,Device: id=0,RX,1.1016182735007,564.02855603237,740.28747979248,49916689,3194668096
1761098301,Device: id=0,TX,0,0,0,0,0
1761098302,Device: id=0,RX,1.1056623690813,566.09913296961,743.00511202261,51028973,3265854272
1761098302,Device: id=0,TX,0,0,0,0,0
1761098303,Device: id=0,RX,1.1019731154908,564.21023513127,740.52593360979,52136730,3336750720
1761098303,Device: id=0,TX,0,0,0,0,0
1761098304,Device: id=0,RX,1.1018475840213,564.14596301889,740.4415764623,53244423,3407643072
1761098304,Device: id=0,TX,0,0,0,0,0
1761098305,Device: id=0,RX,1.0993532278212,562.86885264444,738.76536909583,54349610,3478375040
1761098305,Device: id=0,TX,0,0,0,0,0
1761098306,Device: id=0,RX,1.1032743351487,564.87645959613,741.40035321992,55458675,3549355200
1761098306,Device: id=0,TX,0,0,0,0,0
1761098307,Device: id=0,RX,1.1066058098502,566.58268346187,743.6396130379,56572200,3620620864
1761098307,Device: id=0,TX,0,0,0,0,0
1761098308,Device: id=0,RX,1.1026564295065,564.55958258251,740.98461130355,57680648,3691561472
1761098308,Device: id=0,TX,0,0,0,0,0
1761098309,Device: id=0,RX,1.1014980072179,563.96748901787,740.20717017274,58787937,3762428032
1761098309,Device: id=0,TX,0,0,0,0,0
1761098310,Device: id=0,RX,1.1040207763401,565.25812815694,741.90145237136,59897747,3833455808
1761098310,Device: id=0,TX,0,0,0,0,0
1761098311,Device: id=0,RX,1.1027163162476,564.59075391877,741.02536451838,61006255,3904400320
1761098311,Device: id=0,TX,0,0,0,0,0
1761098312,Device: id=0,RX,1.1056944110876,566.11553847684,743.02664425085,62117757,3975536448
1761098312,Device: id=0,TX,0,0,0,0,0
1761098313,Device: id=0,RX,1.0990211130366,562.69880987473,738.54218796058,63222606,4046246784
1761098313,Device: id=0,TX,0,0,0,0,0
1761098314,Device: id=0,RX,1.104433539581,565.46997226549,742.17933859845,64332839,4117301696
1761098314,Device: id=0,TX,0,0,0,0,0
1761098315,Device: id=0,RX,1.1011357960558,563.7820368522,739.96376422113,65439874,4188152000
1761098315,Device: id=0,TX,0,0,0,0,0
1761098316,Device: id=0,RX,1.1074410023845,567.00979322086,744.20035360238,66553713,4259437696
1761098316,Device: id=0,TX,0,0,0,0,0
1761098317,Device: id=0,RX,1.1022252328652,564.33880990377,740.69484716221,67661731,4330350784
1761098317,Device: id=0,TX,0,0,0,0,0
1761098318,Device: id=0,RX,1.1028273606951,564.6476086759,741.09998638711,68770347,4401302208
1761098318,Device: id=0,TX,0,0,0,0,0
1761098319,Device: id=0,RX,1.1009802914002,563.70190919692,739.85875582096,69877109,4472134976
1761098319,Device: id=0,TX,0,0,0,0,0
1761098320,Device: id=0,RX,1.1000773060002,563.23958067211,739.25194963214,70983197,4542924608
1761098320,Device: id=0,TX,0,0,0,0,0
1761098321,Device: id=0,RX,1.105173054785,565.84860404992,742.67629281552,72094175,4614027200
1761098321,Device: id=0,TX,0,0,0,0,0
1761098322,Device: id=0,RX,1.104152681547,565.32617295204,741.99060199955,73205053,4685123392
1761098322,Device: id=0,TX,0,0,0,0,0
1761098323,Device: id=0,RX,1.1026265866557,564.54532169348,740.9655755584,74313469,4756062080
1761098323,Device: id=0,TX,0,0,0,0,0
1761098324,Device: id=0,RX,1.1072727790494,566.92315355095,744.08679819886,75426563,4827300032
1761098324,Device: id=0,TX,0,0,0,0,0
1761098325,Device: id=0,RX,1.1031986269931,564.83769702045,741.34947733934,76535553,4898275392
1761098325,Device: id=0,TX,0,0,0,0,0
1761098326,Device: id=0,RX,1.1062029461212,566.37590841407,743.36837979347,77647563,4969444032
1761098326,Device: id=0,TX,0,0,0,0,0
1761098326,Device: id=0,RX,1.1031860728188,564.83126950909,741.34104116009,78500412,5024026496
1761098326,Device: id=0,TX,0,0,0,0,0
