/tmp/linux.click:2: While initializing 'from :: FromDevice':
  warning: ens7: no IPv4 address assigned
Startup trace (nsec): main: 8909771135
Startup trace (nsec): init done: 8920038550
Rx rate: 0
While executing 'Script@8 :: Script':
  no 'from.reset' write handler
Rx rate: 865230.769231
While executing 'Script@8 :: Script':
  no 'from.reset' write handler
Rx rate: 823542.914172
While executing 'Script@8 :: Script':
  no 'from.reset' write handler
Rx rate: 867416.334661
While executing 'Script@8 :: Script':
  no 'from.reset' write handler
Rx rate: 864363.18408
While executing 'Script@8 :: Script':
  no 'from.reset' write handler
Rx rate: 840711
While executing 'Script@8 :: Script':
  no 'from.reset' write handler
Rx rate: 870237
While executing 'Script@8 :: Script':
  no 'from.reset' write handler
Rx rate: 829005.994006
While executing 'Script@8 :: Script':
  no 'from.reset' write handler
Rx rate: 844093.906094
While executing 'Script@8 :: Script':
  no 'from.reset' write handler
Rx rate: 867520
While executing 'Script@8 :: Script':
  no 'from.reset' write handler
Rx rate: 866096
While executing 'Script@8 :: Script':
  no 'from.reset' write handler
Rx rate: 876067
While executing 'Script@8 :: Script':
  no 'from.reset' write handler
Rx rate: 834261
While executing 'Script@8 :: Script':
  no 'from.reset' write handler
Rx rate: 858325
While executing 'Script@8 :: Script':
  no 'from.reset' write handler
Rx rate: 866614
While executing 'Script@8 :: Script':
  no 'from.reset' write handler
Rx rate: 835353.646354
While executing 'Script@8 :: Script':
  no 'from.reset' write handler
Rx rate: 868167
While executing 'Script@8 :: Script':
  no 'from.reset' write handler
Rx rate: 863973
While executing 'Script@8 :: Script':
  no 'from.reset' write handler
Rx rate: 831340
While executing 'Script@8 :: Script':
  no 'from.reset' write handler
Rx rate: 864541
While executing 'Script@8 :: Script':
  no 'from.reset' write handler
Rx rate: 873249.75025
While executing 'Script@8 :: Script':
  no 'from.reset' write handler
Rx rate: 815203
While executing 'Script@8 :: Script':
  no 'from.reset' write handler
Rx rate: 858872
While executing 'Script@8 :: Script':
  no 'from.reset' write handler
Rx rate: 860528
While executing 'Script@8 :: Script':
  no 'from.reset' write handler
Rx rate: 809375
While executing 'Script@8 :: Script':
  no 'from.reset' write handler
Rx rate: 874431
While executing 'Script@8 :: Script':
  no 'from.reset' write handler
Rx rate: 865060
While executing 'Script@8 :: Script':
  no 'from.reset' write handler
Rx rate: 844288
While executing 'Script@8 :: Script':
  no 'from.reset' write handler
Rx rate: 809958
While executing 'Script@8 :: Script':
  no 'from.reset' write handler
Rx rate: 849184.815185
While executing 'Script@8 :: Script':
  no 'from.reset' write handler
Rx rate: 854820
While executing 'Script@8 :: Script':
  no 'from.reset' write handler
Rx rate: 854490.509491
While executing 'Script@8 :: Script':
  no 'from.reset' write handler
Rx rate: 856536
While executing 'Script@8 :: Script':
  no 'from.reset' write handler
Rx rate: 861558
While executing 'Script@8 :: Script':
  no 'from.reset' write handler
Rx rate: 855859
While executing 'Script@8 :: Script':
  no 'from.reset' write handler
Rx rate: 849512
While executing 'Script@8 :: Script':
  no 'from.reset' write handler
Rx rate: 867128
While executing 'Script@8 :: Script':
  no 'from.reset' write handler
Rx rate: 858854.145854
While executing 'Script@8 :: Script':
  no 'from.reset' write handler
Rx rate: 853333
While executing 'Script@8 :: Script':
  no 'from.reset' write handler
Rx rate: 853141
While executing 'Script@8 :: Script':
  no 'from.reset' write handler
Rx rate: 860656
While executing 'Script@8 :: Script':
  no 'from.reset' write handler
Rx rate: 859969.061876
While executing 'Script@8 :: Script':
  no 'from.reset' write handler
Rx rate: 861952
While executing 'Script@8 :: Script':
  no 'from.reset' write handler
Rx rate: 853526
While executing 'Script@8 :: Script':
  no 'from.reset' write handler
Rx rate: 852885
While executing 'Script@8 :: Script':
  no 'from.reset' write handler
Rx rate: 855472
While executing 'Script@8 :: Script':
  no 'from.reset' write handler
Rx rate: 851781.218781
While executing 'Script@8 :: Script':
  no 'from.reset' write handler
Rx rate: 837995
While executing 'Script@8 :: Script':
  no 'from.reset' write handler
Rx rate: 851261.738262
While executing 'Script@8 :: Script':
  no 'from.reset' write handler
Rx rate: 859358
While executing 'Script@8 :: Script':
  no 'from.reset' write handler
Rx rate: 852107
While executing 'Script@8 :: Script':
  no 'from.reset' write handler
Rx rate: 852546.453546
While executing 'Script@8 :: Script':
  no 'from.reset' write handler
Rx rate: 859354
While executing 'Script@8 :: Script':
  no 'from.reset' write handler
Rx rate: 851923
While executing 'Script@8 :: Script':
  no 'from.reset' write handler
Rx rate: 851071
While executing 'Script@8 :: Script':
  no 'from.reset' write handler
Rx rate: 853400
While executing 'Script@8 :: Script':
  no 'from.reset' write handler
Rx rate: 850043
While executing 'Script@8 :: Script':
  no 'from.reset' write handler
Rx rate: 814174.47657
While executing 'Script@8 :: Script':
  no 'from.reset' write handler
Rx rate: 849005.994006
While executing 'Script@8 :: Script':
  no 'from.reset' write handler
Rx rate: 848741
While executing 'Script@8 :: Script':
  no 'from.reset' write handler
Rx rate: 855213
While executing 'Script@8 :: Script':
  no 'from.reset' write handler
Rx rate: 853404
While executing 'Script@8 :: Script':
  no 'from.reset' write handler
Rx rate: 849772
While executing 'Script@8 :: Script':
  no 'from.reset' write handler
Rx rate: 849401
While executing 'Script@8 :: Script':
  no 'from.reset' write handler
Rx rate: 853016
While executing 'Script@8 :: Script':
  no 'from.reset' write handler
Rx rate: 857029
While executing 'Script@8 :: Script':
  no 'from.reset' write handler
Rx rate: 858322
While executing 'Script@8 :: Script':
  no 'from.reset' write handler
Rx rate: 857634
While executing 'Script@8 :: Script':
  no 'from.reset' write handler
Rx rate: 850430.569431
While executing 'Script@8 :: Script':
  no 'from.reset' write handler
Rx rate: 851851
While executing 'Script@8 :: Script':
  no 'from.reset' write handler
Rx rate: 852549.450549
While executing 'Script@8 :: Script':
  no 'from.reset' write handler
Rx rate: 862984
While executing 'Script@8 :: Script':
  no 'from.reset' write handler
Rx rate: 859361
While executing 'Script@8 :: Script':
  no 'from.reset' write handler
AUTOTEST_DONE
