Time,Device,Direction,PacketRate,Mbit,MbitWithFraming,TotalPackets,TotalBytes
1761094931,Device: id=0,RX,0.20696744768061,2476.9864138415,2510.1012054704,208124,311355000
1761094931,Device: id=0,TX,0,0,0,0,0
1761094932,Device: id=0,RX,0.20981984887225,2511.1120308639,2544.6832066835,418781,626496376
1761094932,Device: id=0,TX,0,0,0,0,0
1761094933,Device: id=0,RX,0.21051506864307,2519.4443415202,2553.1267525031,630501,943229496
1761094933,Device: id=0,TX,0,0,0,0,0
1761094934,Device: id=0,RX,0.20690357648753,2476.2220034028,2509.3265756408,838513,1254415448
1761094934,Device: id=0,TX,0,0,0,0,0
1761094935,Device: id=0,RX,0.20992465336427,2512.3901494473,2545.9780939856,1049673,1570312304
1761094935,Device: id=0,TX,0,0,0,0,0
1761094936,Device: id=0,RX,0.21136462568946,2529.6118402515,2563.4301803618,1262247,1888323008
1761094936,Device: id=0,TX,0,0,0,0,0
1761094937,Device: id=0,RX,0.20656867267158,2472.2019703468,2505.2529579742,1469923,2199004808
1761094937,Device: id=0,TX,0,0,0,0,0
1761094938,Device: id=0,RX,0.21011259258833,2514.6275080972,2548.2455229113,1681275,2515187400
1761094938,Device: id=0,TX,0,0,0,0,0
1761094939,Device: id=0,RX,0.20973916833277,2510.1583666066,2543.7166335399,1892139,2830639944
1761094939,Device: id=0,TX,0,0,0,0,0
1761094940,Device: id=0,RX,0.20673210836181,2474.1698728741,2507.247010212,2100017,3141625432
1761094940,Device: id=0,TX,0,0,0,0,0
1761094941,Device: id=0,RX,0.20896394857782,2500.8805365794,2534.3147683519,2310199,3456057704
1761094941,Device: id=0,TX,0,0,0,0,0
1761094942,Device: id=0,RX,0.20929456831462,2504.8492903416,2538.3364212719,2520747,3771039008
1761094942,Device: id=0,TX,0,0,0,0,0
1761094943,Device: id=0,RX,0.20948087429928,2507.0551994376,2540.5721393255,2731351,4086101096
1761094943,Device: id=0,TX,0,0,0,0,0
1761094944,Device: id=0,RX,0.20498461457064,2453.2677664862,2486.0653048175,2937519,4394529920
1761094944,Device: id=0,TX,0,0,0,0,0
1761094945,Device: id=0,RX,0.20791461243415,2488.3101773025,2521.576515292,3146546,4707232816
1761094945,Device: id=0,TX,0,0,0,0,0
1761094946,Device: id=0,RX,0.2094928770373,2507.2107523825,2540.7296127084,3357307,5022531272
1761094946,Device: id=0,TX,0,0,0,0,0
1761094947,Device: id=0,RX,0.20481998141819,2451.2855376129,2484.0567346399,3563214,5330568144
1761094947,Device: id=0,TX,0,0,0,0,0
1761094948,Device: id=0,RX,0.2088242876412,2499.2090744899,2532.6209605125,3773144,5644623424
1761094948,Device: id=0,TX,0,0,0,0,0
1761094949,Device: id=0,RX,0.20893122608414,2500.5008185974,2533.9298147709,3983184,5958844760
1761094949,Device: id=0,TX,0,0,0,0,0
1761094950,Device: id=0,RX,0.20857145610096,2496.1712842166,2529.5427171927,4192905,6272585880
1761094950,Device: id=0,TX,0,0,0,0,0
1761094951,Device: id=0,RX,0.20763128191822,2484.9311819973,2518.1521871042,4401715,6584965640
1761094951,Device: id=0,TX,0,0,0,0,0
1761094952,Device: id=0,RX,0.20968901004394,2509.5699777516,2543.1202193586,4612504,6900307480
1761094953,Device: id=0,TX,0,0,0,0,0
1761094953,Device: id=0,RX,0.20943129408806,2506.4618278693,2539.9708349234,4823136,7215411456
1761094954,Device: id=0,TX,0,0,0,0,0
1761094954,Device: id=0,RX,0.20874617091415,2498.2860784344,2531.6854657807,5032988,7529351544
1761094955,Device: id=0,TX,0,0,0,0,0
1761094955,Device: id=0,RX,0.20885981793571,2499.6343010545,2533.0518719242,5243165,7843776336
1761094956,Device: id=0,TX,0,0,0,0,0
1761094956,Device: id=0,RX,0.21029945971597,2516.8520290867,2550.4999426412,5454581,8160053176
1761094957,Device: id=0,TX,0,0,0,0,0
1761094958,Device: id=0,RX,0.20923507023947,2504.125320626,2537.6029318643,5664913,8474709848
1761094958,Device: id=0,TX,0,0,0,0,0
1761094959,Device: id=0,RX,0.208321414942,2493.1906940259,2526.5221204166,5874340,8788012640
1761094959,Device: id=0,TX,0,0,0,0,0
1761094960,Device: id=0,RX,0.20876592522032,2498.5105930368,2531.9131410721,6084214,9101984144
1761094960,Device: id=0,TX,0,0,0,0,0
1761094961,Device: id=0,RX,0.20839611897866,2494.0847519367,2527.4281309732,6294044,9415889824
1761094961,Device: id=0,TX,0,0,0,0,0
1761094962,Device: id=0,RX,0.20812330429555,2490.8197058091,2524.1194344964,6503272,9728894912
1761094962,Device: id=0,TX,0,0,0,0,0
1761094963,Device: id=0,RX,0.20932624601233,2505.2284178401,2538.7206172021,6713696,10043690712
1761094963,Device: id=0,TX,0,0,0,0,0
1761094964,Device: id=0,RX,0.20954644131408,2507.8399048538,2541.367335464,6924355,10358835080
1761094964,Device: id=0,TX,0,0,0,0,0
1761094965,Device: id=0,RX,0.20628427963067,2468.8221627539,2501.8276474948,7131746,10669093512
1761094965,Device: id=0,TX,0,0,0,0,0
1761094966,Device: id=0,RX,0.20801224371157,2489.4905327401,2522.7724917339,7340859,10981926560
1761094966,Device: id=0,TX,0,0,0,0,0
1761094967,Device: id=0,RX,0.21060508085314,2520.5097048103,2554.2065177468,7552617,11298715032
1761094967,Device: id=0,TX,0,0,0,0,0
1761094968,Device: id=0,RX,0.2110202147429,2525.5018348696,2559.2650692285,7764757,11616077968
1761094968,Device: id=0,TX,0,0,0,0,0
1761094969,Device: id=0,RX,0.21101655781269,2525.4342657879,2559.1969150379,7977013,11933611448
1761094969,Device: id=0,TX,0,0,0,0,0
1761094970,Device: id=0,RX,0.2097804519108,2510.6643533887,2544.2292256945,8187905,12249107376
1761094970,Device: id=0,TX,0,0,0,0,0
1761094971,Device: id=0,RX,0.21050953683731,2519.3662394849,2553.0477653788,8399664,12565897344
1761094971,Device: id=0,TX,0,0,0,0,0
1761094972,Device: id=0,RX,0.20942729702543,2506.4377956061,2539.9461631302,8610203,12880865184
1761094972,Device: id=0,TX,0,0,0,0,0
1761094973,Device: id=0,RX,0.20931858215005,2505.1247911718,2538.6157643158,8820632,13195666968
1761094973,Device: id=0,TX,0,0,0,0,0
1761094974,Device: id=0,RX,0.20937620877295,2505.8025674059,2539.3027608095,9031219,13510703624
1761094974,Device: id=0,TX,0,0,0,0,0
1761094975,Device: id=0,RX,0.20934882140898,2505.4866946226,2538.9825060481,9241680,13825553280
1761094975,Device: id=0,TX,0,0,0,0,0
1761094976,Device: id=0,RX,0.2092619561752,2504.4470915048,2537.9290044929,9452195,14140483720
1761094976,Device: id=0,TX,0,0,0,0,0
1761094977,Device: id=0,RX,0.20961703371823,2508.7085646135,2542.2472900085,9662920,14455729816
1761094977,Device: id=0,TX,0,0,0,0,0
1761094978,Device: id=0,RX,0.21052218466296,2519.5176012575,2553.2011508036,9874560,14772341760
1761094978,Device: id=0,TX,0,0,0,0,0
1761094979,Device: id=0,RX,0.21070309207584,2521.7065027698,2555.4189975019,10086524,15089441400
1761094979,Device: id=0,TX,0,0,0,0,0
1761094980,Device: id=0,RX,0.20999029772568,2513.1638831809,2546.762330817,10297633,15405260464
1761094980,Device: id=0,TX,0,0,0,0,0
1761094981,Device: id=0,RX,0.2090613958664,2502.0348805746,2535.4847039133,10507798,15719665808
1761094981,Device: id=0,TX,0,0,0,0,0
1761094982,Device: id=0,RX,0.20904472222628,2501.8591391294,2535.3062946856,10717975,16034092096
1761094982,Device: id=0,TX,0,0,0,0,0
1761094983,Device: id=0,RX,0.20981802754293,2511.1140535767,2544.6849379836,10928993,16349776520
1761094983,Device: id=0,TX,0,0,0,0,0
1761094984,Device: id=0,RX,0.20963628628257,2508.9151700399,2542.4569758451,11139753,16665071984
1761094984,Device: id=0,TX,0,0,0,0,0
1761094985,Device: id=0,RX,0.20697746997265,2477.0944594779,2510.2108546735,11347893,16976447928
1761094985,Device: id=0,TX,0,0,0,0,0
1761094986,Device: id=0,RX,0.2068157125118,2475.1704473412,2508.2609613431,11555806,17287485776
1761094986,Device: id=0,TX,0,0,0,0,0
1761094987,Device: id=0,RX,0.20827994334643,2492.69436197,2526.0191529055,11765267,17600839432
1761094987,Device: id=0,TX,0,0,0,0,0
1761094988,Device: id=0,RX,0.21026286368098,2516.4259525339,2550.0680107229,11976635,17917045960
1761094988,Device: id=0,TX,0,0,0,0,0
1761094989,Device: id=0,RX,0.21076487096094,2522.4339756606,2556.1563550143,12188639,18234203944
1761094989,Device: id=0,TX,0,0,0,0,0
1761094990,Device: id=0,RX,0.21087175275341,2523.7250417654,2557.4645222059,12400630,18551343976
1761094990,Device: id=0,TX,0,0,0,0,0
1761094991,Device: id=0,RX,0.21045199894991,2518.6776179998,2552.3499378318,12612188,18867833248
1761094991,Device: id=0,TX,0,0,0,0,0
1761094992,Device: id=0,RX,0.21155423786062,2531.881118716,2565.7297967737,12824885,19186027960
1761094992,Device: id=0,TX,0,0,0,0,0
1761094993,Device: id=0,RX,0.20842343762837,2494.4235949789,2527.7713449994,13034615,19499785536
1761094993,Device: id=0,TX,0,0,0,0,0
1761094994,Device: id=0,RX,0.20955106858341,2507.9071888063,2541.4353597796,13245280,19814940376
1761094994,Device: id=0,TX,0,0,0,0,0
1761094995,Device: id=0,RX,0.20911198982639,2502.6403897186,2536.0983080908,13455507,20129438472
1761094995,Device: id=0,TX,0,0,0,0,0
1761094996,Device: id=0,RX,0.20966764656506,2509.3142976328,2542.8611210832,13666310,20444801256
1761094996,Device: id=0,TX,0,0,0,0,0
1761094997,Device: id=0,RX,0.20904730125563,2501.8662089022,2535.3137771031,13876684,20759519264
1761094997,Device: id=0,TX,0,0,0,0,0
1761094998,Device: id=0,RX,0.21073026586104,2522.019821825,2555.7366643627,14088533,21076445368
1761094998,Device: id=0,TX,0,0,0,0,0
1761094999,Device: id=0,RX,0.20939270601199,2506.0119055515,2539.5147385134,14299040,21391363840
1761094999,Device: id=0,TX,0,0,0,0,0
1761095000,Device: id=0,RX,0.2094704499427,2506.9542499112,2540.469521902,14509619,21706391520
1761095000,Device: id=0,TX,0,0,0,0,0
1761095001,Device: id=0,RX,0.20973491742085,2510.0955867598,2543.6531735471,14720465,22021815640
1761095001,Device: id=0,TX,0,0,0,0,0
1761095002,Device: id=0,RX,0.20917091625178,2503.3573529568,2536.8246995571,14880475,22261190600
1761095002,Device: id=0,TX,0,0,0,0,0
