Startup trace (nsec): main: 84208452503
Startup trace (nsec): init done: 84212170970
Rx rate: 0
While executing 'Script@5 :: Script':
  no 'from.reset' write handler
Rx rate: 125575.757576
While executing 'Script@5 :: Script':
  no 'from.reset' write handler
Rx rate: 127704.950495
While executing 'Script@5 :: Script':
  no 'from.reset' write handler
Rx rate: 130009.84252
While executing 'Script@5 :: Script':
  no 'from.reset' write handler
Rx rate: 131035.573123
While executing 'Script@5 :: Script':
  no 'from.reset' write handler
Rx rate: 132059.288538
While executing 'Script@5 :: Script':
  no 'from.reset' write handler
Rx rate: 132337.649402
While executing 'Script@5 :: Script':
  no 'from.reset' write handler
Rx rate: 131044.73161
While executing 'Script@5 :: Script':
  no 'from.reset' write handler
Rx rate: 129758.723829
While executing 'Script@5 :: Script':
  no 'from.reset' write handler
Rx rate: 129499.501496
While executing 'Script@5 :: Script':
  no 'from.reset' write handler
Rx rate: 129759.240759
While executing 'Script@5 :: Script':
  no 'from.reset' write handler
Rx rate: 127557
While executing 'Script@5 :: Script':
  no 'from.reset' write handler
Rx rate: 130664.335664
While executing 'Script@5 :: Script':
  no 'from.reset' write handler
Rx rate: 129888.111888
While executing 'Script@5 :: Script':
  no 'from.reset' write handler
Rx rate: 130925
While executing 'Script@5 :: Script':
  no 'from.reset' write handler
Rx rate: 130792.41517
While executing 'Script@5 :: Script':
  no 'from.reset' write handler
Rx rate: 131054
While executing 'Script@5 :: Script':
  no 'from.reset' write handler
Rx rate: 130277
While executing 'Script@5 :: Script':
  no 'from.reset' write handler
Rx rate: 128464.535465
While executing 'Script@5 :: Script':
  no 'from.reset' write handler
Rx rate: 130666
While executing 'Script@5 :: Script':
  no 'from.reset' write handler
Rx rate: 130406
While executing 'Script@5 :: Script':
  no 'from.reset' write handler
Rx rate: 130277
While executing 'Script@5 :: Script':
  no 'from.reset' write handler
Rx rate: 129241.758242
While executing 'Script@5 :: Script':
  no 'from.reset' write handler
Rx rate: 131831
While executing 'Script@5 :: Script':
  no 'from.reset' write handler
Rx rate: 133255
While executing 'Script@5 :: Script':
  no 'from.reset' write handler
Rx rate: 133515
While executing 'Script@5 :: Script':
  no 'from.reset' write handler
Rx rate: 130924
While executing 'Script@5 :: Script':
  no 'from.reset' write handler
Rx rate: 128982
While executing 'Script@5 :: Script':
  no 'from.reset' write handler
Rx rate: 130925
While executing 'Script@5 :: Script':
  no 'from.reset' write handler
Rx rate: 129111
While executing 'Script@5 :: Script':
  no 'from.reset' write handler
Rx rate: 129500
While executing 'Script@5 :: Script':
  no 'from.reset' write handler
Rx rate: 130664.335664
While executing 'Script@5 :: Script':
  no 'from.reset' write handler
Rx rate: 131829.170829
While executing 'Script@5 :: Script':
  no 'from.reset' write handler
Rx rate: 129759
While executing 'Script@5 :: Script':
  no 'from.reset' write handler
Rx rate: 127687
While executing 'Script@5 :: Script':
  no 'from.reset' write handler
Rx rate: 131310.689311
While executing 'Script@5 :: Script':
  no 'from.reset' write handler
Rx rate: 128465.534466
While executing 'Script@5 :: Script':
  no 'from.reset' write handler
Rx rate: 129629
While executing 'Script@5 :: Script':
  no 'from.reset' write handler
Rx rate: 128076
While executing 'Script@5 :: Script':
  no 'from.reset' write handler
Rx rate: 131310.689311
While executing 'Script@5 :: Script':
  no 'from.reset' write handler
Rx rate: 129241
While executing 'Script@5 :: Script':
  no 'from.reset' write handler
Rx rate: 128335.664336
While executing 'Script@5 :: Script':
  no 'from.reset' write handler
Rx rate: 129888.111888
While executing 'Script@5 :: Script':
  no 'from.reset' write handler
Rx rate: 129370.629371
While executing 'Script@5 :: Script':
  no 'from.reset' write handler
Rx rate: 127559.440559
While executing 'Script@5 :: Script':
  no 'from.reset' write handler
Rx rate: 128853.146853
While executing 'Script@5 :: Script':
  no 'from.reset' write handler
Rx rate: 128464
While executing 'Script@5 :: Script':
  no 'from.reset' write handler
Rx rate: 128335
While executing 'Script@5 :: Script':
  no 'from.reset' write handler
Rx rate: 130277
While executing 'Script@5 :: Script':
  no 'from.reset' write handler
Rx rate: 129500
While executing 'Script@5 :: Script':
  no 'from.reset' write handler
Rx rate: 128335.664336
While executing 'Script@5 :: Script':
  no 'from.reset' write handler
Rx rate: 127429.57043
While executing 'Script@5 :: Script':
  no 'from.reset' write handler
Rx rate: 127817
While executing 'Script@5 :: Script':
  no 'from.reset' write handler
Rx rate: 127687
While executing 'Script@5 :: Script':
  no 'from.reset' write handler
Rx rate: 129111
While executing 'Script@5 :: Script':
  no 'from.reset' write handler
Rx rate: 129759
While executing 'Script@5 :: Script':
  no 'from.reset' write handler
Rx rate: 128724.275724
While executing 'Script@5 :: Script':
  no 'from.reset' write handler
Rx rate: 127688.311688
While executing 'Script@5 :: Script':
  no 'from.reset' write handler
Rx rate: 127430.569431
While executing 'Script@5 :: Script':
  no 'from.reset' write handler
Rx rate: 130534.465534
While executing 'Script@5 :: Script':
  no 'from.reset' write handler
Rx rate: 128076
While executing 'Script@5 :: Script':
  no 'from.reset' write handler
Rx rate: 127429.57043
While executing 'Script@5 :: Script':
  no 'from.reset' write handler
Rx rate: 127689.310689
While executing 'Script@5 :: Script':
  no 'from.reset' write handler
Rx rate: 132216.783217
While executing 'Script@5 :: Script':
  no 'from.reset' write handler
Rx rate: 130016.983017
While executing 'Script@5 :: Script':
  no 'from.reset' write handler
Rx rate: 130276.723277
While executing 'Script@5 :: Script':
  no 'from.reset' write handler
Rx rate: 130605.394605
While executing 'Script@5 :: Script':
  no 'from.reset' write handler
Rx rate: 128853.146853
While executing 'Script@5 :: Script':
  no 'from.reset' write handler
Rx rate: 131313
While executing 'Script@5 :: Script':
  no 'from.reset' write handler
Rx rate: 130924
While executing 'Script@5 :: Script':
  no 'from.reset' write handler
Rx rate: 129629.370629
While executing 'Script@5 :: Script':
  no 'from.reset' write handler
Rx rate: 130405.594406
While executing 'Script@5 :: Script':
  no 'from.reset' write handler
Rx rate: 128465.534466
While executing 'Script@5 :: Script':
  no 'from.reset' write handler
AUTOTEST_DONE
