Startup trace (nsec): main: 161789605213
Startup trace (nsec): init done: 161793171221
Rx rate: 0
While executing 'Script@8 :: Script':
  no 'from.reset' write handler
Rx rate: 911680
While executing 'Script@8 :: Script':
  no 'from.reset' write handler
Rx rate: 926886.227545
While executing 'Script@8 :: Script':
  no 'from.reset' write handler
Rx rate: 922867.132867
While executing 'Script@8 :: Script':
  no 'from.reset' write handler
Rx rate: 919130.608175
While executing 'Script@8 :: Script':
  no 'from.reset' write handler
Rx rate: 918122.877123
While executing 'Script@8 :: Script':
  no 'from.reset' write handler
Rx rate: 922303
While executing 'Script@8 :: Script':
  no 'from.reset' write handler
Rx rate: 919064.870259
While executing 'Script@8 :: Script':
  no 'from.reset' write handler
Rx rate: 920257.742258
While executing 'Script@8 :: Script':
  no 'from.reset' write handler
Rx rate: 921082
While executing 'Script@8 :: Script':
  no 'from.reset' write handler
Rx rate: 923229
While executing 'Script@8 :: Script':
  no 'from.reset' write handler
Rx rate: 924643
While executing 'Script@8 :: Script':
  no 'from.reset' write handler
Rx rate: 922409
While executing 'Script@8 :: Script':
  no 'from.reset' write handler
Rx rate: 923539.460539
While executing 'Script@8 :: Script':
  no 'from.reset' write handler
Rx rate: 922325
While executing 'Script@8 :: Script':
  no 'from.reset' write handler
Rx rate: 920853.146853
While executing 'Script@8 :: Script':
  no 'from.reset' write handler
Rx rate: 919945
While executing 'Script@8 :: Script':
  no 'from.reset' write handler
Rx rate: 919711
While executing 'Script@8 :: Script':
  no 'from.reset' write handler
Rx rate: 921781
While executing 'Script@8 :: Script':
  no 'from.reset' write handler
Rx rate: 922019
While executing 'Script@8 :: Script':
  no 'from.reset' write handler
Rx rate: 922352
While executing 'Script@8 :: Script':
  no 'from.reset' write handler
Rx rate: 922492
While executing 'Script@8 :: Script':
  no 'from.reset' write handler
Rx rate: 919849
While executing 'Script@8 :: Script':
  no 'from.reset' write handler
Rx rate: 922884
While executing 'Script@8 :: Script':
  no 'from.reset' write handler
Rx rate: 920004
While executing 'Script@8 :: Script':
  no 'from.reset' write handler
Rx rate: 917370.629371
While executing 'Script@8 :: Script':
  no 'from.reset' write handler
Rx rate: 915774
While executing 'Script@8 :: Script':
  no 'from.reset' write handler
Rx rate: 921020
While executing 'Script@8 :: Script':
  no 'from.reset' write handler
Rx rate: 916615
While executing 'Script@8 :: Script':
  no 'from.reset' write handler
Rx rate: 921418
While executing 'Script@8 :: Script':
  no 'from.reset' write handler
Rx rate: 920489
While executing 'Script@8 :: Script':
  no 'from.reset' write handler
Rx rate: 922866
While executing 'Script@8 :: Script':
  no 'from.reset' write handler
Rx rate: 916864
While executing 'Script@8 :: Script':
  no 'from.reset' write handler
Rx rate: 919329
While executing 'Script@8 :: Script':
  no 'from.reset' write handler
Rx rate: 917426
While executing 'Script@8 :: Script':
  no 'from.reset' write handler
Rx rate: 918556
While executing 'Script@8 :: Script':
  no 'from.reset' write handler
Rx rate: 917571
While executing 'Script@8 :: Script':
  no 'from.reset' write handler
Rx rate: 918576
While executing 'Script@8 :: Script':
  no 'from.reset' write handler
Rx rate: 917657.342657
While executing 'Script@8 :: Script':
  no 'from.reset' write handler
Rx rate: 919530.46953
While executing 'Script@8 :: Script':
  no 'from.reset' write handler
Rx rate: 918023.976024
While executing 'Script@8 :: Script':
  no 'from.reset' write handler
Rx rate: 919904
While executing 'Script@8 :: Script':
  no 'from.reset' write handler
Rx rate: 916501
While executing 'Script@8 :: Script':
  no 'from.reset' write handler
Rx rate: 920273
While executing 'Script@8 :: Script':
  no 'from.reset' write handler
Rx rate: 919267.732268
While executing 'Script@8 :: Script':
  no 'from.reset' write handler
Rx rate: 917786
While executing 'Script@8 :: Script':
  no 'from.reset' write handler
Rx rate: 921030
While executing 'Script@8 :: Script':
  no 'from.reset' write handler
Rx rate: 920306
While executing 'Script@8 :: Script':
  no 'from.reset' write handler
Rx rate: 921714.285714
While executing 'Script@8 :: Script':
  no 'from.reset' write handler
Rx rate: 921007
While executing 'Script@8 :: Script':
  no 'from.reset' write handler
Rx rate: 919068
While executing 'Script@8 :: Script':
  no 'from.reset' write handler
Rx rate: 920802
While executing 'Script@8 :: Script':
  no 'from.reset' write handler
Rx rate: 920722
While executing 'Script@8 :: Script':
  no 'from.reset' write handler
Rx rate: 919783
While executing 'Script@8 :: Script':
  no 'from.reset' write handler
Rx rate: 918901.098901
While executing 'Script@8 :: Script':
  no 'from.reset' write handler
Rx rate: 918753.246753
While executing 'Script@8 :: Script':
  no 'from.reset' write handler
Rx rate: 910775
While executing 'Script@8 :: Script':
  no 'from.reset' write handler
Rx rate: 921336
While executing 'Script@8 :: Script':
  no 'from.reset' write handler
Rx rate: 919468
While executing 'Script@8 :: Script':
  no 'from.reset' write handler
Rx rate: 920692
While executing 'Script@8 :: Script':
  no 'from.reset' write handler
Rx rate: 921831
While executing 'Script@8 :: Script':
  no 'from.reset' write handler
Rx rate: 920495
While executing 'Script@8 :: Script':
  no 'from.reset' write handler
Rx rate: 922623
While executing 'Script@8 :: Script':
  no 'from.reset' write handler
Rx rate: 918281
While executing 'Script@8 :: Script':
  no 'from.reset' write handler
Rx rate: 919296.703297
While executing 'Script@8 :: Script':
  no 'from.reset' write handler
Rx rate: 920565
While executing 'Script@8 :: Script':
  no 'from.reset' write handler
Rx rate: 919626.373626
While executing 'Script@8 :: Script':
  no 'from.reset' write handler
Rx rate: 920234
While executing 'Script@8 :: Script':
  no 'from.reset' write handler
Rx rate: 917742
While executing 'Script@8 :: Script':
  no 'from.reset' write handler
Rx rate: 913247.752248
While executing 'Script@8 :: Script':
  no 'from.reset' write handler
Rx rate: 915496
While executing 'Script@8 :: Script':
  no 'from.reset' write handler
Rx rate: 914955
While executing 'Script@8 :: Script':
  no 'from.reset' write handler
Rx rate: 914619
While executing 'Script@8 :: Script':
  no 'from.reset' write handler
AUTOTEST_DONE
