to_device :: Queue: overflow
Startup trace (nsec): main: 85347334357
Startup trace (nsec): init done: 85465180746
Rx rate: 846995.614035    TxExt rate: 846995.614035    TxInt rate: 0
While executing 'Script@35 :: Script':
  no 'from_device.reset' write handler
Rx rate: 855052    TxExt rate: 855052    TxInt rate: 0
While executing 'Script@35 :: Script':
  no 'from_device.reset' write handler
Rx rate: 851500    TxExt rate: 851500    TxInt rate: 0
While executing 'Script@35 :: Script':
  no 'from_device.reset' write handler
Rx rate: 851500    TxExt rate: 851500    TxInt rate: 0
While executing 'Script@35 :: Script':
  no 'from_device.reset' write handler
Rx rate: 853787.212787    TxExt rate: 853787.212787    TxInt rate: 0
While executing 'Script@35 :: Script':
  no 'from_device.reset' write handler
Rx rate: 851500    TxExt rate: 851500    TxInt rate: 0
While executing 'Script@35 :: Script':
  no 'from_device.reset' write handler
Rx rate: 852800    TxExt rate: 852800    TxInt rate: 0
While executing 'Script@35 :: Script':
  no 'from_device.reset' write handler
Rx rate: 850200    TxExt rate: 850200    TxInt rate: 0
While executing 'Script@35 :: Script':
  no 'from_device.reset' write handler
Rx rate: 850649.350649    TxExt rate: 850649.350649    TxInt rate: 0
While executing 'Script@35 :: Script':
  no 'from_device.reset' write handler
Rx rate: 849610.38961    TxExt rate: 849610.38961    TxInt rate: 0
While executing 'Script@35 :: Script':
  no 'from_device.reset' write handler
Rx rate: 844312.687313    TxExt rate: 844312.687313    TxInt rate: 0
While executing 'Script@35 :: Script':
  no 'from_device.reset' write handler
Rx rate: 853633.366633    TxExt rate: 853633.366633    TxInt rate: 0
While executing 'Script@35 :: Script':
  no 'from_device.reset' write handler
Rx rate: 851298.701299    TxExt rate: 851298.701299    TxInt rate: 0
While executing 'Script@35 :: Script':
  no 'from_device.reset' write handler
Rx rate: 851175    TxExt rate: 851175    TxInt rate: 0
While executing 'Script@35 :: Script':
  no 'from_device.reset' write handler
Rx rate: 852822    TxExt rate: 852822    TxInt rate: 0
While executing 'Script@35 :: Script':
  no 'from_device.reset' write handler
Rx rate: 852410    TxExt rate: 852410    TxInt rate: 0
While executing 'Script@35 :: Script':
  no 'from_device.reset' write handler
Rx rate: 852215    TxExt rate: 852215    TxInt rate: 0
While executing 'Script@35 :: Script':
  no 'from_device.reset' write handler
Rx rate: 851363.636364    TxExt rate: 851363.636364    TxInt rate: 0
While executing 'Script@35 :: Script':
  no 'from_device.reset' write handler
Rx rate: 853125    TxExt rate: 853125    TxInt rate: 0
While executing 'Script@35 :: Script':
  no 'from_device.reset' write handler
Rx rate: 852215    TxExt rate: 852215    TxInt rate: 0
While executing 'Script@35 :: Script':
  no 'from_device.reset' write handler
Rx rate: 853887.112887    TxExt rate: 853887.112887    TxInt rate: 0
While executing 'Script@35 :: Script':
  no 'from_device.reset' write handler
Rx rate: 856031    TxExt rate: 856031    TxInt rate: 0
While executing 'Script@35 :: Script':
  no 'from_device.reset' write handler
Rx rate: 851305    TxExt rate: 851305    TxInt rate: 0
While executing 'Script@35 :: Script':
  no 'from_device.reset' write handler
Rx rate: 851363.636364    TxExt rate: 851363.636364    TxInt rate: 0
While executing 'Script@35 :: Script':
  no 'from_device.reset' write handler
Rx rate: 853125    TxExt rate: 853125    TxInt rate: 0
While executing 'Script@35 :: Script':
  no 'from_device.reset' write handler
Rx rate: 853599    TxExt rate: 853599    TxInt rate: 0
While executing 'Script@35 :: Script':
  no 'from_device.reset' write handler
Rx rate: 852272.727273    TxExt rate: 852272.727273    TxInt rate: 0
While executing 'Script@35 :: Script':
  no 'from_device.reset' write handler
Rx rate: 847145    TxExt rate: 847145    TxInt rate: 0
While executing 'Script@35 :: Script':
  no 'from_device.reset' write handler
Rx rate: 852475    TxExt rate: 852475    TxInt rate: 0
While executing 'Script@35 :: Script':
  no 'from_device.reset' write handler
Rx rate: 851175    TxExt rate: 851175    TxInt rate: 0
While executing 'Script@35 :: Script':
  no 'from_device.reset' write handler
Rx rate: 856155    TxExt rate: 856155    TxInt rate: 0
While executing 'Script@35 :: Script':
  no 'from_device.reset' write handler
Rx rate: 854522    TxExt rate: 854522    TxInt rate: 0
While executing 'Script@35 :: Script':
  no 'from_device.reset' write handler
Rx rate: 852150    TxExt rate: 852150    TxInt rate: 0
While executing 'Script@35 :: Script':
  no 'from_device.reset' write handler
Rx rate: 851175    TxExt rate: 851175    TxInt rate: 0
While executing 'Script@35 :: Script':
  no 'from_device.reset' write handler
Rx rate: 852475    TxExt rate: 852475    TxInt rate: 0
While executing 'Script@35 :: Script':
  no 'from_device.reset' write handler
Rx rate: 851987    TxExt rate: 851987    TxInt rate: 0
While executing 'Script@35 :: Script':
  no 'from_device.reset' write handler
Rx rate: 848575    TxExt rate: 848575    TxInt rate: 0
While executing 'Script@35 :: Script':
  no 'from_device.reset' write handler
Rx rate: 850200    TxExt rate: 850200    TxInt rate: 0
While executing 'Script@35 :: Script':
  no 'from_device.reset' write handler
Rx rate: 849550    TxExt rate: 849550    TxInt rate: 0
While executing 'Script@35 :: Script':
  no 'from_device.reset' write handler
Rx rate: 850395    TxExt rate: 850395    TxInt rate: 0
While executing 'Script@35 :: Script':
  no 'from_device.reset' write handler
Rx rate: 843168.831169    TxExt rate: 843168.831169    TxInt rate: 0
While executing 'Script@35 :: Script':
  no 'from_device.reset' write handler
Rx rate: 853218.781219    TxExt rate: 853218.781219    TxInt rate: 0
While executing 'Script@35 :: Script':
  no 'from_device.reset' write handler
Rx rate: 851760    TxExt rate: 851760    TxInt rate: 0
While executing 'Script@35 :: Script':
  no 'from_device.reset' write handler
Rx rate: 850129.87013    TxExt rate: 850129.87013    TxInt rate: 0
While executing 'Script@35 :: Script':
  no 'from_device.reset' write handler
Rx rate: 848510    TxExt rate: 848510    TxInt rate: 0
While executing 'Script@35 :: Script':
  no 'from_device.reset' write handler
Rx rate: 851315    TxExt rate: 851315    TxInt rate: 0
While executing 'Script@35 :: Script':
  no 'from_device.reset' write handler
Rx rate: 850720    TxExt rate: 850720    TxInt rate: 0
While executing 'Script@35 :: Script':
  no 'from_device.reset' write handler
Rx rate: 852280    TxExt rate: 852280    TxInt rate: 0
While executing 'Script@35 :: Script':
  no 'from_device.reset' write handler
Rx rate: 852020    TxExt rate: 852020    TxInt rate: 0
While executing 'Script@35 :: Script':
  no 'from_device.reset' write handler
Rx rate: 851760    TxExt rate: 851760    TxInt rate: 0
While executing 'Script@35 :: Script':
  no 'from_device.reset' write handler
Rx rate: 854722.277722    TxExt rate: 854722.277722    TxInt rate: 0
While executing 'Script@35 :: Script':
  no 'from_device.reset' write handler
Rx rate: 854737    TxExt rate: 854737    TxInt rate: 0
While executing 'Script@35 :: Script':
  no 'from_device.reset' write handler
Rx rate: 851500    TxExt rate: 851500    TxInt rate: 0
While executing 'Script@35 :: Script':
  no 'from_device.reset' write handler
Rx rate: 851500    TxExt rate: 851500    TxInt rate: 0
While executing 'Script@35 :: Script':
  no 'from_device.reset' write handler
Rx rate: 851760    TxExt rate: 851760    TxInt rate: 0
While executing 'Script@35 :: Script':
  no 'from_device.reset' write handler
Rx rate: 853710    TxExt rate: 853710    TxInt rate: 0
While executing 'Script@35 :: Script':
  no 'from_device.reset' write handler
Rx rate: 852150    TxExt rate: 852150    TxInt rate: 0
While executing 'Script@35 :: Script':
  no 'from_device.reset' write handler
Rx rate: 850525    TxExt rate: 850525    TxInt rate: 0
While executing 'Script@35 :: Script':
  no 'from_device.reset' write handler
Rx rate: 851298.701299    TxExt rate: 851298.701299    TxInt rate: 0
While executing 'Script@35 :: Script':
  no 'from_device.reset' write handler
Rx rate: 852597.402597    TxExt rate: 852597.402597    TxInt rate: 0
While executing 'Script@35 :: Script':
  no 'from_device.reset' write handler
Rx rate: 853419    TxExt rate: 853419    TxInt rate: 0
While executing 'Script@35 :: Script':
  no 'from_device.reset' write handler
Rx rate: 855400    TxExt rate: 855400    TxInt rate: 0
While executing 'Script@35 :: Script':
  no 'from_device.reset' write handler
Rx rate: 850324.675325    TxExt rate: 850324.675325    TxInt rate: 0
While executing 'Script@35 :: Script':
  no 'from_device.reset' write handler
Rx rate: 852475    TxExt rate: 852475    TxInt rate: 0
While executing 'Script@35 :: Script':
  no 'from_device.reset' write handler
Rx rate: 851500    TxExt rate: 851500    TxInt rate: 0
While executing 'Script@35 :: Script':
  no 'from_device.reset' write handler
Rx rate: 854211    TxExt rate: 854211    TxInt rate: 0
While executing 'Script@35 :: Script':
  no 'from_device.reset' write handler
Rx rate: 850437    TxExt rate: 850437    TxInt rate: 0
While executing 'Script@35 :: Script':
  no 'from_device.reset' write handler
Rx rate: 849550    TxExt rate: 849550    TxInt rate: 0
While executing 'Script@35 :: Script':
  no 'from_device.reset' write handler
Rx rate: 848051.948052    TxExt rate: 848051.948052    TxInt rate: 0
While executing 'Script@35 :: Script':
  no 'from_device.reset' write handler
Rx rate: 850200    TxExt rate: 850200    TxInt rate: 0
While executing 'Script@35 :: Script':
  no 'from_device.reset' write handler
Rx rate: 847864    TxExt rate: 847864    TxInt rate: 0
While executing 'Script@35 :: Script':
  no 'from_device.reset' write handler
Rx rate: 853246.753247    TxExt rate: 853246.753247    TxInt rate: 0
While executing 'Script@35 :: Script':
  no 'from_device.reset' write handler
AUTOTEST_DONE
