/tmp/linux.click:2: While initializing 'from :: FromDevice':
  warning: ens7: no IPv4 address assigned
Startup trace (nsec): main: 8949639769
Startup trace (nsec): init done: 8959065368
Rx rate: 0
While executing 'Script@4 :: Script':
  no 'from.reset' write handler
Rx rate: 819588.541667
While executing 'Script@4 :: Script':
  no 'from.reset' write handler
Rx rate: 706264
While executing 'Script@4 :: Script':
  no 'from.reset' write handler
Rx rate: 818707
While executing 'Script@4 :: Script':
  no 'from.reset' write handler
Rx rate: 818539
While executing 'Script@4 :: Script':
  no 'from.reset' write handler
Rx rate: 811207
While executing 'Script@4 :: Script':
  no 'from.reset' write handler
Rx rate: 818554
While executing 'Script@4 :: Script':
  no 'from.reset' write handler
Rx rate: 817754
While executing 'Script@4 :: Script':
  no 'from.reset' write handler
Rx rate: 814994
While executing 'Script@4 :: Script':
  no 'from.reset' write handler
Rx rate: 818634
While executing 'Script@4 :: Script':
  no 'from.reset' write handler
Rx rate: 818516
While executing 'Script@4 :: Script':
  no 'from.reset' write handler
Rx rate: 816343.625498
While executing 'Script@4 :: Script':
  no 'from.reset' write handler
Rx rate: 815901
While executing 'Script@4 :: Script':
  no 'from.reset' write handler
Rx rate: 818633
While executing 'Script@4 :: Script':
  no 'from.reset' write handler
Rx rate: 818432
While executing 'Script@4 :: Script':
  no 'from.reset' write handler
Rx rate: 815908
While executing 'Script@4 :: Script':
  no 'from.reset' write handler
Rx rate: 818227
While executing 'Script@4 :: Script':
  no 'from.reset' write handler
Rx rate: 817339
While executing 'Script@4 :: Script':
  no 'from.reset' write handler
Rx rate: 808503
While executing 'Script@4 :: Script':
  no 'from.reset' write handler
Rx rate: 818688
While executing 'Script@4 :: Script':
  no 'from.reset' write handler
Rx rate: 818566
While executing 'Script@4 :: Script':
  no 'from.reset' write handler
Rx rate: 811798
While executing 'Script@4 :: Script':
  no 'from.reset' write handler
Rx rate: 818767
While executing 'Script@4 :: Script':
  no 'from.reset' write handler
Rx rate: 818318
While executing 'Script@4 :: Script':
  no 'from.reset' write handler
Rx rate: 808814
While executing 'Script@4 :: Script':
  no 'from.reset' write handler
Rx rate: 818416
While executing 'Script@4 :: Script':
  no 'from.reset' write handler
Rx rate: 818504
While executing 'Script@4 :: Script':
  no 'from.reset' write handler
Rx rate: 814799.800797
While executing 'Script@4 :: Script':
  no 'from.reset' write handler
Rx rate: 810784
While executing 'Script@4 :: Script':
  no 'from.reset' write handler
Rx rate: 818627
While executing 'Script@4 :: Script':
  no 'from.reset' write handler
Rx rate: 818680
While executing 'Script@4 :: Script':
  no 'from.reset' write handler
Rx rate: 818434
While executing 'Script@4 :: Script':
  no 'from.reset' write handler
Rx rate: 818591
While executing 'Script@4 :: Script':
  no 'from.reset' write handler
Rx rate: 818307
While executing 'Script@4 :: Script':
  no 'from.reset' write handler
Rx rate: 818644
While executing 'Script@4 :: Script':
  no 'from.reset' write handler
Rx rate: 818272
While executing 'Script@4 :: Script':
  no 'from.reset' write handler
Rx rate: 818338
While executing 'Script@4 :: Script':
  no 'from.reset' write handler
Rx rate: 817669
While executing 'Script@4 :: Script':
  no 'from.reset' write handler
Rx rate: 818364
While executing 'Script@4 :: Script':
  no 'from.reset' write handler
Rx rate: 816860
While executing 'Script@4 :: Script':
  no 'from.reset' write handler
Rx rate: 818234
While executing 'Script@4 :: Script':
  no 'from.reset' write handler
Rx rate: 818254
While executing 'Script@4 :: Script':
  no 'from.reset' write handler
Rx rate: 818202
While executing 'Script@4 :: Script':
  no 'from.reset' write handler
Rx rate: 818640
While executing 'Script@4 :: Script':
  no 'from.reset' write handler
Rx rate: 818696
While executing 'Script@4 :: Script':
  no 'from.reset' write handler
Rx rate: 818638
While executing 'Script@4 :: Script':
  no 'from.reset' write handler
Rx rate: 818524
While executing 'Script@4 :: Script':
  no 'from.reset' write handler
Rx rate: 817861
While executing 'Script@4 :: Script':
  no 'from.reset' write handler
Rx rate: 817816
While executing 'Script@4 :: Script':
  no 'from.reset' write handler
Rx rate: 817001
While executing 'Script@4 :: Script':
  no 'from.reset' write handler
Rx rate: 818492
While executing 'Script@4 :: Script':
  no 'from.reset' write handler
Rx rate: 818822
While executing 'Script@4 :: Script':
  no 'from.reset' write handler
Rx rate: 818398
While executing 'Script@4 :: Script':
  no 'from.reset' write handler
Rx rate: 818572
While executing 'Script@4 :: Script':
  no 'from.reset' write handler
Rx rate: 817520.47952
While executing 'Script@4 :: Script':
  no 'from.reset' write handler
Rx rate: 818646
While executing 'Script@4 :: Script':
  no 'from.reset' write handler
Rx rate: 818596
While executing 'Script@4 :: Script':
  no 'from.reset' write handler
Rx rate: 817356
While executing 'Script@4 :: Script':
  no 'from.reset' write handler
Rx rate: 818061
While executing 'Script@4 :: Script':
  no 'from.reset' write handler
Rx rate: 817187
While executing 'Script@4 :: Script':
  no 'from.reset' write handler
Rx rate: 818338
While executing 'Script@4 :: Script':
  no 'from.reset' write handler
Rx rate: 818572
While executing 'Script@4 :: Script':
  no 'from.reset' write handler
Rx rate: 818371
While executing 'Script@4 :: Script':
  no 'from.reset' write handler
Rx rate: 818530
While executing 'Script@4 :: Script':
  no 'from.reset' write handler
Rx rate: 818236
While executing 'Script@4 :: Script':
  no 'from.reset' write handler
Rx rate: 818199
While executing 'Script@4 :: Script':
  no 'from.reset' write handler
Rx rate: 818742
While executing 'Script@4 :: Script':
  no 'from.reset' write handler
Rx rate: 817575
While executing 'Script@4 :: Script':
  no 'from.reset' write handler
Rx rate: 818311
While executing 'Script@4 :: Script':
  no 'from.reset' write handler
Rx rate: 816899
While executing 'Script@4 :: Script':
  no 'from.reset' write handler
Rx rate: 818368
While executing 'Script@4 :: Script':
  no 'from.reset' write handler
Rx rate: 818279
While executing 'Script@4 :: Script':
  no 'from.reset' write handler
Rx rate: 818529
While executing 'Script@4 :: Script':
  no 'from.reset' write handler
AUTOTEST_DONE
