Time,Device,Direction,PacketRate,Mbit,MbitWithFraming,TotalPackets,TotalBytes
1761102601,Device: id=0,RX,1.2289040907975,2398.824668404,2595.4493229316,1235533,301470296
1761102601,Device: id=0,TX,0,0,0,0,0
1761102602,Device: id=0,RX,1.225890874185,2392.9370402261,2589.0795800957,2465088,601481472
1761102602,Device: id=0,TX,0,0,0,0,0
1761102603,Device: id=0,RX,1.2282845185816,2397.6113802713,2594.1369032444,3699822,902756568
1761102603,Device: id=0,TX,0,0,0,0,0
1761102604,Device: id=0,RX,1.2292568104987,2399.511235895,2596.1923255748,4935535,1204270784
1761102604,Device: id=0,TX,0,0,0,0,0
1761102605,Device: id=0,RX,1.2258059069724,2392.7711900699,2588.9001351855,6168707,1505164508
1761102605,Device: id=0,TX,0,0,0,0,0
1761102606,Device: id=0,RX,1.2235007345943,2388.2734339281,2584.0335514632,7398738,1805292072
1761102606,Device: id=0,TX,0,0,0,0,0
1761102607,Device: id=0,RX,1.2276602401338,2396.3927887411,2592.8184271625,8632908,2106429552
1761102607,Device: id=0,TX,0,0,0,0,0
1761102608,Device: id=0,RX,1.2319720958215,2404.8095310436,2601.925066375,9871423,2408627212
1761102608,Device: id=0,TX,0,0,0,0,0
1761102609,Device: id=0,RX,1.2326612389436,2406.1935542833,2603.4193525142,11111202,2711138168
1761102609,Device: id=0,TX,0,0,0,0,0
1761102610,Device: id=0,RX,1.2301195694743,2401.1545796803,2597.9737107962,12348295,3012983980
1761102610,Device: id=0,TX,0,0,0,0,0
1761102611,Device: id=0,RX,1.2309782572307,2402.8695581143,2599.8260792712,13585804,3314936176
1761102611,Device: id=0,TX,0,0,0,0,0
1761102612,Device: id=0,RX,1.2287115738549,2398.4449921647,2595.0388439815,14821677,3616489188
1761102612,Device: id=0,TX,0,0,0,0,0
1761102613,Device: id=0,RX,1.229228128379,2399.4533065959,2596.1298071365,16057426,3918011944
1761102613,Device: id=0,TX,0,0,0,0,0
1761102614,Device: id=0,RX,1.2309320428241,2402.7793475927,2599.7284744446,17294886,4219952184
1761102614,Device: id=0,TX,0,0,0,0,0
1761102615,Device: id=0,RX,1.2298191046664,2400.6088341107,2597.3798908574,18531164,4521604260
1761102615,Device: id=0,TX,0,0,0,0,0
1761102616,Device: id=0,RX,1.2284087370041,2397.851914456,2594.3973123766,19767059,4823162396
1761102616,Device: id=0,TX,0,0,0,0,0
1761102617,Device: id=0,RX,1.2306626679643,2402.2535278663,2599.1595547406,21004247,5125036268
1761102617,Device: id=0,TX,0,0,0,0,0
1761102618,Device: id=0,RX,1.2324133713812,2405.6864328295,2602.8725722505,22243334,5427375448
1761102618,Device: id=0,TX,0,0,0,0,0
1761102619,Device: id=0,RX,1.2299110666397,2400.7689349703,2597.5547056327,23480349,5729204912
1761102619,Device: id=0,TX,0,0,0,0,0
1761102620,Device: id=0,RX,1.229268372324,2399.5318627764,2596.2148023482,24716135,6030736696
1761102620,Device: id=0,TX,0,0,0,0,0
1761102621,Device: id=0,RX,1.2289146494181,2398.8433373635,2595.4696812704,25951569,6332182836
1761102621,Device: id=0,TX,0,0,0,0,0
1761102622,Device: id=0,RX,1.2279628905882,2396.9835624282,2593.4576249224,27186755,6633568220
1761102622,Device: id=0,TX,0,0,0,0,0
1761102623,Device: id=0,RX,1.2324622281754,2405.7643276999,2602.958284208,28425756,6935884220
1761102623,Device: id=0,TX,0,0,0,0,0
1761102624,Device: id=0,RX,1.2302265723878,2401.402269301,2598.238520883,29662511,7237652440
1761102624,Device: id=0,TX,0,0,0,0,0
1761102625,Device: id=0,RX,1.2256030636855,2392.3791206966,2588.4756108863,30895452,7538490288
1761102625,Device: id=0,TX,0,0,0,0,0
1761102626,Device: id=0,RX,1.2247444714754,2390.6992666132,2586.6583820492,32126689,7838911872
1761102626,Device: id=0,TX,0,0,0,0,0
1761102627,Device: id=0,RX,1.2255066679523,2392.1890158429,2588.2700827153,33358764,8139538172
1761102627,Device: id=0,TX,0,0,0,0,0
1761102628,Device: id=0,RX,1.230079468325,2401.1151221705,2597.9278371025,34596013,8441426928
1761102628,Device: id=0,TX,0,0,0,0,0
1761102629,Device: id=0,RX,1.2298273631009,2400.6249544717,2597.3973325679,35832365,8743097060
1761102629,Device: id=0,TX,0,0,0,0,0
1761102630,Device: id=0,RX,1.2290027226303,2399.0133145744,2595.6537501952,37067820,9044548080
1761102630,Device: id=0,TX,0,0,0,0,0
1761102631,Device: id=0,RX,1.2310600507646,2403.0272772915,2599.9968854139,38305346,9346504180
1761102631,Device: id=0,TX,0,0,0,0,0
1761102632,Device: id=0,RX,1.2269660281628,2395.0376869738,2591.3522514798,39539593,9647660448
1761102632,Device: id=0,TX,0,0,0,0,0
1761102633,Device: id=0,RX,1.2270319779707,2395.1683627979,2591.4934792732,40773071,9948629324
1761102633,Device: id=0,TX,0,0,0,0,0
1761102634,Device: id=0,RX,1.2318288974109,2404.5280659469,2601.6206895327,42011371,10250774280
1761102634,Device: id=0,TX,0,0,0,0,0
1761102635,Device: id=0,RX,1.230984866347,2402.8824591093,2599.8400377248,43248817,10552711104
1761102635,Device: id=0,TX,0,0,0,0,0
1761102636,Device: id=0,RX,1.2284893473618,2398.0131467382,2594.5714423161,44484467,10854209948
1761102636,Device: id=0,TX,0,0,0,0,0
1761102637,Device: id=0,RX,1.2318845595425,2404.6367184262,2601.738247953,45722822,11156368324
1761102637,Device: id=0,TX,0,0,0,0,0
1761102638,Device: id=0,RX,1.2265123484881,2394.1540459496,2590.3960217077,46955840,11457224960
1761102638,Device: id=0,TX,0,0,0,0,0
1761102639,Device: id=0,RX,1.2320669372424,2404.9927196943,2602.1234296531,48194377,11759427744
1761102639,Device: id=0,TX,0,0,0,0,0
1761102640,Device: id=0,RX,1.2311652003638,2403.2364129106,2600.2228449688,49432009,12061410196
1761102640,Device: id=0,TX,0,0,0,0,0
1761102641,Device: id=0,RX,1.22964167496,2400.260549522,2597.0032175156,50669337,12363318228
1761102641,Device: id=0,TX,0,0,0,0,0
1761102642,Device: id=0,RX,1.2322541697653,2405.3581975787,2602.5188647411,51908062,12665566884
1761102642,Device: id=0,TX,0,0,0,0,0
1761102643,Device: id=0,RX,1.2267108212905,2394.5686501723,2590.8423815788,53141216,12966460120
1761102643,Device: id=0,TX,0,0,0,0,0
1761102644,Device: id=0,RX,1.2276057864936,2396.2573697171,2592.6742955561,54375333,13267581008
1761102644,Device: id=0,TX,0,0,0,0,0
1761102645,Device: id=0,RX,1.2304191693752,2401.7762768197,2598.6433439198,55612215,13569379972
1761102645,Device: id=0,TX,0,0,0,0,0
1761102646,Device: id=0,RX,1.22883371473,2398.6853529554,2595.2987473122,56847502,13870790244
1761102646,Device: id=0,TX,0,0,0,0,0
1761102647,Device: id=0,RX,1.2310807864349,2403.0696951209,2600.0426209505,58085113,14172767328
1761102647,Device: id=0,TX,0,0,0,0,0
1761102648,Device: id=0,RX,1.2287332444681,2398.4892337835,2595.0865528984,59321076,14474342544
1761102648,Device: id=0,TX,0,0,0,0,0
1761102649,Device: id=0,RX,1.2301999768711,2401.3503548524,2598.1823511517,60557733,14776086852
1761102649,Device: id=0,TX,0,0,0,0,0
1761102650,Device: id=0,RX,1.2287190784316,2398.4576992995,2595.0527518486,61792907,15077469064
1761102650,Device: id=0,TX,0,0,0,0,0
1761102651,Device: id=0,RX,1.2296153687031,2400.2091997085,2596.947658701,63029046,15379086980
1761102651,Device: id=0,TX,0,0,0,0,0
1761102652,Device: id=0,RX,1.2276990796803,2396.4686035359,2592.9004562847,64263258,15680234708
1761102652,Device: id=0,TX,0,0,0,0,0
1761102653,Device: id=0,RX,1.2308746544712,2402.6673255279,2599.6072702433,65501506,15982367220
1761102653,Device: id=0,TX,0,0,0,0,0
1761102654,Device: id=0,RX,1.2295575505527,2400.0963386788,2596.8255467673,66737514,16283953172
1761102654,Device: id=0,TX,0,0,0,0,0
1761102655,Device: id=0,RX,1.2288213999932,2398.6593727867,2595.2707967856,67972856,16585376620
1761102655,Device: id=0,TX,0,0,0,0,0
1761102656,Device: id=0,RX,1.228882039584,2398.777741268,2595.3988676015,69208258,16886814708
1761102656,Device: id=0,TX,0,0,0,0,0
1761102657,Device: id=0,RX,1.2268643913006,2394.8412336233,2591.1395362314,70441564,17187741616
1761102657,Device: id=0,TX,0,0,0,0,0
1761102658,Device: id=0,RX,1.227318237518,2395.7232581354,2592.0941761383,71675520,17488826636
1761102658,Device: id=0,TX,0,0,0,0,0
1761102659,Device: id=0,RX,1.2314151468385,2403.7223666288,2600.748790123,72913919,17790995992
1761102659,Device: id=0,TX,0,0,0,0,0
1761102660,Device: id=0,RX,1.2306900947632,2402.309006779,2599.2194219411,74151073,18092861812
1761102660,Device: id=0,TX,0,0,0,0,0
1761102661,Device: id=0,RX,1.2309243614749,2402.7643535991,2599.712251435,75389306,18394990664
1761102661,Device: id=0,TX,0,0,0,0,0
1761102662,Device: id=0,RX,1.2287400933394,2398.498720492,2595.0971354263,76624560,18696392396
1761102662,Device: id=0,TX,0,0,0,0,0
1761102663,Device: id=0,RX,1.2297699139873,2400.5108721032,2597.2740583412,77860853,18998047888
1761102663,Device: id=0,TX,0,0,0,0,0
1761102664,Device: id=0,RX,1.2286739337332,2398.3715186472,2594.9593480445,79095979,19299418632
1761102664,Device: id=0,TX,0,0,0,0,0
1761102665,Device: id=0,RX,1.227901543233,2396.8657541948,2593.3300011121,80330328,19600600032
1761102665,Device: id=0,TX,0,0,0,0,0
1761102666,Device: id=0,RX,1.230464665717,2401.8650857815,2598.7394322962,81567321,19902426080
1761102666,Device: id=0,TX,0,0,0,0,0
1761102667,Device: id=0,RX,1.2304119965265,2401.7642172198,2598.630136664,82805423,20204522968
1761102667,Device: id=0,TX,0,0,0,0,0
1761102668,Device: id=0,RX,1.2303499637215,2401.6450709857,2598.5010651811,84042235,20506305340
1761102668,Device: id=0,TX,0,0,0,0,0
1761102669,Device: id=0,RX,1.2275742981139,2396.2230881144,2592.6349758126,85276255,20807405976
1761102669,Device: id=0,TX,0,0,0,0,0
1761102670,Device: id=0,RX,1.2288835722447,2398.7807330216,2595.4021045808,86511599,21108829912
1761102670,Device: id=0,TX,0,0,0,0,0
1761102671,Device: id=0,RX,1.2292382079882,2399.4729256996,2596.1510389777,87465274,21341527100
1761102671,Device: id=0,TX,0,0,0,0,0
