Startup trace (nsec): main: 85438386033
Startup trace (nsec): init done: 85442168340
Rx rate: 0
While executing 'Script@4 :: Script':
  no 'from.reset' write handler
Rx rate: 821283.687943
While executing 'Script@4 :: Script':
  no 'from.reset' write handler
Rx rate: 817881
While executing 'Script@4 :: Script':
  no 'from.reset' write handler
Rx rate: 816626
While executing 'Script@4 :: Script':
  no 'from.reset' write handler
Rx rate: 818418
While executing 'Script@4 :: Script':
  no 'from.reset' write handler
Rx rate: 817800.1998
While executing 'Script@4 :: Script':
  no 'from.reset' write handler
Rx rate: 818604
While executing 'Script@4 :: Script':
  no 'from.reset' write handler
Rx rate: 818304
While executing 'Script@4 :: Script':
  no 'from.reset' write handler
Rx rate: 818316
While executing 'Script@4 :: Script':
  no 'from.reset' write handler
Rx rate: 818178
While executing 'Script@4 :: Script':
  no 'from.reset' write handler
Rx rate: 818277
While executing 'Script@4 :: Script':
  no 'from.reset' write handler
Rx rate: 817783
While executing 'Script@4 :: Script':
  no 'from.reset' write handler
Rx rate: 818134
While executing 'Script@4 :: Script':
  no 'from.reset' write handler
Rx rate: 817099
While executing 'Script@4 :: Script':
  no 'from.reset' write handler
Rx rate: 818401
While executing 'Script@4 :: Script':
  no 'from.reset' write handler
Rx rate: 818732
While executing 'Script@4 :: Script':
  no 'from.reset' write handler
Rx rate: 818603
While executing 'Script@4 :: Script':
  no 'from.reset' write handler
Rx rate: 818262
While executing 'Script@4 :: Script':
  no 'from.reset' write handler
Rx rate: 818611
While executing 'Script@4 :: Script':
  no 'from.reset' write handler
Rx rate: 818490
While executing 'Script@4 :: Script':
  no 'from.reset' write handler
Rx rate: 818599
While executing 'Script@4 :: Script':
  no 'from.reset' write handler
Rx rate: 817758
While executing 'Script@4 :: Script':
  no 'from.reset' write handler
Rx rate: 817779
While executing 'Script@4 :: Script':
  no 'from.reset' write handler
Rx rate: 816716
While executing 'Script@4 :: Script':
  no 'from.reset' write handler
Rx rate: 818658
While executing 'Script@4 :: Script':
  no 'from.reset' write handler
Rx rate: 818515
While executing 'Script@4 :: Script':
  no 'from.reset' write handler
Rx rate: 818267
While executing 'Script@4 :: Script':
  no 'from.reset' write handler
Rx rate: 818299
While executing 'Script@4 :: Script':
  no 'from.reset' write handler
Rx rate: 818733
While executing 'Script@4 :: Script':
  no 'from.reset' write handler
Rx rate: 818774
While executing 'Script@4 :: Script':
  no 'from.reset' write handler
Rx rate: 818349
While executing 'Script@4 :: Script':
  no 'from.reset' write handler
Rx rate: 817598
While executing 'Script@4 :: Script':
  no 'from.reset' write handler
Rx rate: 818187
While executing 'Script@4 :: Script':
  no 'from.reset' write handler
Rx rate: 818381
While executing 'Script@4 :: Script':
  no 'from.reset' write handler
Rx rate: 816808
While executing 'Script@4 :: Script':
  no 'from.reset' write handler
Rx rate: 818620
While executing 'Script@4 :: Script':
  no 'from.reset' write handler
Rx rate: 818390
While executing 'Script@4 :: Script':
  no 'from.reset' write handler
Rx rate: 818379
While executing 'Script@4 :: Script':
  no 'from.reset' write handler
Rx rate: 818888
While executing 'Script@4 :: Script':
  no 'from.reset' write handler
Rx rate: 818828
While executing 'Script@4 :: Script':
  no 'from.reset' write handler
Rx rate: 818547
While executing 'Script@4 :: Script':
  no 'from.reset' write handler
Rx rate: 817265
While executing 'Script@4 :: Script':
  no 'from.reset' write handler
Rx rate: 818191
While executing 'Script@4 :: Script':
  no 'from.reset' write handler
Rx rate: 817749.250749
While executing 'Script@4 :: Script':
  no 'from.reset' write handler
Rx rate: 816869
While executing 'Script@4 :: Script':
  no 'from.reset' write handler
Rx rate: 818645
While executing 'Script@4 :: Script':
  no 'from.reset' write handler
Rx rate: 817893.106893
While executing 'Script@4 :: Script':
  no 'from.reset' write handler
Rx rate: 818394
While executing 'Script@4 :: Script':
  no 'from.reset' write handler
Rx rate: 818754
While executing 'Script@4 :: Script':
  no 'from.reset' write handler
Rx rate: 818501
While executing 'Script@4 :: Script':
  no 'from.reset' write handler
Rx rate: 819015.015015
While executing 'Script@4 :: Script':
  no 'from.reset' write handler
Rx rate: 817633
While executing 'Script@4 :: Script':
  no 'from.reset' write handler
Rx rate: 817823
While executing 'Script@4 :: Script':
  no 'from.reset' write handler
Rx rate: 818425
While executing 'Script@4 :: Script':
  no 'from.reset' write handler
Rx rate: 816333
While executing 'Script@4 :: Script':
  no 'from.reset' write handler
Rx rate: 818260
While executing 'Script@4 :: Script':
  no 'from.reset' write handler
Rx rate: 818228
While executing 'Script@4 :: Script':
  no 'from.reset' write handler
Rx rate: 818381
While executing 'Script@4 :: Script':
  no 'from.reset' write handler
Rx rate: 818600
While executing 'Script@4 :: Script':
  no 'from.reset' write handler
Rx rate: 818450
While executing 'Script@4 :: Script':
  no 'from.reset' write handler
Rx rate: 818728
While executing 'Script@4 :: Script':
  no 'from.reset' write handler
Rx rate: 817603
While executing 'Script@4 :: Script':
  no 'from.reset' write handler
Rx rate: 817278.721279
While executing 'Script@4 :: Script':
  no 'from.reset' write handler
Rx rate: 818612
While executing 'Script@4 :: Script':
  no 'from.reset' write handler
Rx rate: 816813
While executing 'Script@4 :: Script':
  no 'from.reset' write handler
Rx rate: 818684
While executing 'Script@4 :: Script':
  no 'from.reset' write handler
Rx rate: 818850
While executing 'Script@4 :: Script':
  no 'from.reset' write handler
Rx rate: 818318
While executing 'Script@4 :: Script':
  no 'from.reset' write handler
Rx rate: 818458
While executing 'Script@4 :: Script':
  no 'from.reset' write handler
Rx rate: 818284
While executing 'Script@4 :: Script':
  no 'from.reset' write handler
Rx rate: 818372
While executing 'Script@4 :: Script':
  no 'from.reset' write handler
Rx rate: 817954
While executing 'Script@4 :: Script':
  no 'from.reset' write handler
Rx rate: 817236
While executing 'Script@4 :: Script':
  no 'from.reset' write handler
AUTOTEST_DONE
