Startup trace (nsec): main: 85302382448
Startup trace (nsec): init done: 85306168576
Rx rate: 0
While executing 'Script@4 :: Script':
  no 'from.reset' write handler
Rx rate: 885048.275862
While executing 'Script@4 :: Script':
  no 'from.reset' write handler
Rx rate: 903134.730539
While executing 'Script@4 :: Script':
  no 'from.reset' write handler
Rx rate: 905549.450549
While executing 'Script@4 :: Script':
  no 'from.reset' write handler
Rx rate: 901969.030969
While executing 'Script@4 :: Script':
  no 'from.reset' write handler
Rx rate: 906368.89332
While executing 'Script@4 :: Script':
  no 'from.reset' write handler
Rx rate: 893185.628743
While executing 'Script@4 :: Script':
  no 'from.reset' write handler
Rx rate: 898202.59481
While executing 'Script@4 :: Script':
  no 'from.reset' write handler
Rx rate: 899114
While executing 'Script@4 :: Script':
  no 'from.reset' write handler
Rx rate: 905852
While executing 'Script@4 :: Script':
  no 'from.reset' write handler
Rx rate: 893950.04995
While executing 'Script@4 :: Script':
  no 'from.reset' write handler
Rx rate: 853048
While executing 'Script@4 :: Script':
  no 'from.reset' write handler
Rx rate: 896517.517518
While executing 'Script@4 :: Script':
  no 'from.reset' write handler
Rx rate: 892231.536926
While executing 'Script@4 :: Script':
  no 'from.reset' write handler
Rx rate: 887851
While executing 'Script@4 :: Script':
  no 'from.reset' write handler
Rx rate: 891100.899101
While executing 'Script@4 :: Script':
  no 'from.reset' write handler
Rx rate: 897434
While executing 'Script@4 :: Script':
  no 'from.reset' write handler
Rx rate: 893271.728272
While executing 'Script@4 :: Script':
  no 'from.reset' write handler
Rx rate: 886191.808192
While executing 'Script@4 :: Script':
  no 'from.reset' write handler
Rx rate: 890567
While executing 'Script@4 :: Script':
  no 'from.reset' write handler
Rx rate: 885001
While executing 'Script@4 :: Script':
  no 'from.reset' write handler
Rx rate: 893811.188811
While executing 'Script@4 :: Script':
  no 'from.reset' write handler
Rx rate: 897431
While executing 'Script@4 :: Script':
  no 'from.reset' write handler
Rx rate: 889662
While executing 'Script@4 :: Script':
  no 'from.reset' write handler
Rx rate: 894584
While executing 'Script@4 :: Script':
  no 'from.reset' write handler
Rx rate: 900417.582418
While executing 'Script@4 :: Script':
  no 'from.reset' write handler
Rx rate: 905591.408591
While executing 'Script@4 :: Script':
  no 'from.reset' write handler
Rx rate: 892045
While executing 'Script@4 :: Script':
  no 'from.reset' write handler
Rx rate: 893622
While executing 'Script@4 :: Script':
  no 'from.reset' write handler
Rx rate: 890441
While executing 'Script@4 :: Script':
  no 'from.reset' write handler
Rx rate: 889032.967033
While executing 'Script@4 :: Script':
  no 'from.reset' write handler
Rx rate: 900148
While executing 'Script@4 :: Script':
  no 'from.reset' write handler
Rx rate: 902613
While executing 'Script@4 :: Script':
  no 'from.reset' write handler
Rx rate: 899244
While executing 'Script@4 :: Script':
  no 'from.reset' write handler
Rx rate: 903129
While executing 'Script@4 :: Script':
  no 'from.reset' write handler
Rx rate: 905720
While executing 'Script@4 :: Script':
  no 'from.reset' write handler
Rx rate: 889921
While executing 'Script@4 :: Script':
  no 'from.reset' write handler
Rx rate: 892390
While executing 'Script@4 :: Script':
  no 'from.reset' write handler
Rx rate: 885511
While executing 'Script@4 :: Script':
  no 'from.reset' write handler
Rx rate: 896016.983017
While executing 'Script@4 :: Script':
  no 'from.reset' write handler
Rx rate: 896652
While executing 'Script@4 :: Script':
  no 'from.reset' write handler
Rx rate: 845791
While executing 'Script@4 :: Script':
  no 'from.reset' write handler
Rx rate: 896138
While executing 'Script@4 :: Script':
  no 'from.reset' write handler
Rx rate: 897890
While executing 'Script@4 :: Script':
  no 'from.reset' write handler
Rx rate: 892754.491018
While executing 'Script@4 :: Script':
  no 'from.reset' write handler
Rx rate: 894326
While executing 'Script@4 :: Script':
  no 'from.reset' write handler
Rx rate: 893549
While executing 'Script@4 :: Script':
  no 'from.reset' write handler
Rx rate: 895711
While executing 'Script@4 :: Script':
  no 'from.reset' write handler
Rx rate: 896482
While executing 'Script@4 :: Script':
  no 'from.reset' write handler
Rx rate: 889354
While executing 'Script@4 :: Script':
  no 'from.reset' write handler
Rx rate: 902611
While executing 'Script@4 :: Script':
  no 'from.reset' write handler
Rx rate: 893897
While executing 'Script@4 :: Script':
  no 'from.reset' write handler
Rx rate: 887585
While executing 'Script@4 :: Script':
  no 'from.reset' write handler
Rx rate: 898476.523477
While executing 'Script@4 :: Script':
  no 'from.reset' write handler
Rx rate: 891234.765235
While executing 'Script@4 :: Script':
  no 'from.reset' write handler
Rx rate: 890437
While executing 'Script@4 :: Script':
  no 'from.reset' write handler
Rx rate: 892768
While executing 'Script@4 :: Script':
  no 'from.reset' write handler
Rx rate: 887592
While executing 'Script@4 :: Script':
  no 'from.reset' write handler
Rx rate: 892368
While executing 'Script@4 :: Script':
  no 'from.reset' write handler
Rx rate: 883721.278721
While executing 'Script@4 :: Script':
  no 'from.reset' write handler
Rx rate: 885257
While executing 'Script@4 :: Script':
  no 'from.reset' write handler
Rx rate: 889076
While executing 'Script@4 :: Script':
  no 'from.reset' write handler
Rx rate: 886554
While executing 'Script@4 :: Script':
  no 'from.reset' write handler
Rx rate: 881790.20979
While executing 'Script@4 :: Script':
  no 'from.reset' write handler
Rx rate: 880597
While executing 'Script@4 :: Script':
  no 'from.reset' write handler
Rx rate: 890440
While executing 'Script@4 :: Script':
  no 'from.reset' write handler
Rx rate: 889664
While executing 'Script@4 :: Script':
  no 'from.reset' write handler
Rx rate: 888367
While executing 'Script@4 :: Script':
  no 'from.reset' write handler
Rx rate: 890412
While executing 'Script@4 :: Script':
  no 'from.reset' write handler
Rx rate: 895590
While executing 'Script@4 :: Script':
  no 'from.reset' write handler
Rx rate: 898083
While executing 'Script@4 :: Script':
  no 'from.reset' write handler
Rx rate: 890075
While executing 'Script@4 :: Script':
  no 'from.reset' write handler
Rx rate: 855734
While executing 'Script@4 :: Script':
  no 'from.reset' write handler
AUTOTEST_DONE
