SimpleQueue@7 :: SimpleQueue: overflow
Startup trace (nsec): main: 85290515912
Startup trace (nsec): init done: 85294179035
Rx rate: 262012.383901   TxExt rate: 259996.904025   TxInt rate: 259996.904025
While executing 'Script@11 :: Script':
  no 'from_device.reset' write handler
Rx rate: 267660   TxExt rate: 264876   TxInt rate: 264876
While executing 'Script@11 :: Script':
  no 'from_device.reset' write handler
Rx rate: 269480.519481   TxExt rate: 267407.592408   TxInt rate: 267407.592408
While executing 'Script@11 :: Script':
  no 'from_device.reset' write handler
Rx rate: 269645.418327   TxExt rate: 267572.709163   TxInt rate: 267572.709163
While executing 'Script@11 :: Script':
  no 'from_device.reset' write handler
Rx rate: 269434.695912   TxExt rate: 265900.299103   TxInt rate: 265900.299103
While executing 'Script@11 :: Script':
  no 'from_device.reset' write handler
Rx rate: 269081.836327   TxExt rate: 267011.976048   TxInt rate: 267011.976048
While executing 'Script@11 :: Script':
  no 'from_device.reset' write handler
Rx rate: 270856   TxExt rate: 268771   TxInt rate: 268771
While executing 'Script@11 :: Script':
  no 'from_device.reset' write handler
Rx rate: 271168.831169   TxExt rate: 269082.917083   TxInt rate: 269082.917083
While executing 'Script@11 :: Script':
  no 'from_device.reset' write handler
Rx rate: 268952.095808   TxExt rate: 266883.233533   TxInt rate: 266883.233533
While executing 'Script@11 :: Script':
  no 'from_device.reset' write handler
Rx rate: 265908.091908   TxExt rate: 263864.135864   TxInt rate: 263864.135864
While executing 'Script@11 :: Script':
  no 'from_device.reset' write handler
Rx rate: 265463   TxExt rate: 262680   TxInt rate: 262680
While executing 'Script@11 :: Script':
  no 'from_device.reset' write handler
Rx rate: 268556   TxExt rate: 265761   TxInt rate: 265761
While executing 'Script@11 :: Script':
  no 'from_device.reset' write handler
Rx rate: 268247.752248   TxExt rate: 266182.817183   TxInt rate: 266182.817183
While executing 'Script@11 :: Script':
  no 'from_device.reset' write handler
Rx rate: 271244   TxExt rate: 269159   TxInt rate: 269159
While executing 'Script@11 :: Script':
  no 'from_device.reset' write handler
Rx rate: 268153.846154   TxExt rate: 264623.376623   TxInt rate: 264623.376623
While executing 'Script@11 :: Script':
  no 'from_device.reset' write handler
Rx rate: 269230   TxExt rate: 267159   TxInt rate: 267159
While executing 'Script@11 :: Script':
  no 'from_device.reset' write handler
Rx rate: 270140   TxExt rate: 268062   TxInt rate: 268062
While executing 'Script@11 :: Script':
  no 'from_device.reset' write handler
Rx rate: 271180   TxExt rate: 269094   TxInt rate: 269094
While executing 'Script@11 :: Script':
  no 'from_device.reset' write handler
Rx rate: 268580   TxExt rate: 266514   TxInt rate: 266514
While executing 'Script@11 :: Script':
  no 'from_device.reset' write handler
Rx rate: 268190   TxExt rate: 266127   TxInt rate: 266127
While executing 'Script@11 :: Script':
  no 'from_device.reset' write handler
Rx rate: 270176   TxExt rate: 267357   TxInt rate: 267357
While executing 'Script@11 :: Script':
  no 'from_device.reset' write handler
Rx rate: 268408.591409   TxExt rate: 265602.397602   TxInt rate: 265602.397602
While executing 'Script@11 :: Script':
  no 'from_device.reset' write handler
Rx rate: 270259.74026   TxExt rate: 268180.819181   TxInt rate: 268180.819181
While executing 'Script@11 :: Script':
  no 'from_device.reset' write handler
Rx rate: 271440   TxExt rate: 269352   TxInt rate: 269352
While executing 'Script@11 :: Script':
  no 'from_device.reset' write handler
Rx rate: 270421   TxExt rate: 267614   TxInt rate: 267614
While executing 'Script@11 :: Script':
  no 'from_device.reset' write handler
Rx rate: 269220.779221   TxExt rate: 267149.85015   TxInt rate: 267149.85015
While executing 'Script@11 :: Script':
  no 'from_device.reset' write handler
Rx rate: 270010   TxExt rate: 267933   TxInt rate: 267933
While executing 'Script@11 :: Script':
  no 'from_device.reset' write handler
Rx rate: 270920   TxExt rate: 268836   TxInt rate: 268836
While executing 'Script@11 :: Script':
  no 'from_device.reset' write handler
Rx rate: 272350   TxExt rate: 270255   TxInt rate: 270255
While executing 'Script@11 :: Script':
  no 'from_device.reset' write handler
Rx rate: 268580   TxExt rate: 266514   TxInt rate: 266514
While executing 'Script@11 :: Script':
  no 'from_device.reset' write handler
Rx rate: 269452   TxExt rate: 266641   TxInt rate: 266641
While executing 'Script@11 :: Script':
  no 'from_device.reset' write handler
Rx rate: 270994   TxExt rate: 268175   TxInt rate: 268175
While executing 'Script@11 :: Script':
  no 'from_device.reset' write handler
Rx rate: 271180   TxExt rate: 269094   TxInt rate: 269094
While executing 'Script@11 :: Script':
  no 'from_device.reset' write handler
Rx rate: 272090   TxExt rate: 269997   TxInt rate: 269997
While executing 'Script@11 :: Script':
  no 'from_device.reset' write handler
Rx rate: 270524   TxExt rate: 266962   TxInt rate: 266962
While executing 'Script@11 :: Script':
  no 'from_device.reset' write handler
Rx rate: 269870.12987   TxExt rate: 267794.205794   TxInt rate: 267794.205794
While executing 'Script@11 :: Script':
  no 'from_device.reset' write handler
Rx rate: 268060   TxExt rate: 265998   TxInt rate: 265998
While executing 'Script@11 :: Script':
  no 'from_device.reset' write handler
Rx rate: 267540   TxExt rate: 265482   TxInt rate: 265482
While executing 'Script@11 :: Script':
  no 'from_device.reset' write handler
Rx rate: 265980   TxExt rate: 263934   TxInt rate: 263934
While executing 'Script@11 :: Script':
  no 'from_device.reset' write handler
Rx rate: 266566   TxExt rate: 264514   TxInt rate: 264514
While executing 'Script@11 :: Script':
  no 'from_device.reset' write handler
Rx rate: 269394   TxExt rate: 266581   TxInt rate: 266581
While executing 'Script@11 :: Script':
  no 'from_device.reset' write handler
Rx rate: 261924   TxExt rate: 259182   TxInt rate: 259182
While executing 'Script@11 :: Script':
  no 'from_device.reset' write handler
Rx rate: 267020   TxExt rate: 264966   TxInt rate: 264966
While executing 'Script@11 :: Script':
  no 'from_device.reset' write handler
Rx rate: 265590   TxExt rate: 263547   TxInt rate: 263547
While executing 'Script@11 :: Script':
  no 'from_device.reset' write handler
Rx rate: 265590   TxExt rate: 263547   TxInt rate: 263547
While executing 'Script@11 :: Script':
  no 'from_device.reset' write handler
Rx rate: 269278   TxExt rate: 266466   TxInt rate: 266466
While executing 'Script@11 :: Script':
  no 'from_device.reset' write handler
Rx rate: 267410   TxExt rate: 265353   TxInt rate: 265353
While executing 'Script@11 :: Script':
  no 'from_device.reset' write handler
Rx rate: 264030   TxExt rate: 261999   TxInt rate: 261999
While executing 'Script@11 :: Script':
  no 'from_device.reset' write handler
Rx rate: 266493.506494   TxExt rate: 264443.556444   TxInt rate: 264443.556444
While executing 'Script@11 :: Script':
  no 'from_device.reset' write handler
Rx rate: 267012.987013   TxExt rate: 264959.040959   TxInt rate: 264959.040959
While executing 'Script@11 :: Script':
  no 'from_device.reset' write handler
Rx rate: 265864   TxExt rate: 263334   TxInt rate: 263334
While executing 'Script@11 :: Script':
  no 'from_device.reset' write handler
Rx rate: 269358   TxExt rate: 266548   TxInt rate: 266548
While executing 'Script@11 :: Script':
  no 'from_device.reset' write handler
Rx rate: 268181.818182   TxExt rate: 266118.881119   TxInt rate: 266118.881119
While executing 'Script@11 :: Script':
  no 'from_device.reset' write handler
Rx rate: 268190   TxExt rate: 266127   TxInt rate: 266127
While executing 'Script@11 :: Script':
  no 'from_device.reset' write handler
Rx rate: 267150   TxExt rate: 265095   TxInt rate: 265095
While executing 'Script@11 :: Script':
  no 'from_device.reset' write handler
Rx rate: 265281   TxExt rate: 262497   TxInt rate: 262497
While executing 'Script@11 :: Script':
  no 'from_device.reset' write handler
Rx rate: 262664   TxExt rate: 260645   TxInt rate: 260645
While executing 'Script@11 :: Script':
  no 'from_device.reset' write handler
Rx rate: 268320   TxExt rate: 266256   TxInt rate: 266256
While executing 'Script@11 :: Script':
  no 'from_device.reset' write handler
Rx rate: 266630   TxExt rate: 264579   TxInt rate: 264579
While executing 'Script@11 :: Script':
  no 'from_device.reset' write handler
Rx rate: 266500   TxExt rate: 264450   TxInt rate: 264450
While executing 'Script@11 :: Script':
  no 'from_device.reset' write handler
Rx rate: 267600   TxExt rate: 264802   TxInt rate: 264802
While executing 'Script@11 :: Script':
  no 'from_device.reset' write handler
Rx rate: 265421   TxExt rate: 262642   TxInt rate: 262642
While executing 'Script@11 :: Script':
  no 'from_device.reset' write handler
Rx rate: 266890   TxExt rate: 264837   TxInt rate: 264837
While executing 'Script@11 :: Script':
  no 'from_device.reset' write handler
Rx rate: 269350.649351   TxExt rate: 267278.721279   TxInt rate: 267278.721279
While executing 'Script@11 :: Script':
  no 'from_device.reset' write handler
Rx rate: 266363.636364   TxExt rate: 264314.685315   TxInt rate: 264314.685315
While executing 'Script@11 :: Script':
  no 'from_device.reset' write handler
Rx rate: 270559   TxExt rate: 266994   TxInt rate: 266994
While executing 'Script@11 :: Script':
  no 'from_device.reset' write handler
Rx rate: 266883.116883   TxExt rate: 264830.16983   TxInt rate: 264830.16983
While executing 'Script@11 :: Script':
  no 'from_device.reset' write handler
Rx rate: 264680   TxExt rate: 262644   TxInt rate: 262644
While executing 'Script@11 :: Script':
  no 'from_device.reset' write handler
Rx rate: 263250   TxExt rate: 261225   TxInt rate: 261225
While executing 'Script@11 :: Script':
  no 'from_device.reset' write handler
Rx rate: 266760   TxExt rate: 264708   TxInt rate: 264708
While executing 'Script@11 :: Script':
  no 'from_device.reset' write handler
Rx rate: 270786.213786   TxExt rate: 268220.779221   TxInt rate: 268220.779221
While executing 'Script@11 :: Script':
  no 'from_device.reset' write handler
Rx rate: 267237   TxExt rate: 264453   TxInt rate: 264453
While executing 'Script@11 :: Script':
  no 'from_device.reset' write handler
AUTOTEST_DONE
