SimpleQueue@7 :: SimpleQueue: overflow
Startup trace (nsec): main: 85393870557
Startup trace (nsec): init done: 85395205025
Rx rate: 223207.54717   TxExt rate: 221490.566038   TxInt rate: 221490.566038
While executing 'Script@11 :: Script':
  no 'from_device.reset' write handler
Rx rate: 228303   TxExt rate: 225809   TxInt rate: 225809
While executing 'Script@11 :: Script':
  no 'from_device.reset' write handler
Rx rate: 225876   TxExt rate: 224137   TxInt rate: 224137
While executing 'Script@11 :: Script':
  no 'from_device.reset' write handler
Rx rate: 228438.683948   TxExt rate: 226682.951147   TxInt rate: 226682.951147
While executing 'Script@11 :: Script':
  no 'from_device.reset' write handler
Rx rate: 228571.428571   TxExt rate: 226813.186813   TxInt rate: 226813.186813
While executing 'Script@11 :: Script':
  no 'from_device.reset' write handler
Rx rate: 229411.764706   TxExt rate: 227647.058824   TxInt rate: 227647.058824
While executing 'Script@11 :: Script':
  no 'from_device.reset' write handler
Rx rate: 228924.302789   TxExt rate: 227163.346614   TxInt rate: 227163.346614
While executing 'Script@11 :: Script':
  no 'from_device.reset' write handler
Rx rate: 228862.275449   TxExt rate: 227101.796407   TxInt rate: 227101.796407
While executing 'Script@11 :: Script':
  no 'from_device.reset' write handler
Rx rate: 228051.844467   TxExt rate: 226296.111665   TxInt rate: 226296.111665
While executing 'Script@11 :: Script':
  no 'from_device.reset' write handler
Rx rate: 229904   TxExt rate: 228137   TxInt rate: 228137
While executing 'Script@11 :: Script':
  no 'from_device.reset' write handler
Rx rate: 228233.766234   TxExt rate: 224256.743257   TxInt rate: 224256.743257
While executing 'Script@11 :: Script':
  no 'from_device.reset' write handler
Rx rate: 228824.175824   TxExt rate: 226322.677323   TxInt rate: 226322.677323
While executing 'Script@11 :: Script':
  no 'from_device.reset' write handler
Rx rate: 226980   TxExt rate: 225234   TxInt rate: 225234
While executing 'Script@11 :: Script':
  no 'from_device.reset' write handler
Rx rate: 227500   TxExt rate: 225750   TxInt rate: 225750
While executing 'Script@11 :: Script':
  no 'from_device.reset' write handler
Rx rate: 229090.909091   TxExt rate: 227328.671329   TxInt rate: 227328.671329
While executing 'Script@11 :: Script':
  no 'from_device.reset' write handler
Rx rate: 226850   TxExt rate: 225105   TxInt rate: 225105
While executing 'Script@11 :: Script':
  no 'from_device.reset' write handler
Rx rate: 228873   TxExt rate: 227367   TxInt rate: 227367
While executing 'Script@11 :: Script':
  no 'from_device.reset' write handler
Rx rate: 229320   TxExt rate: 227556   TxInt rate: 227556
While executing 'Script@11 :: Script':
  no 'from_device.reset' write handler
Rx rate: 229125   TxExt rate: 227363   TxInt rate: 227363
While executing 'Script@11 :: Script':
  no 'from_device.reset' write handler
Rx rate: 228735   TxExt rate: 226975   TxInt rate: 226975
While executing 'Script@11 :: Script':
  no 'from_device.reset' write handler
Rx rate: 231041   TxExt rate: 227063   TxInt rate: 227063
While executing 'Script@11 :: Script':
  no 'from_device.reset' write handler
Rx rate: 229188.811189   TxExt rate: 226684.315684   TxInt rate: 226684.315684
While executing 'Script@11 :: Script':
  no 'from_device.reset' write handler
Rx rate: 228734   TxExt rate: 226976   TxInt rate: 226976
While executing 'Script@11 :: Script':
  no 'from_device.reset' write handler
Rx rate: 228280   TxExt rate: 226524   TxInt rate: 226524
While executing 'Script@11 :: Script':
  no 'from_device.reset' write handler
Rx rate: 228181.818182   TxExt rate: 226426.573427   TxInt rate: 226426.573427
While executing 'Script@11 :: Script':
  no 'from_device.reset' write handler
Rx rate: 229190   TxExt rate: 227427   TxInt rate: 227427
While executing 'Script@11 :: Script':
  no 'from_device.reset' write handler
Rx rate: 229324   TxExt rate: 227814   TxInt rate: 227814
While executing 'Script@11 :: Script':
  no 'from_device.reset' write handler
Rx rate: 227402.597403   TxExt rate: 225653.346653   TxInt rate: 225653.346653
While executing 'Script@11 :: Script':
  no 'from_device.reset' write handler
Rx rate: 228441.558442   TxExt rate: 226684.315684   TxInt rate: 226684.315684
While executing 'Script@11 :: Script':
  no 'from_device.reset' write handler
Rx rate: 227240   TxExt rate: 225492   TxInt rate: 225492
While executing 'Script@11 :: Script':
  no 'from_device.reset' write handler
Rx rate: 229569   TxExt rate: 225861   TxInt rate: 225861
While executing 'Script@11 :: Script':
  no 'from_device.reset' write handler
Rx rate: 231076   TxExt rate: 228578   TxInt rate: 228578
While executing 'Script@11 :: Script':
  no 'from_device.reset' write handler
Rx rate: 229060   TxExt rate: 227298   TxInt rate: 227298
While executing 'Script@11 :: Script':
  no 'from_device.reset' write handler
Rx rate: 228996   TxExt rate: 227233   TxInt rate: 227233
While executing 'Script@11 :: Script':
  no 'from_device.reset' write handler
Rx rate: 225160   TxExt rate: 223428   TxInt rate: 223428
While executing 'Script@11 :: Script':
  no 'from_device.reset' write handler
Rx rate: 227434   TxExt rate: 225686   TxInt rate: 225686
While executing 'Script@11 :: Script':
  no 'from_device.reset' write handler
Rx rate: 228606   TxExt rate: 226846   TxInt rate: 226846
While executing 'Script@11 :: Script':
  no 'from_device.reset' write handler
Rx rate: 224510   TxExt rate: 222783   TxInt rate: 222783
While executing 'Script@11 :: Script':
  no 'from_device.reset' write handler
Rx rate: 227240   TxExt rate: 225492   TxInt rate: 225492
While executing 'Script@11 :: Script':
  no 'from_device.reset' write handler
Rx rate: 223404   TxExt rate: 221687   TxInt rate: 221687
While executing 'Script@11 :: Script':
  no 'from_device.reset' write handler
Rx rate: 225830   TxExt rate: 223352   TxInt rate: 223352
While executing 'Script@11 :: Script':
  no 'from_device.reset' write handler
Rx rate: 230683.316683   TxExt rate: 226735.264735   TxInt rate: 226735.264735
While executing 'Script@11 :: Script':
  no 'from_device.reset' write handler
Rx rate: 225324.675325   TxExt rate: 223591.408591   TxInt rate: 223591.408591
While executing 'Script@11 :: Script':
  no 'from_device.reset' write handler
Rx rate: 223442.557443   TxExt rate: 221722.277722   TxInt rate: 221722.277722
While executing 'Script@11 :: Script':
  no 'from_device.reset' write handler
Rx rate: 226980   TxExt rate: 225234   TxInt rate: 225234
While executing 'Script@11 :: Script':
  no 'from_device.reset' write handler
Rx rate: 228604   TxExt rate: 226847   TxInt rate: 226847
While executing 'Script@11 :: Script':
  no 'from_device.reset' write handler
Rx rate: 229591   TxExt rate: 228080   TxInt rate: 228080
While executing 'Script@11 :: Script':
  no 'from_device.reset' write handler
Rx rate: 226070   TxExt rate: 224331   TxInt rate: 224331
While executing 'Script@11 :: Script':
  no 'from_device.reset' write handler
Rx rate: 228116.883117   TxExt rate: 226361.638362   TxInt rate: 226361.638362
While executing 'Script@11 :: Script':
  no 'from_device.reset' write handler
Rx rate: 229775   TxExt rate: 228008   TxInt rate: 228008
While executing 'Script@11 :: Script':
  no 'from_device.reset' write handler
Rx rate: 231972   TxExt rate: 229446   TxInt rate: 229446
While executing 'Script@11 :: Script':
  no 'from_device.reset' write handler
Rx rate: 231886   TxExt rate: 228138   TxInt rate: 228138
While executing 'Script@11 :: Script':
  no 'from_device.reset' write handler
Rx rate: 228865   TxExt rate: 227105   TxInt rate: 227105
While executing 'Script@11 :: Script':
  no 'from_device.reset' write handler
Rx rate: 228735   TxExt rate: 226975   TxInt rate: 226975
While executing 'Script@11 :: Script':
  no 'from_device.reset' write handler
Rx rate: 226493.506494   TxExt rate: 224976   TxInt rate: 224976
While executing 'Script@11 :: Script':
  no 'from_device.reset' write handler
Rx rate: 221818.181818   TxExt rate: 220111.888112   TxInt rate: 220111.888112
While executing 'Script@11 :: Script':
  no 'from_device.reset' write handler
Rx rate: 228020   TxExt rate: 226266   TxInt rate: 226266
While executing 'Script@11 :: Script':
  no 'from_device.reset' write handler
Rx rate: 224510   TxExt rate: 222783   TxInt rate: 222783
While executing 'Script@11 :: Script':
  no 'from_device.reset' write handler
Rx rate: 227565   TxExt rate: 225815   TxInt rate: 225815
While executing 'Script@11 :: Script':
  no 'from_device.reset' write handler
Rx rate: 225355   TxExt rate: 223621   TxInt rate: 223621
While executing 'Script@11 :: Script':
  no 'from_device.reset' write handler
Rx rate: 229245   TxExt rate: 226745   TxInt rate: 226745
While executing 'Script@11 :: Script':
  no 'from_device.reset' write handler
Rx rate: 230289   TxExt rate: 226307   TxInt rate: 226307
While executing 'Script@11 :: Script':
  no 'from_device.reset' write handler
Rx rate: 229384   TxExt rate: 227621   TxInt rate: 227621
While executing 'Script@11 :: Script':
  no 'from_device.reset' write handler
Rx rate: 230556   TxExt rate: 228781   TxInt rate: 228781
While executing 'Script@11 :: Script':
  no 'from_device.reset' write handler
Rx rate: 228994   TxExt rate: 227234   TxInt rate: 227234
While executing 'Script@11 :: Script':
  no 'from_device.reset' write handler
Rx rate: 227760   TxExt rate: 226008   TxInt rate: 226008
While executing 'Script@11 :: Script':
  no 'from_device.reset' write handler
Rx rate: 227696   TxExt rate: 225943   TxInt rate: 225943
While executing 'Script@11 :: Script':
  no 'from_device.reset' write handler
Rx rate: 227754   TxExt rate: 226258   TxInt rate: 226258
While executing 'Script@11 :: Script':
  no 'from_device.reset' write handler
Rx rate: 228961.038961   TxExt rate: 227199.8002   TxInt rate: 227199.8002
While executing 'Script@11 :: Script':
  no 'from_device.reset' write handler
Rx rate: 227500   TxExt rate: 225750   TxInt rate: 225750
While executing 'Script@11 :: Script':
  no 'from_device.reset' write handler
Rx rate: 229984   TxExt rate: 227497   TxInt rate: 227497
While executing 'Script@11 :: Script':
  no 'from_device.reset' write handler
Rx rate: 225628   TxExt rate: 222411   TxInt rate: 222411
While executing 'Script@11 :: Script':
  no 'from_device.reset' write handler
AUTOTEST_DONE
