Startup trace (nsec): main: 161824107339
Startup trace (nsec): init done: 161827178825
Rx rate: 0
While executing 'Script@8 :: Script':
  no 'from.reset' write handler
Rx rate: 823809.917355
While executing 'Script@8 :: Script':
  no 'from.reset' write handler
Rx rate: 818189
While executing 'Script@8 :: Script':
  no 'from.reset' write handler
Rx rate: 818592
While executing 'Script@8 :: Script':
  no 'from.reset' write handler
Rx rate: 817783
While executing 'Script@8 :: Script':
  no 'from.reset' write handler
Rx rate: 818394
While executing 'Script@8 :: Script':
  no 'from.reset' write handler
Rx rate: 818755
While executing 'Script@8 :: Script':
  no 'from.reset' write handler
Rx rate: 818749
While executing 'Script@8 :: Script':
  no 'from.reset' write handler
Rx rate: 818679
While executing 'Script@8 :: Script':
  no 'from.reset' write handler
Rx rate: 816566
While executing 'Script@8 :: Script':
  no 'from.reset' write handler
Rx rate: 818664
While executing 'Script@8 :: Script':
  no 'from.reset' write handler
Rx rate: 817904.095904
While executing 'Script@8 :: Script':
  no 'from.reset' write handler
Rx rate: 818725
While executing 'Script@8 :: Script':
  no 'from.reset' write handler
Rx rate: 818390
While executing 'Script@8 :: Script':
  no 'from.reset' write handler
Rx rate: 817854
While executing 'Script@8 :: Script':
  no 'from.reset' write handler
Rx rate: 818025
While executing 'Script@8 :: Script':
  no 'from.reset' write handler
Rx rate: 818396
While executing 'Script@8 :: Script':
  no 'from.reset' write handler
Rx rate: 818764
While executing 'Script@8 :: Script':
  no 'from.reset' write handler
Rx rate: 817554.445554
While executing 'Script@8 :: Script':
  no 'from.reset' write handler
Rx rate: 818705
While executing 'Script@8 :: Script':
  no 'from.reset' write handler
Rx rate: 816901
While executing 'Script@8 :: Script':
  no 'from.reset' write handler
Rx rate: 818190
While executing 'Script@8 :: Script':
  no 'from.reset' write handler
Rx rate: 818611
While executing 'Script@8 :: Script':
  no 'from.reset' write handler
Rx rate: 818516
While executing 'Script@8 :: Script':
  no 'from.reset' write handler
Rx rate: 817758
While executing 'Script@8 :: Script':
  no 'from.reset' write handler
Rx rate: 816372
While executing 'Script@8 :: Script':
  no 'from.reset' write handler
Rx rate: 818384
While executing 'Script@8 :: Script':
  no 'from.reset' write handler
Rx rate: 818526
While executing 'Script@8 :: Script':
  no 'from.reset' write handler
Rx rate: 818680
While executing 'Script@8 :: Script':
  no 'from.reset' write handler
Rx rate: 818232
While executing 'Script@8 :: Script':
  no 'from.reset' write handler
Rx rate: 816353
While executing 'Script@8 :: Script':
  no 'from.reset' write handler
Rx rate: 818456
While executing 'Script@8 :: Script':
  no 'from.reset' write handler
Rx rate: 818526
While executing 'Script@8 :: Script':
  no 'from.reset' write handler
Rx rate: 818755
While executing 'Script@8 :: Script':
  no 'from.reset' write handler
Rx rate: 817939
While executing 'Script@8 :: Script':
  no 'from.reset' write handler
Rx rate: 818168
While executing 'Script@8 :: Script':
  no 'from.reset' write handler
Rx rate: 818402
While executing 'Script@8 :: Script':
  no 'from.reset' write handler
Rx rate: 818630
While executing 'Script@8 :: Script':
  no 'from.reset' write handler
Rx rate: 818584
While executing 'Script@8 :: Script':
  no 'from.reset' write handler
Rx rate: 818531
While executing 'Script@8 :: Script':
  no 'from.reset' write handler
Rx rate: 816493
While executing 'Script@8 :: Script':
  no 'from.reset' write handler
Rx rate: 817552.447552
While executing 'Script@8 :: Script':
  no 'from.reset' write handler
Rx rate: 818721
While executing 'Script@8 :: Script':
  no 'from.reset' write handler
Rx rate: 818643
While executing 'Script@8 :: Script':
  no 'from.reset' write handler
Rx rate: 817452
While executing 'Script@8 :: Script':
  no 'from.reset' write handler
Rx rate: 818074
While executing 'Script@8 :: Script':
  no 'from.reset' write handler
Rx rate: 818639
While executing 'Script@8 :: Script':
  no 'from.reset' write handler
Rx rate: 818672
While executing 'Script@8 :: Script':
  no 'from.reset' write handler
Rx rate: 818425
While executing 'Script@8 :: Script':
  no 'from.reset' write handler
Rx rate: 818508
While executing 'Script@8 :: Script':
  no 'from.reset' write handler
Rx rate: 816755
While executing 'Script@8 :: Script':
  no 'from.reset' write handler
Rx rate: 818530
While executing 'Script@8 :: Script':
  no 'from.reset' write handler
Rx rate: 818162
While executing 'Script@8 :: Script':
  no 'from.reset' write handler
Rx rate: 818583
While executing 'Script@8 :: Script':
  no 'from.reset' write handler
Rx rate: 817824
While executing 'Script@8 :: Script':
  no 'from.reset' write handler
Rx rate: 817317.682318
While executing 'Script@8 :: Script':
  no 'from.reset' write handler
Rx rate: 816823
While executing 'Script@8 :: Script':
  no 'from.reset' write handler
Rx rate: 818596
While executing 'Script@8 :: Script':
  no 'from.reset' write handler
Rx rate: 818671
While executing 'Script@8 :: Script':
  no 'from.reset' write handler
Rx rate: 818377
While executing 'Script@8 :: Script':
  no 'from.reset' write handler
Rx rate: 818738
While executing 'Script@8 :: Script':
  no 'from.reset' write handler
Rx rate: 816875
While executing 'Script@8 :: Script':
  no 'from.reset' write handler
Rx rate: 818563
While executing 'Script@8 :: Script':
  no 'from.reset' write handler
Rx rate: 818633
While executing 'Script@8 :: Script':
  no 'from.reset' write handler
Rx rate: 817571
While executing 'Script@8 :: Script':
  no 'from.reset' write handler
Rx rate: 817774
While executing 'Script@8 :: Script':
  no 'from.reset' write handler
Rx rate: 818371
While executing 'Script@8 :: Script':
  no 'from.reset' write handler
Rx rate: 818631
While executing 'Script@8 :: Script':
  no 'from.reset' write handler
Rx rate: 818256
While executing 'Script@8 :: Script':
  no 'from.reset' write handler
Rx rate: 818738
While executing 'Script@8 :: Script':
  no 'from.reset' write handler
Rx rate: 818586
While executing 'Script@8 :: Script':
  no 'from.reset' write handler
Rx rate: 816922
While executing 'Script@8 :: Script':
  no 'from.reset' write handler
Rx rate: 818612
While executing 'Script@8 :: Script':
  no 'from.reset' write handler
AUTOTEST_DONE
